ARM GAS  C:\Users\fneves\AppData\Local\Temp\ccwVfAd3.s 			page 1


   1              		.cpu cortex-m0plus
   2              		.fpu softvfp
   3              		.eabi_attribute 20, 1
   4              		.eabi_attribute 21, 1
   5              		.eabi_attribute 23, 3
   6              		.eabi_attribute 24, 1
   7              		.eabi_attribute 25, 1
   8              		.eabi_attribute 26, 1
   9              		.eabi_attribute 30, 6
  10              		.eabi_attribute 34, 0
  11              		.eabi_attribute 18, 4
  12              		.code	16
  13              		.file	"arm_cos_f32.c"
  14              		.text
  15              	.Ltext0:
  16              		.cfi_sections	.debug_frame
  17              		.global	__aeabi_fmul
  18              		.global	__aeabi_fadd
  19              		.global	__aeabi_f2iz
  20              		.global	__aeabi_fcmplt
  21              		.global	__aeabi_i2f
  22              		.global	__aeabi_fsub
  23              		.global	__aeabi_f2uiz
  24              		.global	__aeabi_ui2f
  25              		.section	.text.arm_cos_f32,"ax",%progbits
  26              		.align	2
  27              		.global	arm_cos_f32
  28              		.code	16
  29              		.thumb_func
  30              		.type	arm_cos_f32, %function
  31              	arm_cos_f32:
  32              	.LFB82:
  33              		.file 1 "Source\\FastMathFunctions\\arm_cos_f32.c"
   1:Source\FastMathFunctions/arm_cos_f32.c **** /* ----------------------------------------------------------------------
   2:Source\FastMathFunctions/arm_cos_f32.c ****  * Project:      CMSIS DSP Library
   3:Source\FastMathFunctions/arm_cos_f32.c ****  * Title:        arm_cos_f32.c
   4:Source\FastMathFunctions/arm_cos_f32.c ****  * Description:  Fast cosine calculation for floating-point values
   5:Source\FastMathFunctions/arm_cos_f32.c ****  *
   6:Source\FastMathFunctions/arm_cos_f32.c ****  * $Date:        27. January 2017
   7:Source\FastMathFunctions/arm_cos_f32.c ****  * $Revision:    V.1.5.1
   8:Source\FastMathFunctions/arm_cos_f32.c ****  *
   9:Source\FastMathFunctions/arm_cos_f32.c ****  * Target Processor: Cortex-M cores
  10:Source\FastMathFunctions/arm_cos_f32.c ****  * -------------------------------------------------------------------- */
  11:Source\FastMathFunctions/arm_cos_f32.c **** /*
  12:Source\FastMathFunctions/arm_cos_f32.c ****  * Copyright (C) 2010-2017 ARM Limited or its affiliates. All rights reserved.
  13:Source\FastMathFunctions/arm_cos_f32.c ****  *
  14:Source\FastMathFunctions/arm_cos_f32.c ****  * SPDX-License-Identifier: Apache-2.0
  15:Source\FastMathFunctions/arm_cos_f32.c ****  *
  16:Source\FastMathFunctions/arm_cos_f32.c ****  * Licensed under the Apache License, Version 2.0 (the License); you may
  17:Source\FastMathFunctions/arm_cos_f32.c ****  * not use this file except in compliance with the License.
  18:Source\FastMathFunctions/arm_cos_f32.c ****  * You may obtain a copy of the License at
  19:Source\FastMathFunctions/arm_cos_f32.c ****  *
  20:Source\FastMathFunctions/arm_cos_f32.c ****  * www.apache.org/licenses/LICENSE-2.0
  21:Source\FastMathFunctions/arm_cos_f32.c ****  *
  22:Source\FastMathFunctions/arm_cos_f32.c ****  * Unless required by applicable law or agreed to in writing, software
  23:Source\FastMathFunctions/arm_cos_f32.c ****  * distributed under the License is distributed on an AS IS BASIS, WITHOUT
  24:Source\FastMathFunctions/arm_cos_f32.c ****  * WARRANTIES OR CONDITIONS OF ANY KIND, either express or implied.
ARM GAS  C:\Users\fneves\AppData\Local\Temp\ccwVfAd3.s 			page 2


  25:Source\FastMathFunctions/arm_cos_f32.c ****  * See the License for the specific language governing permissions and
  26:Source\FastMathFunctions/arm_cos_f32.c ****  * limitations under the License.
  27:Source\FastMathFunctions/arm_cos_f32.c ****  */
  28:Source\FastMathFunctions/arm_cos_f32.c **** 
  29:Source\FastMathFunctions/arm_cos_f32.c **** #include "arm_math.h"
  30:Source\FastMathFunctions/arm_cos_f32.c **** #include "arm_common_tables.h"
  31:Source\FastMathFunctions/arm_cos_f32.c **** /**
  32:Source\FastMathFunctions/arm_cos_f32.c ****  * @ingroup groupFastMath
  33:Source\FastMathFunctions/arm_cos_f32.c ****  */
  34:Source\FastMathFunctions/arm_cos_f32.c **** 
  35:Source\FastMathFunctions/arm_cos_f32.c **** /**
  36:Source\FastMathFunctions/arm_cos_f32.c ****  * @defgroup cos Cosine
  37:Source\FastMathFunctions/arm_cos_f32.c ****  *
  38:Source\FastMathFunctions/arm_cos_f32.c ****  * Computes the trigonometric cosine function using a combination of table lookup
  39:Source\FastMathFunctions/arm_cos_f32.c ****  * and linear interpolation.  There are separate functions for
  40:Source\FastMathFunctions/arm_cos_f32.c ****  * Q15, Q31, and floating-point data types.
  41:Source\FastMathFunctions/arm_cos_f32.c ****  * The input to the floating-point version is in radians while the
  42:Source\FastMathFunctions/arm_cos_f32.c ****  * fixed-point Q15 and Q31 have a scaled input with the range
  43:Source\FastMathFunctions/arm_cos_f32.c ****  * [0 +0.9999] mapping to [0 2*pi).  The fixed-point range is chosen so that a
  44:Source\FastMathFunctions/arm_cos_f32.c ****  * value of 2*pi wraps around to 0.
  45:Source\FastMathFunctions/arm_cos_f32.c ****  *
  46:Source\FastMathFunctions/arm_cos_f32.c ****  * The implementation is based on table lookup using 256 values together with linear interpolation.
  47:Source\FastMathFunctions/arm_cos_f32.c ****  * The steps used are:
  48:Source\FastMathFunctions/arm_cos_f32.c ****  *  -# Calculation of the nearest integer table index
  49:Source\FastMathFunctions/arm_cos_f32.c ****  *  -# Compute the fractional portion (fract) of the table index.
  50:Source\FastMathFunctions/arm_cos_f32.c ****  *  -# The final result equals <code>(1.0f-fract)*a + fract*b;</code>
  51:Source\FastMathFunctions/arm_cos_f32.c ****  *
  52:Source\FastMathFunctions/arm_cos_f32.c ****  * where
  53:Source\FastMathFunctions/arm_cos_f32.c ****  * <pre>
  54:Source\FastMathFunctions/arm_cos_f32.c ****  *    b=Table[index+0];
  55:Source\FastMathFunctions/arm_cos_f32.c ****  *    c=Table[index+1];
  56:Source\FastMathFunctions/arm_cos_f32.c ****  * </pre>
  57:Source\FastMathFunctions/arm_cos_f32.c ****  */
  58:Source\FastMathFunctions/arm_cos_f32.c **** 
  59:Source\FastMathFunctions/arm_cos_f32.c ****  /**
  60:Source\FastMathFunctions/arm_cos_f32.c ****  * @addtogroup cos
  61:Source\FastMathFunctions/arm_cos_f32.c ****  * @{
  62:Source\FastMathFunctions/arm_cos_f32.c ****  */
  63:Source\FastMathFunctions/arm_cos_f32.c **** 
  64:Source\FastMathFunctions/arm_cos_f32.c **** /**
  65:Source\FastMathFunctions/arm_cos_f32.c ****  * @brief  Fast approximation to the trigonometric cosine function for floating-point data.
  66:Source\FastMathFunctions/arm_cos_f32.c ****  * @param[in] x input value in radians.
  67:Source\FastMathFunctions/arm_cos_f32.c ****  * @return cos(x).
  68:Source\FastMathFunctions/arm_cos_f32.c ****  */
  69:Source\FastMathFunctions/arm_cos_f32.c **** 
  70:Source\FastMathFunctions/arm_cos_f32.c **** float32_t arm_cos_f32(
  71:Source\FastMathFunctions/arm_cos_f32.c ****   float32_t x)
  72:Source\FastMathFunctions/arm_cos_f32.c **** {
  34              		.loc 1 72 0
  35              		.cfi_startproc
  36 0000 90B5     		push	{r4, r7, lr}
  37              		.cfi_def_cfa_offset 12
  38              		.cfi_offset 4, -12
  39              		.cfi_offset 7, -8
  40              		.cfi_offset 14, -4
  41 0002 8BB0     		sub	sp, sp, #44
  42              		.cfi_def_cfa_offset 56
ARM GAS  C:\Users\fneves\AppData\Local\Temp\ccwVfAd3.s 			page 3


  43 0004 00AF     		add	r7, sp, #0
  44              		.cfi_def_cfa_register 7
  45 0006 7860     		str	r0, [r7, #4]
  73:Source\FastMathFunctions/arm_cos_f32.c ****   float32_t cosVal, fract, in;                   /* Temporary variables for input, output */
  74:Source\FastMathFunctions/arm_cos_f32.c ****   uint16_t index;                                /* Index variable */
  75:Source\FastMathFunctions/arm_cos_f32.c ****   float32_t a, b;                                /* Two nearest output values */
  76:Source\FastMathFunctions/arm_cos_f32.c ****   int32_t n;
  77:Source\FastMathFunctions/arm_cos_f32.c ****   float32_t findex;
  78:Source\FastMathFunctions/arm_cos_f32.c **** 
  79:Source\FastMathFunctions/arm_cos_f32.c ****   /* input x is in radians */
  80:Source\FastMathFunctions/arm_cos_f32.c ****   /* Scale the input to [0 1] range from [0 2*PI] , divide input by 2*pi, add 0.25 (pi/2) to read s
  81:Source\FastMathFunctions/arm_cos_f32.c ****   in = x * 0.159154943092f + 0.25f;
  46              		.loc 1 81 0
  47 0008 7868     		ldr	r0, [r7, #4]
  48 000a 3649     		ldr	r1, .L6
  49 000c FFF7FEFF 		bl	__aeabi_fmul
  50 0010 031C     		add	r3, r0, #0
  51 0012 181C     		add	r0, r3, #0
  52 0014 FA21     		mov	r1, #250
  53 0016 8905     		lsl	r1, r1, #22
  54 0018 FFF7FEFF 		bl	__aeabi_fadd
  55 001c 031C     		add	r3, r0, #0
  56 001e 3B62     		str	r3, [r7, #32]
  82:Source\FastMathFunctions/arm_cos_f32.c **** 
  83:Source\FastMathFunctions/arm_cos_f32.c ****   /* Calculation of floor value of input */
  84:Source\FastMathFunctions/arm_cos_f32.c ****   n = (int32_t) in;
  57              		.loc 1 84 0
  58 0020 386A     		ldr	r0, [r7, #32]
  59 0022 FFF7FEFF 		bl	__aeabi_f2iz
  60 0026 031C     		mov	r3, r0
  61 0028 7B62     		str	r3, [r7, #36]
  85:Source\FastMathFunctions/arm_cos_f32.c **** 
  86:Source\FastMathFunctions/arm_cos_f32.c ****   /* Make negative values towards -infinity */
  87:Source\FastMathFunctions/arm_cos_f32.c ****   if (in < 0.0f)
  62              		.loc 1 87 0
  63 002a 386A     		ldr	r0, [r7, #32]
  64 002c 0021     		mov	r1, #0
  65 002e FFF7FEFF 		bl	__aeabi_fcmplt
  66 0032 031E     		sub	r3, r0, #0
  67 0034 02D0     		beq	.L2
  88:Source\FastMathFunctions/arm_cos_f32.c ****   {
  89:Source\FastMathFunctions/arm_cos_f32.c ****     n--;
  68              		.loc 1 89 0
  69 0036 7B6A     		ldr	r3, [r7, #36]
  70 0038 013B     		sub	r3, r3, #1
  71 003a 7B62     		str	r3, [r7, #36]
  72              	.L2:
  90:Source\FastMathFunctions/arm_cos_f32.c ****   }
  91:Source\FastMathFunctions/arm_cos_f32.c **** 
  92:Source\FastMathFunctions/arm_cos_f32.c ****   /* Map input value to [0 1] */
  93:Source\FastMathFunctions/arm_cos_f32.c ****   in = in - (float32_t) n;
  73              		.loc 1 93 0
  74 003c 786A     		ldr	r0, [r7, #36]
  75 003e FFF7FEFF 		bl	__aeabi_i2f
  76 0042 031C     		add	r3, r0, #0
  77 0044 386A     		ldr	r0, [r7, #32]
  78 0046 191C     		add	r1, r3, #0
ARM GAS  C:\Users\fneves\AppData\Local\Temp\ccwVfAd3.s 			page 4


  79 0048 FFF7FEFF 		bl	__aeabi_fsub
  80 004c 031C     		add	r3, r0, #0
  81 004e 3B62     		str	r3, [r7, #32]
  94:Source\FastMathFunctions/arm_cos_f32.c **** 
  95:Source\FastMathFunctions/arm_cos_f32.c ****   /* Calculation of index of the table */
  96:Source\FastMathFunctions/arm_cos_f32.c ****   findex = (float32_t) FAST_MATH_TABLE_SIZE * in;
  82              		.loc 1 96 0
  83 0050 386A     		ldr	r0, [r7, #32]
  84 0052 8821     		mov	r1, #136
  85 0054 C905     		lsl	r1, r1, #23
  86 0056 FFF7FEFF 		bl	__aeabi_fmul
  87 005a 031C     		add	r3, r0, #0
  88 005c FB61     		str	r3, [r7, #28]
  97:Source\FastMathFunctions/arm_cos_f32.c ****   index = ((uint16_t)findex) & 0x1ff;
  89              		.loc 1 97 0
  90 005e F869     		ldr	r0, [r7, #28]
  91 0060 FFF7FEFF 		bl	__aeabi_f2uiz
  92 0064 031C     		mov	r3, r0
  93 0066 9AB2     		uxth	r2, r3
  94 0068 1A23     		mov	r3, #26
  95 006a FB18     		add	r3, r7, r3
  96 006c D205     		lsl	r2, r2, #23
  97 006e D20D     		lsr	r2, r2, #23
  98 0070 1A80     		strh	r2, [r3]
  98:Source\FastMathFunctions/arm_cos_f32.c **** 
  99:Source\FastMathFunctions/arm_cos_f32.c ****   /* fractional value calculation */
 100:Source\FastMathFunctions/arm_cos_f32.c ****   fract = findex - (float32_t) index;
  99              		.loc 1 100 0
 100 0072 1A23     		mov	r3, #26
 101 0074 FB18     		add	r3, r7, r3
 102 0076 1B88     		ldrh	r3, [r3]
 103 0078 181C     		mov	r0, r3
 104 007a FFF7FEFF 		bl	__aeabi_ui2f
 105 007e 031C     		add	r3, r0, #0
 106 0080 F869     		ldr	r0, [r7, #28]
 107 0082 191C     		add	r1, r3, #0
 108 0084 FFF7FEFF 		bl	__aeabi_fsub
 109 0088 031C     		add	r3, r0, #0
 110 008a 7B61     		str	r3, [r7, #20]
 101:Source\FastMathFunctions/arm_cos_f32.c **** 
 102:Source\FastMathFunctions/arm_cos_f32.c ****   /* Read two nearest values of input value from the cos table */
 103:Source\FastMathFunctions/arm_cos_f32.c ****   a = sinTable_f32[index];
 111              		.loc 1 103 0
 112 008c 1A23     		mov	r3, #26
 113 008e FB18     		add	r3, r7, r3
 114 0090 1A88     		ldrh	r2, [r3]
 115 0092 154B     		ldr	r3, .L6+4
 116 0094 9200     		lsl	r2, r2, #2
 117 0096 D358     		ldr	r3, [r2, r3]
 118 0098 3B61     		str	r3, [r7, #16]
 104:Source\FastMathFunctions/arm_cos_f32.c ****   b = sinTable_f32[index+1];
 119              		.loc 1 104 0
 120 009a 1A23     		mov	r3, #26
 121 009c FB18     		add	r3, r7, r3
 122 009e 1B88     		ldrh	r3, [r3]
 123 00a0 5A1C     		add	r2, r3, #1
 124 00a2 114B     		ldr	r3, .L6+4
ARM GAS  C:\Users\fneves\AppData\Local\Temp\ccwVfAd3.s 			page 5


 125 00a4 9200     		lsl	r2, r2, #2
 126 00a6 D358     		ldr	r3, [r2, r3]
 127 00a8 FB60     		str	r3, [r7, #12]
 105:Source\FastMathFunctions/arm_cos_f32.c **** 
 106:Source\FastMathFunctions/arm_cos_f32.c ****   /* Linear interpolation process */
 107:Source\FastMathFunctions/arm_cos_f32.c ****   cosVal = (1.0f-fract)*a + fract*b;
 128              		.loc 1 107 0
 129 00aa FE20     		mov	r0, #254
 130 00ac 8005     		lsl	r0, r0, #22
 131 00ae 7969     		ldr	r1, [r7, #20]
 132 00b0 FFF7FEFF 		bl	__aeabi_fsub
 133 00b4 031C     		add	r3, r0, #0
 134 00b6 181C     		add	r0, r3, #0
 135 00b8 3969     		ldr	r1, [r7, #16]
 136 00ba FFF7FEFF 		bl	__aeabi_fmul
 137 00be 031C     		add	r3, r0, #0
 138 00c0 1C1C     		add	r4, r3, #0
 139 00c2 7869     		ldr	r0, [r7, #20]
 140 00c4 F968     		ldr	r1, [r7, #12]
 141 00c6 FFF7FEFF 		bl	__aeabi_fmul
 142 00ca 031C     		add	r3, r0, #0
 143 00cc 201C     		add	r0, r4, #0
 144 00ce 191C     		add	r1, r3, #0
 145 00d0 FFF7FEFF 		bl	__aeabi_fadd
 146 00d4 031C     		add	r3, r0, #0
 147 00d6 BB60     		str	r3, [r7, #8]
 108:Source\FastMathFunctions/arm_cos_f32.c **** 
 109:Source\FastMathFunctions/arm_cos_f32.c ****   /* Return the output value */
 110:Source\FastMathFunctions/arm_cos_f32.c ****   return (cosVal);
 148              		.loc 1 110 0
 149 00d8 BB68     		ldr	r3, [r7, #8]
 111:Source\FastMathFunctions/arm_cos_f32.c **** }
 150              		.loc 1 111 0
 151 00da 181C     		add	r0, r3, #0
 152 00dc BD46     		mov	sp, r7
 153 00de 0BB0     		add	sp, sp, #44
 154              		@ sp needed
 155 00e0 90BD     		pop	{r4, r7, pc}
 156              	.L7:
 157 00e2 C046     		.align	2
 158              	.L6:
 159 00e4 83F9223E 		.word	1042479491
 160 00e8 00000000 		.word	sinTable_f32
 161              		.cfi_endproc
 162              	.LFE82:
 163              		.size	arm_cos_f32, .-arm_cos_f32
 164              		.text
 165              	.Letext0:
 166              		.file 2 "c:\\program files (x86)\\cypress\\psoc creator\\4.0\\psoc creator\\import\\gnu\\arm\\4.9.
 167              		.file 3 "c:\\program files (x86)\\cypress\\psoc creator\\4.0\\psoc creator\\import\\gnu\\arm\\4.9.
 168              		.file 4 ".\\Include/arm_math.h"
 169              		.file 5 ".\\Include/arm_common_tables.h"
 170              		.section	.debug_info,"",%progbits
 171              	.Ldebug_info0:
 172 0000 73010000 		.4byte	0x173
 173 0004 0400     		.2byte	0x4
 174 0006 00000000 		.4byte	.Ldebug_abbrev0
ARM GAS  C:\Users\fneves\AppData\Local\Temp\ccwVfAd3.s 			page 6


 175 000a 04       		.byte	0x4
 176 000b 01       		.uleb128 0x1
 177 000c FD000000 		.4byte	.LASF23
 178 0010 01       		.byte	0x1
 179 0011 50000000 		.4byte	.LASF24
 180 0015 0A000000 		.4byte	.LASF25
 181 0019 00000000 		.4byte	.Ldebug_ranges0+0
 182 001d 00000000 		.4byte	0
 183 0021 00000000 		.4byte	.Ldebug_line0
 184 0025 02       		.uleb128 0x2
 185 0026 01       		.byte	0x1
 186 0027 06       		.byte	0x6
 187 0028 F5010000 		.4byte	.LASF0
 188 002c 02       		.uleb128 0x2
 189 002d 01       		.byte	0x1
 190 002e 08       		.byte	0x8
 191 002f 7D000000 		.4byte	.LASF1
 192 0033 02       		.uleb128 0x2
 193 0034 02       		.byte	0x2
 194 0035 05       		.byte	0x5
 195 0036 CD010000 		.4byte	.LASF2
 196 003a 03       		.uleb128 0x3
 197 003b B0000000 		.4byte	.LASF4
 198 003f 02       		.byte	0x2
 199 0040 2B       		.byte	0x2b
 200 0041 45000000 		.4byte	0x45
 201 0045 02       		.uleb128 0x2
 202 0046 02       		.byte	0x2
 203 0047 07       		.byte	0x7
 204 0048 9D000000 		.4byte	.LASF3
 205 004c 03       		.uleb128 0x3
 206 004d 00000000 		.4byte	.LASF5
 207 0051 02       		.byte	0x2
 208 0052 3F       		.byte	0x3f
 209 0053 57000000 		.4byte	0x57
 210 0057 02       		.uleb128 0x2
 211 0058 04       		.byte	0x4
 212 0059 05       		.byte	0x5
 213 005a E0010000 		.4byte	.LASF6
 214 005e 02       		.uleb128 0x2
 215 005f 04       		.byte	0x4
 216 0060 07       		.byte	0x7
 217 0061 8B000000 		.4byte	.LASF7
 218 0065 02       		.uleb128 0x2
 219 0066 08       		.byte	0x8
 220 0067 05       		.byte	0x5
 221 0068 A0010000 		.4byte	.LASF8
 222 006c 02       		.uleb128 0x2
 223 006d 08       		.byte	0x8
 224 006e 07       		.byte	0x7
 225 006f E6000000 		.4byte	.LASF9
 226 0073 04       		.uleb128 0x4
 227 0074 04       		.byte	0x4
 228 0075 05       		.byte	0x5
 229 0076 696E7400 		.ascii	"int\000"
 230 007a 02       		.uleb128 0x2
 231 007b 04       		.byte	0x4
ARM GAS  C:\Users\fneves\AppData\Local\Temp\ccwVfAd3.s 			page 7


 232 007c 07       		.byte	0x7
 233 007d CC000000 		.4byte	.LASF10
 234 0081 03       		.uleb128 0x3
 235 0082 D7010000 		.4byte	.LASF11
 236 0086 03       		.byte	0x3
 237 0087 21       		.byte	0x21
 238 0088 3A000000 		.4byte	0x3a
 239 008c 03       		.uleb128 0x3
 240 008d 8F010000 		.4byte	.LASF12
 241 0091 03       		.byte	0x3
 242 0092 2C       		.byte	0x2c
 243 0093 4C000000 		.4byte	0x4c
 244 0097 02       		.uleb128 0x2
 245 0098 04       		.byte	0x4
 246 0099 07       		.byte	0x7
 247 009a 97010000 		.4byte	.LASF13
 248 009e 02       		.uleb128 0x2
 249 009f 01       		.byte	0x1
 250 00a0 08       		.byte	0x8
 251 00a1 AE010000 		.4byte	.LASF14
 252 00a5 02       		.uleb128 0x2
 253 00a6 08       		.byte	0x8
 254 00a7 04       		.byte	0x4
 255 00a8 BB000000 		.4byte	.LASF15
 256 00ac 02       		.uleb128 0x2
 257 00ad 04       		.byte	0x4
 258 00ae 04       		.byte	0x4
 259 00af 77000000 		.4byte	.LASF16
 260 00b3 02       		.uleb128 0x2
 261 00b4 08       		.byte	0x8
 262 00b5 04       		.byte	0x4
 263 00b6 E9010000 		.4byte	.LASF17
 264 00ba 05       		.uleb128 0x5
 265 00bb C2000000 		.4byte	.LASF18
 266 00bf 04       		.byte	0x4
 267 00c0 A501     		.2byte	0x1a5
 268 00c2 AC000000 		.4byte	0xac
 269 00c6 06       		.uleb128 0x6
 270 00c7 01020000 		.4byte	.LASF26
 271 00cb 01       		.byte	0x1
 272 00cc 46       		.byte	0x46
 273 00cd BA000000 		.4byte	0xba
 274 00d1 00000000 		.4byte	.LFB82
 275 00d5 EC000000 		.4byte	.LFE82-.LFB82
 276 00d9 01       		.uleb128 0x1
 277 00da 9C       		.byte	0x9c
 278 00db 55010000 		.4byte	0x155
 279 00df 07       		.uleb128 0x7
 280 00e0 7800     		.ascii	"x\000"
 281 00e2 01       		.byte	0x1
 282 00e3 47       		.byte	0x47
 283 00e4 BA000000 		.4byte	0xba
 284 00e8 02       		.uleb128 0x2
 285 00e9 91       		.byte	0x91
 286 00ea 4C       		.sleb128 -52
 287 00eb 08       		.uleb128 0x8
 288 00ec C6010000 		.4byte	.LASF19
ARM GAS  C:\Users\fneves\AppData\Local\Temp\ccwVfAd3.s 			page 8


 289 00f0 01       		.byte	0x1
 290 00f1 49       		.byte	0x49
 291 00f2 BA000000 		.4byte	0xba
 292 00f6 02       		.uleb128 0x2
 293 00f7 91       		.byte	0x91
 294 00f8 50       		.sleb128 -48
 295 00f9 08       		.uleb128 0x8
 296 00fa B3010000 		.4byte	.LASF20
 297 00fe 01       		.byte	0x1
 298 00ff 49       		.byte	0x49
 299 0100 BA000000 		.4byte	0xba
 300 0104 02       		.uleb128 0x2
 301 0105 91       		.byte	0x91
 302 0106 5C       		.sleb128 -36
 303 0107 09       		.uleb128 0x9
 304 0108 696E00   		.ascii	"in\000"
 305 010b 01       		.byte	0x1
 306 010c 49       		.byte	0x49
 307 010d BA000000 		.4byte	0xba
 308 0111 02       		.uleb128 0x2
 309 0112 91       		.byte	0x91
 310 0113 68       		.sleb128 -24
 311 0114 08       		.uleb128 0x8
 312 0115 B9010000 		.4byte	.LASF21
 313 0119 01       		.byte	0x1
 314 011a 4A       		.byte	0x4a
 315 011b 81000000 		.4byte	0x81
 316 011f 02       		.uleb128 0x2
 317 0120 91       		.byte	0x91
 318 0121 62       		.sleb128 -30
 319 0122 09       		.uleb128 0x9
 320 0123 6100     		.ascii	"a\000"
 321 0125 01       		.byte	0x1
 322 0126 4B       		.byte	0x4b
 323 0127 BA000000 		.4byte	0xba
 324 012b 02       		.uleb128 0x2
 325 012c 91       		.byte	0x91
 326 012d 58       		.sleb128 -40
 327 012e 09       		.uleb128 0x9
 328 012f 6200     		.ascii	"b\000"
 329 0131 01       		.byte	0x1
 330 0132 4B       		.byte	0x4b
 331 0133 BA000000 		.4byte	0xba
 332 0137 02       		.uleb128 0x2
 333 0138 91       		.byte	0x91
 334 0139 54       		.sleb128 -44
 335 013a 09       		.uleb128 0x9
 336 013b 6E00     		.ascii	"n\000"
 337 013d 01       		.byte	0x1
 338 013e 4C       		.byte	0x4c
 339 013f 8C000000 		.4byte	0x8c
 340 0143 02       		.uleb128 0x2
 341 0144 91       		.byte	0x91
 342 0145 6C       		.sleb128 -20
 343 0146 08       		.uleb128 0x8
 344 0147 BF010000 		.4byte	.LASF22
 345 014b 01       		.byte	0x1
ARM GAS  C:\Users\fneves\AppData\Local\Temp\ccwVfAd3.s 			page 9


 346 014c 4D       		.byte	0x4d
 347 014d BA000000 		.4byte	0xba
 348 0151 02       		.uleb128 0x2
 349 0152 91       		.byte	0x91
 350 0153 64       		.sleb128 -28
 351 0154 00       		.byte	0
 352 0155 0A       		.uleb128 0xa
 353 0156 BA000000 		.4byte	0xba
 354 015a 66010000 		.4byte	0x166
 355 015e 0B       		.uleb128 0xb
 356 015f 97000000 		.4byte	0x97
 357 0163 0002     		.2byte	0x200
 358 0165 00       		.byte	0
 359 0166 0C       		.uleb128 0xc
 360 0167 D9000000 		.4byte	.LASF27
 361 016b 05       		.byte	0x5
 362 016c 75       		.byte	0x75
 363 016d 71010000 		.4byte	0x171
 364 0171 0D       		.uleb128 0xd
 365 0172 55010000 		.4byte	0x155
 366 0176 00       		.byte	0
 367              		.section	.debug_abbrev,"",%progbits
 368              	.Ldebug_abbrev0:
 369 0000 01       		.uleb128 0x1
 370 0001 11       		.uleb128 0x11
 371 0002 01       		.byte	0x1
 372 0003 25       		.uleb128 0x25
 373 0004 0E       		.uleb128 0xe
 374 0005 13       		.uleb128 0x13
 375 0006 0B       		.uleb128 0xb
 376 0007 03       		.uleb128 0x3
 377 0008 0E       		.uleb128 0xe
 378 0009 1B       		.uleb128 0x1b
 379 000a 0E       		.uleb128 0xe
 380 000b 55       		.uleb128 0x55
 381 000c 17       		.uleb128 0x17
 382 000d 11       		.uleb128 0x11
 383 000e 01       		.uleb128 0x1
 384 000f 10       		.uleb128 0x10
 385 0010 17       		.uleb128 0x17
 386 0011 00       		.byte	0
 387 0012 00       		.byte	0
 388 0013 02       		.uleb128 0x2
 389 0014 24       		.uleb128 0x24
 390 0015 00       		.byte	0
 391 0016 0B       		.uleb128 0xb
 392 0017 0B       		.uleb128 0xb
 393 0018 3E       		.uleb128 0x3e
 394 0019 0B       		.uleb128 0xb
 395 001a 03       		.uleb128 0x3
 396 001b 0E       		.uleb128 0xe
 397 001c 00       		.byte	0
 398 001d 00       		.byte	0
 399 001e 03       		.uleb128 0x3
 400 001f 16       		.uleb128 0x16
 401 0020 00       		.byte	0
 402 0021 03       		.uleb128 0x3
ARM GAS  C:\Users\fneves\AppData\Local\Temp\ccwVfAd3.s 			page 10


 403 0022 0E       		.uleb128 0xe
 404 0023 3A       		.uleb128 0x3a
 405 0024 0B       		.uleb128 0xb
 406 0025 3B       		.uleb128 0x3b
 407 0026 0B       		.uleb128 0xb
 408 0027 49       		.uleb128 0x49
 409 0028 13       		.uleb128 0x13
 410 0029 00       		.byte	0
 411 002a 00       		.byte	0
 412 002b 04       		.uleb128 0x4
 413 002c 24       		.uleb128 0x24
 414 002d 00       		.byte	0
 415 002e 0B       		.uleb128 0xb
 416 002f 0B       		.uleb128 0xb
 417 0030 3E       		.uleb128 0x3e
 418 0031 0B       		.uleb128 0xb
 419 0032 03       		.uleb128 0x3
 420 0033 08       		.uleb128 0x8
 421 0034 00       		.byte	0
 422 0035 00       		.byte	0
 423 0036 05       		.uleb128 0x5
 424 0037 16       		.uleb128 0x16
 425 0038 00       		.byte	0
 426 0039 03       		.uleb128 0x3
 427 003a 0E       		.uleb128 0xe
 428 003b 3A       		.uleb128 0x3a
 429 003c 0B       		.uleb128 0xb
 430 003d 3B       		.uleb128 0x3b
 431 003e 05       		.uleb128 0x5
 432 003f 49       		.uleb128 0x49
 433 0040 13       		.uleb128 0x13
 434 0041 00       		.byte	0
 435 0042 00       		.byte	0
 436 0043 06       		.uleb128 0x6
 437 0044 2E       		.uleb128 0x2e
 438 0045 01       		.byte	0x1
 439 0046 3F       		.uleb128 0x3f
 440 0047 19       		.uleb128 0x19
 441 0048 03       		.uleb128 0x3
 442 0049 0E       		.uleb128 0xe
 443 004a 3A       		.uleb128 0x3a
 444 004b 0B       		.uleb128 0xb
 445 004c 3B       		.uleb128 0x3b
 446 004d 0B       		.uleb128 0xb
 447 004e 27       		.uleb128 0x27
 448 004f 19       		.uleb128 0x19
 449 0050 49       		.uleb128 0x49
 450 0051 13       		.uleb128 0x13
 451 0052 11       		.uleb128 0x11
 452 0053 01       		.uleb128 0x1
 453 0054 12       		.uleb128 0x12
 454 0055 06       		.uleb128 0x6
 455 0056 40       		.uleb128 0x40
 456 0057 18       		.uleb128 0x18
 457 0058 9642     		.uleb128 0x2116
 458 005a 19       		.uleb128 0x19
 459 005b 01       		.uleb128 0x1
ARM GAS  C:\Users\fneves\AppData\Local\Temp\ccwVfAd3.s 			page 11


 460 005c 13       		.uleb128 0x13
 461 005d 00       		.byte	0
 462 005e 00       		.byte	0
 463 005f 07       		.uleb128 0x7
 464 0060 05       		.uleb128 0x5
 465 0061 00       		.byte	0
 466 0062 03       		.uleb128 0x3
 467 0063 08       		.uleb128 0x8
 468 0064 3A       		.uleb128 0x3a
 469 0065 0B       		.uleb128 0xb
 470 0066 3B       		.uleb128 0x3b
 471 0067 0B       		.uleb128 0xb
 472 0068 49       		.uleb128 0x49
 473 0069 13       		.uleb128 0x13
 474 006a 02       		.uleb128 0x2
 475 006b 18       		.uleb128 0x18
 476 006c 00       		.byte	0
 477 006d 00       		.byte	0
 478 006e 08       		.uleb128 0x8
 479 006f 34       		.uleb128 0x34
 480 0070 00       		.byte	0
 481 0071 03       		.uleb128 0x3
 482 0072 0E       		.uleb128 0xe
 483 0073 3A       		.uleb128 0x3a
 484 0074 0B       		.uleb128 0xb
 485 0075 3B       		.uleb128 0x3b
 486 0076 0B       		.uleb128 0xb
 487 0077 49       		.uleb128 0x49
 488 0078 13       		.uleb128 0x13
 489 0079 02       		.uleb128 0x2
 490 007a 18       		.uleb128 0x18
 491 007b 00       		.byte	0
 492 007c 00       		.byte	0
 493 007d 09       		.uleb128 0x9
 494 007e 34       		.uleb128 0x34
 495 007f 00       		.byte	0
 496 0080 03       		.uleb128 0x3
 497 0081 08       		.uleb128 0x8
 498 0082 3A       		.uleb128 0x3a
 499 0083 0B       		.uleb128 0xb
 500 0084 3B       		.uleb128 0x3b
 501 0085 0B       		.uleb128 0xb
 502 0086 49       		.uleb128 0x49
 503 0087 13       		.uleb128 0x13
 504 0088 02       		.uleb128 0x2
 505 0089 18       		.uleb128 0x18
 506 008a 00       		.byte	0
 507 008b 00       		.byte	0
 508 008c 0A       		.uleb128 0xa
 509 008d 01       		.uleb128 0x1
 510 008e 01       		.byte	0x1
 511 008f 49       		.uleb128 0x49
 512 0090 13       		.uleb128 0x13
 513 0091 01       		.uleb128 0x1
 514 0092 13       		.uleb128 0x13
 515 0093 00       		.byte	0
 516 0094 00       		.byte	0
ARM GAS  C:\Users\fneves\AppData\Local\Temp\ccwVfAd3.s 			page 12


 517 0095 0B       		.uleb128 0xb
 518 0096 21       		.uleb128 0x21
 519 0097 00       		.byte	0
 520 0098 49       		.uleb128 0x49
 521 0099 13       		.uleb128 0x13
 522 009a 2F       		.uleb128 0x2f
 523 009b 05       		.uleb128 0x5
 524 009c 00       		.byte	0
 525 009d 00       		.byte	0
 526 009e 0C       		.uleb128 0xc
 527 009f 34       		.uleb128 0x34
 528 00a0 00       		.byte	0
 529 00a1 03       		.uleb128 0x3
 530 00a2 0E       		.uleb128 0xe
 531 00a3 3A       		.uleb128 0x3a
 532 00a4 0B       		.uleb128 0xb
 533 00a5 3B       		.uleb128 0x3b
 534 00a6 0B       		.uleb128 0xb
 535 00a7 49       		.uleb128 0x49
 536 00a8 13       		.uleb128 0x13
 537 00a9 3F       		.uleb128 0x3f
 538 00aa 19       		.uleb128 0x19
 539 00ab 3C       		.uleb128 0x3c
 540 00ac 19       		.uleb128 0x19
 541 00ad 00       		.byte	0
 542 00ae 00       		.byte	0
 543 00af 0D       		.uleb128 0xd
 544 00b0 26       		.uleb128 0x26
 545 00b1 00       		.byte	0
 546 00b2 49       		.uleb128 0x49
 547 00b3 13       		.uleb128 0x13
 548 00b4 00       		.byte	0
 549 00b5 00       		.byte	0
 550 00b6 00       		.byte	0
 551              		.section	.debug_aranges,"",%progbits
 552 0000 1C000000 		.4byte	0x1c
 553 0004 0200     		.2byte	0x2
 554 0006 00000000 		.4byte	.Ldebug_info0
 555 000a 04       		.byte	0x4
 556 000b 00       		.byte	0
 557 000c 0000     		.2byte	0
 558 000e 0000     		.2byte	0
 559 0010 00000000 		.4byte	.LFB82
 560 0014 EC000000 		.4byte	.LFE82-.LFB82
 561 0018 00000000 		.4byte	0
 562 001c 00000000 		.4byte	0
 563              		.section	.debug_ranges,"",%progbits
 564              	.Ldebug_ranges0:
 565 0000 00000000 		.4byte	.LFB82
 566 0004 EC000000 		.4byte	.LFE82
 567 0008 00000000 		.4byte	0
 568 000c 00000000 		.4byte	0
 569              		.section	.debug_line,"",%progbits
 570              	.Ldebug_line0:
 571 0000 8A010000 		.section	.debug_str,"MS",%progbits,1
 571      02006401 
 571      00000201 
ARM GAS  C:\Users\fneves\AppData\Local\Temp\ccwVfAd3.s 			page 13


 571      FB0E0D00 
 571      01010101 
 572              	.LASF5:
 573 0000 5F5F696E 		.ascii	"__int32_t\000"
 573      7433325F 
 573      7400
 574              	.LASF25:
 575 000a 433A5C55 		.ascii	"C:\\Users\\fneves\\Documents\\PSoC Creator\\wp_1\\e"
 575      73657273 
 575      5C666E65 
 575      7665735C 
 575      446F6375 
 576 0037 6E67696E 		.ascii	"ngine_speed_sensor.cydsn\000"
 576      655F7370 
 576      6565645F 
 576      73656E73 
 576      6F722E63 
 577              	.LASF24:
 578 0050 536F7572 		.ascii	"Source\\FastMathFunctions\\arm_cos_f32.c\000"
 578      63655C46 
 578      6173744D 
 578      61746846 
 578      756E6374 
 579              	.LASF16:
 580 0077 666C6F61 		.ascii	"float\000"
 580      7400
 581              	.LASF1:
 582 007d 756E7369 		.ascii	"unsigned char\000"
 582      676E6564 
 582      20636861 
 582      7200
 583              	.LASF7:
 584 008b 6C6F6E67 		.ascii	"long unsigned int\000"
 584      20756E73 
 584      69676E65 
 584      6420696E 
 584      7400
 585              	.LASF3:
 586 009d 73686F72 		.ascii	"short unsigned int\000"
 586      7420756E 
 586      7369676E 
 586      65642069 
 586      6E7400
 587              	.LASF4:
 588 00b0 5F5F7569 		.ascii	"__uint16_t\000"
 588      6E743136 
 588      5F7400
 589              	.LASF15:
 590 00bb 646F7562 		.ascii	"double\000"
 590      6C6500
 591              	.LASF18:
 592 00c2 666C6F61 		.ascii	"float32_t\000"
 592      7433325F 
 592      7400
 593              	.LASF10:
 594 00cc 756E7369 		.ascii	"unsigned int\000"
 594      676E6564 
ARM GAS  C:\Users\fneves\AppData\Local\Temp\ccwVfAd3.s 			page 14


 594      20696E74 
 594      00
 595              	.LASF27:
 596 00d9 73696E54 		.ascii	"sinTable_f32\000"
 596      61626C65 
 596      5F663332 
 596      00
 597              	.LASF9:
 598 00e6 6C6F6E67 		.ascii	"long long unsigned int\000"
 598      206C6F6E 
 598      6720756E 
 598      7369676E 
 598      65642069 
 599              	.LASF23:
 600 00fd 474E5520 		.ascii	"GNU C 4.9.3 20150303 (release) [ARM/embedded-4_9-br"
 600      4320342E 
 600      392E3320 
 600      32303135 
 600      30333033 
 601 0130 616E6368 		.ascii	"anch revision 221220] -mcpu=cortex-m0plus -mthumb -"
 601      20726576 
 601      6973696F 
 601      6E203232 
 601      31323230 
 602 0163 67202D4F 		.ascii	"g -O0 -ffunction-sections -ffat-lto-objects\000"
 602      30202D66 
 602      66756E63 
 602      74696F6E 
 602      2D736563 
 603              	.LASF12:
 604 018f 696E7433 		.ascii	"int32_t\000"
 604      325F7400 
 605              	.LASF13:
 606 0197 73697A65 		.ascii	"sizetype\000"
 606      74797065 
 606      00
 607              	.LASF8:
 608 01a0 6C6F6E67 		.ascii	"long long int\000"
 608      206C6F6E 
 608      6720696E 
 608      7400
 609              	.LASF14:
 610 01ae 63686172 		.ascii	"char\000"
 610      00
 611              	.LASF20:
 612 01b3 66726163 		.ascii	"fract\000"
 612      7400
 613              	.LASF21:
 614 01b9 696E6465 		.ascii	"index\000"
 614      7800
 615              	.LASF22:
 616 01bf 66696E64 		.ascii	"findex\000"
 616      657800
 617              	.LASF19:
 618 01c6 636F7356 		.ascii	"cosVal\000"
 618      616C00
 619              	.LASF2:
ARM GAS  C:\Users\fneves\AppData\Local\Temp\ccwVfAd3.s 			page 15


 620 01cd 73686F72 		.ascii	"short int\000"
 620      7420696E 
 620      7400
 621              	.LASF11:
 622 01d7 75696E74 		.ascii	"uint16_t\000"
 622      31365F74 
 622      00
 623              	.LASF6:
 624 01e0 6C6F6E67 		.ascii	"long int\000"
 624      20696E74 
 624      00
 625              	.LASF17:
 626 01e9 6C6F6E67 		.ascii	"long double\000"
 626      20646F75 
 626      626C6500 
 627              	.LASF0:
 628 01f5 7369676E 		.ascii	"signed char\000"
 628      65642063 
 628      68617200 
 629              	.LASF26:
 630 0201 61726D5F 		.ascii	"arm_cos_f32\000"
 630      636F735F 
 630      66333200 
 631              		.ident	"GCC: (GNU Tools for ARM Embedded Processors) 4.9.3 20150303 (release) [ARM/embedded-4_9-br
