ARM GAS  C:\Users\fneves\AppData\Local\Temp\cckZWgbh.s 			page 1


   1              		.cpu cortex-m0plus
   2              		.fpu softvfp
   3              		.eabi_attribute 20, 1
   4              		.eabi_attribute 21, 1
   5              		.eabi_attribute 23, 3
   6              		.eabi_attribute 24, 1
   7              		.eabi_attribute 25, 1
   8              		.eabi_attribute 26, 1
   9              		.eabi_attribute 30, 6
  10              		.eabi_attribute 34, 0
  11              		.eabi_attribute 18, 4
  12              		.code	16
  13              		.file	"arm_power_q7.c"
  14              		.text
  15              	.Ltext0:
  16              		.cfi_sections	.debug_frame
  17              		.section	.text.arm_power_q7,"ax",%progbits
  18              		.align	2
  19              		.global	arm_power_q7
  20              		.code	16
  21              		.thumb_func
  22              		.type	arm_power_q7, %function
  23              	arm_power_q7:
  24              	.LFB82:
  25              		.file 1 "Source\\StatisticsFunctions\\arm_power_q7.c"
   1:Source\StatisticsFunctions/arm_power_q7.c **** /* ----------------------------------------------------------------------
   2:Source\StatisticsFunctions/arm_power_q7.c ****  * Project:      CMSIS DSP Library
   3:Source\StatisticsFunctions/arm_power_q7.c ****  * Title:        arm_power_q7.c
   4:Source\StatisticsFunctions/arm_power_q7.c ****  * Description:  Sum of the squares of the elements of a Q7 vector
   5:Source\StatisticsFunctions/arm_power_q7.c ****  *
   6:Source\StatisticsFunctions/arm_power_q7.c ****  * $Date:        27. January 2017
   7:Source\StatisticsFunctions/arm_power_q7.c ****  * $Revision:    V.1.5.1
   8:Source\StatisticsFunctions/arm_power_q7.c ****  *
   9:Source\StatisticsFunctions/arm_power_q7.c ****  * Target Processor: Cortex-M cores
  10:Source\StatisticsFunctions/arm_power_q7.c ****  * -------------------------------------------------------------------- */
  11:Source\StatisticsFunctions/arm_power_q7.c **** /*
  12:Source\StatisticsFunctions/arm_power_q7.c ****  * Copyright (C) 2010-2017 ARM Limited or its affiliates. All rights reserved.
  13:Source\StatisticsFunctions/arm_power_q7.c ****  *
  14:Source\StatisticsFunctions/arm_power_q7.c ****  * SPDX-License-Identifier: Apache-2.0
  15:Source\StatisticsFunctions/arm_power_q7.c ****  *
  16:Source\StatisticsFunctions/arm_power_q7.c ****  * Licensed under the Apache License, Version 2.0 (the License); you may
  17:Source\StatisticsFunctions/arm_power_q7.c ****  * not use this file except in compliance with the License.
  18:Source\StatisticsFunctions/arm_power_q7.c ****  * You may obtain a copy of the License at
  19:Source\StatisticsFunctions/arm_power_q7.c ****  *
  20:Source\StatisticsFunctions/arm_power_q7.c ****  * www.apache.org/licenses/LICENSE-2.0
  21:Source\StatisticsFunctions/arm_power_q7.c ****  *
  22:Source\StatisticsFunctions/arm_power_q7.c ****  * Unless required by applicable law or agreed to in writing, software
  23:Source\StatisticsFunctions/arm_power_q7.c ****  * distributed under the License is distributed on an AS IS BASIS, WITHOUT
  24:Source\StatisticsFunctions/arm_power_q7.c ****  * WARRANTIES OR CONDITIONS OF ANY KIND, either express or implied.
  25:Source\StatisticsFunctions/arm_power_q7.c ****  * See the License for the specific language governing permissions and
  26:Source\StatisticsFunctions/arm_power_q7.c ****  * limitations under the License.
  27:Source\StatisticsFunctions/arm_power_q7.c ****  */
  28:Source\StatisticsFunctions/arm_power_q7.c **** 
  29:Source\StatisticsFunctions/arm_power_q7.c **** #include "arm_math.h"
  30:Source\StatisticsFunctions/arm_power_q7.c **** 
  31:Source\StatisticsFunctions/arm_power_q7.c **** /**
  32:Source\StatisticsFunctions/arm_power_q7.c ****  * @ingroup groupStats
ARM GAS  C:\Users\fneves\AppData\Local\Temp\cckZWgbh.s 			page 2


  33:Source\StatisticsFunctions/arm_power_q7.c ****  */
  34:Source\StatisticsFunctions/arm_power_q7.c **** 
  35:Source\StatisticsFunctions/arm_power_q7.c **** /**
  36:Source\StatisticsFunctions/arm_power_q7.c ****  * @addtogroup power
  37:Source\StatisticsFunctions/arm_power_q7.c ****  * @{
  38:Source\StatisticsFunctions/arm_power_q7.c ****  */
  39:Source\StatisticsFunctions/arm_power_q7.c **** 
  40:Source\StatisticsFunctions/arm_power_q7.c **** /**
  41:Source\StatisticsFunctions/arm_power_q7.c ****  * @brief Sum of the squares of the elements of a Q7 vector.
  42:Source\StatisticsFunctions/arm_power_q7.c ****  * @param[in]       *pSrc points to the input vector
  43:Source\StatisticsFunctions/arm_power_q7.c ****  * @param[in]       blockSize length of the input vector
  44:Source\StatisticsFunctions/arm_power_q7.c ****  * @param[out]      *pResult sum of the squares value returned here
  45:Source\StatisticsFunctions/arm_power_q7.c ****  * @return none.
  46:Source\StatisticsFunctions/arm_power_q7.c ****  *
  47:Source\StatisticsFunctions/arm_power_q7.c ****  * @details
  48:Source\StatisticsFunctions/arm_power_q7.c ****  * <b>Scaling and Overflow Behavior:</b>
  49:Source\StatisticsFunctions/arm_power_q7.c ****  *
  50:Source\StatisticsFunctions/arm_power_q7.c ****  * \par
  51:Source\StatisticsFunctions/arm_power_q7.c ****  * The function is implemented using a 32-bit internal accumulator.
  52:Source\StatisticsFunctions/arm_power_q7.c ****  * The input is represented in 1.7 format.
  53:Source\StatisticsFunctions/arm_power_q7.c ****  * Intermediate multiplication yields a 2.14 format, and this
  54:Source\StatisticsFunctions/arm_power_q7.c ****  * result is added without saturation to an accumulator in 18.14 format.
  55:Source\StatisticsFunctions/arm_power_q7.c ****  * With 17 guard bits in the accumulator, there is no risk of overflow, and the
  56:Source\StatisticsFunctions/arm_power_q7.c ****  * full precision of the intermediate multiplication is preserved.
  57:Source\StatisticsFunctions/arm_power_q7.c ****  * Finally, the return result is in 18.14 format.
  58:Source\StatisticsFunctions/arm_power_q7.c ****  *
  59:Source\StatisticsFunctions/arm_power_q7.c ****  */
  60:Source\StatisticsFunctions/arm_power_q7.c **** 
  61:Source\StatisticsFunctions/arm_power_q7.c **** void arm_power_q7(
  62:Source\StatisticsFunctions/arm_power_q7.c ****   q7_t * pSrc,
  63:Source\StatisticsFunctions/arm_power_q7.c ****   uint32_t blockSize,
  64:Source\StatisticsFunctions/arm_power_q7.c ****   q31_t * pResult)
  65:Source\StatisticsFunctions/arm_power_q7.c **** {
  26              		.loc 1 65 0
  27              		.cfi_startproc
  28 0000 80B5     		push	{r7, lr}
  29              		.cfi_def_cfa_offset 8
  30              		.cfi_offset 7, -8
  31              		.cfi_offset 14, -4
  32 0002 88B0     		sub	sp, sp, #32
  33              		.cfi_def_cfa_offset 40
  34 0004 00AF     		add	r7, sp, #0
  35              		.cfi_def_cfa_register 7
  36 0006 F860     		str	r0, [r7, #12]
  37 0008 B960     		str	r1, [r7, #8]
  38 000a 7A60     		str	r2, [r7, #4]
  66:Source\StatisticsFunctions/arm_power_q7.c ****   q31_t sum = 0;                                 /* Temporary result storage */
  39              		.loc 1 66 0
  40 000c 0023     		mov	r3, #0
  41 000e FB61     		str	r3, [r7, #28]
  67:Source\StatisticsFunctions/arm_power_q7.c ****   q7_t in;                                       /* Temporary variable to store input */
  68:Source\StatisticsFunctions/arm_power_q7.c ****   uint32_t blkCnt;                               /* loop counter */
  69:Source\StatisticsFunctions/arm_power_q7.c **** 
  70:Source\StatisticsFunctions/arm_power_q7.c **** #if defined (ARM_MATH_DSP)
  71:Source\StatisticsFunctions/arm_power_q7.c ****   /* Run the below code for Cortex-M4 and Cortex-M3 */
  72:Source\StatisticsFunctions/arm_power_q7.c **** 
  73:Source\StatisticsFunctions/arm_power_q7.c ****   q31_t input1;                                  /* Temporary variable to store packed input */
ARM GAS  C:\Users\fneves\AppData\Local\Temp\cckZWgbh.s 			page 3


  74:Source\StatisticsFunctions/arm_power_q7.c ****   q31_t in1, in2;                                /* Temporary variables to store input */
  75:Source\StatisticsFunctions/arm_power_q7.c **** 
  76:Source\StatisticsFunctions/arm_power_q7.c ****   /*loop Unrolling */
  77:Source\StatisticsFunctions/arm_power_q7.c ****   blkCnt = blockSize >> 2u;
  78:Source\StatisticsFunctions/arm_power_q7.c **** 
  79:Source\StatisticsFunctions/arm_power_q7.c ****   /* First part of the processing with loop unrolling.  Compute 4 outputs at a time.
  80:Source\StatisticsFunctions/arm_power_q7.c ****    ** a second loop below computes the remaining 1 to 3 samples. */
  81:Source\StatisticsFunctions/arm_power_q7.c ****   while (blkCnt > 0u)
  82:Source\StatisticsFunctions/arm_power_q7.c ****   {
  83:Source\StatisticsFunctions/arm_power_q7.c ****     /* Reading two inputs of pSrc vector and packing */
  84:Source\StatisticsFunctions/arm_power_q7.c ****     input1 = *__SIMD32(pSrc)++;
  85:Source\StatisticsFunctions/arm_power_q7.c **** 
  86:Source\StatisticsFunctions/arm_power_q7.c ****     in1 = __SXTB16(__ROR(input1, 8));
  87:Source\StatisticsFunctions/arm_power_q7.c ****     in2 = __SXTB16(input1);
  88:Source\StatisticsFunctions/arm_power_q7.c **** 
  89:Source\StatisticsFunctions/arm_power_q7.c ****     /* C = A[0] * A[0] + A[1] * A[1] + A[2] * A[2] + ... + A[blockSize-1] * A[blockSize-1] */
  90:Source\StatisticsFunctions/arm_power_q7.c ****     /* calculate power and accumulate to accumulator */
  91:Source\StatisticsFunctions/arm_power_q7.c ****     sum = __SMLAD(in1, in1, sum);
  92:Source\StatisticsFunctions/arm_power_q7.c ****     sum = __SMLAD(in2, in2, sum);
  93:Source\StatisticsFunctions/arm_power_q7.c **** 
  94:Source\StatisticsFunctions/arm_power_q7.c ****     /* Decrement the loop counter */
  95:Source\StatisticsFunctions/arm_power_q7.c ****     blkCnt--;
  96:Source\StatisticsFunctions/arm_power_q7.c ****   }
  97:Source\StatisticsFunctions/arm_power_q7.c **** 
  98:Source\StatisticsFunctions/arm_power_q7.c ****   /* If the blockSize is not a multiple of 4, compute any remaining output samples here.
  99:Source\StatisticsFunctions/arm_power_q7.c ****    ** No loop unrolling is used. */
 100:Source\StatisticsFunctions/arm_power_q7.c ****   blkCnt = blockSize % 0x4u;
 101:Source\StatisticsFunctions/arm_power_q7.c **** 
 102:Source\StatisticsFunctions/arm_power_q7.c **** #else
 103:Source\StatisticsFunctions/arm_power_q7.c ****   /* Run the below code for Cortex-M0 */
 104:Source\StatisticsFunctions/arm_power_q7.c **** 
 105:Source\StatisticsFunctions/arm_power_q7.c ****   /* Loop over blockSize number of values */
 106:Source\StatisticsFunctions/arm_power_q7.c ****   blkCnt = blockSize;
  42              		.loc 1 106 0
  43 0010 BB68     		ldr	r3, [r7, #8]
  44 0012 BB61     		str	r3, [r7, #24]
 107:Source\StatisticsFunctions/arm_power_q7.c **** 
 108:Source\StatisticsFunctions/arm_power_q7.c **** #endif /* #if defined (ARM_MATH_DSP) */
 109:Source\StatisticsFunctions/arm_power_q7.c **** 
 110:Source\StatisticsFunctions/arm_power_q7.c ****   while (blkCnt > 0u)
  45              		.loc 1 110 0
  46 0014 15E0     		b	.L2
  47              	.L3:
 111:Source\StatisticsFunctions/arm_power_q7.c ****   {
 112:Source\StatisticsFunctions/arm_power_q7.c ****     /* C = A[0] * A[0] + A[1] * A[1] + A[2] * A[2] + ... + A[blockSize-1] * A[blockSize-1] */
 113:Source\StatisticsFunctions/arm_power_q7.c ****     /* Compute Power and then store the result in a temporary variable, sum. */
 114:Source\StatisticsFunctions/arm_power_q7.c ****     in = *pSrc++;
  48              		.loc 1 114 0
  49 0016 FB68     		ldr	r3, [r7, #12]
  50 0018 5A1C     		add	r2, r3, #1
  51 001a FA60     		str	r2, [r7, #12]
  52 001c 1722     		mov	r2, #23
  53 001e BA18     		add	r2, r7, r2
  54 0020 1B78     		ldrb	r3, [r3]
  55 0022 1370     		strb	r3, [r2]
 115:Source\StatisticsFunctions/arm_power_q7.c ****     sum += ((q15_t) in * in);
  56              		.loc 1 115 0
ARM GAS  C:\Users\fneves\AppData\Local\Temp\cckZWgbh.s 			page 4


  57 0024 1723     		mov	r3, #23
  58 0026 FB18     		add	r3, r7, r3
  59 0028 1B78     		ldrb	r3, [r3]
  60 002a 5BB2     		sxtb	r3, r3
  61 002c 1722     		mov	r2, #23
  62 002e BA18     		add	r2, r7, r2
  63 0030 1278     		ldrb	r2, [r2]
  64 0032 52B2     		sxtb	r2, r2
  65 0034 5343     		mul	r3, r2
  66 0036 FA69     		ldr	r2, [r7, #28]
  67 0038 D318     		add	r3, r2, r3
  68 003a FB61     		str	r3, [r7, #28]
 116:Source\StatisticsFunctions/arm_power_q7.c **** 
 117:Source\StatisticsFunctions/arm_power_q7.c ****     /* Decrement the loop counter */
 118:Source\StatisticsFunctions/arm_power_q7.c ****     blkCnt--;
  69              		.loc 1 118 0
  70 003c BB69     		ldr	r3, [r7, #24]
  71 003e 013B     		sub	r3, r3, #1
  72 0040 BB61     		str	r3, [r7, #24]
  73              	.L2:
 110:Source\StatisticsFunctions/arm_power_q7.c ****   {
  74              		.loc 1 110 0
  75 0042 BB69     		ldr	r3, [r7, #24]
  76 0044 002B     		cmp	r3, #0
  77 0046 E6D1     		bne	.L3
 119:Source\StatisticsFunctions/arm_power_q7.c ****   }
 120:Source\StatisticsFunctions/arm_power_q7.c **** 
 121:Source\StatisticsFunctions/arm_power_q7.c ****   /* Store the result in 18.14 format  */
 122:Source\StatisticsFunctions/arm_power_q7.c ****   *pResult = sum;
  78              		.loc 1 122 0
  79 0048 7B68     		ldr	r3, [r7, #4]
  80 004a FA69     		ldr	r2, [r7, #28]
  81 004c 1A60     		str	r2, [r3]
 123:Source\StatisticsFunctions/arm_power_q7.c **** }
  82              		.loc 1 123 0
  83 004e BD46     		mov	sp, r7
  84 0050 08B0     		add	sp, sp, #32
  85              		@ sp needed
  86 0052 80BD     		pop	{r7, pc}
  87              		.cfi_endproc
  88              	.LFE82:
  89              		.size	arm_power_q7, .-arm_power_q7
  90              		.text
  91              	.Letext0:
  92              		.file 2 "c:\\program files (x86)\\cypress\\psoc creator\\4.0\\psoc creator\\import\\gnu\\arm\\4.9.
  93              		.file 3 "c:\\program files (x86)\\cypress\\psoc creator\\4.0\\psoc creator\\import\\gnu\\arm\\4.9.
  94              		.file 4 ".\\Include/arm_math.h"
  95              		.section	.debug_info,"",%progbits
  96              	.Ldebug_info0:
  97 0000 78010000 		.4byte	0x178
  98 0004 0400     		.2byte	0x4
  99 0006 00000000 		.4byte	.Ldebug_abbrev0
 100 000a 04       		.byte	0x4
 101 000b 01       		.uleb128 0x1
 102 000c 23010000 		.4byte	.LASF29
 103 0010 01       		.byte	0x1
 104 0011 09000000 		.4byte	.LASF30
ARM GAS  C:\Users\fneves\AppData\Local\Temp\cckZWgbh.s 			page 5


 105 0015 47000000 		.4byte	.LASF31
 106 0019 00000000 		.4byte	.Ldebug_ranges0+0
 107 001d 00000000 		.4byte	0
 108 0021 00000000 		.4byte	.Ldebug_line0
 109 0025 02       		.uleb128 0x2
 110 0026 00000000 		.4byte	.LASF2
 111 002a 02       		.byte	0x2
 112 002b 1B       		.byte	0x1b
 113 002c 30000000 		.4byte	0x30
 114 0030 03       		.uleb128 0x3
 115 0031 01       		.byte	0x1
 116 0032 06       		.byte	0x6
 117 0033 20020000 		.4byte	.LASF0
 118 0037 03       		.uleb128 0x3
 119 0038 01       		.byte	0x1
 120 0039 08       		.byte	0x8
 121 003a A6000000 		.4byte	.LASF1
 122 003e 02       		.uleb128 0x2
 123 003f 33000000 		.4byte	.LASF3
 124 0043 02       		.byte	0x2
 125 0044 29       		.byte	0x29
 126 0045 49000000 		.4byte	0x49
 127 0049 03       		.uleb128 0x3
 128 004a 02       		.byte	0x2
 129 004b 05       		.byte	0x5
 130 004c F8010000 		.4byte	.LASF4
 131 0050 03       		.uleb128 0x3
 132 0051 02       		.byte	0x2
 133 0052 07       		.byte	0x7
 134 0053 CD000000 		.4byte	.LASF5
 135 0057 02       		.uleb128 0x2
 136 0058 3D000000 		.4byte	.LASF6
 137 005c 02       		.byte	0x2
 138 005d 3F       		.byte	0x3f
 139 005e 62000000 		.4byte	0x62
 140 0062 03       		.uleb128 0x3
 141 0063 04       		.byte	0x4
 142 0064 05       		.byte	0x5
 143 0065 0B020000 		.4byte	.LASF7
 144 0069 02       		.uleb128 0x2
 145 006a EF000000 		.4byte	.LASF8
 146 006e 02       		.byte	0x2
 147 006f 41       		.byte	0x41
 148 0070 74000000 		.4byte	0x74
 149 0074 03       		.uleb128 0x3
 150 0075 04       		.byte	0x4
 151 0076 07       		.byte	0x7
 152 0077 BB000000 		.4byte	.LASF9
 153 007b 03       		.uleb128 0x3
 154 007c 08       		.byte	0x8
 155 007d 05       		.byte	0x5
 156 007e CE010000 		.4byte	.LASF10
 157 0082 03       		.uleb128 0x3
 158 0083 08       		.byte	0x8
 159 0084 07       		.byte	0x7
 160 0085 0C010000 		.4byte	.LASF11
 161 0089 04       		.uleb128 0x4
ARM GAS  C:\Users\fneves\AppData\Local\Temp\cckZWgbh.s 			page 6


 162 008a 04       		.byte	0x4
 163 008b 05       		.byte	0x5
 164 008c 696E7400 		.ascii	"int\000"
 165 0090 03       		.uleb128 0x3
 166 0091 04       		.byte	0x4
 167 0092 07       		.byte	0x7
 168 0093 FF000000 		.4byte	.LASF12
 169 0097 02       		.uleb128 0x2
 170 0098 8D000000 		.4byte	.LASF13
 171 009c 03       		.byte	0x3
 172 009d 14       		.byte	0x14
 173 009e 25000000 		.4byte	0x25
 174 00a2 02       		.uleb128 0x2
 175 00a3 B5010000 		.4byte	.LASF14
 176 00a7 03       		.byte	0x3
 177 00a8 20       		.byte	0x20
 178 00a9 3E000000 		.4byte	0x3e
 179 00ad 02       		.uleb128 0x2
 180 00ae BD010000 		.4byte	.LASF15
 181 00b2 03       		.byte	0x3
 182 00b3 2C       		.byte	0x2c
 183 00b4 57000000 		.4byte	0x57
 184 00b8 02       		.uleb128 0x2
 185 00b9 02020000 		.4byte	.LASF16
 186 00bd 03       		.byte	0x3
 187 00be 2D       		.byte	0x2d
 188 00bf 69000000 		.4byte	0x69
 189 00c3 03       		.uleb128 0x3
 190 00c4 04       		.byte	0x4
 191 00c5 07       		.byte	0x7
 192 00c6 C5010000 		.4byte	.LASF17
 193 00ca 03       		.uleb128 0x3
 194 00cb 01       		.byte	0x1
 195 00cc 08       		.byte	0x8
 196 00cd E6010000 		.4byte	.LASF18
 197 00d1 03       		.uleb128 0x3
 198 00d2 08       		.byte	0x8
 199 00d3 04       		.byte	0x4
 200 00d4 E8000000 		.4byte	.LASF19
 201 00d8 03       		.uleb128 0x3
 202 00d9 04       		.byte	0x4
 203 00da 04       		.byte	0x4
 204 00db 9A000000 		.4byte	.LASF20
 205 00df 03       		.uleb128 0x3
 206 00e0 08       		.byte	0x8
 207 00e1 04       		.byte	0x4
 208 00e2 14020000 		.4byte	.LASF21
 209 00e6 05       		.uleb128 0x5
 210 00e7 FA000000 		.4byte	.LASF22
 211 00eb 04       		.byte	0x4
 212 00ec 9101     		.2byte	0x191
 213 00ee 97000000 		.4byte	0x97
 214 00f2 05       		.uleb128 0x5
 215 00f3 94000000 		.4byte	.LASF23
 216 00f7 04       		.byte	0x4
 217 00f8 9601     		.2byte	0x196
 218 00fa A2000000 		.4byte	0xa2
ARM GAS  C:\Users\fneves\AppData\Local\Temp\cckZWgbh.s 			page 7


 219 00fe 05       		.uleb128 0x5
 220 00ff A0000000 		.4byte	.LASF24
 221 0103 04       		.byte	0x4
 222 0104 9B01     		.2byte	0x19b
 223 0106 AD000000 		.4byte	0xad
 224 010a 06       		.uleb128 0x6
 225 010b 04       		.byte	0x4
 226 010c E6000000 		.4byte	0xe6
 227 0110 06       		.uleb128 0x6
 228 0111 04       		.byte	0x4
 229 0112 FE000000 		.4byte	0xfe
 230 0116 07       		.uleb128 0x7
 231 0117 EB010000 		.4byte	.LASF32
 232 011b 01       		.byte	0x1
 233 011c 3D       		.byte	0x3d
 234 011d 00000000 		.4byte	.LFB82
 235 0121 54000000 		.4byte	.LFE82-.LFB82
 236 0125 01       		.uleb128 0x1
 237 0126 9C       		.byte	0x9c
 238 0127 08       		.uleb128 0x8
 239 0128 2C020000 		.4byte	.LASF25
 240 012c 01       		.byte	0x1
 241 012d 3E       		.byte	0x3e
 242 012e 0A010000 		.4byte	0x10a
 243 0132 02       		.uleb128 0x2
 244 0133 91       		.byte	0x91
 245 0134 64       		.sleb128 -28
 246 0135 08       		.uleb128 0x8
 247 0136 DC010000 		.4byte	.LASF26
 248 013a 01       		.byte	0x1
 249 013b 3F       		.byte	0x3f
 250 013c B8000000 		.4byte	0xb8
 251 0140 02       		.uleb128 0x2
 252 0141 91       		.byte	0x91
 253 0142 60       		.sleb128 -32
 254 0143 08       		.uleb128 0x8
 255 0144 E0000000 		.4byte	.LASF27
 256 0148 01       		.byte	0x1
 257 0149 40       		.byte	0x40
 258 014a 10010000 		.4byte	0x110
 259 014e 02       		.uleb128 0x2
 260 014f 91       		.byte	0x91
 261 0150 5C       		.sleb128 -36
 262 0151 09       		.uleb128 0x9
 263 0152 73756D00 		.ascii	"sum\000"
 264 0156 01       		.byte	0x1
 265 0157 42       		.byte	0x42
 266 0158 FE000000 		.4byte	0xfe
 267 015c 02       		.uleb128 0x2
 268 015d 91       		.byte	0x91
 269 015e 74       		.sleb128 -12
 270 015f 09       		.uleb128 0x9
 271 0160 696E00   		.ascii	"in\000"
 272 0163 01       		.byte	0x1
 273 0164 43       		.byte	0x43
 274 0165 E6000000 		.4byte	0xe6
 275 0169 02       		.uleb128 0x2
ARM GAS  C:\Users\fneves\AppData\Local\Temp\cckZWgbh.s 			page 8


 276 016a 91       		.byte	0x91
 277 016b 6F       		.sleb128 -17
 278 016c 0A       		.uleb128 0xa
 279 016d B4000000 		.4byte	.LASF28
 280 0171 01       		.byte	0x1
 281 0172 44       		.byte	0x44
 282 0173 B8000000 		.4byte	0xb8
 283 0177 02       		.uleb128 0x2
 284 0178 91       		.byte	0x91
 285 0179 70       		.sleb128 -16
 286 017a 00       		.byte	0
 287 017b 00       		.byte	0
 288              		.section	.debug_abbrev,"",%progbits
 289              	.Ldebug_abbrev0:
 290 0000 01       		.uleb128 0x1
 291 0001 11       		.uleb128 0x11
 292 0002 01       		.byte	0x1
 293 0003 25       		.uleb128 0x25
 294 0004 0E       		.uleb128 0xe
 295 0005 13       		.uleb128 0x13
 296 0006 0B       		.uleb128 0xb
 297 0007 03       		.uleb128 0x3
 298 0008 0E       		.uleb128 0xe
 299 0009 1B       		.uleb128 0x1b
 300 000a 0E       		.uleb128 0xe
 301 000b 55       		.uleb128 0x55
 302 000c 17       		.uleb128 0x17
 303 000d 11       		.uleb128 0x11
 304 000e 01       		.uleb128 0x1
 305 000f 10       		.uleb128 0x10
 306 0010 17       		.uleb128 0x17
 307 0011 00       		.byte	0
 308 0012 00       		.byte	0
 309 0013 02       		.uleb128 0x2
 310 0014 16       		.uleb128 0x16
 311 0015 00       		.byte	0
 312 0016 03       		.uleb128 0x3
 313 0017 0E       		.uleb128 0xe
 314 0018 3A       		.uleb128 0x3a
 315 0019 0B       		.uleb128 0xb
 316 001a 3B       		.uleb128 0x3b
 317 001b 0B       		.uleb128 0xb
 318 001c 49       		.uleb128 0x49
 319 001d 13       		.uleb128 0x13
 320 001e 00       		.byte	0
 321 001f 00       		.byte	0
 322 0020 03       		.uleb128 0x3
 323 0021 24       		.uleb128 0x24
 324 0022 00       		.byte	0
 325 0023 0B       		.uleb128 0xb
 326 0024 0B       		.uleb128 0xb
 327 0025 3E       		.uleb128 0x3e
 328 0026 0B       		.uleb128 0xb
 329 0027 03       		.uleb128 0x3
 330 0028 0E       		.uleb128 0xe
 331 0029 00       		.byte	0
 332 002a 00       		.byte	0
ARM GAS  C:\Users\fneves\AppData\Local\Temp\cckZWgbh.s 			page 9


 333 002b 04       		.uleb128 0x4
 334 002c 24       		.uleb128 0x24
 335 002d 00       		.byte	0
 336 002e 0B       		.uleb128 0xb
 337 002f 0B       		.uleb128 0xb
 338 0030 3E       		.uleb128 0x3e
 339 0031 0B       		.uleb128 0xb
 340 0032 03       		.uleb128 0x3
 341 0033 08       		.uleb128 0x8
 342 0034 00       		.byte	0
 343 0035 00       		.byte	0
 344 0036 05       		.uleb128 0x5
 345 0037 16       		.uleb128 0x16
 346 0038 00       		.byte	0
 347 0039 03       		.uleb128 0x3
 348 003a 0E       		.uleb128 0xe
 349 003b 3A       		.uleb128 0x3a
 350 003c 0B       		.uleb128 0xb
 351 003d 3B       		.uleb128 0x3b
 352 003e 05       		.uleb128 0x5
 353 003f 49       		.uleb128 0x49
 354 0040 13       		.uleb128 0x13
 355 0041 00       		.byte	0
 356 0042 00       		.byte	0
 357 0043 06       		.uleb128 0x6
 358 0044 0F       		.uleb128 0xf
 359 0045 00       		.byte	0
 360 0046 0B       		.uleb128 0xb
 361 0047 0B       		.uleb128 0xb
 362 0048 49       		.uleb128 0x49
 363 0049 13       		.uleb128 0x13
 364 004a 00       		.byte	0
 365 004b 00       		.byte	0
 366 004c 07       		.uleb128 0x7
 367 004d 2E       		.uleb128 0x2e
 368 004e 01       		.byte	0x1
 369 004f 3F       		.uleb128 0x3f
 370 0050 19       		.uleb128 0x19
 371 0051 03       		.uleb128 0x3
 372 0052 0E       		.uleb128 0xe
 373 0053 3A       		.uleb128 0x3a
 374 0054 0B       		.uleb128 0xb
 375 0055 3B       		.uleb128 0x3b
 376 0056 0B       		.uleb128 0xb
 377 0057 27       		.uleb128 0x27
 378 0058 19       		.uleb128 0x19
 379 0059 11       		.uleb128 0x11
 380 005a 01       		.uleb128 0x1
 381 005b 12       		.uleb128 0x12
 382 005c 06       		.uleb128 0x6
 383 005d 40       		.uleb128 0x40
 384 005e 18       		.uleb128 0x18
 385 005f 9742     		.uleb128 0x2117
 386 0061 19       		.uleb128 0x19
 387 0062 00       		.byte	0
 388 0063 00       		.byte	0
 389 0064 08       		.uleb128 0x8
ARM GAS  C:\Users\fneves\AppData\Local\Temp\cckZWgbh.s 			page 10


 390 0065 05       		.uleb128 0x5
 391 0066 00       		.byte	0
 392 0067 03       		.uleb128 0x3
 393 0068 0E       		.uleb128 0xe
 394 0069 3A       		.uleb128 0x3a
 395 006a 0B       		.uleb128 0xb
 396 006b 3B       		.uleb128 0x3b
 397 006c 0B       		.uleb128 0xb
 398 006d 49       		.uleb128 0x49
 399 006e 13       		.uleb128 0x13
 400 006f 02       		.uleb128 0x2
 401 0070 18       		.uleb128 0x18
 402 0071 00       		.byte	0
 403 0072 00       		.byte	0
 404 0073 09       		.uleb128 0x9
 405 0074 34       		.uleb128 0x34
 406 0075 00       		.byte	0
 407 0076 03       		.uleb128 0x3
 408 0077 08       		.uleb128 0x8
 409 0078 3A       		.uleb128 0x3a
 410 0079 0B       		.uleb128 0xb
 411 007a 3B       		.uleb128 0x3b
 412 007b 0B       		.uleb128 0xb
 413 007c 49       		.uleb128 0x49
 414 007d 13       		.uleb128 0x13
 415 007e 02       		.uleb128 0x2
 416 007f 18       		.uleb128 0x18
 417 0080 00       		.byte	0
 418 0081 00       		.byte	0
 419 0082 0A       		.uleb128 0xa
 420 0083 34       		.uleb128 0x34
 421 0084 00       		.byte	0
 422 0085 03       		.uleb128 0x3
 423 0086 0E       		.uleb128 0xe
 424 0087 3A       		.uleb128 0x3a
 425 0088 0B       		.uleb128 0xb
 426 0089 3B       		.uleb128 0x3b
 427 008a 0B       		.uleb128 0xb
 428 008b 49       		.uleb128 0x49
 429 008c 13       		.uleb128 0x13
 430 008d 02       		.uleb128 0x2
 431 008e 18       		.uleb128 0x18
 432 008f 00       		.byte	0
 433 0090 00       		.byte	0
 434 0091 00       		.byte	0
 435              		.section	.debug_aranges,"",%progbits
 436 0000 1C000000 		.4byte	0x1c
 437 0004 0200     		.2byte	0x2
 438 0006 00000000 		.4byte	.Ldebug_info0
 439 000a 04       		.byte	0x4
 440 000b 00       		.byte	0
 441 000c 0000     		.2byte	0
 442 000e 0000     		.2byte	0
 443 0010 00000000 		.4byte	.LFB82
 444 0014 54000000 		.4byte	.LFE82-.LFB82
 445 0018 00000000 		.4byte	0
 446 001c 00000000 		.4byte	0
ARM GAS  C:\Users\fneves\AppData\Local\Temp\cckZWgbh.s 			page 11


 447              		.section	.debug_ranges,"",%progbits
 448              	.Ldebug_ranges0:
 449 0000 00000000 		.4byte	.LFB82
 450 0004 54000000 		.4byte	.LFE82
 451 0008 00000000 		.4byte	0
 452 000c 00000000 		.4byte	0
 453              		.section	.debug_line,"",%progbits
 454              	.Ldebug_line0:
 455 0000 75010000 		.section	.debug_str,"MS",%progbits,1
 455      02005001 
 455      00000201 
 455      FB0E0D00 
 455      01010101 
 456              	.LASF2:
 457 0000 5F5F696E 		.ascii	"__int8_t\000"
 457      74385F74 
 457      00
 458              	.LASF30:
 459 0009 536F7572 		.ascii	"Source\\StatisticsFunctions\\arm_power_q7.c\000"
 459      63655C53 
 459      74617469 
 459      73746963 
 459      7346756E 
 460              	.LASF3:
 461 0033 5F5F696E 		.ascii	"__int16_t\000"
 461      7431365F 
 461      7400
 462              	.LASF6:
 463 003d 5F5F696E 		.ascii	"__int32_t\000"
 463      7433325F 
 463      7400
 464              	.LASF31:
 465 0047 433A5C55 		.ascii	"C:\\Users\\fneves\\Documents\\PSoC Creator\\wp_1\\e"
 465      73657273 
 465      5C666E65 
 465      7665735C 
 465      446F6375 
 466 0074 6E67696E 		.ascii	"ngine_speed_sensor.cydsn\000"
 466      655F7370 
 466      6565645F 
 466      73656E73 
 466      6F722E63 
 467              	.LASF13:
 468 008d 696E7438 		.ascii	"int8_t\000"
 468      5F7400
 469              	.LASF23:
 470 0094 7131355F 		.ascii	"q15_t\000"
 470      7400
 471              	.LASF20:
 472 009a 666C6F61 		.ascii	"float\000"
 472      7400
 473              	.LASF24:
 474 00a0 7133315F 		.ascii	"q31_t\000"
 474      7400
 475              	.LASF1:
 476 00a6 756E7369 		.ascii	"unsigned char\000"
 476      676E6564 
ARM GAS  C:\Users\fneves\AppData\Local\Temp\cckZWgbh.s 			page 12


 476      20636861 
 476      7200
 477              	.LASF28:
 478 00b4 626C6B43 		.ascii	"blkCnt\000"
 478      6E7400
 479              	.LASF9:
 480 00bb 6C6F6E67 		.ascii	"long unsigned int\000"
 480      20756E73 
 480      69676E65 
 480      6420696E 
 480      7400
 481              	.LASF5:
 482 00cd 73686F72 		.ascii	"short unsigned int\000"
 482      7420756E 
 482      7369676E 
 482      65642069 
 482      6E7400
 483              	.LASF27:
 484 00e0 70526573 		.ascii	"pResult\000"
 484      756C7400 
 485              	.LASF19:
 486 00e8 646F7562 		.ascii	"double\000"
 486      6C6500
 487              	.LASF8:
 488 00ef 5F5F7569 		.ascii	"__uint32_t\000"
 488      6E743332 
 488      5F7400
 489              	.LASF22:
 490 00fa 71375F74 		.ascii	"q7_t\000"
 490      00
 491              	.LASF12:
 492 00ff 756E7369 		.ascii	"unsigned int\000"
 492      676E6564 
 492      20696E74 
 492      00
 493              	.LASF11:
 494 010c 6C6F6E67 		.ascii	"long long unsigned int\000"
 494      206C6F6E 
 494      6720756E 
 494      7369676E 
 494      65642069 
 495              	.LASF29:
 496 0123 474E5520 		.ascii	"GNU C 4.9.3 20150303 (release) [ARM/embedded-4_9-br"
 496      4320342E 
 496      392E3320 
 496      32303135 
 496      30333033 
 497 0156 616E6368 		.ascii	"anch revision 221220] -mcpu=cortex-m0plus -mthumb -"
 497      20726576 
 497      6973696F 
 497      6E203232 
 497      31323230 
 498 0189 67202D4F 		.ascii	"g -O0 -ffunction-sections -ffat-lto-objects\000"
 498      30202D66 
 498      66756E63 
 498      74696F6E 
 498      2D736563 
ARM GAS  C:\Users\fneves\AppData\Local\Temp\cckZWgbh.s 			page 13


 499              	.LASF14:
 500 01b5 696E7431 		.ascii	"int16_t\000"
 500      365F7400 
 501              	.LASF15:
 502 01bd 696E7433 		.ascii	"int32_t\000"
 502      325F7400 
 503              	.LASF17:
 504 01c5 73697A65 		.ascii	"sizetype\000"
 504      74797065 
 504      00
 505              	.LASF10:
 506 01ce 6C6F6E67 		.ascii	"long long int\000"
 506      206C6F6E 
 506      6720696E 
 506      7400
 507              	.LASF26:
 508 01dc 626C6F63 		.ascii	"blockSize\000"
 508      6B53697A 
 508      6500
 509              	.LASF18:
 510 01e6 63686172 		.ascii	"char\000"
 510      00
 511              	.LASF32:
 512 01eb 61726D5F 		.ascii	"arm_power_q7\000"
 512      706F7765 
 512      725F7137 
 512      00
 513              	.LASF4:
 514 01f8 73686F72 		.ascii	"short int\000"
 514      7420696E 
 514      7400
 515              	.LASF16:
 516 0202 75696E74 		.ascii	"uint32_t\000"
 516      33325F74 
 516      00
 517              	.LASF7:
 518 020b 6C6F6E67 		.ascii	"long int\000"
 518      20696E74 
 518      00
 519              	.LASF21:
 520 0214 6C6F6E67 		.ascii	"long double\000"
 520      20646F75 
 520      626C6500 
 521              	.LASF0:
 522 0220 7369676E 		.ascii	"signed char\000"
 522      65642063 
 522      68617200 
 523              	.LASF25:
 524 022c 70537263 		.ascii	"pSrc\000"
 524      00
 525              		.ident	"GCC: (GNU Tools for ARM Embedded Processors) 4.9.3 20150303 (release) [ARM/embedded-4_9-br
