ARM GAS  C:\Users\fneves\AppData\Local\Temp\ccXAbTbe.s 			page 1


   1              		.cpu cortex-m0plus
   2              		.fpu softvfp
   3              		.eabi_attribute 20, 1
   4              		.eabi_attribute 21, 1
   5              		.eabi_attribute 23, 3
   6              		.eabi_attribute 24, 1
   7              		.eabi_attribute 25, 1
   8              		.eabi_attribute 26, 1
   9              		.eabi_attribute 30, 6
  10              		.eabi_attribute 34, 0
  11              		.eabi_attribute 18, 4
  12              		.code	16
  13              		.file	"arm_fir_sparse_init_f32.c"
  14              		.text
  15              	.Ltext0:
  16              		.cfi_sections	.debug_frame
  17              		.section	.text.arm_fir_sparse_init_f32,"ax",%progbits
  18              		.align	2
  19              		.global	arm_fir_sparse_init_f32
  20              		.code	16
  21              		.thumb_func
  22              		.type	arm_fir_sparse_init_f32, %function
  23              	arm_fir_sparse_init_f32:
  24              	.LFB82:
  25              		.file 1 "Source\\FilteringFunctions\\arm_fir_sparse_init_f32.c"
   1:Source\FilteringFunctions/arm_fir_sparse_init_f32.c **** /* ----------------------------------------------------------------------
   2:Source\FilteringFunctions/arm_fir_sparse_init_f32.c ****  * Project:      CMSIS DSP Library
   3:Source\FilteringFunctions/arm_fir_sparse_init_f32.c ****  * Title:        arm_fir_sparse_init_f32.c
   4:Source\FilteringFunctions/arm_fir_sparse_init_f32.c ****  * Description:  Floating-point sparse FIR filter initialization function
   5:Source\FilteringFunctions/arm_fir_sparse_init_f32.c ****  *
   6:Source\FilteringFunctions/arm_fir_sparse_init_f32.c ****  * $Date:        27. January 2017
   7:Source\FilteringFunctions/arm_fir_sparse_init_f32.c ****  * $Revision:    V.1.5.1
   8:Source\FilteringFunctions/arm_fir_sparse_init_f32.c ****  *
   9:Source\FilteringFunctions/arm_fir_sparse_init_f32.c ****  * Target Processor: Cortex-M cores
  10:Source\FilteringFunctions/arm_fir_sparse_init_f32.c ****  * -------------------------------------------------------------------- */
  11:Source\FilteringFunctions/arm_fir_sparse_init_f32.c **** /*
  12:Source\FilteringFunctions/arm_fir_sparse_init_f32.c ****  * Copyright (C) 2010-2017 ARM Limited or its affiliates. All rights reserved.
  13:Source\FilteringFunctions/arm_fir_sparse_init_f32.c ****  *
  14:Source\FilteringFunctions/arm_fir_sparse_init_f32.c ****  * SPDX-License-Identifier: Apache-2.0
  15:Source\FilteringFunctions/arm_fir_sparse_init_f32.c ****  *
  16:Source\FilteringFunctions/arm_fir_sparse_init_f32.c ****  * Licensed under the Apache License, Version 2.0 (the License); you may
  17:Source\FilteringFunctions/arm_fir_sparse_init_f32.c ****  * not use this file except in compliance with the License.
  18:Source\FilteringFunctions/arm_fir_sparse_init_f32.c ****  * You may obtain a copy of the License at
  19:Source\FilteringFunctions/arm_fir_sparse_init_f32.c ****  *
  20:Source\FilteringFunctions/arm_fir_sparse_init_f32.c ****  * www.apache.org/licenses/LICENSE-2.0
  21:Source\FilteringFunctions/arm_fir_sparse_init_f32.c ****  *
  22:Source\FilteringFunctions/arm_fir_sparse_init_f32.c ****  * Unless required by applicable law or agreed to in writing, software
  23:Source\FilteringFunctions/arm_fir_sparse_init_f32.c ****  * distributed under the License is distributed on an AS IS BASIS, WITHOUT
  24:Source\FilteringFunctions/arm_fir_sparse_init_f32.c ****  * WARRANTIES OR CONDITIONS OF ANY KIND, either express or implied.
  25:Source\FilteringFunctions/arm_fir_sparse_init_f32.c ****  * See the License for the specific language governing permissions and
  26:Source\FilteringFunctions/arm_fir_sparse_init_f32.c ****  * limitations under the License.
  27:Source\FilteringFunctions/arm_fir_sparse_init_f32.c ****  */
  28:Source\FilteringFunctions/arm_fir_sparse_init_f32.c **** 
  29:Source\FilteringFunctions/arm_fir_sparse_init_f32.c **** #include "arm_math.h"
  30:Source\FilteringFunctions/arm_fir_sparse_init_f32.c **** 
  31:Source\FilteringFunctions/arm_fir_sparse_init_f32.c **** /**
  32:Source\FilteringFunctions/arm_fir_sparse_init_f32.c ****  * @ingroup groupFilters
ARM GAS  C:\Users\fneves\AppData\Local\Temp\ccXAbTbe.s 			page 2


  33:Source\FilteringFunctions/arm_fir_sparse_init_f32.c ****  */
  34:Source\FilteringFunctions/arm_fir_sparse_init_f32.c **** 
  35:Source\FilteringFunctions/arm_fir_sparse_init_f32.c **** /**
  36:Source\FilteringFunctions/arm_fir_sparse_init_f32.c ****  * @addtogroup FIR_Sparse
  37:Source\FilteringFunctions/arm_fir_sparse_init_f32.c ****  * @{
  38:Source\FilteringFunctions/arm_fir_sparse_init_f32.c ****  */
  39:Source\FilteringFunctions/arm_fir_sparse_init_f32.c **** 
  40:Source\FilteringFunctions/arm_fir_sparse_init_f32.c **** /**
  41:Source\FilteringFunctions/arm_fir_sparse_init_f32.c ****  * @brief  Initialization function for the floating-point sparse FIR filter.
  42:Source\FilteringFunctions/arm_fir_sparse_init_f32.c ****  * @param[in,out] *S         points to an instance of the floating-point sparse FIR structure.
  43:Source\FilteringFunctions/arm_fir_sparse_init_f32.c ****  * @param[in]     numTaps    number of nonzero coefficients in the filter.
  44:Source\FilteringFunctions/arm_fir_sparse_init_f32.c ****  * @param[in]     *pCoeffs   points to the array of filter coefficients.
  45:Source\FilteringFunctions/arm_fir_sparse_init_f32.c ****  * @param[in]     *pState    points to the state buffer.
  46:Source\FilteringFunctions/arm_fir_sparse_init_f32.c ****  * @param[in]     *pTapDelay points to the array of offset times.
  47:Source\FilteringFunctions/arm_fir_sparse_init_f32.c ****  * @param[in]     maxDelay   maximum offset time supported.
  48:Source\FilteringFunctions/arm_fir_sparse_init_f32.c ****  * @param[in]     blockSize  number of samples that will be processed per block.
  49:Source\FilteringFunctions/arm_fir_sparse_init_f32.c ****  * @return none
  50:Source\FilteringFunctions/arm_fir_sparse_init_f32.c ****  *
  51:Source\FilteringFunctions/arm_fir_sparse_init_f32.c ****  * <b>Description:</b>
  52:Source\FilteringFunctions/arm_fir_sparse_init_f32.c ****  * \par
  53:Source\FilteringFunctions/arm_fir_sparse_init_f32.c ****  * <code>pCoeffs</code> holds the filter coefficients and has length <code>numTaps</code>.
  54:Source\FilteringFunctions/arm_fir_sparse_init_f32.c ****  * <code>pState</code> holds the filter's state variables and must be of length
  55:Source\FilteringFunctions/arm_fir_sparse_init_f32.c ****  * <code>maxDelay + blockSize</code>, where <code>maxDelay</code>
  56:Source\FilteringFunctions/arm_fir_sparse_init_f32.c ****  * is the maximum number of delay line values.
  57:Source\FilteringFunctions/arm_fir_sparse_init_f32.c ****  * <code>blockSize</code> is the
  58:Source\FilteringFunctions/arm_fir_sparse_init_f32.c ****  * number of samples processed by the <code>arm_fir_sparse_f32()</code> function.
  59:Source\FilteringFunctions/arm_fir_sparse_init_f32.c ****  */
  60:Source\FilteringFunctions/arm_fir_sparse_init_f32.c **** 
  61:Source\FilteringFunctions/arm_fir_sparse_init_f32.c **** void arm_fir_sparse_init_f32(
  62:Source\FilteringFunctions/arm_fir_sparse_init_f32.c ****   arm_fir_sparse_instance_f32 * S,
  63:Source\FilteringFunctions/arm_fir_sparse_init_f32.c ****   uint16_t numTaps,
  64:Source\FilteringFunctions/arm_fir_sparse_init_f32.c ****   float32_t * pCoeffs,
  65:Source\FilteringFunctions/arm_fir_sparse_init_f32.c ****   float32_t * pState,
  66:Source\FilteringFunctions/arm_fir_sparse_init_f32.c ****   int32_t * pTapDelay,
  67:Source\FilteringFunctions/arm_fir_sparse_init_f32.c ****   uint16_t maxDelay,
  68:Source\FilteringFunctions/arm_fir_sparse_init_f32.c ****   uint32_t blockSize)
  69:Source\FilteringFunctions/arm_fir_sparse_init_f32.c **** {
  26              		.loc 1 69 0
  27              		.cfi_startproc
  28 0000 80B5     		push	{r7, lr}
  29              		.cfi_def_cfa_offset 8
  30              		.cfi_offset 7, -8
  31              		.cfi_offset 14, -4
  32 0002 84B0     		sub	sp, sp, #16
  33              		.cfi_def_cfa_offset 24
  34 0004 00AF     		add	r7, sp, #0
  35              		.cfi_def_cfa_register 7
  36 0006 F860     		str	r0, [r7, #12]
  37 0008 7A60     		str	r2, [r7, #4]
  38 000a 3B60     		str	r3, [r7]
  39 000c 0A23     		mov	r3, #10
  40 000e FB18     		add	r3, r7, r3
  41 0010 0A1C     		add	r2, r1, #0
  42 0012 1A80     		strh	r2, [r3]
  70:Source\FilteringFunctions/arm_fir_sparse_init_f32.c ****   /* Assign filter taps */
  71:Source\FilteringFunctions/arm_fir_sparse_init_f32.c ****   S->numTaps = numTaps;
  43              		.loc 1 71 0
ARM GAS  C:\Users\fneves\AppData\Local\Temp\ccXAbTbe.s 			page 3


  44 0014 FB68     		ldr	r3, [r7, #12]
  45 0016 0A22     		mov	r2, #10
  46 0018 BA18     		add	r2, r7, r2
  47 001a 1288     		ldrh	r2, [r2]
  48 001c 1A80     		strh	r2, [r3]
  72:Source\FilteringFunctions/arm_fir_sparse_init_f32.c **** 
  73:Source\FilteringFunctions/arm_fir_sparse_init_f32.c ****   /* Assign coefficient pointer */
  74:Source\FilteringFunctions/arm_fir_sparse_init_f32.c ****   S->pCoeffs = pCoeffs;
  49              		.loc 1 74 0
  50 001e FB68     		ldr	r3, [r7, #12]
  51 0020 7A68     		ldr	r2, [r7, #4]
  52 0022 9A60     		str	r2, [r3, #8]
  75:Source\FilteringFunctions/arm_fir_sparse_init_f32.c **** 
  76:Source\FilteringFunctions/arm_fir_sparse_init_f32.c ****   /* Assign TapDelay pointer */
  77:Source\FilteringFunctions/arm_fir_sparse_init_f32.c ****   S->pTapDelay = pTapDelay;
  53              		.loc 1 77 0
  54 0024 FB68     		ldr	r3, [r7, #12]
  55 0026 BA69     		ldr	r2, [r7, #24]
  56 0028 1A61     		str	r2, [r3, #16]
  78:Source\FilteringFunctions/arm_fir_sparse_init_f32.c **** 
  79:Source\FilteringFunctions/arm_fir_sparse_init_f32.c ****   /* Assign MaxDelay */
  80:Source\FilteringFunctions/arm_fir_sparse_init_f32.c ****   S->maxDelay = maxDelay;
  57              		.loc 1 80 0
  58 002a FB68     		ldr	r3, [r7, #12]
  59 002c 1C22     		mov	r2, #28
  60 002e BA18     		add	r2, r7, r2
  61 0030 1288     		ldrh	r2, [r2]
  62 0032 9A81     		strh	r2, [r3, #12]
  81:Source\FilteringFunctions/arm_fir_sparse_init_f32.c **** 
  82:Source\FilteringFunctions/arm_fir_sparse_init_f32.c ****   /* reset the stateIndex to 0 */
  83:Source\FilteringFunctions/arm_fir_sparse_init_f32.c ****   S->stateIndex = 0u;
  63              		.loc 1 83 0
  64 0034 FB68     		ldr	r3, [r7, #12]
  65 0036 0022     		mov	r2, #0
  66 0038 5A80     		strh	r2, [r3, #2]
  84:Source\FilteringFunctions/arm_fir_sparse_init_f32.c **** 
  85:Source\FilteringFunctions/arm_fir_sparse_init_f32.c ****   /* Clear state buffer and size is always maxDelay + blockSize */
  86:Source\FilteringFunctions/arm_fir_sparse_init_f32.c ****   memset(pState, 0, (maxDelay + blockSize) * sizeof(float32_t));
  67              		.loc 1 86 0
  68 003a 1C23     		mov	r3, #28
  69 003c FB18     		add	r3, r7, r3
  70 003e 1A88     		ldrh	r2, [r3]
  71 0040 3B6A     		ldr	r3, [r7, #32]
  72 0042 D318     		add	r3, r2, r3
  73 0044 9B00     		lsl	r3, r3, #2
  74 0046 3A68     		ldr	r2, [r7]
  75 0048 101C     		mov	r0, r2
  76 004a 0021     		mov	r1, #0
  77 004c 1A1C     		mov	r2, r3
  78 004e FFF7FEFF 		bl	memset
  87:Source\FilteringFunctions/arm_fir_sparse_init_f32.c **** 
  88:Source\FilteringFunctions/arm_fir_sparse_init_f32.c ****   /* Assign state pointer */
  89:Source\FilteringFunctions/arm_fir_sparse_init_f32.c ****   S->pState = pState;
  79              		.loc 1 89 0
  80 0052 FB68     		ldr	r3, [r7, #12]
  81 0054 3A68     		ldr	r2, [r7]
  82 0056 5A60     		str	r2, [r3, #4]
ARM GAS  C:\Users\fneves\AppData\Local\Temp\ccXAbTbe.s 			page 4


  90:Source\FilteringFunctions/arm_fir_sparse_init_f32.c **** 
  91:Source\FilteringFunctions/arm_fir_sparse_init_f32.c **** }
  83              		.loc 1 91 0
  84 0058 BD46     		mov	sp, r7
  85 005a 04B0     		add	sp, sp, #16
  86              		@ sp needed
  87 005c 80BD     		pop	{r7, pc}
  88              		.cfi_endproc
  89              	.LFE82:
  90              		.size	arm_fir_sparse_init_f32, .-arm_fir_sparse_init_f32
  91 005e C046     		.text
  92              	.Letext0:
  93              		.file 2 "c:\\program files (x86)\\cypress\\psoc creator\\4.0\\psoc creator\\import\\gnu\\arm\\4.9.
  94              		.file 3 "c:\\program files (x86)\\cypress\\psoc creator\\4.0\\psoc creator\\import\\gnu\\arm\\4.9.
  95              		.file 4 ".\\Include/arm_math.h"
  96              		.section	.debug_info,"",%progbits
  97              	.Ldebug_info0:
  98 0000 C5010000 		.4byte	0x1c5
  99 0004 0400     		.2byte	0x4
 100 0006 00000000 		.4byte	.Ldebug_abbrev0
 101 000a 04       		.byte	0x4
 102 000b 01       		.uleb128 0x1
 103 000c 19010000 		.4byte	.LASF29
 104 0010 01       		.byte	0x1
 105 0011 BC010000 		.4byte	.LASF30
 106 0015 36000000 		.4byte	.LASF31
 107 0019 00000000 		.4byte	.Ldebug_ranges0+0
 108 001d 00000000 		.4byte	0
 109 0021 00000000 		.4byte	.Ldebug_line0
 110 0025 02       		.uleb128 0x2
 111 0026 01       		.byte	0x1
 112 0027 06       		.byte	0x6
 113 0028 62020000 		.4byte	.LASF0
 114 002c 02       		.uleb128 0x2
 115 002d 01       		.byte	0x1
 116 002e 08       		.byte	0x8
 117 002f A5000000 		.4byte	.LASF1
 118 0033 02       		.uleb128 0x2
 119 0034 02       		.byte	0x2
 120 0035 05       		.byte	0x5
 121 0036 21020000 		.4byte	.LASF2
 122 003a 03       		.uleb128 0x3
 123 003b D8000000 		.4byte	.LASF4
 124 003f 02       		.byte	0x2
 125 0040 2B       		.byte	0x2b
 126 0041 45000000 		.4byte	0x45
 127 0045 02       		.uleb128 0x2
 128 0046 02       		.byte	0x2
 129 0047 07       		.byte	0x7
 130 0048 C5000000 		.4byte	.LASF3
 131 004c 03       		.uleb128 0x3
 132 004d 2C000000 		.4byte	.LASF5
 133 0051 02       		.byte	0x2
 134 0052 3F       		.byte	0x3f
 135 0053 57000000 		.4byte	0x57
 136 0057 02       		.uleb128 0x2
 137 0058 04       		.byte	0x4
ARM GAS  C:\Users\fneves\AppData\Local\Temp\ccXAbTbe.s 			page 5


 138 0059 05       		.byte	0x5
 139 005a 4D020000 		.4byte	.LASF6
 140 005e 03       		.uleb128 0x3
 141 005f EA000000 		.4byte	.LASF7
 142 0063 02       		.byte	0x2
 143 0064 41       		.byte	0x41
 144 0065 69000000 		.4byte	0x69
 145 0069 02       		.uleb128 0x2
 146 006a 04       		.byte	0x4
 147 006b 07       		.byte	0x7
 148 006c B3000000 		.4byte	.LASF8
 149 0070 02       		.uleb128 0x2
 150 0071 08       		.byte	0x8
 151 0072 05       		.byte	0x5
 152 0073 F0010000 		.4byte	.LASF9
 153 0077 02       		.uleb128 0x2
 154 0078 08       		.byte	0x8
 155 0079 07       		.byte	0x7
 156 007a 02010000 		.4byte	.LASF10
 157 007e 04       		.uleb128 0x4
 158 007f 04       		.byte	0x4
 159 0080 05       		.byte	0x5
 160 0081 696E7400 		.ascii	"int\000"
 161 0085 02       		.uleb128 0x2
 162 0086 04       		.byte	0x4
 163 0087 07       		.byte	0x7
 164 0088 F5000000 		.4byte	.LASF11
 165 008c 03       		.uleb128 0x3
 166 008d 33020000 		.4byte	.LASF12
 167 0091 03       		.byte	0x3
 168 0092 21       		.byte	0x21
 169 0093 3A000000 		.4byte	0x3a
 170 0097 03       		.uleb128 0x3
 171 0098 AB010000 		.4byte	.LASF13
 172 009c 03       		.byte	0x3
 173 009d 2C       		.byte	0x2c
 174 009e 4C000000 		.4byte	0x4c
 175 00a2 03       		.uleb128 0x3
 176 00a3 44020000 		.4byte	.LASF14
 177 00a7 03       		.byte	0x3
 178 00a8 2D       		.byte	0x2d
 179 00a9 5E000000 		.4byte	0x5e
 180 00ad 02       		.uleb128 0x2
 181 00ae 04       		.byte	0x4
 182 00af 07       		.byte	0x7
 183 00b0 B3010000 		.4byte	.LASF15
 184 00b4 02       		.uleb128 0x2
 185 00b5 01       		.byte	0x1
 186 00b6 08       		.byte	0x8
 187 00b7 08020000 		.4byte	.LASF16
 188 00bb 02       		.uleb128 0x2
 189 00bc 08       		.byte	0x8
 190 00bd 04       		.byte	0x4
 191 00be E3000000 		.4byte	.LASF17
 192 00c2 02       		.uleb128 0x2
 193 00c3 04       		.byte	0x4
 194 00c4 04       		.byte	0x4
ARM GAS  C:\Users\fneves\AppData\Local\Temp\ccXAbTbe.s 			page 6


 195 00c5 87000000 		.4byte	.LASF18
 196 00c9 02       		.uleb128 0x2
 197 00ca 08       		.byte	0x8
 198 00cb 04       		.byte	0x4
 199 00cc 56020000 		.4byte	.LASF19
 200 00d0 05       		.uleb128 0x5
 201 00d1 17020000 		.4byte	.LASF20
 202 00d5 04       		.byte	0x4
 203 00d6 A501     		.2byte	0x1a5
 204 00d8 C2000000 		.4byte	0xc2
 205 00dc 06       		.uleb128 0x6
 206 00dd 04       		.byte	0x4
 207 00de D0000000 		.4byte	0xd0
 208 00e2 07       		.uleb128 0x7
 209 00e3 14       		.byte	0x14
 210 00e4 04       		.byte	0x4
 211 00e5 8F11     		.2byte	0x118f
 212 00e7 3A010000 		.4byte	0x13a
 213 00eb 08       		.uleb128 0x8
 214 00ec 2B020000 		.4byte	.LASF21
 215 00f0 04       		.byte	0x4
 216 00f1 9111     		.2byte	0x1191
 217 00f3 8C000000 		.4byte	0x8c
 218 00f7 00       		.byte	0
 219 00f8 08       		.uleb128 0x8
 220 00f9 7C000000 		.4byte	.LASF22
 221 00fd 04       		.byte	0x4
 222 00fe 9211     		.2byte	0x1192
 223 0100 8C000000 		.4byte	0x8c
 224 0104 02       		.byte	0x2
 225 0105 08       		.uleb128 0x8
 226 0106 25000000 		.4byte	.LASF23
 227 010a 04       		.byte	0x4
 228 010b 9311     		.2byte	0x1193
 229 010d DC000000 		.4byte	0xdc
 230 0111 04       		.byte	0x4
 231 0112 08       		.uleb128 0x8
 232 0113 3C020000 		.4byte	.LASF24
 233 0117 04       		.byte	0x4
 234 0118 9411     		.2byte	0x1194
 235 011a DC000000 		.4byte	0xdc
 236 011e 08       		.byte	0x8
 237 011f 08       		.uleb128 0x8
 238 0120 1C000000 		.4byte	.LASF25
 239 0124 04       		.byte	0x4
 240 0125 9511     		.2byte	0x1195
 241 0127 8C000000 		.4byte	0x8c
 242 012b 0C       		.byte	0xc
 243 012c 08       		.uleb128 0x8
 244 012d 0D020000 		.4byte	.LASF26
 245 0131 04       		.byte	0x4
 246 0132 9611     		.2byte	0x1196
 247 0134 3A010000 		.4byte	0x13a
 248 0138 10       		.byte	0x10
 249 0139 00       		.byte	0
 250 013a 06       		.uleb128 0x6
 251 013b 04       		.byte	0x4
ARM GAS  C:\Users\fneves\AppData\Local\Temp\ccXAbTbe.s 			page 7


 252 013c 97000000 		.4byte	0x97
 253 0140 05       		.uleb128 0x5
 254 0141 00000000 		.4byte	.LASF27
 255 0145 04       		.byte	0x4
 256 0146 9711     		.2byte	0x1197
 257 0148 E2000000 		.4byte	0xe2
 258 014c 09       		.uleb128 0x9
 259 014d 8D000000 		.4byte	.LASF32
 260 0151 01       		.byte	0x1
 261 0152 3D       		.byte	0x3d
 262 0153 00000000 		.4byte	.LFB82
 263 0157 5E000000 		.4byte	.LFE82-.LFB82
 264 015b 01       		.uleb128 0x1
 265 015c 9C       		.byte	0x9c
 266 015d C2010000 		.4byte	0x1c2
 267 0161 0A       		.uleb128 0xa
 268 0162 5300     		.ascii	"S\000"
 269 0164 01       		.byte	0x1
 270 0165 3E       		.byte	0x3e
 271 0166 C2010000 		.4byte	0x1c2
 272 016a 02       		.uleb128 0x2
 273 016b 91       		.byte	0x91
 274 016c 74       		.sleb128 -12
 275 016d 0B       		.uleb128 0xb
 276 016e 2B020000 		.4byte	.LASF21
 277 0172 01       		.byte	0x1
 278 0173 3F       		.byte	0x3f
 279 0174 8C000000 		.4byte	0x8c
 280 0178 02       		.uleb128 0x2
 281 0179 91       		.byte	0x91
 282 017a 72       		.sleb128 -14
 283 017b 0B       		.uleb128 0xb
 284 017c 3C020000 		.4byte	.LASF24
 285 0180 01       		.byte	0x1
 286 0181 40       		.byte	0x40
 287 0182 DC000000 		.4byte	0xdc
 288 0186 02       		.uleb128 0x2
 289 0187 91       		.byte	0x91
 290 0188 6C       		.sleb128 -20
 291 0189 0B       		.uleb128 0xb
 292 018a 25000000 		.4byte	.LASF23
 293 018e 01       		.byte	0x1
 294 018f 41       		.byte	0x41
 295 0190 DC000000 		.4byte	0xdc
 296 0194 02       		.uleb128 0x2
 297 0195 91       		.byte	0x91
 298 0196 68       		.sleb128 -24
 299 0197 0B       		.uleb128 0xb
 300 0198 0D020000 		.4byte	.LASF26
 301 019c 01       		.byte	0x1
 302 019d 42       		.byte	0x42
 303 019e 3A010000 		.4byte	0x13a
 304 01a2 02       		.uleb128 0x2
 305 01a3 91       		.byte	0x91
 306 01a4 00       		.sleb128 0
 307 01a5 0B       		.uleb128 0xb
 308 01a6 1C000000 		.4byte	.LASF25
ARM GAS  C:\Users\fneves\AppData\Local\Temp\ccXAbTbe.s 			page 8


 309 01aa 01       		.byte	0x1
 310 01ab 43       		.byte	0x43
 311 01ac 8C000000 		.4byte	0x8c
 312 01b0 02       		.uleb128 0x2
 313 01b1 91       		.byte	0x91
 314 01b2 04       		.sleb128 4
 315 01b3 0B       		.uleb128 0xb
 316 01b4 FE010000 		.4byte	.LASF28
 317 01b8 01       		.byte	0x1
 318 01b9 44       		.byte	0x44
 319 01ba A2000000 		.4byte	0xa2
 320 01be 02       		.uleb128 0x2
 321 01bf 91       		.byte	0x91
 322 01c0 08       		.sleb128 8
 323 01c1 00       		.byte	0
 324 01c2 06       		.uleb128 0x6
 325 01c3 04       		.byte	0x4
 326 01c4 40010000 		.4byte	0x140
 327 01c8 00       		.byte	0
 328              		.section	.debug_abbrev,"",%progbits
 329              	.Ldebug_abbrev0:
 330 0000 01       		.uleb128 0x1
 331 0001 11       		.uleb128 0x11
 332 0002 01       		.byte	0x1
 333 0003 25       		.uleb128 0x25
 334 0004 0E       		.uleb128 0xe
 335 0005 13       		.uleb128 0x13
 336 0006 0B       		.uleb128 0xb
 337 0007 03       		.uleb128 0x3
 338 0008 0E       		.uleb128 0xe
 339 0009 1B       		.uleb128 0x1b
 340 000a 0E       		.uleb128 0xe
 341 000b 55       		.uleb128 0x55
 342 000c 17       		.uleb128 0x17
 343 000d 11       		.uleb128 0x11
 344 000e 01       		.uleb128 0x1
 345 000f 10       		.uleb128 0x10
 346 0010 17       		.uleb128 0x17
 347 0011 00       		.byte	0
 348 0012 00       		.byte	0
 349 0013 02       		.uleb128 0x2
 350 0014 24       		.uleb128 0x24
 351 0015 00       		.byte	0
 352 0016 0B       		.uleb128 0xb
 353 0017 0B       		.uleb128 0xb
 354 0018 3E       		.uleb128 0x3e
 355 0019 0B       		.uleb128 0xb
 356 001a 03       		.uleb128 0x3
 357 001b 0E       		.uleb128 0xe
 358 001c 00       		.byte	0
 359 001d 00       		.byte	0
 360 001e 03       		.uleb128 0x3
 361 001f 16       		.uleb128 0x16
 362 0020 00       		.byte	0
 363 0021 03       		.uleb128 0x3
 364 0022 0E       		.uleb128 0xe
 365 0023 3A       		.uleb128 0x3a
ARM GAS  C:\Users\fneves\AppData\Local\Temp\ccXAbTbe.s 			page 9


 366 0024 0B       		.uleb128 0xb
 367 0025 3B       		.uleb128 0x3b
 368 0026 0B       		.uleb128 0xb
 369 0027 49       		.uleb128 0x49
 370 0028 13       		.uleb128 0x13
 371 0029 00       		.byte	0
 372 002a 00       		.byte	0
 373 002b 04       		.uleb128 0x4
 374 002c 24       		.uleb128 0x24
 375 002d 00       		.byte	0
 376 002e 0B       		.uleb128 0xb
 377 002f 0B       		.uleb128 0xb
 378 0030 3E       		.uleb128 0x3e
 379 0031 0B       		.uleb128 0xb
 380 0032 03       		.uleb128 0x3
 381 0033 08       		.uleb128 0x8
 382 0034 00       		.byte	0
 383 0035 00       		.byte	0
 384 0036 05       		.uleb128 0x5
 385 0037 16       		.uleb128 0x16
 386 0038 00       		.byte	0
 387 0039 03       		.uleb128 0x3
 388 003a 0E       		.uleb128 0xe
 389 003b 3A       		.uleb128 0x3a
 390 003c 0B       		.uleb128 0xb
 391 003d 3B       		.uleb128 0x3b
 392 003e 05       		.uleb128 0x5
 393 003f 49       		.uleb128 0x49
 394 0040 13       		.uleb128 0x13
 395 0041 00       		.byte	0
 396 0042 00       		.byte	0
 397 0043 06       		.uleb128 0x6
 398 0044 0F       		.uleb128 0xf
 399 0045 00       		.byte	0
 400 0046 0B       		.uleb128 0xb
 401 0047 0B       		.uleb128 0xb
 402 0048 49       		.uleb128 0x49
 403 0049 13       		.uleb128 0x13
 404 004a 00       		.byte	0
 405 004b 00       		.byte	0
 406 004c 07       		.uleb128 0x7
 407 004d 13       		.uleb128 0x13
 408 004e 01       		.byte	0x1
 409 004f 0B       		.uleb128 0xb
 410 0050 0B       		.uleb128 0xb
 411 0051 3A       		.uleb128 0x3a
 412 0052 0B       		.uleb128 0xb
 413 0053 3B       		.uleb128 0x3b
 414 0054 05       		.uleb128 0x5
 415 0055 01       		.uleb128 0x1
 416 0056 13       		.uleb128 0x13
 417 0057 00       		.byte	0
 418 0058 00       		.byte	0
 419 0059 08       		.uleb128 0x8
 420 005a 0D       		.uleb128 0xd
 421 005b 00       		.byte	0
 422 005c 03       		.uleb128 0x3
ARM GAS  C:\Users\fneves\AppData\Local\Temp\ccXAbTbe.s 			page 10


 423 005d 0E       		.uleb128 0xe
 424 005e 3A       		.uleb128 0x3a
 425 005f 0B       		.uleb128 0xb
 426 0060 3B       		.uleb128 0x3b
 427 0061 05       		.uleb128 0x5
 428 0062 49       		.uleb128 0x49
 429 0063 13       		.uleb128 0x13
 430 0064 38       		.uleb128 0x38
 431 0065 0B       		.uleb128 0xb
 432 0066 00       		.byte	0
 433 0067 00       		.byte	0
 434 0068 09       		.uleb128 0x9
 435 0069 2E       		.uleb128 0x2e
 436 006a 01       		.byte	0x1
 437 006b 3F       		.uleb128 0x3f
 438 006c 19       		.uleb128 0x19
 439 006d 03       		.uleb128 0x3
 440 006e 0E       		.uleb128 0xe
 441 006f 3A       		.uleb128 0x3a
 442 0070 0B       		.uleb128 0xb
 443 0071 3B       		.uleb128 0x3b
 444 0072 0B       		.uleb128 0xb
 445 0073 27       		.uleb128 0x27
 446 0074 19       		.uleb128 0x19
 447 0075 11       		.uleb128 0x11
 448 0076 01       		.uleb128 0x1
 449 0077 12       		.uleb128 0x12
 450 0078 06       		.uleb128 0x6
 451 0079 40       		.uleb128 0x40
 452 007a 18       		.uleb128 0x18
 453 007b 9642     		.uleb128 0x2116
 454 007d 19       		.uleb128 0x19
 455 007e 01       		.uleb128 0x1
 456 007f 13       		.uleb128 0x13
 457 0080 00       		.byte	0
 458 0081 00       		.byte	0
 459 0082 0A       		.uleb128 0xa
 460 0083 05       		.uleb128 0x5
 461 0084 00       		.byte	0
 462 0085 03       		.uleb128 0x3
 463 0086 08       		.uleb128 0x8
 464 0087 3A       		.uleb128 0x3a
 465 0088 0B       		.uleb128 0xb
 466 0089 3B       		.uleb128 0x3b
 467 008a 0B       		.uleb128 0xb
 468 008b 49       		.uleb128 0x49
 469 008c 13       		.uleb128 0x13
 470 008d 02       		.uleb128 0x2
 471 008e 18       		.uleb128 0x18
 472 008f 00       		.byte	0
 473 0090 00       		.byte	0
 474 0091 0B       		.uleb128 0xb
 475 0092 05       		.uleb128 0x5
 476 0093 00       		.byte	0
 477 0094 03       		.uleb128 0x3
 478 0095 0E       		.uleb128 0xe
 479 0096 3A       		.uleb128 0x3a
ARM GAS  C:\Users\fneves\AppData\Local\Temp\ccXAbTbe.s 			page 11


 480 0097 0B       		.uleb128 0xb
 481 0098 3B       		.uleb128 0x3b
 482 0099 0B       		.uleb128 0xb
 483 009a 49       		.uleb128 0x49
 484 009b 13       		.uleb128 0x13
 485 009c 02       		.uleb128 0x2
 486 009d 18       		.uleb128 0x18
 487 009e 00       		.byte	0
 488 009f 00       		.byte	0
 489 00a0 00       		.byte	0
 490              		.section	.debug_aranges,"",%progbits
 491 0000 1C000000 		.4byte	0x1c
 492 0004 0200     		.2byte	0x2
 493 0006 00000000 		.4byte	.Ldebug_info0
 494 000a 04       		.byte	0x4
 495 000b 00       		.byte	0
 496 000c 0000     		.2byte	0
 497 000e 0000     		.2byte	0
 498 0010 00000000 		.4byte	.LFB82
 499 0014 5E000000 		.4byte	.LFE82-.LFB82
 500 0018 00000000 		.4byte	0
 501 001c 00000000 		.4byte	0
 502              		.section	.debug_ranges,"",%progbits
 503              	.Ldebug_ranges0:
 504 0000 00000000 		.4byte	.LFB82
 505 0004 5E000000 		.4byte	.LFE82
 506 0008 00000000 		.4byte	0
 507 000c 00000000 		.4byte	0
 508              		.section	.debug_line,"",%progbits
 509              	.Ldebug_line0:
 510 0000 78010000 		.section	.debug_str,"MS",%progbits,1
 510      02005A01 
 510      00000201 
 510      FB0E0D00 
 510      01010101 
 511              	.LASF27:
 512 0000 61726D5F 		.ascii	"arm_fir_sparse_instance_f32\000"
 512      6669725F 
 512      73706172 
 512      73655F69 
 512      6E737461 
 513              	.LASF25:
 514 001c 6D617844 		.ascii	"maxDelay\000"
 514      656C6179 
 514      00
 515              	.LASF23:
 516 0025 70537461 		.ascii	"pState\000"
 516      746500
 517              	.LASF5:
 518 002c 5F5F696E 		.ascii	"__int32_t\000"
 518      7433325F 
 518      7400
 519              	.LASF31:
 520 0036 433A5C55 		.ascii	"C:\\Users\\fneves\\Documents\\PSoC Creator\\wp_1\\e"
 520      73657273 
 520      5C666E65 
 520      7665735C 
ARM GAS  C:\Users\fneves\AppData\Local\Temp\ccXAbTbe.s 			page 12


 520      446F6375 
 521 0063 6E67696E 		.ascii	"ngine_speed_sensor.cydsn\000"
 521      655F7370 
 521      6565645F 
 521      73656E73 
 521      6F722E63 
 522              	.LASF22:
 523 007c 73746174 		.ascii	"stateIndex\000"
 523      65496E64 
 523      657800
 524              	.LASF18:
 525 0087 666C6F61 		.ascii	"float\000"
 525      7400
 526              	.LASF32:
 527 008d 61726D5F 		.ascii	"arm_fir_sparse_init_f32\000"
 527      6669725F 
 527      73706172 
 527      73655F69 
 527      6E69745F 
 528              	.LASF1:
 529 00a5 756E7369 		.ascii	"unsigned char\000"
 529      676E6564 
 529      20636861 
 529      7200
 530              	.LASF8:
 531 00b3 6C6F6E67 		.ascii	"long unsigned int\000"
 531      20756E73 
 531      69676E65 
 531      6420696E 
 531      7400
 532              	.LASF3:
 533 00c5 73686F72 		.ascii	"short unsigned int\000"
 533      7420756E 
 533      7369676E 
 533      65642069 
 533      6E7400
 534              	.LASF4:
 535 00d8 5F5F7569 		.ascii	"__uint16_t\000"
 535      6E743136 
 535      5F7400
 536              	.LASF17:
 537 00e3 646F7562 		.ascii	"double\000"
 537      6C6500
 538              	.LASF7:
 539 00ea 5F5F7569 		.ascii	"__uint32_t\000"
 539      6E743332 
 539      5F7400
 540              	.LASF11:
 541 00f5 756E7369 		.ascii	"unsigned int\000"
 541      676E6564 
 541      20696E74 
 541      00
 542              	.LASF10:
 543 0102 6C6F6E67 		.ascii	"long long unsigned int\000"
 543      206C6F6E 
 543      6720756E 
 543      7369676E 
ARM GAS  C:\Users\fneves\AppData\Local\Temp\ccXAbTbe.s 			page 13


 543      65642069 
 544              	.LASF29:
 545 0119 474E5520 		.ascii	"GNU C 4.9.3 20150303 (release) [ARM/embedded-4_9-br"
 545      4320342E 
 545      392E3320 
 545      32303135 
 545      30333033 
 546 014c 616E6368 		.ascii	"anch revision 221220] -mcpu=cortex-m0plus -mthumb -"
 546      20726576 
 546      6973696F 
 546      6E203232 
 546      31323230 
 547 017f 67202D4F 		.ascii	"g -O0 -ffunction-sections -ffat-lto-objects\000"
 547      30202D66 
 547      66756E63 
 547      74696F6E 
 547      2D736563 
 548              	.LASF13:
 549 01ab 696E7433 		.ascii	"int32_t\000"
 549      325F7400 
 550              	.LASF15:
 551 01b3 73697A65 		.ascii	"sizetype\000"
 551      74797065 
 551      00
 552              	.LASF30:
 553 01bc 536F7572 		.ascii	"Source\\FilteringFunctions\\arm_fir_sparse_init_f32"
 553      63655C46 
 553      696C7465 
 553      72696E67 
 553      46756E63 
 554 01ed 2E6300   		.ascii	".c\000"
 555              	.LASF9:
 556 01f0 6C6F6E67 		.ascii	"long long int\000"
 556      206C6F6E 
 556      6720696E 
 556      7400
 557              	.LASF28:
 558 01fe 626C6F63 		.ascii	"blockSize\000"
 558      6B53697A 
 558      6500
 559              	.LASF16:
 560 0208 63686172 		.ascii	"char\000"
 560      00
 561              	.LASF26:
 562 020d 70546170 		.ascii	"pTapDelay\000"
 562      44656C61 
 562      7900
 563              	.LASF20:
 564 0217 666C6F61 		.ascii	"float32_t\000"
 564      7433325F 
 564      7400
 565              	.LASF2:
 566 0221 73686F72 		.ascii	"short int\000"
 566      7420696E 
 566      7400
 567              	.LASF21:
 568 022b 6E756D54 		.ascii	"numTaps\000"
ARM GAS  C:\Users\fneves\AppData\Local\Temp\ccXAbTbe.s 			page 14


 568      61707300 
 569              	.LASF12:
 570 0233 75696E74 		.ascii	"uint16_t\000"
 570      31365F74 
 570      00
 571              	.LASF24:
 572 023c 70436F65 		.ascii	"pCoeffs\000"
 572      66667300 
 573              	.LASF14:
 574 0244 75696E74 		.ascii	"uint32_t\000"
 574      33325F74 
 574      00
 575              	.LASF6:
 576 024d 6C6F6E67 		.ascii	"long int\000"
 576      20696E74 
 576      00
 577              	.LASF19:
 578 0256 6C6F6E67 		.ascii	"long double\000"
 578      20646F75 
 578      626C6500 
 579              	.LASF0:
 580 0262 7369676E 		.ascii	"signed char\000"
 580      65642063 
 580      68617200 
 581              		.ident	"GCC: (GNU Tools for ARM Embedded Processors) 4.9.3 20150303 (release) [ARM/embedded-4_9-br
