ARM GAS  C:\Users\fneves\AppData\Local\Temp\cctWle2z.s 			page 1


   1              		.cpu cortex-m0plus
   2              		.fpu softvfp
   3              		.eabi_attribute 20, 1
   4              		.eabi_attribute 21, 1
   5              		.eabi_attribute 23, 3
   6              		.eabi_attribute 24, 1
   7              		.eabi_attribute 25, 1
   8              		.eabi_attribute 26, 1
   9              		.eabi_attribute 30, 6
  10              		.eabi_attribute 34, 0
  11              		.eabi_attribute 18, 4
  12              		.code	16
  13              		.file	"arm_fir_lattice_init_f32.c"
  14              		.text
  15              	.Ltext0:
  16              		.cfi_sections	.debug_frame
  17              		.section	.text.arm_fir_lattice_init_f32,"ax",%progbits
  18              		.align	2
  19              		.global	arm_fir_lattice_init_f32
  20              		.code	16
  21              		.thumb_func
  22              		.type	arm_fir_lattice_init_f32, %function
  23              	arm_fir_lattice_init_f32:
  24              	.LFB82:
  25              		.file 1 "Source\\FilteringFunctions\\arm_fir_lattice_init_f32.c"
   1:Source\FilteringFunctions/arm_fir_lattice_init_f32.c **** /* ----------------------------------------------------------------------
   2:Source\FilteringFunctions/arm_fir_lattice_init_f32.c ****  * Project:      CMSIS DSP Library
   3:Source\FilteringFunctions/arm_fir_lattice_init_f32.c ****  * Title:        arm_fir_lattice_init_f32.c
   4:Source\FilteringFunctions/arm_fir_lattice_init_f32.c ****  * Description:  Floating-point FIR Lattice filter initialization function
   5:Source\FilteringFunctions/arm_fir_lattice_init_f32.c ****  *
   6:Source\FilteringFunctions/arm_fir_lattice_init_f32.c ****  * $Date:        27. January 2017
   7:Source\FilteringFunctions/arm_fir_lattice_init_f32.c ****  * $Revision:    V.1.5.1
   8:Source\FilteringFunctions/arm_fir_lattice_init_f32.c ****  *
   9:Source\FilteringFunctions/arm_fir_lattice_init_f32.c ****  * Target Processor: Cortex-M cores
  10:Source\FilteringFunctions/arm_fir_lattice_init_f32.c ****  * -------------------------------------------------------------------- */
  11:Source\FilteringFunctions/arm_fir_lattice_init_f32.c **** /*
  12:Source\FilteringFunctions/arm_fir_lattice_init_f32.c ****  * Copyright (C) 2010-2017 ARM Limited or its affiliates. All rights reserved.
  13:Source\FilteringFunctions/arm_fir_lattice_init_f32.c ****  *
  14:Source\FilteringFunctions/arm_fir_lattice_init_f32.c ****  * SPDX-License-Identifier: Apache-2.0
  15:Source\FilteringFunctions/arm_fir_lattice_init_f32.c ****  *
  16:Source\FilteringFunctions/arm_fir_lattice_init_f32.c ****  * Licensed under the Apache License, Version 2.0 (the License); you may
  17:Source\FilteringFunctions/arm_fir_lattice_init_f32.c ****  * not use this file except in compliance with the License.
  18:Source\FilteringFunctions/arm_fir_lattice_init_f32.c ****  * You may obtain a copy of the License at
  19:Source\FilteringFunctions/arm_fir_lattice_init_f32.c ****  *
  20:Source\FilteringFunctions/arm_fir_lattice_init_f32.c ****  * www.apache.org/licenses/LICENSE-2.0
  21:Source\FilteringFunctions/arm_fir_lattice_init_f32.c ****  *
  22:Source\FilteringFunctions/arm_fir_lattice_init_f32.c ****  * Unless required by applicable law or agreed to in writing, software
  23:Source\FilteringFunctions/arm_fir_lattice_init_f32.c ****  * distributed under the License is distributed on an AS IS BASIS, WITHOUT
  24:Source\FilteringFunctions/arm_fir_lattice_init_f32.c ****  * WARRANTIES OR CONDITIONS OF ANY KIND, either express or implied.
  25:Source\FilteringFunctions/arm_fir_lattice_init_f32.c ****  * See the License for the specific language governing permissions and
  26:Source\FilteringFunctions/arm_fir_lattice_init_f32.c ****  * limitations under the License.
  27:Source\FilteringFunctions/arm_fir_lattice_init_f32.c ****  */
  28:Source\FilteringFunctions/arm_fir_lattice_init_f32.c **** 
  29:Source\FilteringFunctions/arm_fir_lattice_init_f32.c **** #include "arm_math.h"
  30:Source\FilteringFunctions/arm_fir_lattice_init_f32.c **** 
  31:Source\FilteringFunctions/arm_fir_lattice_init_f32.c **** /**
  32:Source\FilteringFunctions/arm_fir_lattice_init_f32.c ****  * @ingroup groupFilters
ARM GAS  C:\Users\fneves\AppData\Local\Temp\cctWle2z.s 			page 2


  33:Source\FilteringFunctions/arm_fir_lattice_init_f32.c ****  */
  34:Source\FilteringFunctions/arm_fir_lattice_init_f32.c **** 
  35:Source\FilteringFunctions/arm_fir_lattice_init_f32.c **** /**
  36:Source\FilteringFunctions/arm_fir_lattice_init_f32.c ****  * @addtogroup FIR_Lattice
  37:Source\FilteringFunctions/arm_fir_lattice_init_f32.c ****  * @{
  38:Source\FilteringFunctions/arm_fir_lattice_init_f32.c ****  */
  39:Source\FilteringFunctions/arm_fir_lattice_init_f32.c **** 
  40:Source\FilteringFunctions/arm_fir_lattice_init_f32.c **** /**
  41:Source\FilteringFunctions/arm_fir_lattice_init_f32.c ****  * @brief Initialization function for the floating-point FIR lattice filter.
  42:Source\FilteringFunctions/arm_fir_lattice_init_f32.c ****  * @param[in] *S points to an instance of the floating-point FIR lattice structure.
  43:Source\FilteringFunctions/arm_fir_lattice_init_f32.c ****  * @param[in] numStages  number of filter stages.
  44:Source\FilteringFunctions/arm_fir_lattice_init_f32.c ****  * @param[in] *pCoeffs points to the coefficient buffer.  The array is of length numStages.
  45:Source\FilteringFunctions/arm_fir_lattice_init_f32.c ****  * @param[in] *pState points to the state buffer.  The array is of length numStages.
  46:Source\FilteringFunctions/arm_fir_lattice_init_f32.c ****  * @return none.
  47:Source\FilteringFunctions/arm_fir_lattice_init_f32.c ****  */
  48:Source\FilteringFunctions/arm_fir_lattice_init_f32.c **** 
  49:Source\FilteringFunctions/arm_fir_lattice_init_f32.c **** void arm_fir_lattice_init_f32(
  50:Source\FilteringFunctions/arm_fir_lattice_init_f32.c ****   arm_fir_lattice_instance_f32 * S,
  51:Source\FilteringFunctions/arm_fir_lattice_init_f32.c ****   uint16_t numStages,
  52:Source\FilteringFunctions/arm_fir_lattice_init_f32.c ****   float32_t * pCoeffs,
  53:Source\FilteringFunctions/arm_fir_lattice_init_f32.c ****   float32_t * pState)
  54:Source\FilteringFunctions/arm_fir_lattice_init_f32.c **** {
  26              		.loc 1 54 0
  27              		.cfi_startproc
  28 0000 80B5     		push	{r7, lr}
  29              		.cfi_def_cfa_offset 8
  30              		.cfi_offset 7, -8
  31              		.cfi_offset 14, -4
  32 0002 84B0     		sub	sp, sp, #16
  33              		.cfi_def_cfa_offset 24
  34 0004 00AF     		add	r7, sp, #0
  35              		.cfi_def_cfa_register 7
  36 0006 F860     		str	r0, [r7, #12]
  37 0008 7A60     		str	r2, [r7, #4]
  38 000a 3B60     		str	r3, [r7]
  39 000c 0A23     		mov	r3, #10
  40 000e FB18     		add	r3, r7, r3
  41 0010 0A1C     		add	r2, r1, #0
  42 0012 1A80     		strh	r2, [r3]
  55:Source\FilteringFunctions/arm_fir_lattice_init_f32.c ****   /* Assign filter taps */
  56:Source\FilteringFunctions/arm_fir_lattice_init_f32.c ****   S->numStages = numStages;
  43              		.loc 1 56 0
  44 0014 FB68     		ldr	r3, [r7, #12]
  45 0016 0A22     		mov	r2, #10
  46 0018 BA18     		add	r2, r7, r2
  47 001a 1288     		ldrh	r2, [r2]
  48 001c 1A80     		strh	r2, [r3]
  57:Source\FilteringFunctions/arm_fir_lattice_init_f32.c **** 
  58:Source\FilteringFunctions/arm_fir_lattice_init_f32.c ****   /* Assign coefficient pointer */
  59:Source\FilteringFunctions/arm_fir_lattice_init_f32.c ****   S->pCoeffs = pCoeffs;
  49              		.loc 1 59 0
  50 001e FB68     		ldr	r3, [r7, #12]
  51 0020 7A68     		ldr	r2, [r7, #4]
  52 0022 9A60     		str	r2, [r3, #8]
  60:Source\FilteringFunctions/arm_fir_lattice_init_f32.c **** 
  61:Source\FilteringFunctions/arm_fir_lattice_init_f32.c ****   /* Clear state buffer and size is always numStages */
  62:Source\FilteringFunctions/arm_fir_lattice_init_f32.c ****   memset(pState, 0, (numStages) * sizeof(float32_t));
ARM GAS  C:\Users\fneves\AppData\Local\Temp\cctWle2z.s 			page 3


  53              		.loc 1 62 0
  54 0024 0A23     		mov	r3, #10
  55 0026 FB18     		add	r3, r7, r3
  56 0028 1B88     		ldrh	r3, [r3]
  57 002a 9B00     		lsl	r3, r3, #2
  58 002c 3A68     		ldr	r2, [r7]
  59 002e 101C     		mov	r0, r2
  60 0030 0021     		mov	r1, #0
  61 0032 1A1C     		mov	r2, r3
  62 0034 FFF7FEFF 		bl	memset
  63:Source\FilteringFunctions/arm_fir_lattice_init_f32.c **** 
  64:Source\FilteringFunctions/arm_fir_lattice_init_f32.c ****   /* Assign state pointer */
  65:Source\FilteringFunctions/arm_fir_lattice_init_f32.c ****   S->pState = pState;
  63              		.loc 1 65 0
  64 0038 FB68     		ldr	r3, [r7, #12]
  65 003a 3A68     		ldr	r2, [r7]
  66 003c 5A60     		str	r2, [r3, #4]
  66:Source\FilteringFunctions/arm_fir_lattice_init_f32.c **** 
  67:Source\FilteringFunctions/arm_fir_lattice_init_f32.c **** }
  67              		.loc 1 67 0
  68 003e BD46     		mov	sp, r7
  69 0040 04B0     		add	sp, sp, #16
  70              		@ sp needed
  71 0042 80BD     		pop	{r7, pc}
  72              		.cfi_endproc
  73              	.LFE82:
  74              		.size	arm_fir_lattice_init_f32, .-arm_fir_lattice_init_f32
  75              		.text
  76              	.Letext0:
  77              		.file 2 "c:\\program files (x86)\\cypress\\psoc creator\\4.0\\psoc creator\\import\\gnu\\arm\\4.9.
  78              		.file 3 "c:\\program files (x86)\\cypress\\psoc creator\\4.0\\psoc creator\\import\\gnu\\arm\\4.9.
  79              		.file 4 ".\\Include/arm_math.h"
  80              		.section	.debug_info,"",%progbits
  81              	.Ldebug_info0:
  82 0000 42010000 		.4byte	0x142
  83 0004 0400     		.2byte	0x4
  84 0006 00000000 		.4byte	.Ldebug_abbrev0
  85 000a 04       		.byte	0x4
  86 000b 01       		.uleb128 0x1
  87 000c 93010000 		.4byte	.LASF21
  88 0010 01       		.byte	0x1
  89 0011 4E000000 		.4byte	.LASF22
  90 0015 FF000000 		.4byte	.LASF23
  91 0019 00000000 		.4byte	.Ldebug_ranges0+0
  92 001d 00000000 		.4byte	0
  93 0021 00000000 		.4byte	.Ldebug_line0
  94 0025 02       		.uleb128 0x2
  95 0026 01       		.byte	0x1
  96 0027 06       		.byte	0x6
  97 0028 E7000000 		.4byte	.LASF0
  98 002c 02       		.uleb128 0x2
  99 002d 01       		.byte	0x1
 100 002e 08       		.byte	0x8
 101 002f 9D000000 		.4byte	.LASF1
 102 0033 02       		.uleb128 0x2
 103 0034 02       		.byte	0x2
 104 0035 05       		.byte	0x5
ARM GAS  C:\Users\fneves\AppData\Local\Temp\cctWle2z.s 			page 4


 105 0036 B9000000 		.4byte	.LASF2
 106 003a 03       		.uleb128 0x3
 107 003b 92000000 		.4byte	.LASF9
 108 003f 02       		.byte	0x2
 109 0040 2B       		.byte	0x2b
 110 0041 45000000 		.4byte	0x45
 111 0045 02       		.uleb128 0x2
 112 0046 02       		.byte	0x2
 113 0047 07       		.byte	0x7
 114 0048 D4000000 		.4byte	.LASF3
 115 004c 02       		.uleb128 0x2
 116 004d 04       		.byte	0x4
 117 004e 05       		.byte	0x5
 118 004f B0000000 		.4byte	.LASF4
 119 0053 02       		.uleb128 0x2
 120 0054 04       		.byte	0x4
 121 0055 07       		.byte	0x7
 122 0056 25000000 		.4byte	.LASF5
 123 005a 02       		.uleb128 0x2
 124 005b 08       		.byte	0x8
 125 005c 05       		.byte	0x5
 126 005d 00000000 		.4byte	.LASF6
 127 0061 02       		.uleb128 0x2
 128 0062 08       		.byte	0x8
 129 0063 07       		.byte	0x7
 130 0064 37000000 		.4byte	.LASF7
 131 0068 04       		.uleb128 0x4
 132 0069 04       		.byte	0x4
 133 006a 05       		.byte	0x5
 134 006b 696E7400 		.ascii	"int\000"
 135 006f 02       		.uleb128 0x2
 136 0070 04       		.byte	0x4
 137 0071 07       		.byte	0x7
 138 0072 0E000000 		.4byte	.LASF8
 139 0076 03       		.uleb128 0x3
 140 0077 45010000 		.4byte	.LASF10
 141 007b 03       		.byte	0x3
 142 007c 21       		.byte	0x21
 143 007d 3A000000 		.4byte	0x3a
 144 0081 02       		.uleb128 0x2
 145 0082 04       		.byte	0x4
 146 0083 07       		.byte	0x7
 147 0084 4E010000 		.4byte	.LASF11
 148 0088 02       		.uleb128 0x2
 149 0089 01       		.byte	0x1
 150 008a 08       		.byte	0x8
 151 008b AB000000 		.4byte	.LASF12
 152 008f 02       		.uleb128 0x2
 153 0090 08       		.byte	0x8
 154 0091 04       		.byte	0x4
 155 0092 C3000000 		.4byte	.LASF13
 156 0096 02       		.uleb128 0x2
 157 0097 04       		.byte	0x4
 158 0098 04       		.byte	0x4
 159 0099 70010000 		.4byte	.LASF14
 160 009d 02       		.uleb128 0x2
 161 009e 08       		.byte	0x8
ARM GAS  C:\Users\fneves\AppData\Local\Temp\cctWle2z.s 			page 5


 162 009f 04       		.byte	0x4
 163 00a0 F3000000 		.4byte	.LASF15
 164 00a4 05       		.uleb128 0x5
 165 00a5 1B000000 		.4byte	.LASF16
 166 00a9 04       		.byte	0x4
 167 00aa A501     		.2byte	0x1a5
 168 00ac 96000000 		.4byte	0x96
 169 00b0 06       		.uleb128 0x6
 170 00b1 04       		.byte	0x4
 171 00b2 A4000000 		.4byte	0xa4
 172 00b6 07       		.uleb128 0x7
 173 00b7 0C       		.byte	0xc
 174 00b8 04       		.byte	0x4
 175 00b9 E00E     		.2byte	0xee0
 176 00bb E7000000 		.4byte	0xe7
 177 00bf 08       		.uleb128 0x8
 178 00c0 CA000000 		.4byte	.LASF17
 179 00c4 04       		.byte	0x4
 180 00c5 E20E     		.2byte	0xee2
 181 00c7 76000000 		.4byte	0x76
 182 00cb 00       		.byte	0
 183 00cc 08       		.uleb128 0x8
 184 00cd 83000000 		.4byte	.LASF18
 185 00d1 04       		.byte	0x4
 186 00d2 E30E     		.2byte	0xee3
 187 00d4 B0000000 		.4byte	0xb0
 188 00d8 04       		.byte	0x4
 189 00d9 08       		.uleb128 0x8
 190 00da 8A000000 		.4byte	.LASF19
 191 00de 04       		.byte	0x4
 192 00df E40E     		.2byte	0xee4
 193 00e1 B0000000 		.4byte	0xb0
 194 00e5 08       		.byte	0x8
 195 00e6 00       		.byte	0
 196 00e7 05       		.uleb128 0x5
 197 00e8 76010000 		.4byte	.LASF20
 198 00ec 04       		.byte	0x4
 199 00ed E50E     		.2byte	0xee5
 200 00ef B6000000 		.4byte	0xb6
 201 00f3 09       		.uleb128 0x9
 202 00f4 57010000 		.4byte	.LASF24
 203 00f8 01       		.byte	0x1
 204 00f9 31       		.byte	0x31
 205 00fa 00000000 		.4byte	.LFB82
 206 00fe 44000000 		.4byte	.LFE82-.LFB82
 207 0102 01       		.uleb128 0x1
 208 0103 9C       		.byte	0x9c
 209 0104 3F010000 		.4byte	0x13f
 210 0108 0A       		.uleb128 0xa
 211 0109 5300     		.ascii	"S\000"
 212 010b 01       		.byte	0x1
 213 010c 32       		.byte	0x32
 214 010d 3F010000 		.4byte	0x13f
 215 0111 02       		.uleb128 0x2
 216 0112 91       		.byte	0x91
 217 0113 74       		.sleb128 -12
 218 0114 0B       		.uleb128 0xb
ARM GAS  C:\Users\fneves\AppData\Local\Temp\cctWle2z.s 			page 6


 219 0115 CA000000 		.4byte	.LASF17
 220 0119 01       		.byte	0x1
 221 011a 33       		.byte	0x33
 222 011b 76000000 		.4byte	0x76
 223 011f 02       		.uleb128 0x2
 224 0120 91       		.byte	0x91
 225 0121 72       		.sleb128 -14
 226 0122 0B       		.uleb128 0xb
 227 0123 8A000000 		.4byte	.LASF19
 228 0127 01       		.byte	0x1
 229 0128 34       		.byte	0x34
 230 0129 B0000000 		.4byte	0xb0
 231 012d 02       		.uleb128 0x2
 232 012e 91       		.byte	0x91
 233 012f 6C       		.sleb128 -20
 234 0130 0B       		.uleb128 0xb
 235 0131 83000000 		.4byte	.LASF18
 236 0135 01       		.byte	0x1
 237 0136 35       		.byte	0x35
 238 0137 B0000000 		.4byte	0xb0
 239 013b 02       		.uleb128 0x2
 240 013c 91       		.byte	0x91
 241 013d 68       		.sleb128 -24
 242 013e 00       		.byte	0
 243 013f 06       		.uleb128 0x6
 244 0140 04       		.byte	0x4
 245 0141 E7000000 		.4byte	0xe7
 246 0145 00       		.byte	0
 247              		.section	.debug_abbrev,"",%progbits
 248              	.Ldebug_abbrev0:
 249 0000 01       		.uleb128 0x1
 250 0001 11       		.uleb128 0x11
 251 0002 01       		.byte	0x1
 252 0003 25       		.uleb128 0x25
 253 0004 0E       		.uleb128 0xe
 254 0005 13       		.uleb128 0x13
 255 0006 0B       		.uleb128 0xb
 256 0007 03       		.uleb128 0x3
 257 0008 0E       		.uleb128 0xe
 258 0009 1B       		.uleb128 0x1b
 259 000a 0E       		.uleb128 0xe
 260 000b 55       		.uleb128 0x55
 261 000c 17       		.uleb128 0x17
 262 000d 11       		.uleb128 0x11
 263 000e 01       		.uleb128 0x1
 264 000f 10       		.uleb128 0x10
 265 0010 17       		.uleb128 0x17
 266 0011 00       		.byte	0
 267 0012 00       		.byte	0
 268 0013 02       		.uleb128 0x2
 269 0014 24       		.uleb128 0x24
 270 0015 00       		.byte	0
 271 0016 0B       		.uleb128 0xb
 272 0017 0B       		.uleb128 0xb
 273 0018 3E       		.uleb128 0x3e
 274 0019 0B       		.uleb128 0xb
 275 001a 03       		.uleb128 0x3
ARM GAS  C:\Users\fneves\AppData\Local\Temp\cctWle2z.s 			page 7


 276 001b 0E       		.uleb128 0xe
 277 001c 00       		.byte	0
 278 001d 00       		.byte	0
 279 001e 03       		.uleb128 0x3
 280 001f 16       		.uleb128 0x16
 281 0020 00       		.byte	0
 282 0021 03       		.uleb128 0x3
 283 0022 0E       		.uleb128 0xe
 284 0023 3A       		.uleb128 0x3a
 285 0024 0B       		.uleb128 0xb
 286 0025 3B       		.uleb128 0x3b
 287 0026 0B       		.uleb128 0xb
 288 0027 49       		.uleb128 0x49
 289 0028 13       		.uleb128 0x13
 290 0029 00       		.byte	0
 291 002a 00       		.byte	0
 292 002b 04       		.uleb128 0x4
 293 002c 24       		.uleb128 0x24
 294 002d 00       		.byte	0
 295 002e 0B       		.uleb128 0xb
 296 002f 0B       		.uleb128 0xb
 297 0030 3E       		.uleb128 0x3e
 298 0031 0B       		.uleb128 0xb
 299 0032 03       		.uleb128 0x3
 300 0033 08       		.uleb128 0x8
 301 0034 00       		.byte	0
 302 0035 00       		.byte	0
 303 0036 05       		.uleb128 0x5
 304 0037 16       		.uleb128 0x16
 305 0038 00       		.byte	0
 306 0039 03       		.uleb128 0x3
 307 003a 0E       		.uleb128 0xe
 308 003b 3A       		.uleb128 0x3a
 309 003c 0B       		.uleb128 0xb
 310 003d 3B       		.uleb128 0x3b
 311 003e 05       		.uleb128 0x5
 312 003f 49       		.uleb128 0x49
 313 0040 13       		.uleb128 0x13
 314 0041 00       		.byte	0
 315 0042 00       		.byte	0
 316 0043 06       		.uleb128 0x6
 317 0044 0F       		.uleb128 0xf
 318 0045 00       		.byte	0
 319 0046 0B       		.uleb128 0xb
 320 0047 0B       		.uleb128 0xb
 321 0048 49       		.uleb128 0x49
 322 0049 13       		.uleb128 0x13
 323 004a 00       		.byte	0
 324 004b 00       		.byte	0
 325 004c 07       		.uleb128 0x7
 326 004d 13       		.uleb128 0x13
 327 004e 01       		.byte	0x1
 328 004f 0B       		.uleb128 0xb
 329 0050 0B       		.uleb128 0xb
 330 0051 3A       		.uleb128 0x3a
 331 0052 0B       		.uleb128 0xb
 332 0053 3B       		.uleb128 0x3b
ARM GAS  C:\Users\fneves\AppData\Local\Temp\cctWle2z.s 			page 8


 333 0054 05       		.uleb128 0x5
 334 0055 01       		.uleb128 0x1
 335 0056 13       		.uleb128 0x13
 336 0057 00       		.byte	0
 337 0058 00       		.byte	0
 338 0059 08       		.uleb128 0x8
 339 005a 0D       		.uleb128 0xd
 340 005b 00       		.byte	0
 341 005c 03       		.uleb128 0x3
 342 005d 0E       		.uleb128 0xe
 343 005e 3A       		.uleb128 0x3a
 344 005f 0B       		.uleb128 0xb
 345 0060 3B       		.uleb128 0x3b
 346 0061 05       		.uleb128 0x5
 347 0062 49       		.uleb128 0x49
 348 0063 13       		.uleb128 0x13
 349 0064 38       		.uleb128 0x38
 350 0065 0B       		.uleb128 0xb
 351 0066 00       		.byte	0
 352 0067 00       		.byte	0
 353 0068 09       		.uleb128 0x9
 354 0069 2E       		.uleb128 0x2e
 355 006a 01       		.byte	0x1
 356 006b 3F       		.uleb128 0x3f
 357 006c 19       		.uleb128 0x19
 358 006d 03       		.uleb128 0x3
 359 006e 0E       		.uleb128 0xe
 360 006f 3A       		.uleb128 0x3a
 361 0070 0B       		.uleb128 0xb
 362 0071 3B       		.uleb128 0x3b
 363 0072 0B       		.uleb128 0xb
 364 0073 27       		.uleb128 0x27
 365 0074 19       		.uleb128 0x19
 366 0075 11       		.uleb128 0x11
 367 0076 01       		.uleb128 0x1
 368 0077 12       		.uleb128 0x12
 369 0078 06       		.uleb128 0x6
 370 0079 40       		.uleb128 0x40
 371 007a 18       		.uleb128 0x18
 372 007b 9642     		.uleb128 0x2116
 373 007d 19       		.uleb128 0x19
 374 007e 01       		.uleb128 0x1
 375 007f 13       		.uleb128 0x13
 376 0080 00       		.byte	0
 377 0081 00       		.byte	0
 378 0082 0A       		.uleb128 0xa
 379 0083 05       		.uleb128 0x5
 380 0084 00       		.byte	0
 381 0085 03       		.uleb128 0x3
 382 0086 08       		.uleb128 0x8
 383 0087 3A       		.uleb128 0x3a
 384 0088 0B       		.uleb128 0xb
 385 0089 3B       		.uleb128 0x3b
 386 008a 0B       		.uleb128 0xb
 387 008b 49       		.uleb128 0x49
 388 008c 13       		.uleb128 0x13
 389 008d 02       		.uleb128 0x2
ARM GAS  C:\Users\fneves\AppData\Local\Temp\cctWle2z.s 			page 9


 390 008e 18       		.uleb128 0x18
 391 008f 00       		.byte	0
 392 0090 00       		.byte	0
 393 0091 0B       		.uleb128 0xb
 394 0092 05       		.uleb128 0x5
 395 0093 00       		.byte	0
 396 0094 03       		.uleb128 0x3
 397 0095 0E       		.uleb128 0xe
 398 0096 3A       		.uleb128 0x3a
 399 0097 0B       		.uleb128 0xb
 400 0098 3B       		.uleb128 0x3b
 401 0099 0B       		.uleb128 0xb
 402 009a 49       		.uleb128 0x49
 403 009b 13       		.uleb128 0x13
 404 009c 02       		.uleb128 0x2
 405 009d 18       		.uleb128 0x18
 406 009e 00       		.byte	0
 407 009f 00       		.byte	0
 408 00a0 00       		.byte	0
 409              		.section	.debug_aranges,"",%progbits
 410 0000 1C000000 		.4byte	0x1c
 411 0004 0200     		.2byte	0x2
 412 0006 00000000 		.4byte	.Ldebug_info0
 413 000a 04       		.byte	0x4
 414 000b 00       		.byte	0
 415 000c 0000     		.2byte	0
 416 000e 0000     		.2byte	0
 417 0010 00000000 		.4byte	.LFB82
 418 0014 44000000 		.4byte	.LFE82-.LFB82
 419 0018 00000000 		.4byte	0
 420 001c 00000000 		.4byte	0
 421              		.section	.debug_ranges,"",%progbits
 422              	.Ldebug_ranges0:
 423 0000 00000000 		.4byte	.LFB82
 424 0004 44000000 		.4byte	.LFE82
 425 0008 00000000 		.4byte	0
 426 000c 00000000 		.4byte	0
 427              		.section	.debug_line,"",%progbits
 428              	.Ldebug_line0:
 429 0000 75010000 		.section	.debug_str,"MS",%progbits,1
 429      02005B01 
 429      00000201 
 429      FB0E0D00 
 429      01010101 
 430              	.LASF6:
 431 0000 6C6F6E67 		.ascii	"long long int\000"
 431      206C6F6E 
 431      6720696E 
 431      7400
 432              	.LASF8:
 433 000e 756E7369 		.ascii	"unsigned int\000"
 433      676E6564 
 433      20696E74 
 433      00
 434              	.LASF16:
 435 001b 666C6F61 		.ascii	"float32_t\000"
 435      7433325F 
ARM GAS  C:\Users\fneves\AppData\Local\Temp\cctWle2z.s 			page 10


 435      7400
 436              	.LASF5:
 437 0025 6C6F6E67 		.ascii	"long unsigned int\000"
 437      20756E73 
 437      69676E65 
 437      6420696E 
 437      7400
 438              	.LASF7:
 439 0037 6C6F6E67 		.ascii	"long long unsigned int\000"
 439      206C6F6E 
 439      6720756E 
 439      7369676E 
 439      65642069 
 440              	.LASF22:
 441 004e 536F7572 		.ascii	"Source\\FilteringFunctions\\arm_fir_lattice_init_f3"
 441      63655C46 
 441      696C7465 
 441      72696E67 
 441      46756E63 
 442 007f 322E6300 		.ascii	"2.c\000"
 443              	.LASF18:
 444 0083 70537461 		.ascii	"pState\000"
 444      746500
 445              	.LASF19:
 446 008a 70436F65 		.ascii	"pCoeffs\000"
 446      66667300 
 447              	.LASF9:
 448 0092 5F5F7569 		.ascii	"__uint16_t\000"
 448      6E743136 
 448      5F7400
 449              	.LASF1:
 450 009d 756E7369 		.ascii	"unsigned char\000"
 450      676E6564 
 450      20636861 
 450      7200
 451              	.LASF12:
 452 00ab 63686172 		.ascii	"char\000"
 452      00
 453              	.LASF4:
 454 00b0 6C6F6E67 		.ascii	"long int\000"
 454      20696E74 
 454      00
 455              	.LASF2:
 456 00b9 73686F72 		.ascii	"short int\000"
 456      7420696E 
 456      7400
 457              	.LASF13:
 458 00c3 646F7562 		.ascii	"double\000"
 458      6C6500
 459              	.LASF17:
 460 00ca 6E756D53 		.ascii	"numStages\000"
 460      74616765 
 460      7300
 461              	.LASF3:
 462 00d4 73686F72 		.ascii	"short unsigned int\000"
 462      7420756E 
 462      7369676E 
ARM GAS  C:\Users\fneves\AppData\Local\Temp\cctWle2z.s 			page 11


 462      65642069 
 462      6E7400
 463              	.LASF0:
 464 00e7 7369676E 		.ascii	"signed char\000"
 464      65642063 
 464      68617200 
 465              	.LASF15:
 466 00f3 6C6F6E67 		.ascii	"long double\000"
 466      20646F75 
 466      626C6500 
 467              	.LASF23:
 468 00ff 433A5C55 		.ascii	"C:\\Users\\fneves\\Documents\\PSoC Creator\\wp_1\\e"
 468      73657273 
 468      5C666E65 
 468      7665735C 
 468      446F6375 
 469 012c 6E67696E 		.ascii	"ngine_speed_sensor.cydsn\000"
 469      655F7370 
 469      6565645F 
 469      73656E73 
 469      6F722E63 
 470              	.LASF10:
 471 0145 75696E74 		.ascii	"uint16_t\000"
 471      31365F74 
 471      00
 472              	.LASF11:
 473 014e 73697A65 		.ascii	"sizetype\000"
 473      74797065 
 473      00
 474              	.LASF24:
 475 0157 61726D5F 		.ascii	"arm_fir_lattice_init_f32\000"
 475      6669725F 
 475      6C617474 
 475      6963655F 
 475      696E6974 
 476              	.LASF14:
 477 0170 666C6F61 		.ascii	"float\000"
 477      7400
 478              	.LASF20:
 479 0176 61726D5F 		.ascii	"arm_fir_lattice_instance_f32\000"
 479      6669725F 
 479      6C617474 
 479      6963655F 
 479      696E7374 
 480              	.LASF21:
 481 0193 474E5520 		.ascii	"GNU C 4.9.3 20150303 (release) [ARM/embedded-4_9-br"
 481      4320342E 
 481      392E3320 
 481      32303135 
 481      30333033 
 482 01c6 616E6368 		.ascii	"anch revision 221220] -mcpu=cortex-m0plus -mthumb -"
 482      20726576 
 482      6973696F 
 482      6E203232 
 482      31323230 
 483 01f9 67202D4F 		.ascii	"g -O0 -ffunction-sections -ffat-lto-objects\000"
 483      30202D66 
ARM GAS  C:\Users\fneves\AppData\Local\Temp\cctWle2z.s 			page 12


 483      66756E63 
 483      74696F6E 
 483      2D736563 
 484              		.ident	"GCC: (GNU Tools for ARM Embedded Processors) 4.9.3 20150303 (release) [ARM/embedded-4_9-br
