ARM GAS  C:\Users\fneves\AppData\Local\Temp\ccWbsuof.s 			page 1


   1              		.cpu cortex-m0plus
   2              		.fpu softvfp
   3              		.eabi_attribute 20, 1
   4              		.eabi_attribute 21, 1
   5              		.eabi_attribute 23, 3
   6              		.eabi_attribute 24, 1
   7              		.eabi_attribute 25, 1
   8              		.eabi_attribute 26, 1
   9              		.eabi_attribute 30, 6
  10              		.eabi_attribute 34, 0
  11              		.eabi_attribute 18, 4
  12              		.code	16
  13              		.file	"arm_copy_f32.c"
  14              		.text
  15              	.Ltext0:
  16              		.cfi_sections	.debug_frame
  17              		.section	.text.arm_copy_f32,"ax",%progbits
  18              		.align	2
  19              		.global	arm_copy_f32
  20              		.code	16
  21              		.thumb_func
  22              		.type	arm_copy_f32, %function
  23              	arm_copy_f32:
  24              	.LFB82:
  25              		.file 1 "Source\\SupportFunctions\\arm_copy_f32.c"
   1:Source\SupportFunctions/arm_copy_f32.c **** /* ----------------------------------------------------------------------
   2:Source\SupportFunctions/arm_copy_f32.c ****  * Project:      CMSIS DSP Library
   3:Source\SupportFunctions/arm_copy_f32.c ****  * Title:        arm_copy_f32.c
   4:Source\SupportFunctions/arm_copy_f32.c ****  * Description:  Copies the elements of a floating-point vector
   5:Source\SupportFunctions/arm_copy_f32.c ****  *
   6:Source\SupportFunctions/arm_copy_f32.c ****  * $Date:        27. January 2017
   7:Source\SupportFunctions/arm_copy_f32.c ****  * $Revision:    V.1.5.1
   8:Source\SupportFunctions/arm_copy_f32.c ****  *
   9:Source\SupportFunctions/arm_copy_f32.c ****  * Target Processor: Cortex-M cores
  10:Source\SupportFunctions/arm_copy_f32.c ****  * -------------------------------------------------------------------- */
  11:Source\SupportFunctions/arm_copy_f32.c **** /*
  12:Source\SupportFunctions/arm_copy_f32.c ****  * Copyright (C) 2010-2017 ARM Limited or its affiliates. All rights reserved.
  13:Source\SupportFunctions/arm_copy_f32.c ****  *
  14:Source\SupportFunctions/arm_copy_f32.c ****  * SPDX-License-Identifier: Apache-2.0
  15:Source\SupportFunctions/arm_copy_f32.c ****  *
  16:Source\SupportFunctions/arm_copy_f32.c ****  * Licensed under the Apache License, Version 2.0 (the License); you may
  17:Source\SupportFunctions/arm_copy_f32.c ****  * not use this file except in compliance with the License.
  18:Source\SupportFunctions/arm_copy_f32.c ****  * You may obtain a copy of the License at
  19:Source\SupportFunctions/arm_copy_f32.c ****  *
  20:Source\SupportFunctions/arm_copy_f32.c ****  * www.apache.org/licenses/LICENSE-2.0
  21:Source\SupportFunctions/arm_copy_f32.c ****  *
  22:Source\SupportFunctions/arm_copy_f32.c ****  * Unless required by applicable law or agreed to in writing, software
  23:Source\SupportFunctions/arm_copy_f32.c ****  * distributed under the License is distributed on an AS IS BASIS, WITHOUT
  24:Source\SupportFunctions/arm_copy_f32.c ****  * WARRANTIES OR CONDITIONS OF ANY KIND, either express or implied.
  25:Source\SupportFunctions/arm_copy_f32.c ****  * See the License for the specific language governing permissions and
  26:Source\SupportFunctions/arm_copy_f32.c ****  * limitations under the License.
  27:Source\SupportFunctions/arm_copy_f32.c ****  */
  28:Source\SupportFunctions/arm_copy_f32.c **** 
  29:Source\SupportFunctions/arm_copy_f32.c **** #include "arm_math.h"
  30:Source\SupportFunctions/arm_copy_f32.c **** 
  31:Source\SupportFunctions/arm_copy_f32.c **** /**
  32:Source\SupportFunctions/arm_copy_f32.c ****  * @ingroup groupSupport
ARM GAS  C:\Users\fneves\AppData\Local\Temp\ccWbsuof.s 			page 2


  33:Source\SupportFunctions/arm_copy_f32.c ****  */
  34:Source\SupportFunctions/arm_copy_f32.c **** 
  35:Source\SupportFunctions/arm_copy_f32.c **** /**
  36:Source\SupportFunctions/arm_copy_f32.c ****  * @defgroup copy Vector Copy
  37:Source\SupportFunctions/arm_copy_f32.c ****  *
  38:Source\SupportFunctions/arm_copy_f32.c ****  * Copies sample by sample from source vector to destination vector.
  39:Source\SupportFunctions/arm_copy_f32.c ****  *
  40:Source\SupportFunctions/arm_copy_f32.c ****  * <pre>
  41:Source\SupportFunctions/arm_copy_f32.c ****  * 	pDst[n] = pSrc[n];   0 <= n < blockSize.
  42:Source\SupportFunctions/arm_copy_f32.c ****  * </pre>
  43:Source\SupportFunctions/arm_copy_f32.c ****  *
  44:Source\SupportFunctions/arm_copy_f32.c ****  * There are separate functions for floating point, Q31, Q15, and Q7 data types.
  45:Source\SupportFunctions/arm_copy_f32.c ****  */
  46:Source\SupportFunctions/arm_copy_f32.c **** 
  47:Source\SupportFunctions/arm_copy_f32.c **** /**
  48:Source\SupportFunctions/arm_copy_f32.c ****  * @addtogroup copy
  49:Source\SupportFunctions/arm_copy_f32.c ****  * @{
  50:Source\SupportFunctions/arm_copy_f32.c ****  */
  51:Source\SupportFunctions/arm_copy_f32.c **** 
  52:Source\SupportFunctions/arm_copy_f32.c **** /**
  53:Source\SupportFunctions/arm_copy_f32.c ****  * @brief Copies the elements of a floating-point vector.
  54:Source\SupportFunctions/arm_copy_f32.c ****  * @param[in]       *pSrc points to input vector
  55:Source\SupportFunctions/arm_copy_f32.c ****  * @param[out]      *pDst points to output vector
  56:Source\SupportFunctions/arm_copy_f32.c ****  * @param[in]       blockSize length of the input vector
  57:Source\SupportFunctions/arm_copy_f32.c ****  * @return none.
  58:Source\SupportFunctions/arm_copy_f32.c ****  *
  59:Source\SupportFunctions/arm_copy_f32.c ****  */
  60:Source\SupportFunctions/arm_copy_f32.c **** 
  61:Source\SupportFunctions/arm_copy_f32.c **** 
  62:Source\SupportFunctions/arm_copy_f32.c **** void arm_copy_f32(
  63:Source\SupportFunctions/arm_copy_f32.c ****   float32_t * pSrc,
  64:Source\SupportFunctions/arm_copy_f32.c ****   float32_t * pDst,
  65:Source\SupportFunctions/arm_copy_f32.c ****   uint32_t blockSize)
  66:Source\SupportFunctions/arm_copy_f32.c **** {
  26              		.loc 1 66 0
  27              		.cfi_startproc
  28 0000 80B5     		push	{r7, lr}
  29              		.cfi_def_cfa_offset 8
  30              		.cfi_offset 7, -8
  31              		.cfi_offset 14, -4
  32 0002 86B0     		sub	sp, sp, #24
  33              		.cfi_def_cfa_offset 32
  34 0004 00AF     		add	r7, sp, #0
  35              		.cfi_def_cfa_register 7
  36 0006 F860     		str	r0, [r7, #12]
  37 0008 B960     		str	r1, [r7, #8]
  38 000a 7A60     		str	r2, [r7, #4]
  67:Source\SupportFunctions/arm_copy_f32.c ****   uint32_t blkCnt;                               /* loop counter */
  68:Source\SupportFunctions/arm_copy_f32.c **** 
  69:Source\SupportFunctions/arm_copy_f32.c **** #if defined (ARM_MATH_DSP)
  70:Source\SupportFunctions/arm_copy_f32.c **** 
  71:Source\SupportFunctions/arm_copy_f32.c ****   /* Run the below code for Cortex-M4 and Cortex-M3 */
  72:Source\SupportFunctions/arm_copy_f32.c ****   float32_t in1, in2, in3, in4;
  73:Source\SupportFunctions/arm_copy_f32.c **** 
  74:Source\SupportFunctions/arm_copy_f32.c ****   /*loop Unrolling */
  75:Source\SupportFunctions/arm_copy_f32.c ****   blkCnt = blockSize >> 2u;
  76:Source\SupportFunctions/arm_copy_f32.c **** 
ARM GAS  C:\Users\fneves\AppData\Local\Temp\ccWbsuof.s 			page 3


  77:Source\SupportFunctions/arm_copy_f32.c ****   /* First part of the processing with loop unrolling.  Compute 4 outputs at a time.
  78:Source\SupportFunctions/arm_copy_f32.c ****    ** a second loop below computes the remaining 1 to 3 samples. */
  79:Source\SupportFunctions/arm_copy_f32.c ****   while (blkCnt > 0u)
  80:Source\SupportFunctions/arm_copy_f32.c ****   {
  81:Source\SupportFunctions/arm_copy_f32.c ****     /* C = A */
  82:Source\SupportFunctions/arm_copy_f32.c ****     /* Copy and then store the results in the destination buffer */
  83:Source\SupportFunctions/arm_copy_f32.c ****     in1 = *pSrc++;
  84:Source\SupportFunctions/arm_copy_f32.c ****     in2 = *pSrc++;
  85:Source\SupportFunctions/arm_copy_f32.c ****     in3 = *pSrc++;
  86:Source\SupportFunctions/arm_copy_f32.c ****     in4 = *pSrc++;
  87:Source\SupportFunctions/arm_copy_f32.c **** 
  88:Source\SupportFunctions/arm_copy_f32.c ****     *pDst++ = in1;
  89:Source\SupportFunctions/arm_copy_f32.c ****     *pDst++ = in2;
  90:Source\SupportFunctions/arm_copy_f32.c ****     *pDst++ = in3;
  91:Source\SupportFunctions/arm_copy_f32.c ****     *pDst++ = in4;
  92:Source\SupportFunctions/arm_copy_f32.c **** 
  93:Source\SupportFunctions/arm_copy_f32.c ****     /* Decrement the loop counter */
  94:Source\SupportFunctions/arm_copy_f32.c ****     blkCnt--;
  95:Source\SupportFunctions/arm_copy_f32.c ****   }
  96:Source\SupportFunctions/arm_copy_f32.c **** 
  97:Source\SupportFunctions/arm_copy_f32.c ****   /* If the blockSize is not a multiple of 4, compute any remaining output samples here.
  98:Source\SupportFunctions/arm_copy_f32.c ****    ** No loop unrolling is used. */
  99:Source\SupportFunctions/arm_copy_f32.c ****   blkCnt = blockSize % 0x4u;
 100:Source\SupportFunctions/arm_copy_f32.c **** 
 101:Source\SupportFunctions/arm_copy_f32.c **** #else
 102:Source\SupportFunctions/arm_copy_f32.c **** 
 103:Source\SupportFunctions/arm_copy_f32.c ****   /* Run the below code for Cortex-M0 */
 104:Source\SupportFunctions/arm_copy_f32.c **** 
 105:Source\SupportFunctions/arm_copy_f32.c ****   /* Loop over blockSize number of values */
 106:Source\SupportFunctions/arm_copy_f32.c ****   blkCnt = blockSize;
  39              		.loc 1 106 0
  40 000c 7B68     		ldr	r3, [r7, #4]
  41 000e 7B61     		str	r3, [r7, #20]
 107:Source\SupportFunctions/arm_copy_f32.c **** 
 108:Source\SupportFunctions/arm_copy_f32.c **** #endif /* #if defined (ARM_MATH_DSP) */
 109:Source\SupportFunctions/arm_copy_f32.c **** 
 110:Source\SupportFunctions/arm_copy_f32.c ****   while (blkCnt > 0u)
  42              		.loc 1 110 0
  43 0010 0AE0     		b	.L2
  44              	.L3:
 111:Source\SupportFunctions/arm_copy_f32.c ****   {
 112:Source\SupportFunctions/arm_copy_f32.c ****     /* C = A */
 113:Source\SupportFunctions/arm_copy_f32.c ****     /* Copy and then store the results in the destination buffer */
 114:Source\SupportFunctions/arm_copy_f32.c ****     *pDst++ = *pSrc++;
  45              		.loc 1 114 0
  46 0012 BB68     		ldr	r3, [r7, #8]
  47 0014 1A1D     		add	r2, r3, #4
  48 0016 BA60     		str	r2, [r7, #8]
  49 0018 FA68     		ldr	r2, [r7, #12]
  50 001a 111D     		add	r1, r2, #4
  51 001c F960     		str	r1, [r7, #12]
  52 001e 1268     		ldr	r2, [r2]
  53 0020 1A60     		str	r2, [r3]
 115:Source\SupportFunctions/arm_copy_f32.c **** 
 116:Source\SupportFunctions/arm_copy_f32.c ****     /* Decrement the loop counter */
 117:Source\SupportFunctions/arm_copy_f32.c ****     blkCnt--;
  54              		.loc 1 117 0
ARM GAS  C:\Users\fneves\AppData\Local\Temp\ccWbsuof.s 			page 4


  55 0022 7B69     		ldr	r3, [r7, #20]
  56 0024 013B     		sub	r3, r3, #1
  57 0026 7B61     		str	r3, [r7, #20]
  58              	.L2:
 110:Source\SupportFunctions/arm_copy_f32.c ****   {
  59              		.loc 1 110 0
  60 0028 7B69     		ldr	r3, [r7, #20]
  61 002a 002B     		cmp	r3, #0
  62 002c F1D1     		bne	.L3
 118:Source\SupportFunctions/arm_copy_f32.c ****   }
 119:Source\SupportFunctions/arm_copy_f32.c **** }
  63              		.loc 1 119 0
  64 002e BD46     		mov	sp, r7
  65 0030 06B0     		add	sp, sp, #24
  66              		@ sp needed
  67 0032 80BD     		pop	{r7, pc}
  68              		.cfi_endproc
  69              	.LFE82:
  70              		.size	arm_copy_f32, .-arm_copy_f32
  71              		.text
  72              	.Letext0:
  73              		.file 2 "c:\\program files (x86)\\cypress\\psoc creator\\4.0\\psoc creator\\import\\gnu\\arm\\4.9.
  74              		.file 3 "c:\\program files (x86)\\cypress\\psoc creator\\4.0\\psoc creator\\import\\gnu\\arm\\4.9.
  75              		.file 4 ".\\Include/arm_math.h"
  76              		.section	.debug_info,"",%progbits
  77              	.Ldebug_info0:
  78 0000 FD000000 		.4byte	0xfd
  79 0004 0400     		.2byte	0x4
  80 0006 00000000 		.4byte	.Ldebug_abbrev0
  81 000a 04       		.byte	0x4
  82 000b 01       		.uleb128 0x1
  83 000c 5E010000 		.4byte	.LASF20
  84 0010 01       		.byte	0x1
  85 0011 20000000 		.4byte	.LASF21
  86 0015 05010000 		.4byte	.LASF22
  87 0019 00000000 		.4byte	.Ldebug_ranges0+0
  88 001d 00000000 		.4byte	0
  89 0021 00000000 		.4byte	.Ldebug_line0
  90 0025 02       		.uleb128 0x2
  91 0026 01       		.byte	0x1
  92 0027 06       		.byte	0x6
  93 0028 ED000000 		.4byte	.LASF0
  94 002c 02       		.uleb128 0x2
  95 002d 01       		.byte	0x1
  96 002e 08       		.byte	0x8
  97 002f A2000000 		.4byte	.LASF1
  98 0033 02       		.uleb128 0x2
  99 0034 02       		.byte	0x2
 100 0035 05       		.byte	0x5
 101 0036 54010000 		.4byte	.LASF2
 102 003a 02       		.uleb128 0x2
 103 003b 02       		.byte	0x2
 104 003c 07       		.byte	0x7
 105 003d DA000000 		.4byte	.LASF3
 106 0041 02       		.uleb128 0x2
 107 0042 04       		.byte	0x4
 108 0043 05       		.byte	0x5
ARM GAS  C:\Users\fneves\AppData\Local\Temp\ccWbsuof.s 			page 5


 109 0044 BE000000 		.4byte	.LASF4
 110 0048 03       		.uleb128 0x3
 111 0049 47000000 		.4byte	.LASF9
 112 004d 02       		.byte	0x2
 113 004e 41       		.byte	0x41
 114 004f 53000000 		.4byte	0x53
 115 0053 02       		.uleb128 0x2
 116 0054 04       		.byte	0x4
 117 0055 07       		.byte	0x7
 118 0056 5C000000 		.4byte	.LASF5
 119 005a 02       		.uleb128 0x2
 120 005b 08       		.byte	0x8
 121 005c 05       		.byte	0x5
 122 005d 00000000 		.4byte	.LASF6
 123 0061 02       		.uleb128 0x2
 124 0062 08       		.byte	0x8
 125 0063 07       		.byte	0x7
 126 0064 6E000000 		.4byte	.LASF7
 127 0068 04       		.uleb128 0x4
 128 0069 04       		.byte	0x4
 129 006a 05       		.byte	0x5
 130 006b 696E7400 		.ascii	"int\000"
 131 006f 02       		.uleb128 0x2
 132 0070 04       		.byte	0x4
 133 0071 07       		.byte	0x7
 134 0072 0E000000 		.4byte	.LASF8
 135 0076 03       		.uleb128 0x3
 136 0077 B5000000 		.4byte	.LASF10
 137 007b 03       		.byte	0x3
 138 007c 2D       		.byte	0x2d
 139 007d 48000000 		.4byte	0x48
 140 0081 02       		.uleb128 0x2
 141 0082 04       		.byte	0x4
 142 0083 07       		.byte	0x7
 143 0084 4B010000 		.4byte	.LASF11
 144 0088 02       		.uleb128 0x2
 145 0089 01       		.byte	0x1
 146 008a 08       		.byte	0x8
 147 008b B0000000 		.4byte	.LASF12
 148 008f 02       		.uleb128 0x2
 149 0090 08       		.byte	0x8
 150 0091 04       		.byte	0x4
 151 0092 CC000000 		.4byte	.LASF13
 152 0096 02       		.uleb128 0x2
 153 0097 04       		.byte	0x4
 154 0098 04       		.byte	0x4
 155 0099 85000000 		.4byte	.LASF14
 156 009d 02       		.uleb128 0x2
 157 009e 08       		.byte	0x8
 158 009f 04       		.byte	0x4
 159 00a0 F9000000 		.4byte	.LASF15
 160 00a4 05       		.uleb128 0x5
 161 00a5 98000000 		.4byte	.LASF16
 162 00a9 04       		.byte	0x4
 163 00aa A501     		.2byte	0x1a5
 164 00ac 96000000 		.4byte	0x96
 165 00b0 06       		.uleb128 0x6
ARM GAS  C:\Users\fneves\AppData\Local\Temp\ccWbsuof.s 			page 6


 166 00b1 04       		.byte	0x4
 167 00b2 A4000000 		.4byte	0xa4
 168 00b6 07       		.uleb128 0x7
 169 00b7 8B000000 		.4byte	.LASF23
 170 00bb 01       		.byte	0x1
 171 00bc 3E       		.byte	0x3e
 172 00bd 00000000 		.4byte	.LFB82
 173 00c1 34000000 		.4byte	.LFE82-.LFB82
 174 00c5 01       		.uleb128 0x1
 175 00c6 9C       		.byte	0x9c
 176 00c7 08       		.uleb128 0x8
 177 00c8 C7000000 		.4byte	.LASF17
 178 00cc 01       		.byte	0x1
 179 00cd 3F       		.byte	0x3f
 180 00ce B0000000 		.4byte	0xb0
 181 00d2 02       		.uleb128 0x2
 182 00d3 91       		.byte	0x91
 183 00d4 6C       		.sleb128 -20
 184 00d5 08       		.uleb128 0x8
 185 00d6 1B000000 		.4byte	.LASF18
 186 00da 01       		.byte	0x1
 187 00db 40       		.byte	0x40
 188 00dc B0000000 		.4byte	0xb0
 189 00e0 02       		.uleb128 0x2
 190 00e1 91       		.byte	0x91
 191 00e2 68       		.sleb128 -24
 192 00e3 08       		.uleb128 0x8
 193 00e4 52000000 		.4byte	.LASF19
 194 00e8 01       		.byte	0x1
 195 00e9 41       		.byte	0x41
 196 00ea 76000000 		.4byte	0x76
 197 00ee 02       		.uleb128 0x2
 198 00ef 91       		.byte	0x91
 199 00f0 64       		.sleb128 -28
 200 00f1 09       		.uleb128 0x9
 201 00f2 D3000000 		.4byte	.LASF24
 202 00f6 01       		.byte	0x1
 203 00f7 43       		.byte	0x43
 204 00f8 76000000 		.4byte	0x76
 205 00fc 02       		.uleb128 0x2
 206 00fd 91       		.byte	0x91
 207 00fe 74       		.sleb128 -12
 208 00ff 00       		.byte	0
 209 0100 00       		.byte	0
 210              		.section	.debug_abbrev,"",%progbits
 211              	.Ldebug_abbrev0:
 212 0000 01       		.uleb128 0x1
 213 0001 11       		.uleb128 0x11
 214 0002 01       		.byte	0x1
 215 0003 25       		.uleb128 0x25
 216 0004 0E       		.uleb128 0xe
 217 0005 13       		.uleb128 0x13
 218 0006 0B       		.uleb128 0xb
 219 0007 03       		.uleb128 0x3
 220 0008 0E       		.uleb128 0xe
 221 0009 1B       		.uleb128 0x1b
 222 000a 0E       		.uleb128 0xe
ARM GAS  C:\Users\fneves\AppData\Local\Temp\ccWbsuof.s 			page 7


 223 000b 55       		.uleb128 0x55
 224 000c 17       		.uleb128 0x17
 225 000d 11       		.uleb128 0x11
 226 000e 01       		.uleb128 0x1
 227 000f 10       		.uleb128 0x10
 228 0010 17       		.uleb128 0x17
 229 0011 00       		.byte	0
 230 0012 00       		.byte	0
 231 0013 02       		.uleb128 0x2
 232 0014 24       		.uleb128 0x24
 233 0015 00       		.byte	0
 234 0016 0B       		.uleb128 0xb
 235 0017 0B       		.uleb128 0xb
 236 0018 3E       		.uleb128 0x3e
 237 0019 0B       		.uleb128 0xb
 238 001a 03       		.uleb128 0x3
 239 001b 0E       		.uleb128 0xe
 240 001c 00       		.byte	0
 241 001d 00       		.byte	0
 242 001e 03       		.uleb128 0x3
 243 001f 16       		.uleb128 0x16
 244 0020 00       		.byte	0
 245 0021 03       		.uleb128 0x3
 246 0022 0E       		.uleb128 0xe
 247 0023 3A       		.uleb128 0x3a
 248 0024 0B       		.uleb128 0xb
 249 0025 3B       		.uleb128 0x3b
 250 0026 0B       		.uleb128 0xb
 251 0027 49       		.uleb128 0x49
 252 0028 13       		.uleb128 0x13
 253 0029 00       		.byte	0
 254 002a 00       		.byte	0
 255 002b 04       		.uleb128 0x4
 256 002c 24       		.uleb128 0x24
 257 002d 00       		.byte	0
 258 002e 0B       		.uleb128 0xb
 259 002f 0B       		.uleb128 0xb
 260 0030 3E       		.uleb128 0x3e
 261 0031 0B       		.uleb128 0xb
 262 0032 03       		.uleb128 0x3
 263 0033 08       		.uleb128 0x8
 264 0034 00       		.byte	0
 265 0035 00       		.byte	0
 266 0036 05       		.uleb128 0x5
 267 0037 16       		.uleb128 0x16
 268 0038 00       		.byte	0
 269 0039 03       		.uleb128 0x3
 270 003a 0E       		.uleb128 0xe
 271 003b 3A       		.uleb128 0x3a
 272 003c 0B       		.uleb128 0xb
 273 003d 3B       		.uleb128 0x3b
 274 003e 05       		.uleb128 0x5
 275 003f 49       		.uleb128 0x49
 276 0040 13       		.uleb128 0x13
 277 0041 00       		.byte	0
 278 0042 00       		.byte	0
 279 0043 06       		.uleb128 0x6
ARM GAS  C:\Users\fneves\AppData\Local\Temp\ccWbsuof.s 			page 8


 280 0044 0F       		.uleb128 0xf
 281 0045 00       		.byte	0
 282 0046 0B       		.uleb128 0xb
 283 0047 0B       		.uleb128 0xb
 284 0048 49       		.uleb128 0x49
 285 0049 13       		.uleb128 0x13
 286 004a 00       		.byte	0
 287 004b 00       		.byte	0
 288 004c 07       		.uleb128 0x7
 289 004d 2E       		.uleb128 0x2e
 290 004e 01       		.byte	0x1
 291 004f 3F       		.uleb128 0x3f
 292 0050 19       		.uleb128 0x19
 293 0051 03       		.uleb128 0x3
 294 0052 0E       		.uleb128 0xe
 295 0053 3A       		.uleb128 0x3a
 296 0054 0B       		.uleb128 0xb
 297 0055 3B       		.uleb128 0x3b
 298 0056 0B       		.uleb128 0xb
 299 0057 27       		.uleb128 0x27
 300 0058 19       		.uleb128 0x19
 301 0059 11       		.uleb128 0x11
 302 005a 01       		.uleb128 0x1
 303 005b 12       		.uleb128 0x12
 304 005c 06       		.uleb128 0x6
 305 005d 40       		.uleb128 0x40
 306 005e 18       		.uleb128 0x18
 307 005f 9742     		.uleb128 0x2117
 308 0061 19       		.uleb128 0x19
 309 0062 00       		.byte	0
 310 0063 00       		.byte	0
 311 0064 08       		.uleb128 0x8
 312 0065 05       		.uleb128 0x5
 313 0066 00       		.byte	0
 314 0067 03       		.uleb128 0x3
 315 0068 0E       		.uleb128 0xe
 316 0069 3A       		.uleb128 0x3a
 317 006a 0B       		.uleb128 0xb
 318 006b 3B       		.uleb128 0x3b
 319 006c 0B       		.uleb128 0xb
 320 006d 49       		.uleb128 0x49
 321 006e 13       		.uleb128 0x13
 322 006f 02       		.uleb128 0x2
 323 0070 18       		.uleb128 0x18
 324 0071 00       		.byte	0
 325 0072 00       		.byte	0
 326 0073 09       		.uleb128 0x9
 327 0074 34       		.uleb128 0x34
 328 0075 00       		.byte	0
 329 0076 03       		.uleb128 0x3
 330 0077 0E       		.uleb128 0xe
 331 0078 3A       		.uleb128 0x3a
 332 0079 0B       		.uleb128 0xb
 333 007a 3B       		.uleb128 0x3b
 334 007b 0B       		.uleb128 0xb
 335 007c 49       		.uleb128 0x49
 336 007d 13       		.uleb128 0x13
ARM GAS  C:\Users\fneves\AppData\Local\Temp\ccWbsuof.s 			page 9


 337 007e 02       		.uleb128 0x2
 338 007f 18       		.uleb128 0x18
 339 0080 00       		.byte	0
 340 0081 00       		.byte	0
 341 0082 00       		.byte	0
 342              		.section	.debug_aranges,"",%progbits
 343 0000 1C000000 		.4byte	0x1c
 344 0004 0200     		.2byte	0x2
 345 0006 00000000 		.4byte	.Ldebug_info0
 346 000a 04       		.byte	0x4
 347 000b 00       		.byte	0
 348 000c 0000     		.2byte	0
 349 000e 0000     		.2byte	0
 350 0010 00000000 		.4byte	.LFB82
 351 0014 34000000 		.4byte	.LFE82-.LFB82
 352 0018 00000000 		.4byte	0
 353 001c 00000000 		.4byte	0
 354              		.section	.debug_ranges,"",%progbits
 355              	.Ldebug_ranges0:
 356 0000 00000000 		.4byte	.LFB82
 357 0004 34000000 		.4byte	.LFE82
 358 0008 00000000 		.4byte	0
 359 000c 00000000 		.4byte	0
 360              		.section	.debug_line,"",%progbits
 361              	.Ldebug_line0:
 362 0000 6F010000 		.section	.debug_str,"MS",%progbits,1
 362      02004D01 
 362      00000201 
 362      FB0E0D00 
 362      01010101 
 363              	.LASF6:
 364 0000 6C6F6E67 		.ascii	"long long int\000"
 364      206C6F6E 
 364      6720696E 
 364      7400
 365              	.LASF8:
 366 000e 756E7369 		.ascii	"unsigned int\000"
 366      676E6564 
 366      20696E74 
 366      00
 367              	.LASF18:
 368 001b 70447374 		.ascii	"pDst\000"
 368      00
 369              	.LASF21:
 370 0020 536F7572 		.ascii	"Source\\SupportFunctions\\arm_copy_f32.c\000"
 370      63655C53 
 370      7570706F 
 370      72744675 
 370      6E637469 
 371              	.LASF9:
 372 0047 5F5F7569 		.ascii	"__uint32_t\000"
 372      6E743332 
 372      5F7400
 373              	.LASF19:
 374 0052 626C6F63 		.ascii	"blockSize\000"
 374      6B53697A 
 374      6500
ARM GAS  C:\Users\fneves\AppData\Local\Temp\ccWbsuof.s 			page 10


 375              	.LASF5:
 376 005c 6C6F6E67 		.ascii	"long unsigned int\000"
 376      20756E73 
 376      69676E65 
 376      6420696E 
 376      7400
 377              	.LASF7:
 378 006e 6C6F6E67 		.ascii	"long long unsigned int\000"
 378      206C6F6E 
 378      6720756E 
 378      7369676E 
 378      65642069 
 379              	.LASF14:
 380 0085 666C6F61 		.ascii	"float\000"
 380      7400
 381              	.LASF23:
 382 008b 61726D5F 		.ascii	"arm_copy_f32\000"
 382      636F7079 
 382      5F663332 
 382      00
 383              	.LASF16:
 384 0098 666C6F61 		.ascii	"float32_t\000"
 384      7433325F 
 384      7400
 385              	.LASF1:
 386 00a2 756E7369 		.ascii	"unsigned char\000"
 386      676E6564 
 386      20636861 
 386      7200
 387              	.LASF12:
 388 00b0 63686172 		.ascii	"char\000"
 388      00
 389              	.LASF10:
 390 00b5 75696E74 		.ascii	"uint32_t\000"
 390      33325F74 
 390      00
 391              	.LASF4:
 392 00be 6C6F6E67 		.ascii	"long int\000"
 392      20696E74 
 392      00
 393              	.LASF17:
 394 00c7 70537263 		.ascii	"pSrc\000"
 394      00
 395              	.LASF13:
 396 00cc 646F7562 		.ascii	"double\000"
 396      6C6500
 397              	.LASF24:
 398 00d3 626C6B43 		.ascii	"blkCnt\000"
 398      6E7400
 399              	.LASF3:
 400 00da 73686F72 		.ascii	"short unsigned int\000"
 400      7420756E 
 400      7369676E 
 400      65642069 
 400      6E7400
 401              	.LASF0:
 402 00ed 7369676E 		.ascii	"signed char\000"
ARM GAS  C:\Users\fneves\AppData\Local\Temp\ccWbsuof.s 			page 11


 402      65642063 
 402      68617200 
 403              	.LASF15:
 404 00f9 6C6F6E67 		.ascii	"long double\000"
 404      20646F75 
 404      626C6500 
 405              	.LASF22:
 406 0105 433A5C55 		.ascii	"C:\\Users\\fneves\\Documents\\PSoC Creator\\wp_1\\e"
 406      73657273 
 406      5C666E65 
 406      7665735C 
 406      446F6375 
 407 0132 6E67696E 		.ascii	"ngine_speed_sensor.cydsn\000"
 407      655F7370 
 407      6565645F 
 407      73656E73 
 407      6F722E63 
 408              	.LASF11:
 409 014b 73697A65 		.ascii	"sizetype\000"
 409      74797065 
 409      00
 410              	.LASF2:
 411 0154 73686F72 		.ascii	"short int\000"
 411      7420696E 
 411      7400
 412              	.LASF20:
 413 015e 474E5520 		.ascii	"GNU C 4.9.3 20150303 (release) [ARM/embedded-4_9-br"
 413      4320342E 
 413      392E3320 
 413      32303135 
 413      30333033 
 414 0191 616E6368 		.ascii	"anch revision 221220] -mcpu=cortex-m0plus -mthumb -"
 414      20726576 
 414      6973696F 
 414      6E203232 
 414      31323230 
 415 01c4 67202D4F 		.ascii	"g -O0 -ffunction-sections -ffat-lto-objects\000"
 415      30202D66 
 415      66756E63 
 415      74696F6E 
 415      2D736563 
 416              		.ident	"GCC: (GNU Tools for ARM Embedded Processors) 4.9.3 20150303 (release) [ARM/embedded-4_9-br
