ARM GAS  C:\Users\fneves\AppData\Local\Temp\ccrWy7Z8.s 			page 1


   1              		.cpu cortex-m0plus
   2              		.fpu softvfp
   3              		.eabi_attribute 20, 1
   4              		.eabi_attribute 21, 1
   5              		.eabi_attribute 23, 3
   6              		.eabi_attribute 24, 1
   7              		.eabi_attribute 25, 1
   8              		.eabi_attribute 26, 1
   9              		.eabi_attribute 30, 6
  10              		.eabi_attribute 34, 0
  11              		.eabi_attribute 18, 4
  12              		.code	16
  13              		.file	"arm_q31_to_q7.c"
  14              		.text
  15              	.Ltext0:
  16              		.cfi_sections	.debug_frame
  17              		.section	.text.arm_q31_to_q7,"ax",%progbits
  18              		.align	2
  19              		.global	arm_q31_to_q7
  20              		.code	16
  21              		.thumb_func
  22              		.type	arm_q31_to_q7, %function
  23              	arm_q31_to_q7:
  24              	.LFB82:
  25              		.file 1 "Source\\SupportFunctions\\arm_q31_to_q7.c"
   1:Source\SupportFunctions/arm_q31_to_q7.c **** /* ----------------------------------------------------------------------
   2:Source\SupportFunctions/arm_q31_to_q7.c ****  * Project:      CMSIS DSP Library
   3:Source\SupportFunctions/arm_q31_to_q7.c ****  * Title:        arm_q31_to_q7.c
   4:Source\SupportFunctions/arm_q31_to_q7.c ****  * Description:  Converts the elements of the Q31 vector to Q7 vector
   5:Source\SupportFunctions/arm_q31_to_q7.c ****  *
   6:Source\SupportFunctions/arm_q31_to_q7.c ****  * $Date:        27. January 2017
   7:Source\SupportFunctions/arm_q31_to_q7.c ****  * $Revision:    V.1.5.1
   8:Source\SupportFunctions/arm_q31_to_q7.c ****  *
   9:Source\SupportFunctions/arm_q31_to_q7.c ****  * Target Processor: Cortex-M cores
  10:Source\SupportFunctions/arm_q31_to_q7.c ****  * -------------------------------------------------------------------- */
  11:Source\SupportFunctions/arm_q31_to_q7.c **** /*
  12:Source\SupportFunctions/arm_q31_to_q7.c ****  * Copyright (C) 2010-2017 ARM Limited or its affiliates. All rights reserved.
  13:Source\SupportFunctions/arm_q31_to_q7.c ****  *
  14:Source\SupportFunctions/arm_q31_to_q7.c ****  * SPDX-License-Identifier: Apache-2.0
  15:Source\SupportFunctions/arm_q31_to_q7.c ****  *
  16:Source\SupportFunctions/arm_q31_to_q7.c ****  * Licensed under the Apache License, Version 2.0 (the License); you may
  17:Source\SupportFunctions/arm_q31_to_q7.c ****  * not use this file except in compliance with the License.
  18:Source\SupportFunctions/arm_q31_to_q7.c ****  * You may obtain a copy of the License at
  19:Source\SupportFunctions/arm_q31_to_q7.c ****  *
  20:Source\SupportFunctions/arm_q31_to_q7.c ****  * www.apache.org/licenses/LICENSE-2.0
  21:Source\SupportFunctions/arm_q31_to_q7.c ****  *
  22:Source\SupportFunctions/arm_q31_to_q7.c ****  * Unless required by applicable law or agreed to in writing, software
  23:Source\SupportFunctions/arm_q31_to_q7.c ****  * distributed under the License is distributed on an AS IS BASIS, WITHOUT
  24:Source\SupportFunctions/arm_q31_to_q7.c ****  * WARRANTIES OR CONDITIONS OF ANY KIND, either express or implied.
  25:Source\SupportFunctions/arm_q31_to_q7.c ****  * See the License for the specific language governing permissions and
  26:Source\SupportFunctions/arm_q31_to_q7.c ****  * limitations under the License.
  27:Source\SupportFunctions/arm_q31_to_q7.c ****  */
  28:Source\SupportFunctions/arm_q31_to_q7.c **** 
  29:Source\SupportFunctions/arm_q31_to_q7.c **** #include "arm_math.h"
  30:Source\SupportFunctions/arm_q31_to_q7.c **** 
  31:Source\SupportFunctions/arm_q31_to_q7.c **** /**
  32:Source\SupportFunctions/arm_q31_to_q7.c ****  * @ingroup groupSupport
ARM GAS  C:\Users\fneves\AppData\Local\Temp\ccrWy7Z8.s 			page 2


  33:Source\SupportFunctions/arm_q31_to_q7.c ****  */
  34:Source\SupportFunctions/arm_q31_to_q7.c **** 
  35:Source\SupportFunctions/arm_q31_to_q7.c **** /**
  36:Source\SupportFunctions/arm_q31_to_q7.c ****  * @addtogroup q31_to_x
  37:Source\SupportFunctions/arm_q31_to_q7.c ****  * @{
  38:Source\SupportFunctions/arm_q31_to_q7.c ****  */
  39:Source\SupportFunctions/arm_q31_to_q7.c **** 
  40:Source\SupportFunctions/arm_q31_to_q7.c **** /**
  41:Source\SupportFunctions/arm_q31_to_q7.c ****  * @brief Converts the elements of the Q31 vector to Q7 vector.
  42:Source\SupportFunctions/arm_q31_to_q7.c ****  * @param[in]       *pSrc points to the Q31 input vector
  43:Source\SupportFunctions/arm_q31_to_q7.c ****  * @param[out]      *pDst points to the Q7 output vector
  44:Source\SupportFunctions/arm_q31_to_q7.c ****  * @param[in]       blockSize length of the input vector
  45:Source\SupportFunctions/arm_q31_to_q7.c ****  * @return none.
  46:Source\SupportFunctions/arm_q31_to_q7.c ****  *
  47:Source\SupportFunctions/arm_q31_to_q7.c ****  * \par Description:
  48:Source\SupportFunctions/arm_q31_to_q7.c ****  *
  49:Source\SupportFunctions/arm_q31_to_q7.c ****  * The equation used for the conversion process is:
  50:Source\SupportFunctions/arm_q31_to_q7.c ****  *
  51:Source\SupportFunctions/arm_q31_to_q7.c ****  * <pre>
  52:Source\SupportFunctions/arm_q31_to_q7.c ****  * 	pDst[n] = (q7_t) pSrc[n] >> 24;   0 <= n < blockSize.
  53:Source\SupportFunctions/arm_q31_to_q7.c ****  * </pre>
  54:Source\SupportFunctions/arm_q31_to_q7.c ****  *
  55:Source\SupportFunctions/arm_q31_to_q7.c ****  */
  56:Source\SupportFunctions/arm_q31_to_q7.c **** 
  57:Source\SupportFunctions/arm_q31_to_q7.c **** 
  58:Source\SupportFunctions/arm_q31_to_q7.c **** void arm_q31_to_q7(
  59:Source\SupportFunctions/arm_q31_to_q7.c ****   q31_t * pSrc,
  60:Source\SupportFunctions/arm_q31_to_q7.c ****   q7_t * pDst,
  61:Source\SupportFunctions/arm_q31_to_q7.c ****   uint32_t blockSize)
  62:Source\SupportFunctions/arm_q31_to_q7.c **** {
  26              		.loc 1 62 0
  27              		.cfi_startproc
  28 0000 80B5     		push	{r7, lr}
  29              		.cfi_def_cfa_offset 8
  30              		.cfi_offset 7, -8
  31              		.cfi_offset 14, -4
  32 0002 86B0     		sub	sp, sp, #24
  33              		.cfi_def_cfa_offset 32
  34 0004 00AF     		add	r7, sp, #0
  35              		.cfi_def_cfa_register 7
  36 0006 F860     		str	r0, [r7, #12]
  37 0008 B960     		str	r1, [r7, #8]
  38 000a 7A60     		str	r2, [r7, #4]
  63:Source\SupportFunctions/arm_q31_to_q7.c ****   q31_t *pIn = pSrc;                             /* Src pointer */
  39              		.loc 1 63 0
  40 000c FB68     		ldr	r3, [r7, #12]
  41 000e 7B61     		str	r3, [r7, #20]
  64:Source\SupportFunctions/arm_q31_to_q7.c ****   uint32_t blkCnt;                               /* loop counter */
  65:Source\SupportFunctions/arm_q31_to_q7.c **** 
  66:Source\SupportFunctions/arm_q31_to_q7.c **** #if defined (ARM_MATH_DSP)
  67:Source\SupportFunctions/arm_q31_to_q7.c **** 
  68:Source\SupportFunctions/arm_q31_to_q7.c ****   /* Run the below code for Cortex-M4 and Cortex-M3 */
  69:Source\SupportFunctions/arm_q31_to_q7.c ****   q31_t in1, in2, in3, in4;
  70:Source\SupportFunctions/arm_q31_to_q7.c ****   q7_t out1, out2, out3, out4;
  71:Source\SupportFunctions/arm_q31_to_q7.c **** 
  72:Source\SupportFunctions/arm_q31_to_q7.c ****   /*loop Unrolling */
  73:Source\SupportFunctions/arm_q31_to_q7.c ****   blkCnt = blockSize >> 2u;
ARM GAS  C:\Users\fneves\AppData\Local\Temp\ccrWy7Z8.s 			page 3


  74:Source\SupportFunctions/arm_q31_to_q7.c **** 
  75:Source\SupportFunctions/arm_q31_to_q7.c ****   /* First part of the processing with loop unrolling.  Compute 4 outputs at a time.
  76:Source\SupportFunctions/arm_q31_to_q7.c ****    ** a second loop below computes the remaining 1 to 3 samples. */
  77:Source\SupportFunctions/arm_q31_to_q7.c ****   while (blkCnt > 0u)
  78:Source\SupportFunctions/arm_q31_to_q7.c ****   {
  79:Source\SupportFunctions/arm_q31_to_q7.c ****     /* C = (q7_t) A >> 24 */
  80:Source\SupportFunctions/arm_q31_to_q7.c ****     /* convert from q31 to q7 and then store the results in the destination buffer */
  81:Source\SupportFunctions/arm_q31_to_q7.c ****     in1 = *pIn++;
  82:Source\SupportFunctions/arm_q31_to_q7.c ****     in2 = *pIn++;
  83:Source\SupportFunctions/arm_q31_to_q7.c ****     in3 = *pIn++;
  84:Source\SupportFunctions/arm_q31_to_q7.c ****     in4 = *pIn++;
  85:Source\SupportFunctions/arm_q31_to_q7.c **** 
  86:Source\SupportFunctions/arm_q31_to_q7.c ****     out1 = (q7_t) (in1 >> 24);
  87:Source\SupportFunctions/arm_q31_to_q7.c ****     out2 = (q7_t) (in2 >> 24);
  88:Source\SupportFunctions/arm_q31_to_q7.c ****     out3 = (q7_t) (in3 >> 24);
  89:Source\SupportFunctions/arm_q31_to_q7.c ****     out4 = (q7_t) (in4 >> 24);
  90:Source\SupportFunctions/arm_q31_to_q7.c **** 
  91:Source\SupportFunctions/arm_q31_to_q7.c ****     *__SIMD32(pDst)++ = __PACKq7(out1, out2, out3, out4);
  92:Source\SupportFunctions/arm_q31_to_q7.c **** 
  93:Source\SupportFunctions/arm_q31_to_q7.c ****     /* Decrement the loop counter */
  94:Source\SupportFunctions/arm_q31_to_q7.c ****     blkCnt--;
  95:Source\SupportFunctions/arm_q31_to_q7.c ****   }
  96:Source\SupportFunctions/arm_q31_to_q7.c **** 
  97:Source\SupportFunctions/arm_q31_to_q7.c ****   /* If the blockSize is not a multiple of 4, compute any remaining output samples here.
  98:Source\SupportFunctions/arm_q31_to_q7.c ****    ** No loop unrolling is used. */
  99:Source\SupportFunctions/arm_q31_to_q7.c ****   blkCnt = blockSize % 0x4u;
 100:Source\SupportFunctions/arm_q31_to_q7.c **** 
 101:Source\SupportFunctions/arm_q31_to_q7.c **** #else
 102:Source\SupportFunctions/arm_q31_to_q7.c **** 
 103:Source\SupportFunctions/arm_q31_to_q7.c ****   /* Run the below code for Cortex-M0 */
 104:Source\SupportFunctions/arm_q31_to_q7.c **** 
 105:Source\SupportFunctions/arm_q31_to_q7.c ****   /* Loop over blockSize number of values */
 106:Source\SupportFunctions/arm_q31_to_q7.c ****   blkCnt = blockSize;
  42              		.loc 1 106 0
  43 0010 7B68     		ldr	r3, [r7, #4]
  44 0012 3B61     		str	r3, [r7, #16]
 107:Source\SupportFunctions/arm_q31_to_q7.c **** 
 108:Source\SupportFunctions/arm_q31_to_q7.c **** #endif /* #if defined (ARM_MATH_DSP) */
 109:Source\SupportFunctions/arm_q31_to_q7.c **** 
 110:Source\SupportFunctions/arm_q31_to_q7.c ****   while (blkCnt > 0u)
  45              		.loc 1 110 0
  46 0014 0CE0     		b	.L2
  47              	.L3:
 111:Source\SupportFunctions/arm_q31_to_q7.c ****   {
 112:Source\SupportFunctions/arm_q31_to_q7.c ****     /* C = (q7_t) A >> 24 */
 113:Source\SupportFunctions/arm_q31_to_q7.c ****     /* convert from q31 to q7 and then store the results in the destination buffer */
 114:Source\SupportFunctions/arm_q31_to_q7.c ****     *pDst++ = (q7_t) (*pIn++ >> 24);
  48              		.loc 1 114 0
  49 0016 BA68     		ldr	r2, [r7, #8]
  50 0018 531C     		add	r3, r2, #1
  51 001a BB60     		str	r3, [r7, #8]
  52 001c 7B69     		ldr	r3, [r7, #20]
  53 001e 191D     		add	r1, r3, #4
  54 0020 7961     		str	r1, [r7, #20]
  55 0022 1B68     		ldr	r3, [r3]
  56 0024 1B16     		asr	r3, r3, #24
  57 0026 DBB2     		uxtb	r3, r3
ARM GAS  C:\Users\fneves\AppData\Local\Temp\ccrWy7Z8.s 			page 4


  58 0028 1370     		strb	r3, [r2]
 115:Source\SupportFunctions/arm_q31_to_q7.c **** 
 116:Source\SupportFunctions/arm_q31_to_q7.c ****     /* Decrement the loop counter */
 117:Source\SupportFunctions/arm_q31_to_q7.c ****     blkCnt--;
  59              		.loc 1 117 0
  60 002a 3B69     		ldr	r3, [r7, #16]
  61 002c 013B     		sub	r3, r3, #1
  62 002e 3B61     		str	r3, [r7, #16]
  63              	.L2:
 110:Source\SupportFunctions/arm_q31_to_q7.c ****   {
  64              		.loc 1 110 0
  65 0030 3B69     		ldr	r3, [r7, #16]
  66 0032 002B     		cmp	r3, #0
  67 0034 EFD1     		bne	.L3
 118:Source\SupportFunctions/arm_q31_to_q7.c ****   }
 119:Source\SupportFunctions/arm_q31_to_q7.c **** 
 120:Source\SupportFunctions/arm_q31_to_q7.c **** }
  68              		.loc 1 120 0
  69 0036 BD46     		mov	sp, r7
  70 0038 06B0     		add	sp, sp, #24
  71              		@ sp needed
  72 003a 80BD     		pop	{r7, pc}
  73              		.cfi_endproc
  74              	.LFE82:
  75              		.size	arm_q31_to_q7, .-arm_q31_to_q7
  76              		.text
  77              	.Letext0:
  78              		.file 2 "c:\\program files (x86)\\cypress\\psoc creator\\4.0\\psoc creator\\import\\gnu\\arm\\4.9.
  79              		.file 3 "c:\\program files (x86)\\cypress\\psoc creator\\4.0\\psoc creator\\import\\gnu\\arm\\4.9.
  80              		.file 4 ".\\Include/arm_math.h"
  81              		.section	.debug_info,"",%progbits
  82              	.Ldebug_info0:
  83 0000 49010000 		.4byte	0x149
  84 0004 0400     		.2byte	0x4
  85 0006 00000000 		.4byte	.Ldebug_abbrev0
  86 000a 04       		.byte	0x4
  87 000b 01       		.uleb128 0x1
  88 000c 1C010000 		.4byte	.LASF26
  89 0010 01       		.byte	0x1
  90 0011 B9000000 		.4byte	.LASF27
  91 0015 13000000 		.4byte	.LASF28
  92 0019 00000000 		.4byte	.Ldebug_ranges0+0
  93 001d 00000000 		.4byte	0
  94 0021 00000000 		.4byte	.Ldebug_line0
  95 0025 02       		.uleb128 0x2
  96 0026 00000000 		.4byte	.LASF4
  97 002a 02       		.byte	0x2
  98 002b 1B       		.byte	0x1b
  99 002c 30000000 		.4byte	0x30
 100 0030 03       		.uleb128 0x3
 101 0031 01       		.byte	0x1
 102 0032 06       		.byte	0x6
 103 0033 04020000 		.4byte	.LASF0
 104 0037 03       		.uleb128 0x3
 105 0038 01       		.byte	0x1
 106 0039 08       		.byte	0x8
 107 003a 6C000000 		.4byte	.LASF1
ARM GAS  C:\Users\fneves\AppData\Local\Temp\ccrWy7Z8.s 			page 5


 108 003e 03       		.uleb128 0x3
 109 003f 02       		.byte	0x2
 110 0040 05       		.byte	0x5
 111 0041 DC010000 		.4byte	.LASF2
 112 0045 03       		.uleb128 0x3
 113 0046 02       		.byte	0x2
 114 0047 07       		.byte	0x7
 115 0048 93000000 		.4byte	.LASF3
 116 004c 02       		.uleb128 0x2
 117 004d 09000000 		.4byte	.LASF5
 118 0051 02       		.byte	0x2
 119 0052 3F       		.byte	0x3f
 120 0053 57000000 		.4byte	0x57
 121 0057 03       		.uleb128 0x3
 122 0058 04       		.byte	0x4
 123 0059 05       		.byte	0x5
 124 005a EF010000 		.4byte	.LASF6
 125 005e 02       		.uleb128 0x2
 126 005f E8000000 		.4byte	.LASF7
 127 0063 02       		.byte	0x2
 128 0064 41       		.byte	0x41
 129 0065 69000000 		.4byte	0x69
 130 0069 03       		.uleb128 0x3
 131 006a 04       		.byte	0x4
 132 006b 07       		.byte	0x7
 133 006c 81000000 		.4byte	.LASF8
 134 0070 03       		.uleb128 0x3
 135 0071 08       		.byte	0x8
 136 0072 05       		.byte	0x5
 137 0073 BF010000 		.4byte	.LASF9
 138 0077 03       		.uleb128 0x3
 139 0078 08       		.byte	0x8
 140 0079 07       		.byte	0x7
 141 007a 05010000 		.4byte	.LASF10
 142 007e 04       		.uleb128 0x4
 143 007f 04       		.byte	0x4
 144 0080 05       		.byte	0x5
 145 0081 696E7400 		.ascii	"int\000"
 146 0085 03       		.uleb128 0x3
 147 0086 04       		.byte	0x4
 148 0087 07       		.byte	0x7
 149 0088 F8000000 		.4byte	.LASF11
 150 008c 02       		.uleb128 0x2
 151 008d 59000000 		.4byte	.LASF12
 152 0091 03       		.byte	0x3
 153 0092 14       		.byte	0x14
 154 0093 25000000 		.4byte	0x25
 155 0097 02       		.uleb128 0x2
 156 0098 AE010000 		.4byte	.LASF13
 157 009c 03       		.byte	0x3
 158 009d 2C       		.byte	0x2c
 159 009e 4C000000 		.4byte	0x4c
 160 00a2 02       		.uleb128 0x2
 161 00a3 E6010000 		.4byte	.LASF14
 162 00a7 03       		.byte	0x3
 163 00a8 2D       		.byte	0x2d
 164 00a9 5E000000 		.4byte	0x5e
ARM GAS  C:\Users\fneves\AppData\Local\Temp\ccrWy7Z8.s 			page 6


 165 00ad 03       		.uleb128 0x3
 166 00ae 04       		.byte	0x4
 167 00af 07       		.byte	0x7
 168 00b0 B6010000 		.4byte	.LASF15
 169 00b4 03       		.uleb128 0x3
 170 00b5 01       		.byte	0x1
 171 00b6 08       		.byte	0x8
 172 00b7 D7010000 		.4byte	.LASF16
 173 00bb 03       		.uleb128 0x3
 174 00bc 08       		.byte	0x8
 175 00bd 04       		.byte	0x4
 176 00be E1000000 		.4byte	.LASF17
 177 00c2 03       		.uleb128 0x3
 178 00c3 04       		.byte	0x4
 179 00c4 04       		.byte	0x4
 180 00c5 60000000 		.4byte	.LASF18
 181 00c9 03       		.uleb128 0x3
 182 00ca 08       		.byte	0x8
 183 00cb 04       		.byte	0x4
 184 00cc F8010000 		.4byte	.LASF19
 185 00d0 05       		.uleb128 0x5
 186 00d1 F3000000 		.4byte	.LASF20
 187 00d5 04       		.byte	0x4
 188 00d6 9101     		.2byte	0x191
 189 00d8 8C000000 		.4byte	0x8c
 190 00dc 05       		.uleb128 0x5
 191 00dd 66000000 		.4byte	.LASF21
 192 00e1 04       		.byte	0x4
 193 00e2 9B01     		.2byte	0x19b
 194 00e4 97000000 		.4byte	0x97
 195 00e8 06       		.uleb128 0x6
 196 00e9 04       		.byte	0x4
 197 00ea D0000000 		.4byte	0xd0
 198 00ee 06       		.uleb128 0x6
 199 00ef 04       		.byte	0x4
 200 00f0 DC000000 		.4byte	0xdc
 201 00f4 07       		.uleb128 0x7
 202 00f5 AB000000 		.4byte	.LASF29
 203 00f9 01       		.byte	0x1
 204 00fa 3A       		.byte	0x3a
 205 00fb 00000000 		.4byte	.LFB82
 206 00ff 3C000000 		.4byte	.LFE82-.LFB82
 207 0103 01       		.uleb128 0x1
 208 0104 9C       		.byte	0x9c
 209 0105 08       		.uleb128 0x8
 210 0106 10020000 		.4byte	.LASF22
 211 010a 01       		.byte	0x1
 212 010b 3B       		.byte	0x3b
 213 010c EE000000 		.4byte	0xee
 214 0110 02       		.uleb128 0x2
 215 0111 91       		.byte	0x91
 216 0112 6C       		.sleb128 -20
 217 0113 08       		.uleb128 0x8
 218 0114 A6000000 		.4byte	.LASF23
 219 0118 01       		.byte	0x1
 220 0119 3C       		.byte	0x3c
 221 011a E8000000 		.4byte	0xe8
ARM GAS  C:\Users\fneves\AppData\Local\Temp\ccrWy7Z8.s 			page 7


 222 011e 02       		.uleb128 0x2
 223 011f 91       		.byte	0x91
 224 0120 68       		.sleb128 -24
 225 0121 08       		.uleb128 0x8
 226 0122 CD010000 		.4byte	.LASF24
 227 0126 01       		.byte	0x1
 228 0127 3D       		.byte	0x3d
 229 0128 A2000000 		.4byte	0xa2
 230 012c 02       		.uleb128 0x2
 231 012d 91       		.byte	0x91
 232 012e 64       		.sleb128 -28
 233 012f 09       		.uleb128 0x9
 234 0130 70496E00 		.ascii	"pIn\000"
 235 0134 01       		.byte	0x1
 236 0135 3F       		.byte	0x3f
 237 0136 EE000000 		.4byte	0xee
 238 013a 02       		.uleb128 0x2
 239 013b 91       		.byte	0x91
 240 013c 74       		.sleb128 -12
 241 013d 0A       		.uleb128 0xa
 242 013e 7A000000 		.4byte	.LASF25
 243 0142 01       		.byte	0x1
 244 0143 40       		.byte	0x40
 245 0144 A2000000 		.4byte	0xa2
 246 0148 02       		.uleb128 0x2
 247 0149 91       		.byte	0x91
 248 014a 70       		.sleb128 -16
 249 014b 00       		.byte	0
 250 014c 00       		.byte	0
 251              		.section	.debug_abbrev,"",%progbits
 252              	.Ldebug_abbrev0:
 253 0000 01       		.uleb128 0x1
 254 0001 11       		.uleb128 0x11
 255 0002 01       		.byte	0x1
 256 0003 25       		.uleb128 0x25
 257 0004 0E       		.uleb128 0xe
 258 0005 13       		.uleb128 0x13
 259 0006 0B       		.uleb128 0xb
 260 0007 03       		.uleb128 0x3
 261 0008 0E       		.uleb128 0xe
 262 0009 1B       		.uleb128 0x1b
 263 000a 0E       		.uleb128 0xe
 264 000b 55       		.uleb128 0x55
 265 000c 17       		.uleb128 0x17
 266 000d 11       		.uleb128 0x11
 267 000e 01       		.uleb128 0x1
 268 000f 10       		.uleb128 0x10
 269 0010 17       		.uleb128 0x17
 270 0011 00       		.byte	0
 271 0012 00       		.byte	0
 272 0013 02       		.uleb128 0x2
 273 0014 16       		.uleb128 0x16
 274 0015 00       		.byte	0
 275 0016 03       		.uleb128 0x3
 276 0017 0E       		.uleb128 0xe
 277 0018 3A       		.uleb128 0x3a
 278 0019 0B       		.uleb128 0xb
ARM GAS  C:\Users\fneves\AppData\Local\Temp\ccrWy7Z8.s 			page 8


 279 001a 3B       		.uleb128 0x3b
 280 001b 0B       		.uleb128 0xb
 281 001c 49       		.uleb128 0x49
 282 001d 13       		.uleb128 0x13
 283 001e 00       		.byte	0
 284 001f 00       		.byte	0
 285 0020 03       		.uleb128 0x3
 286 0021 24       		.uleb128 0x24
 287 0022 00       		.byte	0
 288 0023 0B       		.uleb128 0xb
 289 0024 0B       		.uleb128 0xb
 290 0025 3E       		.uleb128 0x3e
 291 0026 0B       		.uleb128 0xb
 292 0027 03       		.uleb128 0x3
 293 0028 0E       		.uleb128 0xe
 294 0029 00       		.byte	0
 295 002a 00       		.byte	0
 296 002b 04       		.uleb128 0x4
 297 002c 24       		.uleb128 0x24
 298 002d 00       		.byte	0
 299 002e 0B       		.uleb128 0xb
 300 002f 0B       		.uleb128 0xb
 301 0030 3E       		.uleb128 0x3e
 302 0031 0B       		.uleb128 0xb
 303 0032 03       		.uleb128 0x3
 304 0033 08       		.uleb128 0x8
 305 0034 00       		.byte	0
 306 0035 00       		.byte	0
 307 0036 05       		.uleb128 0x5
 308 0037 16       		.uleb128 0x16
 309 0038 00       		.byte	0
 310 0039 03       		.uleb128 0x3
 311 003a 0E       		.uleb128 0xe
 312 003b 3A       		.uleb128 0x3a
 313 003c 0B       		.uleb128 0xb
 314 003d 3B       		.uleb128 0x3b
 315 003e 05       		.uleb128 0x5
 316 003f 49       		.uleb128 0x49
 317 0040 13       		.uleb128 0x13
 318 0041 00       		.byte	0
 319 0042 00       		.byte	0
 320 0043 06       		.uleb128 0x6
 321 0044 0F       		.uleb128 0xf
 322 0045 00       		.byte	0
 323 0046 0B       		.uleb128 0xb
 324 0047 0B       		.uleb128 0xb
 325 0048 49       		.uleb128 0x49
 326 0049 13       		.uleb128 0x13
 327 004a 00       		.byte	0
 328 004b 00       		.byte	0
 329 004c 07       		.uleb128 0x7
 330 004d 2E       		.uleb128 0x2e
 331 004e 01       		.byte	0x1
 332 004f 3F       		.uleb128 0x3f
 333 0050 19       		.uleb128 0x19
 334 0051 03       		.uleb128 0x3
 335 0052 0E       		.uleb128 0xe
ARM GAS  C:\Users\fneves\AppData\Local\Temp\ccrWy7Z8.s 			page 9


 336 0053 3A       		.uleb128 0x3a
 337 0054 0B       		.uleb128 0xb
 338 0055 3B       		.uleb128 0x3b
 339 0056 0B       		.uleb128 0xb
 340 0057 27       		.uleb128 0x27
 341 0058 19       		.uleb128 0x19
 342 0059 11       		.uleb128 0x11
 343 005a 01       		.uleb128 0x1
 344 005b 12       		.uleb128 0x12
 345 005c 06       		.uleb128 0x6
 346 005d 40       		.uleb128 0x40
 347 005e 18       		.uleb128 0x18
 348 005f 9742     		.uleb128 0x2117
 349 0061 19       		.uleb128 0x19
 350 0062 00       		.byte	0
 351 0063 00       		.byte	0
 352 0064 08       		.uleb128 0x8
 353 0065 05       		.uleb128 0x5
 354 0066 00       		.byte	0
 355 0067 03       		.uleb128 0x3
 356 0068 0E       		.uleb128 0xe
 357 0069 3A       		.uleb128 0x3a
 358 006a 0B       		.uleb128 0xb
 359 006b 3B       		.uleb128 0x3b
 360 006c 0B       		.uleb128 0xb
 361 006d 49       		.uleb128 0x49
 362 006e 13       		.uleb128 0x13
 363 006f 02       		.uleb128 0x2
 364 0070 18       		.uleb128 0x18
 365 0071 00       		.byte	0
 366 0072 00       		.byte	0
 367 0073 09       		.uleb128 0x9
 368 0074 34       		.uleb128 0x34
 369 0075 00       		.byte	0
 370 0076 03       		.uleb128 0x3
 371 0077 08       		.uleb128 0x8
 372 0078 3A       		.uleb128 0x3a
 373 0079 0B       		.uleb128 0xb
 374 007a 3B       		.uleb128 0x3b
 375 007b 0B       		.uleb128 0xb
 376 007c 49       		.uleb128 0x49
 377 007d 13       		.uleb128 0x13
 378 007e 02       		.uleb128 0x2
 379 007f 18       		.uleb128 0x18
 380 0080 00       		.byte	0
 381 0081 00       		.byte	0
 382 0082 0A       		.uleb128 0xa
 383 0083 34       		.uleb128 0x34
 384 0084 00       		.byte	0
 385 0085 03       		.uleb128 0x3
 386 0086 0E       		.uleb128 0xe
 387 0087 3A       		.uleb128 0x3a
 388 0088 0B       		.uleb128 0xb
 389 0089 3B       		.uleb128 0x3b
 390 008a 0B       		.uleb128 0xb
 391 008b 49       		.uleb128 0x49
 392 008c 13       		.uleb128 0x13
ARM GAS  C:\Users\fneves\AppData\Local\Temp\ccrWy7Z8.s 			page 10


 393 008d 02       		.uleb128 0x2
 394 008e 18       		.uleb128 0x18
 395 008f 00       		.byte	0
 396 0090 00       		.byte	0
 397 0091 00       		.byte	0
 398              		.section	.debug_aranges,"",%progbits
 399 0000 1C000000 		.4byte	0x1c
 400 0004 0200     		.2byte	0x2
 401 0006 00000000 		.4byte	.Ldebug_info0
 402 000a 04       		.byte	0x4
 403 000b 00       		.byte	0
 404 000c 0000     		.2byte	0
 405 000e 0000     		.2byte	0
 406 0010 00000000 		.4byte	.LFB82
 407 0014 3C000000 		.4byte	.LFE82-.LFB82
 408 0018 00000000 		.4byte	0
 409 001c 00000000 		.4byte	0
 410              		.section	.debug_ranges,"",%progbits
 411              	.Ldebug_ranges0:
 412 0000 00000000 		.4byte	.LFB82
 413 0004 3C000000 		.4byte	.LFE82
 414 0008 00000000 		.4byte	0
 415 000c 00000000 		.4byte	0
 416              		.section	.debug_line,"",%progbits
 417              	.Ldebug_line0:
 418 0000 70010000 		.section	.debug_str,"MS",%progbits,1
 418      02004E01 
 418      00000201 
 418      FB0E0D00 
 418      01010101 
 419              	.LASF4:
 420 0000 5F5F696E 		.ascii	"__int8_t\000"
 420      74385F74 
 420      00
 421              	.LASF5:
 422 0009 5F5F696E 		.ascii	"__int32_t\000"
 422      7433325F 
 422      7400
 423              	.LASF28:
 424 0013 433A5C55 		.ascii	"C:\\Users\\fneves\\Documents\\PSoC Creator\\wp_1\\e"
 424      73657273 
 424      5C666E65 
 424      7665735C 
 424      446F6375 
 425 0040 6E67696E 		.ascii	"ngine_speed_sensor.cydsn\000"
 425      655F7370 
 425      6565645F 
 425      73656E73 
 425      6F722E63 
 426              	.LASF12:
 427 0059 696E7438 		.ascii	"int8_t\000"
 427      5F7400
 428              	.LASF18:
 429 0060 666C6F61 		.ascii	"float\000"
 429      7400
 430              	.LASF21:
 431 0066 7133315F 		.ascii	"q31_t\000"
ARM GAS  C:\Users\fneves\AppData\Local\Temp\ccrWy7Z8.s 			page 11


 431      7400
 432              	.LASF1:
 433 006c 756E7369 		.ascii	"unsigned char\000"
 433      676E6564 
 433      20636861 
 433      7200
 434              	.LASF25:
 435 007a 626C6B43 		.ascii	"blkCnt\000"
 435      6E7400
 436              	.LASF8:
 437 0081 6C6F6E67 		.ascii	"long unsigned int\000"
 437      20756E73 
 437      69676E65 
 437      6420696E 
 437      7400
 438              	.LASF3:
 439 0093 73686F72 		.ascii	"short unsigned int\000"
 439      7420756E 
 439      7369676E 
 439      65642069 
 439      6E7400
 440              	.LASF23:
 441 00a6 70447374 		.ascii	"pDst\000"
 441      00
 442              	.LASF29:
 443 00ab 61726D5F 		.ascii	"arm_q31_to_q7\000"
 443      7133315F 
 443      746F5F71 
 443      3700
 444              	.LASF27:
 445 00b9 536F7572 		.ascii	"Source\\SupportFunctions\\arm_q31_to_q7.c\000"
 445      63655C53 
 445      7570706F 
 445      72744675 
 445      6E637469 
 446              	.LASF17:
 447 00e1 646F7562 		.ascii	"double\000"
 447      6C6500
 448              	.LASF7:
 449 00e8 5F5F7569 		.ascii	"__uint32_t\000"
 449      6E743332 
 449      5F7400
 450              	.LASF20:
 451 00f3 71375F74 		.ascii	"q7_t\000"
 451      00
 452              	.LASF11:
 453 00f8 756E7369 		.ascii	"unsigned int\000"
 453      676E6564 
 453      20696E74 
 453      00
 454              	.LASF10:
 455 0105 6C6F6E67 		.ascii	"long long unsigned int\000"
 455      206C6F6E 
 455      6720756E 
 455      7369676E 
 455      65642069 
 456              	.LASF26:
ARM GAS  C:\Users\fneves\AppData\Local\Temp\ccrWy7Z8.s 			page 12


 457 011c 474E5520 		.ascii	"GNU C 4.9.3 20150303 (release) [ARM/embedded-4_9-br"
 457      4320342E 
 457      392E3320 
 457      32303135 
 457      30333033 
 458 014f 616E6368 		.ascii	"anch revision 221220] -mcpu=cortex-m0plus -mthumb -"
 458      20726576 
 458      6973696F 
 458      6E203232 
 458      31323230 
 459 0182 67202D4F 		.ascii	"g -O0 -ffunction-sections -ffat-lto-objects\000"
 459      30202D66 
 459      66756E63 
 459      74696F6E 
 459      2D736563 
 460              	.LASF13:
 461 01ae 696E7433 		.ascii	"int32_t\000"
 461      325F7400 
 462              	.LASF15:
 463 01b6 73697A65 		.ascii	"sizetype\000"
 463      74797065 
 463      00
 464              	.LASF9:
 465 01bf 6C6F6E67 		.ascii	"long long int\000"
 465      206C6F6E 
 465      6720696E 
 465      7400
 466              	.LASF24:
 467 01cd 626C6F63 		.ascii	"blockSize\000"
 467      6B53697A 
 467      6500
 468              	.LASF16:
 469 01d7 63686172 		.ascii	"char\000"
 469      00
 470              	.LASF2:
 471 01dc 73686F72 		.ascii	"short int\000"
 471      7420696E 
 471      7400
 472              	.LASF14:
 473 01e6 75696E74 		.ascii	"uint32_t\000"
 473      33325F74 
 473      00
 474              	.LASF6:
 475 01ef 6C6F6E67 		.ascii	"long int\000"
 475      20696E74 
 475      00
 476              	.LASF19:
 477 01f8 6C6F6E67 		.ascii	"long double\000"
 477      20646F75 
 477      626C6500 
 478              	.LASF0:
 479 0204 7369676E 		.ascii	"signed char\000"
 479      65642063 
 479      68617200 
 480              	.LASF22:
 481 0210 70537263 		.ascii	"pSrc\000"
 481      00
ARM GAS  C:\Users\fneves\AppData\Local\Temp\ccrWy7Z8.s 			page 13


 482              		.ident	"GCC: (GNU Tools for ARM Embedded Processors) 4.9.3 20150303 (release) [ARM/embedded-4_9-br
