ARM GAS  C:\Users\fneves\AppData\Local\Temp\ccUeqZaO.s 			page 1


   1              		.cpu cortex-m0plus
   2              		.fpu softvfp
   3              		.eabi_attribute 20, 1
   4              		.eabi_attribute 21, 1
   5              		.eabi_attribute 23, 3
   6              		.eabi_attribute 24, 1
   7              		.eabi_attribute 25, 1
   8              		.eabi_attribute 26, 1
   9              		.eabi_attribute 30, 6
  10              		.eabi_attribute 34, 0
  11              		.eabi_attribute 18, 4
  12              		.code	16
  13              		.file	"arm_mat_trans_q15.c"
  14              		.text
  15              	.Ltext0:
  16              		.cfi_sections	.debug_frame
  17              		.section	.text.arm_mat_trans_q15,"ax",%progbits
  18              		.align	2
  19              		.global	arm_mat_trans_q15
  20              		.code	16
  21              		.thumb_func
  22              		.type	arm_mat_trans_q15, %function
  23              	arm_mat_trans_q15:
  24              	.LFB82:
  25              		.file 1 "Source\\MatrixFunctions\\arm_mat_trans_q15.c"
   1:Source\MatrixFunctions/arm_mat_trans_q15.c **** /* ----------------------------------------------------------------------
   2:Source\MatrixFunctions/arm_mat_trans_q15.c ****  * Project:      CMSIS DSP Library
   3:Source\MatrixFunctions/arm_mat_trans_q15.c ****  * Title:        arm_mat_trans_q15.c
   4:Source\MatrixFunctions/arm_mat_trans_q15.c ****  * Description:  Q15 matrix transpose
   5:Source\MatrixFunctions/arm_mat_trans_q15.c ****  *
   6:Source\MatrixFunctions/arm_mat_trans_q15.c ****  * $Date:        27. January 2017
   7:Source\MatrixFunctions/arm_mat_trans_q15.c ****  * $Revision:    V.1.5.1
   8:Source\MatrixFunctions/arm_mat_trans_q15.c ****  *
   9:Source\MatrixFunctions/arm_mat_trans_q15.c ****  * Target Processor: Cortex-M cores
  10:Source\MatrixFunctions/arm_mat_trans_q15.c ****  * -------------------------------------------------------------------- */
  11:Source\MatrixFunctions/arm_mat_trans_q15.c **** /*
  12:Source\MatrixFunctions/arm_mat_trans_q15.c ****  * Copyright (C) 2010-2017 ARM Limited or its affiliates. All rights reserved.
  13:Source\MatrixFunctions/arm_mat_trans_q15.c ****  *
  14:Source\MatrixFunctions/arm_mat_trans_q15.c ****  * SPDX-License-Identifier: Apache-2.0
  15:Source\MatrixFunctions/arm_mat_trans_q15.c ****  *
  16:Source\MatrixFunctions/arm_mat_trans_q15.c ****  * Licensed under the Apache License, Version 2.0 (the License); you may
  17:Source\MatrixFunctions/arm_mat_trans_q15.c ****  * not use this file except in compliance with the License.
  18:Source\MatrixFunctions/arm_mat_trans_q15.c ****  * You may obtain a copy of the License at
  19:Source\MatrixFunctions/arm_mat_trans_q15.c ****  *
  20:Source\MatrixFunctions/arm_mat_trans_q15.c ****  * www.apache.org/licenses/LICENSE-2.0
  21:Source\MatrixFunctions/arm_mat_trans_q15.c ****  *
  22:Source\MatrixFunctions/arm_mat_trans_q15.c ****  * Unless required by applicable law or agreed to in writing, software
  23:Source\MatrixFunctions/arm_mat_trans_q15.c ****  * distributed under the License is distributed on an AS IS BASIS, WITHOUT
  24:Source\MatrixFunctions/arm_mat_trans_q15.c ****  * WARRANTIES OR CONDITIONS OF ANY KIND, either express or implied.
  25:Source\MatrixFunctions/arm_mat_trans_q15.c ****  * See the License for the specific language governing permissions and
  26:Source\MatrixFunctions/arm_mat_trans_q15.c ****  * limitations under the License.
  27:Source\MatrixFunctions/arm_mat_trans_q15.c ****  */
  28:Source\MatrixFunctions/arm_mat_trans_q15.c **** 
  29:Source\MatrixFunctions/arm_mat_trans_q15.c **** #include "arm_math.h"
  30:Source\MatrixFunctions/arm_mat_trans_q15.c **** 
  31:Source\MatrixFunctions/arm_mat_trans_q15.c **** /**
  32:Source\MatrixFunctions/arm_mat_trans_q15.c ****  * @ingroup groupMatrix
ARM GAS  C:\Users\fneves\AppData\Local\Temp\ccUeqZaO.s 			page 2


  33:Source\MatrixFunctions/arm_mat_trans_q15.c ****  */
  34:Source\MatrixFunctions/arm_mat_trans_q15.c **** 
  35:Source\MatrixFunctions/arm_mat_trans_q15.c **** /**
  36:Source\MatrixFunctions/arm_mat_trans_q15.c ****  * @addtogroup MatrixTrans
  37:Source\MatrixFunctions/arm_mat_trans_q15.c ****  * @{
  38:Source\MatrixFunctions/arm_mat_trans_q15.c ****  */
  39:Source\MatrixFunctions/arm_mat_trans_q15.c **** 
  40:Source\MatrixFunctions/arm_mat_trans_q15.c **** /*
  41:Source\MatrixFunctions/arm_mat_trans_q15.c ****  * @brief Q15 matrix transpose.
  42:Source\MatrixFunctions/arm_mat_trans_q15.c ****  * @param[in]  *pSrc points to the input matrix
  43:Source\MatrixFunctions/arm_mat_trans_q15.c ****  * @param[out] *pDst points to the output matrix
  44:Source\MatrixFunctions/arm_mat_trans_q15.c ****  * @return 	The function returns either  <code>ARM_MATH_SIZE_MISMATCH</code>
  45:Source\MatrixFunctions/arm_mat_trans_q15.c ****  * or <code>ARM_MATH_SUCCESS</code> based on the outcome of size checking.
  46:Source\MatrixFunctions/arm_mat_trans_q15.c ****  */
  47:Source\MatrixFunctions/arm_mat_trans_q15.c **** 
  48:Source\MatrixFunctions/arm_mat_trans_q15.c **** arm_status arm_mat_trans_q15(
  49:Source\MatrixFunctions/arm_mat_trans_q15.c ****   const arm_matrix_instance_q15 * pSrc,
  50:Source\MatrixFunctions/arm_mat_trans_q15.c ****   arm_matrix_instance_q15 * pDst)
  51:Source\MatrixFunctions/arm_mat_trans_q15.c **** {
  26              		.loc 1 51 0
  27              		.cfi_startproc
  28 0000 80B5     		push	{r7, lr}
  29              		.cfi_def_cfa_offset 8
  30              		.cfi_offset 7, -8
  31              		.cfi_offset 14, -4
  32 0002 88B0     		sub	sp, sp, #32
  33              		.cfi_def_cfa_offset 40
  34 0004 00AF     		add	r7, sp, #0
  35              		.cfi_def_cfa_register 7
  36 0006 7860     		str	r0, [r7, #4]
  37 0008 3960     		str	r1, [r7]
  52:Source\MatrixFunctions/arm_mat_trans_q15.c ****   q15_t *pSrcA = pSrc->pData;                    /* input data matrix pointer */
  38              		.loc 1 52 0
  39 000a 7B68     		ldr	r3, [r7, #4]
  40 000c 5B68     		ldr	r3, [r3, #4]
  41 000e FB61     		str	r3, [r7, #28]
  53:Source\MatrixFunctions/arm_mat_trans_q15.c ****   q15_t *pOut = pDst->pData;                     /* output data matrix pointer */
  42              		.loc 1 53 0
  43 0010 3B68     		ldr	r3, [r7]
  44 0012 5B68     		ldr	r3, [r3, #4]
  45 0014 BB61     		str	r3, [r7, #24]
  54:Source\MatrixFunctions/arm_mat_trans_q15.c ****   uint16_t nRows = pSrc->numRows;                /* number of nRows */
  46              		.loc 1 54 0
  47 0016 1023     		mov	r3, #16
  48 0018 FB18     		add	r3, r7, r3
  49 001a 7A68     		ldr	r2, [r7, #4]
  50 001c 1288     		ldrh	r2, [r2]
  51 001e 1A80     		strh	r2, [r3]
  55:Source\MatrixFunctions/arm_mat_trans_q15.c ****   uint16_t nColumns = pSrc->numCols;             /* number of nColumns */
  52              		.loc 1 55 0
  53 0020 0E23     		mov	r3, #14
  54 0022 FB18     		add	r3, r7, r3
  55 0024 7A68     		ldr	r2, [r7, #4]
  56 0026 5288     		ldrh	r2, [r2, #2]
  57 0028 1A80     		strh	r2, [r3]
  56:Source\MatrixFunctions/arm_mat_trans_q15.c ****   uint16_t col, row = nRows, i = 0u;             /* row and column loop counters */
  58              		.loc 1 56 0
ARM GAS  C:\Users\fneves\AppData\Local\Temp\ccUeqZaO.s 			page 3


  59 002a 1423     		mov	r3, #20
  60 002c FB18     		add	r3, r7, r3
  61 002e 1022     		mov	r2, #16
  62 0030 BA18     		add	r2, r7, r2
  63 0032 1288     		ldrh	r2, [r2]
  64 0034 1A80     		strh	r2, [r3]
  65 0036 1223     		mov	r3, #18
  66 0038 FB18     		add	r3, r7, r3
  67 003a 0022     		mov	r2, #0
  68 003c 1A80     		strh	r2, [r3]
  69              	.L4:
  57:Source\MatrixFunctions/arm_mat_trans_q15.c ****   arm_status status;                             /* status of matrix transpose */
  58:Source\MatrixFunctions/arm_mat_trans_q15.c **** 
  59:Source\MatrixFunctions/arm_mat_trans_q15.c **** #if defined (ARM_MATH_DSP)
  60:Source\MatrixFunctions/arm_mat_trans_q15.c **** 
  61:Source\MatrixFunctions/arm_mat_trans_q15.c ****   /* Run the below code for Cortex-M4 and Cortex-M3 */
  62:Source\MatrixFunctions/arm_mat_trans_q15.c **** #ifndef UNALIGNED_SUPPORT_DISABLE
  63:Source\MatrixFunctions/arm_mat_trans_q15.c **** 
  64:Source\MatrixFunctions/arm_mat_trans_q15.c ****   q31_t in;                                      /* variable to hold temporary output  */
  65:Source\MatrixFunctions/arm_mat_trans_q15.c **** 
  66:Source\MatrixFunctions/arm_mat_trans_q15.c **** #else
  67:Source\MatrixFunctions/arm_mat_trans_q15.c **** 
  68:Source\MatrixFunctions/arm_mat_trans_q15.c ****   q15_t in;
  69:Source\MatrixFunctions/arm_mat_trans_q15.c **** 
  70:Source\MatrixFunctions/arm_mat_trans_q15.c **** #endif	/*	#ifndef UNALIGNED_SUPPORT_DISABLE	*/
  71:Source\MatrixFunctions/arm_mat_trans_q15.c **** 
  72:Source\MatrixFunctions/arm_mat_trans_q15.c **** #ifdef ARM_MATH_MATRIX_CHECK
  73:Source\MatrixFunctions/arm_mat_trans_q15.c **** 
  74:Source\MatrixFunctions/arm_mat_trans_q15.c **** 
  75:Source\MatrixFunctions/arm_mat_trans_q15.c ****   /* Check for matrix mismatch condition */
  76:Source\MatrixFunctions/arm_mat_trans_q15.c ****   if ((pSrc->numRows != pDst->numCols) || (pSrc->numCols != pDst->numRows))
  77:Source\MatrixFunctions/arm_mat_trans_q15.c ****   {
  78:Source\MatrixFunctions/arm_mat_trans_q15.c ****     /* Set status as ARM_MATH_SIZE_MISMATCH */
  79:Source\MatrixFunctions/arm_mat_trans_q15.c ****     status = ARM_MATH_SIZE_MISMATCH;
  80:Source\MatrixFunctions/arm_mat_trans_q15.c ****   }
  81:Source\MatrixFunctions/arm_mat_trans_q15.c ****   else
  82:Source\MatrixFunctions/arm_mat_trans_q15.c **** #endif /*      #ifdef ARM_MATH_MATRIX_CHECK    */
  83:Source\MatrixFunctions/arm_mat_trans_q15.c **** 
  84:Source\MatrixFunctions/arm_mat_trans_q15.c ****   {
  85:Source\MatrixFunctions/arm_mat_trans_q15.c ****     /* Matrix transpose by exchanging the rows with columns */
  86:Source\MatrixFunctions/arm_mat_trans_q15.c ****     /* row loop     */
  87:Source\MatrixFunctions/arm_mat_trans_q15.c ****     do
  88:Source\MatrixFunctions/arm_mat_trans_q15.c ****     {
  89:Source\MatrixFunctions/arm_mat_trans_q15.c **** 
  90:Source\MatrixFunctions/arm_mat_trans_q15.c ****       /* Apply loop unrolling and exchange the columns with row elements */
  91:Source\MatrixFunctions/arm_mat_trans_q15.c ****       col = nColumns >> 2u;
  92:Source\MatrixFunctions/arm_mat_trans_q15.c **** 
  93:Source\MatrixFunctions/arm_mat_trans_q15.c ****       /* The pointer pOut is set to starting address of the column being processed */
  94:Source\MatrixFunctions/arm_mat_trans_q15.c ****       pOut = pDst->pData + i;
  95:Source\MatrixFunctions/arm_mat_trans_q15.c **** 
  96:Source\MatrixFunctions/arm_mat_trans_q15.c ****       /* First part of the processing with loop unrolling.  Compute 4 outputs at a time.
  97:Source\MatrixFunctions/arm_mat_trans_q15.c ****        ** a second loop below computes the remaining 1 to 3 samples. */
  98:Source\MatrixFunctions/arm_mat_trans_q15.c ****       while (col > 0u)
  99:Source\MatrixFunctions/arm_mat_trans_q15.c ****       {
 100:Source\MatrixFunctions/arm_mat_trans_q15.c **** #ifndef UNALIGNED_SUPPORT_DISABLE
 101:Source\MatrixFunctions/arm_mat_trans_q15.c **** 
 102:Source\MatrixFunctions/arm_mat_trans_q15.c ****         /* Read two elements from the row */
ARM GAS  C:\Users\fneves\AppData\Local\Temp\ccUeqZaO.s 			page 4


 103:Source\MatrixFunctions/arm_mat_trans_q15.c ****         in = *__SIMD32(pSrcA)++;
 104:Source\MatrixFunctions/arm_mat_trans_q15.c **** 
 105:Source\MatrixFunctions/arm_mat_trans_q15.c ****         /* Unpack and store one element in the destination */
 106:Source\MatrixFunctions/arm_mat_trans_q15.c **** #ifndef ARM_MATH_BIG_ENDIAN
 107:Source\MatrixFunctions/arm_mat_trans_q15.c **** 
 108:Source\MatrixFunctions/arm_mat_trans_q15.c ****         *pOut = (q15_t) in;
 109:Source\MatrixFunctions/arm_mat_trans_q15.c **** 
 110:Source\MatrixFunctions/arm_mat_trans_q15.c **** #else
 111:Source\MatrixFunctions/arm_mat_trans_q15.c **** 
 112:Source\MatrixFunctions/arm_mat_trans_q15.c ****         *pOut = (q15_t) ((in & (q31_t) 0xffff0000) >> 16);
 113:Source\MatrixFunctions/arm_mat_trans_q15.c **** 
 114:Source\MatrixFunctions/arm_mat_trans_q15.c **** #endif /*    #ifndef ARM_MATH_BIG_ENDIAN    */
 115:Source\MatrixFunctions/arm_mat_trans_q15.c **** 
 116:Source\MatrixFunctions/arm_mat_trans_q15.c ****         /* Update the pointer pOut to point to the next row of the transposed matrix */
 117:Source\MatrixFunctions/arm_mat_trans_q15.c ****         pOut += nRows;
 118:Source\MatrixFunctions/arm_mat_trans_q15.c **** 
 119:Source\MatrixFunctions/arm_mat_trans_q15.c ****         /* Unpack and store the second element in the destination */
 120:Source\MatrixFunctions/arm_mat_trans_q15.c **** 
 121:Source\MatrixFunctions/arm_mat_trans_q15.c **** #ifndef ARM_MATH_BIG_ENDIAN
 122:Source\MatrixFunctions/arm_mat_trans_q15.c **** 
 123:Source\MatrixFunctions/arm_mat_trans_q15.c ****         *pOut = (q15_t) ((in & (q31_t) 0xffff0000) >> 16);
 124:Source\MatrixFunctions/arm_mat_trans_q15.c **** 
 125:Source\MatrixFunctions/arm_mat_trans_q15.c **** #else
 126:Source\MatrixFunctions/arm_mat_trans_q15.c **** 
 127:Source\MatrixFunctions/arm_mat_trans_q15.c ****         *pOut = (q15_t) in;
 128:Source\MatrixFunctions/arm_mat_trans_q15.c **** 
 129:Source\MatrixFunctions/arm_mat_trans_q15.c **** #endif /*    #ifndef ARM_MATH_BIG_ENDIAN    */
 130:Source\MatrixFunctions/arm_mat_trans_q15.c **** 
 131:Source\MatrixFunctions/arm_mat_trans_q15.c ****         /* Update the pointer pOut to point to the next row of the transposed matrix */
 132:Source\MatrixFunctions/arm_mat_trans_q15.c ****         pOut += nRows;
 133:Source\MatrixFunctions/arm_mat_trans_q15.c **** 
 134:Source\MatrixFunctions/arm_mat_trans_q15.c ****         /* Read two elements from the row */
 135:Source\MatrixFunctions/arm_mat_trans_q15.c **** #ifndef ARM_MATH_BIG_ENDIAN
 136:Source\MatrixFunctions/arm_mat_trans_q15.c **** 
 137:Source\MatrixFunctions/arm_mat_trans_q15.c ****         in = *__SIMD32(pSrcA)++;
 138:Source\MatrixFunctions/arm_mat_trans_q15.c **** 
 139:Source\MatrixFunctions/arm_mat_trans_q15.c **** #else
 140:Source\MatrixFunctions/arm_mat_trans_q15.c **** 
 141:Source\MatrixFunctions/arm_mat_trans_q15.c ****         in = *__SIMD32(pSrcA)++;
 142:Source\MatrixFunctions/arm_mat_trans_q15.c **** 
 143:Source\MatrixFunctions/arm_mat_trans_q15.c **** #endif /*    #ifndef ARM_MATH_BIG_ENDIAN    */
 144:Source\MatrixFunctions/arm_mat_trans_q15.c **** 
 145:Source\MatrixFunctions/arm_mat_trans_q15.c ****         /* Unpack and store one element in the destination */
 146:Source\MatrixFunctions/arm_mat_trans_q15.c **** #ifndef ARM_MATH_BIG_ENDIAN
 147:Source\MatrixFunctions/arm_mat_trans_q15.c **** 
 148:Source\MatrixFunctions/arm_mat_trans_q15.c ****         *pOut = (q15_t) in;
 149:Source\MatrixFunctions/arm_mat_trans_q15.c **** 
 150:Source\MatrixFunctions/arm_mat_trans_q15.c **** #else
 151:Source\MatrixFunctions/arm_mat_trans_q15.c **** 
 152:Source\MatrixFunctions/arm_mat_trans_q15.c ****         *pOut = (q15_t) ((in & (q31_t) 0xffff0000) >> 16);
 153:Source\MatrixFunctions/arm_mat_trans_q15.c **** 
 154:Source\MatrixFunctions/arm_mat_trans_q15.c **** #endif /*    #ifndef ARM_MATH_BIG_ENDIAN    */
 155:Source\MatrixFunctions/arm_mat_trans_q15.c **** 
 156:Source\MatrixFunctions/arm_mat_trans_q15.c ****         /* Update the pointer pOut to point to the next row of the transposed matrix */
 157:Source\MatrixFunctions/arm_mat_trans_q15.c ****         pOut += nRows;
 158:Source\MatrixFunctions/arm_mat_trans_q15.c **** 
 159:Source\MatrixFunctions/arm_mat_trans_q15.c ****         /* Unpack and store the second element in the destination */
ARM GAS  C:\Users\fneves\AppData\Local\Temp\ccUeqZaO.s 			page 5


 160:Source\MatrixFunctions/arm_mat_trans_q15.c **** #ifndef ARM_MATH_BIG_ENDIAN
 161:Source\MatrixFunctions/arm_mat_trans_q15.c **** 
 162:Source\MatrixFunctions/arm_mat_trans_q15.c ****         *pOut = (q15_t) ((in & (q31_t) 0xffff0000) >> 16);
 163:Source\MatrixFunctions/arm_mat_trans_q15.c **** 
 164:Source\MatrixFunctions/arm_mat_trans_q15.c **** #else
 165:Source\MatrixFunctions/arm_mat_trans_q15.c **** 
 166:Source\MatrixFunctions/arm_mat_trans_q15.c ****         *pOut = (q15_t) in;
 167:Source\MatrixFunctions/arm_mat_trans_q15.c **** 
 168:Source\MatrixFunctions/arm_mat_trans_q15.c **** #endif /*    #ifndef ARM_MATH_BIG_ENDIAN    */
 169:Source\MatrixFunctions/arm_mat_trans_q15.c **** 
 170:Source\MatrixFunctions/arm_mat_trans_q15.c **** #else
 171:Source\MatrixFunctions/arm_mat_trans_q15.c ****         /* Read one element from the row */
 172:Source\MatrixFunctions/arm_mat_trans_q15.c ****         in = *pSrcA++;
 173:Source\MatrixFunctions/arm_mat_trans_q15.c **** 
 174:Source\MatrixFunctions/arm_mat_trans_q15.c ****         /* Store one element in the destination */
 175:Source\MatrixFunctions/arm_mat_trans_q15.c ****         *pOut = in;
 176:Source\MatrixFunctions/arm_mat_trans_q15.c **** 
 177:Source\MatrixFunctions/arm_mat_trans_q15.c ****         /* Update the pointer px to point to the next row of the transposed matrix */
 178:Source\MatrixFunctions/arm_mat_trans_q15.c ****         pOut += nRows;
 179:Source\MatrixFunctions/arm_mat_trans_q15.c **** 
 180:Source\MatrixFunctions/arm_mat_trans_q15.c ****         /* Read one element from the row */
 181:Source\MatrixFunctions/arm_mat_trans_q15.c ****         in = *pSrcA++;
 182:Source\MatrixFunctions/arm_mat_trans_q15.c **** 
 183:Source\MatrixFunctions/arm_mat_trans_q15.c ****         /* Store one element in the destination */
 184:Source\MatrixFunctions/arm_mat_trans_q15.c ****         *pOut = in;
 185:Source\MatrixFunctions/arm_mat_trans_q15.c **** 
 186:Source\MatrixFunctions/arm_mat_trans_q15.c ****         /* Update the pointer px to point to the next row of the transposed matrix */
 187:Source\MatrixFunctions/arm_mat_trans_q15.c ****         pOut += nRows;
 188:Source\MatrixFunctions/arm_mat_trans_q15.c **** 
 189:Source\MatrixFunctions/arm_mat_trans_q15.c ****         /* Read one element from the row */
 190:Source\MatrixFunctions/arm_mat_trans_q15.c ****         in = *pSrcA++;
 191:Source\MatrixFunctions/arm_mat_trans_q15.c **** 
 192:Source\MatrixFunctions/arm_mat_trans_q15.c ****         /* Store one element in the destination */
 193:Source\MatrixFunctions/arm_mat_trans_q15.c ****         *pOut = in;
 194:Source\MatrixFunctions/arm_mat_trans_q15.c **** 
 195:Source\MatrixFunctions/arm_mat_trans_q15.c ****         /* Update the pointer px to point to the next row of the transposed matrix */
 196:Source\MatrixFunctions/arm_mat_trans_q15.c ****         pOut += nRows;
 197:Source\MatrixFunctions/arm_mat_trans_q15.c **** 
 198:Source\MatrixFunctions/arm_mat_trans_q15.c ****         /* Read one element from the row */
 199:Source\MatrixFunctions/arm_mat_trans_q15.c ****         in = *pSrcA++;
 200:Source\MatrixFunctions/arm_mat_trans_q15.c **** 
 201:Source\MatrixFunctions/arm_mat_trans_q15.c ****         /* Store one element in the destination */
 202:Source\MatrixFunctions/arm_mat_trans_q15.c ****         *pOut = in;
 203:Source\MatrixFunctions/arm_mat_trans_q15.c **** 
 204:Source\MatrixFunctions/arm_mat_trans_q15.c **** #endif	/*	#ifndef UNALIGNED_SUPPORT_DISABLE	*/
 205:Source\MatrixFunctions/arm_mat_trans_q15.c **** 
 206:Source\MatrixFunctions/arm_mat_trans_q15.c ****         /* Update the pointer pOut to point to the next row of the transposed matrix */
 207:Source\MatrixFunctions/arm_mat_trans_q15.c ****         pOut += nRows;
 208:Source\MatrixFunctions/arm_mat_trans_q15.c **** 
 209:Source\MatrixFunctions/arm_mat_trans_q15.c ****         /* Decrement the column loop counter */
 210:Source\MatrixFunctions/arm_mat_trans_q15.c ****         col--;
 211:Source\MatrixFunctions/arm_mat_trans_q15.c ****       }
 212:Source\MatrixFunctions/arm_mat_trans_q15.c **** 
 213:Source\MatrixFunctions/arm_mat_trans_q15.c ****       /* Perform matrix transpose for last 3 samples here. */
 214:Source\MatrixFunctions/arm_mat_trans_q15.c ****       col = nColumns % 0x4u;
 215:Source\MatrixFunctions/arm_mat_trans_q15.c **** 
 216:Source\MatrixFunctions/arm_mat_trans_q15.c **** #else
ARM GAS  C:\Users\fneves\AppData\Local\Temp\ccUeqZaO.s 			page 6


 217:Source\MatrixFunctions/arm_mat_trans_q15.c **** 
 218:Source\MatrixFunctions/arm_mat_trans_q15.c ****   /* Run the below code for Cortex-M0 */
 219:Source\MatrixFunctions/arm_mat_trans_q15.c **** 
 220:Source\MatrixFunctions/arm_mat_trans_q15.c **** #ifdef ARM_MATH_MATRIX_CHECK
 221:Source\MatrixFunctions/arm_mat_trans_q15.c **** 
 222:Source\MatrixFunctions/arm_mat_trans_q15.c ****   /* Check for matrix mismatch condition */
 223:Source\MatrixFunctions/arm_mat_trans_q15.c ****   if ((pSrc->numRows != pDst->numCols) || (pSrc->numCols != pDst->numRows))
 224:Source\MatrixFunctions/arm_mat_trans_q15.c ****   {
 225:Source\MatrixFunctions/arm_mat_trans_q15.c ****     /* Set status as ARM_MATH_SIZE_MISMATCH */
 226:Source\MatrixFunctions/arm_mat_trans_q15.c ****     status = ARM_MATH_SIZE_MISMATCH;
 227:Source\MatrixFunctions/arm_mat_trans_q15.c ****   }
 228:Source\MatrixFunctions/arm_mat_trans_q15.c ****   else
 229:Source\MatrixFunctions/arm_mat_trans_q15.c **** #endif /*    #ifdef ARM_MATH_MATRIX_CHECK    */
 230:Source\MatrixFunctions/arm_mat_trans_q15.c **** 
 231:Source\MatrixFunctions/arm_mat_trans_q15.c ****   {
 232:Source\MatrixFunctions/arm_mat_trans_q15.c ****     /* Matrix transpose by exchanging the rows with columns */
 233:Source\MatrixFunctions/arm_mat_trans_q15.c ****     /* row loop     */
 234:Source\MatrixFunctions/arm_mat_trans_q15.c ****     do
 235:Source\MatrixFunctions/arm_mat_trans_q15.c ****     {
 236:Source\MatrixFunctions/arm_mat_trans_q15.c ****       /* The pointer pOut is set to starting address of the column being processed */
 237:Source\MatrixFunctions/arm_mat_trans_q15.c ****       pOut = pDst->pData + i;
  70              		.loc 1 237 0
  71 003e 3B68     		ldr	r3, [r7]
  72 0040 5A68     		ldr	r2, [r3, #4]
  73 0042 1223     		mov	r3, #18
  74 0044 FB18     		add	r3, r7, r3
  75 0046 1B88     		ldrh	r3, [r3]
  76 0048 5B00     		lsl	r3, r3, #1
  77 004a D318     		add	r3, r2, r3
  78 004c BB61     		str	r3, [r7, #24]
 238:Source\MatrixFunctions/arm_mat_trans_q15.c **** 
 239:Source\MatrixFunctions/arm_mat_trans_q15.c ****       /* Initialize column loop counter */
 240:Source\MatrixFunctions/arm_mat_trans_q15.c ****       col = nColumns;
  79              		.loc 1 240 0
  80 004e 1623     		mov	r3, #22
  81 0050 FB18     		add	r3, r7, r3
  82 0052 0E22     		mov	r2, #14
  83 0054 BA18     		add	r2, r7, r2
  84 0056 1288     		ldrh	r2, [r2]
  85 0058 1A80     		strh	r2, [r3]
 241:Source\MatrixFunctions/arm_mat_trans_q15.c **** 
 242:Source\MatrixFunctions/arm_mat_trans_q15.c **** #endif /* #if defined (ARM_MATH_DSP) */
 243:Source\MatrixFunctions/arm_mat_trans_q15.c **** 
 244:Source\MatrixFunctions/arm_mat_trans_q15.c ****       while (col > 0u)
  86              		.loc 1 244 0
  87 005a 13E0     		b	.L2
  88              	.L3:
 245:Source\MatrixFunctions/arm_mat_trans_q15.c ****       {
 246:Source\MatrixFunctions/arm_mat_trans_q15.c ****         /* Read and store the input element in the destination */
 247:Source\MatrixFunctions/arm_mat_trans_q15.c ****         *pOut = *pSrcA++;
  89              		.loc 1 247 0
  90 005c FB69     		ldr	r3, [r7, #28]
  91 005e 9A1C     		add	r2, r3, #2
  92 0060 FA61     		str	r2, [r7, #28]
  93 0062 1A88     		ldrh	r2, [r3]
  94 0064 BB69     		ldr	r3, [r7, #24]
  95 0066 1A80     		strh	r2, [r3]
ARM GAS  C:\Users\fneves\AppData\Local\Temp\ccUeqZaO.s 			page 7


 248:Source\MatrixFunctions/arm_mat_trans_q15.c **** 
 249:Source\MatrixFunctions/arm_mat_trans_q15.c ****         /* Update the pointer pOut to point to the next row of the transposed matrix */
 250:Source\MatrixFunctions/arm_mat_trans_q15.c ****         pOut += nRows;
  96              		.loc 1 250 0
  97 0068 1023     		mov	r3, #16
  98 006a FB18     		add	r3, r7, r3
  99 006c 1B88     		ldrh	r3, [r3]
 100 006e 5B00     		lsl	r3, r3, #1
 101 0070 BA69     		ldr	r2, [r7, #24]
 102 0072 D318     		add	r3, r2, r3
 103 0074 BB61     		str	r3, [r7, #24]
 251:Source\MatrixFunctions/arm_mat_trans_q15.c **** 
 252:Source\MatrixFunctions/arm_mat_trans_q15.c ****         /* Decrement the column loop counter */
 253:Source\MatrixFunctions/arm_mat_trans_q15.c ****         col--;
 104              		.loc 1 253 0
 105 0076 1623     		mov	r3, #22
 106 0078 FB18     		add	r3, r7, r3
 107 007a 1A88     		ldrh	r2, [r3]
 108 007c 1623     		mov	r3, #22
 109 007e FB18     		add	r3, r7, r3
 110 0080 013A     		sub	r2, r2, #1
 111 0082 1A80     		strh	r2, [r3]
 112              	.L2:
 244:Source\MatrixFunctions/arm_mat_trans_q15.c ****       {
 113              		.loc 1 244 0
 114 0084 1623     		mov	r3, #22
 115 0086 FB18     		add	r3, r7, r3
 116 0088 1B88     		ldrh	r3, [r3]
 117 008a 002B     		cmp	r3, #0
 118 008c E6D1     		bne	.L3
 254:Source\MatrixFunctions/arm_mat_trans_q15.c ****       }
 255:Source\MatrixFunctions/arm_mat_trans_q15.c **** 
 256:Source\MatrixFunctions/arm_mat_trans_q15.c ****       i++;
 119              		.loc 1 256 0
 120 008e 1223     		mov	r3, #18
 121 0090 FB18     		add	r3, r7, r3
 122 0092 1A88     		ldrh	r2, [r3]
 123 0094 1223     		mov	r3, #18
 124 0096 FB18     		add	r3, r7, r3
 125 0098 0132     		add	r2, r2, #1
 126 009a 1A80     		strh	r2, [r3]
 257:Source\MatrixFunctions/arm_mat_trans_q15.c **** 
 258:Source\MatrixFunctions/arm_mat_trans_q15.c ****       /* Decrement the row loop counter */
 259:Source\MatrixFunctions/arm_mat_trans_q15.c ****       row--;
 127              		.loc 1 259 0
 128 009c 1423     		mov	r3, #20
 129 009e FB18     		add	r3, r7, r3
 130 00a0 1A88     		ldrh	r2, [r3]
 131 00a2 1423     		mov	r3, #20
 132 00a4 FB18     		add	r3, r7, r3
 133 00a6 013A     		sub	r2, r2, #1
 134 00a8 1A80     		strh	r2, [r3]
 260:Source\MatrixFunctions/arm_mat_trans_q15.c **** 
 261:Source\MatrixFunctions/arm_mat_trans_q15.c ****     } while (row > 0u);
 135              		.loc 1 261 0
 136 00aa 1423     		mov	r3, #20
 137 00ac FB18     		add	r3, r7, r3
ARM GAS  C:\Users\fneves\AppData\Local\Temp\ccUeqZaO.s 			page 8


 138 00ae 1B88     		ldrh	r3, [r3]
 139 00b0 002B     		cmp	r3, #0
 140 00b2 C4D1     		bne	.L4
 262:Source\MatrixFunctions/arm_mat_trans_q15.c **** 
 263:Source\MatrixFunctions/arm_mat_trans_q15.c ****     /* set status as ARM_MATH_SUCCESS */
 264:Source\MatrixFunctions/arm_mat_trans_q15.c ****     status = ARM_MATH_SUCCESS;
 141              		.loc 1 264 0
 142 00b4 0D23     		mov	r3, #13
 143 00b6 FB18     		add	r3, r7, r3
 144 00b8 0022     		mov	r2, #0
 145 00ba 1A70     		strb	r2, [r3]
 265:Source\MatrixFunctions/arm_mat_trans_q15.c ****   }
 266:Source\MatrixFunctions/arm_mat_trans_q15.c ****   /* Return to application */
 267:Source\MatrixFunctions/arm_mat_trans_q15.c ****   return (status);
 146              		.loc 1 267 0
 147 00bc 0D23     		mov	r3, #13
 148 00be FB18     		add	r3, r7, r3
 149 00c0 1B78     		ldrb	r3, [r3]
 150 00c2 5BB2     		sxtb	r3, r3
 268:Source\MatrixFunctions/arm_mat_trans_q15.c **** }
 151              		.loc 1 268 0
 152 00c4 181C     		mov	r0, r3
 153 00c6 BD46     		mov	sp, r7
 154 00c8 08B0     		add	sp, sp, #32
 155              		@ sp needed
 156 00ca 80BD     		pop	{r7, pc}
 157              		.cfi_endproc
 158              	.LFE82:
 159              		.size	arm_mat_trans_q15, .-arm_mat_trans_q15
 160              		.text
 161              	.Letext0:
 162              		.file 2 "c:\\program files (x86)\\cypress\\psoc creator\\4.0\\psoc creator\\import\\gnu\\arm\\4.9.
 163              		.file 3 "c:\\program files (x86)\\cypress\\psoc creator\\4.0\\psoc creator\\import\\gnu\\arm\\4.9.
 164              		.file 4 ".\\Include/arm_math.h"
 165              		.section	.debug_info,"",%progbits
 166              	.Ldebug_info0:
 167 0000 FB010000 		.4byte	0x1fb
 168 0004 0400     		.2byte	0x4
 169 0006 00000000 		.4byte	.Ldebug_abbrev0
 170 000a 04       		.byte	0x4
 171 000b 01       		.uleb128 0x1
 172 000c 5A010000 		.4byte	.LASF38
 173 0010 01       		.byte	0x1
 174 0011 F3000000 		.4byte	.LASF39
 175 0015 2F000000 		.4byte	.LASF40
 176 0019 00000000 		.4byte	.Ldebug_ranges0+0
 177 001d 00000000 		.4byte	0
 178 0021 00000000 		.4byte	.Ldebug_line0
 179 0025 02       		.uleb128 0x2
 180 0026 01       		.byte	0x1
 181 0027 06       		.byte	0x6
 182 0028 A0020000 		.4byte	.LASF0
 183 002c 02       		.uleb128 0x2
 184 002d 01       		.byte	0x1
 185 002e 08       		.byte	0x8
 186 002f 93000000 		.4byte	.LASF1
 187 0033 03       		.uleb128 0x3
ARM GAS  C:\Users\fneves\AppData\Local\Temp\ccUeqZaO.s 			page 9


 188 0034 1F000000 		.4byte	.LASF3
 189 0038 02       		.byte	0x2
 190 0039 29       		.byte	0x29
 191 003a 3E000000 		.4byte	0x3e
 192 003e 02       		.uleb128 0x2
 193 003f 02       		.byte	0x2
 194 0040 05       		.byte	0x5
 195 0041 72020000 		.4byte	.LASF2
 196 0045 03       		.uleb128 0x3
 197 0046 E1000000 		.4byte	.LASF4
 198 004a 02       		.byte	0x2
 199 004b 2B       		.byte	0x2b
 200 004c 50000000 		.4byte	0x50
 201 0050 02       		.uleb128 0x2
 202 0051 02       		.byte	0x2
 203 0052 07       		.byte	0x7
 204 0053 C9000000 		.4byte	.LASF5
 205 0057 02       		.uleb128 0x2
 206 0058 04       		.byte	0x4
 207 0059 05       		.byte	0x5
 208 005a 85020000 		.4byte	.LASF6
 209 005e 02       		.uleb128 0x2
 210 005f 04       		.byte	0x4
 211 0060 07       		.byte	0x7
 212 0061 B7000000 		.4byte	.LASF7
 213 0065 02       		.uleb128 0x2
 214 0066 08       		.byte	0x8
 215 0067 05       		.byte	0x5
 216 0068 3C020000 		.4byte	.LASF8
 217 006c 02       		.uleb128 0x2
 218 006d 08       		.byte	0x8
 219 006e 07       		.byte	0x7
 220 006f 43010000 		.4byte	.LASF9
 221 0073 04       		.uleb128 0x4
 222 0074 04       		.byte	0x4
 223 0075 05       		.byte	0x5
 224 0076 696E7400 		.ascii	"int\000"
 225 007a 02       		.uleb128 0x2
 226 007b 04       		.byte	0x4
 227 007c 07       		.byte	0x7
 228 007d 36010000 		.4byte	.LASF10
 229 0081 03       		.uleb128 0x3
 230 0082 13020000 		.4byte	.LASF11
 231 0086 03       		.byte	0x3
 232 0087 20       		.byte	0x20
 233 0088 33000000 		.4byte	0x33
 234 008c 03       		.uleb128 0x3
 235 008d 7C020000 		.4byte	.LASF12
 236 0091 03       		.byte	0x3
 237 0092 21       		.byte	0x21
 238 0093 45000000 		.4byte	0x45
 239 0097 02       		.uleb128 0x2
 240 0098 04       		.byte	0x4
 241 0099 07       		.byte	0x7
 242 009a 33020000 		.4byte	.LASF13
 243 009e 02       		.uleb128 0x2
 244 009f 01       		.byte	0x1
ARM GAS  C:\Users\fneves\AppData\Local\Temp\ccUeqZaO.s 			page 10


 245 00a0 08       		.byte	0x8
 246 00a1 4A020000 		.4byte	.LASF14
 247 00a5 02       		.uleb128 0x2
 248 00a6 08       		.byte	0x8
 249 00a7 04       		.byte	0x4
 250 00a8 EC000000 		.4byte	.LASF15
 251 00ac 02       		.uleb128 0x2
 252 00ad 04       		.byte	0x4
 253 00ae 04       		.byte	0x4
 254 00af 9A020000 		.4byte	.LASF16
 255 00b3 02       		.uleb128 0x2
 256 00b4 08       		.byte	0x8
 257 00b5 04       		.byte	0x4
 258 00b6 8E020000 		.4byte	.LASF17
 259 00ba 05       		.uleb128 0x5
 260 00bb 01       		.byte	0x1
 261 00bc 04       		.byte	0x4
 262 00bd 8401     		.2byte	0x184
 263 00bf EE000000 		.4byte	0xee
 264 00c3 06       		.uleb128 0x6
 265 00c4 4F020000 		.4byte	.LASF18
 266 00c8 00       		.sleb128 0
 267 00c9 06       		.uleb128 0x6
 268 00ca 1E010000 		.4byte	.LASF19
 269 00ce 7F       		.sleb128 -1
 270 00cf 06       		.uleb128 0x6
 271 00d0 09000000 		.4byte	.LASF20
 272 00d4 7E       		.sleb128 -2
 273 00d5 06       		.uleb128 0x6
 274 00d6 EC010000 		.4byte	.LASF21
 275 00da 7D       		.sleb128 -3
 276 00db 06       		.uleb128 0x6
 277 00dc 03020000 		.4byte	.LASF22
 278 00e0 7C       		.sleb128 -4
 279 00e1 06       		.uleb128 0x6
 280 00e2 CC020000 		.4byte	.LASF23
 281 00e6 7B       		.sleb128 -5
 282 00e7 06       		.uleb128 0x6
 283 00e8 A1000000 		.4byte	.LASF24
 284 00ec 7A       		.sleb128 -6
 285 00ed 00       		.byte	0
 286 00ee 07       		.uleb128 0x7
 287 00ef B9020000 		.4byte	.LASF25
 288 00f3 04       		.byte	0x4
 289 00f4 8C01     		.2byte	0x18c
 290 00f6 BA000000 		.4byte	0xba
 291 00fa 07       		.uleb128 0x7
 292 00fb 82000000 		.4byte	.LASF26
 293 00ff 04       		.byte	0x4
 294 0100 9601     		.2byte	0x196
 295 0102 81000000 		.4byte	0x81
 296 0106 08       		.uleb128 0x8
 297 0107 04       		.byte	0x4
 298 0108 FA000000 		.4byte	0xfa
 299 010c 09       		.uleb128 0x9
 300 010d 08       		.byte	0x8
 301 010e 04       		.byte	0x4
ARM GAS  C:\Users\fneves\AppData\Local\Temp\ccUeqZaO.s 			page 11


 302 010f AF05     		.2byte	0x5af
 303 0111 3D010000 		.4byte	0x13d
 304 0115 0A       		.uleb128 0xa
 305 0116 AC020000 		.4byte	.LASF27
 306 011a 04       		.byte	0x4
 307 011b B105     		.2byte	0x5b1
 308 011d 8C000000 		.4byte	0x8c
 309 0121 00       		.byte	0
 310 0122 0A       		.uleb128 0xa
 311 0123 C4020000 		.4byte	.LASF28
 312 0127 04       		.byte	0x4
 313 0128 B205     		.2byte	0x5b2
 314 012a 8C000000 		.4byte	0x8c
 315 012e 02       		.byte	0x2
 316 012f 0A       		.uleb128 0xa
 317 0130 7C000000 		.4byte	.LASF29
 318 0134 04       		.byte	0x4
 319 0135 B305     		.2byte	0x5b3
 320 0137 06010000 		.4byte	0x106
 321 013b 04       		.byte	0x4
 322 013c 00       		.byte	0
 323 013d 07       		.uleb128 0x7
 324 013e 1B020000 		.4byte	.LASF30
 325 0142 04       		.byte	0x4
 326 0143 B405     		.2byte	0x5b4
 327 0145 0C010000 		.4byte	0x10c
 328 0149 0B       		.uleb128 0xb
 329 014a 60020000 		.4byte	.LASF41
 330 014e 01       		.byte	0x1
 331 014f 30       		.byte	0x30
 332 0150 EE000000 		.4byte	0xee
 333 0154 00000000 		.4byte	.LFB82
 334 0158 CC000000 		.4byte	.LFE82-.LFB82
 335 015c 01       		.uleb128 0x1
 336 015d 9C       		.byte	0x9c
 337 015e ED010000 		.4byte	0x1ed
 338 0162 0C       		.uleb128 0xc
 339 0163 B4020000 		.4byte	.LASF31
 340 0167 01       		.byte	0x1
 341 0168 31       		.byte	0x31
 342 0169 ED010000 		.4byte	0x1ed
 343 016d 02       		.uleb128 0x2
 344 016e 91       		.byte	0x91
 345 016f 5C       		.sleb128 -36
 346 0170 0C       		.uleb128 0xc
 347 0171 DC000000 		.4byte	.LASF32
 348 0175 01       		.byte	0x1
 349 0176 32       		.byte	0x32
 350 0177 F8010000 		.4byte	0x1f8
 351 017b 02       		.uleb128 0x2
 352 017c 91       		.byte	0x91
 353 017d 58       		.sleb128 -40
 354 017e 0D       		.uleb128 0xd
 355 017f 29000000 		.4byte	.LASF33
 356 0183 01       		.byte	0x1
 357 0184 34       		.byte	0x34
 358 0185 06010000 		.4byte	0x106
ARM GAS  C:\Users\fneves\AppData\Local\Temp\ccUeqZaO.s 			page 12


 359 0189 02       		.uleb128 0x2
 360 018a 91       		.byte	0x91
 361 018b 74       		.sleb128 -12
 362 018c 0D       		.uleb128 0xd
 363 018d 88000000 		.4byte	.LASF34
 364 0191 01       		.byte	0x1
 365 0192 35       		.byte	0x35
 366 0193 06010000 		.4byte	0x106
 367 0197 02       		.uleb128 0x2
 368 0198 91       		.byte	0x91
 369 0199 70       		.sleb128 -16
 370 019a 0D       		.uleb128 0xd
 371 019b 8D000000 		.4byte	.LASF35
 372 019f 01       		.byte	0x1
 373 01a0 36       		.byte	0x36
 374 01a1 8C000000 		.4byte	0x8c
 375 01a5 02       		.uleb128 0x2
 376 01a6 91       		.byte	0x91
 377 01a7 68       		.sleb128 -24
 378 01a8 0D       		.uleb128 0xd
 379 01a9 00000000 		.4byte	.LASF36
 380 01ad 01       		.byte	0x1
 381 01ae 37       		.byte	0x37
 382 01af 8C000000 		.4byte	0x8c
 383 01b3 02       		.uleb128 0x2
 384 01b4 91       		.byte	0x91
 385 01b5 66       		.sleb128 -26
 386 01b6 0E       		.uleb128 0xe
 387 01b7 636F6C00 		.ascii	"col\000"
 388 01bb 01       		.byte	0x1
 389 01bc 38       		.byte	0x38
 390 01bd 8C000000 		.4byte	0x8c
 391 01c1 02       		.uleb128 0x2
 392 01c2 91       		.byte	0x91
 393 01c3 6E       		.sleb128 -18
 394 01c4 0E       		.uleb128 0xe
 395 01c5 726F7700 		.ascii	"row\000"
 396 01c9 01       		.byte	0x1
 397 01ca 38       		.byte	0x38
 398 01cb 8C000000 		.4byte	0x8c
 399 01cf 02       		.uleb128 0x2
 400 01d0 91       		.byte	0x91
 401 01d1 6C       		.sleb128 -20
 402 01d2 0E       		.uleb128 0xe
 403 01d3 6900     		.ascii	"i\000"
 404 01d5 01       		.byte	0x1
 405 01d6 38       		.byte	0x38
 406 01d7 8C000000 		.4byte	0x8c
 407 01db 02       		.uleb128 0x2
 408 01dc 91       		.byte	0x91
 409 01dd 6A       		.sleb128 -22
 410 01de 0D       		.uleb128 0xd
 411 01df 75000000 		.4byte	.LASF37
 412 01e3 01       		.byte	0x1
 413 01e4 39       		.byte	0x39
 414 01e5 EE000000 		.4byte	0xee
 415 01e9 02       		.uleb128 0x2
ARM GAS  C:\Users\fneves\AppData\Local\Temp\ccUeqZaO.s 			page 13


 416 01ea 91       		.byte	0x91
 417 01eb 65       		.sleb128 -27
 418 01ec 00       		.byte	0
 419 01ed 08       		.uleb128 0x8
 420 01ee 04       		.byte	0x4
 421 01ef F3010000 		.4byte	0x1f3
 422 01f3 0F       		.uleb128 0xf
 423 01f4 3D010000 		.4byte	0x13d
 424 01f8 08       		.uleb128 0x8
 425 01f9 04       		.byte	0x4
 426 01fa 3D010000 		.4byte	0x13d
 427 01fe 00       		.byte	0
 428              		.section	.debug_abbrev,"",%progbits
 429              	.Ldebug_abbrev0:
 430 0000 01       		.uleb128 0x1
 431 0001 11       		.uleb128 0x11
 432 0002 01       		.byte	0x1
 433 0003 25       		.uleb128 0x25
 434 0004 0E       		.uleb128 0xe
 435 0005 13       		.uleb128 0x13
 436 0006 0B       		.uleb128 0xb
 437 0007 03       		.uleb128 0x3
 438 0008 0E       		.uleb128 0xe
 439 0009 1B       		.uleb128 0x1b
 440 000a 0E       		.uleb128 0xe
 441 000b 55       		.uleb128 0x55
 442 000c 17       		.uleb128 0x17
 443 000d 11       		.uleb128 0x11
 444 000e 01       		.uleb128 0x1
 445 000f 10       		.uleb128 0x10
 446 0010 17       		.uleb128 0x17
 447 0011 00       		.byte	0
 448 0012 00       		.byte	0
 449 0013 02       		.uleb128 0x2
 450 0014 24       		.uleb128 0x24
 451 0015 00       		.byte	0
 452 0016 0B       		.uleb128 0xb
 453 0017 0B       		.uleb128 0xb
 454 0018 3E       		.uleb128 0x3e
 455 0019 0B       		.uleb128 0xb
 456 001a 03       		.uleb128 0x3
 457 001b 0E       		.uleb128 0xe
 458 001c 00       		.byte	0
 459 001d 00       		.byte	0
 460 001e 03       		.uleb128 0x3
 461 001f 16       		.uleb128 0x16
 462 0020 00       		.byte	0
 463 0021 03       		.uleb128 0x3
 464 0022 0E       		.uleb128 0xe
 465 0023 3A       		.uleb128 0x3a
 466 0024 0B       		.uleb128 0xb
 467 0025 3B       		.uleb128 0x3b
 468 0026 0B       		.uleb128 0xb
 469 0027 49       		.uleb128 0x49
 470 0028 13       		.uleb128 0x13
 471 0029 00       		.byte	0
 472 002a 00       		.byte	0
ARM GAS  C:\Users\fneves\AppData\Local\Temp\ccUeqZaO.s 			page 14


 473 002b 04       		.uleb128 0x4
 474 002c 24       		.uleb128 0x24
 475 002d 00       		.byte	0
 476 002e 0B       		.uleb128 0xb
 477 002f 0B       		.uleb128 0xb
 478 0030 3E       		.uleb128 0x3e
 479 0031 0B       		.uleb128 0xb
 480 0032 03       		.uleb128 0x3
 481 0033 08       		.uleb128 0x8
 482 0034 00       		.byte	0
 483 0035 00       		.byte	0
 484 0036 05       		.uleb128 0x5
 485 0037 04       		.uleb128 0x4
 486 0038 01       		.byte	0x1
 487 0039 0B       		.uleb128 0xb
 488 003a 0B       		.uleb128 0xb
 489 003b 3A       		.uleb128 0x3a
 490 003c 0B       		.uleb128 0xb
 491 003d 3B       		.uleb128 0x3b
 492 003e 05       		.uleb128 0x5
 493 003f 01       		.uleb128 0x1
 494 0040 13       		.uleb128 0x13
 495 0041 00       		.byte	0
 496 0042 00       		.byte	0
 497 0043 06       		.uleb128 0x6
 498 0044 28       		.uleb128 0x28
 499 0045 00       		.byte	0
 500 0046 03       		.uleb128 0x3
 501 0047 0E       		.uleb128 0xe
 502 0048 1C       		.uleb128 0x1c
 503 0049 0D       		.uleb128 0xd
 504 004a 00       		.byte	0
 505 004b 00       		.byte	0
 506 004c 07       		.uleb128 0x7
 507 004d 16       		.uleb128 0x16
 508 004e 00       		.byte	0
 509 004f 03       		.uleb128 0x3
 510 0050 0E       		.uleb128 0xe
 511 0051 3A       		.uleb128 0x3a
 512 0052 0B       		.uleb128 0xb
 513 0053 3B       		.uleb128 0x3b
 514 0054 05       		.uleb128 0x5
 515 0055 49       		.uleb128 0x49
 516 0056 13       		.uleb128 0x13
 517 0057 00       		.byte	0
 518 0058 00       		.byte	0
 519 0059 08       		.uleb128 0x8
 520 005a 0F       		.uleb128 0xf
 521 005b 00       		.byte	0
 522 005c 0B       		.uleb128 0xb
 523 005d 0B       		.uleb128 0xb
 524 005e 49       		.uleb128 0x49
 525 005f 13       		.uleb128 0x13
 526 0060 00       		.byte	0
 527 0061 00       		.byte	0
 528 0062 09       		.uleb128 0x9
 529 0063 13       		.uleb128 0x13
ARM GAS  C:\Users\fneves\AppData\Local\Temp\ccUeqZaO.s 			page 15


 530 0064 01       		.byte	0x1
 531 0065 0B       		.uleb128 0xb
 532 0066 0B       		.uleb128 0xb
 533 0067 3A       		.uleb128 0x3a
 534 0068 0B       		.uleb128 0xb
 535 0069 3B       		.uleb128 0x3b
 536 006a 05       		.uleb128 0x5
 537 006b 01       		.uleb128 0x1
 538 006c 13       		.uleb128 0x13
 539 006d 00       		.byte	0
 540 006e 00       		.byte	0
 541 006f 0A       		.uleb128 0xa
 542 0070 0D       		.uleb128 0xd
 543 0071 00       		.byte	0
 544 0072 03       		.uleb128 0x3
 545 0073 0E       		.uleb128 0xe
 546 0074 3A       		.uleb128 0x3a
 547 0075 0B       		.uleb128 0xb
 548 0076 3B       		.uleb128 0x3b
 549 0077 05       		.uleb128 0x5
 550 0078 49       		.uleb128 0x49
 551 0079 13       		.uleb128 0x13
 552 007a 38       		.uleb128 0x38
 553 007b 0B       		.uleb128 0xb
 554 007c 00       		.byte	0
 555 007d 00       		.byte	0
 556 007e 0B       		.uleb128 0xb
 557 007f 2E       		.uleb128 0x2e
 558 0080 01       		.byte	0x1
 559 0081 3F       		.uleb128 0x3f
 560 0082 19       		.uleb128 0x19
 561 0083 03       		.uleb128 0x3
 562 0084 0E       		.uleb128 0xe
 563 0085 3A       		.uleb128 0x3a
 564 0086 0B       		.uleb128 0xb
 565 0087 3B       		.uleb128 0x3b
 566 0088 0B       		.uleb128 0xb
 567 0089 27       		.uleb128 0x27
 568 008a 19       		.uleb128 0x19
 569 008b 49       		.uleb128 0x49
 570 008c 13       		.uleb128 0x13
 571 008d 11       		.uleb128 0x11
 572 008e 01       		.uleb128 0x1
 573 008f 12       		.uleb128 0x12
 574 0090 06       		.uleb128 0x6
 575 0091 40       		.uleb128 0x40
 576 0092 18       		.uleb128 0x18
 577 0093 9742     		.uleb128 0x2117
 578 0095 19       		.uleb128 0x19
 579 0096 01       		.uleb128 0x1
 580 0097 13       		.uleb128 0x13
 581 0098 00       		.byte	0
 582 0099 00       		.byte	0
 583 009a 0C       		.uleb128 0xc
 584 009b 05       		.uleb128 0x5
 585 009c 00       		.byte	0
 586 009d 03       		.uleb128 0x3
ARM GAS  C:\Users\fneves\AppData\Local\Temp\ccUeqZaO.s 			page 16


 587 009e 0E       		.uleb128 0xe
 588 009f 3A       		.uleb128 0x3a
 589 00a0 0B       		.uleb128 0xb
 590 00a1 3B       		.uleb128 0x3b
 591 00a2 0B       		.uleb128 0xb
 592 00a3 49       		.uleb128 0x49
 593 00a4 13       		.uleb128 0x13
 594 00a5 02       		.uleb128 0x2
 595 00a6 18       		.uleb128 0x18
 596 00a7 00       		.byte	0
 597 00a8 00       		.byte	0
 598 00a9 0D       		.uleb128 0xd
 599 00aa 34       		.uleb128 0x34
 600 00ab 00       		.byte	0
 601 00ac 03       		.uleb128 0x3
 602 00ad 0E       		.uleb128 0xe
 603 00ae 3A       		.uleb128 0x3a
 604 00af 0B       		.uleb128 0xb
 605 00b0 3B       		.uleb128 0x3b
 606 00b1 0B       		.uleb128 0xb
 607 00b2 49       		.uleb128 0x49
 608 00b3 13       		.uleb128 0x13
 609 00b4 02       		.uleb128 0x2
 610 00b5 18       		.uleb128 0x18
 611 00b6 00       		.byte	0
 612 00b7 00       		.byte	0
 613 00b8 0E       		.uleb128 0xe
 614 00b9 34       		.uleb128 0x34
 615 00ba 00       		.byte	0
 616 00bb 03       		.uleb128 0x3
 617 00bc 08       		.uleb128 0x8
 618 00bd 3A       		.uleb128 0x3a
 619 00be 0B       		.uleb128 0xb
 620 00bf 3B       		.uleb128 0x3b
 621 00c0 0B       		.uleb128 0xb
 622 00c1 49       		.uleb128 0x49
 623 00c2 13       		.uleb128 0x13
 624 00c3 02       		.uleb128 0x2
 625 00c4 18       		.uleb128 0x18
 626 00c5 00       		.byte	0
 627 00c6 00       		.byte	0
 628 00c7 0F       		.uleb128 0xf
 629 00c8 26       		.uleb128 0x26
 630 00c9 00       		.byte	0
 631 00ca 49       		.uleb128 0x49
 632 00cb 13       		.uleb128 0x13
 633 00cc 00       		.byte	0
 634 00cd 00       		.byte	0
 635 00ce 00       		.byte	0
 636              		.section	.debug_aranges,"",%progbits
 637 0000 1C000000 		.4byte	0x1c
 638 0004 0200     		.2byte	0x2
 639 0006 00000000 		.4byte	.Ldebug_info0
 640 000a 04       		.byte	0x4
 641 000b 00       		.byte	0
 642 000c 0000     		.2byte	0
 643 000e 0000     		.2byte	0
ARM GAS  C:\Users\fneves\AppData\Local\Temp\ccUeqZaO.s 			page 17


 644 0010 00000000 		.4byte	.LFB82
 645 0014 CC000000 		.4byte	.LFE82-.LFB82
 646 0018 00000000 		.4byte	0
 647 001c 00000000 		.4byte	0
 648              		.section	.debug_ranges,"",%progbits
 649              	.Ldebug_ranges0:
 650 0000 00000000 		.4byte	.LFB82
 651 0004 CC000000 		.4byte	.LFE82
 652 0008 00000000 		.4byte	0
 653 000c 00000000 		.4byte	0
 654              		.section	.debug_line,"",%progbits
 655              	.Ldebug_line0:
 656 0000 7F010000 		.section	.debug_str,"MS",%progbits,1
 656      02005101 
 656      00000201 
 656      FB0E0D00 
 656      01010101 
 657              	.LASF36:
 658 0000 6E436F6C 		.ascii	"nColumns\000"
 658      756D6E73 
 658      00
 659              	.LASF20:
 660 0009 41524D5F 		.ascii	"ARM_MATH_LENGTH_ERROR\000"
 660      4D415448 
 660      5F4C454E 
 660      4754485F 
 660      4552524F 
 661              	.LASF3:
 662 001f 5F5F696E 		.ascii	"__int16_t\000"
 662      7431365F 
 662      7400
 663              	.LASF33:
 664 0029 70537263 		.ascii	"pSrcA\000"
 664      4100
 665              	.LASF40:
 666 002f 433A5C55 		.ascii	"C:\\Users\\fneves\\Documents\\PSoC Creator\\wp_1\\e"
 666      73657273 
 666      5C666E65 
 666      7665735C 
 666      446F6375 
 667 005c 6E67696E 		.ascii	"ngine_speed_sensor.cydsn\000"
 667      655F7370 
 667      6565645F 
 667      73656E73 
 667      6F722E63 
 668              	.LASF37:
 669 0075 73746174 		.ascii	"status\000"
 669      757300
 670              	.LASF29:
 671 007c 70446174 		.ascii	"pData\000"
 671      6100
 672              	.LASF26:
 673 0082 7131355F 		.ascii	"q15_t\000"
 673      7400
 674              	.LASF34:
 675 0088 704F7574 		.ascii	"pOut\000"
 675      00
ARM GAS  C:\Users\fneves\AppData\Local\Temp\ccUeqZaO.s 			page 18


 676              	.LASF35:
 677 008d 6E526F77 		.ascii	"nRows\000"
 677      7300
 678              	.LASF1:
 679 0093 756E7369 		.ascii	"unsigned char\000"
 679      676E6564 
 679      20636861 
 679      7200
 680              	.LASF24:
 681 00a1 41524D5F 		.ascii	"ARM_MATH_TEST_FAILURE\000"
 681      4D415448 
 681      5F544553 
 681      545F4641 
 681      494C5552 
 682              	.LASF7:
 683 00b7 6C6F6E67 		.ascii	"long unsigned int\000"
 683      20756E73 
 683      69676E65 
 683      6420696E 
 683      7400
 684              	.LASF5:
 685 00c9 73686F72 		.ascii	"short unsigned int\000"
 685      7420756E 
 685      7369676E 
 685      65642069 
 685      6E7400
 686              	.LASF32:
 687 00dc 70447374 		.ascii	"pDst\000"
 687      00
 688              	.LASF4:
 689 00e1 5F5F7569 		.ascii	"__uint16_t\000"
 689      6E743136 
 689      5F7400
 690              	.LASF15:
 691 00ec 646F7562 		.ascii	"double\000"
 691      6C6500
 692              	.LASF39:
 693 00f3 536F7572 		.ascii	"Source\\MatrixFunctions\\arm_mat_trans_q15.c\000"
 693      63655C4D 
 693      61747269 
 693      7846756E 
 693      6374696F 
 694              	.LASF19:
 695 011e 41524D5F 		.ascii	"ARM_MATH_ARGUMENT_ERROR\000"
 695      4D415448 
 695      5F415247 
 695      554D454E 
 695      545F4552 
 696              	.LASF10:
 697 0136 756E7369 		.ascii	"unsigned int\000"
 697      676E6564 
 697      20696E74 
 697      00
 698              	.LASF9:
 699 0143 6C6F6E67 		.ascii	"long long unsigned int\000"
 699      206C6F6E 
 699      6720756E 
ARM GAS  C:\Users\fneves\AppData\Local\Temp\ccUeqZaO.s 			page 19


 699      7369676E 
 699      65642069 
 700              	.LASF38:
 701 015a 474E5520 		.ascii	"GNU C 4.9.3 20150303 (release) [ARM/embedded-4_9-br"
 701      4320342E 
 701      392E3320 
 701      32303135 
 701      30333033 
 702 018d 616E6368 		.ascii	"anch revision 221220] -mcpu=cortex-m0plus -mthumb -"
 702      20726576 
 702      6973696F 
 702      6E203232 
 702      31323230 
 703 01c0 67202D4F 		.ascii	"g -O0 -ffunction-sections -ffat-lto-objects\000"
 703      30202D66 
 703      66756E63 
 703      74696F6E 
 703      2D736563 
 704              	.LASF21:
 705 01ec 41524D5F 		.ascii	"ARM_MATH_SIZE_MISMATCH\000"
 705      4D415448 
 705      5F53495A 
 705      455F4D49 
 705      534D4154 
 706              	.LASF22:
 707 0203 41524D5F 		.ascii	"ARM_MATH_NANINF\000"
 707      4D415448 
 707      5F4E414E 
 707      494E4600 
 708              	.LASF11:
 709 0213 696E7431 		.ascii	"int16_t\000"
 709      365F7400 
 710              	.LASF30:
 711 021b 61726D5F 		.ascii	"arm_matrix_instance_q15\000"
 711      6D617472 
 711      69785F69 
 711      6E737461 
 711      6E63655F 
 712              	.LASF13:
 713 0233 73697A65 		.ascii	"sizetype\000"
 713      74797065 
 713      00
 714              	.LASF8:
 715 023c 6C6F6E67 		.ascii	"long long int\000"
 715      206C6F6E 
 715      6720696E 
 715      7400
 716              	.LASF14:
 717 024a 63686172 		.ascii	"char\000"
 717      00
 718              	.LASF18:
 719 024f 41524D5F 		.ascii	"ARM_MATH_SUCCESS\000"
 719      4D415448 
 719      5F535543 
 719      43455353 
 719      00
 720              	.LASF41:
ARM GAS  C:\Users\fneves\AppData\Local\Temp\ccUeqZaO.s 			page 20


 721 0260 61726D5F 		.ascii	"arm_mat_trans_q15\000"
 721      6D61745F 
 721      7472616E 
 721      735F7131 
 721      3500
 722              	.LASF2:
 723 0272 73686F72 		.ascii	"short int\000"
 723      7420696E 
 723      7400
 724              	.LASF12:
 725 027c 75696E74 		.ascii	"uint16_t\000"
 725      31365F74 
 725      00
 726              	.LASF6:
 727 0285 6C6F6E67 		.ascii	"long int\000"
 727      20696E74 
 727      00
 728              	.LASF17:
 729 028e 6C6F6E67 		.ascii	"long double\000"
 729      20646F75 
 729      626C6500 
 730              	.LASF16:
 731 029a 666C6F61 		.ascii	"float\000"
 731      7400
 732              	.LASF0:
 733 02a0 7369676E 		.ascii	"signed char\000"
 733      65642063 
 733      68617200 
 734              	.LASF27:
 735 02ac 6E756D52 		.ascii	"numRows\000"
 735      6F777300 
 736              	.LASF31:
 737 02b4 70537263 		.ascii	"pSrc\000"
 737      00
 738              	.LASF25:
 739 02b9 61726D5F 		.ascii	"arm_status\000"
 739      73746174 
 739      757300
 740              	.LASF28:
 741 02c4 6E756D43 		.ascii	"numCols\000"
 741      6F6C7300 
 742              	.LASF23:
 743 02cc 41524D5F 		.ascii	"ARM_MATH_SINGULAR\000"
 743      4D415448 
 743      5F53494E 
 743      47554C41 
 743      5200
 744              		.ident	"GCC: (GNU Tools for ARM Embedded Processors) 4.9.3 20150303 (release) [ARM/embedded-4_9-br
