ARM GAS  C:\Users\fneves\AppData\Local\Temp\ccSSQZcV.s 			page 1


   1              		.cpu cortex-m0plus
   2              		.fpu softvfp
   3              		.eabi_attribute 20, 1
   4              		.eabi_attribute 21, 1
   5              		.eabi_attribute 23, 3
   6              		.eabi_attribute 24, 1
   7              		.eabi_attribute 25, 1
   8              		.eabi_attribute 26, 1
   9              		.eabi_attribute 30, 6
  10              		.eabi_attribute 34, 0
  11              		.eabi_attribute 18, 4
  12              		.code	16
  13              		.file	"arm_negate_q31.c"
  14              		.text
  15              	.Ltext0:
  16              		.cfi_sections	.debug_frame
  17              		.section	.text.arm_negate_q31,"ax",%progbits
  18              		.align	2
  19              		.global	arm_negate_q31
  20              		.code	16
  21              		.thumb_func
  22              		.type	arm_negate_q31, %function
  23              	arm_negate_q31:
  24              	.LFB82:
  25              		.file 1 "Source\\BasicMathFunctions\\arm_negate_q31.c"
   1:Source\BasicMathFunctions/arm_negate_q31.c **** /* ----------------------------------------------------------------------
   2:Source\BasicMathFunctions/arm_negate_q31.c ****  * Project:      CMSIS DSP Library
   3:Source\BasicMathFunctions/arm_negate_q31.c ****  * Title:        arm_negate_q31.c
   4:Source\BasicMathFunctions/arm_negate_q31.c ****  * Description:  Negates Q31 vectors
   5:Source\BasicMathFunctions/arm_negate_q31.c ****  *
   6:Source\BasicMathFunctions/arm_negate_q31.c ****  * $Date:        27. January 2017
   7:Source\BasicMathFunctions/arm_negate_q31.c ****  * $Revision:    V.1.5.1
   8:Source\BasicMathFunctions/arm_negate_q31.c ****  *
   9:Source\BasicMathFunctions/arm_negate_q31.c ****  * Target Processor: Cortex-M cores
  10:Source\BasicMathFunctions/arm_negate_q31.c ****  * -------------------------------------------------------------------- */
  11:Source\BasicMathFunctions/arm_negate_q31.c **** /*
  12:Source\BasicMathFunctions/arm_negate_q31.c ****  * Copyright (C) 2010-2017 ARM Limited or its affiliates. All rights reserved.
  13:Source\BasicMathFunctions/arm_negate_q31.c ****  *
  14:Source\BasicMathFunctions/arm_negate_q31.c ****  * SPDX-License-Identifier: Apache-2.0
  15:Source\BasicMathFunctions/arm_negate_q31.c ****  *
  16:Source\BasicMathFunctions/arm_negate_q31.c ****  * Licensed under the Apache License, Version 2.0 (the License); you may
  17:Source\BasicMathFunctions/arm_negate_q31.c ****  * not use this file except in compliance with the License.
  18:Source\BasicMathFunctions/arm_negate_q31.c ****  * You may obtain a copy of the License at
  19:Source\BasicMathFunctions/arm_negate_q31.c ****  *
  20:Source\BasicMathFunctions/arm_negate_q31.c ****  * www.apache.org/licenses/LICENSE-2.0
  21:Source\BasicMathFunctions/arm_negate_q31.c ****  *
  22:Source\BasicMathFunctions/arm_negate_q31.c ****  * Unless required by applicable law or agreed to in writing, software
  23:Source\BasicMathFunctions/arm_negate_q31.c ****  * distributed under the License is distributed on an AS IS BASIS, WITHOUT
  24:Source\BasicMathFunctions/arm_negate_q31.c ****  * WARRANTIES OR CONDITIONS OF ANY KIND, either express or implied.
  25:Source\BasicMathFunctions/arm_negate_q31.c ****  * See the License for the specific language governing permissions and
  26:Source\BasicMathFunctions/arm_negate_q31.c ****  * limitations under the License.
  27:Source\BasicMathFunctions/arm_negate_q31.c ****  */
  28:Source\BasicMathFunctions/arm_negate_q31.c **** 
  29:Source\BasicMathFunctions/arm_negate_q31.c **** #include "arm_math.h"
  30:Source\BasicMathFunctions/arm_negate_q31.c **** 
  31:Source\BasicMathFunctions/arm_negate_q31.c **** /**
  32:Source\BasicMathFunctions/arm_negate_q31.c ****  * @ingroup groupMath
ARM GAS  C:\Users\fneves\AppData\Local\Temp\ccSSQZcV.s 			page 2


  33:Source\BasicMathFunctions/arm_negate_q31.c ****  */
  34:Source\BasicMathFunctions/arm_negate_q31.c **** 
  35:Source\BasicMathFunctions/arm_negate_q31.c **** /**
  36:Source\BasicMathFunctions/arm_negate_q31.c ****  * @addtogroup negate
  37:Source\BasicMathFunctions/arm_negate_q31.c ****  * @{
  38:Source\BasicMathFunctions/arm_negate_q31.c ****  */
  39:Source\BasicMathFunctions/arm_negate_q31.c **** 
  40:Source\BasicMathFunctions/arm_negate_q31.c **** /**
  41:Source\BasicMathFunctions/arm_negate_q31.c ****  * @brief  Negates the elements of a Q31 vector.
  42:Source\BasicMathFunctions/arm_negate_q31.c ****  * @param[in]  *pSrc points to the input vector
  43:Source\BasicMathFunctions/arm_negate_q31.c ****  * @param[out]  *pDst points to the output vector
  44:Source\BasicMathFunctions/arm_negate_q31.c ****  * @param[in]  blockSize number of samples in the vector
  45:Source\BasicMathFunctions/arm_negate_q31.c ****  * @return none.
  46:Source\BasicMathFunctions/arm_negate_q31.c ****  *
  47:Source\BasicMathFunctions/arm_negate_q31.c ****  * <b>Scaling and Overflow Behavior:</b>
  48:Source\BasicMathFunctions/arm_negate_q31.c ****  * \par
  49:Source\BasicMathFunctions/arm_negate_q31.c ****  * The function uses saturating arithmetic.
  50:Source\BasicMathFunctions/arm_negate_q31.c ****  * The Q31 value -1 (0x80000000) will be saturated to the maximum allowable positive value 0x7FFFFF
  51:Source\BasicMathFunctions/arm_negate_q31.c ****  */
  52:Source\BasicMathFunctions/arm_negate_q31.c **** 
  53:Source\BasicMathFunctions/arm_negate_q31.c **** void arm_negate_q31(
  54:Source\BasicMathFunctions/arm_negate_q31.c ****   q31_t * pSrc,
  55:Source\BasicMathFunctions/arm_negate_q31.c ****   q31_t * pDst,
  56:Source\BasicMathFunctions/arm_negate_q31.c ****   uint32_t blockSize)
  57:Source\BasicMathFunctions/arm_negate_q31.c **** {
  26              		.loc 1 57 0
  27              		.cfi_startproc
  28 0000 80B5     		push	{r7, lr}
  29              		.cfi_def_cfa_offset 8
  30              		.cfi_offset 7, -8
  31              		.cfi_offset 14, -4
  32 0002 86B0     		sub	sp, sp, #24
  33              		.cfi_def_cfa_offset 32
  34 0004 00AF     		add	r7, sp, #0
  35              		.cfi_def_cfa_register 7
  36 0006 F860     		str	r0, [r7, #12]
  37 0008 B960     		str	r1, [r7, #8]
  38 000a 7A60     		str	r2, [r7, #4]
  58:Source\BasicMathFunctions/arm_negate_q31.c ****   q31_t in;                                      /* Temporary variable */
  59:Source\BasicMathFunctions/arm_negate_q31.c ****   uint32_t blkCnt;                               /* loop counter */
  60:Source\BasicMathFunctions/arm_negate_q31.c **** 
  61:Source\BasicMathFunctions/arm_negate_q31.c **** #if defined (ARM_MATH_DSP)
  62:Source\BasicMathFunctions/arm_negate_q31.c **** 
  63:Source\BasicMathFunctions/arm_negate_q31.c **** /* Run the below code for Cortex-M4 and Cortex-M3 */
  64:Source\BasicMathFunctions/arm_negate_q31.c ****   q31_t in1, in2, in3, in4;
  65:Source\BasicMathFunctions/arm_negate_q31.c **** 
  66:Source\BasicMathFunctions/arm_negate_q31.c ****   /*loop Unrolling */
  67:Source\BasicMathFunctions/arm_negate_q31.c ****   blkCnt = blockSize >> 2u;
  68:Source\BasicMathFunctions/arm_negate_q31.c **** 
  69:Source\BasicMathFunctions/arm_negate_q31.c ****   /* First part of the processing with loop unrolling.  Compute 4 outputs at a time.
  70:Source\BasicMathFunctions/arm_negate_q31.c ****    ** a second loop below computes the remaining 1 to 3 samples. */
  71:Source\BasicMathFunctions/arm_negate_q31.c ****   while (blkCnt > 0u)
  72:Source\BasicMathFunctions/arm_negate_q31.c ****   {
  73:Source\BasicMathFunctions/arm_negate_q31.c ****     /* C = -A */
  74:Source\BasicMathFunctions/arm_negate_q31.c ****     /* Negate and then store the results in the destination buffer. */
  75:Source\BasicMathFunctions/arm_negate_q31.c ****     in1 = *pSrc++;
  76:Source\BasicMathFunctions/arm_negate_q31.c ****     in2 = *pSrc++;
ARM GAS  C:\Users\fneves\AppData\Local\Temp\ccSSQZcV.s 			page 3


  77:Source\BasicMathFunctions/arm_negate_q31.c ****     in3 = *pSrc++;
  78:Source\BasicMathFunctions/arm_negate_q31.c ****     in4 = *pSrc++;
  79:Source\BasicMathFunctions/arm_negate_q31.c **** 
  80:Source\BasicMathFunctions/arm_negate_q31.c ****     *pDst++ = __QSUB(0, in1);
  81:Source\BasicMathFunctions/arm_negate_q31.c ****     *pDst++ = __QSUB(0, in2);
  82:Source\BasicMathFunctions/arm_negate_q31.c ****     *pDst++ = __QSUB(0, in3);
  83:Source\BasicMathFunctions/arm_negate_q31.c ****     *pDst++ = __QSUB(0, in4);
  84:Source\BasicMathFunctions/arm_negate_q31.c **** 
  85:Source\BasicMathFunctions/arm_negate_q31.c ****     /* Decrement the loop counter */
  86:Source\BasicMathFunctions/arm_negate_q31.c ****     blkCnt--;
  87:Source\BasicMathFunctions/arm_negate_q31.c ****   }
  88:Source\BasicMathFunctions/arm_negate_q31.c **** 
  89:Source\BasicMathFunctions/arm_negate_q31.c ****   /* If the blockSize is not a multiple of 4, compute any remaining output samples here.
  90:Source\BasicMathFunctions/arm_negate_q31.c ****    ** No loop unrolling is used. */
  91:Source\BasicMathFunctions/arm_negate_q31.c ****   blkCnt = blockSize % 0x4u;
  92:Source\BasicMathFunctions/arm_negate_q31.c **** 
  93:Source\BasicMathFunctions/arm_negate_q31.c **** #else
  94:Source\BasicMathFunctions/arm_negate_q31.c **** 
  95:Source\BasicMathFunctions/arm_negate_q31.c ****   /* Run the below code for Cortex-M0 */
  96:Source\BasicMathFunctions/arm_negate_q31.c **** 
  97:Source\BasicMathFunctions/arm_negate_q31.c ****   /* Initialize blkCnt with number of samples */
  98:Source\BasicMathFunctions/arm_negate_q31.c ****   blkCnt = blockSize;
  39              		.loc 1 98 0
  40 000c 7B68     		ldr	r3, [r7, #4]
  41 000e 7B61     		str	r3, [r7, #20]
  99:Source\BasicMathFunctions/arm_negate_q31.c **** 
 100:Source\BasicMathFunctions/arm_negate_q31.c **** #endif /* #if defined (ARM_MATH_DSP) */
 101:Source\BasicMathFunctions/arm_negate_q31.c **** 
 102:Source\BasicMathFunctions/arm_negate_q31.c **** 
 103:Source\BasicMathFunctions/arm_negate_q31.c ****   while (blkCnt > 0u)
  42              		.loc 1 103 0
  43 0010 14E0     		b	.L2
  44              	.L5:
 104:Source\BasicMathFunctions/arm_negate_q31.c ****   {
 105:Source\BasicMathFunctions/arm_negate_q31.c ****     /* C = -A */
 106:Source\BasicMathFunctions/arm_negate_q31.c ****     /* Negate and then store the result in the destination buffer. */
 107:Source\BasicMathFunctions/arm_negate_q31.c ****     in = *pSrc++;
  45              		.loc 1 107 0
  46 0012 FB68     		ldr	r3, [r7, #12]
  47 0014 1A1D     		add	r2, r3, #4
  48 0016 FA60     		str	r2, [r7, #12]
  49 0018 1B68     		ldr	r3, [r3]
  50 001a 3B61     		str	r3, [r7, #16]
 108:Source\BasicMathFunctions/arm_negate_q31.c ****     *pDst++ = (in == INT32_MIN) ? INT32_MAX : -in;
  51              		.loc 1 108 0
  52 001c BB68     		ldr	r3, [r7, #8]
  53 001e 1A1D     		add	r2, r3, #4
  54 0020 BA60     		str	r2, [r7, #8]
  55 0022 3969     		ldr	r1, [r7, #16]
  56 0024 8022     		mov	r2, #128
  57 0026 1206     		lsl	r2, r2, #24
  58 0028 9142     		cmp	r1, r2
  59 002a 02D0     		beq	.L3
  60              		.loc 1 108 0 is_stmt 0 discriminator 1
  61 002c 3A69     		ldr	r2, [r7, #16]
  62 002e 5242     		neg	r2, r2
  63 0030 00E0     		b	.L4
ARM GAS  C:\Users\fneves\AppData\Local\Temp\ccSSQZcV.s 			page 4


  64              	.L3:
  65              		.loc 1 108 0 discriminator 2
  66 0032 054A     		ldr	r2, .L6
  67              	.L4:
  68              		.loc 1 108 0 discriminator 4
  69 0034 1A60     		str	r2, [r3]
 109:Source\BasicMathFunctions/arm_negate_q31.c **** 
 110:Source\BasicMathFunctions/arm_negate_q31.c ****     /* Decrement the loop counter */
 111:Source\BasicMathFunctions/arm_negate_q31.c ****     blkCnt--;
  70              		.loc 1 111 0 is_stmt 1 discriminator 4
  71 0036 7B69     		ldr	r3, [r7, #20]
  72 0038 013B     		sub	r3, r3, #1
  73 003a 7B61     		str	r3, [r7, #20]
  74              	.L2:
 103:Source\BasicMathFunctions/arm_negate_q31.c ****   {
  75              		.loc 1 103 0
  76 003c 7B69     		ldr	r3, [r7, #20]
  77 003e 002B     		cmp	r3, #0
  78 0040 E7D1     		bne	.L5
 112:Source\BasicMathFunctions/arm_negate_q31.c ****   }
 113:Source\BasicMathFunctions/arm_negate_q31.c **** }
  79              		.loc 1 113 0
  80 0042 BD46     		mov	sp, r7
  81 0044 06B0     		add	sp, sp, #24
  82              		@ sp needed
  83 0046 80BD     		pop	{r7, pc}
  84              	.L7:
  85              		.align	2
  86              	.L6:
  87 0048 FFFFFF7F 		.word	2147483647
  88              		.cfi_endproc
  89              	.LFE82:
  90              		.size	arm_negate_q31, .-arm_negate_q31
  91              		.text
  92              	.Letext0:
  93              		.file 2 "c:\\program files (x86)\\cypress\\psoc creator\\4.0\\psoc creator\\import\\gnu\\arm\\4.9.
  94              		.file 3 "c:\\program files (x86)\\cypress\\psoc creator\\4.0\\psoc creator\\import\\gnu\\arm\\4.9.
  95              		.file 4 ".\\Include/arm_math.h"
  96              		.section	.debug_info,"",%progbits
  97              	.Ldebug_info0:
  98 0000 20010000 		.4byte	0x120
  99 0004 0400     		.2byte	0x4
 100 0006 00000000 		.4byte	.Ldebug_abbrev0
 101 000a 04       		.byte	0x4
 102 000b 01       		.uleb128 0x1
 103 000c 72010000 		.4byte	.LASF23
 104 0010 01       		.byte	0x1
 105 0011 9F000000 		.4byte	.LASF24
 106 0015 0B010000 		.4byte	.LASF25
 107 0019 00000000 		.4byte	.Ldebug_ranges0+0
 108 001d 00000000 		.4byte	0
 109 0021 00000000 		.4byte	.Ldebug_line0
 110 0025 02       		.uleb128 0x2
 111 0026 01       		.byte	0x1
 112 0027 06       		.byte	0x6
 113 0028 E4000000 		.4byte	.LASF0
 114 002c 02       		.uleb128 0x2
ARM GAS  C:\Users\fneves\AppData\Local\Temp\ccSSQZcV.s 			page 5


 115 002d 01       		.byte	0x1
 116 002e 08       		.byte	0x8
 117 002f 6E000000 		.4byte	.LASF1
 118 0033 02       		.uleb128 0x2
 119 0034 02       		.byte	0x2
 120 0035 05       		.byte	0x5
 121 0036 5A010000 		.4byte	.LASF2
 122 003a 02       		.uleb128 0x2
 123 003b 02       		.byte	0x2
 124 003c 07       		.byte	0x7
 125 003d D1000000 		.4byte	.LASF3
 126 0041 03       		.uleb128 0x3
 127 0042 64000000 		.4byte	.LASF5
 128 0046 02       		.byte	0x2
 129 0047 3F       		.byte	0x3f
 130 0048 4C000000 		.4byte	0x4c
 131 004c 02       		.uleb128 0x2
 132 004d 04       		.byte	0x4
 133 004e 05       		.byte	0x5
 134 004f 8A000000 		.4byte	.LASF4
 135 0053 03       		.uleb128 0x3
 136 0054 20000000 		.4byte	.LASF6
 137 0058 02       		.byte	0x2
 138 0059 41       		.byte	0x41
 139 005a 5E000000 		.4byte	0x5e
 140 005e 02       		.uleb128 0x2
 141 005f 04       		.byte	0x4
 142 0060 07       		.byte	0x7
 143 0061 35000000 		.4byte	.LASF7
 144 0065 02       		.uleb128 0x2
 145 0066 08       		.byte	0x8
 146 0067 05       		.byte	0x5
 147 0068 00000000 		.4byte	.LASF8
 148 006c 02       		.uleb128 0x2
 149 006d 08       		.byte	0x8
 150 006e 07       		.byte	0x7
 151 006f 47000000 		.4byte	.LASF9
 152 0073 04       		.uleb128 0x4
 153 0074 04       		.byte	0x4
 154 0075 05       		.byte	0x5
 155 0076 696E7400 		.ascii	"int\000"
 156 007a 02       		.uleb128 0x2
 157 007b 04       		.byte	0x4
 158 007c 07       		.byte	0x7
 159 007d 0E000000 		.4byte	.LASF10
 160 0081 03       		.uleb128 0x3
 161 0082 64010000 		.4byte	.LASF11
 162 0086 03       		.byte	0x3
 163 0087 2C       		.byte	0x2c
 164 0088 41000000 		.4byte	0x41
 165 008c 03       		.uleb128 0x3
 166 008d 81000000 		.4byte	.LASF12
 167 0091 03       		.byte	0x3
 168 0092 2D       		.byte	0x2d
 169 0093 53000000 		.4byte	0x53
 170 0097 02       		.uleb128 0x2
 171 0098 04       		.byte	0x4
ARM GAS  C:\Users\fneves\AppData\Local\Temp\ccSSQZcV.s 			page 6


 172 0099 07       		.byte	0x7
 173 009a 51010000 		.4byte	.LASF13
 174 009e 02       		.uleb128 0x2
 175 009f 01       		.byte	0x1
 176 00a0 08       		.byte	0x8
 177 00a1 7C000000 		.4byte	.LASF14
 178 00a5 02       		.uleb128 0x2
 179 00a6 08       		.byte	0x8
 180 00a7 04       		.byte	0x4
 181 00a8 98000000 		.4byte	.LASF15
 182 00ac 02       		.uleb128 0x2
 183 00ad 04       		.byte	0x4
 184 00ae 04       		.byte	0x4
 185 00af 5E000000 		.4byte	.LASF16
 186 00b3 02       		.uleb128 0x2
 187 00b4 08       		.byte	0x8
 188 00b5 04       		.byte	0x4
 189 00b6 F0000000 		.4byte	.LASF17
 190 00ba 05       		.uleb128 0x5
 191 00bb 6C010000 		.4byte	.LASF18
 192 00bf 04       		.byte	0x4
 193 00c0 9B01     		.2byte	0x19b
 194 00c2 81000000 		.4byte	0x81
 195 00c6 06       		.uleb128 0x6
 196 00c7 04       		.byte	0x4
 197 00c8 BA000000 		.4byte	0xba
 198 00cc 07       		.uleb128 0x7
 199 00cd FC000000 		.4byte	.LASF26
 200 00d1 01       		.byte	0x1
 201 00d2 35       		.byte	0x35
 202 00d3 00000000 		.4byte	.LFB82
 203 00d7 4C000000 		.4byte	.LFE82-.LFB82
 204 00db 01       		.uleb128 0x1
 205 00dc 9C       		.byte	0x9c
 206 00dd 08       		.uleb128 0x8
 207 00de 93000000 		.4byte	.LASF19
 208 00e2 01       		.byte	0x1
 209 00e3 36       		.byte	0x36
 210 00e4 C6000000 		.4byte	0xc6
 211 00e8 02       		.uleb128 0x2
 212 00e9 91       		.byte	0x91
 213 00ea 6C       		.sleb128 -20
 214 00eb 08       		.uleb128 0x8
 215 00ec 1B000000 		.4byte	.LASF20
 216 00f0 01       		.byte	0x1
 217 00f1 37       		.byte	0x37
 218 00f2 C6000000 		.4byte	0xc6
 219 00f6 02       		.uleb128 0x2
 220 00f7 91       		.byte	0x91
 221 00f8 68       		.sleb128 -24
 222 00f9 08       		.uleb128 0x8
 223 00fa 2B000000 		.4byte	.LASF21
 224 00fe 01       		.byte	0x1
 225 00ff 38       		.byte	0x38
 226 0100 8C000000 		.4byte	0x8c
 227 0104 02       		.uleb128 0x2
 228 0105 91       		.byte	0x91
ARM GAS  C:\Users\fneves\AppData\Local\Temp\ccSSQZcV.s 			page 7


 229 0106 64       		.sleb128 -28
 230 0107 09       		.uleb128 0x9
 231 0108 696E00   		.ascii	"in\000"
 232 010b 01       		.byte	0x1
 233 010c 3A       		.byte	0x3a
 234 010d BA000000 		.4byte	0xba
 235 0111 02       		.uleb128 0x2
 236 0112 91       		.byte	0x91
 237 0113 70       		.sleb128 -16
 238 0114 0A       		.uleb128 0xa
 239 0115 CA000000 		.4byte	.LASF22
 240 0119 01       		.byte	0x1
 241 011a 3B       		.byte	0x3b
 242 011b 8C000000 		.4byte	0x8c
 243 011f 02       		.uleb128 0x2
 244 0120 91       		.byte	0x91
 245 0121 74       		.sleb128 -12
 246 0122 00       		.byte	0
 247 0123 00       		.byte	0
 248              		.section	.debug_abbrev,"",%progbits
 249              	.Ldebug_abbrev0:
 250 0000 01       		.uleb128 0x1
 251 0001 11       		.uleb128 0x11
 252 0002 01       		.byte	0x1
 253 0003 25       		.uleb128 0x25
 254 0004 0E       		.uleb128 0xe
 255 0005 13       		.uleb128 0x13
 256 0006 0B       		.uleb128 0xb
 257 0007 03       		.uleb128 0x3
 258 0008 0E       		.uleb128 0xe
 259 0009 1B       		.uleb128 0x1b
 260 000a 0E       		.uleb128 0xe
 261 000b 55       		.uleb128 0x55
 262 000c 17       		.uleb128 0x17
 263 000d 11       		.uleb128 0x11
 264 000e 01       		.uleb128 0x1
 265 000f 10       		.uleb128 0x10
 266 0010 17       		.uleb128 0x17
 267 0011 00       		.byte	0
 268 0012 00       		.byte	0
 269 0013 02       		.uleb128 0x2
 270 0014 24       		.uleb128 0x24
 271 0015 00       		.byte	0
 272 0016 0B       		.uleb128 0xb
 273 0017 0B       		.uleb128 0xb
 274 0018 3E       		.uleb128 0x3e
 275 0019 0B       		.uleb128 0xb
 276 001a 03       		.uleb128 0x3
 277 001b 0E       		.uleb128 0xe
 278 001c 00       		.byte	0
 279 001d 00       		.byte	0
 280 001e 03       		.uleb128 0x3
 281 001f 16       		.uleb128 0x16
 282 0020 00       		.byte	0
 283 0021 03       		.uleb128 0x3
 284 0022 0E       		.uleb128 0xe
 285 0023 3A       		.uleb128 0x3a
ARM GAS  C:\Users\fneves\AppData\Local\Temp\ccSSQZcV.s 			page 8


 286 0024 0B       		.uleb128 0xb
 287 0025 3B       		.uleb128 0x3b
 288 0026 0B       		.uleb128 0xb
 289 0027 49       		.uleb128 0x49
 290 0028 13       		.uleb128 0x13
 291 0029 00       		.byte	0
 292 002a 00       		.byte	0
 293 002b 04       		.uleb128 0x4
 294 002c 24       		.uleb128 0x24
 295 002d 00       		.byte	0
 296 002e 0B       		.uleb128 0xb
 297 002f 0B       		.uleb128 0xb
 298 0030 3E       		.uleb128 0x3e
 299 0031 0B       		.uleb128 0xb
 300 0032 03       		.uleb128 0x3
 301 0033 08       		.uleb128 0x8
 302 0034 00       		.byte	0
 303 0035 00       		.byte	0
 304 0036 05       		.uleb128 0x5
 305 0037 16       		.uleb128 0x16
 306 0038 00       		.byte	0
 307 0039 03       		.uleb128 0x3
 308 003a 0E       		.uleb128 0xe
 309 003b 3A       		.uleb128 0x3a
 310 003c 0B       		.uleb128 0xb
 311 003d 3B       		.uleb128 0x3b
 312 003e 05       		.uleb128 0x5
 313 003f 49       		.uleb128 0x49
 314 0040 13       		.uleb128 0x13
 315 0041 00       		.byte	0
 316 0042 00       		.byte	0
 317 0043 06       		.uleb128 0x6
 318 0044 0F       		.uleb128 0xf
 319 0045 00       		.byte	0
 320 0046 0B       		.uleb128 0xb
 321 0047 0B       		.uleb128 0xb
 322 0048 49       		.uleb128 0x49
 323 0049 13       		.uleb128 0x13
 324 004a 00       		.byte	0
 325 004b 00       		.byte	0
 326 004c 07       		.uleb128 0x7
 327 004d 2E       		.uleb128 0x2e
 328 004e 01       		.byte	0x1
 329 004f 3F       		.uleb128 0x3f
 330 0050 19       		.uleb128 0x19
 331 0051 03       		.uleb128 0x3
 332 0052 0E       		.uleb128 0xe
 333 0053 3A       		.uleb128 0x3a
 334 0054 0B       		.uleb128 0xb
 335 0055 3B       		.uleb128 0x3b
 336 0056 0B       		.uleb128 0xb
 337 0057 27       		.uleb128 0x27
 338 0058 19       		.uleb128 0x19
 339 0059 11       		.uleb128 0x11
 340 005a 01       		.uleb128 0x1
 341 005b 12       		.uleb128 0x12
 342 005c 06       		.uleb128 0x6
ARM GAS  C:\Users\fneves\AppData\Local\Temp\ccSSQZcV.s 			page 9


 343 005d 40       		.uleb128 0x40
 344 005e 18       		.uleb128 0x18
 345 005f 9742     		.uleb128 0x2117
 346 0061 19       		.uleb128 0x19
 347 0062 00       		.byte	0
 348 0063 00       		.byte	0
 349 0064 08       		.uleb128 0x8
 350 0065 05       		.uleb128 0x5
 351 0066 00       		.byte	0
 352 0067 03       		.uleb128 0x3
 353 0068 0E       		.uleb128 0xe
 354 0069 3A       		.uleb128 0x3a
 355 006a 0B       		.uleb128 0xb
 356 006b 3B       		.uleb128 0x3b
 357 006c 0B       		.uleb128 0xb
 358 006d 49       		.uleb128 0x49
 359 006e 13       		.uleb128 0x13
 360 006f 02       		.uleb128 0x2
 361 0070 18       		.uleb128 0x18
 362 0071 00       		.byte	0
 363 0072 00       		.byte	0
 364 0073 09       		.uleb128 0x9
 365 0074 34       		.uleb128 0x34
 366 0075 00       		.byte	0
 367 0076 03       		.uleb128 0x3
 368 0077 08       		.uleb128 0x8
 369 0078 3A       		.uleb128 0x3a
 370 0079 0B       		.uleb128 0xb
 371 007a 3B       		.uleb128 0x3b
 372 007b 0B       		.uleb128 0xb
 373 007c 49       		.uleb128 0x49
 374 007d 13       		.uleb128 0x13
 375 007e 02       		.uleb128 0x2
 376 007f 18       		.uleb128 0x18
 377 0080 00       		.byte	0
 378 0081 00       		.byte	0
 379 0082 0A       		.uleb128 0xa
 380 0083 34       		.uleb128 0x34
 381 0084 00       		.byte	0
 382 0085 03       		.uleb128 0x3
 383 0086 0E       		.uleb128 0xe
 384 0087 3A       		.uleb128 0x3a
 385 0088 0B       		.uleb128 0xb
 386 0089 3B       		.uleb128 0x3b
 387 008a 0B       		.uleb128 0xb
 388 008b 49       		.uleb128 0x49
 389 008c 13       		.uleb128 0x13
 390 008d 02       		.uleb128 0x2
 391 008e 18       		.uleb128 0x18
 392 008f 00       		.byte	0
 393 0090 00       		.byte	0
 394 0091 00       		.byte	0
 395              		.section	.debug_aranges,"",%progbits
 396 0000 1C000000 		.4byte	0x1c
 397 0004 0200     		.2byte	0x2
 398 0006 00000000 		.4byte	.Ldebug_info0
 399 000a 04       		.byte	0x4
ARM GAS  C:\Users\fneves\AppData\Local\Temp\ccSSQZcV.s 			page 10


 400 000b 00       		.byte	0
 401 000c 0000     		.2byte	0
 402 000e 0000     		.2byte	0
 403 0010 00000000 		.4byte	.LFB82
 404 0014 4C000000 		.4byte	.LFE82-.LFB82
 405 0018 00000000 		.4byte	0
 406 001c 00000000 		.4byte	0
 407              		.section	.debug_ranges,"",%progbits
 408              	.Ldebug_ranges0:
 409 0000 00000000 		.4byte	.LFB82
 410 0004 4C000000 		.4byte	.LFE82
 411 0008 00000000 		.4byte	0
 412 000c 00000000 		.4byte	0
 413              		.section	.debug_line,"",%progbits
 414              	.Ldebug_line0:
 415 0000 88010000 		.section	.debug_str,"MS",%progbits,1
 415      02005101 
 415      00000201 
 415      FB0E0D00 
 415      01010101 
 416              	.LASF8:
 417 0000 6C6F6E67 		.ascii	"long long int\000"
 417      206C6F6E 
 417      6720696E 
 417      7400
 418              	.LASF10:
 419 000e 756E7369 		.ascii	"unsigned int\000"
 419      676E6564 
 419      20696E74 
 419      00
 420              	.LASF20:
 421 001b 70447374 		.ascii	"pDst\000"
 421      00
 422              	.LASF6:
 423 0020 5F5F7569 		.ascii	"__uint32_t\000"
 423      6E743332 
 423      5F7400
 424              	.LASF21:
 425 002b 626C6F63 		.ascii	"blockSize\000"
 425      6B53697A 
 425      6500
 426              	.LASF7:
 427 0035 6C6F6E67 		.ascii	"long unsigned int\000"
 427      20756E73 
 427      69676E65 
 427      6420696E 
 427      7400
 428              	.LASF9:
 429 0047 6C6F6E67 		.ascii	"long long unsigned int\000"
 429      206C6F6E 
 429      6720756E 
 429      7369676E 
 429      65642069 
 430              	.LASF16:
 431 005e 666C6F61 		.ascii	"float\000"
 431      7400
 432              	.LASF5:
ARM GAS  C:\Users\fneves\AppData\Local\Temp\ccSSQZcV.s 			page 11


 433 0064 5F5F696E 		.ascii	"__int32_t\000"
 433      7433325F 
 433      7400
 434              	.LASF1:
 435 006e 756E7369 		.ascii	"unsigned char\000"
 435      676E6564 
 435      20636861 
 435      7200
 436              	.LASF14:
 437 007c 63686172 		.ascii	"char\000"
 437      00
 438              	.LASF12:
 439 0081 75696E74 		.ascii	"uint32_t\000"
 439      33325F74 
 439      00
 440              	.LASF4:
 441 008a 6C6F6E67 		.ascii	"long int\000"
 441      20696E74 
 441      00
 442              	.LASF19:
 443 0093 70537263 		.ascii	"pSrc\000"
 443      00
 444              	.LASF15:
 445 0098 646F7562 		.ascii	"double\000"
 445      6C6500
 446              	.LASF24:
 447 009f 536F7572 		.ascii	"Source\\BasicMathFunctions\\arm_negate_q31.c\000"
 447      63655C42 
 447      61736963 
 447      4D617468 
 447      46756E63 
 448              	.LASF22:
 449 00ca 626C6B43 		.ascii	"blkCnt\000"
 449      6E7400
 450              	.LASF3:
 451 00d1 73686F72 		.ascii	"short unsigned int\000"
 451      7420756E 
 451      7369676E 
 451      65642069 
 451      6E7400
 452              	.LASF0:
 453 00e4 7369676E 		.ascii	"signed char\000"
 453      65642063 
 453      68617200 
 454              	.LASF17:
 455 00f0 6C6F6E67 		.ascii	"long double\000"
 455      20646F75 
 455      626C6500 
 456              	.LASF26:
 457 00fc 61726D5F 		.ascii	"arm_negate_q31\000"
 457      6E656761 
 457      74655F71 
 457      333100
 458              	.LASF25:
 459 010b 433A5C55 		.ascii	"C:\\Users\\fneves\\Documents\\PSoC Creator\\wp_1\\e"
 459      73657273 
 459      5C666E65 
ARM GAS  C:\Users\fneves\AppData\Local\Temp\ccSSQZcV.s 			page 12


 459      7665735C 
 459      446F6375 
 460 0138 6E67696E 		.ascii	"ngine_speed_sensor.cydsn\000"
 460      655F7370 
 460      6565645F 
 460      73656E73 
 460      6F722E63 
 461              	.LASF13:
 462 0151 73697A65 		.ascii	"sizetype\000"
 462      74797065 
 462      00
 463              	.LASF2:
 464 015a 73686F72 		.ascii	"short int\000"
 464      7420696E 
 464      7400
 465              	.LASF11:
 466 0164 696E7433 		.ascii	"int32_t\000"
 466      325F7400 
 467              	.LASF18:
 468 016c 7133315F 		.ascii	"q31_t\000"
 468      7400
 469              	.LASF23:
 470 0172 474E5520 		.ascii	"GNU C 4.9.3 20150303 (release) [ARM/embedded-4_9-br"
 470      4320342E 
 470      392E3320 
 470      32303135 
 470      30333033 
 471 01a5 616E6368 		.ascii	"anch revision 221220] -mcpu=cortex-m0plus -mthumb -"
 471      20726576 
 471      6973696F 
 471      6E203232 
 471      31323230 
 472 01d8 67202D4F 		.ascii	"g -O0 -ffunction-sections -ffat-lto-objects\000"
 472      30202D66 
 472      66756E63 
 472      74696F6E 
 472      2D736563 
 473              		.ident	"GCC: (GNU Tools for ARM Embedded Processors) 4.9.3 20150303 (release) [ARM/embedded-4_9-br
