ARM GAS  C:\Users\fneves\AppData\Local\Temp\ccx2iSPx.s 			page 1


   1              		.cpu cortex-m0plus
   2              		.fpu softvfp
   3              		.eabi_attribute 20, 1
   4              		.eabi_attribute 21, 1
   5              		.eabi_attribute 23, 3
   6              		.eabi_attribute 24, 1
   7              		.eabi_attribute 25, 1
   8              		.eabi_attribute 26, 1
   9              		.eabi_attribute 30, 6
  10              		.eabi_attribute 34, 0
  11              		.eabi_attribute 18, 4
  12              		.code	16
  13              		.file	"arm_mat_init_f32.c"
  14              		.text
  15              	.Ltext0:
  16              		.cfi_sections	.debug_frame
  17              		.section	.text.arm_mat_init_f32,"ax",%progbits
  18              		.align	2
  19              		.global	arm_mat_init_f32
  20              		.code	16
  21              		.thumb_func
  22              		.type	arm_mat_init_f32, %function
  23              	arm_mat_init_f32:
  24              	.LFB82:
  25              		.file 1 "Source\\MatrixFunctions\\arm_mat_init_f32.c"
   1:Source\MatrixFunctions/arm_mat_init_f32.c **** /* ----------------------------------------------------------------------
   2:Source\MatrixFunctions/arm_mat_init_f32.c ****  * Project:      CMSIS DSP Library
   3:Source\MatrixFunctions/arm_mat_init_f32.c ****  * Title:        arm_mat_init_f32.c
   4:Source\MatrixFunctions/arm_mat_init_f32.c ****  * Description:  Floating-point matrix initialization
   5:Source\MatrixFunctions/arm_mat_init_f32.c ****  *
   6:Source\MatrixFunctions/arm_mat_init_f32.c ****  * $Date:        27. January 2017
   7:Source\MatrixFunctions/arm_mat_init_f32.c ****  * $Revision:    V.1.5.1
   8:Source\MatrixFunctions/arm_mat_init_f32.c ****  *
   9:Source\MatrixFunctions/arm_mat_init_f32.c ****  * Target Processor: Cortex-M cores
  10:Source\MatrixFunctions/arm_mat_init_f32.c ****  * -------------------------------------------------------------------- */
  11:Source\MatrixFunctions/arm_mat_init_f32.c **** /*
  12:Source\MatrixFunctions/arm_mat_init_f32.c ****  * Copyright (C) 2010-2017 ARM Limited or its affiliates. All rights reserved.
  13:Source\MatrixFunctions/arm_mat_init_f32.c ****  *
  14:Source\MatrixFunctions/arm_mat_init_f32.c ****  * SPDX-License-Identifier: Apache-2.0
  15:Source\MatrixFunctions/arm_mat_init_f32.c ****  *
  16:Source\MatrixFunctions/arm_mat_init_f32.c ****  * Licensed under the Apache License, Version 2.0 (the License); you may
  17:Source\MatrixFunctions/arm_mat_init_f32.c ****  * not use this file except in compliance with the License.
  18:Source\MatrixFunctions/arm_mat_init_f32.c ****  * You may obtain a copy of the License at
  19:Source\MatrixFunctions/arm_mat_init_f32.c ****  *
  20:Source\MatrixFunctions/arm_mat_init_f32.c ****  * www.apache.org/licenses/LICENSE-2.0
  21:Source\MatrixFunctions/arm_mat_init_f32.c ****  *
  22:Source\MatrixFunctions/arm_mat_init_f32.c ****  * Unless required by applicable law or agreed to in writing, software
  23:Source\MatrixFunctions/arm_mat_init_f32.c ****  * distributed under the License is distributed on an AS IS BASIS, WITHOUT
  24:Source\MatrixFunctions/arm_mat_init_f32.c ****  * WARRANTIES OR CONDITIONS OF ANY KIND, either express or implied.
  25:Source\MatrixFunctions/arm_mat_init_f32.c ****  * See the License for the specific language governing permissions and
  26:Source\MatrixFunctions/arm_mat_init_f32.c ****  * limitations under the License.
  27:Source\MatrixFunctions/arm_mat_init_f32.c ****  */
  28:Source\MatrixFunctions/arm_mat_init_f32.c **** 
  29:Source\MatrixFunctions/arm_mat_init_f32.c **** #include "arm_math.h"
  30:Source\MatrixFunctions/arm_mat_init_f32.c **** 
  31:Source\MatrixFunctions/arm_mat_init_f32.c **** /**
  32:Source\MatrixFunctions/arm_mat_init_f32.c ****  * @ingroup groupMatrix
ARM GAS  C:\Users\fneves\AppData\Local\Temp\ccx2iSPx.s 			page 2


  33:Source\MatrixFunctions/arm_mat_init_f32.c ****  */
  34:Source\MatrixFunctions/arm_mat_init_f32.c **** 
  35:Source\MatrixFunctions/arm_mat_init_f32.c **** /**
  36:Source\MatrixFunctions/arm_mat_init_f32.c ****  * @defgroup MatrixInit Matrix Initialization
  37:Source\MatrixFunctions/arm_mat_init_f32.c ****  *
  38:Source\MatrixFunctions/arm_mat_init_f32.c ****  * Initializes the underlying matrix data structure.
  39:Source\MatrixFunctions/arm_mat_init_f32.c ****  * The functions set the <code>numRows</code>,
  40:Source\MatrixFunctions/arm_mat_init_f32.c ****  * <code>numCols</code>, and <code>pData</code> fields
  41:Source\MatrixFunctions/arm_mat_init_f32.c ****  * of the matrix data structure.
  42:Source\MatrixFunctions/arm_mat_init_f32.c ****  */
  43:Source\MatrixFunctions/arm_mat_init_f32.c **** 
  44:Source\MatrixFunctions/arm_mat_init_f32.c **** /**
  45:Source\MatrixFunctions/arm_mat_init_f32.c ****  * @addtogroup MatrixInit
  46:Source\MatrixFunctions/arm_mat_init_f32.c ****  * @{
  47:Source\MatrixFunctions/arm_mat_init_f32.c ****  */
  48:Source\MatrixFunctions/arm_mat_init_f32.c **** 
  49:Source\MatrixFunctions/arm_mat_init_f32.c **** /**
  50:Source\MatrixFunctions/arm_mat_init_f32.c ****    * @brief  Floating-point matrix initialization.
  51:Source\MatrixFunctions/arm_mat_init_f32.c ****    * @param[in,out] *S             points to an instance of the floating-point matrix structure.
  52:Source\MatrixFunctions/arm_mat_init_f32.c ****    * @param[in]     nRows          number of rows in the matrix.
  53:Source\MatrixFunctions/arm_mat_init_f32.c ****    * @param[in]     nColumns       number of columns in the matrix.
  54:Source\MatrixFunctions/arm_mat_init_f32.c ****    * @param[in]     *pData	   points to the matrix data array.
  55:Source\MatrixFunctions/arm_mat_init_f32.c ****    * @return        none
  56:Source\MatrixFunctions/arm_mat_init_f32.c ****    */
  57:Source\MatrixFunctions/arm_mat_init_f32.c **** 
  58:Source\MatrixFunctions/arm_mat_init_f32.c **** void arm_mat_init_f32(
  59:Source\MatrixFunctions/arm_mat_init_f32.c ****   arm_matrix_instance_f32 * S,
  60:Source\MatrixFunctions/arm_mat_init_f32.c ****   uint16_t nRows,
  61:Source\MatrixFunctions/arm_mat_init_f32.c ****   uint16_t nColumns,
  62:Source\MatrixFunctions/arm_mat_init_f32.c ****   float32_t * pData)
  63:Source\MatrixFunctions/arm_mat_init_f32.c **** {
  26              		.loc 1 63 0
  27              		.cfi_startproc
  28 0000 80B5     		push	{r7, lr}
  29              		.cfi_def_cfa_offset 8
  30              		.cfi_offset 7, -8
  31              		.cfi_offset 14, -4
  32 0002 84B0     		sub	sp, sp, #16
  33              		.cfi_def_cfa_offset 24
  34 0004 00AF     		add	r7, sp, #0
  35              		.cfi_def_cfa_register 7
  36 0006 F860     		str	r0, [r7, #12]
  37 0008 081C     		mov	r0, r1
  38 000a 111C     		mov	r1, r2
  39 000c 7B60     		str	r3, [r7, #4]
  40 000e 0A23     		mov	r3, #10
  41 0010 FB18     		add	r3, r7, r3
  42 0012 021C     		add	r2, r0, #0
  43 0014 1A80     		strh	r2, [r3]
  44 0016 0823     		mov	r3, #8
  45 0018 FB18     		add	r3, r7, r3
  46 001a 0A1C     		add	r2, r1, #0
  47 001c 1A80     		strh	r2, [r3]
  64:Source\MatrixFunctions/arm_mat_init_f32.c ****   /* Assign Number of Rows */
  65:Source\MatrixFunctions/arm_mat_init_f32.c ****   S->numRows = nRows;
  48              		.loc 1 65 0
  49 001e FB68     		ldr	r3, [r7, #12]
ARM GAS  C:\Users\fneves\AppData\Local\Temp\ccx2iSPx.s 			page 3


  50 0020 0A22     		mov	r2, #10
  51 0022 BA18     		add	r2, r7, r2
  52 0024 1288     		ldrh	r2, [r2]
  53 0026 1A80     		strh	r2, [r3]
  66:Source\MatrixFunctions/arm_mat_init_f32.c **** 
  67:Source\MatrixFunctions/arm_mat_init_f32.c ****   /* Assign Number of Columns */
  68:Source\MatrixFunctions/arm_mat_init_f32.c ****   S->numCols = nColumns;
  54              		.loc 1 68 0
  55 0028 FB68     		ldr	r3, [r7, #12]
  56 002a 0822     		mov	r2, #8
  57 002c BA18     		add	r2, r7, r2
  58 002e 1288     		ldrh	r2, [r2]
  59 0030 5A80     		strh	r2, [r3, #2]
  69:Source\MatrixFunctions/arm_mat_init_f32.c **** 
  70:Source\MatrixFunctions/arm_mat_init_f32.c ****   /* Assign Data pointer */
  71:Source\MatrixFunctions/arm_mat_init_f32.c ****   S->pData = pData;
  60              		.loc 1 71 0
  61 0032 FB68     		ldr	r3, [r7, #12]
  62 0034 7A68     		ldr	r2, [r7, #4]
  63 0036 5A60     		str	r2, [r3, #4]
  72:Source\MatrixFunctions/arm_mat_init_f32.c **** }
  64              		.loc 1 72 0
  65 0038 BD46     		mov	sp, r7
  66 003a 04B0     		add	sp, sp, #16
  67              		@ sp needed
  68 003c 80BD     		pop	{r7, pc}
  69              		.cfi_endproc
  70              	.LFE82:
  71              		.size	arm_mat_init_f32, .-arm_mat_init_f32
  72 003e C046     		.text
  73              	.Letext0:
  74              		.file 2 "c:\\program files (x86)\\cypress\\psoc creator\\4.0\\psoc creator\\import\\gnu\\arm\\4.9.
  75              		.file 3 "c:\\program files (x86)\\cypress\\psoc creator\\4.0\\psoc creator\\import\\gnu\\arm\\4.9.
  76              		.file 4 ".\\Include/arm_math.h"
  77              		.section	.debug_info,"",%progbits
  78              	.Ldebug_info0:
  79 0000 42010000 		.4byte	0x142
  80 0004 0400     		.2byte	0x4
  81 0006 00000000 		.4byte	.Ldebug_abbrev0
  82 000a 04       		.byte	0x4
  83 000b 01       		.uleb128 0x1
  84 000c 7F010000 		.4byte	.LASF23
  85 0010 01       		.byte	0x1
  86 0011 33000000 		.4byte	.LASF24
  87 0015 95000000 		.4byte	.LASF25
  88 0019 00000000 		.4byte	.Ldebug_ranges0+0
  89 001d 00000000 		.4byte	0
  90 0021 00000000 		.4byte	.Ldebug_line0
  91 0025 02       		.uleb128 0x2
  92 0026 01       		.byte	0x1
  93 0027 06       		.byte	0x6
  94 0028 41010000 		.4byte	.LASF0
  95 002c 02       		.uleb128 0x2
  96 002d 01       		.byte	0x1
  97 002e 08       		.byte	0x8
  98 002f F7000000 		.4byte	.LASF1
  99 0033 02       		.uleb128 0x2
ARM GAS  C:\Users\fneves\AppData\Local\Temp\ccx2iSPx.s 			page 4


 100 0034 02       		.byte	0x2
 101 0035 05       		.byte	0x5
 102 0036 13010000 		.4byte	.LASF2
 103 003a 03       		.uleb128 0x3
 104 003b EC000000 		.4byte	.LASF9
 105 003f 02       		.byte	0x2
 106 0040 2B       		.byte	0x2b
 107 0041 45000000 		.4byte	0x45
 108 0045 02       		.uleb128 0x2
 109 0046 02       		.byte	0x2
 110 0047 07       		.byte	0x7
 111 0048 2E010000 		.4byte	.LASF3
 112 004c 02       		.uleb128 0x2
 113 004d 04       		.byte	0x4
 114 004e 05       		.byte	0x5
 115 004f 0A010000 		.4byte	.LASF4
 116 0053 02       		.uleb128 0x2
 117 0054 04       		.byte	0x4
 118 0055 07       		.byte	0x7
 119 0056 66000000 		.4byte	.LASF5
 120 005a 02       		.uleb128 0x2
 121 005b 08       		.byte	0x8
 122 005c 05       		.byte	0x5
 123 005d 00000000 		.4byte	.LASF6
 124 0061 02       		.uleb128 0x2
 125 0062 08       		.byte	0x8
 126 0063 07       		.byte	0x7
 127 0064 78000000 		.4byte	.LASF7
 128 0068 04       		.uleb128 0x4
 129 0069 04       		.byte	0x4
 130 006a 05       		.byte	0x5
 131 006b 696E7400 		.ascii	"int\000"
 132 006f 02       		.uleb128 0x2
 133 0070 04       		.byte	0x4
 134 0071 07       		.byte	0x7
 135 0072 0E000000 		.4byte	.LASF8
 136 0076 03       		.uleb128 0x3
 137 0077 61010000 		.4byte	.LASF10
 138 007b 03       		.byte	0x3
 139 007c 21       		.byte	0x21
 140 007d 3A000000 		.4byte	0x3a
 141 0081 02       		.uleb128 0x2
 142 0082 04       		.byte	0x4
 143 0083 07       		.byte	0x7
 144 0084 6A010000 		.4byte	.LASF11
 145 0088 02       		.uleb128 0x2
 146 0089 01       		.byte	0x1
 147 008a 08       		.byte	0x8
 148 008b 05010000 		.4byte	.LASF12
 149 008f 02       		.uleb128 0x2
 150 0090 08       		.byte	0x8
 151 0091 04       		.byte	0x4
 152 0092 1D010000 		.4byte	.LASF13
 153 0096 02       		.uleb128 0x2
 154 0097 04       		.byte	0x4
 155 0098 04       		.byte	0x4
 156 0099 8F000000 		.4byte	.LASF14
ARM GAS  C:\Users\fneves\AppData\Local\Temp\ccx2iSPx.s 			page 5


 157 009d 02       		.uleb128 0x2
 158 009e 08       		.byte	0x8
 159 009f 04       		.byte	0x4
 160 00a0 4D010000 		.4byte	.LASF15
 161 00a4 05       		.uleb128 0x5
 162 00a5 24010000 		.4byte	.LASF16
 163 00a9 04       		.byte	0x4
 164 00aa A501     		.2byte	0x1a5
 165 00ac 96000000 		.4byte	0x96
 166 00b0 06       		.uleb128 0x6
 167 00b1 04       		.byte	0x4
 168 00b2 A4000000 		.4byte	0xa4
 169 00b6 07       		.uleb128 0x7
 170 00b7 08       		.byte	0x8
 171 00b8 04       		.byte	0x4
 172 00b9 9A05     		.2byte	0x59a
 173 00bb E7000000 		.4byte	0xe7
 174 00bf 08       		.uleb128 0x8
 175 00c0 11020000 		.4byte	.LASF17
 176 00c4 04       		.byte	0x4
 177 00c5 9C05     		.2byte	0x59c
 178 00c7 76000000 		.4byte	0x76
 179 00cb 00       		.byte	0
 180 00cc 08       		.uleb128 0x8
 181 00cd 59010000 		.4byte	.LASF18
 182 00d1 04       		.byte	0x4
 183 00d2 9D05     		.2byte	0x59d
 184 00d4 76000000 		.4byte	0x76
 185 00d8 02       		.byte	0x2
 186 00d9 08       		.uleb128 0x8
 187 00da 79010000 		.4byte	.LASF19
 188 00de 04       		.byte	0x4
 189 00df 9E05     		.2byte	0x59e
 190 00e1 B0000000 		.4byte	0xb0
 191 00e5 04       		.byte	0x4
 192 00e6 00       		.byte	0
 193 00e7 05       		.uleb128 0x5
 194 00e8 1B000000 		.4byte	.LASF20
 195 00ec 04       		.byte	0x4
 196 00ed 9F05     		.2byte	0x59f
 197 00ef B6000000 		.4byte	0xb6
 198 00f3 09       		.uleb128 0x9
 199 00f4 DB000000 		.4byte	.LASF26
 200 00f8 01       		.byte	0x1
 201 00f9 3A       		.byte	0x3a
 202 00fa 00000000 		.4byte	.LFB82
 203 00fe 3E000000 		.4byte	.LFE82-.LFB82
 204 0102 01       		.uleb128 0x1
 205 0103 9C       		.byte	0x9c
 206 0104 3F010000 		.4byte	0x13f
 207 0108 0A       		.uleb128 0xa
 208 0109 5300     		.ascii	"S\000"
 209 010b 01       		.byte	0x1
 210 010c 3B       		.byte	0x3b
 211 010d 3F010000 		.4byte	0x13f
 212 0111 02       		.uleb128 0x2
 213 0112 91       		.byte	0x91
ARM GAS  C:\Users\fneves\AppData\Local\Temp\ccx2iSPx.s 			page 6


 214 0113 74       		.sleb128 -12
 215 0114 0B       		.uleb128 0xb
 216 0115 73010000 		.4byte	.LASF21
 217 0119 01       		.byte	0x1
 218 011a 3C       		.byte	0x3c
 219 011b 76000000 		.4byte	0x76
 220 011f 02       		.uleb128 0x2
 221 0120 91       		.byte	0x91
 222 0121 72       		.sleb128 -14
 223 0122 0B       		.uleb128 0xb
 224 0123 5D000000 		.4byte	.LASF22
 225 0127 01       		.byte	0x1
 226 0128 3D       		.byte	0x3d
 227 0129 76000000 		.4byte	0x76
 228 012d 02       		.uleb128 0x2
 229 012e 91       		.byte	0x91
 230 012f 70       		.sleb128 -16
 231 0130 0B       		.uleb128 0xb
 232 0131 79010000 		.4byte	.LASF19
 233 0135 01       		.byte	0x1
 234 0136 3E       		.byte	0x3e
 235 0137 B0000000 		.4byte	0xb0
 236 013b 02       		.uleb128 0x2
 237 013c 91       		.byte	0x91
 238 013d 6C       		.sleb128 -20
 239 013e 00       		.byte	0
 240 013f 06       		.uleb128 0x6
 241 0140 04       		.byte	0x4
 242 0141 E7000000 		.4byte	0xe7
 243 0145 00       		.byte	0
 244              		.section	.debug_abbrev,"",%progbits
 245              	.Ldebug_abbrev0:
 246 0000 01       		.uleb128 0x1
 247 0001 11       		.uleb128 0x11
 248 0002 01       		.byte	0x1
 249 0003 25       		.uleb128 0x25
 250 0004 0E       		.uleb128 0xe
 251 0005 13       		.uleb128 0x13
 252 0006 0B       		.uleb128 0xb
 253 0007 03       		.uleb128 0x3
 254 0008 0E       		.uleb128 0xe
 255 0009 1B       		.uleb128 0x1b
 256 000a 0E       		.uleb128 0xe
 257 000b 55       		.uleb128 0x55
 258 000c 17       		.uleb128 0x17
 259 000d 11       		.uleb128 0x11
 260 000e 01       		.uleb128 0x1
 261 000f 10       		.uleb128 0x10
 262 0010 17       		.uleb128 0x17
 263 0011 00       		.byte	0
 264 0012 00       		.byte	0
 265 0013 02       		.uleb128 0x2
 266 0014 24       		.uleb128 0x24
 267 0015 00       		.byte	0
 268 0016 0B       		.uleb128 0xb
 269 0017 0B       		.uleb128 0xb
 270 0018 3E       		.uleb128 0x3e
ARM GAS  C:\Users\fneves\AppData\Local\Temp\ccx2iSPx.s 			page 7


 271 0019 0B       		.uleb128 0xb
 272 001a 03       		.uleb128 0x3
 273 001b 0E       		.uleb128 0xe
 274 001c 00       		.byte	0
 275 001d 00       		.byte	0
 276 001e 03       		.uleb128 0x3
 277 001f 16       		.uleb128 0x16
 278 0020 00       		.byte	0
 279 0021 03       		.uleb128 0x3
 280 0022 0E       		.uleb128 0xe
 281 0023 3A       		.uleb128 0x3a
 282 0024 0B       		.uleb128 0xb
 283 0025 3B       		.uleb128 0x3b
 284 0026 0B       		.uleb128 0xb
 285 0027 49       		.uleb128 0x49
 286 0028 13       		.uleb128 0x13
 287 0029 00       		.byte	0
 288 002a 00       		.byte	0
 289 002b 04       		.uleb128 0x4
 290 002c 24       		.uleb128 0x24
 291 002d 00       		.byte	0
 292 002e 0B       		.uleb128 0xb
 293 002f 0B       		.uleb128 0xb
 294 0030 3E       		.uleb128 0x3e
 295 0031 0B       		.uleb128 0xb
 296 0032 03       		.uleb128 0x3
 297 0033 08       		.uleb128 0x8
 298 0034 00       		.byte	0
 299 0035 00       		.byte	0
 300 0036 05       		.uleb128 0x5
 301 0037 16       		.uleb128 0x16
 302 0038 00       		.byte	0
 303 0039 03       		.uleb128 0x3
 304 003a 0E       		.uleb128 0xe
 305 003b 3A       		.uleb128 0x3a
 306 003c 0B       		.uleb128 0xb
 307 003d 3B       		.uleb128 0x3b
 308 003e 05       		.uleb128 0x5
 309 003f 49       		.uleb128 0x49
 310 0040 13       		.uleb128 0x13
 311 0041 00       		.byte	0
 312 0042 00       		.byte	0
 313 0043 06       		.uleb128 0x6
 314 0044 0F       		.uleb128 0xf
 315 0045 00       		.byte	0
 316 0046 0B       		.uleb128 0xb
 317 0047 0B       		.uleb128 0xb
 318 0048 49       		.uleb128 0x49
 319 0049 13       		.uleb128 0x13
 320 004a 00       		.byte	0
 321 004b 00       		.byte	0
 322 004c 07       		.uleb128 0x7
 323 004d 13       		.uleb128 0x13
 324 004e 01       		.byte	0x1
 325 004f 0B       		.uleb128 0xb
 326 0050 0B       		.uleb128 0xb
 327 0051 3A       		.uleb128 0x3a
ARM GAS  C:\Users\fneves\AppData\Local\Temp\ccx2iSPx.s 			page 8


 328 0052 0B       		.uleb128 0xb
 329 0053 3B       		.uleb128 0x3b
 330 0054 05       		.uleb128 0x5
 331 0055 01       		.uleb128 0x1
 332 0056 13       		.uleb128 0x13
 333 0057 00       		.byte	0
 334 0058 00       		.byte	0
 335 0059 08       		.uleb128 0x8
 336 005a 0D       		.uleb128 0xd
 337 005b 00       		.byte	0
 338 005c 03       		.uleb128 0x3
 339 005d 0E       		.uleb128 0xe
 340 005e 3A       		.uleb128 0x3a
 341 005f 0B       		.uleb128 0xb
 342 0060 3B       		.uleb128 0x3b
 343 0061 05       		.uleb128 0x5
 344 0062 49       		.uleb128 0x49
 345 0063 13       		.uleb128 0x13
 346 0064 38       		.uleb128 0x38
 347 0065 0B       		.uleb128 0xb
 348 0066 00       		.byte	0
 349 0067 00       		.byte	0
 350 0068 09       		.uleb128 0x9
 351 0069 2E       		.uleb128 0x2e
 352 006a 01       		.byte	0x1
 353 006b 3F       		.uleb128 0x3f
 354 006c 19       		.uleb128 0x19
 355 006d 03       		.uleb128 0x3
 356 006e 0E       		.uleb128 0xe
 357 006f 3A       		.uleb128 0x3a
 358 0070 0B       		.uleb128 0xb
 359 0071 3B       		.uleb128 0x3b
 360 0072 0B       		.uleb128 0xb
 361 0073 27       		.uleb128 0x27
 362 0074 19       		.uleb128 0x19
 363 0075 11       		.uleb128 0x11
 364 0076 01       		.uleb128 0x1
 365 0077 12       		.uleb128 0x12
 366 0078 06       		.uleb128 0x6
 367 0079 40       		.uleb128 0x40
 368 007a 18       		.uleb128 0x18
 369 007b 9742     		.uleb128 0x2117
 370 007d 19       		.uleb128 0x19
 371 007e 01       		.uleb128 0x1
 372 007f 13       		.uleb128 0x13
 373 0080 00       		.byte	0
 374 0081 00       		.byte	0
 375 0082 0A       		.uleb128 0xa
 376 0083 05       		.uleb128 0x5
 377 0084 00       		.byte	0
 378 0085 03       		.uleb128 0x3
 379 0086 08       		.uleb128 0x8
 380 0087 3A       		.uleb128 0x3a
 381 0088 0B       		.uleb128 0xb
 382 0089 3B       		.uleb128 0x3b
 383 008a 0B       		.uleb128 0xb
 384 008b 49       		.uleb128 0x49
ARM GAS  C:\Users\fneves\AppData\Local\Temp\ccx2iSPx.s 			page 9


 385 008c 13       		.uleb128 0x13
 386 008d 02       		.uleb128 0x2
 387 008e 18       		.uleb128 0x18
 388 008f 00       		.byte	0
 389 0090 00       		.byte	0
 390 0091 0B       		.uleb128 0xb
 391 0092 05       		.uleb128 0x5
 392 0093 00       		.byte	0
 393 0094 03       		.uleb128 0x3
 394 0095 0E       		.uleb128 0xe
 395 0096 3A       		.uleb128 0x3a
 396 0097 0B       		.uleb128 0xb
 397 0098 3B       		.uleb128 0x3b
 398 0099 0B       		.uleb128 0xb
 399 009a 49       		.uleb128 0x49
 400 009b 13       		.uleb128 0x13
 401 009c 02       		.uleb128 0x2
 402 009d 18       		.uleb128 0x18
 403 009e 00       		.byte	0
 404 009f 00       		.byte	0
 405 00a0 00       		.byte	0
 406              		.section	.debug_aranges,"",%progbits
 407 0000 1C000000 		.4byte	0x1c
 408 0004 0200     		.2byte	0x2
 409 0006 00000000 		.4byte	.Ldebug_info0
 410 000a 04       		.byte	0x4
 411 000b 00       		.byte	0
 412 000c 0000     		.2byte	0
 413 000e 0000     		.2byte	0
 414 0010 00000000 		.4byte	.LFB82
 415 0014 3E000000 		.4byte	.LFE82-.LFB82
 416 0018 00000000 		.4byte	0
 417 001c 00000000 		.4byte	0
 418              		.section	.debug_ranges,"",%progbits
 419              	.Ldebug_ranges0:
 420 0000 00000000 		.4byte	.LFB82
 421 0004 3E000000 		.4byte	.LFE82
 422 0008 00000000 		.4byte	0
 423 000c 00000000 		.4byte	0
 424              		.section	.debug_line,"",%progbits
 425              	.Ldebug_line0:
 426 0000 69010000 		.section	.debug_str,"MS",%progbits,1
 426      02005001 
 426      00000201 
 426      FB0E0D00 
 426      01010101 
 427              	.LASF6:
 428 0000 6C6F6E67 		.ascii	"long long int\000"
 428      206C6F6E 
 428      6720696E 
 428      7400
 429              	.LASF8:
 430 000e 756E7369 		.ascii	"unsigned int\000"
 430      676E6564 
 430      20696E74 
 430      00
 431              	.LASF20:
ARM GAS  C:\Users\fneves\AppData\Local\Temp\ccx2iSPx.s 			page 10


 432 001b 61726D5F 		.ascii	"arm_matrix_instance_f32\000"
 432      6D617472 
 432      69785F69 
 432      6E737461 
 432      6E63655F 
 433              	.LASF24:
 434 0033 536F7572 		.ascii	"Source\\MatrixFunctions\\arm_mat_init_f32.c\000"
 434      63655C4D 
 434      61747269 
 434      7846756E 
 434      6374696F 
 435              	.LASF22:
 436 005d 6E436F6C 		.ascii	"nColumns\000"
 436      756D6E73 
 436      00
 437              	.LASF5:
 438 0066 6C6F6E67 		.ascii	"long unsigned int\000"
 438      20756E73 
 438      69676E65 
 438      6420696E 
 438      7400
 439              	.LASF7:
 440 0078 6C6F6E67 		.ascii	"long long unsigned int\000"
 440      206C6F6E 
 440      6720756E 
 440      7369676E 
 440      65642069 
 441              	.LASF14:
 442 008f 666C6F61 		.ascii	"float\000"
 442      7400
 443              	.LASF25:
 444 0095 433A5C55 		.ascii	"C:\\Users\\fneves\\Documents\\PSoC Creator\\wp_1\\e"
 444      73657273 
 444      5C666E65 
 444      7665735C 
 444      446F6375 
 445 00c2 6E67696E 		.ascii	"ngine_speed_sensor.cydsn\000"
 445      655F7370 
 445      6565645F 
 445      73656E73 
 445      6F722E63 
 446              	.LASF26:
 447 00db 61726D5F 		.ascii	"arm_mat_init_f32\000"
 447      6D61745F 
 447      696E6974 
 447      5F663332 
 447      00
 448              	.LASF9:
 449 00ec 5F5F7569 		.ascii	"__uint16_t\000"
 449      6E743136 
 449      5F7400
 450              	.LASF1:
 451 00f7 756E7369 		.ascii	"unsigned char\000"
 451      676E6564 
 451      20636861 
 451      7200
 452              	.LASF12:
ARM GAS  C:\Users\fneves\AppData\Local\Temp\ccx2iSPx.s 			page 11


 453 0105 63686172 		.ascii	"char\000"
 453      00
 454              	.LASF4:
 455 010a 6C6F6E67 		.ascii	"long int\000"
 455      20696E74 
 455      00
 456              	.LASF2:
 457 0113 73686F72 		.ascii	"short int\000"
 457      7420696E 
 457      7400
 458              	.LASF13:
 459 011d 646F7562 		.ascii	"double\000"
 459      6C6500
 460              	.LASF16:
 461 0124 666C6F61 		.ascii	"float32_t\000"
 461      7433325F 
 461      7400
 462              	.LASF3:
 463 012e 73686F72 		.ascii	"short unsigned int\000"
 463      7420756E 
 463      7369676E 
 463      65642069 
 463      6E7400
 464              	.LASF0:
 465 0141 7369676E 		.ascii	"signed char\000"
 465      65642063 
 465      68617200 
 466              	.LASF15:
 467 014d 6C6F6E67 		.ascii	"long double\000"
 467      20646F75 
 467      626C6500 
 468              	.LASF18:
 469 0159 6E756D43 		.ascii	"numCols\000"
 469      6F6C7300 
 470              	.LASF10:
 471 0161 75696E74 		.ascii	"uint16_t\000"
 471      31365F74 
 471      00
 472              	.LASF11:
 473 016a 73697A65 		.ascii	"sizetype\000"
 473      74797065 
 473      00
 474              	.LASF21:
 475 0173 6E526F77 		.ascii	"nRows\000"
 475      7300
 476              	.LASF19:
 477 0179 70446174 		.ascii	"pData\000"
 477      6100
 478              	.LASF23:
 479 017f 474E5520 		.ascii	"GNU C 4.9.3 20150303 (release) [ARM/embedded-4_9-br"
 479      4320342E 
 479      392E3320 
 479      32303135 
 479      30333033 
 480 01b2 616E6368 		.ascii	"anch revision 221220] -mcpu=cortex-m0plus -mthumb -"
 480      20726576 
 480      6973696F 
ARM GAS  C:\Users\fneves\AppData\Local\Temp\ccx2iSPx.s 			page 12


 480      6E203232 
 480      31323230 
 481 01e5 67202D4F 		.ascii	"g -O0 -ffunction-sections -ffat-lto-objects\000"
 481      30202D66 
 481      66756E63 
 481      74696F6E 
 481      2D736563 
 482              	.LASF17:
 483 0211 6E756D52 		.ascii	"numRows\000"
 483      6F777300 
 484              		.ident	"GCC: (GNU Tools for ARM Embedded Processors) 4.9.3 20150303 (release) [ARM/embedded-4_9-br
