ARM GAS  C:\Users\fneves\AppData\Local\Temp\ccu9Fi1W.s 			page 1


   1              		.cpu cortex-m0plus
   2              		.fpu softvfp
   3              		.eabi_attribute 20, 1
   4              		.eabi_attribute 21, 1
   5              		.eabi_attribute 23, 3
   6              		.eabi_attribute 24, 1
   7              		.eabi_attribute 25, 1
   8              		.eabi_attribute 26, 1
   9              		.eabi_attribute 30, 6
  10              		.eabi_attribute 34, 0
  11              		.eabi_attribute 18, 4
  12              		.code	16
  13              		.file	"arm_cmplx_conj_q31.c"
  14              		.text
  15              	.Ltext0:
  16              		.cfi_sections	.debug_frame
  17              		.section	.text.arm_cmplx_conj_q31,"ax",%progbits
  18              		.align	2
  19              		.global	arm_cmplx_conj_q31
  20              		.code	16
  21              		.thumb_func
  22              		.type	arm_cmplx_conj_q31, %function
  23              	arm_cmplx_conj_q31:
  24              	.LFB82:
  25              		.file 1 "Source\\ComplexMathFunctions\\arm_cmplx_conj_q31.c"
   1:Source\ComplexMathFunctions/arm_cmplx_conj_q31.c **** /* ----------------------------------------------------------------------
   2:Source\ComplexMathFunctions/arm_cmplx_conj_q31.c ****  * Project:      CMSIS DSP Library
   3:Source\ComplexMathFunctions/arm_cmplx_conj_q31.c ****  * Title:        arm_cmplx_conj_q31.c
   4:Source\ComplexMathFunctions/arm_cmplx_conj_q31.c ****  * Description:  Q31 complex conjugate
   5:Source\ComplexMathFunctions/arm_cmplx_conj_q31.c ****  *
   6:Source\ComplexMathFunctions/arm_cmplx_conj_q31.c ****  * $Date:        27. January 2017
   7:Source\ComplexMathFunctions/arm_cmplx_conj_q31.c ****  * $Revision:    V.1.5.1
   8:Source\ComplexMathFunctions/arm_cmplx_conj_q31.c ****  *
   9:Source\ComplexMathFunctions/arm_cmplx_conj_q31.c ****  * Target Processor: Cortex-M cores
  10:Source\ComplexMathFunctions/arm_cmplx_conj_q31.c ****  * -------------------------------------------------------------------- */
  11:Source\ComplexMathFunctions/arm_cmplx_conj_q31.c **** /*
  12:Source\ComplexMathFunctions/arm_cmplx_conj_q31.c ****  * Copyright (C) 2010-2017 ARM Limited or its affiliates. All rights reserved.
  13:Source\ComplexMathFunctions/arm_cmplx_conj_q31.c ****  *
  14:Source\ComplexMathFunctions/arm_cmplx_conj_q31.c ****  * SPDX-License-Identifier: Apache-2.0
  15:Source\ComplexMathFunctions/arm_cmplx_conj_q31.c ****  *
  16:Source\ComplexMathFunctions/arm_cmplx_conj_q31.c ****  * Licensed under the Apache License, Version 2.0 (the License); you may
  17:Source\ComplexMathFunctions/arm_cmplx_conj_q31.c ****  * not use this file except in compliance with the License.
  18:Source\ComplexMathFunctions/arm_cmplx_conj_q31.c ****  * You may obtain a copy of the License at
  19:Source\ComplexMathFunctions/arm_cmplx_conj_q31.c ****  *
  20:Source\ComplexMathFunctions/arm_cmplx_conj_q31.c ****  * www.apache.org/licenses/LICENSE-2.0
  21:Source\ComplexMathFunctions/arm_cmplx_conj_q31.c ****  *
  22:Source\ComplexMathFunctions/arm_cmplx_conj_q31.c ****  * Unless required by applicable law or agreed to in writing, software
  23:Source\ComplexMathFunctions/arm_cmplx_conj_q31.c ****  * distributed under the License is distributed on an AS IS BASIS, WITHOUT
  24:Source\ComplexMathFunctions/arm_cmplx_conj_q31.c ****  * WARRANTIES OR CONDITIONS OF ANY KIND, either express or implied.
  25:Source\ComplexMathFunctions/arm_cmplx_conj_q31.c ****  * See the License for the specific language governing permissions and
  26:Source\ComplexMathFunctions/arm_cmplx_conj_q31.c ****  * limitations under the License.
  27:Source\ComplexMathFunctions/arm_cmplx_conj_q31.c ****  */
  28:Source\ComplexMathFunctions/arm_cmplx_conj_q31.c **** 
  29:Source\ComplexMathFunctions/arm_cmplx_conj_q31.c **** #include "arm_math.h"
  30:Source\ComplexMathFunctions/arm_cmplx_conj_q31.c **** 
  31:Source\ComplexMathFunctions/arm_cmplx_conj_q31.c **** /**
  32:Source\ComplexMathFunctions/arm_cmplx_conj_q31.c ****  * @ingroup groupCmplxMath
ARM GAS  C:\Users\fneves\AppData\Local\Temp\ccu9Fi1W.s 			page 2


  33:Source\ComplexMathFunctions/arm_cmplx_conj_q31.c ****  */
  34:Source\ComplexMathFunctions/arm_cmplx_conj_q31.c **** 
  35:Source\ComplexMathFunctions/arm_cmplx_conj_q31.c **** /**
  36:Source\ComplexMathFunctions/arm_cmplx_conj_q31.c ****  * @addtogroup cmplx_conj
  37:Source\ComplexMathFunctions/arm_cmplx_conj_q31.c ****  * @{
  38:Source\ComplexMathFunctions/arm_cmplx_conj_q31.c ****  */
  39:Source\ComplexMathFunctions/arm_cmplx_conj_q31.c **** 
  40:Source\ComplexMathFunctions/arm_cmplx_conj_q31.c **** /**
  41:Source\ComplexMathFunctions/arm_cmplx_conj_q31.c ****  * @brief  Q31 complex conjugate.
  42:Source\ComplexMathFunctions/arm_cmplx_conj_q31.c ****  * @param  *pSrc points to the input vector
  43:Source\ComplexMathFunctions/arm_cmplx_conj_q31.c ****  * @param  *pDst points to the output vector
  44:Source\ComplexMathFunctions/arm_cmplx_conj_q31.c ****  * @param  numSamples number of complex samples in each vector
  45:Source\ComplexMathFunctions/arm_cmplx_conj_q31.c ****  * @return none.
  46:Source\ComplexMathFunctions/arm_cmplx_conj_q31.c ****  *
  47:Source\ComplexMathFunctions/arm_cmplx_conj_q31.c ****  * <b>Scaling and Overflow Behavior:</b>
  48:Source\ComplexMathFunctions/arm_cmplx_conj_q31.c ****  * \par
  49:Source\ComplexMathFunctions/arm_cmplx_conj_q31.c ****  * The function uses saturating arithmetic.
  50:Source\ComplexMathFunctions/arm_cmplx_conj_q31.c ****  * The Q31 value -1 (0x80000000) will be saturated to the maximum allowable positive value 0x7FFFFF
  51:Source\ComplexMathFunctions/arm_cmplx_conj_q31.c ****  */
  52:Source\ComplexMathFunctions/arm_cmplx_conj_q31.c **** 
  53:Source\ComplexMathFunctions/arm_cmplx_conj_q31.c **** void arm_cmplx_conj_q31(
  54:Source\ComplexMathFunctions/arm_cmplx_conj_q31.c ****   q31_t * pSrc,
  55:Source\ComplexMathFunctions/arm_cmplx_conj_q31.c ****   q31_t * pDst,
  56:Source\ComplexMathFunctions/arm_cmplx_conj_q31.c ****   uint32_t numSamples)
  57:Source\ComplexMathFunctions/arm_cmplx_conj_q31.c **** {
  26              		.loc 1 57 0
  27              		.cfi_startproc
  28 0000 80B5     		push	{r7, lr}
  29              		.cfi_def_cfa_offset 8
  30              		.cfi_offset 7, -8
  31              		.cfi_offset 14, -4
  32 0002 86B0     		sub	sp, sp, #24
  33              		.cfi_def_cfa_offset 32
  34 0004 00AF     		add	r7, sp, #0
  35              		.cfi_def_cfa_register 7
  36 0006 F860     		str	r0, [r7, #12]
  37 0008 B960     		str	r1, [r7, #8]
  38 000a 7A60     		str	r2, [r7, #4]
  58:Source\ComplexMathFunctions/arm_cmplx_conj_q31.c ****   uint32_t blkCnt;                               /* loop counter */
  59:Source\ComplexMathFunctions/arm_cmplx_conj_q31.c ****   q31_t in;                                      /* Input value */
  60:Source\ComplexMathFunctions/arm_cmplx_conj_q31.c **** 
  61:Source\ComplexMathFunctions/arm_cmplx_conj_q31.c **** #if defined (ARM_MATH_DSP)
  62:Source\ComplexMathFunctions/arm_cmplx_conj_q31.c **** 
  63:Source\ComplexMathFunctions/arm_cmplx_conj_q31.c ****   /* Run the below code for Cortex-M4 and Cortex-M3 */
  64:Source\ComplexMathFunctions/arm_cmplx_conj_q31.c ****   q31_t inR1, inR2, inR3, inR4;                  /* Temporary real variables */
  65:Source\ComplexMathFunctions/arm_cmplx_conj_q31.c ****   q31_t inI1, inI2, inI3, inI4;                  /* Temporary imaginary variables */
  66:Source\ComplexMathFunctions/arm_cmplx_conj_q31.c **** 
  67:Source\ComplexMathFunctions/arm_cmplx_conj_q31.c ****   /*loop Unrolling */
  68:Source\ComplexMathFunctions/arm_cmplx_conj_q31.c ****   blkCnt = numSamples >> 2u;
  69:Source\ComplexMathFunctions/arm_cmplx_conj_q31.c **** 
  70:Source\ComplexMathFunctions/arm_cmplx_conj_q31.c ****   /* First part of the processing with loop unrolling.  Compute 4 outputs at a time.
  71:Source\ComplexMathFunctions/arm_cmplx_conj_q31.c ****    ** a second loop below computes the remaining 1 to 3 samples. */
  72:Source\ComplexMathFunctions/arm_cmplx_conj_q31.c ****   while (blkCnt > 0u)
  73:Source\ComplexMathFunctions/arm_cmplx_conj_q31.c ****   {
  74:Source\ComplexMathFunctions/arm_cmplx_conj_q31.c ****     /* C[0]+jC[1] = A[0]+ j (-1) A[1] */
  75:Source\ComplexMathFunctions/arm_cmplx_conj_q31.c ****     /* Calculate Complex Conjugate and then store the results in the destination buffer. */
  76:Source\ComplexMathFunctions/arm_cmplx_conj_q31.c ****     /* Saturated to 0x7fffffff if the input is -1(0x80000000) */
ARM GAS  C:\Users\fneves\AppData\Local\Temp\ccu9Fi1W.s 			page 3


  77:Source\ComplexMathFunctions/arm_cmplx_conj_q31.c ****     /* read real input sample */
  78:Source\ComplexMathFunctions/arm_cmplx_conj_q31.c ****     inR1 = pSrc[0];
  79:Source\ComplexMathFunctions/arm_cmplx_conj_q31.c ****     /* store real input sample */
  80:Source\ComplexMathFunctions/arm_cmplx_conj_q31.c ****     pDst[0] = inR1;
  81:Source\ComplexMathFunctions/arm_cmplx_conj_q31.c **** 
  82:Source\ComplexMathFunctions/arm_cmplx_conj_q31.c ****     /* read imaginary input sample */
  83:Source\ComplexMathFunctions/arm_cmplx_conj_q31.c ****     inI1 = pSrc[1];
  84:Source\ComplexMathFunctions/arm_cmplx_conj_q31.c **** 
  85:Source\ComplexMathFunctions/arm_cmplx_conj_q31.c ****     /* read real input sample */
  86:Source\ComplexMathFunctions/arm_cmplx_conj_q31.c ****     inR2 = pSrc[2];
  87:Source\ComplexMathFunctions/arm_cmplx_conj_q31.c ****     /* store real input sample */
  88:Source\ComplexMathFunctions/arm_cmplx_conj_q31.c ****     pDst[2] = inR2;
  89:Source\ComplexMathFunctions/arm_cmplx_conj_q31.c **** 
  90:Source\ComplexMathFunctions/arm_cmplx_conj_q31.c ****     /* read imaginary input sample */
  91:Source\ComplexMathFunctions/arm_cmplx_conj_q31.c ****     inI2 = pSrc[3];
  92:Source\ComplexMathFunctions/arm_cmplx_conj_q31.c **** 
  93:Source\ComplexMathFunctions/arm_cmplx_conj_q31.c ****     /* negate imaginary input sample */
  94:Source\ComplexMathFunctions/arm_cmplx_conj_q31.c ****     inI1 = __QSUB(0, inI1);
  95:Source\ComplexMathFunctions/arm_cmplx_conj_q31.c **** 
  96:Source\ComplexMathFunctions/arm_cmplx_conj_q31.c ****     /* read real input sample */
  97:Source\ComplexMathFunctions/arm_cmplx_conj_q31.c ****     inR3 = pSrc[4];
  98:Source\ComplexMathFunctions/arm_cmplx_conj_q31.c ****     /* store real input sample */
  99:Source\ComplexMathFunctions/arm_cmplx_conj_q31.c ****     pDst[4] = inR3;
 100:Source\ComplexMathFunctions/arm_cmplx_conj_q31.c **** 
 101:Source\ComplexMathFunctions/arm_cmplx_conj_q31.c ****     /* read imaginary input sample */
 102:Source\ComplexMathFunctions/arm_cmplx_conj_q31.c ****     inI3 = pSrc[5];
 103:Source\ComplexMathFunctions/arm_cmplx_conj_q31.c **** 
 104:Source\ComplexMathFunctions/arm_cmplx_conj_q31.c ****     /* negate imaginary input sample */
 105:Source\ComplexMathFunctions/arm_cmplx_conj_q31.c ****     inI2 = __QSUB(0, inI2);
 106:Source\ComplexMathFunctions/arm_cmplx_conj_q31.c **** 
 107:Source\ComplexMathFunctions/arm_cmplx_conj_q31.c ****     /* read real input sample */
 108:Source\ComplexMathFunctions/arm_cmplx_conj_q31.c ****     inR4 = pSrc[6];
 109:Source\ComplexMathFunctions/arm_cmplx_conj_q31.c ****     /* store real input sample */
 110:Source\ComplexMathFunctions/arm_cmplx_conj_q31.c ****     pDst[6] = inR4;
 111:Source\ComplexMathFunctions/arm_cmplx_conj_q31.c **** 
 112:Source\ComplexMathFunctions/arm_cmplx_conj_q31.c ****     /* negate imaginary input sample */
 113:Source\ComplexMathFunctions/arm_cmplx_conj_q31.c ****     inI3 = __QSUB(0, inI3);
 114:Source\ComplexMathFunctions/arm_cmplx_conj_q31.c **** 
 115:Source\ComplexMathFunctions/arm_cmplx_conj_q31.c ****     /* store imaginary input sample */
 116:Source\ComplexMathFunctions/arm_cmplx_conj_q31.c ****     inI4 = pSrc[7];
 117:Source\ComplexMathFunctions/arm_cmplx_conj_q31.c **** 
 118:Source\ComplexMathFunctions/arm_cmplx_conj_q31.c ****     /* store imaginary input samples */
 119:Source\ComplexMathFunctions/arm_cmplx_conj_q31.c ****     pDst[1] = inI1;
 120:Source\ComplexMathFunctions/arm_cmplx_conj_q31.c **** 
 121:Source\ComplexMathFunctions/arm_cmplx_conj_q31.c ****     /* negate imaginary input sample */
 122:Source\ComplexMathFunctions/arm_cmplx_conj_q31.c ****     inI4 = __QSUB(0, inI4);
 123:Source\ComplexMathFunctions/arm_cmplx_conj_q31.c **** 
 124:Source\ComplexMathFunctions/arm_cmplx_conj_q31.c ****     /* store imaginary input samples */
 125:Source\ComplexMathFunctions/arm_cmplx_conj_q31.c ****     pDst[3] = inI2;
 126:Source\ComplexMathFunctions/arm_cmplx_conj_q31.c **** 
 127:Source\ComplexMathFunctions/arm_cmplx_conj_q31.c ****     /* increment source pointer by 8 to proecess next samples */
 128:Source\ComplexMathFunctions/arm_cmplx_conj_q31.c ****     pSrc += 8u;
 129:Source\ComplexMathFunctions/arm_cmplx_conj_q31.c **** 
 130:Source\ComplexMathFunctions/arm_cmplx_conj_q31.c ****     /* store imaginary input samples */
 131:Source\ComplexMathFunctions/arm_cmplx_conj_q31.c ****     pDst[5] = inI3;
 132:Source\ComplexMathFunctions/arm_cmplx_conj_q31.c ****     pDst[7] = inI4;
 133:Source\ComplexMathFunctions/arm_cmplx_conj_q31.c **** 
ARM GAS  C:\Users\fneves\AppData\Local\Temp\ccu9Fi1W.s 			page 4


 134:Source\ComplexMathFunctions/arm_cmplx_conj_q31.c ****     /* increment destination pointer by 8 to process next samples */
 135:Source\ComplexMathFunctions/arm_cmplx_conj_q31.c ****     pDst += 8u;
 136:Source\ComplexMathFunctions/arm_cmplx_conj_q31.c **** 
 137:Source\ComplexMathFunctions/arm_cmplx_conj_q31.c ****     /* Decrement the loop counter */
 138:Source\ComplexMathFunctions/arm_cmplx_conj_q31.c ****     blkCnt--;
 139:Source\ComplexMathFunctions/arm_cmplx_conj_q31.c ****   }
 140:Source\ComplexMathFunctions/arm_cmplx_conj_q31.c **** 
 141:Source\ComplexMathFunctions/arm_cmplx_conj_q31.c ****   /* If the numSamples is not a multiple of 4, compute any remaining output samples here.
 142:Source\ComplexMathFunctions/arm_cmplx_conj_q31.c ****    ** No loop unrolling is used. */
 143:Source\ComplexMathFunctions/arm_cmplx_conj_q31.c ****   blkCnt = numSamples % 0x4u;
 144:Source\ComplexMathFunctions/arm_cmplx_conj_q31.c **** 
 145:Source\ComplexMathFunctions/arm_cmplx_conj_q31.c **** #else
 146:Source\ComplexMathFunctions/arm_cmplx_conj_q31.c **** 
 147:Source\ComplexMathFunctions/arm_cmplx_conj_q31.c ****   /* Run the below code for Cortex-M0 */
 148:Source\ComplexMathFunctions/arm_cmplx_conj_q31.c ****   blkCnt = numSamples;
  39              		.loc 1 148 0
  40 000c 7B68     		ldr	r3, [r7, #4]
  41 000e 7B61     		str	r3, [r7, #20]
 149:Source\ComplexMathFunctions/arm_cmplx_conj_q31.c **** 
 150:Source\ComplexMathFunctions/arm_cmplx_conj_q31.c **** 
 151:Source\ComplexMathFunctions/arm_cmplx_conj_q31.c **** #endif /* #if defined (ARM_MATH_DSP) */
 152:Source\ComplexMathFunctions/arm_cmplx_conj_q31.c **** 
 153:Source\ComplexMathFunctions/arm_cmplx_conj_q31.c ****   while (blkCnt > 0u)
  42              		.loc 1 153 0
  43 0010 1CE0     		b	.L2
  44              	.L5:
 154:Source\ComplexMathFunctions/arm_cmplx_conj_q31.c ****   {
 155:Source\ComplexMathFunctions/arm_cmplx_conj_q31.c ****     /* C[0]+jC[1] = A[0]+ j (-1) A[1] */
 156:Source\ComplexMathFunctions/arm_cmplx_conj_q31.c ****     /* Calculate Complex Conjugate and then store the results in the destination buffer. */
 157:Source\ComplexMathFunctions/arm_cmplx_conj_q31.c ****     /* Saturated to 0x7fffffff if the input is -1(0x80000000) */
 158:Source\ComplexMathFunctions/arm_cmplx_conj_q31.c ****     *pDst++ = *pSrc++;
  45              		.loc 1 158 0
  46 0012 BB68     		ldr	r3, [r7, #8]
  47 0014 1A1D     		add	r2, r3, #4
  48 0016 BA60     		str	r2, [r7, #8]
  49 0018 FA68     		ldr	r2, [r7, #12]
  50 001a 111D     		add	r1, r2, #4
  51 001c F960     		str	r1, [r7, #12]
  52 001e 1268     		ldr	r2, [r2]
  53 0020 1A60     		str	r2, [r3]
 159:Source\ComplexMathFunctions/arm_cmplx_conj_q31.c ****     in = *pSrc++;
  54              		.loc 1 159 0
  55 0022 FB68     		ldr	r3, [r7, #12]
  56 0024 1A1D     		add	r2, r3, #4
  57 0026 FA60     		str	r2, [r7, #12]
  58 0028 1B68     		ldr	r3, [r3]
  59 002a 3B61     		str	r3, [r7, #16]
 160:Source\ComplexMathFunctions/arm_cmplx_conj_q31.c ****     *pDst++ = (in == INT32_MIN) ? INT32_MAX : -in;
  60              		.loc 1 160 0
  61 002c BB68     		ldr	r3, [r7, #8]
  62 002e 1A1D     		add	r2, r3, #4
  63 0030 BA60     		str	r2, [r7, #8]
  64 0032 3969     		ldr	r1, [r7, #16]
  65 0034 8022     		mov	r2, #128
  66 0036 1206     		lsl	r2, r2, #24
  67 0038 9142     		cmp	r1, r2
  68 003a 02D0     		beq	.L3
ARM GAS  C:\Users\fneves\AppData\Local\Temp\ccu9Fi1W.s 			page 5


  69              		.loc 1 160 0 is_stmt 0 discriminator 1
  70 003c 3A69     		ldr	r2, [r7, #16]
  71 003e 5242     		neg	r2, r2
  72 0040 00E0     		b	.L4
  73              	.L3:
  74              		.loc 1 160 0 discriminator 2
  75 0042 054A     		ldr	r2, .L6
  76              	.L4:
  77              		.loc 1 160 0 discriminator 4
  78 0044 1A60     		str	r2, [r3]
 161:Source\ComplexMathFunctions/arm_cmplx_conj_q31.c **** 
 162:Source\ComplexMathFunctions/arm_cmplx_conj_q31.c ****     /* Decrement the loop counter */
 163:Source\ComplexMathFunctions/arm_cmplx_conj_q31.c ****     blkCnt--;
  79              		.loc 1 163 0 is_stmt 1 discriminator 4
  80 0046 7B69     		ldr	r3, [r7, #20]
  81 0048 013B     		sub	r3, r3, #1
  82 004a 7B61     		str	r3, [r7, #20]
  83              	.L2:
 153:Source\ComplexMathFunctions/arm_cmplx_conj_q31.c ****   {
  84              		.loc 1 153 0
  85 004c 7B69     		ldr	r3, [r7, #20]
  86 004e 002B     		cmp	r3, #0
  87 0050 DFD1     		bne	.L5
 164:Source\ComplexMathFunctions/arm_cmplx_conj_q31.c ****   }
 165:Source\ComplexMathFunctions/arm_cmplx_conj_q31.c **** }
  88              		.loc 1 165 0
  89 0052 BD46     		mov	sp, r7
  90 0054 06B0     		add	sp, sp, #24
  91              		@ sp needed
  92 0056 80BD     		pop	{r7, pc}
  93              	.L7:
  94              		.align	2
  95              	.L6:
  96 0058 FFFFFF7F 		.word	2147483647
  97              		.cfi_endproc
  98              	.LFE82:
  99              		.size	arm_cmplx_conj_q31, .-arm_cmplx_conj_q31
 100              		.text
 101              	.Letext0:
 102              		.file 2 "c:\\program files (x86)\\cypress\\psoc creator\\4.0\\psoc creator\\import\\gnu\\arm\\4.9.
 103              		.file 3 "c:\\program files (x86)\\cypress\\psoc creator\\4.0\\psoc creator\\import\\gnu\\arm\\4.9.
 104              		.file 4 ".\\Include/arm_math.h"
 105              		.section	.debug_info,"",%progbits
 106              	.Ldebug_info0:
 107 0000 20010000 		.4byte	0x120
 108 0004 0400     		.2byte	0x4
 109 0006 00000000 		.4byte	.Ldebug_abbrev0
 110 000a 04       		.byte	0x4
 111 000b 01       		.uleb128 0x1
 112 000c 7D010000 		.4byte	.LASF23
 113 0010 01       		.byte	0x1
 114 0011 8A000000 		.4byte	.LASF24
 115 0015 16010000 		.4byte	.LASF25
 116 0019 00000000 		.4byte	.Ldebug_ranges0+0
 117 001d 00000000 		.4byte	0
 118 0021 00000000 		.4byte	.Ldebug_line0
 119 0025 02       		.uleb128 0x2
ARM GAS  C:\Users\fneves\AppData\Local\Temp\ccu9Fi1W.s 			page 6


 120 0026 01       		.byte	0x1
 121 0027 06       		.byte	0x6
 122 0028 F3000000 		.4byte	.LASF0
 123 002c 02       		.uleb128 0x2
 124 002d 01       		.byte	0x1
 125 002e 08       		.byte	0x8
 126 002f 7C000000 		.4byte	.LASF1
 127 0033 02       		.uleb128 0x2
 128 0034 02       		.byte	0x2
 129 0035 05       		.byte	0x5
 130 0036 65010000 		.4byte	.LASF2
 131 003a 02       		.uleb128 0x2
 132 003b 02       		.byte	0x2
 133 003c 07       		.byte	0x7
 134 003d E0000000 		.4byte	.LASF3
 135 0041 03       		.uleb128 0x3
 136 0042 5A000000 		.4byte	.LASF5
 137 0046 02       		.byte	0x2
 138 0047 3F       		.byte	0x3f
 139 0048 4C000000 		.4byte	0x4c
 140 004c 02       		.uleb128 0x2
 141 004d 04       		.byte	0x4
 142 004e 05       		.byte	0x5
 143 004f C4000000 		.4byte	.LASF4
 144 0053 03       		.uleb128 0x3
 145 0054 20000000 		.4byte	.LASF6
 146 0058 02       		.byte	0x2
 147 0059 41       		.byte	0x41
 148 005a 5E000000 		.4byte	0x5e
 149 005e 02       		.uleb128 0x2
 150 005f 04       		.byte	0x4
 151 0060 07       		.byte	0x7
 152 0061 2B000000 		.4byte	.LASF7
 153 0065 02       		.uleb128 0x2
 154 0066 08       		.byte	0x8
 155 0067 05       		.byte	0x5
 156 0068 00000000 		.4byte	.LASF8
 157 006c 02       		.uleb128 0x2
 158 006d 08       		.byte	0x8
 159 006e 07       		.byte	0x7
 160 006f 3D000000 		.4byte	.LASF9
 161 0073 04       		.uleb128 0x4
 162 0074 04       		.byte	0x4
 163 0075 05       		.byte	0x5
 164 0076 696E7400 		.ascii	"int\000"
 165 007a 02       		.uleb128 0x2
 166 007b 04       		.byte	0x4
 167 007c 07       		.byte	0x7
 168 007d 0E000000 		.4byte	.LASF10
 169 0081 03       		.uleb128 0x3
 170 0082 6F010000 		.4byte	.LASF11
 171 0086 03       		.byte	0x3
 172 0087 2C       		.byte	0x2c
 173 0088 41000000 		.4byte	0x41
 174 008c 03       		.uleb128 0x3
 175 008d BB000000 		.4byte	.LASF12
 176 0091 03       		.byte	0x3
ARM GAS  C:\Users\fneves\AppData\Local\Temp\ccu9Fi1W.s 			page 7


 177 0092 2D       		.byte	0x2d
 178 0093 53000000 		.4byte	0x53
 179 0097 02       		.uleb128 0x2
 180 0098 04       		.byte	0x4
 181 0099 07       		.byte	0x7
 182 009a 5C010000 		.4byte	.LASF13
 183 009e 02       		.uleb128 0x2
 184 009f 01       		.byte	0x1
 185 00a0 08       		.byte	0x8
 186 00a1 77000000 		.4byte	.LASF14
 187 00a5 02       		.uleb128 0x2
 188 00a6 08       		.byte	0x8
 189 00a7 04       		.byte	0x4
 190 00a8 D2000000 		.4byte	.LASF15
 191 00ac 02       		.uleb128 0x2
 192 00ad 04       		.byte	0x4
 193 00ae 04       		.byte	0x4
 194 00af 54000000 		.4byte	.LASF16
 195 00b3 02       		.uleb128 0x2
 196 00b4 08       		.byte	0x8
 197 00b5 04       		.byte	0x4
 198 00b6 FF000000 		.4byte	.LASF17
 199 00ba 05       		.uleb128 0x5
 200 00bb 77010000 		.4byte	.LASF18
 201 00bf 04       		.byte	0x4
 202 00c0 9B01     		.2byte	0x19b
 203 00c2 81000000 		.4byte	0x81
 204 00c6 06       		.uleb128 0x6
 205 00c7 04       		.byte	0x4
 206 00c8 BA000000 		.4byte	0xba
 207 00cc 07       		.uleb128 0x7
 208 00cd 64000000 		.4byte	.LASF26
 209 00d1 01       		.byte	0x1
 210 00d2 35       		.byte	0x35
 211 00d3 00000000 		.4byte	.LFB82
 212 00d7 5C000000 		.4byte	.LFE82-.LFB82
 213 00db 01       		.uleb128 0x1
 214 00dc 9C       		.byte	0x9c
 215 00dd 08       		.uleb128 0x8
 216 00de CD000000 		.4byte	.LASF19
 217 00e2 01       		.byte	0x1
 218 00e3 36       		.byte	0x36
 219 00e4 C6000000 		.4byte	0xc6
 220 00e8 02       		.uleb128 0x2
 221 00e9 91       		.byte	0x91
 222 00ea 6C       		.sleb128 -20
 223 00eb 08       		.uleb128 0x8
 224 00ec 1B000000 		.4byte	.LASF20
 225 00f0 01       		.byte	0x1
 226 00f1 37       		.byte	0x37
 227 00f2 C6000000 		.4byte	0xc6
 228 00f6 02       		.uleb128 0x2
 229 00f7 91       		.byte	0x91
 230 00f8 68       		.sleb128 -24
 231 00f9 08       		.uleb128 0x8
 232 00fa 0B010000 		.4byte	.LASF21
 233 00fe 01       		.byte	0x1
ARM GAS  C:\Users\fneves\AppData\Local\Temp\ccu9Fi1W.s 			page 8


 234 00ff 38       		.byte	0x38
 235 0100 8C000000 		.4byte	0x8c
 236 0104 02       		.uleb128 0x2
 237 0105 91       		.byte	0x91
 238 0106 64       		.sleb128 -28
 239 0107 09       		.uleb128 0x9
 240 0108 D9000000 		.4byte	.LASF22
 241 010c 01       		.byte	0x1
 242 010d 3A       		.byte	0x3a
 243 010e 8C000000 		.4byte	0x8c
 244 0112 02       		.uleb128 0x2
 245 0113 91       		.byte	0x91
 246 0114 74       		.sleb128 -12
 247 0115 0A       		.uleb128 0xa
 248 0116 696E00   		.ascii	"in\000"
 249 0119 01       		.byte	0x1
 250 011a 3B       		.byte	0x3b
 251 011b BA000000 		.4byte	0xba
 252 011f 02       		.uleb128 0x2
 253 0120 91       		.byte	0x91
 254 0121 70       		.sleb128 -16
 255 0122 00       		.byte	0
 256 0123 00       		.byte	0
 257              		.section	.debug_abbrev,"",%progbits
 258              	.Ldebug_abbrev0:
 259 0000 01       		.uleb128 0x1
 260 0001 11       		.uleb128 0x11
 261 0002 01       		.byte	0x1
 262 0003 25       		.uleb128 0x25
 263 0004 0E       		.uleb128 0xe
 264 0005 13       		.uleb128 0x13
 265 0006 0B       		.uleb128 0xb
 266 0007 03       		.uleb128 0x3
 267 0008 0E       		.uleb128 0xe
 268 0009 1B       		.uleb128 0x1b
 269 000a 0E       		.uleb128 0xe
 270 000b 55       		.uleb128 0x55
 271 000c 17       		.uleb128 0x17
 272 000d 11       		.uleb128 0x11
 273 000e 01       		.uleb128 0x1
 274 000f 10       		.uleb128 0x10
 275 0010 17       		.uleb128 0x17
 276 0011 00       		.byte	0
 277 0012 00       		.byte	0
 278 0013 02       		.uleb128 0x2
 279 0014 24       		.uleb128 0x24
 280 0015 00       		.byte	0
 281 0016 0B       		.uleb128 0xb
 282 0017 0B       		.uleb128 0xb
 283 0018 3E       		.uleb128 0x3e
 284 0019 0B       		.uleb128 0xb
 285 001a 03       		.uleb128 0x3
 286 001b 0E       		.uleb128 0xe
 287 001c 00       		.byte	0
 288 001d 00       		.byte	0
 289 001e 03       		.uleb128 0x3
 290 001f 16       		.uleb128 0x16
ARM GAS  C:\Users\fneves\AppData\Local\Temp\ccu9Fi1W.s 			page 9


 291 0020 00       		.byte	0
 292 0021 03       		.uleb128 0x3
 293 0022 0E       		.uleb128 0xe
 294 0023 3A       		.uleb128 0x3a
 295 0024 0B       		.uleb128 0xb
 296 0025 3B       		.uleb128 0x3b
 297 0026 0B       		.uleb128 0xb
 298 0027 49       		.uleb128 0x49
 299 0028 13       		.uleb128 0x13
 300 0029 00       		.byte	0
 301 002a 00       		.byte	0
 302 002b 04       		.uleb128 0x4
 303 002c 24       		.uleb128 0x24
 304 002d 00       		.byte	0
 305 002e 0B       		.uleb128 0xb
 306 002f 0B       		.uleb128 0xb
 307 0030 3E       		.uleb128 0x3e
 308 0031 0B       		.uleb128 0xb
 309 0032 03       		.uleb128 0x3
 310 0033 08       		.uleb128 0x8
 311 0034 00       		.byte	0
 312 0035 00       		.byte	0
 313 0036 05       		.uleb128 0x5
 314 0037 16       		.uleb128 0x16
 315 0038 00       		.byte	0
 316 0039 03       		.uleb128 0x3
 317 003a 0E       		.uleb128 0xe
 318 003b 3A       		.uleb128 0x3a
 319 003c 0B       		.uleb128 0xb
 320 003d 3B       		.uleb128 0x3b
 321 003e 05       		.uleb128 0x5
 322 003f 49       		.uleb128 0x49
 323 0040 13       		.uleb128 0x13
 324 0041 00       		.byte	0
 325 0042 00       		.byte	0
 326 0043 06       		.uleb128 0x6
 327 0044 0F       		.uleb128 0xf
 328 0045 00       		.byte	0
 329 0046 0B       		.uleb128 0xb
 330 0047 0B       		.uleb128 0xb
 331 0048 49       		.uleb128 0x49
 332 0049 13       		.uleb128 0x13
 333 004a 00       		.byte	0
 334 004b 00       		.byte	0
 335 004c 07       		.uleb128 0x7
 336 004d 2E       		.uleb128 0x2e
 337 004e 01       		.byte	0x1
 338 004f 3F       		.uleb128 0x3f
 339 0050 19       		.uleb128 0x19
 340 0051 03       		.uleb128 0x3
 341 0052 0E       		.uleb128 0xe
 342 0053 3A       		.uleb128 0x3a
 343 0054 0B       		.uleb128 0xb
 344 0055 3B       		.uleb128 0x3b
 345 0056 0B       		.uleb128 0xb
 346 0057 27       		.uleb128 0x27
 347 0058 19       		.uleb128 0x19
ARM GAS  C:\Users\fneves\AppData\Local\Temp\ccu9Fi1W.s 			page 10


 348 0059 11       		.uleb128 0x11
 349 005a 01       		.uleb128 0x1
 350 005b 12       		.uleb128 0x12
 351 005c 06       		.uleb128 0x6
 352 005d 40       		.uleb128 0x40
 353 005e 18       		.uleb128 0x18
 354 005f 9742     		.uleb128 0x2117
 355 0061 19       		.uleb128 0x19
 356 0062 00       		.byte	0
 357 0063 00       		.byte	0
 358 0064 08       		.uleb128 0x8
 359 0065 05       		.uleb128 0x5
 360 0066 00       		.byte	0
 361 0067 03       		.uleb128 0x3
 362 0068 0E       		.uleb128 0xe
 363 0069 3A       		.uleb128 0x3a
 364 006a 0B       		.uleb128 0xb
 365 006b 3B       		.uleb128 0x3b
 366 006c 0B       		.uleb128 0xb
 367 006d 49       		.uleb128 0x49
 368 006e 13       		.uleb128 0x13
 369 006f 02       		.uleb128 0x2
 370 0070 18       		.uleb128 0x18
 371 0071 00       		.byte	0
 372 0072 00       		.byte	0
 373 0073 09       		.uleb128 0x9
 374 0074 34       		.uleb128 0x34
 375 0075 00       		.byte	0
 376 0076 03       		.uleb128 0x3
 377 0077 0E       		.uleb128 0xe
 378 0078 3A       		.uleb128 0x3a
 379 0079 0B       		.uleb128 0xb
 380 007a 3B       		.uleb128 0x3b
 381 007b 0B       		.uleb128 0xb
 382 007c 49       		.uleb128 0x49
 383 007d 13       		.uleb128 0x13
 384 007e 02       		.uleb128 0x2
 385 007f 18       		.uleb128 0x18
 386 0080 00       		.byte	0
 387 0081 00       		.byte	0
 388 0082 0A       		.uleb128 0xa
 389 0083 34       		.uleb128 0x34
 390 0084 00       		.byte	0
 391 0085 03       		.uleb128 0x3
 392 0086 08       		.uleb128 0x8
 393 0087 3A       		.uleb128 0x3a
 394 0088 0B       		.uleb128 0xb
 395 0089 3B       		.uleb128 0x3b
 396 008a 0B       		.uleb128 0xb
 397 008b 49       		.uleb128 0x49
 398 008c 13       		.uleb128 0x13
 399 008d 02       		.uleb128 0x2
 400 008e 18       		.uleb128 0x18
 401 008f 00       		.byte	0
 402 0090 00       		.byte	0
 403 0091 00       		.byte	0
 404              		.section	.debug_aranges,"",%progbits
ARM GAS  C:\Users\fneves\AppData\Local\Temp\ccu9Fi1W.s 			page 11


 405 0000 1C000000 		.4byte	0x1c
 406 0004 0200     		.2byte	0x2
 407 0006 00000000 		.4byte	.Ldebug_info0
 408 000a 04       		.byte	0x4
 409 000b 00       		.byte	0
 410 000c 0000     		.2byte	0
 411 000e 0000     		.2byte	0
 412 0010 00000000 		.4byte	.LFB82
 413 0014 5C000000 		.4byte	.LFE82-.LFB82
 414 0018 00000000 		.4byte	0
 415 001c 00000000 		.4byte	0
 416              		.section	.debug_ranges,"",%progbits
 417              	.Ldebug_ranges0:
 418 0000 00000000 		.4byte	.LFB82
 419 0004 5C000000 		.4byte	.LFE82
 420 0008 00000000 		.4byte	0
 421 000c 00000000 		.4byte	0
 422              		.section	.debug_line,"",%progbits
 423              	.Ldebug_line0:
 424 0000 90010000 		.section	.debug_str,"MS",%progbits,1
 424      02005701 
 424      00000201 
 424      FB0E0D00 
 424      01010101 
 425              	.LASF8:
 426 0000 6C6F6E67 		.ascii	"long long int\000"
 426      206C6F6E 
 426      6720696E 
 426      7400
 427              	.LASF10:
 428 000e 756E7369 		.ascii	"unsigned int\000"
 428      676E6564 
 428      20696E74 
 428      00
 429              	.LASF20:
 430 001b 70447374 		.ascii	"pDst\000"
 430      00
 431              	.LASF6:
 432 0020 5F5F7569 		.ascii	"__uint32_t\000"
 432      6E743332 
 432      5F7400
 433              	.LASF7:
 434 002b 6C6F6E67 		.ascii	"long unsigned int\000"
 434      20756E73 
 434      69676E65 
 434      6420696E 
 434      7400
 435              	.LASF9:
 436 003d 6C6F6E67 		.ascii	"long long unsigned int\000"
 436      206C6F6E 
 436      6720756E 
 436      7369676E 
 436      65642069 
 437              	.LASF16:
 438 0054 666C6F61 		.ascii	"float\000"
 438      7400
 439              	.LASF5:
ARM GAS  C:\Users\fneves\AppData\Local\Temp\ccu9Fi1W.s 			page 12


 440 005a 5F5F696E 		.ascii	"__int32_t\000"
 440      7433325F 
 440      7400
 441              	.LASF26:
 442 0064 61726D5F 		.ascii	"arm_cmplx_conj_q31\000"
 442      636D706C 
 442      785F636F 
 442      6E6A5F71 
 442      333100
 443              	.LASF14:
 444 0077 63686172 		.ascii	"char\000"
 444      00
 445              	.LASF1:
 446 007c 756E7369 		.ascii	"unsigned char\000"
 446      676E6564 
 446      20636861 
 446      7200
 447              	.LASF24:
 448 008a 536F7572 		.ascii	"Source\\ComplexMathFunctions\\arm_cmplx_conj_q31.c\000"
 448      63655C43 
 448      6F6D706C 
 448      65784D61 
 448      74684675 
 449              	.LASF12:
 450 00bb 75696E74 		.ascii	"uint32_t\000"
 450      33325F74 
 450      00
 451              	.LASF4:
 452 00c4 6C6F6E67 		.ascii	"long int\000"
 452      20696E74 
 452      00
 453              	.LASF19:
 454 00cd 70537263 		.ascii	"pSrc\000"
 454      00
 455              	.LASF15:
 456 00d2 646F7562 		.ascii	"double\000"
 456      6C6500
 457              	.LASF22:
 458 00d9 626C6B43 		.ascii	"blkCnt\000"
 458      6E7400
 459              	.LASF3:
 460 00e0 73686F72 		.ascii	"short unsigned int\000"
 460      7420756E 
 460      7369676E 
 460      65642069 
 460      6E7400
 461              	.LASF0:
 462 00f3 7369676E 		.ascii	"signed char\000"
 462      65642063 
 462      68617200 
 463              	.LASF17:
 464 00ff 6C6F6E67 		.ascii	"long double\000"
 464      20646F75 
 464      626C6500 
 465              	.LASF21:
 466 010b 6E756D53 		.ascii	"numSamples\000"
 466      616D706C 
ARM GAS  C:\Users\fneves\AppData\Local\Temp\ccu9Fi1W.s 			page 13


 466      657300
 467              	.LASF25:
 468 0116 433A5C55 		.ascii	"C:\\Users\\fneves\\Documents\\PSoC Creator\\wp_1\\e"
 468      73657273 
 468      5C666E65 
 468      7665735C 
 468      446F6375 
 469 0143 6E67696E 		.ascii	"ngine_speed_sensor.cydsn\000"
 469      655F7370 
 469      6565645F 
 469      73656E73 
 469      6F722E63 
 470              	.LASF13:
 471 015c 73697A65 		.ascii	"sizetype\000"
 471      74797065 
 471      00
 472              	.LASF2:
 473 0165 73686F72 		.ascii	"short int\000"
 473      7420696E 
 473      7400
 474              	.LASF11:
 475 016f 696E7433 		.ascii	"int32_t\000"
 475      325F7400 
 476              	.LASF18:
 477 0177 7133315F 		.ascii	"q31_t\000"
 477      7400
 478              	.LASF23:
 479 017d 474E5520 		.ascii	"GNU C 4.9.3 20150303 (release) [ARM/embedded-4_9-br"
 479      4320342E 
 479      392E3320 
 479      32303135 
 479      30333033 
 480 01b0 616E6368 		.ascii	"anch revision 221220] -mcpu=cortex-m0plus -mthumb -"
 480      20726576 
 480      6973696F 
 480      6E203232 
 480      31323230 
 481 01e3 67202D4F 		.ascii	"g -O0 -ffunction-sections -ffat-lto-objects\000"
 481      30202D66 
 481      66756E63 
 481      74696F6E 
 481      2D736563 
 482              		.ident	"GCC: (GNU Tools for ARM Embedded Processors) 4.9.3 20150303 (release) [ARM/embedded-4_9-br
