ARM GAS  C:\Users\fneves\AppData\Local\Temp\ccfAgPwK.s 			page 1


   1              		.cpu cortex-m0plus
   2              		.fpu softvfp
   3              		.eabi_attribute 20, 1
   4              		.eabi_attribute 21, 1
   5              		.eabi_attribute 23, 3
   6              		.eabi_attribute 24, 1
   7              		.eabi_attribute 25, 1
   8              		.eabi_attribute 26, 1
   9              		.eabi_attribute 30, 6
  10              		.eabi_attribute 34, 0
  11              		.eabi_attribute 18, 4
  12              		.code	16
  13              		.file	"arm_fir_sparse_init_q31.c"
  14              		.text
  15              	.Ltext0:
  16              		.cfi_sections	.debug_frame
  17              		.section	.text.arm_fir_sparse_init_q31,"ax",%progbits
  18              		.align	2
  19              		.global	arm_fir_sparse_init_q31
  20              		.code	16
  21              		.thumb_func
  22              		.type	arm_fir_sparse_init_q31, %function
  23              	arm_fir_sparse_init_q31:
  24              	.LFB82:
  25              		.file 1 "Source\\FilteringFunctions\\arm_fir_sparse_init_q31.c"
   1:Source\FilteringFunctions/arm_fir_sparse_init_q31.c **** /* ----------------------------------------------------------------------
   2:Source\FilteringFunctions/arm_fir_sparse_init_q31.c ****  * Project:      CMSIS DSP Library
   3:Source\FilteringFunctions/arm_fir_sparse_init_q31.c ****  * Title:        arm_fir_sparse_init_q31.c
   4:Source\FilteringFunctions/arm_fir_sparse_init_q31.c ****  * Description:  Q31 sparse FIR filter initialization function
   5:Source\FilteringFunctions/arm_fir_sparse_init_q31.c ****  *
   6:Source\FilteringFunctions/arm_fir_sparse_init_q31.c ****  * $Date:        27. January 2017
   7:Source\FilteringFunctions/arm_fir_sparse_init_q31.c ****  * $Revision:    V.1.5.1
   8:Source\FilteringFunctions/arm_fir_sparse_init_q31.c ****  *
   9:Source\FilteringFunctions/arm_fir_sparse_init_q31.c ****  * Target Processor: Cortex-M cores
  10:Source\FilteringFunctions/arm_fir_sparse_init_q31.c ****  * -------------------------------------------------------------------- */
  11:Source\FilteringFunctions/arm_fir_sparse_init_q31.c **** /*
  12:Source\FilteringFunctions/arm_fir_sparse_init_q31.c ****  * Copyright (C) 2010-2017 ARM Limited or its affiliates. All rights reserved.
  13:Source\FilteringFunctions/arm_fir_sparse_init_q31.c ****  *
  14:Source\FilteringFunctions/arm_fir_sparse_init_q31.c ****  * SPDX-License-Identifier: Apache-2.0
  15:Source\FilteringFunctions/arm_fir_sparse_init_q31.c ****  *
  16:Source\FilteringFunctions/arm_fir_sparse_init_q31.c ****  * Licensed under the Apache License, Version 2.0 (the License); you may
  17:Source\FilteringFunctions/arm_fir_sparse_init_q31.c ****  * not use this file except in compliance with the License.
  18:Source\FilteringFunctions/arm_fir_sparse_init_q31.c ****  * You may obtain a copy of the License at
  19:Source\FilteringFunctions/arm_fir_sparse_init_q31.c ****  *
  20:Source\FilteringFunctions/arm_fir_sparse_init_q31.c ****  * www.apache.org/licenses/LICENSE-2.0
  21:Source\FilteringFunctions/arm_fir_sparse_init_q31.c ****  *
  22:Source\FilteringFunctions/arm_fir_sparse_init_q31.c ****  * Unless required by applicable law or agreed to in writing, software
  23:Source\FilteringFunctions/arm_fir_sparse_init_q31.c ****  * distributed under the License is distributed on an AS IS BASIS, WITHOUT
  24:Source\FilteringFunctions/arm_fir_sparse_init_q31.c ****  * WARRANTIES OR CONDITIONS OF ANY KIND, either express or implied.
  25:Source\FilteringFunctions/arm_fir_sparse_init_q31.c ****  * See the License for the specific language governing permissions and
  26:Source\FilteringFunctions/arm_fir_sparse_init_q31.c ****  * limitations under the License.
  27:Source\FilteringFunctions/arm_fir_sparse_init_q31.c ****  */
  28:Source\FilteringFunctions/arm_fir_sparse_init_q31.c **** 
  29:Source\FilteringFunctions/arm_fir_sparse_init_q31.c **** #include "arm_math.h"
  30:Source\FilteringFunctions/arm_fir_sparse_init_q31.c **** 
  31:Source\FilteringFunctions/arm_fir_sparse_init_q31.c **** /**
  32:Source\FilteringFunctions/arm_fir_sparse_init_q31.c ****  * @ingroup groupFilters
ARM GAS  C:\Users\fneves\AppData\Local\Temp\ccfAgPwK.s 			page 2


  33:Source\FilteringFunctions/arm_fir_sparse_init_q31.c ****  */
  34:Source\FilteringFunctions/arm_fir_sparse_init_q31.c **** 
  35:Source\FilteringFunctions/arm_fir_sparse_init_q31.c **** /**
  36:Source\FilteringFunctions/arm_fir_sparse_init_q31.c ****  * @addtogroup FIR_Sparse
  37:Source\FilteringFunctions/arm_fir_sparse_init_q31.c ****  * @{
  38:Source\FilteringFunctions/arm_fir_sparse_init_q31.c ****  */
  39:Source\FilteringFunctions/arm_fir_sparse_init_q31.c **** 
  40:Source\FilteringFunctions/arm_fir_sparse_init_q31.c **** /**
  41:Source\FilteringFunctions/arm_fir_sparse_init_q31.c ****  * @brief  Initialization function for the Q31 sparse FIR filter.
  42:Source\FilteringFunctions/arm_fir_sparse_init_q31.c ****  * @param[in,out] *S         points to an instance of the Q31 sparse FIR structure.
  43:Source\FilteringFunctions/arm_fir_sparse_init_q31.c ****  * @param[in]     numTaps    number of nonzero coefficients in the filter.
  44:Source\FilteringFunctions/arm_fir_sparse_init_q31.c ****  * @param[in]     *pCoeffs   points to the array of filter coefficients.
  45:Source\FilteringFunctions/arm_fir_sparse_init_q31.c ****  * @param[in]     *pState    points to the state buffer.
  46:Source\FilteringFunctions/arm_fir_sparse_init_q31.c ****  * @param[in]     *pTapDelay points to the array of offset times.
  47:Source\FilteringFunctions/arm_fir_sparse_init_q31.c ****  * @param[in]     maxDelay   maximum offset time supported.
  48:Source\FilteringFunctions/arm_fir_sparse_init_q31.c ****  * @param[in]     blockSize  number of samples that will be processed per block.
  49:Source\FilteringFunctions/arm_fir_sparse_init_q31.c ****  * @return none
  50:Source\FilteringFunctions/arm_fir_sparse_init_q31.c ****  *
  51:Source\FilteringFunctions/arm_fir_sparse_init_q31.c ****  * <b>Description:</b>
  52:Source\FilteringFunctions/arm_fir_sparse_init_q31.c ****  * \par
  53:Source\FilteringFunctions/arm_fir_sparse_init_q31.c ****  * <code>pCoeffs</code> holds the filter coefficients and has length <code>numTaps</code>.
  54:Source\FilteringFunctions/arm_fir_sparse_init_q31.c ****  * <code>pState</code> holds the filter's state variables and must be of length
  55:Source\FilteringFunctions/arm_fir_sparse_init_q31.c ****  * <code>maxDelay + blockSize</code>, where <code>maxDelay</code>
  56:Source\FilteringFunctions/arm_fir_sparse_init_q31.c ****  * is the maximum number of delay line values.
  57:Source\FilteringFunctions/arm_fir_sparse_init_q31.c ****  * <code>blockSize</code> is the number of words processed by <code>arm_fir_sparse_q31()</code> fun
  58:Source\FilteringFunctions/arm_fir_sparse_init_q31.c ****  */
  59:Source\FilteringFunctions/arm_fir_sparse_init_q31.c **** 
  60:Source\FilteringFunctions/arm_fir_sparse_init_q31.c **** void arm_fir_sparse_init_q31(
  61:Source\FilteringFunctions/arm_fir_sparse_init_q31.c ****   arm_fir_sparse_instance_q31 * S,
  62:Source\FilteringFunctions/arm_fir_sparse_init_q31.c ****   uint16_t numTaps,
  63:Source\FilteringFunctions/arm_fir_sparse_init_q31.c ****   q31_t * pCoeffs,
  64:Source\FilteringFunctions/arm_fir_sparse_init_q31.c ****   q31_t * pState,
  65:Source\FilteringFunctions/arm_fir_sparse_init_q31.c ****   int32_t * pTapDelay,
  66:Source\FilteringFunctions/arm_fir_sparse_init_q31.c ****   uint16_t maxDelay,
  67:Source\FilteringFunctions/arm_fir_sparse_init_q31.c ****   uint32_t blockSize)
  68:Source\FilteringFunctions/arm_fir_sparse_init_q31.c **** {
  26              		.loc 1 68 0
  27              		.cfi_startproc
  28 0000 80B5     		push	{r7, lr}
  29              		.cfi_def_cfa_offset 8
  30              		.cfi_offset 7, -8
  31              		.cfi_offset 14, -4
  32 0002 84B0     		sub	sp, sp, #16
  33              		.cfi_def_cfa_offset 24
  34 0004 00AF     		add	r7, sp, #0
  35              		.cfi_def_cfa_register 7
  36 0006 F860     		str	r0, [r7, #12]
  37 0008 7A60     		str	r2, [r7, #4]
  38 000a 3B60     		str	r3, [r7]
  39 000c 0A23     		mov	r3, #10
  40 000e FB18     		add	r3, r7, r3
  41 0010 0A1C     		add	r2, r1, #0
  42 0012 1A80     		strh	r2, [r3]
  69:Source\FilteringFunctions/arm_fir_sparse_init_q31.c ****   /* Assign filter taps */
  70:Source\FilteringFunctions/arm_fir_sparse_init_q31.c ****   S->numTaps = numTaps;
  43              		.loc 1 70 0
  44 0014 FB68     		ldr	r3, [r7, #12]
ARM GAS  C:\Users\fneves\AppData\Local\Temp\ccfAgPwK.s 			page 3


  45 0016 0A22     		mov	r2, #10
  46 0018 BA18     		add	r2, r7, r2
  47 001a 1288     		ldrh	r2, [r2]
  48 001c 1A80     		strh	r2, [r3]
  71:Source\FilteringFunctions/arm_fir_sparse_init_q31.c **** 
  72:Source\FilteringFunctions/arm_fir_sparse_init_q31.c ****   /* Assign coefficient pointer */
  73:Source\FilteringFunctions/arm_fir_sparse_init_q31.c ****   S->pCoeffs = pCoeffs;
  49              		.loc 1 73 0
  50 001e FB68     		ldr	r3, [r7, #12]
  51 0020 7A68     		ldr	r2, [r7, #4]
  52 0022 9A60     		str	r2, [r3, #8]
  74:Source\FilteringFunctions/arm_fir_sparse_init_q31.c **** 
  75:Source\FilteringFunctions/arm_fir_sparse_init_q31.c ****   /* Assign TapDelay pointer */
  76:Source\FilteringFunctions/arm_fir_sparse_init_q31.c ****   S->pTapDelay = pTapDelay;
  53              		.loc 1 76 0
  54 0024 FB68     		ldr	r3, [r7, #12]
  55 0026 BA69     		ldr	r2, [r7, #24]
  56 0028 1A61     		str	r2, [r3, #16]
  77:Source\FilteringFunctions/arm_fir_sparse_init_q31.c **** 
  78:Source\FilteringFunctions/arm_fir_sparse_init_q31.c ****   /* Assign MaxDelay */
  79:Source\FilteringFunctions/arm_fir_sparse_init_q31.c ****   S->maxDelay = maxDelay;
  57              		.loc 1 79 0
  58 002a FB68     		ldr	r3, [r7, #12]
  59 002c 1C22     		mov	r2, #28
  60 002e BA18     		add	r2, r7, r2
  61 0030 1288     		ldrh	r2, [r2]
  62 0032 9A81     		strh	r2, [r3, #12]
  80:Source\FilteringFunctions/arm_fir_sparse_init_q31.c **** 
  81:Source\FilteringFunctions/arm_fir_sparse_init_q31.c ****   /* reset the stateIndex to 0 */
  82:Source\FilteringFunctions/arm_fir_sparse_init_q31.c ****   S->stateIndex = 0u;
  63              		.loc 1 82 0
  64 0034 FB68     		ldr	r3, [r7, #12]
  65 0036 0022     		mov	r2, #0
  66 0038 5A80     		strh	r2, [r3, #2]
  83:Source\FilteringFunctions/arm_fir_sparse_init_q31.c **** 
  84:Source\FilteringFunctions/arm_fir_sparse_init_q31.c ****   /* Clear state buffer and size is always maxDelay + blockSize */
  85:Source\FilteringFunctions/arm_fir_sparse_init_q31.c ****   memset(pState, 0, (maxDelay + blockSize) * sizeof(q31_t));
  67              		.loc 1 85 0
  68 003a 1C23     		mov	r3, #28
  69 003c FB18     		add	r3, r7, r3
  70 003e 1A88     		ldrh	r2, [r3]
  71 0040 3B6A     		ldr	r3, [r7, #32]
  72 0042 D318     		add	r3, r2, r3
  73 0044 9B00     		lsl	r3, r3, #2
  74 0046 3A68     		ldr	r2, [r7]
  75 0048 101C     		mov	r0, r2
  76 004a 0021     		mov	r1, #0
  77 004c 1A1C     		mov	r2, r3
  78 004e FFF7FEFF 		bl	memset
  86:Source\FilteringFunctions/arm_fir_sparse_init_q31.c **** 
  87:Source\FilteringFunctions/arm_fir_sparse_init_q31.c ****   /* Assign state pointer */
  88:Source\FilteringFunctions/arm_fir_sparse_init_q31.c ****   S->pState = pState;
  79              		.loc 1 88 0
  80 0052 FB68     		ldr	r3, [r7, #12]
  81 0054 3A68     		ldr	r2, [r7]
  82 0056 5A60     		str	r2, [r3, #4]
  89:Source\FilteringFunctions/arm_fir_sparse_init_q31.c **** 
ARM GAS  C:\Users\fneves\AppData\Local\Temp\ccfAgPwK.s 			page 4


  90:Source\FilteringFunctions/arm_fir_sparse_init_q31.c **** }
  83              		.loc 1 90 0
  84 0058 BD46     		mov	sp, r7
  85 005a 04B0     		add	sp, sp, #16
  86              		@ sp needed
  87 005c 80BD     		pop	{r7, pc}
  88              		.cfi_endproc
  89              	.LFE82:
  90              		.size	arm_fir_sparse_init_q31, .-arm_fir_sparse_init_q31
  91 005e C046     		.text
  92              	.Letext0:
  93              		.file 2 "c:\\program files (x86)\\cypress\\psoc creator\\4.0\\psoc creator\\import\\gnu\\arm\\4.9.
  94              		.file 3 "c:\\program files (x86)\\cypress\\psoc creator\\4.0\\psoc creator\\import\\gnu\\arm\\4.9.
  95              		.file 4 ".\\Include/arm_math.h"
  96              		.section	.debug_info,"",%progbits
  97              	.Ldebug_info0:
  98 0000 C5010000 		.4byte	0x1c5
  99 0004 0400     		.2byte	0x4
 100 0006 00000000 		.4byte	.Ldebug_abbrev0
 101 000a 04       		.byte	0x4
 102 000b 01       		.uleb128 0x1
 103 000c 3B010000 		.4byte	.LASF29
 104 0010 01       		.byte	0x1
 105 0011 10000000 		.4byte	.LASF30
 106 0015 4E000000 		.4byte	.LASF31
 107 0019 00000000 		.4byte	.Ldebug_ranges0+0
 108 001d 00000000 		.4byte	0
 109 0021 00000000 		.4byte	.Ldebug_line0
 110 0025 02       		.uleb128 0x2
 111 0026 01       		.byte	0x1
 112 0027 06       		.byte	0x6
 113 0028 5E020000 		.4byte	.LASF0
 114 002c 02       		.uleb128 0x2
 115 002d 01       		.byte	0x1
 116 002e 08       		.byte	0x8
 117 002f C7000000 		.4byte	.LASF1
 118 0033 02       		.uleb128 0x2
 119 0034 02       		.byte	0x2
 120 0035 05       		.byte	0x5
 121 0036 1D020000 		.4byte	.LASF2
 122 003a 03       		.uleb128 0x3
 123 003b FA000000 		.4byte	.LASF4
 124 003f 02       		.byte	0x2
 125 0040 2B       		.byte	0x2b
 126 0041 45000000 		.4byte	0x45
 127 0045 02       		.uleb128 0x2
 128 0046 02       		.byte	0x2
 129 0047 07       		.byte	0x7
 130 0048 E7000000 		.4byte	.LASF3
 131 004c 03       		.uleb128 0x3
 132 004d 44000000 		.4byte	.LASF5
 133 0051 02       		.byte	0x2
 134 0052 3F       		.byte	0x3f
 135 0053 57000000 		.4byte	0x57
 136 0057 02       		.uleb128 0x2
 137 0058 04       		.byte	0x4
 138 0059 05       		.byte	0x5
ARM GAS  C:\Users\fneves\AppData\Local\Temp\ccfAgPwK.s 			page 5


 139 005a 49020000 		.4byte	.LASF6
 140 005e 03       		.uleb128 0x3
 141 005f 0C010000 		.4byte	.LASF7
 142 0063 02       		.byte	0x2
 143 0064 41       		.byte	0x41
 144 0065 69000000 		.4byte	0x69
 145 0069 02       		.uleb128 0x2
 146 006a 04       		.byte	0x4
 147 006b 07       		.byte	0x7
 148 006c D5000000 		.4byte	.LASF8
 149 0070 02       		.uleb128 0x2
 150 0071 08       		.byte	0x8
 151 0072 05       		.byte	0x5
 152 0073 F6010000 		.4byte	.LASF9
 153 0077 02       		.uleb128 0x2
 154 0078 08       		.byte	0x8
 155 0079 07       		.byte	0x7
 156 007a 24010000 		.4byte	.LASF10
 157 007e 04       		.uleb128 0x4
 158 007f 04       		.byte	0x4
 159 0080 05       		.byte	0x5
 160 0081 696E7400 		.ascii	"int\000"
 161 0085 02       		.uleb128 0x2
 162 0086 04       		.byte	0x4
 163 0087 07       		.byte	0x7
 164 0088 17010000 		.4byte	.LASF11
 165 008c 03       		.uleb128 0x3
 166 008d 2F020000 		.4byte	.LASF12
 167 0091 03       		.byte	0x3
 168 0092 21       		.byte	0x21
 169 0093 3A000000 		.4byte	0x3a
 170 0097 03       		.uleb128 0x3
 171 0098 E5010000 		.4byte	.LASF13
 172 009c 03       		.byte	0x3
 173 009d 2C       		.byte	0x2c
 174 009e 4C000000 		.4byte	0x4c
 175 00a2 03       		.uleb128 0x3
 176 00a3 40020000 		.4byte	.LASF14
 177 00a7 03       		.byte	0x3
 178 00a8 2D       		.byte	0x2d
 179 00a9 5E000000 		.4byte	0x5e
 180 00ad 02       		.uleb128 0x2
 181 00ae 04       		.byte	0x4
 182 00af 07       		.byte	0x7
 183 00b0 ED010000 		.4byte	.LASF15
 184 00b4 02       		.uleb128 0x2
 185 00b5 01       		.byte	0x1
 186 00b6 08       		.byte	0x8
 187 00b7 0E020000 		.4byte	.LASF16
 188 00bb 02       		.uleb128 0x2
 189 00bc 08       		.byte	0x8
 190 00bd 04       		.byte	0x4
 191 00be 05010000 		.4byte	.LASF17
 192 00c2 02       		.uleb128 0x2
 193 00c3 04       		.byte	0x4
 194 00c4 04       		.byte	0x4
 195 00c5 BB000000 		.4byte	.LASF18
ARM GAS  C:\Users\fneves\AppData\Local\Temp\ccfAgPwK.s 			page 6


 196 00c9 02       		.uleb128 0x2
 197 00ca 08       		.byte	0x8
 198 00cb 04       		.byte	0x4
 199 00cc 52020000 		.4byte	.LASF19
 200 00d0 05       		.uleb128 0x5
 201 00d1 C1000000 		.4byte	.LASF20
 202 00d5 04       		.byte	0x4
 203 00d6 9B01     		.2byte	0x19b
 204 00d8 97000000 		.4byte	0x97
 205 00dc 06       		.uleb128 0x6
 206 00dd 04       		.byte	0x4
 207 00de D0000000 		.4byte	0xd0
 208 00e2 06       		.uleb128 0x6
 209 00e3 04       		.byte	0x4
 210 00e4 97000000 		.4byte	0x97
 211 00e8 07       		.uleb128 0x7
 212 00e9 14       		.byte	0x14
 213 00ea 04       		.byte	0x4
 214 00eb 9C11     		.2byte	0x119c
 215 00ed 40010000 		.4byte	0x140
 216 00f1 08       		.uleb128 0x8
 217 00f2 27020000 		.4byte	.LASF21
 218 00f6 04       		.byte	0x4
 219 00f7 9E11     		.2byte	0x119e
 220 00f9 8C000000 		.4byte	0x8c
 221 00fd 00       		.byte	0
 222 00fe 08       		.uleb128 0x8
 223 00ff B0000000 		.4byte	.LASF22
 224 0103 04       		.byte	0x4
 225 0104 9F11     		.2byte	0x119f
 226 0106 8C000000 		.4byte	0x8c
 227 010a 02       		.byte	0x2
 228 010b 08       		.uleb128 0x8
 229 010c 09000000 		.4byte	.LASF23
 230 0110 04       		.byte	0x4
 231 0111 A011     		.2byte	0x11a0
 232 0113 DC000000 		.4byte	0xdc
 233 0117 04       		.byte	0x4
 234 0118 08       		.uleb128 0x8
 235 0119 38020000 		.4byte	.LASF24
 236 011d 04       		.byte	0x4
 237 011e A111     		.2byte	0x11a1
 238 0120 DC000000 		.4byte	0xdc
 239 0124 08       		.byte	0x8
 240 0125 08       		.uleb128 0x8
 241 0126 00000000 		.4byte	.LASF25
 242 012a 04       		.byte	0x4
 243 012b A211     		.2byte	0x11a2
 244 012d 8C000000 		.4byte	0x8c
 245 0131 0C       		.byte	0xc
 246 0132 08       		.uleb128 0x8
 247 0133 13020000 		.4byte	.LASF26
 248 0137 04       		.byte	0x4
 249 0138 A311     		.2byte	0x11a3
 250 013a E2000000 		.4byte	0xe2
 251 013e 10       		.byte	0x10
 252 013f 00       		.byte	0
ARM GAS  C:\Users\fneves\AppData\Local\Temp\ccfAgPwK.s 			page 7


 253 0140 05       		.uleb128 0x5
 254 0141 94000000 		.4byte	.LASF27
 255 0145 04       		.byte	0x4
 256 0146 A411     		.2byte	0x11a4
 257 0148 E8000000 		.4byte	0xe8
 258 014c 09       		.uleb128 0x9
 259 014d CD010000 		.4byte	.LASF32
 260 0151 01       		.byte	0x1
 261 0152 3C       		.byte	0x3c
 262 0153 00000000 		.4byte	.LFB82
 263 0157 5E000000 		.4byte	.LFE82-.LFB82
 264 015b 01       		.uleb128 0x1
 265 015c 9C       		.byte	0x9c
 266 015d C2010000 		.4byte	0x1c2
 267 0161 0A       		.uleb128 0xa
 268 0162 5300     		.ascii	"S\000"
 269 0164 01       		.byte	0x1
 270 0165 3D       		.byte	0x3d
 271 0166 C2010000 		.4byte	0x1c2
 272 016a 02       		.uleb128 0x2
 273 016b 91       		.byte	0x91
 274 016c 74       		.sleb128 -12
 275 016d 0B       		.uleb128 0xb
 276 016e 27020000 		.4byte	.LASF21
 277 0172 01       		.byte	0x1
 278 0173 3E       		.byte	0x3e
 279 0174 8C000000 		.4byte	0x8c
 280 0178 02       		.uleb128 0x2
 281 0179 91       		.byte	0x91
 282 017a 72       		.sleb128 -14
 283 017b 0B       		.uleb128 0xb
 284 017c 38020000 		.4byte	.LASF24
 285 0180 01       		.byte	0x1
 286 0181 3F       		.byte	0x3f
 287 0182 DC000000 		.4byte	0xdc
 288 0186 02       		.uleb128 0x2
 289 0187 91       		.byte	0x91
 290 0188 6C       		.sleb128 -20
 291 0189 0B       		.uleb128 0xb
 292 018a 09000000 		.4byte	.LASF23
 293 018e 01       		.byte	0x1
 294 018f 40       		.byte	0x40
 295 0190 DC000000 		.4byte	0xdc
 296 0194 02       		.uleb128 0x2
 297 0195 91       		.byte	0x91
 298 0196 68       		.sleb128 -24
 299 0197 0B       		.uleb128 0xb
 300 0198 13020000 		.4byte	.LASF26
 301 019c 01       		.byte	0x1
 302 019d 41       		.byte	0x41
 303 019e E2000000 		.4byte	0xe2
 304 01a2 02       		.uleb128 0x2
 305 01a3 91       		.byte	0x91
 306 01a4 00       		.sleb128 0
 307 01a5 0B       		.uleb128 0xb
 308 01a6 00000000 		.4byte	.LASF25
 309 01aa 01       		.byte	0x1
ARM GAS  C:\Users\fneves\AppData\Local\Temp\ccfAgPwK.s 			page 8


 310 01ab 42       		.byte	0x42
 311 01ac 8C000000 		.4byte	0x8c
 312 01b0 02       		.uleb128 0x2
 313 01b1 91       		.byte	0x91
 314 01b2 04       		.sleb128 4
 315 01b3 0B       		.uleb128 0xb
 316 01b4 04020000 		.4byte	.LASF28
 317 01b8 01       		.byte	0x1
 318 01b9 43       		.byte	0x43
 319 01ba A2000000 		.4byte	0xa2
 320 01be 02       		.uleb128 0x2
 321 01bf 91       		.byte	0x91
 322 01c0 08       		.sleb128 8
 323 01c1 00       		.byte	0
 324 01c2 06       		.uleb128 0x6
 325 01c3 04       		.byte	0x4
 326 01c4 40010000 		.4byte	0x140
 327 01c8 00       		.byte	0
 328              		.section	.debug_abbrev,"",%progbits
 329              	.Ldebug_abbrev0:
 330 0000 01       		.uleb128 0x1
 331 0001 11       		.uleb128 0x11
 332 0002 01       		.byte	0x1
 333 0003 25       		.uleb128 0x25
 334 0004 0E       		.uleb128 0xe
 335 0005 13       		.uleb128 0x13
 336 0006 0B       		.uleb128 0xb
 337 0007 03       		.uleb128 0x3
 338 0008 0E       		.uleb128 0xe
 339 0009 1B       		.uleb128 0x1b
 340 000a 0E       		.uleb128 0xe
 341 000b 55       		.uleb128 0x55
 342 000c 17       		.uleb128 0x17
 343 000d 11       		.uleb128 0x11
 344 000e 01       		.uleb128 0x1
 345 000f 10       		.uleb128 0x10
 346 0010 17       		.uleb128 0x17
 347 0011 00       		.byte	0
 348 0012 00       		.byte	0
 349 0013 02       		.uleb128 0x2
 350 0014 24       		.uleb128 0x24
 351 0015 00       		.byte	0
 352 0016 0B       		.uleb128 0xb
 353 0017 0B       		.uleb128 0xb
 354 0018 3E       		.uleb128 0x3e
 355 0019 0B       		.uleb128 0xb
 356 001a 03       		.uleb128 0x3
 357 001b 0E       		.uleb128 0xe
 358 001c 00       		.byte	0
 359 001d 00       		.byte	0
 360 001e 03       		.uleb128 0x3
 361 001f 16       		.uleb128 0x16
 362 0020 00       		.byte	0
 363 0021 03       		.uleb128 0x3
 364 0022 0E       		.uleb128 0xe
 365 0023 3A       		.uleb128 0x3a
 366 0024 0B       		.uleb128 0xb
ARM GAS  C:\Users\fneves\AppData\Local\Temp\ccfAgPwK.s 			page 9


 367 0025 3B       		.uleb128 0x3b
 368 0026 0B       		.uleb128 0xb
 369 0027 49       		.uleb128 0x49
 370 0028 13       		.uleb128 0x13
 371 0029 00       		.byte	0
 372 002a 00       		.byte	0
 373 002b 04       		.uleb128 0x4
 374 002c 24       		.uleb128 0x24
 375 002d 00       		.byte	0
 376 002e 0B       		.uleb128 0xb
 377 002f 0B       		.uleb128 0xb
 378 0030 3E       		.uleb128 0x3e
 379 0031 0B       		.uleb128 0xb
 380 0032 03       		.uleb128 0x3
 381 0033 08       		.uleb128 0x8
 382 0034 00       		.byte	0
 383 0035 00       		.byte	0
 384 0036 05       		.uleb128 0x5
 385 0037 16       		.uleb128 0x16
 386 0038 00       		.byte	0
 387 0039 03       		.uleb128 0x3
 388 003a 0E       		.uleb128 0xe
 389 003b 3A       		.uleb128 0x3a
 390 003c 0B       		.uleb128 0xb
 391 003d 3B       		.uleb128 0x3b
 392 003e 05       		.uleb128 0x5
 393 003f 49       		.uleb128 0x49
 394 0040 13       		.uleb128 0x13
 395 0041 00       		.byte	0
 396 0042 00       		.byte	0
 397 0043 06       		.uleb128 0x6
 398 0044 0F       		.uleb128 0xf
 399 0045 00       		.byte	0
 400 0046 0B       		.uleb128 0xb
 401 0047 0B       		.uleb128 0xb
 402 0048 49       		.uleb128 0x49
 403 0049 13       		.uleb128 0x13
 404 004a 00       		.byte	0
 405 004b 00       		.byte	0
 406 004c 07       		.uleb128 0x7
 407 004d 13       		.uleb128 0x13
 408 004e 01       		.byte	0x1
 409 004f 0B       		.uleb128 0xb
 410 0050 0B       		.uleb128 0xb
 411 0051 3A       		.uleb128 0x3a
 412 0052 0B       		.uleb128 0xb
 413 0053 3B       		.uleb128 0x3b
 414 0054 05       		.uleb128 0x5
 415 0055 01       		.uleb128 0x1
 416 0056 13       		.uleb128 0x13
 417 0057 00       		.byte	0
 418 0058 00       		.byte	0
 419 0059 08       		.uleb128 0x8
 420 005a 0D       		.uleb128 0xd
 421 005b 00       		.byte	0
 422 005c 03       		.uleb128 0x3
 423 005d 0E       		.uleb128 0xe
ARM GAS  C:\Users\fneves\AppData\Local\Temp\ccfAgPwK.s 			page 10


 424 005e 3A       		.uleb128 0x3a
 425 005f 0B       		.uleb128 0xb
 426 0060 3B       		.uleb128 0x3b
 427 0061 05       		.uleb128 0x5
 428 0062 49       		.uleb128 0x49
 429 0063 13       		.uleb128 0x13
 430 0064 38       		.uleb128 0x38
 431 0065 0B       		.uleb128 0xb
 432 0066 00       		.byte	0
 433 0067 00       		.byte	0
 434 0068 09       		.uleb128 0x9
 435 0069 2E       		.uleb128 0x2e
 436 006a 01       		.byte	0x1
 437 006b 3F       		.uleb128 0x3f
 438 006c 19       		.uleb128 0x19
 439 006d 03       		.uleb128 0x3
 440 006e 0E       		.uleb128 0xe
 441 006f 3A       		.uleb128 0x3a
 442 0070 0B       		.uleb128 0xb
 443 0071 3B       		.uleb128 0x3b
 444 0072 0B       		.uleb128 0xb
 445 0073 27       		.uleb128 0x27
 446 0074 19       		.uleb128 0x19
 447 0075 11       		.uleb128 0x11
 448 0076 01       		.uleb128 0x1
 449 0077 12       		.uleb128 0x12
 450 0078 06       		.uleb128 0x6
 451 0079 40       		.uleb128 0x40
 452 007a 18       		.uleb128 0x18
 453 007b 9642     		.uleb128 0x2116
 454 007d 19       		.uleb128 0x19
 455 007e 01       		.uleb128 0x1
 456 007f 13       		.uleb128 0x13
 457 0080 00       		.byte	0
 458 0081 00       		.byte	0
 459 0082 0A       		.uleb128 0xa
 460 0083 05       		.uleb128 0x5
 461 0084 00       		.byte	0
 462 0085 03       		.uleb128 0x3
 463 0086 08       		.uleb128 0x8
 464 0087 3A       		.uleb128 0x3a
 465 0088 0B       		.uleb128 0xb
 466 0089 3B       		.uleb128 0x3b
 467 008a 0B       		.uleb128 0xb
 468 008b 49       		.uleb128 0x49
 469 008c 13       		.uleb128 0x13
 470 008d 02       		.uleb128 0x2
 471 008e 18       		.uleb128 0x18
 472 008f 00       		.byte	0
 473 0090 00       		.byte	0
 474 0091 0B       		.uleb128 0xb
 475 0092 05       		.uleb128 0x5
 476 0093 00       		.byte	0
 477 0094 03       		.uleb128 0x3
 478 0095 0E       		.uleb128 0xe
 479 0096 3A       		.uleb128 0x3a
 480 0097 0B       		.uleb128 0xb
ARM GAS  C:\Users\fneves\AppData\Local\Temp\ccfAgPwK.s 			page 11


 481 0098 3B       		.uleb128 0x3b
 482 0099 0B       		.uleb128 0xb
 483 009a 49       		.uleb128 0x49
 484 009b 13       		.uleb128 0x13
 485 009c 02       		.uleb128 0x2
 486 009d 18       		.uleb128 0x18
 487 009e 00       		.byte	0
 488 009f 00       		.byte	0
 489 00a0 00       		.byte	0
 490              		.section	.debug_aranges,"",%progbits
 491 0000 1C000000 		.4byte	0x1c
 492 0004 0200     		.2byte	0x2
 493 0006 00000000 		.4byte	.Ldebug_info0
 494 000a 04       		.byte	0x4
 495 000b 00       		.byte	0
 496 000c 0000     		.2byte	0
 497 000e 0000     		.2byte	0
 498 0010 00000000 		.4byte	.LFB82
 499 0014 5E000000 		.4byte	.LFE82-.LFB82
 500 0018 00000000 		.4byte	0
 501 001c 00000000 		.4byte	0
 502              		.section	.debug_ranges,"",%progbits
 503              	.Ldebug_ranges0:
 504 0000 00000000 		.4byte	.LFB82
 505 0004 5E000000 		.4byte	.LFE82
 506 0008 00000000 		.4byte	0
 507 000c 00000000 		.4byte	0
 508              		.section	.debug_line,"",%progbits
 509              	.Ldebug_line0:
 510 0000 78010000 		.section	.debug_str,"MS",%progbits,1
 510      02005A01 
 510      00000201 
 510      FB0E0D00 
 510      01010101 
 511              	.LASF25:
 512 0000 6D617844 		.ascii	"maxDelay\000"
 512      656C6179 
 512      00
 513              	.LASF23:
 514 0009 70537461 		.ascii	"pState\000"
 514      746500
 515              	.LASF30:
 516 0010 536F7572 		.ascii	"Source\\FilteringFunctions\\arm_fir_sparse_init_q31"
 516      63655C46 
 516      696C7465 
 516      72696E67 
 516      46756E63 
 517 0041 2E6300   		.ascii	".c\000"
 518              	.LASF5:
 519 0044 5F5F696E 		.ascii	"__int32_t\000"
 519      7433325F 
 519      7400
 520              	.LASF31:
 521 004e 433A5C55 		.ascii	"C:\\Users\\fneves\\Documents\\PSoC Creator\\wp_1\\e"
 521      73657273 
 521      5C666E65 
 521      7665735C 
ARM GAS  C:\Users\fneves\AppData\Local\Temp\ccfAgPwK.s 			page 12


 521      446F6375 
 522 007b 6E67696E 		.ascii	"ngine_speed_sensor.cydsn\000"
 522      655F7370 
 522      6565645F 
 522      73656E73 
 522      6F722E63 
 523              	.LASF27:
 524 0094 61726D5F 		.ascii	"arm_fir_sparse_instance_q31\000"
 524      6669725F 
 524      73706172 
 524      73655F69 
 524      6E737461 
 525              	.LASF22:
 526 00b0 73746174 		.ascii	"stateIndex\000"
 526      65496E64 
 526      657800
 527              	.LASF18:
 528 00bb 666C6F61 		.ascii	"float\000"
 528      7400
 529              	.LASF20:
 530 00c1 7133315F 		.ascii	"q31_t\000"
 530      7400
 531              	.LASF1:
 532 00c7 756E7369 		.ascii	"unsigned char\000"
 532      676E6564 
 532      20636861 
 532      7200
 533              	.LASF8:
 534 00d5 6C6F6E67 		.ascii	"long unsigned int\000"
 534      20756E73 
 534      69676E65 
 534      6420696E 
 534      7400
 535              	.LASF3:
 536 00e7 73686F72 		.ascii	"short unsigned int\000"
 536      7420756E 
 536      7369676E 
 536      65642069 
 536      6E7400
 537              	.LASF4:
 538 00fa 5F5F7569 		.ascii	"__uint16_t\000"
 538      6E743136 
 538      5F7400
 539              	.LASF17:
 540 0105 646F7562 		.ascii	"double\000"
 540      6C6500
 541              	.LASF7:
 542 010c 5F5F7569 		.ascii	"__uint32_t\000"
 542      6E743332 
 542      5F7400
 543              	.LASF11:
 544 0117 756E7369 		.ascii	"unsigned int\000"
 544      676E6564 
 544      20696E74 
 544      00
 545              	.LASF10:
 546 0124 6C6F6E67 		.ascii	"long long unsigned int\000"
ARM GAS  C:\Users\fneves\AppData\Local\Temp\ccfAgPwK.s 			page 13


 546      206C6F6E 
 546      6720756E 
 546      7369676E 
 546      65642069 
 547              	.LASF29:
 548 013b 474E5520 		.ascii	"GNU C 4.9.3 20150303 (release) [ARM/embedded-4_9-br"
 548      4320342E 
 548      392E3320 
 548      32303135 
 548      30333033 
 549 016e 616E6368 		.ascii	"anch revision 221220] -mcpu=cortex-m0plus -mthumb -"
 549      20726576 
 549      6973696F 
 549      6E203232 
 549      31323230 
 550 01a1 67202D4F 		.ascii	"g -O0 -ffunction-sections -ffat-lto-objects\000"
 550      30202D66 
 550      66756E63 
 550      74696F6E 
 550      2D736563 
 551              	.LASF32:
 552 01cd 61726D5F 		.ascii	"arm_fir_sparse_init_q31\000"
 552      6669725F 
 552      73706172 
 552      73655F69 
 552      6E69745F 
 553              	.LASF13:
 554 01e5 696E7433 		.ascii	"int32_t\000"
 554      325F7400 
 555              	.LASF15:
 556 01ed 73697A65 		.ascii	"sizetype\000"
 556      74797065 
 556      00
 557              	.LASF9:
 558 01f6 6C6F6E67 		.ascii	"long long int\000"
 558      206C6F6E 
 558      6720696E 
 558      7400
 559              	.LASF28:
 560 0204 626C6F63 		.ascii	"blockSize\000"
 560      6B53697A 
 560      6500
 561              	.LASF16:
 562 020e 63686172 		.ascii	"char\000"
 562      00
 563              	.LASF26:
 564 0213 70546170 		.ascii	"pTapDelay\000"
 564      44656C61 
 564      7900
 565              	.LASF2:
 566 021d 73686F72 		.ascii	"short int\000"
 566      7420696E 
 566      7400
 567              	.LASF21:
 568 0227 6E756D54 		.ascii	"numTaps\000"
 568      61707300 
 569              	.LASF12:
ARM GAS  C:\Users\fneves\AppData\Local\Temp\ccfAgPwK.s 			page 14


 570 022f 75696E74 		.ascii	"uint16_t\000"
 570      31365F74 
 570      00
 571              	.LASF24:
 572 0238 70436F65 		.ascii	"pCoeffs\000"
 572      66667300 
 573              	.LASF14:
 574 0240 75696E74 		.ascii	"uint32_t\000"
 574      33325F74 
 574      00
 575              	.LASF6:
 576 0249 6C6F6E67 		.ascii	"long int\000"
 576      20696E74 
 576      00
 577              	.LASF19:
 578 0252 6C6F6E67 		.ascii	"long double\000"
 578      20646F75 
 578      626C6500 
 579              	.LASF0:
 580 025e 7369676E 		.ascii	"signed char\000"
 580      65642063 
 580      68617200 
 581              		.ident	"GCC: (GNU Tools for ARM Embedded Processors) 4.9.3 20150303 (release) [ARM/embedded-4_9-br
