ARM GAS  C:\Users\fneves\AppData\Local\Temp\ccNGtL0g.s 			page 1


   1              		.cpu cortex-m0plus
   2              		.fpu softvfp
   3              		.eabi_attribute 20, 1
   4              		.eabi_attribute 21, 1
   5              		.eabi_attribute 23, 3
   6              		.eabi_attribute 24, 1
   7              		.eabi_attribute 25, 1
   8              		.eabi_attribute 26, 1
   9              		.eabi_attribute 30, 6
  10              		.eabi_attribute 34, 0
  11              		.eabi_attribute 18, 4
  12              		.code	16
  13              		.file	"arm_copy_q7.c"
  14              		.text
  15              	.Ltext0:
  16              		.cfi_sections	.debug_frame
  17              		.section	.text.arm_copy_q7,"ax",%progbits
  18              		.align	2
  19              		.global	arm_copy_q7
  20              		.code	16
  21              		.thumb_func
  22              		.type	arm_copy_q7, %function
  23              	arm_copy_q7:
  24              	.LFB82:
  25              		.file 1 "Source\\SupportFunctions\\arm_copy_q7.c"
   1:Source\SupportFunctions/arm_copy_q7.c **** /* ----------------------------------------------------------------------
   2:Source\SupportFunctions/arm_copy_q7.c ****  * Project:      CMSIS DSP Library
   3:Source\SupportFunctions/arm_copy_q7.c ****  * Title:        arm_copy_q7.c
   4:Source\SupportFunctions/arm_copy_q7.c ****  * Description:  Copies the elements of a Q7 vector
   5:Source\SupportFunctions/arm_copy_q7.c ****  *
   6:Source\SupportFunctions/arm_copy_q7.c ****  * $Date:        27. January 2017
   7:Source\SupportFunctions/arm_copy_q7.c ****  * $Revision:    V.1.5.1
   8:Source\SupportFunctions/arm_copy_q7.c ****  *
   9:Source\SupportFunctions/arm_copy_q7.c ****  * Target Processor: Cortex-M cores
  10:Source\SupportFunctions/arm_copy_q7.c ****  * -------------------------------------------------------------------- */
  11:Source\SupportFunctions/arm_copy_q7.c **** /*
  12:Source\SupportFunctions/arm_copy_q7.c ****  * Copyright (C) 2010-2017 ARM Limited or its affiliates. All rights reserved.
  13:Source\SupportFunctions/arm_copy_q7.c ****  *
  14:Source\SupportFunctions/arm_copy_q7.c ****  * SPDX-License-Identifier: Apache-2.0
  15:Source\SupportFunctions/arm_copy_q7.c ****  *
  16:Source\SupportFunctions/arm_copy_q7.c ****  * Licensed under the Apache License, Version 2.0 (the License); you may
  17:Source\SupportFunctions/arm_copy_q7.c ****  * not use this file except in compliance with the License.
  18:Source\SupportFunctions/arm_copy_q7.c ****  * You may obtain a copy of the License at
  19:Source\SupportFunctions/arm_copy_q7.c ****  *
  20:Source\SupportFunctions/arm_copy_q7.c ****  * www.apache.org/licenses/LICENSE-2.0
  21:Source\SupportFunctions/arm_copy_q7.c ****  *
  22:Source\SupportFunctions/arm_copy_q7.c ****  * Unless required by applicable law or agreed to in writing, software
  23:Source\SupportFunctions/arm_copy_q7.c ****  * distributed under the License is distributed on an AS IS BASIS, WITHOUT
  24:Source\SupportFunctions/arm_copy_q7.c ****  * WARRANTIES OR CONDITIONS OF ANY KIND, either express or implied.
  25:Source\SupportFunctions/arm_copy_q7.c ****  * See the License for the specific language governing permissions and
  26:Source\SupportFunctions/arm_copy_q7.c ****  * limitations under the License.
  27:Source\SupportFunctions/arm_copy_q7.c ****  */
  28:Source\SupportFunctions/arm_copy_q7.c **** 
  29:Source\SupportFunctions/arm_copy_q7.c **** #include "arm_math.h"
  30:Source\SupportFunctions/arm_copy_q7.c **** 
  31:Source\SupportFunctions/arm_copy_q7.c **** /**
  32:Source\SupportFunctions/arm_copy_q7.c ****  * @ingroup groupSupport
ARM GAS  C:\Users\fneves\AppData\Local\Temp\ccNGtL0g.s 			page 2


  33:Source\SupportFunctions/arm_copy_q7.c ****  */
  34:Source\SupportFunctions/arm_copy_q7.c **** 
  35:Source\SupportFunctions/arm_copy_q7.c **** /**
  36:Source\SupportFunctions/arm_copy_q7.c ****  * @addtogroup copy
  37:Source\SupportFunctions/arm_copy_q7.c ****  * @{
  38:Source\SupportFunctions/arm_copy_q7.c ****  */
  39:Source\SupportFunctions/arm_copy_q7.c **** 
  40:Source\SupportFunctions/arm_copy_q7.c **** /**
  41:Source\SupportFunctions/arm_copy_q7.c ****  * @brief Copies the elements of a Q7 vector.
  42:Source\SupportFunctions/arm_copy_q7.c ****  * @param[in]       *pSrc points to input vector
  43:Source\SupportFunctions/arm_copy_q7.c ****  * @param[out]      *pDst points to output vector
  44:Source\SupportFunctions/arm_copy_q7.c ****  * @param[in]       blockSize length of the input vector
  45:Source\SupportFunctions/arm_copy_q7.c ****  * @return none.
  46:Source\SupportFunctions/arm_copy_q7.c ****  *
  47:Source\SupportFunctions/arm_copy_q7.c ****  */
  48:Source\SupportFunctions/arm_copy_q7.c **** 
  49:Source\SupportFunctions/arm_copy_q7.c **** void arm_copy_q7(
  50:Source\SupportFunctions/arm_copy_q7.c ****   q7_t * pSrc,
  51:Source\SupportFunctions/arm_copy_q7.c ****   q7_t * pDst,
  52:Source\SupportFunctions/arm_copy_q7.c ****   uint32_t blockSize)
  53:Source\SupportFunctions/arm_copy_q7.c **** {
  26              		.loc 1 53 0
  27              		.cfi_startproc
  28 0000 80B5     		push	{r7, lr}
  29              		.cfi_def_cfa_offset 8
  30              		.cfi_offset 7, -8
  31              		.cfi_offset 14, -4
  32 0002 86B0     		sub	sp, sp, #24
  33              		.cfi_def_cfa_offset 32
  34 0004 00AF     		add	r7, sp, #0
  35              		.cfi_def_cfa_register 7
  36 0006 F860     		str	r0, [r7, #12]
  37 0008 B960     		str	r1, [r7, #8]
  38 000a 7A60     		str	r2, [r7, #4]
  54:Source\SupportFunctions/arm_copy_q7.c ****   uint32_t blkCnt;                               /* loop counter */
  55:Source\SupportFunctions/arm_copy_q7.c **** 
  56:Source\SupportFunctions/arm_copy_q7.c **** #if defined (ARM_MATH_DSP)
  57:Source\SupportFunctions/arm_copy_q7.c **** 
  58:Source\SupportFunctions/arm_copy_q7.c ****   /* Run the below code for Cortex-M4 and Cortex-M3 */
  59:Source\SupportFunctions/arm_copy_q7.c **** 
  60:Source\SupportFunctions/arm_copy_q7.c ****   /*loop Unrolling */
  61:Source\SupportFunctions/arm_copy_q7.c ****   blkCnt = blockSize >> 2u;
  62:Source\SupportFunctions/arm_copy_q7.c **** 
  63:Source\SupportFunctions/arm_copy_q7.c ****   /* First part of the processing with loop unrolling.  Compute 4 outputs at a time.
  64:Source\SupportFunctions/arm_copy_q7.c ****    ** a second loop below computes the remaining 1 to 3 samples. */
  65:Source\SupportFunctions/arm_copy_q7.c ****   while (blkCnt > 0u)
  66:Source\SupportFunctions/arm_copy_q7.c ****   {
  67:Source\SupportFunctions/arm_copy_q7.c ****     /* C = A */
  68:Source\SupportFunctions/arm_copy_q7.c ****     /* Copy and then store the results in the destination buffer */
  69:Source\SupportFunctions/arm_copy_q7.c ****     /* 4 samples are copied and stored at a time using SIMD */
  70:Source\SupportFunctions/arm_copy_q7.c ****     *__SIMD32(pDst)++ = *__SIMD32(pSrc)++;
  71:Source\SupportFunctions/arm_copy_q7.c **** 
  72:Source\SupportFunctions/arm_copy_q7.c ****     /* Decrement the loop counter */
  73:Source\SupportFunctions/arm_copy_q7.c ****     blkCnt--;
  74:Source\SupportFunctions/arm_copy_q7.c ****   }
  75:Source\SupportFunctions/arm_copy_q7.c **** 
  76:Source\SupportFunctions/arm_copy_q7.c ****   /* If the blockSize is not a multiple of 4, compute any remaining output samples here.
ARM GAS  C:\Users\fneves\AppData\Local\Temp\ccNGtL0g.s 			page 3


  77:Source\SupportFunctions/arm_copy_q7.c ****    ** No loop unrolling is used. */
  78:Source\SupportFunctions/arm_copy_q7.c ****   blkCnt = blockSize % 0x4u;
  79:Source\SupportFunctions/arm_copy_q7.c **** 
  80:Source\SupportFunctions/arm_copy_q7.c **** #else
  81:Source\SupportFunctions/arm_copy_q7.c **** 
  82:Source\SupportFunctions/arm_copy_q7.c ****   /* Run the below code for Cortex-M0 */
  83:Source\SupportFunctions/arm_copy_q7.c **** 
  84:Source\SupportFunctions/arm_copy_q7.c ****   /* Loop over blockSize number of values */
  85:Source\SupportFunctions/arm_copy_q7.c ****   blkCnt = blockSize;
  39              		.loc 1 85 0
  40 000c 7B68     		ldr	r3, [r7, #4]
  41 000e 7B61     		str	r3, [r7, #20]
  86:Source\SupportFunctions/arm_copy_q7.c **** 
  87:Source\SupportFunctions/arm_copy_q7.c **** #endif /* #if defined (ARM_MATH_DSP) */
  88:Source\SupportFunctions/arm_copy_q7.c **** 
  89:Source\SupportFunctions/arm_copy_q7.c **** 
  90:Source\SupportFunctions/arm_copy_q7.c ****   while (blkCnt > 0u)
  42              		.loc 1 90 0
  43 0010 0AE0     		b	.L2
  44              	.L3:
  91:Source\SupportFunctions/arm_copy_q7.c ****   {
  92:Source\SupportFunctions/arm_copy_q7.c ****     /* C = A */
  93:Source\SupportFunctions/arm_copy_q7.c ****     /* Copy and then store the results in the destination buffer */
  94:Source\SupportFunctions/arm_copy_q7.c ****     *pDst++ = *pSrc++;
  45              		.loc 1 94 0
  46 0012 BB68     		ldr	r3, [r7, #8]
  47 0014 5A1C     		add	r2, r3, #1
  48 0016 BA60     		str	r2, [r7, #8]
  49 0018 FA68     		ldr	r2, [r7, #12]
  50 001a 511C     		add	r1, r2, #1
  51 001c F960     		str	r1, [r7, #12]
  52 001e 1278     		ldrb	r2, [r2]
  53 0020 1A70     		strb	r2, [r3]
  95:Source\SupportFunctions/arm_copy_q7.c **** 
  96:Source\SupportFunctions/arm_copy_q7.c ****     /* Decrement the loop counter */
  97:Source\SupportFunctions/arm_copy_q7.c ****     blkCnt--;
  54              		.loc 1 97 0
  55 0022 7B69     		ldr	r3, [r7, #20]
  56 0024 013B     		sub	r3, r3, #1
  57 0026 7B61     		str	r3, [r7, #20]
  58              	.L2:
  90:Source\SupportFunctions/arm_copy_q7.c ****   {
  59              		.loc 1 90 0
  60 0028 7B69     		ldr	r3, [r7, #20]
  61 002a 002B     		cmp	r3, #0
  62 002c F1D1     		bne	.L3
  98:Source\SupportFunctions/arm_copy_q7.c ****   }
  99:Source\SupportFunctions/arm_copy_q7.c **** }
  63              		.loc 1 99 0
  64 002e BD46     		mov	sp, r7
  65 0030 06B0     		add	sp, sp, #24
  66              		@ sp needed
  67 0032 80BD     		pop	{r7, pc}
  68              		.cfi_endproc
  69              	.LFE82:
  70              		.size	arm_copy_q7, .-arm_copy_q7
  71              		.text
ARM GAS  C:\Users\fneves\AppData\Local\Temp\ccNGtL0g.s 			page 4


  72              	.Letext0:
  73              		.file 2 "c:\\program files (x86)\\cypress\\psoc creator\\4.0\\psoc creator\\import\\gnu\\arm\\4.9.
  74              		.file 3 "c:\\program files (x86)\\cypress\\psoc creator\\4.0\\psoc creator\\import\\gnu\\arm\\4.9.
  75              		.file 4 ".\\Include/arm_math.h"
  76              		.section	.debug_info,"",%progbits
  77              	.Ldebug_info0:
  78 0000 13010000 		.4byte	0x113
  79 0004 0400     		.2byte	0x4
  80 0006 00000000 		.4byte	.Ldebug_abbrev0
  81 000a 04       		.byte	0x4
  82 000b 01       		.uleb128 0x1
  83 000c 62010000 		.4byte	.LASF22
  84 0010 01       		.byte	0x1
  85 0011 64000000 		.4byte	.LASF23
  86 0015 09010000 		.4byte	.LASF24
  87 0019 00000000 		.4byte	.Ldebug_ranges0+0
  88 001d 00000000 		.4byte	0
  89 0021 00000000 		.4byte	.Ldebug_line0
  90 0025 02       		.uleb128 0x2
  91 0026 D5000000 		.4byte	.LASF5
  92 002a 02       		.byte	0x2
  93 002b 1B       		.byte	0x1b
  94 002c 30000000 		.4byte	0x30
  95 0030 03       		.uleb128 0x3
  96 0031 01       		.byte	0x1
  97 0032 06       		.byte	0x6
  98 0033 F1000000 		.4byte	.LASF0
  99 0037 03       		.uleb128 0x3
 100 0038 01       		.byte	0x1
 101 0039 08       		.byte	0x8
 102 003a 8A000000 		.4byte	.LASF1
 103 003e 03       		.uleb128 0x3
 104 003f 02       		.byte	0x2
 105 0040 05       		.byte	0x5
 106 0041 58010000 		.4byte	.LASF2
 107 0045 03       		.uleb128 0x3
 108 0046 02       		.byte	0x2
 109 0047 07       		.byte	0x7
 110 0048 DE000000 		.4byte	.LASF3
 111 004c 03       		.uleb128 0x3
 112 004d 04       		.byte	0x4
 113 004e 05       		.byte	0x5
 114 004f A9000000 		.4byte	.LASF4
 115 0053 02       		.uleb128 0x2
 116 0054 20000000 		.4byte	.LASF6
 117 0058 02       		.byte	0x2
 118 0059 41       		.byte	0x41
 119 005a 5E000000 		.4byte	0x5e
 120 005e 03       		.uleb128 0x3
 121 005f 04       		.byte	0x4
 122 0060 07       		.byte	0x7
 123 0061 35000000 		.4byte	.LASF7
 124 0065 03       		.uleb128 0x3
 125 0066 08       		.byte	0x8
 126 0067 05       		.byte	0x5
 127 0068 00000000 		.4byte	.LASF8
 128 006c 03       		.uleb128 0x3
ARM GAS  C:\Users\fneves\AppData\Local\Temp\ccNGtL0g.s 			page 5


 129 006d 08       		.byte	0x8
 130 006e 07       		.byte	0x7
 131 006f 47000000 		.4byte	.LASF9
 132 0073 04       		.uleb128 0x4
 133 0074 04       		.byte	0x4
 134 0075 05       		.byte	0x5
 135 0076 696E7400 		.ascii	"int\000"
 136 007a 03       		.uleb128 0x3
 137 007b 04       		.byte	0x4
 138 007c 07       		.byte	0x7
 139 007d 0E000000 		.4byte	.LASF10
 140 0081 02       		.uleb128 0x2
 141 0082 B7000000 		.4byte	.LASF11
 142 0086 03       		.byte	0x3
 143 0087 14       		.byte	0x14
 144 0088 25000000 		.4byte	0x25
 145 008c 02       		.uleb128 0x2
 146 008d C5000000 		.4byte	.LASF12
 147 0091 03       		.byte	0x3
 148 0092 2D       		.byte	0x2d
 149 0093 53000000 		.4byte	0x53
 150 0097 03       		.uleb128 0x3
 151 0098 04       		.byte	0x4
 152 0099 07       		.byte	0x7
 153 009a 4F010000 		.4byte	.LASF13
 154 009e 03       		.uleb128 0x3
 155 009f 01       		.byte	0x1
 156 00a0 08       		.byte	0x8
 157 00a1 98000000 		.4byte	.LASF14
 158 00a5 03       		.uleb128 0x3
 159 00a6 08       		.byte	0x8
 160 00a7 04       		.byte	0x4
 161 00a8 BE000000 		.4byte	.LASF15
 162 00ac 03       		.uleb128 0x3
 163 00ad 04       		.byte	0x4
 164 00ae 04       		.byte	0x4
 165 00af 5E000000 		.4byte	.LASF16
 166 00b3 03       		.uleb128 0x3
 167 00b4 08       		.byte	0x8
 168 00b5 04       		.byte	0x4
 169 00b6 FD000000 		.4byte	.LASF17
 170 00ba 05       		.uleb128 0x5
 171 00bb F4010000 		.4byte	.LASF18
 172 00bf 04       		.byte	0x4
 173 00c0 9101     		.2byte	0x191
 174 00c2 81000000 		.4byte	0x81
 175 00c6 06       		.uleb128 0x6
 176 00c7 04       		.byte	0x4
 177 00c8 BA000000 		.4byte	0xba
 178 00cc 07       		.uleb128 0x7
 179 00cd 9D000000 		.4byte	.LASF25
 180 00d1 01       		.byte	0x1
 181 00d2 31       		.byte	0x31
 182 00d3 00000000 		.4byte	.LFB82
 183 00d7 34000000 		.4byte	.LFE82-.LFB82
 184 00db 01       		.uleb128 0x1
 185 00dc 9C       		.byte	0x9c
ARM GAS  C:\Users\fneves\AppData\Local\Temp\ccNGtL0g.s 			page 6


 186 00dd 08       		.uleb128 0x8
 187 00de B2000000 		.4byte	.LASF19
 188 00e2 01       		.byte	0x1
 189 00e3 32       		.byte	0x32
 190 00e4 C6000000 		.4byte	0xc6
 191 00e8 02       		.uleb128 0x2
 192 00e9 91       		.byte	0x91
 193 00ea 6C       		.sleb128 -20
 194 00eb 08       		.uleb128 0x8
 195 00ec 1B000000 		.4byte	.LASF20
 196 00f0 01       		.byte	0x1
 197 00f1 33       		.byte	0x33
 198 00f2 C6000000 		.4byte	0xc6
 199 00f6 02       		.uleb128 0x2
 200 00f7 91       		.byte	0x91
 201 00f8 68       		.sleb128 -24
 202 00f9 08       		.uleb128 0x8
 203 00fa 2B000000 		.4byte	.LASF21
 204 00fe 01       		.byte	0x1
 205 00ff 34       		.byte	0x34
 206 0100 8C000000 		.4byte	0x8c
 207 0104 02       		.uleb128 0x2
 208 0105 91       		.byte	0x91
 209 0106 64       		.sleb128 -28
 210 0107 09       		.uleb128 0x9
 211 0108 CE000000 		.4byte	.LASF26
 212 010c 01       		.byte	0x1
 213 010d 36       		.byte	0x36
 214 010e 8C000000 		.4byte	0x8c
 215 0112 02       		.uleb128 0x2
 216 0113 91       		.byte	0x91
 217 0114 74       		.sleb128 -12
 218 0115 00       		.byte	0
 219 0116 00       		.byte	0
 220              		.section	.debug_abbrev,"",%progbits
 221              	.Ldebug_abbrev0:
 222 0000 01       		.uleb128 0x1
 223 0001 11       		.uleb128 0x11
 224 0002 01       		.byte	0x1
 225 0003 25       		.uleb128 0x25
 226 0004 0E       		.uleb128 0xe
 227 0005 13       		.uleb128 0x13
 228 0006 0B       		.uleb128 0xb
 229 0007 03       		.uleb128 0x3
 230 0008 0E       		.uleb128 0xe
 231 0009 1B       		.uleb128 0x1b
 232 000a 0E       		.uleb128 0xe
 233 000b 55       		.uleb128 0x55
 234 000c 17       		.uleb128 0x17
 235 000d 11       		.uleb128 0x11
 236 000e 01       		.uleb128 0x1
 237 000f 10       		.uleb128 0x10
 238 0010 17       		.uleb128 0x17
 239 0011 00       		.byte	0
 240 0012 00       		.byte	0
 241 0013 02       		.uleb128 0x2
 242 0014 16       		.uleb128 0x16
ARM GAS  C:\Users\fneves\AppData\Local\Temp\ccNGtL0g.s 			page 7


 243 0015 00       		.byte	0
 244 0016 03       		.uleb128 0x3
 245 0017 0E       		.uleb128 0xe
 246 0018 3A       		.uleb128 0x3a
 247 0019 0B       		.uleb128 0xb
 248 001a 3B       		.uleb128 0x3b
 249 001b 0B       		.uleb128 0xb
 250 001c 49       		.uleb128 0x49
 251 001d 13       		.uleb128 0x13
 252 001e 00       		.byte	0
 253 001f 00       		.byte	0
 254 0020 03       		.uleb128 0x3
 255 0021 24       		.uleb128 0x24
 256 0022 00       		.byte	0
 257 0023 0B       		.uleb128 0xb
 258 0024 0B       		.uleb128 0xb
 259 0025 3E       		.uleb128 0x3e
 260 0026 0B       		.uleb128 0xb
 261 0027 03       		.uleb128 0x3
 262 0028 0E       		.uleb128 0xe
 263 0029 00       		.byte	0
 264 002a 00       		.byte	0
 265 002b 04       		.uleb128 0x4
 266 002c 24       		.uleb128 0x24
 267 002d 00       		.byte	0
 268 002e 0B       		.uleb128 0xb
 269 002f 0B       		.uleb128 0xb
 270 0030 3E       		.uleb128 0x3e
 271 0031 0B       		.uleb128 0xb
 272 0032 03       		.uleb128 0x3
 273 0033 08       		.uleb128 0x8
 274 0034 00       		.byte	0
 275 0035 00       		.byte	0
 276 0036 05       		.uleb128 0x5
 277 0037 16       		.uleb128 0x16
 278 0038 00       		.byte	0
 279 0039 03       		.uleb128 0x3
 280 003a 0E       		.uleb128 0xe
 281 003b 3A       		.uleb128 0x3a
 282 003c 0B       		.uleb128 0xb
 283 003d 3B       		.uleb128 0x3b
 284 003e 05       		.uleb128 0x5
 285 003f 49       		.uleb128 0x49
 286 0040 13       		.uleb128 0x13
 287 0041 00       		.byte	0
 288 0042 00       		.byte	0
 289 0043 06       		.uleb128 0x6
 290 0044 0F       		.uleb128 0xf
 291 0045 00       		.byte	0
 292 0046 0B       		.uleb128 0xb
 293 0047 0B       		.uleb128 0xb
 294 0048 49       		.uleb128 0x49
 295 0049 13       		.uleb128 0x13
 296 004a 00       		.byte	0
 297 004b 00       		.byte	0
 298 004c 07       		.uleb128 0x7
 299 004d 2E       		.uleb128 0x2e
ARM GAS  C:\Users\fneves\AppData\Local\Temp\ccNGtL0g.s 			page 8


 300 004e 01       		.byte	0x1
 301 004f 3F       		.uleb128 0x3f
 302 0050 19       		.uleb128 0x19
 303 0051 03       		.uleb128 0x3
 304 0052 0E       		.uleb128 0xe
 305 0053 3A       		.uleb128 0x3a
 306 0054 0B       		.uleb128 0xb
 307 0055 3B       		.uleb128 0x3b
 308 0056 0B       		.uleb128 0xb
 309 0057 27       		.uleb128 0x27
 310 0058 19       		.uleb128 0x19
 311 0059 11       		.uleb128 0x11
 312 005a 01       		.uleb128 0x1
 313 005b 12       		.uleb128 0x12
 314 005c 06       		.uleb128 0x6
 315 005d 40       		.uleb128 0x40
 316 005e 18       		.uleb128 0x18
 317 005f 9742     		.uleb128 0x2117
 318 0061 19       		.uleb128 0x19
 319 0062 00       		.byte	0
 320 0063 00       		.byte	0
 321 0064 08       		.uleb128 0x8
 322 0065 05       		.uleb128 0x5
 323 0066 00       		.byte	0
 324 0067 03       		.uleb128 0x3
 325 0068 0E       		.uleb128 0xe
 326 0069 3A       		.uleb128 0x3a
 327 006a 0B       		.uleb128 0xb
 328 006b 3B       		.uleb128 0x3b
 329 006c 0B       		.uleb128 0xb
 330 006d 49       		.uleb128 0x49
 331 006e 13       		.uleb128 0x13
 332 006f 02       		.uleb128 0x2
 333 0070 18       		.uleb128 0x18
 334 0071 00       		.byte	0
 335 0072 00       		.byte	0
 336 0073 09       		.uleb128 0x9
 337 0074 34       		.uleb128 0x34
 338 0075 00       		.byte	0
 339 0076 03       		.uleb128 0x3
 340 0077 0E       		.uleb128 0xe
 341 0078 3A       		.uleb128 0x3a
 342 0079 0B       		.uleb128 0xb
 343 007a 3B       		.uleb128 0x3b
 344 007b 0B       		.uleb128 0xb
 345 007c 49       		.uleb128 0x49
 346 007d 13       		.uleb128 0x13
 347 007e 02       		.uleb128 0x2
 348 007f 18       		.uleb128 0x18
 349 0080 00       		.byte	0
 350 0081 00       		.byte	0
 351 0082 00       		.byte	0
 352              		.section	.debug_aranges,"",%progbits
 353 0000 1C000000 		.4byte	0x1c
 354 0004 0200     		.2byte	0x2
 355 0006 00000000 		.4byte	.Ldebug_info0
 356 000a 04       		.byte	0x4
ARM GAS  C:\Users\fneves\AppData\Local\Temp\ccNGtL0g.s 			page 9


 357 000b 00       		.byte	0
 358 000c 0000     		.2byte	0
 359 000e 0000     		.2byte	0
 360 0010 00000000 		.4byte	.LFB82
 361 0014 34000000 		.4byte	.LFE82-.LFB82
 362 0018 00000000 		.4byte	0
 363 001c 00000000 		.4byte	0
 364              		.section	.debug_ranges,"",%progbits
 365              	.Ldebug_ranges0:
 366 0000 00000000 		.4byte	.LFB82
 367 0004 34000000 		.4byte	.LFE82
 368 0008 00000000 		.4byte	0
 369 000c 00000000 		.4byte	0
 370              		.section	.debug_line,"",%progbits
 371              	.Ldebug_line0:
 372 0000 6D010000 		.section	.debug_str,"MS",%progbits,1
 372      02004C01 
 372      00000201 
 372      FB0E0D00 
 372      01010101 
 373              	.LASF8:
 374 0000 6C6F6E67 		.ascii	"long long int\000"
 374      206C6F6E 
 374      6720696E 
 374      7400
 375              	.LASF10:
 376 000e 756E7369 		.ascii	"unsigned int\000"
 376      676E6564 
 376      20696E74 
 376      00
 377              	.LASF20:
 378 001b 70447374 		.ascii	"pDst\000"
 378      00
 379              	.LASF6:
 380 0020 5F5F7569 		.ascii	"__uint32_t\000"
 380      6E743332 
 380      5F7400
 381              	.LASF21:
 382 002b 626C6F63 		.ascii	"blockSize\000"
 382      6B53697A 
 382      6500
 383              	.LASF7:
 384 0035 6C6F6E67 		.ascii	"long unsigned int\000"
 384      20756E73 
 384      69676E65 
 384      6420696E 
 384      7400
 385              	.LASF9:
 386 0047 6C6F6E67 		.ascii	"long long unsigned int\000"
 386      206C6F6E 
 386      6720756E 
 386      7369676E 
 386      65642069 
 387              	.LASF16:
 388 005e 666C6F61 		.ascii	"float\000"
 388      7400
 389              	.LASF23:
ARM GAS  C:\Users\fneves\AppData\Local\Temp\ccNGtL0g.s 			page 10


 390 0064 536F7572 		.ascii	"Source\\SupportFunctions\\arm_copy_q7.c\000"
 390      63655C53 
 390      7570706F 
 390      72744675 
 390      6E637469 
 391              	.LASF1:
 392 008a 756E7369 		.ascii	"unsigned char\000"
 392      676E6564 
 392      20636861 
 392      7200
 393              	.LASF14:
 394 0098 63686172 		.ascii	"char\000"
 394      00
 395              	.LASF25:
 396 009d 61726D5F 		.ascii	"arm_copy_q7\000"
 396      636F7079 
 396      5F713700 
 397              	.LASF4:
 398 00a9 6C6F6E67 		.ascii	"long int\000"
 398      20696E74 
 398      00
 399              	.LASF19:
 400 00b2 70537263 		.ascii	"pSrc\000"
 400      00
 401              	.LASF11:
 402 00b7 696E7438 		.ascii	"int8_t\000"
 402      5F7400
 403              	.LASF15:
 404 00be 646F7562 		.ascii	"double\000"
 404      6C6500
 405              	.LASF12:
 406 00c5 75696E74 		.ascii	"uint32_t\000"
 406      33325F74 
 406      00
 407              	.LASF26:
 408 00ce 626C6B43 		.ascii	"blkCnt\000"
 408      6E7400
 409              	.LASF5:
 410 00d5 5F5F696E 		.ascii	"__int8_t\000"
 410      74385F74 
 410      00
 411              	.LASF3:
 412 00de 73686F72 		.ascii	"short unsigned int\000"
 412      7420756E 
 412      7369676E 
 412      65642069 
 412      6E7400
 413              	.LASF0:
 414 00f1 7369676E 		.ascii	"signed char\000"
 414      65642063 
 414      68617200 
 415              	.LASF17:
 416 00fd 6C6F6E67 		.ascii	"long double\000"
 416      20646F75 
 416      626C6500 
 417              	.LASF24:
 418 0109 433A5C55 		.ascii	"C:\\Users\\fneves\\Documents\\PSoC Creator\\wp_1\\e"
ARM GAS  C:\Users\fneves\AppData\Local\Temp\ccNGtL0g.s 			page 11


 418      73657273 
 418      5C666E65 
 418      7665735C 
 418      446F6375 
 419 0136 6E67696E 		.ascii	"ngine_speed_sensor.cydsn\000"
 419      655F7370 
 419      6565645F 
 419      73656E73 
 419      6F722E63 
 420              	.LASF13:
 421 014f 73697A65 		.ascii	"sizetype\000"
 421      74797065 
 421      00
 422              	.LASF2:
 423 0158 73686F72 		.ascii	"short int\000"
 423      7420696E 
 423      7400
 424              	.LASF22:
 425 0162 474E5520 		.ascii	"GNU C 4.9.3 20150303 (release) [ARM/embedded-4_9-br"
 425      4320342E 
 425      392E3320 
 425      32303135 
 425      30333033 
 426 0195 616E6368 		.ascii	"anch revision 221220] -mcpu=cortex-m0plus -mthumb -"
 426      20726576 
 426      6973696F 
 426      6E203232 
 426      31323230 
 427 01c8 67202D4F 		.ascii	"g -O0 -ffunction-sections -ffat-lto-objects\000"
 427      30202D66 
 427      66756E63 
 427      74696F6E 
 427      2D736563 
 428              	.LASF18:
 429 01f4 71375F74 		.ascii	"q7_t\000"
 429      00
 430              		.ident	"GCC: (GNU Tools for ARM Embedded Processors) 4.9.3 20150303 (release) [ARM/embedded-4_9-br
