ARM GAS  C:\Users\fneves\AppData\Local\Temp\ccL8jykM.s 			page 1


   1              		.cpu cortex-m0plus
   2              		.fpu softvfp
   3              		.eabi_attribute 20, 1
   4              		.eabi_attribute 21, 1
   5              		.eabi_attribute 23, 3
   6              		.eabi_attribute 24, 1
   7              		.eabi_attribute 25, 1
   8              		.eabi_attribute 26, 1
   9              		.eabi_attribute 30, 6
  10              		.eabi_attribute 34, 0
  11              		.eabi_attribute 18, 4
  12              		.code	16
  13              		.file	"arm_fir_init_q7.c"
  14              		.text
  15              	.Ltext0:
  16              		.cfi_sections	.debug_frame
  17              		.section	.text.arm_fir_init_q7,"ax",%progbits
  18              		.align	2
  19              		.global	arm_fir_init_q7
  20              		.code	16
  21              		.thumb_func
  22              		.type	arm_fir_init_q7, %function
  23              	arm_fir_init_q7:
  24              	.LFB82:
  25              		.file 1 "Source\\FilteringFunctions\\arm_fir_init_q7.c"
   1:Source\FilteringFunctions/arm_fir_init_q7.c **** /* ----------------------------------------------------------------------
   2:Source\FilteringFunctions/arm_fir_init_q7.c ****  * Project:      CMSIS DSP Library
   3:Source\FilteringFunctions/arm_fir_init_q7.c ****  * Title:        arm_fir_init_q7.c
   4:Source\FilteringFunctions/arm_fir_init_q7.c ****  * Description:  Q7 FIR filter initialization function
   5:Source\FilteringFunctions/arm_fir_init_q7.c ****  *
   6:Source\FilteringFunctions/arm_fir_init_q7.c ****  * $Date:        27. January 2017
   7:Source\FilteringFunctions/arm_fir_init_q7.c ****  * $Revision:    V.1.5.1
   8:Source\FilteringFunctions/arm_fir_init_q7.c ****  *
   9:Source\FilteringFunctions/arm_fir_init_q7.c ****  * Target Processor: Cortex-M cores
  10:Source\FilteringFunctions/arm_fir_init_q7.c ****  * -------------------------------------------------------------------- */
  11:Source\FilteringFunctions/arm_fir_init_q7.c **** /*
  12:Source\FilteringFunctions/arm_fir_init_q7.c ****  * Copyright (C) 2010-2017 ARM Limited or its affiliates. All rights reserved.
  13:Source\FilteringFunctions/arm_fir_init_q7.c ****  *
  14:Source\FilteringFunctions/arm_fir_init_q7.c ****  * SPDX-License-Identifier: Apache-2.0
  15:Source\FilteringFunctions/arm_fir_init_q7.c ****  *
  16:Source\FilteringFunctions/arm_fir_init_q7.c ****  * Licensed under the Apache License, Version 2.0 (the License); you may
  17:Source\FilteringFunctions/arm_fir_init_q7.c ****  * not use this file except in compliance with the License.
  18:Source\FilteringFunctions/arm_fir_init_q7.c ****  * You may obtain a copy of the License at
  19:Source\FilteringFunctions/arm_fir_init_q7.c ****  *
  20:Source\FilteringFunctions/arm_fir_init_q7.c ****  * www.apache.org/licenses/LICENSE-2.0
  21:Source\FilteringFunctions/arm_fir_init_q7.c ****  *
  22:Source\FilteringFunctions/arm_fir_init_q7.c ****  * Unless required by applicable law or agreed to in writing, software
  23:Source\FilteringFunctions/arm_fir_init_q7.c ****  * distributed under the License is distributed on an AS IS BASIS, WITHOUT
  24:Source\FilteringFunctions/arm_fir_init_q7.c ****  * WARRANTIES OR CONDITIONS OF ANY KIND, either express or implied.
  25:Source\FilteringFunctions/arm_fir_init_q7.c ****  * See the License for the specific language governing permissions and
  26:Source\FilteringFunctions/arm_fir_init_q7.c ****  * limitations under the License.
  27:Source\FilteringFunctions/arm_fir_init_q7.c ****  */
  28:Source\FilteringFunctions/arm_fir_init_q7.c **** 
  29:Source\FilteringFunctions/arm_fir_init_q7.c **** #include "arm_math.h"
  30:Source\FilteringFunctions/arm_fir_init_q7.c **** 
  31:Source\FilteringFunctions/arm_fir_init_q7.c **** /**
  32:Source\FilteringFunctions/arm_fir_init_q7.c ****  * @ingroup groupFilters
ARM GAS  C:\Users\fneves\AppData\Local\Temp\ccL8jykM.s 			page 2


  33:Source\FilteringFunctions/arm_fir_init_q7.c ****  */
  34:Source\FilteringFunctions/arm_fir_init_q7.c **** 
  35:Source\FilteringFunctions/arm_fir_init_q7.c **** /**
  36:Source\FilteringFunctions/arm_fir_init_q7.c ****  * @addtogroup FIR
  37:Source\FilteringFunctions/arm_fir_init_q7.c ****  * @{
  38:Source\FilteringFunctions/arm_fir_init_q7.c ****  */
  39:Source\FilteringFunctions/arm_fir_init_q7.c **** /**
  40:Source\FilteringFunctions/arm_fir_init_q7.c ****  * @param[in,out] *S points to an instance of the Q7 FIR filter structure.
  41:Source\FilteringFunctions/arm_fir_init_q7.c ****  * @param[in] 	  numTaps  Number of filter coefficients in the filter.
  42:Source\FilteringFunctions/arm_fir_init_q7.c ****  * @param[in] 	  *pCoeffs points to the filter coefficients buffer.
  43:Source\FilteringFunctions/arm_fir_init_q7.c ****  * @param[in]     *pState points to the state buffer.
  44:Source\FilteringFunctions/arm_fir_init_q7.c ****  * @param[in]     blockSize number of samples that are processed per call.
  45:Source\FilteringFunctions/arm_fir_init_q7.c ****  * @return     	  none
  46:Source\FilteringFunctions/arm_fir_init_q7.c ****  *
  47:Source\FilteringFunctions/arm_fir_init_q7.c ****  * <b>Description:</b>
  48:Source\FilteringFunctions/arm_fir_init_q7.c ****  * \par
  49:Source\FilteringFunctions/arm_fir_init_q7.c ****  * <code>pCoeffs</code> points to the array of filter coefficients stored in time reversed order:
  50:Source\FilteringFunctions/arm_fir_init_q7.c ****  * <pre>
  51:Source\FilteringFunctions/arm_fir_init_q7.c ****  *    {b[numTaps-1], b[numTaps-2], b[N-2], ..., b[1], b[0]}
  52:Source\FilteringFunctions/arm_fir_init_q7.c ****  * </pre>
  53:Source\FilteringFunctions/arm_fir_init_q7.c ****  * \par
  54:Source\FilteringFunctions/arm_fir_init_q7.c ****  * <code>pState</code> points to the array of state variables.
  55:Source\FilteringFunctions/arm_fir_init_q7.c ****  * <code>pState</code> is of length <code>numTaps+blockSize-1</code> samples, where <code>blockSize
  56:Source\FilteringFunctions/arm_fir_init_q7.c ****  */
  57:Source\FilteringFunctions/arm_fir_init_q7.c **** 
  58:Source\FilteringFunctions/arm_fir_init_q7.c **** void arm_fir_init_q7(
  59:Source\FilteringFunctions/arm_fir_init_q7.c ****   arm_fir_instance_q7 * S,
  60:Source\FilteringFunctions/arm_fir_init_q7.c ****   uint16_t numTaps,
  61:Source\FilteringFunctions/arm_fir_init_q7.c ****   q7_t * pCoeffs,
  62:Source\FilteringFunctions/arm_fir_init_q7.c ****   q7_t * pState,
  63:Source\FilteringFunctions/arm_fir_init_q7.c ****   uint32_t blockSize)
  64:Source\FilteringFunctions/arm_fir_init_q7.c **** {
  26              		.loc 1 64 0
  27              		.cfi_startproc
  28 0000 80B5     		push	{r7, lr}
  29              		.cfi_def_cfa_offset 8
  30              		.cfi_offset 7, -8
  31              		.cfi_offset 14, -4
  32 0002 84B0     		sub	sp, sp, #16
  33              		.cfi_def_cfa_offset 24
  34 0004 00AF     		add	r7, sp, #0
  35              		.cfi_def_cfa_register 7
  36 0006 F860     		str	r0, [r7, #12]
  37 0008 7A60     		str	r2, [r7, #4]
  38 000a 3B60     		str	r3, [r7]
  39 000c 0A23     		mov	r3, #10
  40 000e FB18     		add	r3, r7, r3
  41 0010 0A1C     		add	r2, r1, #0
  42 0012 1A80     		strh	r2, [r3]
  65:Source\FilteringFunctions/arm_fir_init_q7.c **** 
  66:Source\FilteringFunctions/arm_fir_init_q7.c ****   /* Assign filter taps */
  67:Source\FilteringFunctions/arm_fir_init_q7.c ****   S->numTaps = numTaps;
  43              		.loc 1 67 0
  44 0014 FB68     		ldr	r3, [r7, #12]
  45 0016 0A22     		mov	r2, #10
  46 0018 BA18     		add	r2, r7, r2
  47 001a 1288     		ldrh	r2, [r2]
ARM GAS  C:\Users\fneves\AppData\Local\Temp\ccL8jykM.s 			page 3


  48 001c 1A80     		strh	r2, [r3]
  68:Source\FilteringFunctions/arm_fir_init_q7.c **** 
  69:Source\FilteringFunctions/arm_fir_init_q7.c ****   /* Assign coefficient pointer */
  70:Source\FilteringFunctions/arm_fir_init_q7.c ****   S->pCoeffs = pCoeffs;
  49              		.loc 1 70 0
  50 001e FB68     		ldr	r3, [r7, #12]
  51 0020 7A68     		ldr	r2, [r7, #4]
  52 0022 9A60     		str	r2, [r3, #8]
  71:Source\FilteringFunctions/arm_fir_init_q7.c **** 
  72:Source\FilteringFunctions/arm_fir_init_q7.c ****   /* Clear the state buffer.  The size is always (blockSize + numTaps - 1) */
  73:Source\FilteringFunctions/arm_fir_init_q7.c ****   memset(pState, 0, (numTaps + (blockSize - 1u)) * sizeof(q7_t));
  53              		.loc 1 73 0
  54 0024 0A23     		mov	r3, #10
  55 0026 FB18     		add	r3, r7, r3
  56 0028 1A88     		ldrh	r2, [r3]
  57 002a BB69     		ldr	r3, [r7, #24]
  58 002c D318     		add	r3, r2, r3
  59 002e 013B     		sub	r3, r3, #1
  60 0030 3A68     		ldr	r2, [r7]
  61 0032 101C     		mov	r0, r2
  62 0034 0021     		mov	r1, #0
  63 0036 1A1C     		mov	r2, r3
  64 0038 FFF7FEFF 		bl	memset
  74:Source\FilteringFunctions/arm_fir_init_q7.c **** 
  75:Source\FilteringFunctions/arm_fir_init_q7.c ****   /* Assign state pointer */
  76:Source\FilteringFunctions/arm_fir_init_q7.c ****   S->pState = pState;
  65              		.loc 1 76 0
  66 003c FB68     		ldr	r3, [r7, #12]
  67 003e 3A68     		ldr	r2, [r7]
  68 0040 5A60     		str	r2, [r3, #4]
  77:Source\FilteringFunctions/arm_fir_init_q7.c **** 
  78:Source\FilteringFunctions/arm_fir_init_q7.c **** }
  69              		.loc 1 78 0
  70 0042 BD46     		mov	sp, r7
  71 0044 04B0     		add	sp, sp, #16
  72              		@ sp needed
  73 0046 80BD     		pop	{r7, pc}
  74              		.cfi_endproc
  75              	.LFE82:
  76              		.size	arm_fir_init_q7, .-arm_fir_init_q7
  77              		.text
  78              	.Letext0:
  79              		.file 2 "c:\\program files (x86)\\cypress\\psoc creator\\4.0\\psoc creator\\import\\gnu\\arm\\4.9.
  80              		.file 3 "c:\\program files (x86)\\cypress\\psoc creator\\4.0\\psoc creator\\import\\gnu\\arm\\4.9.
  81              		.file 4 ".\\Include/arm_math.h"
  82              		.section	.debug_info,"",%progbits
  83              	.Ldebug_info0:
  84 0000 7C010000 		.4byte	0x17c
  85 0004 0400     		.2byte	0x4
  86 0006 00000000 		.4byte	.Ldebug_abbrev0
  87 000a 04       		.byte	0x4
  88 000b 01       		.uleb128 0x1
  89 000c 00010000 		.4byte	.LASF26
  90 0010 01       		.byte	0x1
  91 0011 9B010000 		.4byte	.LASF27
  92 0015 10000000 		.4byte	.LASF28
  93 0019 00000000 		.4byte	.Ldebug_ranges0+0
ARM GAS  C:\Users\fneves\AppData\Local\Temp\ccL8jykM.s 			page 4


  94 001d 00000000 		.4byte	0
  95 0021 00000000 		.4byte	.Ldebug_line0
  96 0025 02       		.uleb128 0x2
  97 0026 00000000 		.4byte	.LASF3
  98 002a 02       		.byte	0x2
  99 002b 1B       		.byte	0x1b
 100 002c 30000000 		.4byte	0x30
 101 0030 03       		.uleb128 0x3
 102 0031 01       		.byte	0x1
 103 0032 06       		.byte	0x6
 104 0033 25020000 		.4byte	.LASF0
 105 0037 03       		.uleb128 0x3
 106 0038 01       		.byte	0x1
 107 0039 08       		.byte	0x8
 108 003a 63000000 		.4byte	.LASF1
 109 003e 03       		.uleb128 0x3
 110 003f 02       		.byte	0x2
 111 0040 05       		.byte	0x5
 112 0041 E4010000 		.4byte	.LASF2
 113 0045 02       		.uleb128 0x2
 114 0046 A6000000 		.4byte	.LASF4
 115 004a 02       		.byte	0x2
 116 004b 2B       		.byte	0x2b
 117 004c 50000000 		.4byte	0x50
 118 0050 03       		.uleb128 0x3
 119 0051 02       		.byte	0x2
 120 0052 07       		.byte	0x7
 121 0053 83000000 		.4byte	.LASF5
 122 0057 03       		.uleb128 0x3
 123 0058 04       		.byte	0x4
 124 0059 05       		.byte	0x5
 125 005a 10020000 		.4byte	.LASF6
 126 005e 02       		.uleb128 0x2
 127 005f B8000000 		.4byte	.LASF7
 128 0063 02       		.byte	0x2
 129 0064 41       		.byte	0x41
 130 0065 69000000 		.4byte	0x69
 131 0069 03       		.uleb128 0x3
 132 006a 04       		.byte	0x4
 133 006b 07       		.byte	0x7
 134 006c 71000000 		.4byte	.LASF8
 135 0070 03       		.uleb128 0x3
 136 0071 08       		.byte	0x8
 137 0072 05       		.byte	0x5
 138 0073 C7010000 		.4byte	.LASF9
 139 0077 03       		.uleb128 0x3
 140 0078 08       		.byte	0x8
 141 0079 07       		.byte	0x7
 142 007a E9000000 		.4byte	.LASF10
 143 007e 04       		.uleb128 0x4
 144 007f 04       		.byte	0x4
 145 0080 05       		.byte	0x5
 146 0081 696E7400 		.ascii	"int\000"
 147 0085 03       		.uleb128 0x3
 148 0086 04       		.byte	0x4
 149 0087 07       		.byte	0x7
 150 0088 C8000000 		.4byte	.LASF11
ARM GAS  C:\Users\fneves\AppData\Local\Temp\ccL8jykM.s 			page 5


 151 008c 02       		.uleb128 0x2
 152 008d 56000000 		.4byte	.LASF12
 153 0091 03       		.byte	0x3
 154 0092 14       		.byte	0x14
 155 0093 25000000 		.4byte	0x25
 156 0097 02       		.uleb128 0x2
 157 0098 F6010000 		.4byte	.LASF13
 158 009c 03       		.byte	0x3
 159 009d 21       		.byte	0x21
 160 009e 45000000 		.4byte	0x45
 161 00a2 02       		.uleb128 0x2
 162 00a3 07020000 		.4byte	.LASF14
 163 00a7 03       		.byte	0x3
 164 00a8 2D       		.byte	0x2d
 165 00a9 5E000000 		.4byte	0x5e
 166 00ad 03       		.uleb128 0x3
 167 00ae 04       		.byte	0x4
 168 00af 07       		.byte	0x7
 169 00b0 92010000 		.4byte	.LASF15
 170 00b4 03       		.uleb128 0x3
 171 00b5 01       		.byte	0x1
 172 00b6 08       		.byte	0x8
 173 00b7 DF010000 		.4byte	.LASF16
 174 00bb 03       		.uleb128 0x3
 175 00bc 08       		.byte	0x8
 176 00bd 04       		.byte	0x4
 177 00be B1000000 		.4byte	.LASF17
 178 00c2 03       		.uleb128 0x3
 179 00c3 04       		.byte	0x4
 180 00c4 04       		.byte	0x4
 181 00c5 5D000000 		.4byte	.LASF18
 182 00c9 03       		.uleb128 0x3
 183 00ca 08       		.byte	0x8
 184 00cb 04       		.byte	0x4
 185 00cc 19020000 		.4byte	.LASF19
 186 00d0 05       		.uleb128 0x5
 187 00d1 C3000000 		.4byte	.LASF20
 188 00d5 04       		.byte	0x4
 189 00d6 9101     		.2byte	0x191
 190 00d8 8C000000 		.4byte	0x8c
 191 00dc 06       		.uleb128 0x6
 192 00dd 0C       		.byte	0xc
 193 00de 04       		.byte	0x4
 194 00df 4604     		.2byte	0x446
 195 00e1 0D010000 		.4byte	0x10d
 196 00e5 07       		.uleb128 0x7
 197 00e6 EE010000 		.4byte	.LASF21
 198 00ea 04       		.byte	0x4
 199 00eb 4804     		.2byte	0x448
 200 00ed 97000000 		.4byte	0x97
 201 00f1 00       		.byte	0
 202 00f2 07       		.uleb128 0x7
 203 00f3 09000000 		.4byte	.LASF22
 204 00f7 04       		.byte	0x4
 205 00f8 4904     		.2byte	0x449
 206 00fa 0D010000 		.4byte	0x10d
 207 00fe 04       		.byte	0x4
ARM GAS  C:\Users\fneves\AppData\Local\Temp\ccL8jykM.s 			page 6


 208 00ff 07       		.uleb128 0x7
 209 0100 FF010000 		.4byte	.LASF23
 210 0104 04       		.byte	0x4
 211 0105 4A04     		.2byte	0x44a
 212 0107 0D010000 		.4byte	0x10d
 213 010b 08       		.byte	0x8
 214 010c 00       		.byte	0
 215 010d 08       		.uleb128 0x8
 216 010e 04       		.byte	0x4
 217 010f D0000000 		.4byte	0xd0
 218 0113 05       		.uleb128 0x5
 219 0114 D5000000 		.4byte	.LASF24
 220 0118 04       		.byte	0x4
 221 0119 4B04     		.2byte	0x44b
 222 011b DC000000 		.4byte	0xdc
 223 011f 09       		.uleb128 0x9
 224 0120 96000000 		.4byte	.LASF29
 225 0124 01       		.byte	0x1
 226 0125 3A       		.byte	0x3a
 227 0126 00000000 		.4byte	.LFB82
 228 012a 48000000 		.4byte	.LFE82-.LFB82
 229 012e 01       		.uleb128 0x1
 230 012f 9C       		.byte	0x9c
 231 0130 79010000 		.4byte	0x179
 232 0134 0A       		.uleb128 0xa
 233 0135 5300     		.ascii	"S\000"
 234 0137 01       		.byte	0x1
 235 0138 3B       		.byte	0x3b
 236 0139 79010000 		.4byte	0x179
 237 013d 02       		.uleb128 0x2
 238 013e 91       		.byte	0x91
 239 013f 74       		.sleb128 -12
 240 0140 0B       		.uleb128 0xb
 241 0141 EE010000 		.4byte	.LASF21
 242 0145 01       		.byte	0x1
 243 0146 3C       		.byte	0x3c
 244 0147 97000000 		.4byte	0x97
 245 014b 02       		.uleb128 0x2
 246 014c 91       		.byte	0x91
 247 014d 72       		.sleb128 -14
 248 014e 0B       		.uleb128 0xb
 249 014f FF010000 		.4byte	.LASF23
 250 0153 01       		.byte	0x1
 251 0154 3D       		.byte	0x3d
 252 0155 0D010000 		.4byte	0x10d
 253 0159 02       		.uleb128 0x2
 254 015a 91       		.byte	0x91
 255 015b 6C       		.sleb128 -20
 256 015c 0B       		.uleb128 0xb
 257 015d 09000000 		.4byte	.LASF22
 258 0161 01       		.byte	0x1
 259 0162 3E       		.byte	0x3e
 260 0163 0D010000 		.4byte	0x10d
 261 0167 02       		.uleb128 0x2
 262 0168 91       		.byte	0x91
 263 0169 68       		.sleb128 -24
 264 016a 0B       		.uleb128 0xb
ARM GAS  C:\Users\fneves\AppData\Local\Temp\ccL8jykM.s 			page 7


 265 016b D5010000 		.4byte	.LASF25
 266 016f 01       		.byte	0x1
 267 0170 3F       		.byte	0x3f
 268 0171 A2000000 		.4byte	0xa2
 269 0175 02       		.uleb128 0x2
 270 0176 91       		.byte	0x91
 271 0177 00       		.sleb128 0
 272 0178 00       		.byte	0
 273 0179 08       		.uleb128 0x8
 274 017a 04       		.byte	0x4
 275 017b 13010000 		.4byte	0x113
 276 017f 00       		.byte	0
 277              		.section	.debug_abbrev,"",%progbits
 278              	.Ldebug_abbrev0:
 279 0000 01       		.uleb128 0x1
 280 0001 11       		.uleb128 0x11
 281 0002 01       		.byte	0x1
 282 0003 25       		.uleb128 0x25
 283 0004 0E       		.uleb128 0xe
 284 0005 13       		.uleb128 0x13
 285 0006 0B       		.uleb128 0xb
 286 0007 03       		.uleb128 0x3
 287 0008 0E       		.uleb128 0xe
 288 0009 1B       		.uleb128 0x1b
 289 000a 0E       		.uleb128 0xe
 290 000b 55       		.uleb128 0x55
 291 000c 17       		.uleb128 0x17
 292 000d 11       		.uleb128 0x11
 293 000e 01       		.uleb128 0x1
 294 000f 10       		.uleb128 0x10
 295 0010 17       		.uleb128 0x17
 296 0011 00       		.byte	0
 297 0012 00       		.byte	0
 298 0013 02       		.uleb128 0x2
 299 0014 16       		.uleb128 0x16
 300 0015 00       		.byte	0
 301 0016 03       		.uleb128 0x3
 302 0017 0E       		.uleb128 0xe
 303 0018 3A       		.uleb128 0x3a
 304 0019 0B       		.uleb128 0xb
 305 001a 3B       		.uleb128 0x3b
 306 001b 0B       		.uleb128 0xb
 307 001c 49       		.uleb128 0x49
 308 001d 13       		.uleb128 0x13
 309 001e 00       		.byte	0
 310 001f 00       		.byte	0
 311 0020 03       		.uleb128 0x3
 312 0021 24       		.uleb128 0x24
 313 0022 00       		.byte	0
 314 0023 0B       		.uleb128 0xb
 315 0024 0B       		.uleb128 0xb
 316 0025 3E       		.uleb128 0x3e
 317 0026 0B       		.uleb128 0xb
 318 0027 03       		.uleb128 0x3
 319 0028 0E       		.uleb128 0xe
 320 0029 00       		.byte	0
 321 002a 00       		.byte	0
ARM GAS  C:\Users\fneves\AppData\Local\Temp\ccL8jykM.s 			page 8


 322 002b 04       		.uleb128 0x4
 323 002c 24       		.uleb128 0x24
 324 002d 00       		.byte	0
 325 002e 0B       		.uleb128 0xb
 326 002f 0B       		.uleb128 0xb
 327 0030 3E       		.uleb128 0x3e
 328 0031 0B       		.uleb128 0xb
 329 0032 03       		.uleb128 0x3
 330 0033 08       		.uleb128 0x8
 331 0034 00       		.byte	0
 332 0035 00       		.byte	0
 333 0036 05       		.uleb128 0x5
 334 0037 16       		.uleb128 0x16
 335 0038 00       		.byte	0
 336 0039 03       		.uleb128 0x3
 337 003a 0E       		.uleb128 0xe
 338 003b 3A       		.uleb128 0x3a
 339 003c 0B       		.uleb128 0xb
 340 003d 3B       		.uleb128 0x3b
 341 003e 05       		.uleb128 0x5
 342 003f 49       		.uleb128 0x49
 343 0040 13       		.uleb128 0x13
 344 0041 00       		.byte	0
 345 0042 00       		.byte	0
 346 0043 06       		.uleb128 0x6
 347 0044 13       		.uleb128 0x13
 348 0045 01       		.byte	0x1
 349 0046 0B       		.uleb128 0xb
 350 0047 0B       		.uleb128 0xb
 351 0048 3A       		.uleb128 0x3a
 352 0049 0B       		.uleb128 0xb
 353 004a 3B       		.uleb128 0x3b
 354 004b 05       		.uleb128 0x5
 355 004c 01       		.uleb128 0x1
 356 004d 13       		.uleb128 0x13
 357 004e 00       		.byte	0
 358 004f 00       		.byte	0
 359 0050 07       		.uleb128 0x7
 360 0051 0D       		.uleb128 0xd
 361 0052 00       		.byte	0
 362 0053 03       		.uleb128 0x3
 363 0054 0E       		.uleb128 0xe
 364 0055 3A       		.uleb128 0x3a
 365 0056 0B       		.uleb128 0xb
 366 0057 3B       		.uleb128 0x3b
 367 0058 05       		.uleb128 0x5
 368 0059 49       		.uleb128 0x49
 369 005a 13       		.uleb128 0x13
 370 005b 38       		.uleb128 0x38
 371 005c 0B       		.uleb128 0xb
 372 005d 00       		.byte	0
 373 005e 00       		.byte	0
 374 005f 08       		.uleb128 0x8
 375 0060 0F       		.uleb128 0xf
 376 0061 00       		.byte	0
 377 0062 0B       		.uleb128 0xb
 378 0063 0B       		.uleb128 0xb
ARM GAS  C:\Users\fneves\AppData\Local\Temp\ccL8jykM.s 			page 9


 379 0064 49       		.uleb128 0x49
 380 0065 13       		.uleb128 0x13
 381 0066 00       		.byte	0
 382 0067 00       		.byte	0
 383 0068 09       		.uleb128 0x9
 384 0069 2E       		.uleb128 0x2e
 385 006a 01       		.byte	0x1
 386 006b 3F       		.uleb128 0x3f
 387 006c 19       		.uleb128 0x19
 388 006d 03       		.uleb128 0x3
 389 006e 0E       		.uleb128 0xe
 390 006f 3A       		.uleb128 0x3a
 391 0070 0B       		.uleb128 0xb
 392 0071 3B       		.uleb128 0x3b
 393 0072 0B       		.uleb128 0xb
 394 0073 27       		.uleb128 0x27
 395 0074 19       		.uleb128 0x19
 396 0075 11       		.uleb128 0x11
 397 0076 01       		.uleb128 0x1
 398 0077 12       		.uleb128 0x12
 399 0078 06       		.uleb128 0x6
 400 0079 40       		.uleb128 0x40
 401 007a 18       		.uleb128 0x18
 402 007b 9642     		.uleb128 0x2116
 403 007d 19       		.uleb128 0x19
 404 007e 01       		.uleb128 0x1
 405 007f 13       		.uleb128 0x13
 406 0080 00       		.byte	0
 407 0081 00       		.byte	0
 408 0082 0A       		.uleb128 0xa
 409 0083 05       		.uleb128 0x5
 410 0084 00       		.byte	0
 411 0085 03       		.uleb128 0x3
 412 0086 08       		.uleb128 0x8
 413 0087 3A       		.uleb128 0x3a
 414 0088 0B       		.uleb128 0xb
 415 0089 3B       		.uleb128 0x3b
 416 008a 0B       		.uleb128 0xb
 417 008b 49       		.uleb128 0x49
 418 008c 13       		.uleb128 0x13
 419 008d 02       		.uleb128 0x2
 420 008e 18       		.uleb128 0x18
 421 008f 00       		.byte	0
 422 0090 00       		.byte	0
 423 0091 0B       		.uleb128 0xb
 424 0092 05       		.uleb128 0x5
 425 0093 00       		.byte	0
 426 0094 03       		.uleb128 0x3
 427 0095 0E       		.uleb128 0xe
 428 0096 3A       		.uleb128 0x3a
 429 0097 0B       		.uleb128 0xb
 430 0098 3B       		.uleb128 0x3b
 431 0099 0B       		.uleb128 0xb
 432 009a 49       		.uleb128 0x49
 433 009b 13       		.uleb128 0x13
 434 009c 02       		.uleb128 0x2
 435 009d 18       		.uleb128 0x18
ARM GAS  C:\Users\fneves\AppData\Local\Temp\ccL8jykM.s 			page 10


 436 009e 00       		.byte	0
 437 009f 00       		.byte	0
 438 00a0 00       		.byte	0
 439              		.section	.debug_aranges,"",%progbits
 440 0000 1C000000 		.4byte	0x1c
 441 0004 0200     		.2byte	0x2
 442 0006 00000000 		.4byte	.Ldebug_info0
 443 000a 04       		.byte	0x4
 444 000b 00       		.byte	0
 445 000c 0000     		.2byte	0
 446 000e 0000     		.2byte	0
 447 0010 00000000 		.4byte	.LFB82
 448 0014 48000000 		.4byte	.LFE82-.LFB82
 449 0018 00000000 		.4byte	0
 450 001c 00000000 		.4byte	0
 451              		.section	.debug_ranges,"",%progbits
 452              	.Ldebug_ranges0:
 453 0000 00000000 		.4byte	.LFB82
 454 0004 48000000 		.4byte	.LFE82
 455 0008 00000000 		.4byte	0
 456 000c 00000000 		.4byte	0
 457              		.section	.debug_line,"",%progbits
 458              	.Ldebug_line0:
 459 0000 6C010000 		.section	.debug_str,"MS",%progbits,1
 459      02005201 
 459      00000201 
 459      FB0E0D00 
 459      01010101 
 460              	.LASF3:
 461 0000 5F5F696E 		.ascii	"__int8_t\000"
 461      74385F74 
 461      00
 462              	.LASF22:
 463 0009 70537461 		.ascii	"pState\000"
 463      746500
 464              	.LASF28:
 465 0010 433A5C55 		.ascii	"C:\\Users\\fneves\\Documents\\PSoC Creator\\wp_1\\e"
 465      73657273 
 465      5C666E65 
 465      7665735C 
 465      446F6375 
 466 003d 6E67696E 		.ascii	"ngine_speed_sensor.cydsn\000"
 466      655F7370 
 466      6565645F 
 466      73656E73 
 466      6F722E63 
 467              	.LASF12:
 468 0056 696E7438 		.ascii	"int8_t\000"
 468      5F7400
 469              	.LASF18:
 470 005d 666C6F61 		.ascii	"float\000"
 470      7400
 471              	.LASF1:
 472 0063 756E7369 		.ascii	"unsigned char\000"
 472      676E6564 
 472      20636861 
 472      7200
ARM GAS  C:\Users\fneves\AppData\Local\Temp\ccL8jykM.s 			page 11


 473              	.LASF8:
 474 0071 6C6F6E67 		.ascii	"long unsigned int\000"
 474      20756E73 
 474      69676E65 
 474      6420696E 
 474      7400
 475              	.LASF5:
 476 0083 73686F72 		.ascii	"short unsigned int\000"
 476      7420756E 
 476      7369676E 
 476      65642069 
 476      6E7400
 477              	.LASF29:
 478 0096 61726D5F 		.ascii	"arm_fir_init_q7\000"
 478      6669725F 
 478      696E6974 
 478      5F713700 
 479              	.LASF4:
 480 00a6 5F5F7569 		.ascii	"__uint16_t\000"
 480      6E743136 
 480      5F7400
 481              	.LASF17:
 482 00b1 646F7562 		.ascii	"double\000"
 482      6C6500
 483              	.LASF7:
 484 00b8 5F5F7569 		.ascii	"__uint32_t\000"
 484      6E743332 
 484      5F7400
 485              	.LASF20:
 486 00c3 71375F74 		.ascii	"q7_t\000"
 486      00
 487              	.LASF11:
 488 00c8 756E7369 		.ascii	"unsigned int\000"
 488      676E6564 
 488      20696E74 
 488      00
 489              	.LASF24:
 490 00d5 61726D5F 		.ascii	"arm_fir_instance_q7\000"
 490      6669725F 
 490      696E7374 
 490      616E6365 
 490      5F713700 
 491              	.LASF10:
 492 00e9 6C6F6E67 		.ascii	"long long unsigned int\000"
 492      206C6F6E 
 492      6720756E 
 492      7369676E 
 492      65642069 
 493              	.LASF26:
 494 0100 474E5520 		.ascii	"GNU C 4.9.3 20150303 (release) [ARM/embedded-4_9-br"
 494      4320342E 
 494      392E3320 
 494      32303135 
 494      30333033 
 495 0133 616E6368 		.ascii	"anch revision 221220] -mcpu=cortex-m0plus -mthumb -"
 495      20726576 
 495      6973696F 
ARM GAS  C:\Users\fneves\AppData\Local\Temp\ccL8jykM.s 			page 12


 495      6E203232 
 495      31323230 
 496 0166 67202D4F 		.ascii	"g -O0 -ffunction-sections -ffat-lto-objects\000"
 496      30202D66 
 496      66756E63 
 496      74696F6E 
 496      2D736563 
 497              	.LASF15:
 498 0192 73697A65 		.ascii	"sizetype\000"
 498      74797065 
 498      00
 499              	.LASF27:
 500 019b 536F7572 		.ascii	"Source\\FilteringFunctions\\arm_fir_init_q7.c\000"
 500      63655C46 
 500      696C7465 
 500      72696E67 
 500      46756E63 
 501              	.LASF9:
 502 01c7 6C6F6E67 		.ascii	"long long int\000"
 502      206C6F6E 
 502      6720696E 
 502      7400
 503              	.LASF25:
 504 01d5 626C6F63 		.ascii	"blockSize\000"
 504      6B53697A 
 504      6500
 505              	.LASF16:
 506 01df 63686172 		.ascii	"char\000"
 506      00
 507              	.LASF2:
 508 01e4 73686F72 		.ascii	"short int\000"
 508      7420696E 
 508      7400
 509              	.LASF21:
 510 01ee 6E756D54 		.ascii	"numTaps\000"
 510      61707300 
 511              	.LASF13:
 512 01f6 75696E74 		.ascii	"uint16_t\000"
 512      31365F74 
 512      00
 513              	.LASF23:
 514 01ff 70436F65 		.ascii	"pCoeffs\000"
 514      66667300 
 515              	.LASF14:
 516 0207 75696E74 		.ascii	"uint32_t\000"
 516      33325F74 
 516      00
 517              	.LASF6:
 518 0210 6C6F6E67 		.ascii	"long int\000"
 518      20696E74 
 518      00
 519              	.LASF19:
 520 0219 6C6F6E67 		.ascii	"long double\000"
 520      20646F75 
 520      626C6500 
 521              	.LASF0:
 522 0225 7369676E 		.ascii	"signed char\000"
ARM GAS  C:\Users\fneves\AppData\Local\Temp\ccL8jykM.s 			page 13


 522      65642063 
 522      68617200 
 523              		.ident	"GCC: (GNU Tools for ARM Embedded Processors) 4.9.3 20150303 (release) [ARM/embedded-4_9-br
