ARM GAS  C:\Users\fneves\AppData\Local\Temp\ccDCqtyq.s 			page 1


   1              		.cpu cortex-m0plus
   2              		.fpu softvfp
   3              		.eabi_attribute 20, 1
   4              		.eabi_attribute 21, 1
   5              		.eabi_attribute 23, 3
   6              		.eabi_attribute 24, 1
   7              		.eabi_attribute 25, 1
   8              		.eabi_attribute 26, 1
   9              		.eabi_attribute 30, 6
  10              		.eabi_attribute 34, 0
  11              		.eabi_attribute 18, 4
  12              		.code	16
  13              		.file	"arm_q15_to_float.c"
  14              		.text
  15              	.Ltext0:
  16              		.cfi_sections	.debug_frame
  17              		.global	__aeabi_i2f
  18              		.global	__aeabi_fdiv
  19              		.section	.text.arm_q15_to_float,"ax",%progbits
  20              		.align	2
  21              		.global	arm_q15_to_float
  22              		.code	16
  23              		.thumb_func
  24              		.type	arm_q15_to_float, %function
  25              	arm_q15_to_float:
  26              	.LFB82:
  27              		.file 1 "Source\\SupportFunctions\\arm_q15_to_float.c"
   1:Source\SupportFunctions/arm_q15_to_float.c **** /* ----------------------------------------------------------------------
   2:Source\SupportFunctions/arm_q15_to_float.c ****  * Project:      CMSIS DSP Library
   3:Source\SupportFunctions/arm_q15_to_float.c ****  * Title:        arm_q15_to_float.c
   4:Source\SupportFunctions/arm_q15_to_float.c ****  * Description:  Converts the elements of the Q15 vector to floating-point vector
   5:Source\SupportFunctions/arm_q15_to_float.c ****  *
   6:Source\SupportFunctions/arm_q15_to_float.c ****  * $Date:        27. January 2017
   7:Source\SupportFunctions/arm_q15_to_float.c ****  * $Revision:    V.1.5.1
   8:Source\SupportFunctions/arm_q15_to_float.c ****  *
   9:Source\SupportFunctions/arm_q15_to_float.c ****  * Target Processor: Cortex-M cores
  10:Source\SupportFunctions/arm_q15_to_float.c ****  * -------------------------------------------------------------------- */
  11:Source\SupportFunctions/arm_q15_to_float.c **** /*
  12:Source\SupportFunctions/arm_q15_to_float.c ****  * Copyright (C) 2010-2017 ARM Limited or its affiliates. All rights reserved.
  13:Source\SupportFunctions/arm_q15_to_float.c ****  *
  14:Source\SupportFunctions/arm_q15_to_float.c ****  * SPDX-License-Identifier: Apache-2.0
  15:Source\SupportFunctions/arm_q15_to_float.c ****  *
  16:Source\SupportFunctions/arm_q15_to_float.c ****  * Licensed under the Apache License, Version 2.0 (the License); you may
  17:Source\SupportFunctions/arm_q15_to_float.c ****  * not use this file except in compliance with the License.
  18:Source\SupportFunctions/arm_q15_to_float.c ****  * You may obtain a copy of the License at
  19:Source\SupportFunctions/arm_q15_to_float.c ****  *
  20:Source\SupportFunctions/arm_q15_to_float.c ****  * www.apache.org/licenses/LICENSE-2.0
  21:Source\SupportFunctions/arm_q15_to_float.c ****  *
  22:Source\SupportFunctions/arm_q15_to_float.c ****  * Unless required by applicable law or agreed to in writing, software
  23:Source\SupportFunctions/arm_q15_to_float.c ****  * distributed under the License is distributed on an AS IS BASIS, WITHOUT
  24:Source\SupportFunctions/arm_q15_to_float.c ****  * WARRANTIES OR CONDITIONS OF ANY KIND, either express or implied.
  25:Source\SupportFunctions/arm_q15_to_float.c ****  * See the License for the specific language governing permissions and
  26:Source\SupportFunctions/arm_q15_to_float.c ****  * limitations under the License.
  27:Source\SupportFunctions/arm_q15_to_float.c ****  */
  28:Source\SupportFunctions/arm_q15_to_float.c **** 
  29:Source\SupportFunctions/arm_q15_to_float.c **** #include "arm_math.h"
  30:Source\SupportFunctions/arm_q15_to_float.c **** 
ARM GAS  C:\Users\fneves\AppData\Local\Temp\ccDCqtyq.s 			page 2


  31:Source\SupportFunctions/arm_q15_to_float.c **** /**
  32:Source\SupportFunctions/arm_q15_to_float.c ****  * @ingroup groupSupport
  33:Source\SupportFunctions/arm_q15_to_float.c ****  */
  34:Source\SupportFunctions/arm_q15_to_float.c **** 
  35:Source\SupportFunctions/arm_q15_to_float.c **** /**
  36:Source\SupportFunctions/arm_q15_to_float.c ****  * @defgroup q15_to_x  Convert 16-bit Integer value
  37:Source\SupportFunctions/arm_q15_to_float.c ****  */
  38:Source\SupportFunctions/arm_q15_to_float.c **** 
  39:Source\SupportFunctions/arm_q15_to_float.c **** /**
  40:Source\SupportFunctions/arm_q15_to_float.c ****  * @addtogroup q15_to_x
  41:Source\SupportFunctions/arm_q15_to_float.c ****  * @{
  42:Source\SupportFunctions/arm_q15_to_float.c ****  */
  43:Source\SupportFunctions/arm_q15_to_float.c **** 
  44:Source\SupportFunctions/arm_q15_to_float.c **** 
  45:Source\SupportFunctions/arm_q15_to_float.c **** 
  46:Source\SupportFunctions/arm_q15_to_float.c **** 
  47:Source\SupportFunctions/arm_q15_to_float.c **** /**
  48:Source\SupportFunctions/arm_q15_to_float.c ****  * @brief  Converts the elements of the Q15 vector to floating-point vector.
  49:Source\SupportFunctions/arm_q15_to_float.c ****  * @param[in]       *pSrc points to the Q15 input vector
  50:Source\SupportFunctions/arm_q15_to_float.c ****  * @param[out]      *pDst points to the floating-point output vector
  51:Source\SupportFunctions/arm_q15_to_float.c ****  * @param[in]       blockSize length of the input vector
  52:Source\SupportFunctions/arm_q15_to_float.c ****  * @return none.
  53:Source\SupportFunctions/arm_q15_to_float.c ****  *
  54:Source\SupportFunctions/arm_q15_to_float.c ****  * \par Description:
  55:Source\SupportFunctions/arm_q15_to_float.c ****  *
  56:Source\SupportFunctions/arm_q15_to_float.c ****  * The equation used for the conversion process is:
  57:Source\SupportFunctions/arm_q15_to_float.c ****  *
  58:Source\SupportFunctions/arm_q15_to_float.c ****  * <pre>
  59:Source\SupportFunctions/arm_q15_to_float.c ****  * 	pDst[n] = (float32_t) pSrc[n] / 32768;   0 <= n < blockSize.
  60:Source\SupportFunctions/arm_q15_to_float.c ****  * </pre>
  61:Source\SupportFunctions/arm_q15_to_float.c ****  *
  62:Source\SupportFunctions/arm_q15_to_float.c ****  */
  63:Source\SupportFunctions/arm_q15_to_float.c **** 
  64:Source\SupportFunctions/arm_q15_to_float.c **** 
  65:Source\SupportFunctions/arm_q15_to_float.c **** void arm_q15_to_float(
  66:Source\SupportFunctions/arm_q15_to_float.c ****   q15_t * pSrc,
  67:Source\SupportFunctions/arm_q15_to_float.c ****   float32_t * pDst,
  68:Source\SupportFunctions/arm_q15_to_float.c ****   uint32_t blockSize)
  69:Source\SupportFunctions/arm_q15_to_float.c **** {
  28              		.loc 1 69 0
  29              		.cfi_startproc
  30 0000 90B5     		push	{r4, r7, lr}
  31              		.cfi_def_cfa_offset 12
  32              		.cfi_offset 4, -12
  33              		.cfi_offset 7, -8
  34              		.cfi_offset 14, -4
  35 0002 87B0     		sub	sp, sp, #28
  36              		.cfi_def_cfa_offset 40
  37 0004 00AF     		add	r7, sp, #0
  38              		.cfi_def_cfa_register 7
  39 0006 F860     		str	r0, [r7, #12]
  40 0008 B960     		str	r1, [r7, #8]
  41 000a 7A60     		str	r2, [r7, #4]
  70:Source\SupportFunctions/arm_q15_to_float.c ****   q15_t *pIn = pSrc;                             /* Src pointer */
  42              		.loc 1 70 0
  43 000c FB68     		ldr	r3, [r7, #12]
  44 000e 7B61     		str	r3, [r7, #20]
ARM GAS  C:\Users\fneves\AppData\Local\Temp\ccDCqtyq.s 			page 3


  71:Source\SupportFunctions/arm_q15_to_float.c ****   uint32_t blkCnt;                               /* loop counter */
  72:Source\SupportFunctions/arm_q15_to_float.c **** 
  73:Source\SupportFunctions/arm_q15_to_float.c **** 
  74:Source\SupportFunctions/arm_q15_to_float.c **** #if defined (ARM_MATH_DSP)
  75:Source\SupportFunctions/arm_q15_to_float.c **** 
  76:Source\SupportFunctions/arm_q15_to_float.c ****   /* Run the below code for Cortex-M4 and Cortex-M3 */
  77:Source\SupportFunctions/arm_q15_to_float.c **** 
  78:Source\SupportFunctions/arm_q15_to_float.c ****   /*loop Unrolling */
  79:Source\SupportFunctions/arm_q15_to_float.c ****   blkCnt = blockSize >> 2u;
  80:Source\SupportFunctions/arm_q15_to_float.c **** 
  81:Source\SupportFunctions/arm_q15_to_float.c ****   /* First part of the processing with loop unrolling.  Compute 4 outputs at a time.
  82:Source\SupportFunctions/arm_q15_to_float.c ****    ** a second loop below computes the remaining 1 to 3 samples. */
  83:Source\SupportFunctions/arm_q15_to_float.c ****   while (blkCnt > 0u)
  84:Source\SupportFunctions/arm_q15_to_float.c ****   {
  85:Source\SupportFunctions/arm_q15_to_float.c ****     /* C = (float32_t) A / 32768 */
  86:Source\SupportFunctions/arm_q15_to_float.c ****     /* convert from q15 to float and then store the results in the destination buffer */
  87:Source\SupportFunctions/arm_q15_to_float.c ****     *pDst++ = ((float32_t) * pIn++ / 32768.0f);
  88:Source\SupportFunctions/arm_q15_to_float.c ****     *pDst++ = ((float32_t) * pIn++ / 32768.0f);
  89:Source\SupportFunctions/arm_q15_to_float.c ****     *pDst++ = ((float32_t) * pIn++ / 32768.0f);
  90:Source\SupportFunctions/arm_q15_to_float.c ****     *pDst++ = ((float32_t) * pIn++ / 32768.0f);
  91:Source\SupportFunctions/arm_q15_to_float.c **** 
  92:Source\SupportFunctions/arm_q15_to_float.c ****     /* Decrement the loop counter */
  93:Source\SupportFunctions/arm_q15_to_float.c ****     blkCnt--;
  94:Source\SupportFunctions/arm_q15_to_float.c ****   }
  95:Source\SupportFunctions/arm_q15_to_float.c **** 
  96:Source\SupportFunctions/arm_q15_to_float.c ****   /* If the blockSize is not a multiple of 4, compute any remaining output samples here.
  97:Source\SupportFunctions/arm_q15_to_float.c ****    ** No loop unrolling is used. */
  98:Source\SupportFunctions/arm_q15_to_float.c ****   blkCnt = blockSize % 0x4u;
  99:Source\SupportFunctions/arm_q15_to_float.c **** 
 100:Source\SupportFunctions/arm_q15_to_float.c **** #else
 101:Source\SupportFunctions/arm_q15_to_float.c **** 
 102:Source\SupportFunctions/arm_q15_to_float.c ****   /* Run the below code for Cortex-M0 */
 103:Source\SupportFunctions/arm_q15_to_float.c **** 
 104:Source\SupportFunctions/arm_q15_to_float.c ****   /* Loop over blockSize number of values */
 105:Source\SupportFunctions/arm_q15_to_float.c ****   blkCnt = blockSize;
  45              		.loc 1 105 0
  46 0010 7B68     		ldr	r3, [r7, #4]
  47 0012 3B61     		str	r3, [r7, #16]
 106:Source\SupportFunctions/arm_q15_to_float.c **** 
 107:Source\SupportFunctions/arm_q15_to_float.c **** #endif /* #if defined (ARM_MATH_DSP) */
 108:Source\SupportFunctions/arm_q15_to_float.c **** 
 109:Source\SupportFunctions/arm_q15_to_float.c ****   while (blkCnt > 0u)
  48              		.loc 1 109 0
  49 0014 15E0     		b	.L2
  50              	.L3:
 110:Source\SupportFunctions/arm_q15_to_float.c ****   {
 111:Source\SupportFunctions/arm_q15_to_float.c ****     /* C = (float32_t) A / 32768 */
 112:Source\SupportFunctions/arm_q15_to_float.c ****     /* convert from q15 to float and then store the results in the destination buffer */
 113:Source\SupportFunctions/arm_q15_to_float.c ****     *pDst++ = ((float32_t) * pIn++ / 32768.0f);
  51              		.loc 1 113 0
  52 0016 BC68     		ldr	r4, [r7, #8]
  53 0018 231D     		add	r3, r4, #4
  54 001a BB60     		str	r3, [r7, #8]
  55 001c 7B69     		ldr	r3, [r7, #20]
  56 001e 9A1C     		add	r2, r3, #2
  57 0020 7A61     		str	r2, [r7, #20]
  58 0022 1B88     		ldrh	r3, [r3]
ARM GAS  C:\Users\fneves\AppData\Local\Temp\ccDCqtyq.s 			page 4


  59 0024 1BB2     		sxth	r3, r3
  60 0026 181C     		mov	r0, r3
  61 0028 FFF7FEFF 		bl	__aeabi_i2f
  62 002c 031C     		add	r3, r0, #0
  63 002e 181C     		add	r0, r3, #0
  64 0030 8E21     		mov	r1, #142
  65 0032 C905     		lsl	r1, r1, #23
  66 0034 FFF7FEFF 		bl	__aeabi_fdiv
  67 0038 031C     		add	r3, r0, #0
  68 003a 2360     		str	r3, [r4]
 114:Source\SupportFunctions/arm_q15_to_float.c **** 
 115:Source\SupportFunctions/arm_q15_to_float.c ****     /* Decrement the loop counter */
 116:Source\SupportFunctions/arm_q15_to_float.c ****     blkCnt--;
  69              		.loc 1 116 0
  70 003c 3B69     		ldr	r3, [r7, #16]
  71 003e 013B     		sub	r3, r3, #1
  72 0040 3B61     		str	r3, [r7, #16]
  73              	.L2:
 109:Source\SupportFunctions/arm_q15_to_float.c ****   {
  74              		.loc 1 109 0
  75 0042 3B69     		ldr	r3, [r7, #16]
  76 0044 002B     		cmp	r3, #0
  77 0046 E6D1     		bne	.L3
 117:Source\SupportFunctions/arm_q15_to_float.c ****   }
 118:Source\SupportFunctions/arm_q15_to_float.c **** }
  78              		.loc 1 118 0
  79 0048 BD46     		mov	sp, r7
  80 004a 07B0     		add	sp, sp, #28
  81              		@ sp needed
  82 004c 90BD     		pop	{r4, r7, pc}
  83              		.cfi_endproc
  84              	.LFE82:
  85              		.size	arm_q15_to_float, .-arm_q15_to_float
  86 004e C046     		.text
  87              	.Letext0:
  88              		.file 2 "c:\\program files (x86)\\cypress\\psoc creator\\4.0\\psoc creator\\import\\gnu\\arm\\4.9.
  89              		.file 3 "c:\\program files (x86)\\cypress\\psoc creator\\4.0\\psoc creator\\import\\gnu\\arm\\4.9.
  90              		.file 4 ".\\Include/arm_math.h"
  91              		.section	.debug_info,"",%progbits
  92              	.Ldebug_info0:
  93 0000 33010000 		.4byte	0x133
  94 0004 0400     		.2byte	0x4
  95 0006 00000000 		.4byte	.Ldebug_abbrev0
  96 000a 04       		.byte	0x4
  97 000b 01       		.uleb128 0x1
  98 000c 7E010000 		.4byte	.LASF24
  99 0010 01       		.byte	0x1
 100 0011 6F000000 		.4byte	.LASF25
 101 0015 07010000 		.4byte	.LASF26
 102 0019 00000000 		.4byte	.Ldebug_ranges0+0
 103 001d 00000000 		.4byte	0
 104 0021 00000000 		.4byte	.Ldebug_line0
 105 0025 02       		.uleb128 0x2
 106 0026 01       		.byte	0x1
 107 0027 06       		.byte	0x6
 108 0028 EF000000 		.4byte	.LASF0
 109 002c 02       		.uleb128 0x2
ARM GAS  C:\Users\fneves\AppData\Local\Temp\ccDCqtyq.s 			page 5


 110 002d 01       		.byte	0x1
 111 002e 08       		.byte	0x8
 112 002f A4000000 		.4byte	.LASF1
 113 0033 03       		.uleb128 0x3
 114 0034 0E000000 		.4byte	.LASF5
 115 0038 02       		.byte	0x2
 116 0039 29       		.byte	0x29
 117 003a 3E000000 		.4byte	0x3e
 118 003e 02       		.uleb128 0x2
 119 003f 02       		.byte	0x2
 120 0040 05       		.byte	0x5
 121 0041 56010000 		.4byte	.LASF2
 122 0045 02       		.uleb128 0x2
 123 0046 02       		.byte	0x2
 124 0047 07       		.byte	0x7
 125 0048 DC000000 		.4byte	.LASF3
 126 004c 02       		.uleb128 0x2
 127 004d 04       		.byte	0x4
 128 004e 05       		.byte	0x5
 129 004f C0000000 		.4byte	.LASF4
 130 0053 03       		.uleb128 0x3
 131 0054 1D000000 		.4byte	.LASF6
 132 0058 02       		.byte	0x2
 133 0059 41       		.byte	0x41
 134 005a 5E000000 		.4byte	0x5e
 135 005e 02       		.uleb128 0x2
 136 005f 04       		.byte	0x4
 137 0060 07       		.byte	0x7
 138 0061 40000000 		.4byte	.LASF7
 139 0065 02       		.uleb128 0x2
 140 0066 08       		.byte	0x8
 141 0067 05       		.byte	0x5
 142 0068 00000000 		.4byte	.LASF8
 143 006c 02       		.uleb128 0x2
 144 006d 08       		.byte	0x8
 145 006e 07       		.byte	0x7
 146 006f 52000000 		.4byte	.LASF9
 147 0073 04       		.uleb128 0x4
 148 0074 04       		.byte	0x4
 149 0075 05       		.byte	0x5
 150 0076 696E7400 		.ascii	"int\000"
 151 007a 02       		.uleb128 0x2
 152 007b 04       		.byte	0x4
 153 007c 07       		.byte	0x7
 154 007d 60010000 		.4byte	.LASF10
 155 0081 03       		.uleb128 0x3
 156 0082 28000000 		.4byte	.LASF11
 157 0086 03       		.byte	0x3
 158 0087 20       		.byte	0x20
 159 0088 33000000 		.4byte	0x33
 160 008c 03       		.uleb128 0x3
 161 008d B7000000 		.4byte	.LASF12
 162 0091 03       		.byte	0x3
 163 0092 2D       		.byte	0x2d
 164 0093 53000000 		.4byte	0x53
 165 0097 02       		.uleb128 0x2
 166 0098 04       		.byte	0x4
ARM GAS  C:\Users\fneves\AppData\Local\Temp\ccDCqtyq.s 			page 6


 167 0099 07       		.byte	0x7
 168 009a 4D010000 		.4byte	.LASF13
 169 009e 02       		.uleb128 0x2
 170 009f 01       		.byte	0x1
 171 00a0 08       		.byte	0x8
 172 00a1 B2000000 		.4byte	.LASF14
 173 00a5 02       		.uleb128 0x2
 174 00a6 08       		.byte	0x8
 175 00a7 04       		.byte	0x4
 176 00a8 CE000000 		.4byte	.LASF15
 177 00ac 02       		.uleb128 0x2
 178 00ad 04       		.byte	0x4
 179 00ae 04       		.byte	0x4
 180 00af 69000000 		.4byte	.LASF16
 181 00b3 02       		.uleb128 0x2
 182 00b4 08       		.byte	0x8
 183 00b5 04       		.byte	0x4
 184 00b6 FB000000 		.4byte	.LASF17
 185 00ba 05       		.uleb128 0x5
 186 00bb 30000000 		.4byte	.LASF18
 187 00bf 04       		.byte	0x4
 188 00c0 9601     		.2byte	0x196
 189 00c2 81000000 		.4byte	0x81
 190 00c6 05       		.uleb128 0x5
 191 00c7 9A000000 		.4byte	.LASF19
 192 00cb 04       		.byte	0x4
 193 00cc A501     		.2byte	0x1a5
 194 00ce AC000000 		.4byte	0xac
 195 00d2 06       		.uleb128 0x6
 196 00d3 04       		.byte	0x4
 197 00d4 BA000000 		.4byte	0xba
 198 00d8 06       		.uleb128 0x6
 199 00d9 04       		.byte	0x4
 200 00da C6000000 		.4byte	0xc6
 201 00de 07       		.uleb128 0x7
 202 00df 6D010000 		.4byte	.LASF27
 203 00e3 01       		.byte	0x1
 204 00e4 41       		.byte	0x41
 205 00e5 00000000 		.4byte	.LFB82
 206 00e9 4E000000 		.4byte	.LFE82-.LFB82
 207 00ed 01       		.uleb128 0x1
 208 00ee 9C       		.byte	0x9c
 209 00ef 08       		.uleb128 0x8
 210 00f0 C9000000 		.4byte	.LASF20
 211 00f4 01       		.byte	0x1
 212 00f5 42       		.byte	0x42
 213 00f6 D2000000 		.4byte	0xd2
 214 00fa 02       		.uleb128 0x2
 215 00fb 91       		.byte	0x91
 216 00fc 64       		.sleb128 -28
 217 00fd 08       		.uleb128 0x8
 218 00fe 18000000 		.4byte	.LASF21
 219 0102 01       		.byte	0x1
 220 0103 43       		.byte	0x43
 221 0104 D8000000 		.4byte	0xd8
 222 0108 02       		.uleb128 0x2
 223 0109 91       		.byte	0x91
ARM GAS  C:\Users\fneves\AppData\Local\Temp\ccDCqtyq.s 			page 7


 224 010a 60       		.sleb128 -32
 225 010b 08       		.uleb128 0x8
 226 010c 36000000 		.4byte	.LASF22
 227 0110 01       		.byte	0x1
 228 0111 44       		.byte	0x44
 229 0112 8C000000 		.4byte	0x8c
 230 0116 02       		.uleb128 0x2
 231 0117 91       		.byte	0x91
 232 0118 5C       		.sleb128 -36
 233 0119 09       		.uleb128 0x9
 234 011a 70496E00 		.ascii	"pIn\000"
 235 011e 01       		.byte	0x1
 236 011f 46       		.byte	0x46
 237 0120 D2000000 		.4byte	0xd2
 238 0124 02       		.uleb128 0x2
 239 0125 91       		.byte	0x91
 240 0126 6C       		.sleb128 -20
 241 0127 0A       		.uleb128 0xa
 242 0128 D5000000 		.4byte	.LASF23
 243 012c 01       		.byte	0x1
 244 012d 47       		.byte	0x47
 245 012e 8C000000 		.4byte	0x8c
 246 0132 02       		.uleb128 0x2
 247 0133 91       		.byte	0x91
 248 0134 68       		.sleb128 -24
 249 0135 00       		.byte	0
 250 0136 00       		.byte	0
 251              		.section	.debug_abbrev,"",%progbits
 252              	.Ldebug_abbrev0:
 253 0000 01       		.uleb128 0x1
 254 0001 11       		.uleb128 0x11
 255 0002 01       		.byte	0x1
 256 0003 25       		.uleb128 0x25
 257 0004 0E       		.uleb128 0xe
 258 0005 13       		.uleb128 0x13
 259 0006 0B       		.uleb128 0xb
 260 0007 03       		.uleb128 0x3
 261 0008 0E       		.uleb128 0xe
 262 0009 1B       		.uleb128 0x1b
 263 000a 0E       		.uleb128 0xe
 264 000b 55       		.uleb128 0x55
 265 000c 17       		.uleb128 0x17
 266 000d 11       		.uleb128 0x11
 267 000e 01       		.uleb128 0x1
 268 000f 10       		.uleb128 0x10
 269 0010 17       		.uleb128 0x17
 270 0011 00       		.byte	0
 271 0012 00       		.byte	0
 272 0013 02       		.uleb128 0x2
 273 0014 24       		.uleb128 0x24
 274 0015 00       		.byte	0
 275 0016 0B       		.uleb128 0xb
 276 0017 0B       		.uleb128 0xb
 277 0018 3E       		.uleb128 0x3e
 278 0019 0B       		.uleb128 0xb
 279 001a 03       		.uleb128 0x3
 280 001b 0E       		.uleb128 0xe
ARM GAS  C:\Users\fneves\AppData\Local\Temp\ccDCqtyq.s 			page 8


 281 001c 00       		.byte	0
 282 001d 00       		.byte	0
 283 001e 03       		.uleb128 0x3
 284 001f 16       		.uleb128 0x16
 285 0020 00       		.byte	0
 286 0021 03       		.uleb128 0x3
 287 0022 0E       		.uleb128 0xe
 288 0023 3A       		.uleb128 0x3a
 289 0024 0B       		.uleb128 0xb
 290 0025 3B       		.uleb128 0x3b
 291 0026 0B       		.uleb128 0xb
 292 0027 49       		.uleb128 0x49
 293 0028 13       		.uleb128 0x13
 294 0029 00       		.byte	0
 295 002a 00       		.byte	0
 296 002b 04       		.uleb128 0x4
 297 002c 24       		.uleb128 0x24
 298 002d 00       		.byte	0
 299 002e 0B       		.uleb128 0xb
 300 002f 0B       		.uleb128 0xb
 301 0030 3E       		.uleb128 0x3e
 302 0031 0B       		.uleb128 0xb
 303 0032 03       		.uleb128 0x3
 304 0033 08       		.uleb128 0x8
 305 0034 00       		.byte	0
 306 0035 00       		.byte	0
 307 0036 05       		.uleb128 0x5
 308 0037 16       		.uleb128 0x16
 309 0038 00       		.byte	0
 310 0039 03       		.uleb128 0x3
 311 003a 0E       		.uleb128 0xe
 312 003b 3A       		.uleb128 0x3a
 313 003c 0B       		.uleb128 0xb
 314 003d 3B       		.uleb128 0x3b
 315 003e 05       		.uleb128 0x5
 316 003f 49       		.uleb128 0x49
 317 0040 13       		.uleb128 0x13
 318 0041 00       		.byte	0
 319 0042 00       		.byte	0
 320 0043 06       		.uleb128 0x6
 321 0044 0F       		.uleb128 0xf
 322 0045 00       		.byte	0
 323 0046 0B       		.uleb128 0xb
 324 0047 0B       		.uleb128 0xb
 325 0048 49       		.uleb128 0x49
 326 0049 13       		.uleb128 0x13
 327 004a 00       		.byte	0
 328 004b 00       		.byte	0
 329 004c 07       		.uleb128 0x7
 330 004d 2E       		.uleb128 0x2e
 331 004e 01       		.byte	0x1
 332 004f 3F       		.uleb128 0x3f
 333 0050 19       		.uleb128 0x19
 334 0051 03       		.uleb128 0x3
 335 0052 0E       		.uleb128 0xe
 336 0053 3A       		.uleb128 0x3a
 337 0054 0B       		.uleb128 0xb
ARM GAS  C:\Users\fneves\AppData\Local\Temp\ccDCqtyq.s 			page 9


 338 0055 3B       		.uleb128 0x3b
 339 0056 0B       		.uleb128 0xb
 340 0057 27       		.uleb128 0x27
 341 0058 19       		.uleb128 0x19
 342 0059 11       		.uleb128 0x11
 343 005a 01       		.uleb128 0x1
 344 005b 12       		.uleb128 0x12
 345 005c 06       		.uleb128 0x6
 346 005d 40       		.uleb128 0x40
 347 005e 18       		.uleb128 0x18
 348 005f 9642     		.uleb128 0x2116
 349 0061 19       		.uleb128 0x19
 350 0062 00       		.byte	0
 351 0063 00       		.byte	0
 352 0064 08       		.uleb128 0x8
 353 0065 05       		.uleb128 0x5
 354 0066 00       		.byte	0
 355 0067 03       		.uleb128 0x3
 356 0068 0E       		.uleb128 0xe
 357 0069 3A       		.uleb128 0x3a
 358 006a 0B       		.uleb128 0xb
 359 006b 3B       		.uleb128 0x3b
 360 006c 0B       		.uleb128 0xb
 361 006d 49       		.uleb128 0x49
 362 006e 13       		.uleb128 0x13
 363 006f 02       		.uleb128 0x2
 364 0070 18       		.uleb128 0x18
 365 0071 00       		.byte	0
 366 0072 00       		.byte	0
 367 0073 09       		.uleb128 0x9
 368 0074 34       		.uleb128 0x34
 369 0075 00       		.byte	0
 370 0076 03       		.uleb128 0x3
 371 0077 08       		.uleb128 0x8
 372 0078 3A       		.uleb128 0x3a
 373 0079 0B       		.uleb128 0xb
 374 007a 3B       		.uleb128 0x3b
 375 007b 0B       		.uleb128 0xb
 376 007c 49       		.uleb128 0x49
 377 007d 13       		.uleb128 0x13
 378 007e 02       		.uleb128 0x2
 379 007f 18       		.uleb128 0x18
 380 0080 00       		.byte	0
 381 0081 00       		.byte	0
 382 0082 0A       		.uleb128 0xa
 383 0083 34       		.uleb128 0x34
 384 0084 00       		.byte	0
 385 0085 03       		.uleb128 0x3
 386 0086 0E       		.uleb128 0xe
 387 0087 3A       		.uleb128 0x3a
 388 0088 0B       		.uleb128 0xb
 389 0089 3B       		.uleb128 0x3b
 390 008a 0B       		.uleb128 0xb
 391 008b 49       		.uleb128 0x49
 392 008c 13       		.uleb128 0x13
 393 008d 02       		.uleb128 0x2
 394 008e 18       		.uleb128 0x18
ARM GAS  C:\Users\fneves\AppData\Local\Temp\ccDCqtyq.s 			page 10


 395 008f 00       		.byte	0
 396 0090 00       		.byte	0
 397 0091 00       		.byte	0
 398              		.section	.debug_aranges,"",%progbits
 399 0000 1C000000 		.4byte	0x1c
 400 0004 0200     		.2byte	0x2
 401 0006 00000000 		.4byte	.Ldebug_info0
 402 000a 04       		.byte	0x4
 403 000b 00       		.byte	0
 404 000c 0000     		.2byte	0
 405 000e 0000     		.2byte	0
 406 0010 00000000 		.4byte	.LFB82
 407 0014 4E000000 		.4byte	.LFE82-.LFB82
 408 0018 00000000 		.4byte	0
 409 001c 00000000 		.4byte	0
 410              		.section	.debug_ranges,"",%progbits
 411              	.Ldebug_ranges0:
 412 0000 00000000 		.4byte	.LFB82
 413 0004 4E000000 		.4byte	.LFE82
 414 0008 00000000 		.4byte	0
 415 000c 00000000 		.4byte	0
 416              		.section	.debug_line,"",%progbits
 417              	.Ldebug_line0:
 418 0000 75010000 		.section	.debug_str,"MS",%progbits,1
 418      02005101 
 418      00000201 
 418      FB0E0D00 
 418      01010101 
 419              	.LASF8:
 420 0000 6C6F6E67 		.ascii	"long long int\000"
 420      206C6F6E 
 420      6720696E 
 420      7400
 421              	.LASF5:
 422 000e 5F5F696E 		.ascii	"__int16_t\000"
 422      7431365F 
 422      7400
 423              	.LASF21:
 424 0018 70447374 		.ascii	"pDst\000"
 424      00
 425              	.LASF6:
 426 001d 5F5F7569 		.ascii	"__uint32_t\000"
 426      6E743332 
 426      5F7400
 427              	.LASF11:
 428 0028 696E7431 		.ascii	"int16_t\000"
 428      365F7400 
 429              	.LASF18:
 430 0030 7131355F 		.ascii	"q15_t\000"
 430      7400
 431              	.LASF22:
 432 0036 626C6F63 		.ascii	"blockSize\000"
 432      6B53697A 
 432      6500
 433              	.LASF7:
 434 0040 6C6F6E67 		.ascii	"long unsigned int\000"
 434      20756E73 
ARM GAS  C:\Users\fneves\AppData\Local\Temp\ccDCqtyq.s 			page 11


 434      69676E65 
 434      6420696E 
 434      7400
 435              	.LASF9:
 436 0052 6C6F6E67 		.ascii	"long long unsigned int\000"
 436      206C6F6E 
 436      6720756E 
 436      7369676E 
 436      65642069 
 437              	.LASF16:
 438 0069 666C6F61 		.ascii	"float\000"
 438      7400
 439              	.LASF25:
 440 006f 536F7572 		.ascii	"Source\\SupportFunctions\\arm_q15_to_float.c\000"
 440      63655C53 
 440      7570706F 
 440      72744675 
 440      6E637469 
 441              	.LASF19:
 442 009a 666C6F61 		.ascii	"float32_t\000"
 442      7433325F 
 442      7400
 443              	.LASF1:
 444 00a4 756E7369 		.ascii	"unsigned char\000"
 444      676E6564 
 444      20636861 
 444      7200
 445              	.LASF14:
 446 00b2 63686172 		.ascii	"char\000"
 446      00
 447              	.LASF12:
 448 00b7 75696E74 		.ascii	"uint32_t\000"
 448      33325F74 
 448      00
 449              	.LASF4:
 450 00c0 6C6F6E67 		.ascii	"long int\000"
 450      20696E74 
 450      00
 451              	.LASF20:
 452 00c9 70537263 		.ascii	"pSrc\000"
 452      00
 453              	.LASF15:
 454 00ce 646F7562 		.ascii	"double\000"
 454      6C6500
 455              	.LASF23:
 456 00d5 626C6B43 		.ascii	"blkCnt\000"
 456      6E7400
 457              	.LASF3:
 458 00dc 73686F72 		.ascii	"short unsigned int\000"
 458      7420756E 
 458      7369676E 
 458      65642069 
 458      6E7400
 459              	.LASF0:
 460 00ef 7369676E 		.ascii	"signed char\000"
 460      65642063 
 460      68617200 
ARM GAS  C:\Users\fneves\AppData\Local\Temp\ccDCqtyq.s 			page 12


 461              	.LASF17:
 462 00fb 6C6F6E67 		.ascii	"long double\000"
 462      20646F75 
 462      626C6500 
 463              	.LASF26:
 464 0107 433A5C55 		.ascii	"C:\\Users\\fneves\\Documents\\PSoC Creator\\wp_1\\e"
 464      73657273 
 464      5C666E65 
 464      7665735C 
 464      446F6375 
 465 0134 6E67696E 		.ascii	"ngine_speed_sensor.cydsn\000"
 465      655F7370 
 465      6565645F 
 465      73656E73 
 465      6F722E63 
 466              	.LASF13:
 467 014d 73697A65 		.ascii	"sizetype\000"
 467      74797065 
 467      00
 468              	.LASF2:
 469 0156 73686F72 		.ascii	"short int\000"
 469      7420696E 
 469      7400
 470              	.LASF10:
 471 0160 756E7369 		.ascii	"unsigned int\000"
 471      676E6564 
 471      20696E74 
 471      00
 472              	.LASF27:
 473 016d 61726D5F 		.ascii	"arm_q15_to_float\000"
 473      7131355F 
 473      746F5F66 
 473      6C6F6174 
 473      00
 474              	.LASF24:
 475 017e 474E5520 		.ascii	"GNU C 4.9.3 20150303 (release) [ARM/embedded-4_9-br"
 475      4320342E 
 475      392E3320 
 475      32303135 
 475      30333033 
 476 01b1 616E6368 		.ascii	"anch revision 221220] -mcpu=cortex-m0plus -mthumb -"
 476      20726576 
 476      6973696F 
 476      6E203232 
 476      31323230 
 477 01e4 67202D4F 		.ascii	"g -O0 -ffunction-sections -ffat-lto-objects\000"
 477      30202D66 
 477      66756E63 
 477      74696F6E 
 477      2D736563 
 478              		.ident	"GCC: (GNU Tools for ARM Embedded Processors) 4.9.3 20150303 (release) [ARM/embedded-4_9-br
