ARM GAS  C:\Users\fneves\AppData\Local\Temp\ccQ30Mch.s 			page 1


   1              		.cpu cortex-m0plus
   2              		.fpu softvfp
   3              		.eabi_attribute 20, 1
   4              		.eabi_attribute 21, 1
   5              		.eabi_attribute 23, 3
   6              		.eabi_attribute 24, 1
   7              		.eabi_attribute 25, 1
   8              		.eabi_attribute 26, 1
   9              		.eabi_attribute 30, 6
  10              		.eabi_attribute 34, 0
  11              		.eabi_attribute 18, 4
  12              		.code	16
  13              		.file	"arm_cos_q15.c"
  14              		.text
  15              	.Ltext0:
  16              		.cfi_sections	.debug_frame
  17              		.section	.text.arm_cos_q15,"ax",%progbits
  18              		.align	2
  19              		.global	arm_cos_q15
  20              		.code	16
  21              		.thumb_func
  22              		.type	arm_cos_q15, %function
  23              	arm_cos_q15:
  24              	.LFB82:
  25              		.file 1 "Source\\FastMathFunctions\\arm_cos_q15.c"
   1:Source\FastMathFunctions/arm_cos_q15.c **** /* ----------------------------------------------------------------------
   2:Source\FastMathFunctions/arm_cos_q15.c ****  * Project:      CMSIS DSP Library
   3:Source\FastMathFunctions/arm_cos_q15.c ****  * Title:        arm_cos_q15.c
   4:Source\FastMathFunctions/arm_cos_q15.c ****  * Description:  Fast cosine calculation for Q15 values
   5:Source\FastMathFunctions/arm_cos_q15.c ****  *
   6:Source\FastMathFunctions/arm_cos_q15.c ****  * $Date:        27. January 2017
   7:Source\FastMathFunctions/arm_cos_q15.c ****  * $Revision:    V.1.5.1
   8:Source\FastMathFunctions/arm_cos_q15.c ****  *
   9:Source\FastMathFunctions/arm_cos_q15.c ****  * Target Processor: Cortex-M cores
  10:Source\FastMathFunctions/arm_cos_q15.c ****  * -------------------------------------------------------------------- */
  11:Source\FastMathFunctions/arm_cos_q15.c **** /*
  12:Source\FastMathFunctions/arm_cos_q15.c ****  * Copyright (C) 2010-2017 ARM Limited or its affiliates. All rights reserved.
  13:Source\FastMathFunctions/arm_cos_q15.c ****  *
  14:Source\FastMathFunctions/arm_cos_q15.c ****  * SPDX-License-Identifier: Apache-2.0
  15:Source\FastMathFunctions/arm_cos_q15.c ****  *
  16:Source\FastMathFunctions/arm_cos_q15.c ****  * Licensed under the Apache License, Version 2.0 (the License); you may
  17:Source\FastMathFunctions/arm_cos_q15.c ****  * not use this file except in compliance with the License.
  18:Source\FastMathFunctions/arm_cos_q15.c ****  * You may obtain a copy of the License at
  19:Source\FastMathFunctions/arm_cos_q15.c ****  *
  20:Source\FastMathFunctions/arm_cos_q15.c ****  * www.apache.org/licenses/LICENSE-2.0
  21:Source\FastMathFunctions/arm_cos_q15.c ****  *
  22:Source\FastMathFunctions/arm_cos_q15.c ****  * Unless required by applicable law or agreed to in writing, software
  23:Source\FastMathFunctions/arm_cos_q15.c ****  * distributed under the License is distributed on an AS IS BASIS, WITHOUT
  24:Source\FastMathFunctions/arm_cos_q15.c ****  * WARRANTIES OR CONDITIONS OF ANY KIND, either express or implied.
  25:Source\FastMathFunctions/arm_cos_q15.c ****  * See the License for the specific language governing permissions and
  26:Source\FastMathFunctions/arm_cos_q15.c ****  * limitations under the License.
  27:Source\FastMathFunctions/arm_cos_q15.c ****  */
  28:Source\FastMathFunctions/arm_cos_q15.c **** 
  29:Source\FastMathFunctions/arm_cos_q15.c **** #include "arm_math.h"
  30:Source\FastMathFunctions/arm_cos_q15.c **** #include "arm_common_tables.h"
  31:Source\FastMathFunctions/arm_cos_q15.c **** 
  32:Source\FastMathFunctions/arm_cos_q15.c **** /**
ARM GAS  C:\Users\fneves\AppData\Local\Temp\ccQ30Mch.s 			page 2


  33:Source\FastMathFunctions/arm_cos_q15.c ****  * @ingroup groupFastMath
  34:Source\FastMathFunctions/arm_cos_q15.c ****  */
  35:Source\FastMathFunctions/arm_cos_q15.c **** 
  36:Source\FastMathFunctions/arm_cos_q15.c ****  /**
  37:Source\FastMathFunctions/arm_cos_q15.c ****  * @addtogroup cos
  38:Source\FastMathFunctions/arm_cos_q15.c ****  * @{
  39:Source\FastMathFunctions/arm_cos_q15.c ****  */
  40:Source\FastMathFunctions/arm_cos_q15.c **** 
  41:Source\FastMathFunctions/arm_cos_q15.c **** /**
  42:Source\FastMathFunctions/arm_cos_q15.c ****  * @brief Fast approximation to the trigonometric cosine function for Q15 data.
  43:Source\FastMathFunctions/arm_cos_q15.c ****  * @param[in] x Scaled input value in radians.
  44:Source\FastMathFunctions/arm_cos_q15.c ****  * @return  cos(x).
  45:Source\FastMathFunctions/arm_cos_q15.c ****  *
  46:Source\FastMathFunctions/arm_cos_q15.c ****  * The Q15 input value is in the range [0 +0.9999] and is mapped to a radian
  47:Source\FastMathFunctions/arm_cos_q15.c ****  * value in the range [0 2*pi).
  48:Source\FastMathFunctions/arm_cos_q15.c ****  */
  49:Source\FastMathFunctions/arm_cos_q15.c **** 
  50:Source\FastMathFunctions/arm_cos_q15.c **** q15_t arm_cos_q15(
  51:Source\FastMathFunctions/arm_cos_q15.c ****   q15_t x)
  52:Source\FastMathFunctions/arm_cos_q15.c **** {
  26              		.loc 1 52 0
  27              		.cfi_startproc
  28 0000 80B5     		push	{r7, lr}
  29              		.cfi_def_cfa_offset 8
  30              		.cfi_offset 7, -8
  31              		.cfi_offset 14, -4
  32 0002 86B0     		sub	sp, sp, #24
  33              		.cfi_def_cfa_offset 32
  34 0004 00AF     		add	r7, sp, #0
  35              		.cfi_def_cfa_register 7
  36 0006 021C     		mov	r2, r0
  37 0008 BB1D     		add	r3, r7, #6
  38 000a 1A80     		strh	r2, [r3]
  53:Source\FastMathFunctions/arm_cos_q15.c ****   q15_t cosVal;                                  /* Temporary variables for input, output */
  54:Source\FastMathFunctions/arm_cos_q15.c ****   int32_t index;                                 /* Index variables */
  55:Source\FastMathFunctions/arm_cos_q15.c ****   q15_t a, b;                                    /* Four nearest output values */
  56:Source\FastMathFunctions/arm_cos_q15.c ****   q15_t fract;                                   /* Temporary values for fractional values */
  57:Source\FastMathFunctions/arm_cos_q15.c **** 
  58:Source\FastMathFunctions/arm_cos_q15.c ****   /* add 0.25 (pi/2) to read sine table */
  59:Source\FastMathFunctions/arm_cos_q15.c ****   x = (uint16_t)x + 0x2000;
  39              		.loc 1 59 0
  40 000c BB1D     		add	r3, r7, #6
  41 000e 1B88     		ldrh	r3, [r3]
  42 0010 8022     		mov	r2, #128
  43 0012 9201     		lsl	r2, r2, #6
  44 0014 9446     		mov	ip, r2
  45 0016 6344     		add	r3, r3, ip
  46 0018 9AB2     		uxth	r2, r3
  47 001a BB1D     		add	r3, r7, #6
  48 001c 1A80     		strh	r2, [r3]
  60:Source\FastMathFunctions/arm_cos_q15.c ****   if (x < 0)
  49              		.loc 1 60 0
  50 001e BB1D     		add	r3, r7, #6
  51 0020 0022     		mov	r2, #0
  52 0022 9B5E     		ldrsh	r3, [r3, r2]
  53 0024 002B     		cmp	r3, #0
  54 0026 07DA     		bge	.L2
ARM GAS  C:\Users\fneves\AppData\Local\Temp\ccQ30Mch.s 			page 3


  61:Source\FastMathFunctions/arm_cos_q15.c ****   {   /* convert negative numbers to corresponding positive ones */
  62:Source\FastMathFunctions/arm_cos_q15.c ****       x = (uint16_t)x + 0x8000;
  55              		.loc 1 62 0
  56 0028 BB1D     		add	r3, r7, #6
  57 002a 1B88     		ldrh	r3, [r3]
  58 002c 284A     		ldr	r2, .L4
  59 002e 9446     		mov	ip, r2
  60 0030 6344     		add	r3, r3, ip
  61 0032 9AB2     		uxth	r2, r3
  62 0034 BB1D     		add	r3, r7, #6
  63 0036 1A80     		strh	r2, [r3]
  64              	.L2:
  63:Source\FastMathFunctions/arm_cos_q15.c ****   }
  64:Source\FastMathFunctions/arm_cos_q15.c **** 
  65:Source\FastMathFunctions/arm_cos_q15.c ****   /* Calculate the nearest index */
  66:Source\FastMathFunctions/arm_cos_q15.c ****   index = (uint32_t)x >> FAST_MATH_Q15_SHIFT;
  65              		.loc 1 66 0
  66 0038 BB1D     		add	r3, r7, #6
  67 003a 0022     		mov	r2, #0
  68 003c 9B5E     		ldrsh	r3, [r3, r2]
  69 003e 9B09     		lsr	r3, r3, #6
  70 0040 7B61     		str	r3, [r7, #20]
  67:Source\FastMathFunctions/arm_cos_q15.c **** 
  68:Source\FastMathFunctions/arm_cos_q15.c ****   /* Calculation of fractional value */
  69:Source\FastMathFunctions/arm_cos_q15.c ****   fract = (x - (index << FAST_MATH_Q15_SHIFT)) << 9;
  71              		.loc 1 69 0
  72 0042 BB1D     		add	r3, r7, #6
  73 0044 0022     		mov	r2, #0
  74 0046 9A5E     		ldrsh	r2, [r3, r2]
  75 0048 7B69     		ldr	r3, [r7, #20]
  76 004a 9B01     		lsl	r3, r3, #6
  77 004c D31A     		sub	r3, r2, r3
  78 004e 5A02     		lsl	r2, r3, #9
  79 0050 1223     		mov	r3, #18
  80 0052 FB18     		add	r3, r7, r3
  81 0054 1A80     		strh	r2, [r3]
  70:Source\FastMathFunctions/arm_cos_q15.c **** 
  71:Source\FastMathFunctions/arm_cos_q15.c ****   /* Read two nearest values of input value from the sin table */
  72:Source\FastMathFunctions/arm_cos_q15.c ****   a = sinTable_q15[index];
  82              		.loc 1 72 0
  83 0056 1023     		mov	r3, #16
  84 0058 FB18     		add	r3, r7, r3
  85 005a 1E4A     		ldr	r2, .L4+4
  86 005c 7969     		ldr	r1, [r7, #20]
  87 005e 4900     		lsl	r1, r1, #1
  88 0060 8A5A     		ldrh	r2, [r1, r2]
  89 0062 1A80     		strh	r2, [r3]
  73:Source\FastMathFunctions/arm_cos_q15.c ****   b = sinTable_q15[index+1];
  90              		.loc 1 73 0
  91 0064 7B69     		ldr	r3, [r7, #20]
  92 0066 591C     		add	r1, r3, #1
  93 0068 0E23     		mov	r3, #14
  94 006a FB18     		add	r3, r7, r3
  95 006c 194A     		ldr	r2, .L4+4
  96 006e 4900     		lsl	r1, r1, #1
  97 0070 8A5A     		ldrh	r2, [r1, r2]
  98 0072 1A80     		strh	r2, [r3]
ARM GAS  C:\Users\fneves\AppData\Local\Temp\ccQ30Mch.s 			page 4


  74:Source\FastMathFunctions/arm_cos_q15.c **** 
  75:Source\FastMathFunctions/arm_cos_q15.c ****   /* Linear interpolation process */
  76:Source\FastMathFunctions/arm_cos_q15.c ****   cosVal = (q31_t)(0x8000-fract)*a >> 16;
  99              		.loc 1 76 0
 100 0074 1223     		mov	r3, #18
 101 0076 FB18     		add	r3, r7, r3
 102 0078 0022     		mov	r2, #0
 103 007a 9B5E     		ldrsh	r3, [r3, r2]
 104 007c 8022     		mov	r2, #128
 105 007e 1202     		lsl	r2, r2, #8
 106 0080 D31A     		sub	r3, r2, r3
 107 0082 1022     		mov	r2, #16
 108 0084 BA18     		add	r2, r7, r2
 109 0086 0021     		mov	r1, #0
 110 0088 525E     		ldrsh	r2, [r2, r1]
 111 008a 5343     		mul	r3, r2
 112 008c 1A14     		asr	r2, r3, #16
 113 008e 0C23     		mov	r3, #12
 114 0090 FB18     		add	r3, r7, r3
 115 0092 1A80     		strh	r2, [r3]
  77:Source\FastMathFunctions/arm_cos_q15.c ****   cosVal = (q15_t)((((q31_t)cosVal << 16) + ((q31_t)fract*b)) >> 16);
 116              		.loc 1 77 0
 117 0094 0C23     		mov	r3, #12
 118 0096 FB18     		add	r3, r7, r3
 119 0098 0022     		mov	r2, #0
 120 009a 9B5E     		ldrsh	r3, [r3, r2]
 121 009c 1A04     		lsl	r2, r3, #16
 122 009e 1223     		mov	r3, #18
 123 00a0 FB18     		add	r3, r7, r3
 124 00a2 0021     		mov	r1, #0
 125 00a4 5B5E     		ldrsh	r3, [r3, r1]
 126 00a6 0E21     		mov	r1, #14
 127 00a8 7918     		add	r1, r7, r1
 128 00aa 0020     		mov	r0, #0
 129 00ac 095E     		ldrsh	r1, [r1, r0]
 130 00ae 4B43     		mul	r3, r1
 131 00b0 D318     		add	r3, r2, r3
 132 00b2 1A14     		asr	r2, r3, #16
 133 00b4 0C23     		mov	r3, #12
 134 00b6 FB18     		add	r3, r7, r3
 135 00b8 1A80     		strh	r2, [r3]
  78:Source\FastMathFunctions/arm_cos_q15.c **** 
  79:Source\FastMathFunctions/arm_cos_q15.c ****   return cosVal << 1;
 136              		.loc 1 79 0
 137 00ba 0C23     		mov	r3, #12
 138 00bc FB18     		add	r3, r7, r3
 139 00be 0022     		mov	r2, #0
 140 00c0 9B5E     		ldrsh	r3, [r3, r2]
 141 00c2 5B00     		lsl	r3, r3, #1
 142 00c4 9BB2     		uxth	r3, r3
 143 00c6 1BB2     		sxth	r3, r3
  80:Source\FastMathFunctions/arm_cos_q15.c **** }
 144              		.loc 1 80 0
 145 00c8 181C     		mov	r0, r3
 146 00ca BD46     		mov	sp, r7
 147 00cc 06B0     		add	sp, sp, #24
 148              		@ sp needed
ARM GAS  C:\Users\fneves\AppData\Local\Temp\ccQ30Mch.s 			page 5


 149 00ce 80BD     		pop	{r7, pc}
 150              	.L5:
 151              		.align	2
 152              	.L4:
 153 00d0 0080FFFF 		.word	-32768
 154 00d4 00000000 		.word	sinTable_q15
 155              		.cfi_endproc
 156              	.LFE82:
 157              		.size	arm_cos_q15, .-arm_cos_q15
 158              		.text
 159              	.Letext0:
 160              		.file 2 "c:\\program files (x86)\\cypress\\psoc creator\\4.0\\psoc creator\\import\\gnu\\arm\\4.9.
 161              		.file 3 "c:\\program files (x86)\\cypress\\psoc creator\\4.0\\psoc creator\\import\\gnu\\arm\\4.9.
 162              		.file 4 ".\\Include/arm_math.h"
 163              		.file 5 ".\\Include/arm_common_tables.h"
 164              		.section	.debug_info,"",%progbits
 165              	.Ldebug_info0:
 166 0000 84010000 		.4byte	0x184
 167 0004 0400     		.2byte	0x4
 168 0006 00000000 		.4byte	.Ldebug_abbrev0
 169 000a 04       		.byte	0x4
 170 000b 01       		.uleb128 0x1
 171 000c 13010000 		.4byte	.LASF27
 172 0010 01       		.byte	0x1
 173 0011 C8000000 		.4byte	.LASF28
 174 0015 14000000 		.4byte	.LASF29
 175 0019 00000000 		.4byte	.Ldebug_ranges0+0
 176 001d 00000000 		.4byte	0
 177 0021 00000000 		.4byte	.Ldebug_line0
 178 0025 02       		.uleb128 0x2
 179 0026 01       		.byte	0x1
 180 0027 06       		.byte	0x6
 181 0028 22020000 		.4byte	.LASF0
 182 002c 02       		.uleb128 0x2
 183 002d 01       		.byte	0x1
 184 002e 08       		.byte	0x8
 185 002f 78000000 		.4byte	.LASF1
 186 0033 03       		.uleb128 0x3
 187 0034 00000000 		.4byte	.LASF3
 188 0038 02       		.byte	0x2
 189 0039 29       		.byte	0x29
 190 003a 3E000000 		.4byte	0x3e
 191 003e 02       		.uleb128 0x2
 192 003f 02       		.byte	0x2
 193 0040 05       		.byte	0x5
 194 0041 E4010000 		.4byte	.LASF2
 195 0045 03       		.uleb128 0x3
 196 0046 AB000000 		.4byte	.LASF4
 197 004a 02       		.byte	0x2
 198 004b 2B       		.byte	0x2b
 199 004c 50000000 		.4byte	0x50
 200 0050 02       		.uleb128 0x2
 201 0051 02       		.byte	0x2
 202 0052 07       		.byte	0x7
 203 0053 98000000 		.4byte	.LASF5
 204 0057 03       		.uleb128 0x3
 205 0058 0A000000 		.4byte	.LASF6
ARM GAS  C:\Users\fneves\AppData\Local\Temp\ccQ30Mch.s 			page 6


 206 005c 02       		.byte	0x2
 207 005d 3F       		.byte	0x3f
 208 005e 62000000 		.4byte	0x62
 209 0062 02       		.uleb128 0x2
 210 0063 04       		.byte	0x4
 211 0064 05       		.byte	0x5
 212 0065 0D020000 		.4byte	.LASF7
 213 0069 03       		.uleb128 0x3
 214 006a BD000000 		.4byte	.LASF8
 215 006e 02       		.byte	0x2
 216 006f 41       		.byte	0x41
 217 0070 74000000 		.4byte	0x74
 218 0074 02       		.uleb128 0x2
 219 0075 04       		.byte	0x4
 220 0076 07       		.byte	0x7
 221 0077 86000000 		.4byte	.LASF9
 222 007b 02       		.uleb128 0x2
 223 007c 08       		.byte	0x8
 224 007d 05       		.byte	0x5
 225 007e BE010000 		.4byte	.LASF10
 226 0082 02       		.uleb128 0x2
 227 0083 08       		.byte	0x8
 228 0084 07       		.byte	0x7
 229 0085 FC000000 		.4byte	.LASF11
 230 0089 04       		.uleb128 0x4
 231 008a 04       		.byte	0x4
 232 008b 05       		.byte	0x5
 233 008c 696E7400 		.ascii	"int\000"
 234 0090 02       		.uleb128 0x2
 235 0091 04       		.byte	0x4
 236 0092 07       		.byte	0x7
 237 0093 EF000000 		.4byte	.LASF12
 238 0097 03       		.uleb128 0x3
 239 0098 A5010000 		.4byte	.LASF13
 240 009c 03       		.byte	0x3
 241 009d 20       		.byte	0x20
 242 009e 33000000 		.4byte	0x33
 243 00a2 03       		.uleb128 0x3
 244 00a3 EE010000 		.4byte	.LASF14
 245 00a7 03       		.byte	0x3
 246 00a8 21       		.byte	0x21
 247 00a9 45000000 		.4byte	0x45
 248 00ad 03       		.uleb128 0x3
 249 00ae AD010000 		.4byte	.LASF15
 250 00b2 03       		.byte	0x3
 251 00b3 2C       		.byte	0x2c
 252 00b4 57000000 		.4byte	0x57
 253 00b8 03       		.uleb128 0x3
 254 00b9 04020000 		.4byte	.LASF16
 255 00bd 03       		.byte	0x3
 256 00be 2D       		.byte	0x2d
 257 00bf 69000000 		.4byte	0x69
 258 00c3 02       		.uleb128 0x2
 259 00c4 04       		.byte	0x4
 260 00c5 07       		.byte	0x7
 261 00c6 B5010000 		.4byte	.LASF17
 262 00ca 02       		.uleb128 0x2
ARM GAS  C:\Users\fneves\AppData\Local\Temp\ccQ30Mch.s 			page 7


 263 00cb 01       		.byte	0x1
 264 00cc 08       		.byte	0x8
 265 00cd CC010000 		.4byte	.LASF18
 266 00d1 02       		.uleb128 0x2
 267 00d2 08       		.byte	0x8
 268 00d3 04       		.byte	0x4
 269 00d4 B6000000 		.4byte	.LASF19
 270 00d8 02       		.uleb128 0x2
 271 00d9 04       		.byte	0x4
 272 00da 04       		.byte	0x4
 273 00db 6C000000 		.4byte	.LASF20
 274 00df 02       		.uleb128 0x2
 275 00e0 08       		.byte	0x8
 276 00e1 04       		.byte	0x4
 277 00e2 16020000 		.4byte	.LASF21
 278 00e6 05       		.uleb128 0x5
 279 00e7 66000000 		.4byte	.LASF22
 280 00eb 04       		.byte	0x4
 281 00ec 9601     		.2byte	0x196
 282 00ee 97000000 		.4byte	0x97
 283 00f2 05       		.uleb128 0x5
 284 00f3 72000000 		.4byte	.LASF23
 285 00f7 04       		.byte	0x4
 286 00f8 9B01     		.2byte	0x19b
 287 00fa AD000000 		.4byte	0xad
 288 00fe 06       		.uleb128 0x6
 289 00ff 5A000000 		.4byte	.LASF30
 290 0103 01       		.byte	0x1
 291 0104 32       		.byte	0x32
 292 0105 E6000000 		.4byte	0xe6
 293 0109 00000000 		.4byte	.LFB82
 294 010d D8000000 		.4byte	.LFE82-.LFB82
 295 0111 01       		.uleb128 0x1
 296 0112 9C       		.byte	0x9c
 297 0113 66010000 		.4byte	0x166
 298 0117 07       		.uleb128 0x7
 299 0118 7800     		.ascii	"x\000"
 300 011a 01       		.byte	0x1
 301 011b 33       		.byte	0x33
 302 011c E6000000 		.4byte	0xe6
 303 0120 02       		.uleb128 0x2
 304 0121 91       		.byte	0x91
 305 0122 66       		.sleb128 -26
 306 0123 08       		.uleb128 0x8
 307 0124 DD010000 		.4byte	.LASF24
 308 0128 01       		.byte	0x1
 309 0129 35       		.byte	0x35
 310 012a E6000000 		.4byte	0xe6
 311 012e 02       		.uleb128 0x2
 312 012f 91       		.byte	0x91
 313 0130 6C       		.sleb128 -20
 314 0131 08       		.uleb128 0x8
 315 0132 D7010000 		.4byte	.LASF25
 316 0136 01       		.byte	0x1
 317 0137 36       		.byte	0x36
 318 0138 AD000000 		.4byte	0xad
 319 013c 02       		.uleb128 0x2
ARM GAS  C:\Users\fneves\AppData\Local\Temp\ccQ30Mch.s 			page 8


 320 013d 91       		.byte	0x91
 321 013e 74       		.sleb128 -12
 322 013f 09       		.uleb128 0x9
 323 0140 6100     		.ascii	"a\000"
 324 0142 01       		.byte	0x1
 325 0143 37       		.byte	0x37
 326 0144 E6000000 		.4byte	0xe6
 327 0148 02       		.uleb128 0x2
 328 0149 91       		.byte	0x91
 329 014a 70       		.sleb128 -16
 330 014b 09       		.uleb128 0x9
 331 014c 6200     		.ascii	"b\000"
 332 014e 01       		.byte	0x1
 333 014f 37       		.byte	0x37
 334 0150 E6000000 		.4byte	0xe6
 335 0154 02       		.uleb128 0x2
 336 0155 91       		.byte	0x91
 337 0156 6E       		.sleb128 -18
 338 0157 08       		.uleb128 0x8
 339 0158 D1010000 		.4byte	.LASF26
 340 015c 01       		.byte	0x1
 341 015d 38       		.byte	0x38
 342 015e E6000000 		.4byte	0xe6
 343 0162 02       		.uleb128 0x2
 344 0163 91       		.byte	0x91
 345 0164 72       		.sleb128 -14
 346 0165 00       		.byte	0
 347 0166 0A       		.uleb128 0xa
 348 0167 E6000000 		.4byte	0xe6
 349 016b 77010000 		.4byte	0x177
 350 016f 0B       		.uleb128 0xb
 351 0170 C3000000 		.4byte	0xc3
 352 0174 0002     		.2byte	0x200
 353 0176 00       		.byte	0
 354 0177 0C       		.uleb128 0xc
 355 0178 F7010000 		.4byte	.LASF31
 356 017c 05       		.byte	0x5
 357 017d 77       		.byte	0x77
 358 017e 82010000 		.4byte	0x182
 359 0182 0D       		.uleb128 0xd
 360 0183 66010000 		.4byte	0x166
 361 0187 00       		.byte	0
 362              		.section	.debug_abbrev,"",%progbits
 363              	.Ldebug_abbrev0:
 364 0000 01       		.uleb128 0x1
 365 0001 11       		.uleb128 0x11
 366 0002 01       		.byte	0x1
 367 0003 25       		.uleb128 0x25
 368 0004 0E       		.uleb128 0xe
 369 0005 13       		.uleb128 0x13
 370 0006 0B       		.uleb128 0xb
 371 0007 03       		.uleb128 0x3
 372 0008 0E       		.uleb128 0xe
 373 0009 1B       		.uleb128 0x1b
 374 000a 0E       		.uleb128 0xe
 375 000b 55       		.uleb128 0x55
 376 000c 17       		.uleb128 0x17
ARM GAS  C:\Users\fneves\AppData\Local\Temp\ccQ30Mch.s 			page 9


 377 000d 11       		.uleb128 0x11
 378 000e 01       		.uleb128 0x1
 379 000f 10       		.uleb128 0x10
 380 0010 17       		.uleb128 0x17
 381 0011 00       		.byte	0
 382 0012 00       		.byte	0
 383 0013 02       		.uleb128 0x2
 384 0014 24       		.uleb128 0x24
 385 0015 00       		.byte	0
 386 0016 0B       		.uleb128 0xb
 387 0017 0B       		.uleb128 0xb
 388 0018 3E       		.uleb128 0x3e
 389 0019 0B       		.uleb128 0xb
 390 001a 03       		.uleb128 0x3
 391 001b 0E       		.uleb128 0xe
 392 001c 00       		.byte	0
 393 001d 00       		.byte	0
 394 001e 03       		.uleb128 0x3
 395 001f 16       		.uleb128 0x16
 396 0020 00       		.byte	0
 397 0021 03       		.uleb128 0x3
 398 0022 0E       		.uleb128 0xe
 399 0023 3A       		.uleb128 0x3a
 400 0024 0B       		.uleb128 0xb
 401 0025 3B       		.uleb128 0x3b
 402 0026 0B       		.uleb128 0xb
 403 0027 49       		.uleb128 0x49
 404 0028 13       		.uleb128 0x13
 405 0029 00       		.byte	0
 406 002a 00       		.byte	0
 407 002b 04       		.uleb128 0x4
 408 002c 24       		.uleb128 0x24
 409 002d 00       		.byte	0
 410 002e 0B       		.uleb128 0xb
 411 002f 0B       		.uleb128 0xb
 412 0030 3E       		.uleb128 0x3e
 413 0031 0B       		.uleb128 0xb
 414 0032 03       		.uleb128 0x3
 415 0033 08       		.uleb128 0x8
 416 0034 00       		.byte	0
 417 0035 00       		.byte	0
 418 0036 05       		.uleb128 0x5
 419 0037 16       		.uleb128 0x16
 420 0038 00       		.byte	0
 421 0039 03       		.uleb128 0x3
 422 003a 0E       		.uleb128 0xe
 423 003b 3A       		.uleb128 0x3a
 424 003c 0B       		.uleb128 0xb
 425 003d 3B       		.uleb128 0x3b
 426 003e 05       		.uleb128 0x5
 427 003f 49       		.uleb128 0x49
 428 0040 13       		.uleb128 0x13
 429 0041 00       		.byte	0
 430 0042 00       		.byte	0
 431 0043 06       		.uleb128 0x6
 432 0044 2E       		.uleb128 0x2e
 433 0045 01       		.byte	0x1
ARM GAS  C:\Users\fneves\AppData\Local\Temp\ccQ30Mch.s 			page 10


 434 0046 3F       		.uleb128 0x3f
 435 0047 19       		.uleb128 0x19
 436 0048 03       		.uleb128 0x3
 437 0049 0E       		.uleb128 0xe
 438 004a 3A       		.uleb128 0x3a
 439 004b 0B       		.uleb128 0xb
 440 004c 3B       		.uleb128 0x3b
 441 004d 0B       		.uleb128 0xb
 442 004e 27       		.uleb128 0x27
 443 004f 19       		.uleb128 0x19
 444 0050 49       		.uleb128 0x49
 445 0051 13       		.uleb128 0x13
 446 0052 11       		.uleb128 0x11
 447 0053 01       		.uleb128 0x1
 448 0054 12       		.uleb128 0x12
 449 0055 06       		.uleb128 0x6
 450 0056 40       		.uleb128 0x40
 451 0057 18       		.uleb128 0x18
 452 0058 9742     		.uleb128 0x2117
 453 005a 19       		.uleb128 0x19
 454 005b 01       		.uleb128 0x1
 455 005c 13       		.uleb128 0x13
 456 005d 00       		.byte	0
 457 005e 00       		.byte	0
 458 005f 07       		.uleb128 0x7
 459 0060 05       		.uleb128 0x5
 460 0061 00       		.byte	0
 461 0062 03       		.uleb128 0x3
 462 0063 08       		.uleb128 0x8
 463 0064 3A       		.uleb128 0x3a
 464 0065 0B       		.uleb128 0xb
 465 0066 3B       		.uleb128 0x3b
 466 0067 0B       		.uleb128 0xb
 467 0068 49       		.uleb128 0x49
 468 0069 13       		.uleb128 0x13
 469 006a 02       		.uleb128 0x2
 470 006b 18       		.uleb128 0x18
 471 006c 00       		.byte	0
 472 006d 00       		.byte	0
 473 006e 08       		.uleb128 0x8
 474 006f 34       		.uleb128 0x34
 475 0070 00       		.byte	0
 476 0071 03       		.uleb128 0x3
 477 0072 0E       		.uleb128 0xe
 478 0073 3A       		.uleb128 0x3a
 479 0074 0B       		.uleb128 0xb
 480 0075 3B       		.uleb128 0x3b
 481 0076 0B       		.uleb128 0xb
 482 0077 49       		.uleb128 0x49
 483 0078 13       		.uleb128 0x13
 484 0079 02       		.uleb128 0x2
 485 007a 18       		.uleb128 0x18
 486 007b 00       		.byte	0
 487 007c 00       		.byte	0
 488 007d 09       		.uleb128 0x9
 489 007e 34       		.uleb128 0x34
 490 007f 00       		.byte	0
ARM GAS  C:\Users\fneves\AppData\Local\Temp\ccQ30Mch.s 			page 11


 491 0080 03       		.uleb128 0x3
 492 0081 08       		.uleb128 0x8
 493 0082 3A       		.uleb128 0x3a
 494 0083 0B       		.uleb128 0xb
 495 0084 3B       		.uleb128 0x3b
 496 0085 0B       		.uleb128 0xb
 497 0086 49       		.uleb128 0x49
 498 0087 13       		.uleb128 0x13
 499 0088 02       		.uleb128 0x2
 500 0089 18       		.uleb128 0x18
 501 008a 00       		.byte	0
 502 008b 00       		.byte	0
 503 008c 0A       		.uleb128 0xa
 504 008d 01       		.uleb128 0x1
 505 008e 01       		.byte	0x1
 506 008f 49       		.uleb128 0x49
 507 0090 13       		.uleb128 0x13
 508 0091 01       		.uleb128 0x1
 509 0092 13       		.uleb128 0x13
 510 0093 00       		.byte	0
 511 0094 00       		.byte	0
 512 0095 0B       		.uleb128 0xb
 513 0096 21       		.uleb128 0x21
 514 0097 00       		.byte	0
 515 0098 49       		.uleb128 0x49
 516 0099 13       		.uleb128 0x13
 517 009a 2F       		.uleb128 0x2f
 518 009b 05       		.uleb128 0x5
 519 009c 00       		.byte	0
 520 009d 00       		.byte	0
 521 009e 0C       		.uleb128 0xc
 522 009f 34       		.uleb128 0x34
 523 00a0 00       		.byte	0
 524 00a1 03       		.uleb128 0x3
 525 00a2 0E       		.uleb128 0xe
 526 00a3 3A       		.uleb128 0x3a
 527 00a4 0B       		.uleb128 0xb
 528 00a5 3B       		.uleb128 0x3b
 529 00a6 0B       		.uleb128 0xb
 530 00a7 49       		.uleb128 0x49
 531 00a8 13       		.uleb128 0x13
 532 00a9 3F       		.uleb128 0x3f
 533 00aa 19       		.uleb128 0x19
 534 00ab 3C       		.uleb128 0x3c
 535 00ac 19       		.uleb128 0x19
 536 00ad 00       		.byte	0
 537 00ae 00       		.byte	0
 538 00af 0D       		.uleb128 0xd
 539 00b0 26       		.uleb128 0x26
 540 00b1 00       		.byte	0
 541 00b2 49       		.uleb128 0x49
 542 00b3 13       		.uleb128 0x13
 543 00b4 00       		.byte	0
 544 00b5 00       		.byte	0
 545 00b6 00       		.byte	0
 546              		.section	.debug_aranges,"",%progbits
 547 0000 1C000000 		.4byte	0x1c
ARM GAS  C:\Users\fneves\AppData\Local\Temp\ccQ30Mch.s 			page 12


 548 0004 0200     		.2byte	0x2
 549 0006 00000000 		.4byte	.Ldebug_info0
 550 000a 04       		.byte	0x4
 551 000b 00       		.byte	0
 552 000c 0000     		.2byte	0
 553 000e 0000     		.2byte	0
 554 0010 00000000 		.4byte	.LFB82
 555 0014 D8000000 		.4byte	.LFE82-.LFB82
 556 0018 00000000 		.4byte	0
 557 001c 00000000 		.4byte	0
 558              		.section	.debug_ranges,"",%progbits
 559              	.Ldebug_ranges0:
 560 0000 00000000 		.4byte	.LFB82
 561 0004 D8000000 		.4byte	.LFE82
 562 0008 00000000 		.4byte	0
 563 000c 00000000 		.4byte	0
 564              		.section	.debug_line,"",%progbits
 565              	.Ldebug_line0:
 566 0000 85010000 		.section	.debug_str,"MS",%progbits,1
 566      02006401 
 566      00000201 
 566      FB0E0D00 
 566      01010101 
 567              	.LASF3:
 568 0000 5F5F696E 		.ascii	"__int16_t\000"
 568      7431365F 
 568      7400
 569              	.LASF6:
 570 000a 5F5F696E 		.ascii	"__int32_t\000"
 570      7433325F 
 570      7400
 571              	.LASF29:
 572 0014 433A5C55 		.ascii	"C:\\Users\\fneves\\Documents\\PSoC Creator\\wp_1\\e"
 572      73657273 
 572      5C666E65 
 572      7665735C 
 572      446F6375 
 573 0041 6E67696E 		.ascii	"ngine_speed_sensor.cydsn\000"
 573      655F7370 
 573      6565645F 
 573      73656E73 
 573      6F722E63 
 574              	.LASF30:
 575 005a 61726D5F 		.ascii	"arm_cos_q15\000"
 575      636F735F 
 575      71313500 
 576              	.LASF22:
 577 0066 7131355F 		.ascii	"q15_t\000"
 577      7400
 578              	.LASF20:
 579 006c 666C6F61 		.ascii	"float\000"
 579      7400
 580              	.LASF23:
 581 0072 7133315F 		.ascii	"q31_t\000"
 581      7400
 582              	.LASF1:
 583 0078 756E7369 		.ascii	"unsigned char\000"
ARM GAS  C:\Users\fneves\AppData\Local\Temp\ccQ30Mch.s 			page 13


 583      676E6564 
 583      20636861 
 583      7200
 584              	.LASF9:
 585 0086 6C6F6E67 		.ascii	"long unsigned int\000"
 585      20756E73 
 585      69676E65 
 585      6420696E 
 585      7400
 586              	.LASF5:
 587 0098 73686F72 		.ascii	"short unsigned int\000"
 587      7420756E 
 587      7369676E 
 587      65642069 
 587      6E7400
 588              	.LASF4:
 589 00ab 5F5F7569 		.ascii	"__uint16_t\000"
 589      6E743136 
 589      5F7400
 590              	.LASF19:
 591 00b6 646F7562 		.ascii	"double\000"
 591      6C6500
 592              	.LASF8:
 593 00bd 5F5F7569 		.ascii	"__uint32_t\000"
 593      6E743332 
 593      5F7400
 594              	.LASF28:
 595 00c8 536F7572 		.ascii	"Source\\FastMathFunctions\\arm_cos_q15.c\000"
 595      63655C46 
 595      6173744D 
 595      61746846 
 595      756E6374 
 596              	.LASF12:
 597 00ef 756E7369 		.ascii	"unsigned int\000"
 597      676E6564 
 597      20696E74 
 597      00
 598              	.LASF11:
 599 00fc 6C6F6E67 		.ascii	"long long unsigned int\000"
 599      206C6F6E 
 599      6720756E 
 599      7369676E 
 599      65642069 
 600              	.LASF27:
 601 0113 474E5520 		.ascii	"GNU C 4.9.3 20150303 (release) [ARM/embedded-4_9-br"
 601      4320342E 
 601      392E3320 
 601      32303135 
 601      30333033 
 602 0146 616E6368 		.ascii	"anch revision 221220] -mcpu=cortex-m0plus -mthumb -"
 602      20726576 
 602      6973696F 
 602      6E203232 
 602      31323230 
 603 0179 67202D4F 		.ascii	"g -O0 -ffunction-sections -ffat-lto-objects\000"
 603      30202D66 
 603      66756E63 
ARM GAS  C:\Users\fneves\AppData\Local\Temp\ccQ30Mch.s 			page 14


 603      74696F6E 
 603      2D736563 
 604              	.LASF13:
 605 01a5 696E7431 		.ascii	"int16_t\000"
 605      365F7400 
 606              	.LASF15:
 607 01ad 696E7433 		.ascii	"int32_t\000"
 607      325F7400 
 608              	.LASF17:
 609 01b5 73697A65 		.ascii	"sizetype\000"
 609      74797065 
 609      00
 610              	.LASF10:
 611 01be 6C6F6E67 		.ascii	"long long int\000"
 611      206C6F6E 
 611      6720696E 
 611      7400
 612              	.LASF18:
 613 01cc 63686172 		.ascii	"char\000"
 613      00
 614              	.LASF26:
 615 01d1 66726163 		.ascii	"fract\000"
 615      7400
 616              	.LASF25:
 617 01d7 696E6465 		.ascii	"index\000"
 617      7800
 618              	.LASF24:
 619 01dd 636F7356 		.ascii	"cosVal\000"
 619      616C00
 620              	.LASF2:
 621 01e4 73686F72 		.ascii	"short int\000"
 621      7420696E 
 621      7400
 622              	.LASF14:
 623 01ee 75696E74 		.ascii	"uint16_t\000"
 623      31365F74 
 623      00
 624              	.LASF31:
 625 01f7 73696E54 		.ascii	"sinTable_q15\000"
 625      61626C65 
 625      5F713135 
 625      00
 626              	.LASF16:
 627 0204 75696E74 		.ascii	"uint32_t\000"
 627      33325F74 
 627      00
 628              	.LASF7:
 629 020d 6C6F6E67 		.ascii	"long int\000"
 629      20696E74 
 629      00
 630              	.LASF21:
 631 0216 6C6F6E67 		.ascii	"long double\000"
 631      20646F75 
 631      626C6500 
 632              	.LASF0:
 633 0222 7369676E 		.ascii	"signed char\000"
 633      65642063 
ARM GAS  C:\Users\fneves\AppData\Local\Temp\ccQ30Mch.s 			page 15


 633      68617200 
 634              		.ident	"GCC: (GNU Tools for ARM Embedded Processors) 4.9.3 20150303 (release) [ARM/embedded-4_9-br
