ARM GAS  C:\Users\fneves\AppData\Local\Temp\cc1bh9UW.s 			page 1


   1              		.cpu cortex-m0plus
   2              		.fpu softvfp
   3              		.eabi_attribute 20, 1
   4              		.eabi_attribute 21, 1
   5              		.eabi_attribute 23, 3
   6              		.eabi_attribute 24, 1
   7              		.eabi_attribute 25, 1
   8              		.eabi_attribute 26, 1
   9              		.eabi_attribute 30, 6
  10              		.eabi_attribute 34, 0
  11              		.eabi_attribute 18, 4
  12              		.code	16
  13              		.file	"arm_pid_reset_q15.c"
  14              		.text
  15              	.Ltext0:
  16              		.cfi_sections	.debug_frame
  17              		.section	.text.arm_pid_reset_q15,"ax",%progbits
  18              		.align	2
  19              		.global	arm_pid_reset_q15
  20              		.code	16
  21              		.thumb_func
  22              		.type	arm_pid_reset_q15, %function
  23              	arm_pid_reset_q15:
  24              	.LFB82:
  25              		.file 1 "Source\\ControllerFunctions\\arm_pid_reset_q15.c"
   1:Source\ControllerFunctions/arm_pid_reset_q15.c **** /* ----------------------------------------------------------------------
   2:Source\ControllerFunctions/arm_pid_reset_q15.c ****  * Project:      CMSIS DSP Library
   3:Source\ControllerFunctions/arm_pid_reset_q15.c ****  * Title:        arm_pid_reset_q15.c
   4:Source\ControllerFunctions/arm_pid_reset_q15.c ****  * Description:  Q15 PID Control reset function
   5:Source\ControllerFunctions/arm_pid_reset_q15.c ****  *
   6:Source\ControllerFunctions/arm_pid_reset_q15.c ****  * $Date:        27. January 2017
   7:Source\ControllerFunctions/arm_pid_reset_q15.c ****  * $Revision:    V.1.5.1
   8:Source\ControllerFunctions/arm_pid_reset_q15.c ****  *
   9:Source\ControllerFunctions/arm_pid_reset_q15.c ****  * Target Processor: Cortex-M cores
  10:Source\ControllerFunctions/arm_pid_reset_q15.c ****  * -------------------------------------------------------------------- */
  11:Source\ControllerFunctions/arm_pid_reset_q15.c **** /*
  12:Source\ControllerFunctions/arm_pid_reset_q15.c ****  * Copyright (C) 2010-2017 ARM Limited or its affiliates. All rights reserved.
  13:Source\ControllerFunctions/arm_pid_reset_q15.c ****  *
  14:Source\ControllerFunctions/arm_pid_reset_q15.c ****  * SPDX-License-Identifier: Apache-2.0
  15:Source\ControllerFunctions/arm_pid_reset_q15.c ****  *
  16:Source\ControllerFunctions/arm_pid_reset_q15.c ****  * Licensed under the Apache License, Version 2.0 (the License); you may
  17:Source\ControllerFunctions/arm_pid_reset_q15.c ****  * not use this file except in compliance with the License.
  18:Source\ControllerFunctions/arm_pid_reset_q15.c ****  * You may obtain a copy of the License at
  19:Source\ControllerFunctions/arm_pid_reset_q15.c ****  *
  20:Source\ControllerFunctions/arm_pid_reset_q15.c ****  * www.apache.org/licenses/LICENSE-2.0
  21:Source\ControllerFunctions/arm_pid_reset_q15.c ****  *
  22:Source\ControllerFunctions/arm_pid_reset_q15.c ****  * Unless required by applicable law or agreed to in writing, software
  23:Source\ControllerFunctions/arm_pid_reset_q15.c ****  * distributed under the License is distributed on an AS IS BASIS, WITHOUT
  24:Source\ControllerFunctions/arm_pid_reset_q15.c ****  * WARRANTIES OR CONDITIONS OF ANY KIND, either express or implied.
  25:Source\ControllerFunctions/arm_pid_reset_q15.c ****  * See the License for the specific language governing permissions and
  26:Source\ControllerFunctions/arm_pid_reset_q15.c ****  * limitations under the License.
  27:Source\ControllerFunctions/arm_pid_reset_q15.c ****  */
  28:Source\ControllerFunctions/arm_pid_reset_q15.c **** 
  29:Source\ControllerFunctions/arm_pid_reset_q15.c **** #include "arm_math.h"
  30:Source\ControllerFunctions/arm_pid_reset_q15.c **** 
  31:Source\ControllerFunctions/arm_pid_reset_q15.c ****  /**
  32:Source\ControllerFunctions/arm_pid_reset_q15.c ****  * @addtogroup PID
ARM GAS  C:\Users\fneves\AppData\Local\Temp\cc1bh9UW.s 			page 2


  33:Source\ControllerFunctions/arm_pid_reset_q15.c ****  * @{
  34:Source\ControllerFunctions/arm_pid_reset_q15.c ****  */
  35:Source\ControllerFunctions/arm_pid_reset_q15.c **** 
  36:Source\ControllerFunctions/arm_pid_reset_q15.c **** /**
  37:Source\ControllerFunctions/arm_pid_reset_q15.c **** * @brief  Reset function for the Q15 PID Control.
  38:Source\ControllerFunctions/arm_pid_reset_q15.c **** * @param[in] *S		Instance pointer of PID control data structure.
  39:Source\ControllerFunctions/arm_pid_reset_q15.c **** * @return none.
  40:Source\ControllerFunctions/arm_pid_reset_q15.c **** * \par Description:
  41:Source\ControllerFunctions/arm_pid_reset_q15.c **** * The function resets the state buffer to zeros.
  42:Source\ControllerFunctions/arm_pid_reset_q15.c **** */
  43:Source\ControllerFunctions/arm_pid_reset_q15.c **** void arm_pid_reset_q15(
  44:Source\ControllerFunctions/arm_pid_reset_q15.c ****   arm_pid_instance_q15 * S)
  45:Source\ControllerFunctions/arm_pid_reset_q15.c **** {
  26              		.loc 1 45 0
  27              		.cfi_startproc
  28 0000 80B5     		push	{r7, lr}
  29              		.cfi_def_cfa_offset 8
  30              		.cfi_offset 7, -8
  31              		.cfi_offset 14, -4
  32 0002 82B0     		sub	sp, sp, #8
  33              		.cfi_def_cfa_offset 16
  34 0004 00AF     		add	r7, sp, #0
  35              		.cfi_def_cfa_register 7
  36 0006 7860     		str	r0, [r7, #4]
  46:Source\ControllerFunctions/arm_pid_reset_q15.c ****   /* Reset state to zero, The size will be always 3 samples */
  47:Source\ControllerFunctions/arm_pid_reset_q15.c ****   memset(S->state, 0, 3u * sizeof(q15_t));
  37              		.loc 1 47 0
  38 0008 7B68     		ldr	r3, [r7, #4]
  39 000a 0633     		add	r3, r3, #6
  40 000c 181C     		mov	r0, r3
  41 000e 0021     		mov	r1, #0
  42 0010 0622     		mov	r2, #6
  43 0012 FFF7FEFF 		bl	memset
  48:Source\ControllerFunctions/arm_pid_reset_q15.c **** }
  44              		.loc 1 48 0
  45 0016 BD46     		mov	sp, r7
  46 0018 02B0     		add	sp, sp, #8
  47              		@ sp needed
  48 001a 80BD     		pop	{r7, pc}
  49              		.cfi_endproc
  50              	.LFE82:
  51              		.size	arm_pid_reset_q15, .-arm_pid_reset_q15
  52              		.text
  53              	.Letext0:
  54              		.file 2 "c:\\program files (x86)\\cypress\\psoc creator\\4.0\\psoc creator\\import\\gnu\\arm\\4.9.
  55              		.file 3 "c:\\program files (x86)\\cypress\\psoc creator\\4.0\\psoc creator\\import\\gnu\\arm\\4.9.
  56              		.file 4 ".\\Include/arm_math.h"
  57              		.section	.debug_info,"",%progbits
  58              	.Ldebug_info0:
  59 0000 50010000 		.4byte	0x150
  60 0004 0400     		.2byte	0x4
  61 0006 00000000 		.4byte	.Ldebug_abbrev0
  62 000a 04       		.byte	0x4
  63 000b 01       		.uleb128 0x1
  64 000c EF000000 		.4byte	.LASF19
  65 0010 01       		.byte	0x1
  66 0011 92000000 		.4byte	.LASF20
ARM GAS  C:\Users\fneves\AppData\Local\Temp\cc1bh9UW.s 			page 3


  67 0015 06000000 		.4byte	.LASF21
  68 0019 00000000 		.4byte	.Ldebug_ranges0+0
  69 001d 00000000 		.4byte	0
  70 0021 00000000 		.4byte	.Ldebug_line0
  71 0025 02       		.uleb128 0x2
  72 0026 01       		.byte	0x1
  73 0027 06       		.byte	0x6
  74 0028 C4010000 		.4byte	.LASF0
  75 002c 02       		.uleb128 0x2
  76 002d 01       		.byte	0x1
  77 002e 08       		.byte	0x8
  78 002f 7D000000 		.4byte	.LASF1
  79 0033 03       		.uleb128 0x3
  80 0034 C1000000 		.4byte	.LASF9
  81 0038 02       		.byte	0x2
  82 0039 29       		.byte	0x29
  83 003a 3E000000 		.4byte	0x3e
  84 003e 02       		.uleb128 0x2
  85 003f 02       		.byte	0x2
  86 0040 05       		.byte	0x5
  87 0041 A5010000 		.4byte	.LASF2
  88 0045 02       		.uleb128 0x2
  89 0046 02       		.byte	0x2
  90 0047 07       		.byte	0x7
  91 0048 6A000000 		.4byte	.LASF3
  92 004c 02       		.uleb128 0x2
  93 004d 04       		.byte	0x4
  94 004e 05       		.byte	0x5
  95 004f AF010000 		.4byte	.LASF4
  96 0053 02       		.uleb128 0x2
  97 0054 04       		.byte	0x4
  98 0055 07       		.byte	0x7
  99 0056 58000000 		.4byte	.LASF5
 100 005a 02       		.uleb128 0x2
 101 005b 08       		.byte	0x8
 102 005c 05       		.byte	0x5
 103 005d 92010000 		.4byte	.LASF6
 104 0061 02       		.uleb128 0x2
 105 0062 08       		.byte	0x8
 106 0063 07       		.byte	0x7
 107 0064 D8000000 		.4byte	.LASF7
 108 0068 04       		.uleb128 0x4
 109 0069 04       		.byte	0x4
 110 006a 05       		.byte	0x5
 111 006b 696E7400 		.ascii	"int\000"
 112 006f 02       		.uleb128 0x2
 113 0070 04       		.byte	0x4
 114 0071 07       		.byte	0x7
 115 0072 CB000000 		.4byte	.LASF8
 116 0076 03       		.uleb128 0x3
 117 0077 81010000 		.4byte	.LASF10
 118 007b 03       		.byte	0x3
 119 007c 20       		.byte	0x20
 120 007d 33000000 		.4byte	0x33
 121 0081 02       		.uleb128 0x2
 122 0082 04       		.byte	0x4
 123 0083 07       		.byte	0x7
ARM GAS  C:\Users\fneves\AppData\Local\Temp\cc1bh9UW.s 			page 4


 124 0084 89010000 		.4byte	.LASF11
 125 0088 02       		.uleb128 0x2
 126 0089 01       		.byte	0x1
 127 008a 08       		.byte	0x8
 128 008b A0010000 		.4byte	.LASF12
 129 008f 02       		.uleb128 0x2
 130 0090 08       		.byte	0x8
 131 0091 04       		.byte	0x4
 132 0092 8B000000 		.4byte	.LASF13
 133 0096 02       		.uleb128 0x2
 134 0097 04       		.byte	0x4
 135 0098 04       		.byte	0x4
 136 0099 52000000 		.4byte	.LASF14
 137 009d 02       		.uleb128 0x2
 138 009e 08       		.byte	0x8
 139 009f 04       		.byte	0x4
 140 00a0 B8010000 		.4byte	.LASF15
 141 00a4 05       		.uleb128 0x5
 142 00a5 4C000000 		.4byte	.LASF16
 143 00a9 04       		.byte	0x4
 144 00aa 9601     		.2byte	0x196
 145 00ac 76000000 		.4byte	0x76
 146 00b0 06       		.uleb128 0x6
 147 00b1 12       		.byte	0x12
 148 00b2 04       		.byte	0x4
 149 00b3 0A07     		.2byte	0x70a
 150 00b5 0F010000 		.4byte	0x10f
 151 00b9 07       		.uleb128 0x7
 152 00ba 413000   		.ascii	"A0\000"
 153 00bd 04       		.byte	0x4
 154 00be 0C07     		.2byte	0x70c
 155 00c0 A4000000 		.4byte	0xa4
 156 00c4 00       		.byte	0
 157 00c5 07       		.uleb128 0x7
 158 00c6 413100   		.ascii	"A1\000"
 159 00c9 04       		.byte	0x4
 160 00ca 0E07     		.2byte	0x70e
 161 00cc A4000000 		.4byte	0xa4
 162 00d0 02       		.byte	0x2
 163 00d1 07       		.uleb128 0x7
 164 00d2 413200   		.ascii	"A2\000"
 165 00d5 04       		.byte	0x4
 166 00d6 0F07     		.2byte	0x70f
 167 00d8 A4000000 		.4byte	0xa4
 168 00dc 04       		.byte	0x4
 169 00dd 08       		.uleb128 0x8
 170 00de 00000000 		.4byte	.LASF17
 171 00e2 04       		.byte	0x4
 172 00e3 1307     		.2byte	0x713
 173 00e5 0F010000 		.4byte	0x10f
 174 00e9 06       		.byte	0x6
 175 00ea 07       		.uleb128 0x7
 176 00eb 4B7000   		.ascii	"Kp\000"
 177 00ee 04       		.byte	0x4
 178 00ef 1407     		.2byte	0x714
 179 00f1 A4000000 		.4byte	0xa4
 180 00f5 0C       		.byte	0xc
ARM GAS  C:\Users\fneves\AppData\Local\Temp\cc1bh9UW.s 			page 5


 181 00f6 07       		.uleb128 0x7
 182 00f7 4B6900   		.ascii	"Ki\000"
 183 00fa 04       		.byte	0x4
 184 00fb 1507     		.2byte	0x715
 185 00fd A4000000 		.4byte	0xa4
 186 0101 0E       		.byte	0xe
 187 0102 07       		.uleb128 0x7
 188 0103 4B6400   		.ascii	"Kd\000"
 189 0106 04       		.byte	0x4
 190 0107 1607     		.2byte	0x716
 191 0109 A4000000 		.4byte	0xa4
 192 010d 10       		.byte	0x10
 193 010e 00       		.byte	0
 194 010f 09       		.uleb128 0x9
 195 0110 A4000000 		.4byte	0xa4
 196 0114 1F010000 		.4byte	0x11f
 197 0118 0A       		.uleb128 0xa
 198 0119 81000000 		.4byte	0x81
 199 011d 02       		.byte	0x2
 200 011e 00       		.byte	0
 201 011f 05       		.uleb128 0x5
 202 0120 E2010000 		.4byte	.LASF18
 203 0124 04       		.byte	0x4
 204 0125 1707     		.2byte	0x717
 205 0127 B0000000 		.4byte	0xb0
 206 012b 0B       		.uleb128 0xb
 207 012c D0010000 		.4byte	.LASF22
 208 0130 01       		.byte	0x1
 209 0131 2B       		.byte	0x2b
 210 0132 00000000 		.4byte	.LFB82
 211 0136 1C000000 		.4byte	.LFE82-.LFB82
 212 013a 01       		.uleb128 0x1
 213 013b 9C       		.byte	0x9c
 214 013c 4D010000 		.4byte	0x14d
 215 0140 0C       		.uleb128 0xc
 216 0141 5300     		.ascii	"S\000"
 217 0143 01       		.byte	0x1
 218 0144 2C       		.byte	0x2c
 219 0145 4D010000 		.4byte	0x14d
 220 0149 02       		.uleb128 0x2
 221 014a 91       		.byte	0x91
 222 014b 74       		.sleb128 -12
 223 014c 00       		.byte	0
 224 014d 0D       		.uleb128 0xd
 225 014e 04       		.byte	0x4
 226 014f 1F010000 		.4byte	0x11f
 227 0153 00       		.byte	0
 228              		.section	.debug_abbrev,"",%progbits
 229              	.Ldebug_abbrev0:
 230 0000 01       		.uleb128 0x1
 231 0001 11       		.uleb128 0x11
 232 0002 01       		.byte	0x1
 233 0003 25       		.uleb128 0x25
 234 0004 0E       		.uleb128 0xe
 235 0005 13       		.uleb128 0x13
 236 0006 0B       		.uleb128 0xb
 237 0007 03       		.uleb128 0x3
ARM GAS  C:\Users\fneves\AppData\Local\Temp\cc1bh9UW.s 			page 6


 238 0008 0E       		.uleb128 0xe
 239 0009 1B       		.uleb128 0x1b
 240 000a 0E       		.uleb128 0xe
 241 000b 55       		.uleb128 0x55
 242 000c 17       		.uleb128 0x17
 243 000d 11       		.uleb128 0x11
 244 000e 01       		.uleb128 0x1
 245 000f 10       		.uleb128 0x10
 246 0010 17       		.uleb128 0x17
 247 0011 00       		.byte	0
 248 0012 00       		.byte	0
 249 0013 02       		.uleb128 0x2
 250 0014 24       		.uleb128 0x24
 251 0015 00       		.byte	0
 252 0016 0B       		.uleb128 0xb
 253 0017 0B       		.uleb128 0xb
 254 0018 3E       		.uleb128 0x3e
 255 0019 0B       		.uleb128 0xb
 256 001a 03       		.uleb128 0x3
 257 001b 0E       		.uleb128 0xe
 258 001c 00       		.byte	0
 259 001d 00       		.byte	0
 260 001e 03       		.uleb128 0x3
 261 001f 16       		.uleb128 0x16
 262 0020 00       		.byte	0
 263 0021 03       		.uleb128 0x3
 264 0022 0E       		.uleb128 0xe
 265 0023 3A       		.uleb128 0x3a
 266 0024 0B       		.uleb128 0xb
 267 0025 3B       		.uleb128 0x3b
 268 0026 0B       		.uleb128 0xb
 269 0027 49       		.uleb128 0x49
 270 0028 13       		.uleb128 0x13
 271 0029 00       		.byte	0
 272 002a 00       		.byte	0
 273 002b 04       		.uleb128 0x4
 274 002c 24       		.uleb128 0x24
 275 002d 00       		.byte	0
 276 002e 0B       		.uleb128 0xb
 277 002f 0B       		.uleb128 0xb
 278 0030 3E       		.uleb128 0x3e
 279 0031 0B       		.uleb128 0xb
 280 0032 03       		.uleb128 0x3
 281 0033 08       		.uleb128 0x8
 282 0034 00       		.byte	0
 283 0035 00       		.byte	0
 284 0036 05       		.uleb128 0x5
 285 0037 16       		.uleb128 0x16
 286 0038 00       		.byte	0
 287 0039 03       		.uleb128 0x3
 288 003a 0E       		.uleb128 0xe
 289 003b 3A       		.uleb128 0x3a
 290 003c 0B       		.uleb128 0xb
 291 003d 3B       		.uleb128 0x3b
 292 003e 05       		.uleb128 0x5
 293 003f 49       		.uleb128 0x49
 294 0040 13       		.uleb128 0x13
ARM GAS  C:\Users\fneves\AppData\Local\Temp\cc1bh9UW.s 			page 7


 295 0041 00       		.byte	0
 296 0042 00       		.byte	0
 297 0043 06       		.uleb128 0x6
 298 0044 13       		.uleb128 0x13
 299 0045 01       		.byte	0x1
 300 0046 0B       		.uleb128 0xb
 301 0047 0B       		.uleb128 0xb
 302 0048 3A       		.uleb128 0x3a
 303 0049 0B       		.uleb128 0xb
 304 004a 3B       		.uleb128 0x3b
 305 004b 05       		.uleb128 0x5
 306 004c 01       		.uleb128 0x1
 307 004d 13       		.uleb128 0x13
 308 004e 00       		.byte	0
 309 004f 00       		.byte	0
 310 0050 07       		.uleb128 0x7
 311 0051 0D       		.uleb128 0xd
 312 0052 00       		.byte	0
 313 0053 03       		.uleb128 0x3
 314 0054 08       		.uleb128 0x8
 315 0055 3A       		.uleb128 0x3a
 316 0056 0B       		.uleb128 0xb
 317 0057 3B       		.uleb128 0x3b
 318 0058 05       		.uleb128 0x5
 319 0059 49       		.uleb128 0x49
 320 005a 13       		.uleb128 0x13
 321 005b 38       		.uleb128 0x38
 322 005c 0B       		.uleb128 0xb
 323 005d 00       		.byte	0
 324 005e 00       		.byte	0
 325 005f 08       		.uleb128 0x8
 326 0060 0D       		.uleb128 0xd
 327 0061 00       		.byte	0
 328 0062 03       		.uleb128 0x3
 329 0063 0E       		.uleb128 0xe
 330 0064 3A       		.uleb128 0x3a
 331 0065 0B       		.uleb128 0xb
 332 0066 3B       		.uleb128 0x3b
 333 0067 05       		.uleb128 0x5
 334 0068 49       		.uleb128 0x49
 335 0069 13       		.uleb128 0x13
 336 006a 38       		.uleb128 0x38
 337 006b 0B       		.uleb128 0xb
 338 006c 00       		.byte	0
 339 006d 00       		.byte	0
 340 006e 09       		.uleb128 0x9
 341 006f 01       		.uleb128 0x1
 342 0070 01       		.byte	0x1
 343 0071 49       		.uleb128 0x49
 344 0072 13       		.uleb128 0x13
 345 0073 01       		.uleb128 0x1
 346 0074 13       		.uleb128 0x13
 347 0075 00       		.byte	0
 348 0076 00       		.byte	0
 349 0077 0A       		.uleb128 0xa
 350 0078 21       		.uleb128 0x21
 351 0079 00       		.byte	0
ARM GAS  C:\Users\fneves\AppData\Local\Temp\cc1bh9UW.s 			page 8


 352 007a 49       		.uleb128 0x49
 353 007b 13       		.uleb128 0x13
 354 007c 2F       		.uleb128 0x2f
 355 007d 0B       		.uleb128 0xb
 356 007e 00       		.byte	0
 357 007f 00       		.byte	0
 358 0080 0B       		.uleb128 0xb
 359 0081 2E       		.uleb128 0x2e
 360 0082 01       		.byte	0x1
 361 0083 3F       		.uleb128 0x3f
 362 0084 19       		.uleb128 0x19
 363 0085 03       		.uleb128 0x3
 364 0086 0E       		.uleb128 0xe
 365 0087 3A       		.uleb128 0x3a
 366 0088 0B       		.uleb128 0xb
 367 0089 3B       		.uleb128 0x3b
 368 008a 0B       		.uleb128 0xb
 369 008b 27       		.uleb128 0x27
 370 008c 19       		.uleb128 0x19
 371 008d 11       		.uleb128 0x11
 372 008e 01       		.uleb128 0x1
 373 008f 12       		.uleb128 0x12
 374 0090 06       		.uleb128 0x6
 375 0091 40       		.uleb128 0x40
 376 0092 18       		.uleb128 0x18
 377 0093 9642     		.uleb128 0x2116
 378 0095 19       		.uleb128 0x19
 379 0096 01       		.uleb128 0x1
 380 0097 13       		.uleb128 0x13
 381 0098 00       		.byte	0
 382 0099 00       		.byte	0
 383 009a 0C       		.uleb128 0xc
 384 009b 05       		.uleb128 0x5
 385 009c 00       		.byte	0
 386 009d 03       		.uleb128 0x3
 387 009e 08       		.uleb128 0x8
 388 009f 3A       		.uleb128 0x3a
 389 00a0 0B       		.uleb128 0xb
 390 00a1 3B       		.uleb128 0x3b
 391 00a2 0B       		.uleb128 0xb
 392 00a3 49       		.uleb128 0x49
 393 00a4 13       		.uleb128 0x13
 394 00a5 02       		.uleb128 0x2
 395 00a6 18       		.uleb128 0x18
 396 00a7 00       		.byte	0
 397 00a8 00       		.byte	0
 398 00a9 0D       		.uleb128 0xd
 399 00aa 0F       		.uleb128 0xf
 400 00ab 00       		.byte	0
 401 00ac 0B       		.uleb128 0xb
 402 00ad 0B       		.uleb128 0xb
 403 00ae 49       		.uleb128 0x49
 404 00af 13       		.uleb128 0x13
 405 00b0 00       		.byte	0
 406 00b1 00       		.byte	0
 407 00b2 00       		.byte	0
 408              		.section	.debug_aranges,"",%progbits
ARM GAS  C:\Users\fneves\AppData\Local\Temp\cc1bh9UW.s 			page 9


 409 0000 1C000000 		.4byte	0x1c
 410 0004 0200     		.2byte	0x2
 411 0006 00000000 		.4byte	.Ldebug_info0
 412 000a 04       		.byte	0x4
 413 000b 00       		.byte	0
 414 000c 0000     		.2byte	0
 415 000e 0000     		.2byte	0
 416 0010 00000000 		.4byte	.LFB82
 417 0014 1C000000 		.4byte	.LFE82-.LFB82
 418 0018 00000000 		.4byte	0
 419 001c 00000000 		.4byte	0
 420              		.section	.debug_ranges,"",%progbits
 421              	.Ldebug_ranges0:
 422 0000 00000000 		.4byte	.LFB82
 423 0004 1C000000 		.4byte	.LFE82
 424 0008 00000000 		.4byte	0
 425 000c 00000000 		.4byte	0
 426              		.section	.debug_line,"",%progbits
 427              	.Ldebug_line0:
 428 0000 6C010000 		.section	.debug_str,"MS",%progbits,1
 428      02005501 
 428      00000201 
 428      FB0E0D00 
 428      01010101 
 429              	.LASF17:
 430 0000 73746174 		.ascii	"state\000"
 430      6500
 431              	.LASF21:
 432 0006 433A5C55 		.ascii	"C:\\Users\\fneves\\Documents\\PSoC Creator\\wp_1\\e"
 432      73657273 
 432      5C666E65 
 432      7665735C 
 432      446F6375 
 433 0033 6E67696E 		.ascii	"ngine_speed_sensor.cydsn\000"
 433      655F7370 
 433      6565645F 
 433      73656E73 
 433      6F722E63 
 434              	.LASF16:
 435 004c 7131355F 		.ascii	"q15_t\000"
 435      7400
 436              	.LASF14:
 437 0052 666C6F61 		.ascii	"float\000"
 437      7400
 438              	.LASF5:
 439 0058 6C6F6E67 		.ascii	"long unsigned int\000"
 439      20756E73 
 439      69676E65 
 439      6420696E 
 439      7400
 440              	.LASF3:
 441 006a 73686F72 		.ascii	"short unsigned int\000"
 441      7420756E 
 441      7369676E 
 441      65642069 
 441      6E7400
 442              	.LASF1:
ARM GAS  C:\Users\fneves\AppData\Local\Temp\cc1bh9UW.s 			page 10


 443 007d 756E7369 		.ascii	"unsigned char\000"
 443      676E6564 
 443      20636861 
 443      7200
 444              	.LASF13:
 445 008b 646F7562 		.ascii	"double\000"
 445      6C6500
 446              	.LASF20:
 447 0092 536F7572 		.ascii	"Source\\ControllerFunctions\\arm_pid_reset_q15.c\000"
 447      63655C43 
 447      6F6E7472 
 447      6F6C6C65 
 447      7246756E 
 448              	.LASF9:
 449 00c1 5F5F696E 		.ascii	"__int16_t\000"
 449      7431365F 
 449      7400
 450              	.LASF8:
 451 00cb 756E7369 		.ascii	"unsigned int\000"
 451      676E6564 
 451      20696E74 
 451      00
 452              	.LASF7:
 453 00d8 6C6F6E67 		.ascii	"long long unsigned int\000"
 453      206C6F6E 
 453      6720756E 
 453      7369676E 
 453      65642069 
 454              	.LASF19:
 455 00ef 474E5520 		.ascii	"GNU C 4.9.3 20150303 (release) [ARM/embedded-4_9-br"
 455      4320342E 
 455      392E3320 
 455      32303135 
 455      30333033 
 456 0122 616E6368 		.ascii	"anch revision 221220] -mcpu=cortex-m0plus -mthumb -"
 456      20726576 
 456      6973696F 
 456      6E203232 
 456      31323230 
 457 0155 67202D4F 		.ascii	"g -O0 -ffunction-sections -ffat-lto-objects\000"
 457      30202D66 
 457      66756E63 
 457      74696F6E 
 457      2D736563 
 458              	.LASF10:
 459 0181 696E7431 		.ascii	"int16_t\000"
 459      365F7400 
 460              	.LASF11:
 461 0189 73697A65 		.ascii	"sizetype\000"
 461      74797065 
 461      00
 462              	.LASF6:
 463 0192 6C6F6E67 		.ascii	"long long int\000"
 463      206C6F6E 
 463      6720696E 
 463      7400
 464              	.LASF12:
ARM GAS  C:\Users\fneves\AppData\Local\Temp\cc1bh9UW.s 			page 11


 465 01a0 63686172 		.ascii	"char\000"
 465      00
 466              	.LASF2:
 467 01a5 73686F72 		.ascii	"short int\000"
 467      7420696E 
 467      7400
 468              	.LASF4:
 469 01af 6C6F6E67 		.ascii	"long int\000"
 469      20696E74 
 469      00
 470              	.LASF15:
 471 01b8 6C6F6E67 		.ascii	"long double\000"
 471      20646F75 
 471      626C6500 
 472              	.LASF0:
 473 01c4 7369676E 		.ascii	"signed char\000"
 473      65642063 
 473      68617200 
 474              	.LASF22:
 475 01d0 61726D5F 		.ascii	"arm_pid_reset_q15\000"
 475      7069645F 
 475      72657365 
 475      745F7131 
 475      3500
 476              	.LASF18:
 477 01e2 61726D5F 		.ascii	"arm_pid_instance_q15\000"
 477      7069645F 
 477      696E7374 
 477      616E6365 
 477      5F713135 
 478              		.ident	"GCC: (GNU Tools for ARM Embedded Processors) 4.9.3 20150303 (release) [ARM/embedded-4_9-br
