ARM GAS  C:\Users\fneves\AppData\Local\Temp\ccV33yhw.s 			page 1


   1              		.cpu cortex-m0plus
   2              		.fpu softvfp
   3              		.eabi_attribute 20, 1
   4              		.eabi_attribute 21, 1
   5              		.eabi_attribute 23, 3
   6              		.eabi_attribute 24, 1
   7              		.eabi_attribute 25, 1
   8              		.eabi_attribute 26, 1
   9              		.eabi_attribute 30, 6
  10              		.eabi_attribute 34, 0
  11              		.eabi_attribute 18, 4
  12              		.code	16
  13              		.file	"arm_mat_scale_f32.c"
  14              		.text
  15              	.Ltext0:
  16              		.cfi_sections	.debug_frame
  17              		.global	__aeabi_fmul
  18              		.section	.text.arm_mat_scale_f32,"ax",%progbits
  19              		.align	2
  20              		.global	arm_mat_scale_f32
  21              		.code	16
  22              		.thumb_func
  23              		.type	arm_mat_scale_f32, %function
  24              	arm_mat_scale_f32:
  25              	.LFB82:
  26              		.file 1 "Source\\MatrixFunctions\\arm_mat_scale_f32.c"
   1:Source\MatrixFunctions/arm_mat_scale_f32.c **** /* ----------------------------------------------------------------------
   2:Source\MatrixFunctions/arm_mat_scale_f32.c ****  * Project:      CMSIS DSP Library
   3:Source\MatrixFunctions/arm_mat_scale_f32.c ****  * Title:        arm_mat_scale_f32.c
   4:Source\MatrixFunctions/arm_mat_scale_f32.c ****  * Description:  Multiplies a floating-point matrix by a scalar
   5:Source\MatrixFunctions/arm_mat_scale_f32.c ****  *
   6:Source\MatrixFunctions/arm_mat_scale_f32.c ****  * $Date:        27. January 2017
   7:Source\MatrixFunctions/arm_mat_scale_f32.c ****  * $Revision:    V.1.5.1
   8:Source\MatrixFunctions/arm_mat_scale_f32.c ****  *
   9:Source\MatrixFunctions/arm_mat_scale_f32.c ****  * Target Processor: Cortex-M cores
  10:Source\MatrixFunctions/arm_mat_scale_f32.c ****  * -------------------------------------------------------------------- */
  11:Source\MatrixFunctions/arm_mat_scale_f32.c **** /*
  12:Source\MatrixFunctions/arm_mat_scale_f32.c ****  * Copyright (C) 2010-2017 ARM Limited or its affiliates. All rights reserved.
  13:Source\MatrixFunctions/arm_mat_scale_f32.c ****  *
  14:Source\MatrixFunctions/arm_mat_scale_f32.c ****  * SPDX-License-Identifier: Apache-2.0
  15:Source\MatrixFunctions/arm_mat_scale_f32.c ****  *
  16:Source\MatrixFunctions/arm_mat_scale_f32.c ****  * Licensed under the Apache License, Version 2.0 (the License); you may
  17:Source\MatrixFunctions/arm_mat_scale_f32.c ****  * not use this file except in compliance with the License.
  18:Source\MatrixFunctions/arm_mat_scale_f32.c ****  * You may obtain a copy of the License at
  19:Source\MatrixFunctions/arm_mat_scale_f32.c ****  *
  20:Source\MatrixFunctions/arm_mat_scale_f32.c ****  * www.apache.org/licenses/LICENSE-2.0
  21:Source\MatrixFunctions/arm_mat_scale_f32.c ****  *
  22:Source\MatrixFunctions/arm_mat_scale_f32.c ****  * Unless required by applicable law or agreed to in writing, software
  23:Source\MatrixFunctions/arm_mat_scale_f32.c ****  * distributed under the License is distributed on an AS IS BASIS, WITHOUT
  24:Source\MatrixFunctions/arm_mat_scale_f32.c ****  * WARRANTIES OR CONDITIONS OF ANY KIND, either express or implied.
  25:Source\MatrixFunctions/arm_mat_scale_f32.c ****  * See the License for the specific language governing permissions and
  26:Source\MatrixFunctions/arm_mat_scale_f32.c ****  * limitations under the License.
  27:Source\MatrixFunctions/arm_mat_scale_f32.c ****  */
  28:Source\MatrixFunctions/arm_mat_scale_f32.c **** 
  29:Source\MatrixFunctions/arm_mat_scale_f32.c **** #include "arm_math.h"
  30:Source\MatrixFunctions/arm_mat_scale_f32.c **** 
  31:Source\MatrixFunctions/arm_mat_scale_f32.c **** /**
ARM GAS  C:\Users\fneves\AppData\Local\Temp\ccV33yhw.s 			page 2


  32:Source\MatrixFunctions/arm_mat_scale_f32.c ****  * @ingroup groupMatrix
  33:Source\MatrixFunctions/arm_mat_scale_f32.c ****  */
  34:Source\MatrixFunctions/arm_mat_scale_f32.c **** 
  35:Source\MatrixFunctions/arm_mat_scale_f32.c **** /**
  36:Source\MatrixFunctions/arm_mat_scale_f32.c ****  * @defgroup MatrixScale Matrix Scale
  37:Source\MatrixFunctions/arm_mat_scale_f32.c ****  *
  38:Source\MatrixFunctions/arm_mat_scale_f32.c ****  * Multiplies a matrix by a scalar.  This is accomplished by multiplying each element in the
  39:Source\MatrixFunctions/arm_mat_scale_f32.c ****  * matrix by the scalar.  For example:
  40:Source\MatrixFunctions/arm_mat_scale_f32.c ****  * \image html MatrixScale.gif "Matrix Scaling of a 3 x 3 matrix"
  41:Source\MatrixFunctions/arm_mat_scale_f32.c ****  *
  42:Source\MatrixFunctions/arm_mat_scale_f32.c ****  * The function checks to make sure that the input and output matrices are of the same size.
  43:Source\MatrixFunctions/arm_mat_scale_f32.c ****  *
  44:Source\MatrixFunctions/arm_mat_scale_f32.c ****  * In the fixed-point Q15 and Q31 functions, <code>scale</code> is represented by
  45:Source\MatrixFunctions/arm_mat_scale_f32.c ****  * a fractional multiplication <code>scaleFract</code> and an arithmetic shift <code>shift</code>.
  46:Source\MatrixFunctions/arm_mat_scale_f32.c ****  * The shift allows the gain of the scaling operation to exceed 1.0.
  47:Source\MatrixFunctions/arm_mat_scale_f32.c ****  * The overall scale factor applied to the fixed-point data is
  48:Source\MatrixFunctions/arm_mat_scale_f32.c ****  * <pre>
  49:Source\MatrixFunctions/arm_mat_scale_f32.c ****  *     scale = scaleFract * 2^shift.
  50:Source\MatrixFunctions/arm_mat_scale_f32.c ****  * </pre>
  51:Source\MatrixFunctions/arm_mat_scale_f32.c ****  */
  52:Source\MatrixFunctions/arm_mat_scale_f32.c **** 
  53:Source\MatrixFunctions/arm_mat_scale_f32.c **** /**
  54:Source\MatrixFunctions/arm_mat_scale_f32.c ****  * @addtogroup MatrixScale
  55:Source\MatrixFunctions/arm_mat_scale_f32.c ****  * @{
  56:Source\MatrixFunctions/arm_mat_scale_f32.c ****  */
  57:Source\MatrixFunctions/arm_mat_scale_f32.c **** 
  58:Source\MatrixFunctions/arm_mat_scale_f32.c **** /**
  59:Source\MatrixFunctions/arm_mat_scale_f32.c ****  * @brief Floating-point matrix scaling.
  60:Source\MatrixFunctions/arm_mat_scale_f32.c ****  * @param[in]       *pSrc points to input matrix structure
  61:Source\MatrixFunctions/arm_mat_scale_f32.c ****  * @param[in]       scale scale factor to be applied
  62:Source\MatrixFunctions/arm_mat_scale_f32.c ****  * @param[out]      *pDst points to output matrix structure
  63:Source\MatrixFunctions/arm_mat_scale_f32.c ****  * @return     		The function returns either <code>ARM_MATH_SIZE_MISMATCH</code>
  64:Source\MatrixFunctions/arm_mat_scale_f32.c ****  * or <code>ARM_MATH_SUCCESS</code> based on the outcome of size checking.
  65:Source\MatrixFunctions/arm_mat_scale_f32.c ****  *
  66:Source\MatrixFunctions/arm_mat_scale_f32.c ****  */
  67:Source\MatrixFunctions/arm_mat_scale_f32.c **** 
  68:Source\MatrixFunctions/arm_mat_scale_f32.c **** arm_status arm_mat_scale_f32(
  69:Source\MatrixFunctions/arm_mat_scale_f32.c ****   const arm_matrix_instance_f32 * pSrc,
  70:Source\MatrixFunctions/arm_mat_scale_f32.c ****   float32_t scale,
  71:Source\MatrixFunctions/arm_mat_scale_f32.c ****   arm_matrix_instance_f32 * pDst)
  72:Source\MatrixFunctions/arm_mat_scale_f32.c **** {
  27              		.loc 1 72 0
  28              		.cfi_startproc
  29 0000 90B5     		push	{r4, r7, lr}
  30              		.cfi_def_cfa_offset 12
  31              		.cfi_offset 4, -12
  32              		.cfi_offset 7, -8
  33              		.cfi_offset 14, -4
  34 0002 8BB0     		sub	sp, sp, #44
  35              		.cfi_def_cfa_offset 56
  36 0004 00AF     		add	r7, sp, #0
  37              		.cfi_def_cfa_register 7
  38 0006 F860     		str	r0, [r7, #12]
  39 0008 B960     		str	r1, [r7, #8]
  40 000a 7A60     		str	r2, [r7, #4]
  73:Source\MatrixFunctions/arm_mat_scale_f32.c ****   float32_t *pIn = pSrc->pData;                  /* input data matrix pointer */
  41              		.loc 1 73 0
ARM GAS  C:\Users\fneves\AppData\Local\Temp\ccV33yhw.s 			page 3


  42 000c FB68     		ldr	r3, [r7, #12]
  43 000e 5B68     		ldr	r3, [r3, #4]
  44 0010 7B62     		str	r3, [r7, #36]
  74:Source\MatrixFunctions/arm_mat_scale_f32.c ****   float32_t *pOut = pDst->pData;                 /* output data matrix pointer */
  45              		.loc 1 74 0
  46 0012 7B68     		ldr	r3, [r7, #4]
  47 0014 5B68     		ldr	r3, [r3, #4]
  48 0016 3B62     		str	r3, [r7, #32]
  75:Source\MatrixFunctions/arm_mat_scale_f32.c ****   uint32_t numSamples;                           /* total number of elements in the matrix */
  76:Source\MatrixFunctions/arm_mat_scale_f32.c ****   uint32_t blkCnt;                               /* loop counters */
  77:Source\MatrixFunctions/arm_mat_scale_f32.c ****   arm_status status;                             /* status of matrix scaling     */
  78:Source\MatrixFunctions/arm_mat_scale_f32.c **** 
  79:Source\MatrixFunctions/arm_mat_scale_f32.c **** #if defined (ARM_MATH_DSP)
  80:Source\MatrixFunctions/arm_mat_scale_f32.c **** 
  81:Source\MatrixFunctions/arm_mat_scale_f32.c ****   float32_t in1, in2, in3, in4;                  /* temporary variables */
  82:Source\MatrixFunctions/arm_mat_scale_f32.c ****   float32_t out1, out2, out3, out4;              /* temporary variables */
  83:Source\MatrixFunctions/arm_mat_scale_f32.c **** 
  84:Source\MatrixFunctions/arm_mat_scale_f32.c **** #endif //      #if defined (ARM_MATH_DSP)
  85:Source\MatrixFunctions/arm_mat_scale_f32.c **** 
  86:Source\MatrixFunctions/arm_mat_scale_f32.c **** #ifdef ARM_MATH_MATRIX_CHECK
  87:Source\MatrixFunctions/arm_mat_scale_f32.c ****   /* Check for matrix mismatch condition */
  88:Source\MatrixFunctions/arm_mat_scale_f32.c ****   if ((pSrc->numRows != pDst->numRows) || (pSrc->numCols != pDst->numCols))
  89:Source\MatrixFunctions/arm_mat_scale_f32.c ****   {
  90:Source\MatrixFunctions/arm_mat_scale_f32.c ****     /* Set status as ARM_MATH_SIZE_MISMATCH */
  91:Source\MatrixFunctions/arm_mat_scale_f32.c ****     status = ARM_MATH_SIZE_MISMATCH;
  92:Source\MatrixFunctions/arm_mat_scale_f32.c ****   }
  93:Source\MatrixFunctions/arm_mat_scale_f32.c ****   else
  94:Source\MatrixFunctions/arm_mat_scale_f32.c **** #endif /*    #ifdef ARM_MATH_MATRIX_CHECK    */
  95:Source\MatrixFunctions/arm_mat_scale_f32.c ****   {
  96:Source\MatrixFunctions/arm_mat_scale_f32.c ****     /* Total number of samples in the input matrix */
  97:Source\MatrixFunctions/arm_mat_scale_f32.c ****     numSamples = (uint32_t) pSrc->numRows * pSrc->numCols;
  49              		.loc 1 97 0
  50 0018 FB68     		ldr	r3, [r7, #12]
  51 001a 1B88     		ldrh	r3, [r3]
  52 001c 1A1C     		mov	r2, r3
  53 001e FB68     		ldr	r3, [r7, #12]
  54 0020 5B88     		ldrh	r3, [r3, #2]
  55 0022 5343     		mul	r3, r2
  56 0024 BB61     		str	r3, [r7, #24]
  98:Source\MatrixFunctions/arm_mat_scale_f32.c **** 
  99:Source\MatrixFunctions/arm_mat_scale_f32.c **** #if defined (ARM_MATH_DSP)
 100:Source\MatrixFunctions/arm_mat_scale_f32.c **** 
 101:Source\MatrixFunctions/arm_mat_scale_f32.c ****     /* Run the below code for Cortex-M4 and Cortex-M3 */
 102:Source\MatrixFunctions/arm_mat_scale_f32.c **** 
 103:Source\MatrixFunctions/arm_mat_scale_f32.c ****     /* Loop Unrolling */
 104:Source\MatrixFunctions/arm_mat_scale_f32.c ****     blkCnt = numSamples >> 2;
 105:Source\MatrixFunctions/arm_mat_scale_f32.c **** 
 106:Source\MatrixFunctions/arm_mat_scale_f32.c ****     /* First part of the processing with loop unrolling.  Compute 4 outputs at a time.
 107:Source\MatrixFunctions/arm_mat_scale_f32.c ****      ** a second loop below computes the remaining 1 to 3 samples. */
 108:Source\MatrixFunctions/arm_mat_scale_f32.c ****     while (blkCnt > 0u)
 109:Source\MatrixFunctions/arm_mat_scale_f32.c ****     {
 110:Source\MatrixFunctions/arm_mat_scale_f32.c ****       /* C(m,n) = A(m,n) * scale */
 111:Source\MatrixFunctions/arm_mat_scale_f32.c ****       /* Scaling and results are stored in the destination buffer. */
 112:Source\MatrixFunctions/arm_mat_scale_f32.c ****       in1 = pIn[0];
 113:Source\MatrixFunctions/arm_mat_scale_f32.c ****       in2 = pIn[1];
 114:Source\MatrixFunctions/arm_mat_scale_f32.c ****       in3 = pIn[2];
 115:Source\MatrixFunctions/arm_mat_scale_f32.c ****       in4 = pIn[3];
ARM GAS  C:\Users\fneves\AppData\Local\Temp\ccV33yhw.s 			page 4


 116:Source\MatrixFunctions/arm_mat_scale_f32.c **** 
 117:Source\MatrixFunctions/arm_mat_scale_f32.c ****       out1 = in1 * scale;
 118:Source\MatrixFunctions/arm_mat_scale_f32.c ****       out2 = in2 * scale;
 119:Source\MatrixFunctions/arm_mat_scale_f32.c ****       out3 = in3 * scale;
 120:Source\MatrixFunctions/arm_mat_scale_f32.c ****       out4 = in4 * scale;
 121:Source\MatrixFunctions/arm_mat_scale_f32.c **** 
 122:Source\MatrixFunctions/arm_mat_scale_f32.c **** 
 123:Source\MatrixFunctions/arm_mat_scale_f32.c ****       pOut[0] = out1;
 124:Source\MatrixFunctions/arm_mat_scale_f32.c ****       pOut[1] = out2;
 125:Source\MatrixFunctions/arm_mat_scale_f32.c ****       pOut[2] = out3;
 126:Source\MatrixFunctions/arm_mat_scale_f32.c ****       pOut[3] = out4;
 127:Source\MatrixFunctions/arm_mat_scale_f32.c **** 
 128:Source\MatrixFunctions/arm_mat_scale_f32.c ****       /* update pointers to process next sampels */
 129:Source\MatrixFunctions/arm_mat_scale_f32.c ****       pIn += 4u;
 130:Source\MatrixFunctions/arm_mat_scale_f32.c ****       pOut += 4u;
 131:Source\MatrixFunctions/arm_mat_scale_f32.c **** 
 132:Source\MatrixFunctions/arm_mat_scale_f32.c ****       /* Decrement the numSamples loop counter */
 133:Source\MatrixFunctions/arm_mat_scale_f32.c ****       blkCnt--;
 134:Source\MatrixFunctions/arm_mat_scale_f32.c ****     }
 135:Source\MatrixFunctions/arm_mat_scale_f32.c **** 
 136:Source\MatrixFunctions/arm_mat_scale_f32.c ****     /* If the numSamples is not a multiple of 4, compute any remaining output samples here.
 137:Source\MatrixFunctions/arm_mat_scale_f32.c ****      ** No loop unrolling is used. */
 138:Source\MatrixFunctions/arm_mat_scale_f32.c ****     blkCnt = numSamples % 0x4u;
 139:Source\MatrixFunctions/arm_mat_scale_f32.c **** 
 140:Source\MatrixFunctions/arm_mat_scale_f32.c **** #else
 141:Source\MatrixFunctions/arm_mat_scale_f32.c **** 
 142:Source\MatrixFunctions/arm_mat_scale_f32.c ****     /* Run the below code for Cortex-M0 */
 143:Source\MatrixFunctions/arm_mat_scale_f32.c **** 
 144:Source\MatrixFunctions/arm_mat_scale_f32.c ****     /* Initialize blkCnt with number of samples */
 145:Source\MatrixFunctions/arm_mat_scale_f32.c ****     blkCnt = numSamples;
  57              		.loc 1 145 0
  58 0026 BB69     		ldr	r3, [r7, #24]
  59 0028 FB61     		str	r3, [r7, #28]
 146:Source\MatrixFunctions/arm_mat_scale_f32.c **** 
 147:Source\MatrixFunctions/arm_mat_scale_f32.c **** #endif /* #if defined (ARM_MATH_DSP) */
 148:Source\MatrixFunctions/arm_mat_scale_f32.c **** 
 149:Source\MatrixFunctions/arm_mat_scale_f32.c ****     while (blkCnt > 0u)
  60              		.loc 1 149 0
  61 002a 0FE0     		b	.L2
  62              	.L3:
 150:Source\MatrixFunctions/arm_mat_scale_f32.c ****     {
 151:Source\MatrixFunctions/arm_mat_scale_f32.c ****       /* C(m,n) = A(m,n) * scale */
 152:Source\MatrixFunctions/arm_mat_scale_f32.c ****       /* The results are stored in the destination buffer. */
 153:Source\MatrixFunctions/arm_mat_scale_f32.c ****       *pOut++ = (*pIn++) * scale;
  63              		.loc 1 153 0
  64 002c 3C6A     		ldr	r4, [r7, #32]
  65 002e 231D     		add	r3, r4, #4
  66 0030 3B62     		str	r3, [r7, #32]
  67 0032 7B6A     		ldr	r3, [r7, #36]
  68 0034 1A1D     		add	r2, r3, #4
  69 0036 7A62     		str	r2, [r7, #36]
  70 0038 1B68     		ldr	r3, [r3]
  71 003a 181C     		add	r0, r3, #0
  72 003c B968     		ldr	r1, [r7, #8]
  73 003e FFF7FEFF 		bl	__aeabi_fmul
  74 0042 031C     		add	r3, r0, #0
  75 0044 2360     		str	r3, [r4]
ARM GAS  C:\Users\fneves\AppData\Local\Temp\ccV33yhw.s 			page 5


 154:Source\MatrixFunctions/arm_mat_scale_f32.c **** 
 155:Source\MatrixFunctions/arm_mat_scale_f32.c ****       /* Decrement the loop counter */
 156:Source\MatrixFunctions/arm_mat_scale_f32.c ****       blkCnt--;
  76              		.loc 1 156 0
  77 0046 FB69     		ldr	r3, [r7, #28]
  78 0048 013B     		sub	r3, r3, #1
  79 004a FB61     		str	r3, [r7, #28]
  80              	.L2:
 149:Source\MatrixFunctions/arm_mat_scale_f32.c ****     {
  81              		.loc 1 149 0
  82 004c FB69     		ldr	r3, [r7, #28]
  83 004e 002B     		cmp	r3, #0
  84 0050 ECD1     		bne	.L3
 157:Source\MatrixFunctions/arm_mat_scale_f32.c ****     }
 158:Source\MatrixFunctions/arm_mat_scale_f32.c **** 
 159:Source\MatrixFunctions/arm_mat_scale_f32.c ****     /* Set status as ARM_MATH_SUCCESS */
 160:Source\MatrixFunctions/arm_mat_scale_f32.c ****     status = ARM_MATH_SUCCESS;
  85              		.loc 1 160 0
  86 0052 1723     		mov	r3, #23
  87 0054 FB18     		add	r3, r7, r3
  88 0056 0022     		mov	r2, #0
  89 0058 1A70     		strb	r2, [r3]
 161:Source\MatrixFunctions/arm_mat_scale_f32.c ****   }
 162:Source\MatrixFunctions/arm_mat_scale_f32.c **** 
 163:Source\MatrixFunctions/arm_mat_scale_f32.c ****   /* Return to application */
 164:Source\MatrixFunctions/arm_mat_scale_f32.c ****   return (status);
  90              		.loc 1 164 0
  91 005a 1723     		mov	r3, #23
  92 005c FB18     		add	r3, r7, r3
  93 005e 1B78     		ldrb	r3, [r3]
  94 0060 5BB2     		sxtb	r3, r3
 165:Source\MatrixFunctions/arm_mat_scale_f32.c **** }
  95              		.loc 1 165 0
  96 0062 181C     		mov	r0, r3
  97 0064 BD46     		mov	sp, r7
  98 0066 0BB0     		add	sp, sp, #44
  99              		@ sp needed
 100 0068 90BD     		pop	{r4, r7, pc}
 101              		.cfi_endproc
 102              	.LFE82:
 103              		.size	arm_mat_scale_f32, .-arm_mat_scale_f32
 104 006a C046     		.text
 105              	.Letext0:
 106              		.file 2 "c:\\program files (x86)\\cypress\\psoc creator\\4.0\\psoc creator\\import\\gnu\\arm\\4.9.
 107              		.file 3 "c:\\program files (x86)\\cypress\\psoc creator\\4.0\\psoc creator\\import\\gnu\\arm\\4.9.
 108              		.file 4 ".\\Include/arm_math.h"
 109              		.section	.debug_info,"",%progbits
 110              	.Ldebug_info0:
 111 0000 E1010000 		.4byte	0x1e1
 112 0004 0400     		.2byte	0x4
 113 0006 00000000 		.4byte	.Ldebug_abbrev0
 114 000a 04       		.byte	0x4
 115 000b 01       		.uleb128 0x1
 116 000c 3A010000 		.4byte	.LASF38
 117 0010 01       		.byte	0x1
 118 0011 0A020000 		.4byte	.LASF39
 119 0015 1C000000 		.4byte	.LASF40
ARM GAS  C:\Users\fneves\AppData\Local\Temp\ccV33yhw.s 			page 6


 120 0019 00000000 		.4byte	.Ldebug_ranges0+0
 121 001d 00000000 		.4byte	0
 122 0021 00000000 		.4byte	.Ldebug_line0
 123 0025 02       		.uleb128 0x2
 124 0026 01       		.byte	0x1
 125 0027 06       		.byte	0x6
 126 0028 9E020000 		.4byte	.LASF0
 127 002c 02       		.uleb128 0x2
 128 002d 01       		.byte	0x1
 129 002e 08       		.byte	0x8
 130 002f 7A000000 		.4byte	.LASF1
 131 0033 02       		.uleb128 0x2
 132 0034 02       		.byte	0x2
 133 0035 05       		.byte	0x5
 134 0036 50020000 		.4byte	.LASF2
 135 003a 03       		.uleb128 0x3
 136 003b CF000000 		.4byte	.LASF5
 137 003f 02       		.byte	0x2
 138 0040 2B       		.byte	0x2b
 139 0041 45000000 		.4byte	0x45
 140 0045 02       		.uleb128 0x2
 141 0046 02       		.byte	0x2
 142 0047 07       		.byte	0x7
 143 0048 B7000000 		.4byte	.LASF3
 144 004c 02       		.uleb128 0x2
 145 004d 04       		.byte	0x4
 146 004e 05       		.byte	0x5
 147 004f 6C020000 		.4byte	.LASF4
 148 0053 03       		.uleb128 0x3
 149 0054 F3000000 		.4byte	.LASF6
 150 0058 02       		.byte	0x2
 151 0059 41       		.byte	0x41
 152 005a 5E000000 		.4byte	0x5e
 153 005e 02       		.uleb128 0x2
 154 005f 04       		.byte	0x4
 155 0060 07       		.byte	0x7
 156 0061 A5000000 		.4byte	.LASF7
 157 0065 02       		.uleb128 0x2
 158 0066 08       		.byte	0x8
 159 0067 05       		.byte	0x5
 160 0068 FC010000 		.4byte	.LASF8
 161 006c 02       		.uleb128 0x2
 162 006d 08       		.byte	0x8
 163 006e 07       		.byte	0x7
 164 006f 23010000 		.4byte	.LASF9
 165 0073 04       		.uleb128 0x4
 166 0074 04       		.byte	0x4
 167 0075 05       		.byte	0x5
 168 0076 696E7400 		.ascii	"int\000"
 169 007a 02       		.uleb128 0x2
 170 007b 04       		.byte	0x4
 171 007c 07       		.byte	0x7
 172 007d 16010000 		.4byte	.LASF10
 173 0081 03       		.uleb128 0x3
 174 0082 5A020000 		.4byte	.LASF11
 175 0086 03       		.byte	0x3
 176 0087 21       		.byte	0x21
ARM GAS  C:\Users\fneves\AppData\Local\Temp\ccV33yhw.s 			page 7


 177 0088 3A000000 		.4byte	0x3a
 178 008c 03       		.uleb128 0x3
 179 008d 63020000 		.4byte	.LASF12
 180 0091 03       		.byte	0x3
 181 0092 2D       		.byte	0x2d
 182 0093 53000000 		.4byte	0x53
 183 0097 02       		.uleb128 0x2
 184 0098 04       		.byte	0x4
 185 0099 07       		.byte	0x7
 186 009a F3010000 		.4byte	.LASF13
 187 009e 02       		.uleb128 0x2
 188 009f 01       		.byte	0x1
 189 00a0 08       		.byte	0x8
 190 00a1 75020000 		.4byte	.LASF14
 191 00a5 02       		.uleb128 0x2
 192 00a6 08       		.byte	0x8
 193 00a7 04       		.byte	0x4
 194 00a8 DA000000 		.4byte	.LASF15
 195 00ac 02       		.uleb128 0x2
 196 00ad 04       		.byte	0x4
 197 00ae 04       		.byte	0x4
 198 00af 16000000 		.4byte	.LASF16
 199 00b3 02       		.uleb128 0x2
 200 00b4 08       		.byte	0x8
 201 00b5 04       		.byte	0x4
 202 00b6 7A020000 		.4byte	.LASF17
 203 00ba 05       		.uleb128 0x5
 204 00bb 01       		.byte	0x1
 205 00bc 04       		.byte	0x4
 206 00bd 8401     		.2byte	0x184
 207 00bf EE000000 		.4byte	0xee
 208 00c3 06       		.uleb128 0x6
 209 00c4 3F020000 		.4byte	.LASF18
 210 00c8 00       		.sleb128 0
 211 00c9 06       		.uleb128 0x6
 212 00ca FE000000 		.4byte	.LASF19
 213 00ce 7F       		.sleb128 -1
 214 00cf 06       		.uleb128 0x6
 215 00d0 00000000 		.4byte	.LASF20
 216 00d4 7E       		.sleb128 -2
 217 00d5 06       		.uleb128 0x6
 218 00d6 CC010000 		.4byte	.LASF21
 219 00da 7D       		.sleb128 -3
 220 00db 06       		.uleb128 0x6
 221 00dc E3010000 		.4byte	.LASF22
 222 00e0 7C       		.sleb128 -4
 223 00e1 06       		.uleb128 0x6
 224 00e2 D5020000 		.4byte	.LASF23
 225 00e6 7B       		.sleb128 -5
 226 00e7 06       		.uleb128 0x6
 227 00e8 8F000000 		.4byte	.LASF24
 228 00ec 7A       		.sleb128 -6
 229 00ed 00       		.byte	0
 230 00ee 07       		.uleb128 0x7
 231 00ef C2020000 		.4byte	.LASF25
 232 00f3 04       		.byte	0x4
 233 00f4 8C01     		.2byte	0x18c
ARM GAS  C:\Users\fneves\AppData\Local\Temp\ccV33yhw.s 			page 8


 234 00f6 BA000000 		.4byte	0xba
 235 00fa 07       		.uleb128 0x7
 236 00fb 35020000 		.4byte	.LASF26
 237 00ff 04       		.byte	0x4
 238 0100 A501     		.2byte	0x1a5
 239 0102 AC000000 		.4byte	0xac
 240 0106 08       		.uleb128 0x8
 241 0107 04       		.byte	0x4
 242 0108 FA000000 		.4byte	0xfa
 243 010c 09       		.uleb128 0x9
 244 010d 08       		.byte	0x8
 245 010e 04       		.byte	0x4
 246 010f 9A05     		.2byte	0x59a
 247 0111 3D010000 		.4byte	0x13d
 248 0115 0A       		.uleb128 0xa
 249 0116 AA020000 		.4byte	.LASF27
 250 011a 04       		.byte	0x4
 251 011b 9C05     		.2byte	0x59c
 252 011d 81000000 		.4byte	0x81
 253 0121 00       		.byte	0
 254 0122 0A       		.uleb128 0xa
 255 0123 CD020000 		.4byte	.LASF28
 256 0127 04       		.byte	0x4
 257 0128 9D05     		.2byte	0x59d
 258 012a 81000000 		.4byte	0x81
 259 012e 02       		.byte	0x2
 260 012f 0A       		.uleb128 0xa
 261 0130 69000000 		.4byte	.LASF29
 262 0134 04       		.byte	0x4
 263 0135 9E05     		.2byte	0x59e
 264 0137 06010000 		.4byte	0x106
 265 013b 04       		.byte	0x4
 266 013c 00       		.byte	0
 267 013d 07       		.uleb128 0x7
 268 013e 86020000 		.4byte	.LASF30
 269 0142 04       		.byte	0x4
 270 0143 9F05     		.2byte	0x59f
 271 0145 0C010000 		.4byte	0x10c
 272 0149 0B       		.uleb128 0xb
 273 014a E1000000 		.4byte	.LASF41
 274 014e 01       		.byte	0x1
 275 014f 44       		.byte	0x44
 276 0150 EE000000 		.4byte	0xee
 277 0154 00000000 		.4byte	.LFB82
 278 0158 6A000000 		.4byte	.LFE82-.LFB82
 279 015c 01       		.uleb128 0x1
 280 015d 9C       		.byte	0x9c
 281 015e D3010000 		.4byte	0x1d3
 282 0162 0C       		.uleb128 0xc
 283 0163 B2020000 		.4byte	.LASF31
 284 0167 01       		.byte	0x1
 285 0168 45       		.byte	0x45
 286 0169 D3010000 		.4byte	0x1d3
 287 016d 02       		.uleb128 0x2
 288 016e 91       		.byte	0x91
 289 016f 54       		.sleb128 -44
 290 0170 0C       		.uleb128 0xc
ARM GAS  C:\Users\fneves\AppData\Local\Temp\ccV33yhw.s 			page 9


 291 0171 6F000000 		.4byte	.LASF32
 292 0175 01       		.byte	0x1
 293 0176 46       		.byte	0x46
 294 0177 FA000000 		.4byte	0xfa
 295 017b 02       		.uleb128 0x2
 296 017c 91       		.byte	0x91
 297 017d 50       		.sleb128 -48
 298 017e 0C       		.uleb128 0xc
 299 017f CA000000 		.4byte	.LASF33
 300 0183 01       		.byte	0x1
 301 0184 47       		.byte	0x47
 302 0185 DE010000 		.4byte	0x1de
 303 0189 02       		.uleb128 0x2
 304 018a 91       		.byte	0x91
 305 018b 4C       		.sleb128 -52
 306 018c 0D       		.uleb128 0xd
 307 018d 70496E00 		.ascii	"pIn\000"
 308 0191 01       		.byte	0x1
 309 0192 49       		.byte	0x49
 310 0193 06010000 		.4byte	0x106
 311 0197 02       		.uleb128 0x2
 312 0198 91       		.byte	0x91
 313 0199 6C       		.sleb128 -20
 314 019a 0E       		.uleb128 0xe
 315 019b 75000000 		.4byte	.LASF34
 316 019f 01       		.byte	0x1
 317 01a0 4A       		.byte	0x4a
 318 01a1 06010000 		.4byte	0x106
 319 01a5 02       		.uleb128 0x2
 320 01a6 91       		.byte	0x91
 321 01a7 68       		.sleb128 -24
 322 01a8 0E       		.uleb128 0xe
 323 01a9 B7020000 		.4byte	.LASF35
 324 01ad 01       		.byte	0x1
 325 01ae 4B       		.byte	0x4b
 326 01af 8C000000 		.4byte	0x8c
 327 01b3 02       		.uleb128 0x2
 328 01b4 91       		.byte	0x91
 329 01b5 60       		.sleb128 -32
 330 01b6 0E       		.uleb128 0xe
 331 01b7 88000000 		.4byte	.LASF36
 332 01bb 01       		.byte	0x1
 333 01bc 4C       		.byte	0x4c
 334 01bd 8C000000 		.4byte	0x8c
 335 01c1 02       		.uleb128 0x2
 336 01c2 91       		.byte	0x91
 337 01c3 64       		.sleb128 -28
 338 01c4 0E       		.uleb128 0xe
 339 01c5 62000000 		.4byte	.LASF37
 340 01c9 01       		.byte	0x1
 341 01ca 4D       		.byte	0x4d
 342 01cb EE000000 		.4byte	0xee
 343 01cf 02       		.uleb128 0x2
 344 01d0 91       		.byte	0x91
 345 01d1 5F       		.sleb128 -33
 346 01d2 00       		.byte	0
 347 01d3 08       		.uleb128 0x8
ARM GAS  C:\Users\fneves\AppData\Local\Temp\ccV33yhw.s 			page 10


 348 01d4 04       		.byte	0x4
 349 01d5 D9010000 		.4byte	0x1d9
 350 01d9 0F       		.uleb128 0xf
 351 01da 3D010000 		.4byte	0x13d
 352 01de 08       		.uleb128 0x8
 353 01df 04       		.byte	0x4
 354 01e0 3D010000 		.4byte	0x13d
 355 01e4 00       		.byte	0
 356              		.section	.debug_abbrev,"",%progbits
 357              	.Ldebug_abbrev0:
 358 0000 01       		.uleb128 0x1
 359 0001 11       		.uleb128 0x11
 360 0002 01       		.byte	0x1
 361 0003 25       		.uleb128 0x25
 362 0004 0E       		.uleb128 0xe
 363 0005 13       		.uleb128 0x13
 364 0006 0B       		.uleb128 0xb
 365 0007 03       		.uleb128 0x3
 366 0008 0E       		.uleb128 0xe
 367 0009 1B       		.uleb128 0x1b
 368 000a 0E       		.uleb128 0xe
 369 000b 55       		.uleb128 0x55
 370 000c 17       		.uleb128 0x17
 371 000d 11       		.uleb128 0x11
 372 000e 01       		.uleb128 0x1
 373 000f 10       		.uleb128 0x10
 374 0010 17       		.uleb128 0x17
 375 0011 00       		.byte	0
 376 0012 00       		.byte	0
 377 0013 02       		.uleb128 0x2
 378 0014 24       		.uleb128 0x24
 379 0015 00       		.byte	0
 380 0016 0B       		.uleb128 0xb
 381 0017 0B       		.uleb128 0xb
 382 0018 3E       		.uleb128 0x3e
 383 0019 0B       		.uleb128 0xb
 384 001a 03       		.uleb128 0x3
 385 001b 0E       		.uleb128 0xe
 386 001c 00       		.byte	0
 387 001d 00       		.byte	0
 388 001e 03       		.uleb128 0x3
 389 001f 16       		.uleb128 0x16
 390 0020 00       		.byte	0
 391 0021 03       		.uleb128 0x3
 392 0022 0E       		.uleb128 0xe
 393 0023 3A       		.uleb128 0x3a
 394 0024 0B       		.uleb128 0xb
 395 0025 3B       		.uleb128 0x3b
 396 0026 0B       		.uleb128 0xb
 397 0027 49       		.uleb128 0x49
 398 0028 13       		.uleb128 0x13
 399 0029 00       		.byte	0
 400 002a 00       		.byte	0
 401 002b 04       		.uleb128 0x4
 402 002c 24       		.uleb128 0x24
 403 002d 00       		.byte	0
 404 002e 0B       		.uleb128 0xb
ARM GAS  C:\Users\fneves\AppData\Local\Temp\ccV33yhw.s 			page 11


 405 002f 0B       		.uleb128 0xb
 406 0030 3E       		.uleb128 0x3e
 407 0031 0B       		.uleb128 0xb
 408 0032 03       		.uleb128 0x3
 409 0033 08       		.uleb128 0x8
 410 0034 00       		.byte	0
 411 0035 00       		.byte	0
 412 0036 05       		.uleb128 0x5
 413 0037 04       		.uleb128 0x4
 414 0038 01       		.byte	0x1
 415 0039 0B       		.uleb128 0xb
 416 003a 0B       		.uleb128 0xb
 417 003b 3A       		.uleb128 0x3a
 418 003c 0B       		.uleb128 0xb
 419 003d 3B       		.uleb128 0x3b
 420 003e 05       		.uleb128 0x5
 421 003f 01       		.uleb128 0x1
 422 0040 13       		.uleb128 0x13
 423 0041 00       		.byte	0
 424 0042 00       		.byte	0
 425 0043 06       		.uleb128 0x6
 426 0044 28       		.uleb128 0x28
 427 0045 00       		.byte	0
 428 0046 03       		.uleb128 0x3
 429 0047 0E       		.uleb128 0xe
 430 0048 1C       		.uleb128 0x1c
 431 0049 0D       		.uleb128 0xd
 432 004a 00       		.byte	0
 433 004b 00       		.byte	0
 434 004c 07       		.uleb128 0x7
 435 004d 16       		.uleb128 0x16
 436 004e 00       		.byte	0
 437 004f 03       		.uleb128 0x3
 438 0050 0E       		.uleb128 0xe
 439 0051 3A       		.uleb128 0x3a
 440 0052 0B       		.uleb128 0xb
 441 0053 3B       		.uleb128 0x3b
 442 0054 05       		.uleb128 0x5
 443 0055 49       		.uleb128 0x49
 444 0056 13       		.uleb128 0x13
 445 0057 00       		.byte	0
 446 0058 00       		.byte	0
 447 0059 08       		.uleb128 0x8
 448 005a 0F       		.uleb128 0xf
 449 005b 00       		.byte	0
 450 005c 0B       		.uleb128 0xb
 451 005d 0B       		.uleb128 0xb
 452 005e 49       		.uleb128 0x49
 453 005f 13       		.uleb128 0x13
 454 0060 00       		.byte	0
 455 0061 00       		.byte	0
 456 0062 09       		.uleb128 0x9
 457 0063 13       		.uleb128 0x13
 458 0064 01       		.byte	0x1
 459 0065 0B       		.uleb128 0xb
 460 0066 0B       		.uleb128 0xb
 461 0067 3A       		.uleb128 0x3a
ARM GAS  C:\Users\fneves\AppData\Local\Temp\ccV33yhw.s 			page 12


 462 0068 0B       		.uleb128 0xb
 463 0069 3B       		.uleb128 0x3b
 464 006a 05       		.uleb128 0x5
 465 006b 01       		.uleb128 0x1
 466 006c 13       		.uleb128 0x13
 467 006d 00       		.byte	0
 468 006e 00       		.byte	0
 469 006f 0A       		.uleb128 0xa
 470 0070 0D       		.uleb128 0xd
 471 0071 00       		.byte	0
 472 0072 03       		.uleb128 0x3
 473 0073 0E       		.uleb128 0xe
 474 0074 3A       		.uleb128 0x3a
 475 0075 0B       		.uleb128 0xb
 476 0076 3B       		.uleb128 0x3b
 477 0077 05       		.uleb128 0x5
 478 0078 49       		.uleb128 0x49
 479 0079 13       		.uleb128 0x13
 480 007a 38       		.uleb128 0x38
 481 007b 0B       		.uleb128 0xb
 482 007c 00       		.byte	0
 483 007d 00       		.byte	0
 484 007e 0B       		.uleb128 0xb
 485 007f 2E       		.uleb128 0x2e
 486 0080 01       		.byte	0x1
 487 0081 3F       		.uleb128 0x3f
 488 0082 19       		.uleb128 0x19
 489 0083 03       		.uleb128 0x3
 490 0084 0E       		.uleb128 0xe
 491 0085 3A       		.uleb128 0x3a
 492 0086 0B       		.uleb128 0xb
 493 0087 3B       		.uleb128 0x3b
 494 0088 0B       		.uleb128 0xb
 495 0089 27       		.uleb128 0x27
 496 008a 19       		.uleb128 0x19
 497 008b 49       		.uleb128 0x49
 498 008c 13       		.uleb128 0x13
 499 008d 11       		.uleb128 0x11
 500 008e 01       		.uleb128 0x1
 501 008f 12       		.uleb128 0x12
 502 0090 06       		.uleb128 0x6
 503 0091 40       		.uleb128 0x40
 504 0092 18       		.uleb128 0x18
 505 0093 9642     		.uleb128 0x2116
 506 0095 19       		.uleb128 0x19
 507 0096 01       		.uleb128 0x1
 508 0097 13       		.uleb128 0x13
 509 0098 00       		.byte	0
 510 0099 00       		.byte	0
 511 009a 0C       		.uleb128 0xc
 512 009b 05       		.uleb128 0x5
 513 009c 00       		.byte	0
 514 009d 03       		.uleb128 0x3
 515 009e 0E       		.uleb128 0xe
 516 009f 3A       		.uleb128 0x3a
 517 00a0 0B       		.uleb128 0xb
 518 00a1 3B       		.uleb128 0x3b
ARM GAS  C:\Users\fneves\AppData\Local\Temp\ccV33yhw.s 			page 13


 519 00a2 0B       		.uleb128 0xb
 520 00a3 49       		.uleb128 0x49
 521 00a4 13       		.uleb128 0x13
 522 00a5 02       		.uleb128 0x2
 523 00a6 18       		.uleb128 0x18
 524 00a7 00       		.byte	0
 525 00a8 00       		.byte	0
 526 00a9 0D       		.uleb128 0xd
 527 00aa 34       		.uleb128 0x34
 528 00ab 00       		.byte	0
 529 00ac 03       		.uleb128 0x3
 530 00ad 08       		.uleb128 0x8
 531 00ae 3A       		.uleb128 0x3a
 532 00af 0B       		.uleb128 0xb
 533 00b0 3B       		.uleb128 0x3b
 534 00b1 0B       		.uleb128 0xb
 535 00b2 49       		.uleb128 0x49
 536 00b3 13       		.uleb128 0x13
 537 00b4 02       		.uleb128 0x2
 538 00b5 18       		.uleb128 0x18
 539 00b6 00       		.byte	0
 540 00b7 00       		.byte	0
 541 00b8 0E       		.uleb128 0xe
 542 00b9 34       		.uleb128 0x34
 543 00ba 00       		.byte	0
 544 00bb 03       		.uleb128 0x3
 545 00bc 0E       		.uleb128 0xe
 546 00bd 3A       		.uleb128 0x3a
 547 00be 0B       		.uleb128 0xb
 548 00bf 3B       		.uleb128 0x3b
 549 00c0 0B       		.uleb128 0xb
 550 00c1 49       		.uleb128 0x49
 551 00c2 13       		.uleb128 0x13
 552 00c3 02       		.uleb128 0x2
 553 00c4 18       		.uleb128 0x18
 554 00c5 00       		.byte	0
 555 00c6 00       		.byte	0
 556 00c7 0F       		.uleb128 0xf
 557 00c8 26       		.uleb128 0x26
 558 00c9 00       		.byte	0
 559 00ca 49       		.uleb128 0x49
 560 00cb 13       		.uleb128 0x13
 561 00cc 00       		.byte	0
 562 00cd 00       		.byte	0
 563 00ce 00       		.byte	0
 564              		.section	.debug_aranges,"",%progbits
 565 0000 1C000000 		.4byte	0x1c
 566 0004 0200     		.2byte	0x2
 567 0006 00000000 		.4byte	.Ldebug_info0
 568 000a 04       		.byte	0x4
 569 000b 00       		.byte	0
 570 000c 0000     		.2byte	0
 571 000e 0000     		.2byte	0
 572 0010 00000000 		.4byte	.LFB82
 573 0014 6A000000 		.4byte	.LFE82-.LFB82
 574 0018 00000000 		.4byte	0
 575 001c 00000000 		.4byte	0
ARM GAS  C:\Users\fneves\AppData\Local\Temp\ccV33yhw.s 			page 14


 576              		.section	.debug_ranges,"",%progbits
 577              	.Ldebug_ranges0:
 578 0000 00000000 		.4byte	.LFB82
 579 0004 6A000000 		.4byte	.LFE82
 580 0008 00000000 		.4byte	0
 581 000c 00000000 		.4byte	0
 582              		.section	.debug_line,"",%progbits
 583              	.Ldebug_line0:
 584 0000 7A010000 		.section	.debug_str,"MS",%progbits,1
 584      02005101 
 584      00000201 
 584      FB0E0D00 
 584      01010101 
 585              	.LASF20:
 586 0000 41524D5F 		.ascii	"ARM_MATH_LENGTH_ERROR\000"
 586      4D415448 
 586      5F4C454E 
 586      4754485F 
 586      4552524F 
 587              	.LASF16:
 588 0016 666C6F61 		.ascii	"float\000"
 588      7400
 589              	.LASF40:
 590 001c 433A5C55 		.ascii	"C:\\Users\\fneves\\Documents\\PSoC Creator\\wp_1\\e"
 590      73657273 
 590      5C666E65 
 590      7665735C 
 590      446F6375 
 591 0049 6E67696E 		.ascii	"ngine_speed_sensor.cydsn\000"
 591      655F7370 
 591      6565645F 
 591      73656E73 
 591      6F722E63 
 592              	.LASF37:
 593 0062 73746174 		.ascii	"status\000"
 593      757300
 594              	.LASF29:
 595 0069 70446174 		.ascii	"pData\000"
 595      6100
 596              	.LASF32:
 597 006f 7363616C 		.ascii	"scale\000"
 597      6500
 598              	.LASF34:
 599 0075 704F7574 		.ascii	"pOut\000"
 599      00
 600              	.LASF1:
 601 007a 756E7369 		.ascii	"unsigned char\000"
 601      676E6564 
 601      20636861 
 601      7200
 602              	.LASF36:
 603 0088 626C6B43 		.ascii	"blkCnt\000"
 603      6E7400
 604              	.LASF24:
 605 008f 41524D5F 		.ascii	"ARM_MATH_TEST_FAILURE\000"
 605      4D415448 
 605      5F544553 
ARM GAS  C:\Users\fneves\AppData\Local\Temp\ccV33yhw.s 			page 15


 605      545F4641 
 605      494C5552 
 606              	.LASF7:
 607 00a5 6C6F6E67 		.ascii	"long unsigned int\000"
 607      20756E73 
 607      69676E65 
 607      6420696E 
 607      7400
 608              	.LASF3:
 609 00b7 73686F72 		.ascii	"short unsigned int\000"
 609      7420756E 
 609      7369676E 
 609      65642069 
 609      6E7400
 610              	.LASF33:
 611 00ca 70447374 		.ascii	"pDst\000"
 611      00
 612              	.LASF5:
 613 00cf 5F5F7569 		.ascii	"__uint16_t\000"
 613      6E743136 
 613      5F7400
 614              	.LASF15:
 615 00da 646F7562 		.ascii	"double\000"
 615      6C6500
 616              	.LASF41:
 617 00e1 61726D5F 		.ascii	"arm_mat_scale_f32\000"
 617      6D61745F 
 617      7363616C 
 617      655F6633 
 617      3200
 618              	.LASF6:
 619 00f3 5F5F7569 		.ascii	"__uint32_t\000"
 619      6E743332 
 619      5F7400
 620              	.LASF19:
 621 00fe 41524D5F 		.ascii	"ARM_MATH_ARGUMENT_ERROR\000"
 621      4D415448 
 621      5F415247 
 621      554D454E 
 621      545F4552 
 622              	.LASF10:
 623 0116 756E7369 		.ascii	"unsigned int\000"
 623      676E6564 
 623      20696E74 
 623      00
 624              	.LASF9:
 625 0123 6C6F6E67 		.ascii	"long long unsigned int\000"
 625      206C6F6E 
 625      6720756E 
 625      7369676E 
 625      65642069 
 626              	.LASF38:
 627 013a 474E5520 		.ascii	"GNU C 4.9.3 20150303 (release) [ARM/embedded-4_9-br"
 627      4320342E 
 627      392E3320 
 627      32303135 
 627      30333033 
ARM GAS  C:\Users\fneves\AppData\Local\Temp\ccV33yhw.s 			page 16


 628 016d 616E6368 		.ascii	"anch revision 221220] -mcpu=cortex-m0plus -mthumb -"
 628      20726576 
 628      6973696F 
 628      6E203232 
 628      31323230 
 629 01a0 67202D4F 		.ascii	"g -O0 -ffunction-sections -ffat-lto-objects\000"
 629      30202D66 
 629      66756E63 
 629      74696F6E 
 629      2D736563 
 630              	.LASF21:
 631 01cc 41524D5F 		.ascii	"ARM_MATH_SIZE_MISMATCH\000"
 631      4D415448 
 631      5F53495A 
 631      455F4D49 
 631      534D4154 
 632              	.LASF22:
 633 01e3 41524D5F 		.ascii	"ARM_MATH_NANINF\000"
 633      4D415448 
 633      5F4E414E 
 633      494E4600 
 634              	.LASF13:
 635 01f3 73697A65 		.ascii	"sizetype\000"
 635      74797065 
 635      00
 636              	.LASF8:
 637 01fc 6C6F6E67 		.ascii	"long long int\000"
 637      206C6F6E 
 637      6720696E 
 637      7400
 638              	.LASF39:
 639 020a 536F7572 		.ascii	"Source\\MatrixFunctions\\arm_mat_scale_f32.c\000"
 639      63655C4D 
 639      61747269 
 639      7846756E 
 639      6374696F 
 640              	.LASF26:
 641 0235 666C6F61 		.ascii	"float32_t\000"
 641      7433325F 
 641      7400
 642              	.LASF18:
 643 023f 41524D5F 		.ascii	"ARM_MATH_SUCCESS\000"
 643      4D415448 
 643      5F535543 
 643      43455353 
 643      00
 644              	.LASF2:
 645 0250 73686F72 		.ascii	"short int\000"
 645      7420696E 
 645      7400
 646              	.LASF11:
 647 025a 75696E74 		.ascii	"uint16_t\000"
 647      31365F74 
 647      00
 648              	.LASF12:
 649 0263 75696E74 		.ascii	"uint32_t\000"
 649      33325F74 
ARM GAS  C:\Users\fneves\AppData\Local\Temp\ccV33yhw.s 			page 17


 649      00
 650              	.LASF4:
 651 026c 6C6F6E67 		.ascii	"long int\000"
 651      20696E74 
 651      00
 652              	.LASF14:
 653 0275 63686172 		.ascii	"char\000"
 653      00
 654              	.LASF17:
 655 027a 6C6F6E67 		.ascii	"long double\000"
 655      20646F75 
 655      626C6500 
 656              	.LASF30:
 657 0286 61726D5F 		.ascii	"arm_matrix_instance_f32\000"
 657      6D617472 
 657      69785F69 
 657      6E737461 
 657      6E63655F 
 658              	.LASF0:
 659 029e 7369676E 		.ascii	"signed char\000"
 659      65642063 
 659      68617200 
 660              	.LASF27:
 661 02aa 6E756D52 		.ascii	"numRows\000"
 661      6F777300 
 662              	.LASF31:
 663 02b2 70537263 		.ascii	"pSrc\000"
 663      00
 664              	.LASF35:
 665 02b7 6E756D53 		.ascii	"numSamples\000"
 665      616D706C 
 665      657300
 666              	.LASF25:
 667 02c2 61726D5F 		.ascii	"arm_status\000"
 667      73746174 
 667      757300
 668              	.LASF28:
 669 02cd 6E756D43 		.ascii	"numCols\000"
 669      6F6C7300 
 670              	.LASF23:
 671 02d5 41524D5F 		.ascii	"ARM_MATH_SINGULAR\000"
 671      4D415448 
 671      5F53494E 
 671      47554C41 
 671      5200
 672              		.ident	"GCC: (GNU Tools for ARM Embedded Processors) 4.9.3 20150303 (release) [ARM/embedded-4_9-br
