ARM GAS  C:\Users\fneves\AppData\Local\Temp\ccMBHsKd.s 			page 1


   1              		.cpu cortex-m0plus
   2              		.fpu softvfp
   3              		.eabi_attribute 20, 1
   4              		.eabi_attribute 21, 1
   5              		.eabi_attribute 23, 3
   6              		.eabi_attribute 24, 1
   7              		.eabi_attribute 25, 1
   8              		.eabi_attribute 26, 1
   9              		.eabi_attribute 30, 6
  10              		.eabi_attribute 34, 0
  11              		.eabi_attribute 18, 4
  12              		.code	16
  13              		.file	"arm_biquad_cascade_df1_init_q15.c"
  14              		.text
  15              	.Ltext0:
  16              		.cfi_sections	.debug_frame
  17              		.section	.text.arm_biquad_cascade_df1_init_q15,"ax",%progbits
  18              		.align	2
  19              		.global	arm_biquad_cascade_df1_init_q15
  20              		.code	16
  21              		.thumb_func
  22              		.type	arm_biquad_cascade_df1_init_q15, %function
  23              	arm_biquad_cascade_df1_init_q15:
  24              	.LFB82:
  25              		.file 1 "Source\\FilteringFunctions\\arm_biquad_cascade_df1_init_q15.c"
   1:Source\FilteringFunctions/arm_biquad_cascade_df1_init_q15.c **** /* ----------------------------------------------------------------------
   2:Source\FilteringFunctions/arm_biquad_cascade_df1_init_q15.c ****  * Project:      CMSIS DSP Library
   3:Source\FilteringFunctions/arm_biquad_cascade_df1_init_q15.c ****  * Title:        arm_biquad_cascade_df1_init_q15.c
   4:Source\FilteringFunctions/arm_biquad_cascade_df1_init_q15.c ****  * Description:  Q15 Biquad cascade DirectFormI(DF1) filter initialization function
   5:Source\FilteringFunctions/arm_biquad_cascade_df1_init_q15.c ****  *
   6:Source\FilteringFunctions/arm_biquad_cascade_df1_init_q15.c ****  * $Date:        27. January 2017
   7:Source\FilteringFunctions/arm_biquad_cascade_df1_init_q15.c ****  * $Revision:    V.1.5.1
   8:Source\FilteringFunctions/arm_biquad_cascade_df1_init_q15.c ****  *
   9:Source\FilteringFunctions/arm_biquad_cascade_df1_init_q15.c ****  * Target Processor: Cortex-M cores
  10:Source\FilteringFunctions/arm_biquad_cascade_df1_init_q15.c ****  * -------------------------------------------------------------------- */
  11:Source\FilteringFunctions/arm_biquad_cascade_df1_init_q15.c **** /*
  12:Source\FilteringFunctions/arm_biquad_cascade_df1_init_q15.c ****  * Copyright (C) 2010-2017 ARM Limited or its affiliates. All rights reserved.
  13:Source\FilteringFunctions/arm_biquad_cascade_df1_init_q15.c ****  *
  14:Source\FilteringFunctions/arm_biquad_cascade_df1_init_q15.c ****  * SPDX-License-Identifier: Apache-2.0
  15:Source\FilteringFunctions/arm_biquad_cascade_df1_init_q15.c ****  *
  16:Source\FilteringFunctions/arm_biquad_cascade_df1_init_q15.c ****  * Licensed under the Apache License, Version 2.0 (the License); you may
  17:Source\FilteringFunctions/arm_biquad_cascade_df1_init_q15.c ****  * not use this file except in compliance with the License.
  18:Source\FilteringFunctions/arm_biquad_cascade_df1_init_q15.c ****  * You may obtain a copy of the License at
  19:Source\FilteringFunctions/arm_biquad_cascade_df1_init_q15.c ****  *
  20:Source\FilteringFunctions/arm_biquad_cascade_df1_init_q15.c ****  * www.apache.org/licenses/LICENSE-2.0
  21:Source\FilteringFunctions/arm_biquad_cascade_df1_init_q15.c ****  *
  22:Source\FilteringFunctions/arm_biquad_cascade_df1_init_q15.c ****  * Unless required by applicable law or agreed to in writing, software
  23:Source\FilteringFunctions/arm_biquad_cascade_df1_init_q15.c ****  * distributed under the License is distributed on an AS IS BASIS, WITHOUT
  24:Source\FilteringFunctions/arm_biquad_cascade_df1_init_q15.c ****  * WARRANTIES OR CONDITIONS OF ANY KIND, either express or implied.
  25:Source\FilteringFunctions/arm_biquad_cascade_df1_init_q15.c ****  * See the License for the specific language governing permissions and
  26:Source\FilteringFunctions/arm_biquad_cascade_df1_init_q15.c ****  * limitations under the License.
  27:Source\FilteringFunctions/arm_biquad_cascade_df1_init_q15.c ****  */
  28:Source\FilteringFunctions/arm_biquad_cascade_df1_init_q15.c **** 
  29:Source\FilteringFunctions/arm_biquad_cascade_df1_init_q15.c **** #include "arm_math.h"
  30:Source\FilteringFunctions/arm_biquad_cascade_df1_init_q15.c **** 
  31:Source\FilteringFunctions/arm_biquad_cascade_df1_init_q15.c **** /**
  32:Source\FilteringFunctions/arm_biquad_cascade_df1_init_q15.c ****  * @ingroup groupFilters
ARM GAS  C:\Users\fneves\AppData\Local\Temp\ccMBHsKd.s 			page 2


  33:Source\FilteringFunctions/arm_biquad_cascade_df1_init_q15.c ****  */
  34:Source\FilteringFunctions/arm_biquad_cascade_df1_init_q15.c **** 
  35:Source\FilteringFunctions/arm_biquad_cascade_df1_init_q15.c **** /**
  36:Source\FilteringFunctions/arm_biquad_cascade_df1_init_q15.c ****  * @addtogroup BiquadCascadeDF1
  37:Source\FilteringFunctions/arm_biquad_cascade_df1_init_q15.c ****  * @{
  38:Source\FilteringFunctions/arm_biquad_cascade_df1_init_q15.c ****  */
  39:Source\FilteringFunctions/arm_biquad_cascade_df1_init_q15.c **** 
  40:Source\FilteringFunctions/arm_biquad_cascade_df1_init_q15.c **** /**
  41:Source\FilteringFunctions/arm_biquad_cascade_df1_init_q15.c ****  * @details
  42:Source\FilteringFunctions/arm_biquad_cascade_df1_init_q15.c ****  *
  43:Source\FilteringFunctions/arm_biquad_cascade_df1_init_q15.c ****  * @param[in,out] *S           points to an instance of the Q15 Biquad cascade structure.
  44:Source\FilteringFunctions/arm_biquad_cascade_df1_init_q15.c ****  * @param[in]     numStages    number of 2nd order stages in the filter.
  45:Source\FilteringFunctions/arm_biquad_cascade_df1_init_q15.c ****  * @param[in]     *pCoeffs     points to the filter coefficients.
  46:Source\FilteringFunctions/arm_biquad_cascade_df1_init_q15.c ****  * @param[in]     *pState      points to the state buffer.
  47:Source\FilteringFunctions/arm_biquad_cascade_df1_init_q15.c ****  * @param[in]     postShift    Shift to be applied to the accumulator result. Varies according to t
  48:Source\FilteringFunctions/arm_biquad_cascade_df1_init_q15.c ****  * @return        none
  49:Source\FilteringFunctions/arm_biquad_cascade_df1_init_q15.c ****  *
  50:Source\FilteringFunctions/arm_biquad_cascade_df1_init_q15.c ****  * <b>Coefficient and State Ordering:</b>
  51:Source\FilteringFunctions/arm_biquad_cascade_df1_init_q15.c ****  *
  52:Source\FilteringFunctions/arm_biquad_cascade_df1_init_q15.c ****  * \par
  53:Source\FilteringFunctions/arm_biquad_cascade_df1_init_q15.c ****  * The coefficients are stored in the array <code>pCoeffs</code> in the following order:
  54:Source\FilteringFunctions/arm_biquad_cascade_df1_init_q15.c ****  * <pre>
  55:Source\FilteringFunctions/arm_biquad_cascade_df1_init_q15.c ****  *     {b10, 0, b11, b12, a11, a12, b20, 0, b21, b22, a21, a22, ...}
  56:Source\FilteringFunctions/arm_biquad_cascade_df1_init_q15.c ****  * </pre>
  57:Source\FilteringFunctions/arm_biquad_cascade_df1_init_q15.c ****  * where <code>b1x</code> and <code>a1x</code> are the coefficients for the first stage,
  58:Source\FilteringFunctions/arm_biquad_cascade_df1_init_q15.c ****  * <code>b2x</code> and <code>a2x</code> are the coefficients for the second stage,
  59:Source\FilteringFunctions/arm_biquad_cascade_df1_init_q15.c ****  * and so on.  The <code>pCoeffs</code> array contains a total of <code>6*numStages</code> values.
  60:Source\FilteringFunctions/arm_biquad_cascade_df1_init_q15.c ****  * The zero coefficient between <code>b1</code> and <code>b2</code> facilities  use of 16-bit SIMD 
  61:Source\FilteringFunctions/arm_biquad_cascade_df1_init_q15.c ****  *
  62:Source\FilteringFunctions/arm_biquad_cascade_df1_init_q15.c ****  * \par
  63:Source\FilteringFunctions/arm_biquad_cascade_df1_init_q15.c ****  * The state variables are stored in the array <code>pState</code>.
  64:Source\FilteringFunctions/arm_biquad_cascade_df1_init_q15.c ****  * Each Biquad stage has 4 state variables <code>x[n-1], x[n-2], y[n-1],</code> and <code>y[n-2]</c
  65:Source\FilteringFunctions/arm_biquad_cascade_df1_init_q15.c ****  * The state variables are arranged in the <code>pState</code> array as:
  66:Source\FilteringFunctions/arm_biquad_cascade_df1_init_q15.c ****  * <pre>
  67:Source\FilteringFunctions/arm_biquad_cascade_df1_init_q15.c ****  *     {x[n-1], x[n-2], y[n-1], y[n-2]}
  68:Source\FilteringFunctions/arm_biquad_cascade_df1_init_q15.c ****  * </pre>
  69:Source\FilteringFunctions/arm_biquad_cascade_df1_init_q15.c ****  * The 4 state variables for stage 1 are first, then the 4 state variables for stage 2, and so on.
  70:Source\FilteringFunctions/arm_biquad_cascade_df1_init_q15.c ****  * The state array has a total length of <code>4*numStages</code> values.
  71:Source\FilteringFunctions/arm_biquad_cascade_df1_init_q15.c ****  * The state variables are updated after each block of data is processed; the coefficients are unto
  72:Source\FilteringFunctions/arm_biquad_cascade_df1_init_q15.c ****  */
  73:Source\FilteringFunctions/arm_biquad_cascade_df1_init_q15.c **** 
  74:Source\FilteringFunctions/arm_biquad_cascade_df1_init_q15.c **** void arm_biquad_cascade_df1_init_q15(
  75:Source\FilteringFunctions/arm_biquad_cascade_df1_init_q15.c ****   arm_biquad_casd_df1_inst_q15 * S,
  76:Source\FilteringFunctions/arm_biquad_cascade_df1_init_q15.c ****   uint8_t numStages,
  77:Source\FilteringFunctions/arm_biquad_cascade_df1_init_q15.c ****   q15_t * pCoeffs,
  78:Source\FilteringFunctions/arm_biquad_cascade_df1_init_q15.c ****   q15_t * pState,
  79:Source\FilteringFunctions/arm_biquad_cascade_df1_init_q15.c ****   int8_t postShift)
  80:Source\FilteringFunctions/arm_biquad_cascade_df1_init_q15.c **** {
  26              		.loc 1 80 0
  27              		.cfi_startproc
  28 0000 80B5     		push	{r7, lr}
  29              		.cfi_def_cfa_offset 8
  30              		.cfi_offset 7, -8
  31              		.cfi_offset 14, -4
  32 0002 84B0     		sub	sp, sp, #16
  33              		.cfi_def_cfa_offset 24
  34 0004 00AF     		add	r7, sp, #0
ARM GAS  C:\Users\fneves\AppData\Local\Temp\ccMBHsKd.s 			page 3


  35              		.cfi_def_cfa_register 7
  36 0006 F860     		str	r0, [r7, #12]
  37 0008 7A60     		str	r2, [r7, #4]
  38 000a 3B60     		str	r3, [r7]
  39 000c 0B23     		mov	r3, #11
  40 000e FB18     		add	r3, r7, r3
  41 0010 0A1C     		add	r2, r1, #0
  42 0012 1A70     		strb	r2, [r3]
  81:Source\FilteringFunctions/arm_biquad_cascade_df1_init_q15.c ****   /* Assign filter stages */
  82:Source\FilteringFunctions/arm_biquad_cascade_df1_init_q15.c ****   S->numStages = numStages;
  43              		.loc 1 82 0
  44 0014 0B23     		mov	r3, #11
  45 0016 FB18     		add	r3, r7, r3
  46 0018 1A78     		ldrb	r2, [r3]
  47 001a FB68     		ldr	r3, [r7, #12]
  48 001c 1A70     		strb	r2, [r3]
  83:Source\FilteringFunctions/arm_biquad_cascade_df1_init_q15.c **** 
  84:Source\FilteringFunctions/arm_biquad_cascade_df1_init_q15.c ****   /* Assign postShift to be applied to the output */
  85:Source\FilteringFunctions/arm_biquad_cascade_df1_init_q15.c ****   S->postShift = postShift;
  49              		.loc 1 85 0
  50 001e FB68     		ldr	r3, [r7, #12]
  51 0020 1822     		mov	r2, #24
  52 0022 BA18     		add	r2, r7, r2
  53 0024 1278     		ldrb	r2, [r2]
  54 0026 1A73     		strb	r2, [r3, #12]
  86:Source\FilteringFunctions/arm_biquad_cascade_df1_init_q15.c **** 
  87:Source\FilteringFunctions/arm_biquad_cascade_df1_init_q15.c ****   /* Assign coefficient pointer */
  88:Source\FilteringFunctions/arm_biquad_cascade_df1_init_q15.c ****   S->pCoeffs = pCoeffs;
  55              		.loc 1 88 0
  56 0028 FB68     		ldr	r3, [r7, #12]
  57 002a 7A68     		ldr	r2, [r7, #4]
  58 002c 9A60     		str	r2, [r3, #8]
  89:Source\FilteringFunctions/arm_biquad_cascade_df1_init_q15.c **** 
  90:Source\FilteringFunctions/arm_biquad_cascade_df1_init_q15.c ****   /* Clear state buffer and size is always 4 * numStages */
  91:Source\FilteringFunctions/arm_biquad_cascade_df1_init_q15.c ****   memset(pState, 0, (4u * (uint32_t) numStages) * sizeof(q15_t));
  59              		.loc 1 91 0
  60 002e 0B23     		mov	r3, #11
  61 0030 FB18     		add	r3, r7, r3
  62 0032 1B78     		ldrb	r3, [r3]
  63 0034 DB00     		lsl	r3, r3, #3
  64 0036 3A68     		ldr	r2, [r7]
  65 0038 101C     		mov	r0, r2
  66 003a 0021     		mov	r1, #0
  67 003c 1A1C     		mov	r2, r3
  68 003e FFF7FEFF 		bl	memset
  92:Source\FilteringFunctions/arm_biquad_cascade_df1_init_q15.c **** 
  93:Source\FilteringFunctions/arm_biquad_cascade_df1_init_q15.c ****   /* Assign state pointer */
  94:Source\FilteringFunctions/arm_biquad_cascade_df1_init_q15.c ****   S->pState = pState;
  69              		.loc 1 94 0
  70 0042 FB68     		ldr	r3, [r7, #12]
  71 0044 3A68     		ldr	r2, [r7]
  72 0046 5A60     		str	r2, [r3, #4]
  95:Source\FilteringFunctions/arm_biquad_cascade_df1_init_q15.c **** }
  73              		.loc 1 95 0
  74 0048 BD46     		mov	sp, r7
  75 004a 04B0     		add	sp, sp, #16
  76              		@ sp needed
ARM GAS  C:\Users\fneves\AppData\Local\Temp\ccMBHsKd.s 			page 4


  77 004c 80BD     		pop	{r7, pc}
  78              		.cfi_endproc
  79              	.LFE82:
  80              		.size	arm_biquad_cascade_df1_init_q15, .-arm_biquad_cascade_df1_init_q15
  81 004e C046     		.text
  82              	.Letext0:
  83              		.file 2 "c:\\program files (x86)\\cypress\\psoc creator\\4.0\\psoc creator\\import\\gnu\\arm\\4.9.
  84              		.file 3 "c:\\program files (x86)\\cypress\\psoc creator\\4.0\\psoc creator\\import\\gnu\\arm\\4.9.
  85              		.file 4 ".\\Include/arm_math.h"
  86              		.section	.debug_info,"",%progbits
  87              	.Ldebug_info0:
  88 0000 9F010000 		.4byte	0x19f
  89 0004 0400     		.2byte	0x4
  90 0006 00000000 		.4byte	.Ldebug_abbrev0
  91 000a 04       		.byte	0x4
  92 000b 01       		.uleb128 0x1
  93 000c 11010000 		.4byte	.LASF28
  94 0010 01       		.byte	0x1
  95 0011 D8010000 		.4byte	.LASF29
  96 0015 3D000000 		.4byte	.LASF30
  97 0019 00000000 		.4byte	.Ldebug_ranges0+0
  98 001d 00000000 		.4byte	0
  99 0021 00000000 		.4byte	.Ldebug_line0
 100 0025 02       		.uleb128 0x2
 101 0026 00000000 		.4byte	.LASF0
 102 002a 02       		.byte	0x2
 103 002b 1B       		.byte	0x1b
 104 002c 30000000 		.4byte	0x30
 105 0030 03       		.uleb128 0x3
 106 0031 01       		.byte	0x1
 107 0032 06       		.byte	0x6
 108 0033 3A020000 		.4byte	.LASF2
 109 0037 02       		.uleb128 0x2
 110 0038 09000000 		.4byte	.LASF1
 111 003c 02       		.byte	0x2
 112 003d 1D       		.byte	0x1d
 113 003e 42000000 		.4byte	0x42
 114 0042 03       		.uleb128 0x3
 115 0043 01       		.byte	0x1
 116 0044 08       		.byte	0x8
 117 0045 9E000000 		.4byte	.LASF3
 118 0049 02       		.uleb128 0x2
 119 004a 13000000 		.4byte	.LASF4
 120 004e 02       		.byte	0x2
 121 004f 29       		.byte	0x29
 122 0050 54000000 		.4byte	0x54
 123 0054 03       		.uleb128 0x3
 124 0055 02       		.byte	0x2
 125 0056 05       		.byte	0x5
 126 0057 CE010000 		.4byte	.LASF5
 127 005b 03       		.uleb128 0x3
 128 005c 02       		.byte	0x2
 129 005d 07       		.byte	0x7
 130 005e BE000000 		.4byte	.LASF6
 131 0062 03       		.uleb128 0x3
 132 0063 04       		.byte	0x4
 133 0064 05       		.byte	0x5
ARM GAS  C:\Users\fneves\AppData\Local\Temp\ccMBHsKd.s 			page 5


 134 0065 25020000 		.4byte	.LASF7
 135 0069 02       		.uleb128 0x2
 136 006a E2000000 		.4byte	.LASF8
 137 006e 02       		.byte	0x2
 138 006f 41       		.byte	0x41
 139 0070 74000000 		.4byte	0x74
 140 0074 03       		.uleb128 0x3
 141 0075 04       		.byte	0x4
 142 0076 07       		.byte	0x7
 143 0077 AC000000 		.4byte	.LASF9
 144 007b 03       		.uleb128 0x3
 145 007c 08       		.byte	0x8
 146 007d 05       		.byte	0x5
 147 007e B4010000 		.4byte	.LASF10
 148 0082 03       		.uleb128 0x3
 149 0083 08       		.byte	0x8
 150 0084 07       		.byte	0x7
 151 0085 FA000000 		.4byte	.LASF11
 152 0089 04       		.uleb128 0x4
 153 008a 04       		.byte	0x4
 154 008b 05       		.byte	0x5
 155 008c 696E7400 		.ascii	"int\000"
 156 0090 03       		.uleb128 0x3
 157 0091 04       		.byte	0x4
 158 0092 07       		.byte	0x7
 159 0093 ED000000 		.4byte	.LASF12
 160 0097 02       		.uleb128 0x2
 161 0098 8B000000 		.4byte	.LASF13
 162 009c 03       		.byte	0x3
 163 009d 14       		.byte	0x14
 164 009e 25000000 		.4byte	0x25
 165 00a2 02       		.uleb128 0x2
 166 00a3 83000000 		.4byte	.LASF14
 167 00a7 03       		.byte	0x3
 168 00a8 15       		.byte	0x15
 169 00a9 37000000 		.4byte	0x37
 170 00ad 02       		.uleb128 0x2
 171 00ae A3010000 		.4byte	.LASF15
 172 00b2 03       		.byte	0x3
 173 00b3 20       		.byte	0x20
 174 00b4 49000000 		.4byte	0x49
 175 00b8 02       		.uleb128 0x2
 176 00b9 1C020000 		.4byte	.LASF16
 177 00bd 03       		.byte	0x3
 178 00be 2D       		.byte	0x2d
 179 00bf 69000000 		.4byte	0x69
 180 00c3 03       		.uleb128 0x3
 181 00c4 04       		.byte	0x4
 182 00c5 07       		.byte	0x7
 183 00c6 AB010000 		.4byte	.LASF17
 184 00ca 03       		.uleb128 0x3
 185 00cb 01       		.byte	0x1
 186 00cc 08       		.byte	0x8
 187 00cd C9010000 		.4byte	.LASF18
 188 00d1 03       		.uleb128 0x3
 189 00d2 08       		.byte	0x8
 190 00d3 04       		.byte	0x4
ARM GAS  C:\Users\fneves\AppData\Local\Temp\ccMBHsKd.s 			page 6


 191 00d4 DB000000 		.4byte	.LASF19
 192 00d8 03       		.uleb128 0x3
 193 00d9 04       		.byte	0x4
 194 00da 04       		.byte	0x4
 195 00db 98000000 		.4byte	.LASF20
 196 00df 03       		.uleb128 0x3
 197 00e0 08       		.byte	0x8
 198 00e1 04       		.byte	0x4
 199 00e2 2E020000 		.4byte	.LASF21
 200 00e6 05       		.uleb128 0x5
 201 00e7 92000000 		.4byte	.LASF22
 202 00eb 04       		.byte	0x4
 203 00ec 9601     		.2byte	0x196
 204 00ee AD000000 		.4byte	0xad
 205 00f2 06       		.uleb128 0x6
 206 00f3 04       		.byte	0x4
 207 00f4 E6000000 		.4byte	0xe6
 208 00f8 07       		.uleb128 0x7
 209 00f9 10       		.byte	0x10
 210 00fa 04       		.byte	0x4
 211 00fb 0505     		.2byte	0x505
 212 00fd 36010000 		.4byte	0x136
 213 0101 08       		.uleb128 0x8
 214 0102 46020000 		.4byte	.LASF23
 215 0106 04       		.byte	0x4
 216 0107 0705     		.2byte	0x507
 217 0109 97000000 		.4byte	0x97
 218 010d 00       		.byte	0
 219 010e 08       		.uleb128 0x8
 220 010f C2010000 		.4byte	.LASF24
 221 0113 04       		.byte	0x4
 222 0114 0805     		.2byte	0x508
 223 0116 F2000000 		.4byte	0xf2
 224 011a 04       		.byte	0x4
 225 011b 08       		.uleb128 0x8
 226 011c 14020000 		.4byte	.LASF25
 227 0120 04       		.byte	0x4
 228 0121 0905     		.2byte	0x509
 229 0123 F2000000 		.4byte	0xf2
 230 0127 08       		.byte	0x8
 231 0128 08       		.uleb128 0x8
 232 0129 D1000000 		.4byte	.LASF26
 233 012d 04       		.byte	0x4
 234 012e 0A05     		.2byte	0x50a
 235 0130 97000000 		.4byte	0x97
 236 0134 0C       		.byte	0xc
 237 0135 00       		.byte	0
 238 0136 05       		.uleb128 0x5
 239 0137 50020000 		.4byte	.LASF27
 240 013b 04       		.byte	0x4
 241 013c 0B05     		.2byte	0x50b
 242 013e F8000000 		.4byte	0xf8
 243 0142 09       		.uleb128 0x9
 244 0143 1D000000 		.4byte	.LASF31
 245 0147 01       		.byte	0x1
 246 0148 4A       		.byte	0x4a
 247 0149 00000000 		.4byte	.LFB82
ARM GAS  C:\Users\fneves\AppData\Local\Temp\ccMBHsKd.s 			page 7


 248 014d 4E000000 		.4byte	.LFE82-.LFB82
 249 0151 01       		.uleb128 0x1
 250 0152 9C       		.byte	0x9c
 251 0153 9C010000 		.4byte	0x19c
 252 0157 0A       		.uleb128 0xa
 253 0158 5300     		.ascii	"S\000"
 254 015a 01       		.byte	0x1
 255 015b 4B       		.byte	0x4b
 256 015c 9C010000 		.4byte	0x19c
 257 0160 02       		.uleb128 0x2
 258 0161 91       		.byte	0x91
 259 0162 74       		.sleb128 -12
 260 0163 0B       		.uleb128 0xb
 261 0164 46020000 		.4byte	.LASF23
 262 0168 01       		.byte	0x1
 263 0169 4C       		.byte	0x4c
 264 016a A2000000 		.4byte	0xa2
 265 016e 02       		.uleb128 0x2
 266 016f 91       		.byte	0x91
 267 0170 73       		.sleb128 -13
 268 0171 0B       		.uleb128 0xb
 269 0172 14020000 		.4byte	.LASF25
 270 0176 01       		.byte	0x1
 271 0177 4D       		.byte	0x4d
 272 0178 F2000000 		.4byte	0xf2
 273 017c 02       		.uleb128 0x2
 274 017d 91       		.byte	0x91
 275 017e 6C       		.sleb128 -20
 276 017f 0B       		.uleb128 0xb
 277 0180 C2010000 		.4byte	.LASF24
 278 0184 01       		.byte	0x1
 279 0185 4E       		.byte	0x4e
 280 0186 F2000000 		.4byte	0xf2
 281 018a 02       		.uleb128 0x2
 282 018b 91       		.byte	0x91
 283 018c 68       		.sleb128 -24
 284 018d 0B       		.uleb128 0xb
 285 018e D1000000 		.4byte	.LASF26
 286 0192 01       		.byte	0x1
 287 0193 4F       		.byte	0x4f
 288 0194 97000000 		.4byte	0x97
 289 0198 02       		.uleb128 0x2
 290 0199 91       		.byte	0x91
 291 019a 00       		.sleb128 0
 292 019b 00       		.byte	0
 293 019c 06       		.uleb128 0x6
 294 019d 04       		.byte	0x4
 295 019e 36010000 		.4byte	0x136
 296 01a2 00       		.byte	0
 297              		.section	.debug_abbrev,"",%progbits
 298              	.Ldebug_abbrev0:
 299 0000 01       		.uleb128 0x1
 300 0001 11       		.uleb128 0x11
 301 0002 01       		.byte	0x1
 302 0003 25       		.uleb128 0x25
 303 0004 0E       		.uleb128 0xe
 304 0005 13       		.uleb128 0x13
ARM GAS  C:\Users\fneves\AppData\Local\Temp\ccMBHsKd.s 			page 8


 305 0006 0B       		.uleb128 0xb
 306 0007 03       		.uleb128 0x3
 307 0008 0E       		.uleb128 0xe
 308 0009 1B       		.uleb128 0x1b
 309 000a 0E       		.uleb128 0xe
 310 000b 55       		.uleb128 0x55
 311 000c 17       		.uleb128 0x17
 312 000d 11       		.uleb128 0x11
 313 000e 01       		.uleb128 0x1
 314 000f 10       		.uleb128 0x10
 315 0010 17       		.uleb128 0x17
 316 0011 00       		.byte	0
 317 0012 00       		.byte	0
 318 0013 02       		.uleb128 0x2
 319 0014 16       		.uleb128 0x16
 320 0015 00       		.byte	0
 321 0016 03       		.uleb128 0x3
 322 0017 0E       		.uleb128 0xe
 323 0018 3A       		.uleb128 0x3a
 324 0019 0B       		.uleb128 0xb
 325 001a 3B       		.uleb128 0x3b
 326 001b 0B       		.uleb128 0xb
 327 001c 49       		.uleb128 0x49
 328 001d 13       		.uleb128 0x13
 329 001e 00       		.byte	0
 330 001f 00       		.byte	0
 331 0020 03       		.uleb128 0x3
 332 0021 24       		.uleb128 0x24
 333 0022 00       		.byte	0
 334 0023 0B       		.uleb128 0xb
 335 0024 0B       		.uleb128 0xb
 336 0025 3E       		.uleb128 0x3e
 337 0026 0B       		.uleb128 0xb
 338 0027 03       		.uleb128 0x3
 339 0028 0E       		.uleb128 0xe
 340 0029 00       		.byte	0
 341 002a 00       		.byte	0
 342 002b 04       		.uleb128 0x4
 343 002c 24       		.uleb128 0x24
 344 002d 00       		.byte	0
 345 002e 0B       		.uleb128 0xb
 346 002f 0B       		.uleb128 0xb
 347 0030 3E       		.uleb128 0x3e
 348 0031 0B       		.uleb128 0xb
 349 0032 03       		.uleb128 0x3
 350 0033 08       		.uleb128 0x8
 351 0034 00       		.byte	0
 352 0035 00       		.byte	0
 353 0036 05       		.uleb128 0x5
 354 0037 16       		.uleb128 0x16
 355 0038 00       		.byte	0
 356 0039 03       		.uleb128 0x3
 357 003a 0E       		.uleb128 0xe
 358 003b 3A       		.uleb128 0x3a
 359 003c 0B       		.uleb128 0xb
 360 003d 3B       		.uleb128 0x3b
 361 003e 05       		.uleb128 0x5
ARM GAS  C:\Users\fneves\AppData\Local\Temp\ccMBHsKd.s 			page 9


 362 003f 49       		.uleb128 0x49
 363 0040 13       		.uleb128 0x13
 364 0041 00       		.byte	0
 365 0042 00       		.byte	0
 366 0043 06       		.uleb128 0x6
 367 0044 0F       		.uleb128 0xf
 368 0045 00       		.byte	0
 369 0046 0B       		.uleb128 0xb
 370 0047 0B       		.uleb128 0xb
 371 0048 49       		.uleb128 0x49
 372 0049 13       		.uleb128 0x13
 373 004a 00       		.byte	0
 374 004b 00       		.byte	0
 375 004c 07       		.uleb128 0x7
 376 004d 13       		.uleb128 0x13
 377 004e 01       		.byte	0x1
 378 004f 0B       		.uleb128 0xb
 379 0050 0B       		.uleb128 0xb
 380 0051 3A       		.uleb128 0x3a
 381 0052 0B       		.uleb128 0xb
 382 0053 3B       		.uleb128 0x3b
 383 0054 05       		.uleb128 0x5
 384 0055 01       		.uleb128 0x1
 385 0056 13       		.uleb128 0x13
 386 0057 00       		.byte	0
 387 0058 00       		.byte	0
 388 0059 08       		.uleb128 0x8
 389 005a 0D       		.uleb128 0xd
 390 005b 00       		.byte	0
 391 005c 03       		.uleb128 0x3
 392 005d 0E       		.uleb128 0xe
 393 005e 3A       		.uleb128 0x3a
 394 005f 0B       		.uleb128 0xb
 395 0060 3B       		.uleb128 0x3b
 396 0061 05       		.uleb128 0x5
 397 0062 49       		.uleb128 0x49
 398 0063 13       		.uleb128 0x13
 399 0064 38       		.uleb128 0x38
 400 0065 0B       		.uleb128 0xb
 401 0066 00       		.byte	0
 402 0067 00       		.byte	0
 403 0068 09       		.uleb128 0x9
 404 0069 2E       		.uleb128 0x2e
 405 006a 01       		.byte	0x1
 406 006b 3F       		.uleb128 0x3f
 407 006c 19       		.uleb128 0x19
 408 006d 03       		.uleb128 0x3
 409 006e 0E       		.uleb128 0xe
 410 006f 3A       		.uleb128 0x3a
 411 0070 0B       		.uleb128 0xb
 412 0071 3B       		.uleb128 0x3b
 413 0072 0B       		.uleb128 0xb
 414 0073 27       		.uleb128 0x27
 415 0074 19       		.uleb128 0x19
 416 0075 11       		.uleb128 0x11
 417 0076 01       		.uleb128 0x1
 418 0077 12       		.uleb128 0x12
ARM GAS  C:\Users\fneves\AppData\Local\Temp\ccMBHsKd.s 			page 10


 419 0078 06       		.uleb128 0x6
 420 0079 40       		.uleb128 0x40
 421 007a 18       		.uleb128 0x18
 422 007b 9642     		.uleb128 0x2116
 423 007d 19       		.uleb128 0x19
 424 007e 01       		.uleb128 0x1
 425 007f 13       		.uleb128 0x13
 426 0080 00       		.byte	0
 427 0081 00       		.byte	0
 428 0082 0A       		.uleb128 0xa
 429 0083 05       		.uleb128 0x5
 430 0084 00       		.byte	0
 431 0085 03       		.uleb128 0x3
 432 0086 08       		.uleb128 0x8
 433 0087 3A       		.uleb128 0x3a
 434 0088 0B       		.uleb128 0xb
 435 0089 3B       		.uleb128 0x3b
 436 008a 0B       		.uleb128 0xb
 437 008b 49       		.uleb128 0x49
 438 008c 13       		.uleb128 0x13
 439 008d 02       		.uleb128 0x2
 440 008e 18       		.uleb128 0x18
 441 008f 00       		.byte	0
 442 0090 00       		.byte	0
 443 0091 0B       		.uleb128 0xb
 444 0092 05       		.uleb128 0x5
 445 0093 00       		.byte	0
 446 0094 03       		.uleb128 0x3
 447 0095 0E       		.uleb128 0xe
 448 0096 3A       		.uleb128 0x3a
 449 0097 0B       		.uleb128 0xb
 450 0098 3B       		.uleb128 0x3b
 451 0099 0B       		.uleb128 0xb
 452 009a 49       		.uleb128 0x49
 453 009b 13       		.uleb128 0x13
 454 009c 02       		.uleb128 0x2
 455 009d 18       		.uleb128 0x18
 456 009e 00       		.byte	0
 457 009f 00       		.byte	0
 458 00a0 00       		.byte	0
 459              		.section	.debug_aranges,"",%progbits
 460 0000 1C000000 		.4byte	0x1c
 461 0004 0200     		.2byte	0x2
 462 0006 00000000 		.4byte	.Ldebug_info0
 463 000a 04       		.byte	0x4
 464 000b 00       		.byte	0
 465 000c 0000     		.2byte	0
 466 000e 0000     		.2byte	0
 467 0010 00000000 		.4byte	.LFB82
 468 0014 4E000000 		.4byte	.LFE82-.LFB82
 469 0018 00000000 		.4byte	0
 470 001c 00000000 		.4byte	0
 471              		.section	.debug_ranges,"",%progbits
 472              	.Ldebug_ranges0:
 473 0000 00000000 		.4byte	.LFB82
 474 0004 4E000000 		.4byte	.LFE82
 475 0008 00000000 		.4byte	0
ARM GAS  C:\Users\fneves\AppData\Local\Temp\ccMBHsKd.s 			page 11


 476 000c 00000000 		.4byte	0
 477              		.section	.debug_line,"",%progbits
 478              	.Ldebug_line0:
 479 0000 7E010000 		.section	.debug_str,"MS",%progbits,1
 479      02006201 
 479      00000201 
 479      FB0E0D00 
 479      01010101 
 480              	.LASF0:
 481 0000 5F5F696E 		.ascii	"__int8_t\000"
 481      74385F74 
 481      00
 482              	.LASF1:
 483 0009 5F5F7569 		.ascii	"__uint8_t\000"
 483      6E74385F 
 483      7400
 484              	.LASF4:
 485 0013 5F5F696E 		.ascii	"__int16_t\000"
 485      7431365F 
 485      7400
 486              	.LASF31:
 487 001d 61726D5F 		.ascii	"arm_biquad_cascade_df1_init_q15\000"
 487      62697175 
 487      61645F63 
 487      61736361 
 487      64655F64 
 488              	.LASF30:
 489 003d 433A5C55 		.ascii	"C:\\Users\\fneves\\Documents\\PSoC Creator\\wp_1\\e"
 489      73657273 
 489      5C666E65 
 489      7665735C 
 489      446F6375 
 490 006a 6E67696E 		.ascii	"ngine_speed_sensor.cydsn\000"
 490      655F7370 
 490      6565645F 
 490      73656E73 
 490      6F722E63 
 491              	.LASF14:
 492 0083 75696E74 		.ascii	"uint8_t\000"
 492      385F7400 
 493              	.LASF13:
 494 008b 696E7438 		.ascii	"int8_t\000"
 494      5F7400
 495              	.LASF22:
 496 0092 7131355F 		.ascii	"q15_t\000"
 496      7400
 497              	.LASF20:
 498 0098 666C6F61 		.ascii	"float\000"
 498      7400
 499              	.LASF3:
 500 009e 756E7369 		.ascii	"unsigned char\000"
 500      676E6564 
 500      20636861 
 500      7200
 501              	.LASF9:
 502 00ac 6C6F6E67 		.ascii	"long unsigned int\000"
 502      20756E73 
ARM GAS  C:\Users\fneves\AppData\Local\Temp\ccMBHsKd.s 			page 12


 502      69676E65 
 502      6420696E 
 502      7400
 503              	.LASF6:
 504 00be 73686F72 		.ascii	"short unsigned int\000"
 504      7420756E 
 504      7369676E 
 504      65642069 
 504      6E7400
 505              	.LASF26:
 506 00d1 706F7374 		.ascii	"postShift\000"
 506      53686966 
 506      7400
 507              	.LASF19:
 508 00db 646F7562 		.ascii	"double\000"
 508      6C6500
 509              	.LASF8:
 510 00e2 5F5F7569 		.ascii	"__uint32_t\000"
 510      6E743332 
 510      5F7400
 511              	.LASF12:
 512 00ed 756E7369 		.ascii	"unsigned int\000"
 512      676E6564 
 512      20696E74 
 512      00
 513              	.LASF11:
 514 00fa 6C6F6E67 		.ascii	"long long unsigned int\000"
 514      206C6F6E 
 514      6720756E 
 514      7369676E 
 514      65642069 
 515              	.LASF28:
 516 0111 474E5520 		.ascii	"GNU C 4.9.3 20150303 (release) [ARM/embedded-4_9-br"
 516      4320342E 
 516      392E3320 
 516      32303135 
 516      30333033 
 517 0144 616E6368 		.ascii	"anch revision 221220] -mcpu=cortex-m0plus -mthumb -"
 517      20726576 
 517      6973696F 
 517      6E203232 
 517      31323230 
 518 0177 67202D4F 		.ascii	"g -O0 -ffunction-sections -ffat-lto-objects\000"
 518      30202D66 
 518      66756E63 
 518      74696F6E 
 518      2D736563 
 519              	.LASF15:
 520 01a3 696E7431 		.ascii	"int16_t\000"
 520      365F7400 
 521              	.LASF17:
 522 01ab 73697A65 		.ascii	"sizetype\000"
 522      74797065 
 522      00
 523              	.LASF10:
 524 01b4 6C6F6E67 		.ascii	"long long int\000"
 524      206C6F6E 
ARM GAS  C:\Users\fneves\AppData\Local\Temp\ccMBHsKd.s 			page 13


 524      6720696E 
 524      7400
 525              	.LASF24:
 526 01c2 70537461 		.ascii	"pState\000"
 526      746500
 527              	.LASF18:
 528 01c9 63686172 		.ascii	"char\000"
 528      00
 529              	.LASF5:
 530 01ce 73686F72 		.ascii	"short int\000"
 530      7420696E 
 530      7400
 531              	.LASF29:
 532 01d8 536F7572 		.ascii	"Source\\FilteringFunctions\\arm_biquad_cascade_df1_"
 532      63655C46 
 532      696C7465 
 532      72696E67 
 532      46756E63 
 533 0209 696E6974 		.ascii	"init_q15.c\000"
 533      5F713135 
 533      2E6300
 534              	.LASF25:
 535 0214 70436F65 		.ascii	"pCoeffs\000"
 535      66667300 
 536              	.LASF16:
 537 021c 75696E74 		.ascii	"uint32_t\000"
 537      33325F74 
 537      00
 538              	.LASF7:
 539 0225 6C6F6E67 		.ascii	"long int\000"
 539      20696E74 
 539      00
 540              	.LASF21:
 541 022e 6C6F6E67 		.ascii	"long double\000"
 541      20646F75 
 541      626C6500 
 542              	.LASF2:
 543 023a 7369676E 		.ascii	"signed char\000"
 543      65642063 
 543      68617200 
 544              	.LASF23:
 545 0246 6E756D53 		.ascii	"numStages\000"
 545      74616765 
 545      7300
 546              	.LASF27:
 547 0250 61726D5F 		.ascii	"arm_biquad_casd_df1_inst_q15\000"
 547      62697175 
 547      61645F63 
 547      6173645F 
 547      6466315F 
 548              		.ident	"GCC: (GNU Tools for ARM Embedded Processors) 4.9.3 20150303 (release) [ARM/embedded-4_9-br
