ARM GAS  C:\Users\fneves\AppData\Local\Temp\ccV67ZjF.s 			page 1


   1              		.cpu cortex-m0plus
   2              		.fpu softvfp
   3              		.eabi_attribute 20, 1
   4              		.eabi_attribute 21, 1
   5              		.eabi_attribute 23, 3
   6              		.eabi_attribute 24, 1
   7              		.eabi_attribute 25, 1
   8              		.eabi_attribute 26, 1
   9              		.eabi_attribute 30, 6
  10              		.eabi_attribute 34, 0
  11              		.eabi_attribute 18, 4
  12              		.code	16
  13              		.file	"arm_max_q31.c"
  14              		.text
  15              	.Ltext0:
  16              		.cfi_sections	.debug_frame
  17              		.section	.text.arm_max_q31,"ax",%progbits
  18              		.align	2
  19              		.global	arm_max_q31
  20              		.code	16
  21              		.thumb_func
  22              		.type	arm_max_q31, %function
  23              	arm_max_q31:
  24              	.LFB82:
  25              		.file 1 "Source\\StatisticsFunctions\\arm_max_q31.c"
   1:Source\StatisticsFunctions/arm_max_q31.c **** /* ----------------------------------------------------------------------
   2:Source\StatisticsFunctions/arm_max_q31.c ****  * Project:      CMSIS DSP Library
   3:Source\StatisticsFunctions/arm_max_q31.c ****  * Title:        arm_max_q31.c
   4:Source\StatisticsFunctions/arm_max_q31.c ****  * Description:  Maximum value of a Q31 vector
   5:Source\StatisticsFunctions/arm_max_q31.c ****  *
   6:Source\StatisticsFunctions/arm_max_q31.c ****  * $Date:        27. January 2017
   7:Source\StatisticsFunctions/arm_max_q31.c ****  * $Revision:    V.1.5.1
   8:Source\StatisticsFunctions/arm_max_q31.c ****  *
   9:Source\StatisticsFunctions/arm_max_q31.c ****  * Target Processor: Cortex-M cores
  10:Source\StatisticsFunctions/arm_max_q31.c ****  * -------------------------------------------------------------------- */
  11:Source\StatisticsFunctions/arm_max_q31.c **** /*
  12:Source\StatisticsFunctions/arm_max_q31.c ****  * Copyright (C) 2010-2017 ARM Limited or its affiliates. All rights reserved.
  13:Source\StatisticsFunctions/arm_max_q31.c ****  *
  14:Source\StatisticsFunctions/arm_max_q31.c ****  * SPDX-License-Identifier: Apache-2.0
  15:Source\StatisticsFunctions/arm_max_q31.c ****  *
  16:Source\StatisticsFunctions/arm_max_q31.c ****  * Licensed under the Apache License, Version 2.0 (the License); you may
  17:Source\StatisticsFunctions/arm_max_q31.c ****  * not use this file except in compliance with the License.
  18:Source\StatisticsFunctions/arm_max_q31.c ****  * You may obtain a copy of the License at
  19:Source\StatisticsFunctions/arm_max_q31.c ****  *
  20:Source\StatisticsFunctions/arm_max_q31.c ****  * www.apache.org/licenses/LICENSE-2.0
  21:Source\StatisticsFunctions/arm_max_q31.c ****  *
  22:Source\StatisticsFunctions/arm_max_q31.c ****  * Unless required by applicable law or agreed to in writing, software
  23:Source\StatisticsFunctions/arm_max_q31.c ****  * distributed under the License is distributed on an AS IS BASIS, WITHOUT
  24:Source\StatisticsFunctions/arm_max_q31.c ****  * WARRANTIES OR CONDITIONS OF ANY KIND, either express or implied.
  25:Source\StatisticsFunctions/arm_max_q31.c ****  * See the License for the specific language governing permissions and
  26:Source\StatisticsFunctions/arm_max_q31.c ****  * limitations under the License.
  27:Source\StatisticsFunctions/arm_max_q31.c ****  */
  28:Source\StatisticsFunctions/arm_max_q31.c **** 
  29:Source\StatisticsFunctions/arm_max_q31.c **** #include "arm_math.h"
  30:Source\StatisticsFunctions/arm_max_q31.c **** 
  31:Source\StatisticsFunctions/arm_max_q31.c **** /**
  32:Source\StatisticsFunctions/arm_max_q31.c ****  * @ingroup groupStats
ARM GAS  C:\Users\fneves\AppData\Local\Temp\ccV67ZjF.s 			page 2


  33:Source\StatisticsFunctions/arm_max_q31.c ****  */
  34:Source\StatisticsFunctions/arm_max_q31.c **** 
  35:Source\StatisticsFunctions/arm_max_q31.c **** /**
  36:Source\StatisticsFunctions/arm_max_q31.c ****  * @addtogroup Max
  37:Source\StatisticsFunctions/arm_max_q31.c ****  * @{
  38:Source\StatisticsFunctions/arm_max_q31.c ****  */
  39:Source\StatisticsFunctions/arm_max_q31.c **** 
  40:Source\StatisticsFunctions/arm_max_q31.c **** 
  41:Source\StatisticsFunctions/arm_max_q31.c **** /**
  42:Source\StatisticsFunctions/arm_max_q31.c ****  * @brief Maximum value of a Q31 vector.
  43:Source\StatisticsFunctions/arm_max_q31.c ****  * @param[in]       *pSrc points to the input vector
  44:Source\StatisticsFunctions/arm_max_q31.c ****  * @param[in]       blockSize length of the input vector
  45:Source\StatisticsFunctions/arm_max_q31.c ****  * @param[out]      *pResult maximum value returned here
  46:Source\StatisticsFunctions/arm_max_q31.c ****  * @param[out]      *pIndex index of maximum value returned here
  47:Source\StatisticsFunctions/arm_max_q31.c ****  * @return none.
  48:Source\StatisticsFunctions/arm_max_q31.c ****  */
  49:Source\StatisticsFunctions/arm_max_q31.c **** 
  50:Source\StatisticsFunctions/arm_max_q31.c **** void arm_max_q31(
  51:Source\StatisticsFunctions/arm_max_q31.c ****   q31_t * pSrc,
  52:Source\StatisticsFunctions/arm_max_q31.c ****   uint32_t blockSize,
  53:Source\StatisticsFunctions/arm_max_q31.c ****   q31_t * pResult,
  54:Source\StatisticsFunctions/arm_max_q31.c ****   uint32_t * pIndex)
  55:Source\StatisticsFunctions/arm_max_q31.c **** {
  26              		.loc 1 55 0
  27              		.cfi_startproc
  28 0000 80B5     		push	{r7, lr}
  29              		.cfi_def_cfa_offset 8
  30              		.cfi_offset 7, -8
  31              		.cfi_offset 14, -4
  32 0002 88B0     		sub	sp, sp, #32
  33              		.cfi_def_cfa_offset 40
  34 0004 00AF     		add	r7, sp, #0
  35              		.cfi_def_cfa_register 7
  36 0006 F860     		str	r0, [r7, #12]
  37 0008 B960     		str	r1, [r7, #8]
  38 000a 7A60     		str	r2, [r7, #4]
  39 000c 3B60     		str	r3, [r7]
  56:Source\StatisticsFunctions/arm_max_q31.c **** #if defined (ARM_MATH_DSP)
  57:Source\StatisticsFunctions/arm_max_q31.c ****   /* Run the below code for Cortex-M4 and Cortex-M3 */
  58:Source\StatisticsFunctions/arm_max_q31.c **** 
  59:Source\StatisticsFunctions/arm_max_q31.c ****   q31_t maxVal1, maxVal2, out;                   /* Temporary variables to store the output value. 
  60:Source\StatisticsFunctions/arm_max_q31.c ****   uint32_t blkCnt, outIndex, count;              /* loop counter */
  61:Source\StatisticsFunctions/arm_max_q31.c **** 
  62:Source\StatisticsFunctions/arm_max_q31.c ****   /* Initialise the count value. */
  63:Source\StatisticsFunctions/arm_max_q31.c ****   count = 0u;
  64:Source\StatisticsFunctions/arm_max_q31.c ****   /* Initialise the index value to zero. */
  65:Source\StatisticsFunctions/arm_max_q31.c ****   outIndex = 0u;
  66:Source\StatisticsFunctions/arm_max_q31.c ****   /* Load first input value that act as reference value for comparision */
  67:Source\StatisticsFunctions/arm_max_q31.c ****   out = *pSrc++;
  68:Source\StatisticsFunctions/arm_max_q31.c **** 
  69:Source\StatisticsFunctions/arm_max_q31.c ****   /* Loop unrolling */
  70:Source\StatisticsFunctions/arm_max_q31.c ****   blkCnt = (blockSize - 1u) >> 2u;
  71:Source\StatisticsFunctions/arm_max_q31.c **** 
  72:Source\StatisticsFunctions/arm_max_q31.c ****   while (blkCnt > 0u)
  73:Source\StatisticsFunctions/arm_max_q31.c ****   {
  74:Source\StatisticsFunctions/arm_max_q31.c ****     /* Initialize maxVal to the next consecutive values one by one */
  75:Source\StatisticsFunctions/arm_max_q31.c ****     maxVal1 = *pSrc++;
ARM GAS  C:\Users\fneves\AppData\Local\Temp\ccV67ZjF.s 			page 3


  76:Source\StatisticsFunctions/arm_max_q31.c ****     maxVal2 = *pSrc++;
  77:Source\StatisticsFunctions/arm_max_q31.c **** 
  78:Source\StatisticsFunctions/arm_max_q31.c ****     /* compare for the maximum value */
  79:Source\StatisticsFunctions/arm_max_q31.c ****     if (out < maxVal1)
  80:Source\StatisticsFunctions/arm_max_q31.c ****     {
  81:Source\StatisticsFunctions/arm_max_q31.c ****       /* Update the maximum value and its index */
  82:Source\StatisticsFunctions/arm_max_q31.c ****       out = maxVal1;
  83:Source\StatisticsFunctions/arm_max_q31.c ****       outIndex = count + 1u;
  84:Source\StatisticsFunctions/arm_max_q31.c ****     }
  85:Source\StatisticsFunctions/arm_max_q31.c **** 
  86:Source\StatisticsFunctions/arm_max_q31.c ****     /* compare for the maximum value */
  87:Source\StatisticsFunctions/arm_max_q31.c ****     if (out < maxVal2)
  88:Source\StatisticsFunctions/arm_max_q31.c ****     {
  89:Source\StatisticsFunctions/arm_max_q31.c ****       /* Update the maximum value and its index */
  90:Source\StatisticsFunctions/arm_max_q31.c ****       out = maxVal2;
  91:Source\StatisticsFunctions/arm_max_q31.c ****       outIndex = count + 2u;
  92:Source\StatisticsFunctions/arm_max_q31.c ****     }
  93:Source\StatisticsFunctions/arm_max_q31.c **** 
  94:Source\StatisticsFunctions/arm_max_q31.c ****     /* Initialize maxVal to the next consecutive values one by one */
  95:Source\StatisticsFunctions/arm_max_q31.c ****     maxVal1 = *pSrc++;
  96:Source\StatisticsFunctions/arm_max_q31.c ****     maxVal2 = *pSrc++;
  97:Source\StatisticsFunctions/arm_max_q31.c **** 
  98:Source\StatisticsFunctions/arm_max_q31.c ****     /* compare for the maximum value */
  99:Source\StatisticsFunctions/arm_max_q31.c ****     if (out < maxVal1)
 100:Source\StatisticsFunctions/arm_max_q31.c ****     {
 101:Source\StatisticsFunctions/arm_max_q31.c ****       /* Update the maximum value and its index */
 102:Source\StatisticsFunctions/arm_max_q31.c ****       out = maxVal1;
 103:Source\StatisticsFunctions/arm_max_q31.c ****       outIndex = count + 3u;
 104:Source\StatisticsFunctions/arm_max_q31.c ****     }
 105:Source\StatisticsFunctions/arm_max_q31.c **** 
 106:Source\StatisticsFunctions/arm_max_q31.c ****     /* compare for the maximum value */
 107:Source\StatisticsFunctions/arm_max_q31.c ****     if (out < maxVal2)
 108:Source\StatisticsFunctions/arm_max_q31.c ****     {
 109:Source\StatisticsFunctions/arm_max_q31.c ****       /* Update the maximum value and its index */
 110:Source\StatisticsFunctions/arm_max_q31.c ****       out = maxVal2;
 111:Source\StatisticsFunctions/arm_max_q31.c ****       outIndex = count + 4u;
 112:Source\StatisticsFunctions/arm_max_q31.c ****     }
 113:Source\StatisticsFunctions/arm_max_q31.c **** 
 114:Source\StatisticsFunctions/arm_max_q31.c ****     count += 4u;
 115:Source\StatisticsFunctions/arm_max_q31.c **** 
 116:Source\StatisticsFunctions/arm_max_q31.c ****     /* Decrement the loop counter */
 117:Source\StatisticsFunctions/arm_max_q31.c ****     blkCnt--;
 118:Source\StatisticsFunctions/arm_max_q31.c ****   }
 119:Source\StatisticsFunctions/arm_max_q31.c **** 
 120:Source\StatisticsFunctions/arm_max_q31.c ****   /* if (blockSize - 1u) is not multiple of 4 */
 121:Source\StatisticsFunctions/arm_max_q31.c ****   blkCnt = (blockSize - 1u) % 4u;
 122:Source\StatisticsFunctions/arm_max_q31.c **** 
 123:Source\StatisticsFunctions/arm_max_q31.c **** #else
 124:Source\StatisticsFunctions/arm_max_q31.c ****   /* Run the below code for Cortex-M0 */
 125:Source\StatisticsFunctions/arm_max_q31.c **** 
 126:Source\StatisticsFunctions/arm_max_q31.c ****   q31_t maxVal1, out;                            /* Temporary variables to store the output value. 
 127:Source\StatisticsFunctions/arm_max_q31.c ****   uint32_t blkCnt, outIndex;                     /* loop counter */
 128:Source\StatisticsFunctions/arm_max_q31.c **** 
 129:Source\StatisticsFunctions/arm_max_q31.c ****   /* Initialise the index value to zero. */
 130:Source\StatisticsFunctions/arm_max_q31.c ****   outIndex = 0u;
  40              		.loc 1 130 0
  41 000e 0023     		mov	r3, #0
ARM GAS  C:\Users\fneves\AppData\Local\Temp\ccV67ZjF.s 			page 4


  42 0010 7B61     		str	r3, [r7, #20]
 131:Source\StatisticsFunctions/arm_max_q31.c ****   /* Load first input value that act as reference value for comparision */
 132:Source\StatisticsFunctions/arm_max_q31.c ****   out = *pSrc++;
  43              		.loc 1 132 0
  44 0012 FB68     		ldr	r3, [r7, #12]
  45 0014 1A1D     		add	r2, r3, #4
  46 0016 FA60     		str	r2, [r7, #12]
  47 0018 1B68     		ldr	r3, [r3]
  48 001a FB61     		str	r3, [r7, #28]
 133:Source\StatisticsFunctions/arm_max_q31.c **** 
 134:Source\StatisticsFunctions/arm_max_q31.c ****   blkCnt = (blockSize - 1u);
  49              		.loc 1 134 0
  50 001c BB68     		ldr	r3, [r7, #8]
  51 001e 013B     		sub	r3, r3, #1
  52 0020 BB61     		str	r3, [r7, #24]
 135:Source\StatisticsFunctions/arm_max_q31.c **** 
 136:Source\StatisticsFunctions/arm_max_q31.c **** #endif /* #if defined (ARM_MATH_DSP) */
 137:Source\StatisticsFunctions/arm_max_q31.c **** 
 138:Source\StatisticsFunctions/arm_max_q31.c ****   while (blkCnt > 0u)
  53              		.loc 1 138 0
  54 0022 11E0     		b	.L2
  55              	.L4:
 139:Source\StatisticsFunctions/arm_max_q31.c ****   {
 140:Source\StatisticsFunctions/arm_max_q31.c ****     /* Initialize maxVal to the next consecutive values one by one */
 141:Source\StatisticsFunctions/arm_max_q31.c ****     maxVal1 = *pSrc++;
  56              		.loc 1 141 0
  57 0024 FB68     		ldr	r3, [r7, #12]
  58 0026 1A1D     		add	r2, r3, #4
  59 0028 FA60     		str	r2, [r7, #12]
  60 002a 1B68     		ldr	r3, [r3]
  61 002c 3B61     		str	r3, [r7, #16]
 142:Source\StatisticsFunctions/arm_max_q31.c **** 
 143:Source\StatisticsFunctions/arm_max_q31.c ****     /* compare for the maximum value */
 144:Source\StatisticsFunctions/arm_max_q31.c ****     if (out < maxVal1)
  62              		.loc 1 144 0
  63 002e FA69     		ldr	r2, [r7, #28]
  64 0030 3B69     		ldr	r3, [r7, #16]
  65 0032 9A42     		cmp	r2, r3
  66 0034 05DA     		bge	.L3
 145:Source\StatisticsFunctions/arm_max_q31.c ****     {
 146:Source\StatisticsFunctions/arm_max_q31.c ****       /* Update the maximum value and it's index */
 147:Source\StatisticsFunctions/arm_max_q31.c ****       out = maxVal1;
  67              		.loc 1 147 0
  68 0036 3B69     		ldr	r3, [r7, #16]
  69 0038 FB61     		str	r3, [r7, #28]
 148:Source\StatisticsFunctions/arm_max_q31.c ****       outIndex = blockSize - blkCnt;
  70              		.loc 1 148 0
  71 003a BA68     		ldr	r2, [r7, #8]
  72 003c BB69     		ldr	r3, [r7, #24]
  73 003e D31A     		sub	r3, r2, r3
  74 0040 7B61     		str	r3, [r7, #20]
  75              	.L3:
 149:Source\StatisticsFunctions/arm_max_q31.c ****     }
 150:Source\StatisticsFunctions/arm_max_q31.c **** 
 151:Source\StatisticsFunctions/arm_max_q31.c ****     /* Decrement the loop counter */
 152:Source\StatisticsFunctions/arm_max_q31.c ****     blkCnt--;
  76              		.loc 1 152 0
ARM GAS  C:\Users\fneves\AppData\Local\Temp\ccV67ZjF.s 			page 5


  77 0042 BB69     		ldr	r3, [r7, #24]
  78 0044 013B     		sub	r3, r3, #1
  79 0046 BB61     		str	r3, [r7, #24]
  80              	.L2:
 138:Source\StatisticsFunctions/arm_max_q31.c ****   {
  81              		.loc 1 138 0
  82 0048 BB69     		ldr	r3, [r7, #24]
  83 004a 002B     		cmp	r3, #0
  84 004c EAD1     		bne	.L4
 153:Source\StatisticsFunctions/arm_max_q31.c ****   }
 154:Source\StatisticsFunctions/arm_max_q31.c **** 
 155:Source\StatisticsFunctions/arm_max_q31.c ****   /* Store the maximum value and it's index into destination pointers */
 156:Source\StatisticsFunctions/arm_max_q31.c ****   *pResult = out;
  85              		.loc 1 156 0
  86 004e 7B68     		ldr	r3, [r7, #4]
  87 0050 FA69     		ldr	r2, [r7, #28]
  88 0052 1A60     		str	r2, [r3]
 157:Source\StatisticsFunctions/arm_max_q31.c ****   *pIndex = outIndex;
  89              		.loc 1 157 0
  90 0054 3B68     		ldr	r3, [r7]
  91 0056 7A69     		ldr	r2, [r7, #20]
  92 0058 1A60     		str	r2, [r3]
 158:Source\StatisticsFunctions/arm_max_q31.c **** }
  93              		.loc 1 158 0
  94 005a BD46     		mov	sp, r7
  95 005c 08B0     		add	sp, sp, #32
  96              		@ sp needed
  97 005e 80BD     		pop	{r7, pc}
  98              		.cfi_endproc
  99              	.LFE82:
 100              		.size	arm_max_q31, .-arm_max_q31
 101              		.text
 102              	.Letext0:
 103              		.file 2 "c:\\program files (x86)\\cypress\\psoc creator\\4.0\\psoc creator\\import\\gnu\\arm\\4.9.
 104              		.file 3 "c:\\program files (x86)\\cypress\\psoc creator\\4.0\\psoc creator\\import\\gnu\\arm\\4.9.
 105              		.file 4 ".\\Include/arm_math.h"
 106              		.section	.debug_info,"",%progbits
 107              	.Ldebug_info0:
 108 0000 55010000 		.4byte	0x155
 109 0004 0400     		.2byte	0x4
 110 0006 00000000 		.4byte	.Ldebug_abbrev0
 111 000a 04       		.byte	0x4
 112 000b 01       		.uleb128 0x1
 113 000c 0D010000 		.4byte	.LASF26
 114 0010 01       		.byte	0x1
 115 0011 09000000 		.4byte	.LASF27
 116 0015 3C000000 		.4byte	.LASF28
 117 0019 00000000 		.4byte	.Ldebug_ranges0+0
 118 001d 00000000 		.4byte	0
 119 0021 00000000 		.4byte	.Ldebug_line0
 120 0025 02       		.uleb128 0x2
 121 0026 01       		.byte	0x1
 122 0027 06       		.byte	0x6
 123 0028 F5010000 		.4byte	.LASF0
 124 002c 02       		.uleb128 0x2
 125 002d 01       		.byte	0x1
 126 002e 08       		.byte	0x8
ARM GAS  C:\Users\fneves\AppData\Local\Temp\ccV67ZjF.s 			page 6


 127 002f 8E000000 		.4byte	.LASF1
 128 0033 02       		.uleb128 0x2
 129 0034 02       		.byte	0x2
 130 0035 05       		.byte	0x5
 131 0036 CD010000 		.4byte	.LASF2
 132 003a 02       		.uleb128 0x2
 133 003b 02       		.byte	0x2
 134 003c 07       		.byte	0x7
 135 003d B5000000 		.4byte	.LASF3
 136 0041 03       		.uleb128 0x3
 137 0042 32000000 		.4byte	.LASF5
 138 0046 02       		.byte	0x2
 139 0047 3F       		.byte	0x3f
 140 0048 4C000000 		.4byte	0x4c
 141 004c 02       		.uleb128 0x2
 142 004d 04       		.byte	0x4
 143 004e 05       		.byte	0x5
 144 004f E0010000 		.4byte	.LASF4
 145 0053 03       		.uleb128 0x3
 146 0054 D7000000 		.4byte	.LASF6
 147 0058 02       		.byte	0x2
 148 0059 41       		.byte	0x41
 149 005a 5E000000 		.4byte	0x5e
 150 005e 02       		.uleb128 0x2
 151 005f 04       		.byte	0x4
 152 0060 07       		.byte	0x7
 153 0061 A3000000 		.4byte	.LASF7
 154 0065 02       		.uleb128 0x2
 155 0066 08       		.byte	0x8
 156 0067 05       		.byte	0x5
 157 0068 B0010000 		.4byte	.LASF8
 158 006c 02       		.uleb128 0x2
 159 006d 08       		.byte	0x8
 160 006e 07       		.byte	0x7
 161 006f F6000000 		.4byte	.LASF9
 162 0073 04       		.uleb128 0x4
 163 0074 04       		.byte	0x4
 164 0075 05       		.byte	0x5
 165 0076 696E7400 		.ascii	"int\000"
 166 007a 02       		.uleb128 0x2
 167 007b 04       		.byte	0x4
 168 007c 07       		.byte	0x7
 169 007d E2000000 		.4byte	.LASF10
 170 0081 03       		.uleb128 0x3
 171 0082 9F010000 		.4byte	.LASF11
 172 0086 03       		.byte	0x3
 173 0087 2C       		.byte	0x2c
 174 0088 41000000 		.4byte	0x41
 175 008c 03       		.uleb128 0x3
 176 008d D7010000 		.4byte	.LASF12
 177 0091 03       		.byte	0x3
 178 0092 2D       		.byte	0x2d
 179 0093 53000000 		.4byte	0x53
 180 0097 02       		.uleb128 0x2
 181 0098 04       		.byte	0x4
 182 0099 07       		.byte	0x7
 183 009a A7010000 		.4byte	.LASF13
ARM GAS  C:\Users\fneves\AppData\Local\Temp\ccV67ZjF.s 			page 7


 184 009e 02       		.uleb128 0x2
 185 009f 01       		.byte	0x1
 186 00a0 08       		.byte	0x8
 187 00a1 C8010000 		.4byte	.LASF14
 188 00a5 02       		.uleb128 0x2
 189 00a6 08       		.byte	0x8
 190 00a7 04       		.byte	0x4
 191 00a8 D0000000 		.4byte	.LASF15
 192 00ac 02       		.uleb128 0x2
 193 00ad 04       		.byte	0x4
 194 00ae 04       		.byte	0x4
 195 00af 82000000 		.4byte	.LASF16
 196 00b3 02       		.uleb128 0x2
 197 00b4 08       		.byte	0x8
 198 00b5 04       		.byte	0x4
 199 00b6 E9010000 		.4byte	.LASF17
 200 00ba 05       		.uleb128 0x5
 201 00bb 88000000 		.4byte	.LASF18
 202 00bf 04       		.byte	0x4
 203 00c0 9B01     		.2byte	0x19b
 204 00c2 81000000 		.4byte	0x81
 205 00c6 06       		.uleb128 0x6
 206 00c7 04       		.byte	0x4
 207 00c8 BA000000 		.4byte	0xba
 208 00cc 07       		.uleb128 0x7
 209 00cd 06020000 		.4byte	.LASF29
 210 00d1 01       		.byte	0x1
 211 00d2 32       		.byte	0x32
 212 00d3 00000000 		.4byte	.LFB82
 213 00d7 60000000 		.4byte	.LFE82-.LFB82
 214 00db 01       		.uleb128 0x1
 215 00dc 9C       		.byte	0x9c
 216 00dd 52010000 		.4byte	0x152
 217 00e1 08       		.uleb128 0x8
 218 00e2 01020000 		.4byte	.LASF19
 219 00e6 01       		.byte	0x1
 220 00e7 33       		.byte	0x33
 221 00e8 C6000000 		.4byte	0xc6
 222 00ec 02       		.uleb128 0x2
 223 00ed 91       		.byte	0x91
 224 00ee 64       		.sleb128 -28
 225 00ef 08       		.uleb128 0x8
 226 00f0 BE010000 		.4byte	.LASF20
 227 00f4 01       		.byte	0x1
 228 00f5 34       		.byte	0x34
 229 00f6 8C000000 		.4byte	0x8c
 230 00fa 02       		.uleb128 0x2
 231 00fb 91       		.byte	0x91
 232 00fc 60       		.sleb128 -32
 233 00fd 08       		.uleb128 0x8
 234 00fe C8000000 		.4byte	.LASF21
 235 0102 01       		.byte	0x1
 236 0103 35       		.byte	0x35
 237 0104 C6000000 		.4byte	0xc6
 238 0108 02       		.uleb128 0x2
 239 0109 91       		.byte	0x91
 240 010a 5C       		.sleb128 -36
ARM GAS  C:\Users\fneves\AppData\Local\Temp\ccV67ZjF.s 			page 8


 241 010b 08       		.uleb128 0x8
 242 010c EF000000 		.4byte	.LASF22
 243 0110 01       		.byte	0x1
 244 0111 36       		.byte	0x36
 245 0112 52010000 		.4byte	0x152
 246 0116 02       		.uleb128 0x2
 247 0117 91       		.byte	0x91
 248 0118 58       		.sleb128 -40
 249 0119 09       		.uleb128 0x9
 250 011a 12020000 		.4byte	.LASF23
 251 011e 01       		.byte	0x1
 252 011f 7E       		.byte	0x7e
 253 0120 BA000000 		.4byte	0xba
 254 0124 02       		.uleb128 0x2
 255 0125 91       		.byte	0x91
 256 0126 68       		.sleb128 -24
 257 0127 0A       		.uleb128 0xa
 258 0128 6F757400 		.ascii	"out\000"
 259 012c 01       		.byte	0x1
 260 012d 7E       		.byte	0x7e
 261 012e BA000000 		.4byte	0xba
 262 0132 02       		.uleb128 0x2
 263 0133 91       		.byte	0x91
 264 0134 74       		.sleb128 -12
 265 0135 09       		.uleb128 0x9
 266 0136 9C000000 		.4byte	.LASF24
 267 013a 01       		.byte	0x1
 268 013b 7F       		.byte	0x7f
 269 013c 8C000000 		.4byte	0x8c
 270 0140 02       		.uleb128 0x2
 271 0141 91       		.byte	0x91
 272 0142 70       		.sleb128 -16
 273 0143 09       		.uleb128 0x9
 274 0144 00000000 		.4byte	.LASF25
 275 0148 01       		.byte	0x1
 276 0149 7F       		.byte	0x7f
 277 014a 8C000000 		.4byte	0x8c
 278 014e 02       		.uleb128 0x2
 279 014f 91       		.byte	0x91
 280 0150 6C       		.sleb128 -20
 281 0151 00       		.byte	0
 282 0152 06       		.uleb128 0x6
 283 0153 04       		.byte	0x4
 284 0154 8C000000 		.4byte	0x8c
 285 0158 00       		.byte	0
 286              		.section	.debug_abbrev,"",%progbits
 287              	.Ldebug_abbrev0:
 288 0000 01       		.uleb128 0x1
 289 0001 11       		.uleb128 0x11
 290 0002 01       		.byte	0x1
 291 0003 25       		.uleb128 0x25
 292 0004 0E       		.uleb128 0xe
 293 0005 13       		.uleb128 0x13
 294 0006 0B       		.uleb128 0xb
 295 0007 03       		.uleb128 0x3
 296 0008 0E       		.uleb128 0xe
 297 0009 1B       		.uleb128 0x1b
ARM GAS  C:\Users\fneves\AppData\Local\Temp\ccV67ZjF.s 			page 9


 298 000a 0E       		.uleb128 0xe
 299 000b 55       		.uleb128 0x55
 300 000c 17       		.uleb128 0x17
 301 000d 11       		.uleb128 0x11
 302 000e 01       		.uleb128 0x1
 303 000f 10       		.uleb128 0x10
 304 0010 17       		.uleb128 0x17
 305 0011 00       		.byte	0
 306 0012 00       		.byte	0
 307 0013 02       		.uleb128 0x2
 308 0014 24       		.uleb128 0x24
 309 0015 00       		.byte	0
 310 0016 0B       		.uleb128 0xb
 311 0017 0B       		.uleb128 0xb
 312 0018 3E       		.uleb128 0x3e
 313 0019 0B       		.uleb128 0xb
 314 001a 03       		.uleb128 0x3
 315 001b 0E       		.uleb128 0xe
 316 001c 00       		.byte	0
 317 001d 00       		.byte	0
 318 001e 03       		.uleb128 0x3
 319 001f 16       		.uleb128 0x16
 320 0020 00       		.byte	0
 321 0021 03       		.uleb128 0x3
 322 0022 0E       		.uleb128 0xe
 323 0023 3A       		.uleb128 0x3a
 324 0024 0B       		.uleb128 0xb
 325 0025 3B       		.uleb128 0x3b
 326 0026 0B       		.uleb128 0xb
 327 0027 49       		.uleb128 0x49
 328 0028 13       		.uleb128 0x13
 329 0029 00       		.byte	0
 330 002a 00       		.byte	0
 331 002b 04       		.uleb128 0x4
 332 002c 24       		.uleb128 0x24
 333 002d 00       		.byte	0
 334 002e 0B       		.uleb128 0xb
 335 002f 0B       		.uleb128 0xb
 336 0030 3E       		.uleb128 0x3e
 337 0031 0B       		.uleb128 0xb
 338 0032 03       		.uleb128 0x3
 339 0033 08       		.uleb128 0x8
 340 0034 00       		.byte	0
 341 0035 00       		.byte	0
 342 0036 05       		.uleb128 0x5
 343 0037 16       		.uleb128 0x16
 344 0038 00       		.byte	0
 345 0039 03       		.uleb128 0x3
 346 003a 0E       		.uleb128 0xe
 347 003b 3A       		.uleb128 0x3a
 348 003c 0B       		.uleb128 0xb
 349 003d 3B       		.uleb128 0x3b
 350 003e 05       		.uleb128 0x5
 351 003f 49       		.uleb128 0x49
 352 0040 13       		.uleb128 0x13
 353 0041 00       		.byte	0
 354 0042 00       		.byte	0
ARM GAS  C:\Users\fneves\AppData\Local\Temp\ccV67ZjF.s 			page 10


 355 0043 06       		.uleb128 0x6
 356 0044 0F       		.uleb128 0xf
 357 0045 00       		.byte	0
 358 0046 0B       		.uleb128 0xb
 359 0047 0B       		.uleb128 0xb
 360 0048 49       		.uleb128 0x49
 361 0049 13       		.uleb128 0x13
 362 004a 00       		.byte	0
 363 004b 00       		.byte	0
 364 004c 07       		.uleb128 0x7
 365 004d 2E       		.uleb128 0x2e
 366 004e 01       		.byte	0x1
 367 004f 3F       		.uleb128 0x3f
 368 0050 19       		.uleb128 0x19
 369 0051 03       		.uleb128 0x3
 370 0052 0E       		.uleb128 0xe
 371 0053 3A       		.uleb128 0x3a
 372 0054 0B       		.uleb128 0xb
 373 0055 3B       		.uleb128 0x3b
 374 0056 0B       		.uleb128 0xb
 375 0057 27       		.uleb128 0x27
 376 0058 19       		.uleb128 0x19
 377 0059 11       		.uleb128 0x11
 378 005a 01       		.uleb128 0x1
 379 005b 12       		.uleb128 0x12
 380 005c 06       		.uleb128 0x6
 381 005d 40       		.uleb128 0x40
 382 005e 18       		.uleb128 0x18
 383 005f 9742     		.uleb128 0x2117
 384 0061 19       		.uleb128 0x19
 385 0062 01       		.uleb128 0x1
 386 0063 13       		.uleb128 0x13
 387 0064 00       		.byte	0
 388 0065 00       		.byte	0
 389 0066 08       		.uleb128 0x8
 390 0067 05       		.uleb128 0x5
 391 0068 00       		.byte	0
 392 0069 03       		.uleb128 0x3
 393 006a 0E       		.uleb128 0xe
 394 006b 3A       		.uleb128 0x3a
 395 006c 0B       		.uleb128 0xb
 396 006d 3B       		.uleb128 0x3b
 397 006e 0B       		.uleb128 0xb
 398 006f 49       		.uleb128 0x49
 399 0070 13       		.uleb128 0x13
 400 0071 02       		.uleb128 0x2
 401 0072 18       		.uleb128 0x18
 402 0073 00       		.byte	0
 403 0074 00       		.byte	0
 404 0075 09       		.uleb128 0x9
 405 0076 34       		.uleb128 0x34
 406 0077 00       		.byte	0
 407 0078 03       		.uleb128 0x3
 408 0079 0E       		.uleb128 0xe
 409 007a 3A       		.uleb128 0x3a
 410 007b 0B       		.uleb128 0xb
 411 007c 3B       		.uleb128 0x3b
ARM GAS  C:\Users\fneves\AppData\Local\Temp\ccV67ZjF.s 			page 11


 412 007d 0B       		.uleb128 0xb
 413 007e 49       		.uleb128 0x49
 414 007f 13       		.uleb128 0x13
 415 0080 02       		.uleb128 0x2
 416 0081 18       		.uleb128 0x18
 417 0082 00       		.byte	0
 418 0083 00       		.byte	0
 419 0084 0A       		.uleb128 0xa
 420 0085 34       		.uleb128 0x34
 421 0086 00       		.byte	0
 422 0087 03       		.uleb128 0x3
 423 0088 08       		.uleb128 0x8
 424 0089 3A       		.uleb128 0x3a
 425 008a 0B       		.uleb128 0xb
 426 008b 3B       		.uleb128 0x3b
 427 008c 0B       		.uleb128 0xb
 428 008d 49       		.uleb128 0x49
 429 008e 13       		.uleb128 0x13
 430 008f 02       		.uleb128 0x2
 431 0090 18       		.uleb128 0x18
 432 0091 00       		.byte	0
 433 0092 00       		.byte	0
 434 0093 00       		.byte	0
 435              		.section	.debug_aranges,"",%progbits
 436 0000 1C000000 		.4byte	0x1c
 437 0004 0200     		.2byte	0x2
 438 0006 00000000 		.4byte	.Ldebug_info0
 439 000a 04       		.byte	0x4
 440 000b 00       		.byte	0
 441 000c 0000     		.2byte	0
 442 000e 0000     		.2byte	0
 443 0010 00000000 		.4byte	.LFB82
 444 0014 60000000 		.4byte	.LFE82-.LFB82
 445 0018 00000000 		.4byte	0
 446 001c 00000000 		.4byte	0
 447              		.section	.debug_ranges,"",%progbits
 448              	.Ldebug_ranges0:
 449 0000 00000000 		.4byte	.LFB82
 450 0004 60000000 		.4byte	.LFE82
 451 0008 00000000 		.4byte	0
 452 000c 00000000 		.4byte	0
 453              		.section	.debug_line,"",%progbits
 454              	.Ldebug_line0:
 455 0000 78010000 		.section	.debug_str,"MS",%progbits,1
 455      02004F01 
 455      00000201 
 455      FB0E0D00 
 455      01010101 
 456              	.LASF25:
 457 0000 6F757449 		.ascii	"outIndex\000"
 457      6E646578 
 457      00
 458              	.LASF27:
 459 0009 536F7572 		.ascii	"Source\\StatisticsFunctions\\arm_max_q31.c\000"
 459      63655C53 
 459      74617469 
 459      73746963 
ARM GAS  C:\Users\fneves\AppData\Local\Temp\ccV67ZjF.s 			page 12


 459      7346756E 
 460              	.LASF5:
 461 0032 5F5F696E 		.ascii	"__int32_t\000"
 461      7433325F 
 461      7400
 462              	.LASF28:
 463 003c 433A5C55 		.ascii	"C:\\Users\\fneves\\Documents\\PSoC Creator\\wp_1\\e"
 463      73657273 
 463      5C666E65 
 463      7665735C 
 463      446F6375 
 464 0069 6E67696E 		.ascii	"ngine_speed_sensor.cydsn\000"
 464      655F7370 
 464      6565645F 
 464      73656E73 
 464      6F722E63 
 465              	.LASF16:
 466 0082 666C6F61 		.ascii	"float\000"
 466      7400
 467              	.LASF18:
 468 0088 7133315F 		.ascii	"q31_t\000"
 468      7400
 469              	.LASF1:
 470 008e 756E7369 		.ascii	"unsigned char\000"
 470      676E6564 
 470      20636861 
 470      7200
 471              	.LASF24:
 472 009c 626C6B43 		.ascii	"blkCnt\000"
 472      6E7400
 473              	.LASF7:
 474 00a3 6C6F6E67 		.ascii	"long unsigned int\000"
 474      20756E73 
 474      69676E65 
 474      6420696E 
 474      7400
 475              	.LASF3:
 476 00b5 73686F72 		.ascii	"short unsigned int\000"
 476      7420756E 
 476      7369676E 
 476      65642069 
 476      6E7400
 477              	.LASF21:
 478 00c8 70526573 		.ascii	"pResult\000"
 478      756C7400 
 479              	.LASF15:
 480 00d0 646F7562 		.ascii	"double\000"
 480      6C6500
 481              	.LASF6:
 482 00d7 5F5F7569 		.ascii	"__uint32_t\000"
 482      6E743332 
 482      5F7400
 483              	.LASF10:
 484 00e2 756E7369 		.ascii	"unsigned int\000"
 484      676E6564 
 484      20696E74 
 484      00
ARM GAS  C:\Users\fneves\AppData\Local\Temp\ccV67ZjF.s 			page 13


 485              	.LASF22:
 486 00ef 70496E64 		.ascii	"pIndex\000"
 486      657800
 487              	.LASF9:
 488 00f6 6C6F6E67 		.ascii	"long long unsigned int\000"
 488      206C6F6E 
 488      6720756E 
 488      7369676E 
 488      65642069 
 489              	.LASF26:
 490 010d 474E5520 		.ascii	"GNU C 4.9.3 20150303 (release) [ARM/embedded-4_9-br"
 490      4320342E 
 490      392E3320 
 490      32303135 
 490      30333033 
 491 0140 616E6368 		.ascii	"anch revision 221220] -mcpu=cortex-m0plus -mthumb -"
 491      20726576 
 491      6973696F 
 491      6E203232 
 491      31323230 
 492 0173 67202D4F 		.ascii	"g -O0 -ffunction-sections -ffat-lto-objects\000"
 492      30202D66 
 492      66756E63 
 492      74696F6E 
 492      2D736563 
 493              	.LASF11:
 494 019f 696E7433 		.ascii	"int32_t\000"
 494      325F7400 
 495              	.LASF13:
 496 01a7 73697A65 		.ascii	"sizetype\000"
 496      74797065 
 496      00
 497              	.LASF8:
 498 01b0 6C6F6E67 		.ascii	"long long int\000"
 498      206C6F6E 
 498      6720696E 
 498      7400
 499              	.LASF20:
 500 01be 626C6F63 		.ascii	"blockSize\000"
 500      6B53697A 
 500      6500
 501              	.LASF14:
 502 01c8 63686172 		.ascii	"char\000"
 502      00
 503              	.LASF2:
 504 01cd 73686F72 		.ascii	"short int\000"
 504      7420696E 
 504      7400
 505              	.LASF12:
 506 01d7 75696E74 		.ascii	"uint32_t\000"
 506      33325F74 
 506      00
 507              	.LASF4:
 508 01e0 6C6F6E67 		.ascii	"long int\000"
 508      20696E74 
 508      00
 509              	.LASF17:
ARM GAS  C:\Users\fneves\AppData\Local\Temp\ccV67ZjF.s 			page 14


 510 01e9 6C6F6E67 		.ascii	"long double\000"
 510      20646F75 
 510      626C6500 
 511              	.LASF0:
 512 01f5 7369676E 		.ascii	"signed char\000"
 512      65642063 
 512      68617200 
 513              	.LASF19:
 514 0201 70537263 		.ascii	"pSrc\000"
 514      00
 515              	.LASF29:
 516 0206 61726D5F 		.ascii	"arm_max_q31\000"
 516      6D61785F 
 516      71333100 
 517              	.LASF23:
 518 0212 6D617856 		.ascii	"maxVal1\000"
 518      616C3100 
 519              		.ident	"GCC: (GNU Tools for ARM Embedded Processors) 4.9.3 20150303 (release) [ARM/embedded-4_9-br
