ARM GAS  C:\Users\fneves\AppData\Local\Temp\ccvpP1ri.s 			page 1


   1              		.cpu cortex-m0plus
   2              		.fpu softvfp
   3              		.eabi_attribute 20, 1
   4              		.eabi_attribute 21, 1
   5              		.eabi_attribute 23, 3
   6              		.eabi_attribute 24, 1
   7              		.eabi_attribute 25, 1
   8              		.eabi_attribute 26, 1
   9              		.eabi_attribute 30, 6
  10              		.eabi_attribute 34, 0
  11              		.eabi_attribute 18, 4
  12              		.code	16
  13              		.file	"arm_negate_f32.c"
  14              		.text
  15              	.Ltext0:
  16              		.cfi_sections	.debug_frame
  17              		.section	.text.arm_negate_f32,"ax",%progbits
  18              		.align	2
  19              		.global	arm_negate_f32
  20              		.code	16
  21              		.thumb_func
  22              		.type	arm_negate_f32, %function
  23              	arm_negate_f32:
  24              	.LFB82:
  25              		.file 1 "Source\\BasicMathFunctions\\arm_negate_f32.c"
   1:Source\BasicMathFunctions/arm_negate_f32.c **** /* ----------------------------------------------------------------------
   2:Source\BasicMathFunctions/arm_negate_f32.c ****  * Project:      CMSIS DSP Library
   3:Source\BasicMathFunctions/arm_negate_f32.c ****  * Title:        arm_negate_f32.c
   4:Source\BasicMathFunctions/arm_negate_f32.c ****  * Description:  Negates floating-point vectors
   5:Source\BasicMathFunctions/arm_negate_f32.c ****  *
   6:Source\BasicMathFunctions/arm_negate_f32.c ****  * $Date:        27. January 2017
   7:Source\BasicMathFunctions/arm_negate_f32.c ****  * $Revision:    V.1.5.1
   8:Source\BasicMathFunctions/arm_negate_f32.c ****  *
   9:Source\BasicMathFunctions/arm_negate_f32.c ****  * Target Processor: Cortex-M cores
  10:Source\BasicMathFunctions/arm_negate_f32.c ****  * -------------------------------------------------------------------- */
  11:Source\BasicMathFunctions/arm_negate_f32.c **** /*
  12:Source\BasicMathFunctions/arm_negate_f32.c ****  * Copyright (C) 2010-2017 ARM Limited or its affiliates. All rights reserved.
  13:Source\BasicMathFunctions/arm_negate_f32.c ****  *
  14:Source\BasicMathFunctions/arm_negate_f32.c ****  * SPDX-License-Identifier: Apache-2.0
  15:Source\BasicMathFunctions/arm_negate_f32.c ****  *
  16:Source\BasicMathFunctions/arm_negate_f32.c ****  * Licensed under the Apache License, Version 2.0 (the License); you may
  17:Source\BasicMathFunctions/arm_negate_f32.c ****  * not use this file except in compliance with the License.
  18:Source\BasicMathFunctions/arm_negate_f32.c ****  * You may obtain a copy of the License at
  19:Source\BasicMathFunctions/arm_negate_f32.c ****  *
  20:Source\BasicMathFunctions/arm_negate_f32.c ****  * www.apache.org/licenses/LICENSE-2.0
  21:Source\BasicMathFunctions/arm_negate_f32.c ****  *
  22:Source\BasicMathFunctions/arm_negate_f32.c ****  * Unless required by applicable law or agreed to in writing, software
  23:Source\BasicMathFunctions/arm_negate_f32.c ****  * distributed under the License is distributed on an AS IS BASIS, WITHOUT
  24:Source\BasicMathFunctions/arm_negate_f32.c ****  * WARRANTIES OR CONDITIONS OF ANY KIND, either express or implied.
  25:Source\BasicMathFunctions/arm_negate_f32.c ****  * See the License for the specific language governing permissions and
  26:Source\BasicMathFunctions/arm_negate_f32.c ****  * limitations under the License.
  27:Source\BasicMathFunctions/arm_negate_f32.c ****  */
  28:Source\BasicMathFunctions/arm_negate_f32.c **** 
  29:Source\BasicMathFunctions/arm_negate_f32.c **** #include "arm_math.h"
  30:Source\BasicMathFunctions/arm_negate_f32.c **** 
  31:Source\BasicMathFunctions/arm_negate_f32.c **** /**
  32:Source\BasicMathFunctions/arm_negate_f32.c ****  * @ingroup groupMath
ARM GAS  C:\Users\fneves\AppData\Local\Temp\ccvpP1ri.s 			page 2


  33:Source\BasicMathFunctions/arm_negate_f32.c ****  */
  34:Source\BasicMathFunctions/arm_negate_f32.c **** 
  35:Source\BasicMathFunctions/arm_negate_f32.c **** /**
  36:Source\BasicMathFunctions/arm_negate_f32.c ****  * @defgroup negate Vector Negate
  37:Source\BasicMathFunctions/arm_negate_f32.c ****  *
  38:Source\BasicMathFunctions/arm_negate_f32.c ****  * Negates the elements of a vector.
  39:Source\BasicMathFunctions/arm_negate_f32.c ****  *
  40:Source\BasicMathFunctions/arm_negate_f32.c ****  * <pre>
  41:Source\BasicMathFunctions/arm_negate_f32.c ****  *     pDst[n] = -pSrc[n],   0 <= n < blockSize.
  42:Source\BasicMathFunctions/arm_negate_f32.c ****  * </pre>
  43:Source\BasicMathFunctions/arm_negate_f32.c ****  *
  44:Source\BasicMathFunctions/arm_negate_f32.c ****  * The functions support in-place computation allowing the source and
  45:Source\BasicMathFunctions/arm_negate_f32.c ****  * destination pointers to reference the same memory buffer.
  46:Source\BasicMathFunctions/arm_negate_f32.c ****  * There are separate functions for floating-point, Q7, Q15, and Q31 data types.
  47:Source\BasicMathFunctions/arm_negate_f32.c ****  */
  48:Source\BasicMathFunctions/arm_negate_f32.c **** 
  49:Source\BasicMathFunctions/arm_negate_f32.c **** /**
  50:Source\BasicMathFunctions/arm_negate_f32.c ****  * @addtogroup negate
  51:Source\BasicMathFunctions/arm_negate_f32.c ****  * @{
  52:Source\BasicMathFunctions/arm_negate_f32.c ****  */
  53:Source\BasicMathFunctions/arm_negate_f32.c **** 
  54:Source\BasicMathFunctions/arm_negate_f32.c **** /**
  55:Source\BasicMathFunctions/arm_negate_f32.c ****  * @brief  Negates the elements of a floating-point vector.
  56:Source\BasicMathFunctions/arm_negate_f32.c ****  * @param[in]  *pSrc points to the input vector
  57:Source\BasicMathFunctions/arm_negate_f32.c ****  * @param[out]  *pDst points to the output vector
  58:Source\BasicMathFunctions/arm_negate_f32.c ****  * @param[in]  blockSize number of samples in the vector
  59:Source\BasicMathFunctions/arm_negate_f32.c ****  * @return none.
  60:Source\BasicMathFunctions/arm_negate_f32.c ****  */
  61:Source\BasicMathFunctions/arm_negate_f32.c **** 
  62:Source\BasicMathFunctions/arm_negate_f32.c **** void arm_negate_f32(
  63:Source\BasicMathFunctions/arm_negate_f32.c ****   float32_t * pSrc,
  64:Source\BasicMathFunctions/arm_negate_f32.c ****   float32_t * pDst,
  65:Source\BasicMathFunctions/arm_negate_f32.c ****   uint32_t blockSize)
  66:Source\BasicMathFunctions/arm_negate_f32.c **** {
  26              		.loc 1 66 0
  27              		.cfi_startproc
  28 0000 80B5     		push	{r7, lr}
  29              		.cfi_def_cfa_offset 8
  30              		.cfi_offset 7, -8
  31              		.cfi_offset 14, -4
  32 0002 86B0     		sub	sp, sp, #24
  33              		.cfi_def_cfa_offset 32
  34 0004 00AF     		add	r7, sp, #0
  35              		.cfi_def_cfa_register 7
  36 0006 F860     		str	r0, [r7, #12]
  37 0008 B960     		str	r1, [r7, #8]
  38 000a 7A60     		str	r2, [r7, #4]
  67:Source\BasicMathFunctions/arm_negate_f32.c ****   uint32_t blkCnt;                               /* loop counter */
  68:Source\BasicMathFunctions/arm_negate_f32.c **** 
  69:Source\BasicMathFunctions/arm_negate_f32.c **** 
  70:Source\BasicMathFunctions/arm_negate_f32.c **** #if defined (ARM_MATH_DSP)
  71:Source\BasicMathFunctions/arm_negate_f32.c **** 
  72:Source\BasicMathFunctions/arm_negate_f32.c **** /* Run the below code for Cortex-M4 and Cortex-M3 */
  73:Source\BasicMathFunctions/arm_negate_f32.c ****   float32_t in1, in2, in3, in4;                  /* temporary variables */
  74:Source\BasicMathFunctions/arm_negate_f32.c **** 
  75:Source\BasicMathFunctions/arm_negate_f32.c ****   /*loop Unrolling */
  76:Source\BasicMathFunctions/arm_negate_f32.c ****   blkCnt = blockSize >> 2u;
ARM GAS  C:\Users\fneves\AppData\Local\Temp\ccvpP1ri.s 			page 3


  77:Source\BasicMathFunctions/arm_negate_f32.c **** 
  78:Source\BasicMathFunctions/arm_negate_f32.c ****   /* First part of the processing with loop unrolling.  Compute 4 outputs at a time.
  79:Source\BasicMathFunctions/arm_negate_f32.c ****    ** a second loop below computes the remaining 1 to 3 samples. */
  80:Source\BasicMathFunctions/arm_negate_f32.c ****   while (blkCnt > 0u)
  81:Source\BasicMathFunctions/arm_negate_f32.c ****   {
  82:Source\BasicMathFunctions/arm_negate_f32.c ****     /* read inputs from source */
  83:Source\BasicMathFunctions/arm_negate_f32.c ****     in1 = *pSrc;
  84:Source\BasicMathFunctions/arm_negate_f32.c ****     in2 = *(pSrc + 1);
  85:Source\BasicMathFunctions/arm_negate_f32.c ****     in3 = *(pSrc + 2);
  86:Source\BasicMathFunctions/arm_negate_f32.c ****     in4 = *(pSrc + 3);
  87:Source\BasicMathFunctions/arm_negate_f32.c **** 
  88:Source\BasicMathFunctions/arm_negate_f32.c ****     /* negate the input */
  89:Source\BasicMathFunctions/arm_negate_f32.c ****     in1 = -in1;
  90:Source\BasicMathFunctions/arm_negate_f32.c ****     in2 = -in2;
  91:Source\BasicMathFunctions/arm_negate_f32.c ****     in3 = -in3;
  92:Source\BasicMathFunctions/arm_negate_f32.c ****     in4 = -in4;
  93:Source\BasicMathFunctions/arm_negate_f32.c **** 
  94:Source\BasicMathFunctions/arm_negate_f32.c ****     /* store the result to destination */
  95:Source\BasicMathFunctions/arm_negate_f32.c ****     *pDst = in1;
  96:Source\BasicMathFunctions/arm_negate_f32.c ****     *(pDst + 1) = in2;
  97:Source\BasicMathFunctions/arm_negate_f32.c ****     *(pDst + 2) = in3;
  98:Source\BasicMathFunctions/arm_negate_f32.c ****     *(pDst + 3) = in4;
  99:Source\BasicMathFunctions/arm_negate_f32.c **** 
 100:Source\BasicMathFunctions/arm_negate_f32.c ****     /* update pointers to process next samples */
 101:Source\BasicMathFunctions/arm_negate_f32.c ****     pSrc += 4u;
 102:Source\BasicMathFunctions/arm_negate_f32.c ****     pDst += 4u;
 103:Source\BasicMathFunctions/arm_negate_f32.c **** 
 104:Source\BasicMathFunctions/arm_negate_f32.c ****     /* Decrement the loop counter */
 105:Source\BasicMathFunctions/arm_negate_f32.c ****     blkCnt--;
 106:Source\BasicMathFunctions/arm_negate_f32.c ****   }
 107:Source\BasicMathFunctions/arm_negate_f32.c **** 
 108:Source\BasicMathFunctions/arm_negate_f32.c ****   /* If the blockSize is not a multiple of 4, compute any remaining output samples here.
 109:Source\BasicMathFunctions/arm_negate_f32.c ****    ** No loop unrolling is used. */
 110:Source\BasicMathFunctions/arm_negate_f32.c ****   blkCnt = blockSize % 0x4u;
 111:Source\BasicMathFunctions/arm_negate_f32.c **** 
 112:Source\BasicMathFunctions/arm_negate_f32.c **** #else
 113:Source\BasicMathFunctions/arm_negate_f32.c **** 
 114:Source\BasicMathFunctions/arm_negate_f32.c ****   /* Run the below code for Cortex-M0 */
 115:Source\BasicMathFunctions/arm_negate_f32.c **** 
 116:Source\BasicMathFunctions/arm_negate_f32.c ****   /* Initialize blkCnt with number of samples */
 117:Source\BasicMathFunctions/arm_negate_f32.c ****   blkCnt = blockSize;
  39              		.loc 1 117 0
  40 000c 7B68     		ldr	r3, [r7, #4]
  41 000e 7B61     		str	r3, [r7, #20]
 118:Source\BasicMathFunctions/arm_negate_f32.c **** 
 119:Source\BasicMathFunctions/arm_negate_f32.c **** #endif /* #if defined (ARM_MATH_DSP) */
 120:Source\BasicMathFunctions/arm_negate_f32.c **** 
 121:Source\BasicMathFunctions/arm_negate_f32.c ****   while (blkCnt > 0u)
  42              		.loc 1 121 0
  43 0010 0DE0     		b	.L2
  44              	.L3:
 122:Source\BasicMathFunctions/arm_negate_f32.c ****   {
 123:Source\BasicMathFunctions/arm_negate_f32.c ****     /* C = -A */
 124:Source\BasicMathFunctions/arm_negate_f32.c ****     /* Negate and then store the results in the destination buffer. */
 125:Source\BasicMathFunctions/arm_negate_f32.c ****     *pDst++ = -*pSrc++;
  45              		.loc 1 125 0
  46 0012 BB68     		ldr	r3, [r7, #8]
ARM GAS  C:\Users\fneves\AppData\Local\Temp\ccvpP1ri.s 			page 4


  47 0014 1A1D     		add	r2, r3, #4
  48 0016 BA60     		str	r2, [r7, #8]
  49 0018 FA68     		ldr	r2, [r7, #12]
  50 001a 111D     		add	r1, r2, #4
  51 001c F960     		str	r1, [r7, #12]
  52 001e 1268     		ldr	r2, [r2]
  53 0020 8021     		mov	r1, #128
  54 0022 0906     		lsl	r1, r1, #24
  55 0024 4A40     		eor	r2, r1
  56 0026 1A60     		str	r2, [r3]
 126:Source\BasicMathFunctions/arm_negate_f32.c **** 
 127:Source\BasicMathFunctions/arm_negate_f32.c ****     /* Decrement the loop counter */
 128:Source\BasicMathFunctions/arm_negate_f32.c ****     blkCnt--;
  57              		.loc 1 128 0
  58 0028 7B69     		ldr	r3, [r7, #20]
  59 002a 013B     		sub	r3, r3, #1
  60 002c 7B61     		str	r3, [r7, #20]
  61              	.L2:
 121:Source\BasicMathFunctions/arm_negate_f32.c ****   {
  62              		.loc 1 121 0
  63 002e 7B69     		ldr	r3, [r7, #20]
  64 0030 002B     		cmp	r3, #0
  65 0032 EED1     		bne	.L3
 129:Source\BasicMathFunctions/arm_negate_f32.c ****   }
 130:Source\BasicMathFunctions/arm_negate_f32.c **** }
  66              		.loc 1 130 0
  67 0034 BD46     		mov	sp, r7
  68 0036 06B0     		add	sp, sp, #24
  69              		@ sp needed
  70 0038 80BD     		pop	{r7, pc}
  71              		.cfi_endproc
  72              	.LFE82:
  73              		.size	arm_negate_f32, .-arm_negate_f32
  74 003a C046     		.text
  75              	.Letext0:
  76              		.file 2 "c:\\program files (x86)\\cypress\\psoc creator\\4.0\\psoc creator\\import\\gnu\\arm\\4.9.
  77              		.file 3 "c:\\program files (x86)\\cypress\\psoc creator\\4.0\\psoc creator\\import\\gnu\\arm\\4.9.
  78              		.file 4 ".\\Include/arm_math.h"
  79              		.section	.debug_info,"",%progbits
  80              	.Ldebug_info0:
  81 0000 FD000000 		.4byte	0xfd
  82 0004 0400     		.2byte	0x4
  83 0006 00000000 		.4byte	.Ldebug_abbrev0
  84 000a 04       		.byte	0x4
  85 000b 01       		.uleb128 0x1
  86 000c 64010000 		.4byte	.LASF20
  87 0010 01       		.byte	0x1
  88 0011 90000000 		.4byte	.LASF21
  89 0015 0B010000 		.4byte	.LASF22
  90 0019 00000000 		.4byte	.Ldebug_ranges0+0
  91 001d 00000000 		.4byte	0
  92 0021 00000000 		.4byte	.Ldebug_line0
  93 0025 02       		.uleb128 0x2
  94 0026 01       		.byte	0x1
  95 0027 06       		.byte	0x6
  96 0028 F3000000 		.4byte	.LASF0
  97 002c 02       		.uleb128 0x2
ARM GAS  C:\Users\fneves\AppData\Local\Temp\ccvpP1ri.s 			page 5


  98 002d 01       		.byte	0x1
  99 002e 08       		.byte	0x8
 100 002f 73000000 		.4byte	.LASF1
 101 0033 02       		.uleb128 0x2
 102 0034 02       		.byte	0x2
 103 0035 05       		.byte	0x5
 104 0036 5A010000 		.4byte	.LASF2
 105 003a 02       		.uleb128 0x2
 106 003b 02       		.byte	0x2
 107 003c 07       		.byte	0x7
 108 003d E0000000 		.4byte	.LASF3
 109 0041 02       		.uleb128 0x2
 110 0042 04       		.byte	0x4
 111 0043 05       		.byte	0x5
 112 0044 C4000000 		.4byte	.LASF4
 113 0048 03       		.uleb128 0x3
 114 0049 20000000 		.4byte	.LASF9
 115 004d 02       		.byte	0x2
 116 004e 41       		.byte	0x41
 117 004f 53000000 		.4byte	0x53
 118 0053 02       		.uleb128 0x2
 119 0054 04       		.byte	0x4
 120 0055 07       		.byte	0x7
 121 0056 35000000 		.4byte	.LASF5
 122 005a 02       		.uleb128 0x2
 123 005b 08       		.byte	0x8
 124 005c 05       		.byte	0x5
 125 005d 00000000 		.4byte	.LASF6
 126 0061 02       		.uleb128 0x2
 127 0062 08       		.byte	0x8
 128 0063 07       		.byte	0x7
 129 0064 47000000 		.4byte	.LASF7
 130 0068 04       		.uleb128 0x4
 131 0069 04       		.byte	0x4
 132 006a 05       		.byte	0x5
 133 006b 696E7400 		.ascii	"int\000"
 134 006f 02       		.uleb128 0x2
 135 0070 04       		.byte	0x4
 136 0071 07       		.byte	0x7
 137 0072 0E000000 		.4byte	.LASF8
 138 0076 03       		.uleb128 0x3
 139 0077 BB000000 		.4byte	.LASF10
 140 007b 03       		.byte	0x3
 141 007c 2D       		.byte	0x2d
 142 007d 48000000 		.4byte	0x48
 143 0081 02       		.uleb128 0x2
 144 0082 04       		.byte	0x4
 145 0083 07       		.byte	0x7
 146 0084 51010000 		.4byte	.LASF11
 147 0088 02       		.uleb128 0x2
 148 0089 01       		.byte	0x1
 149 008a 08       		.byte	0x8
 150 008b 64000000 		.4byte	.LASF12
 151 008f 02       		.uleb128 0x2
 152 0090 08       		.byte	0x8
 153 0091 04       		.byte	0x4
 154 0092 D2000000 		.4byte	.LASF13
ARM GAS  C:\Users\fneves\AppData\Local\Temp\ccvpP1ri.s 			page 6


 155 0096 02       		.uleb128 0x2
 156 0097 04       		.byte	0x4
 157 0098 04       		.byte	0x4
 158 0099 5E000000 		.4byte	.LASF14
 159 009d 02       		.uleb128 0x2
 160 009e 08       		.byte	0x8
 161 009f 04       		.byte	0x4
 162 00a0 FF000000 		.4byte	.LASF15
 163 00a4 05       		.uleb128 0x5
 164 00a5 69000000 		.4byte	.LASF16
 165 00a9 04       		.byte	0x4
 166 00aa A501     		.2byte	0x1a5
 167 00ac 96000000 		.4byte	0x96
 168 00b0 06       		.uleb128 0x6
 169 00b1 04       		.byte	0x4
 170 00b2 A4000000 		.4byte	0xa4
 171 00b6 07       		.uleb128 0x7
 172 00b7 81000000 		.4byte	.LASF23
 173 00bb 01       		.byte	0x1
 174 00bc 3E       		.byte	0x3e
 175 00bd 00000000 		.4byte	.LFB82
 176 00c1 3A000000 		.4byte	.LFE82-.LFB82
 177 00c5 01       		.uleb128 0x1
 178 00c6 9C       		.byte	0x9c
 179 00c7 08       		.uleb128 0x8
 180 00c8 CD000000 		.4byte	.LASF17
 181 00cc 01       		.byte	0x1
 182 00cd 3F       		.byte	0x3f
 183 00ce B0000000 		.4byte	0xb0
 184 00d2 02       		.uleb128 0x2
 185 00d3 91       		.byte	0x91
 186 00d4 6C       		.sleb128 -20
 187 00d5 08       		.uleb128 0x8
 188 00d6 1B000000 		.4byte	.LASF18
 189 00da 01       		.byte	0x1
 190 00db 40       		.byte	0x40
 191 00dc B0000000 		.4byte	0xb0
 192 00e0 02       		.uleb128 0x2
 193 00e1 91       		.byte	0x91
 194 00e2 68       		.sleb128 -24
 195 00e3 08       		.uleb128 0x8
 196 00e4 2B000000 		.4byte	.LASF19
 197 00e8 01       		.byte	0x1
 198 00e9 41       		.byte	0x41
 199 00ea 76000000 		.4byte	0x76
 200 00ee 02       		.uleb128 0x2
 201 00ef 91       		.byte	0x91
 202 00f0 64       		.sleb128 -28
 203 00f1 09       		.uleb128 0x9
 204 00f2 D9000000 		.4byte	.LASF24
 205 00f6 01       		.byte	0x1
 206 00f7 43       		.byte	0x43
 207 00f8 76000000 		.4byte	0x76
 208 00fc 02       		.uleb128 0x2
 209 00fd 91       		.byte	0x91
 210 00fe 74       		.sleb128 -12
 211 00ff 00       		.byte	0
ARM GAS  C:\Users\fneves\AppData\Local\Temp\ccvpP1ri.s 			page 7


 212 0100 00       		.byte	0
 213              		.section	.debug_abbrev,"",%progbits
 214              	.Ldebug_abbrev0:
 215 0000 01       		.uleb128 0x1
 216 0001 11       		.uleb128 0x11
 217 0002 01       		.byte	0x1
 218 0003 25       		.uleb128 0x25
 219 0004 0E       		.uleb128 0xe
 220 0005 13       		.uleb128 0x13
 221 0006 0B       		.uleb128 0xb
 222 0007 03       		.uleb128 0x3
 223 0008 0E       		.uleb128 0xe
 224 0009 1B       		.uleb128 0x1b
 225 000a 0E       		.uleb128 0xe
 226 000b 55       		.uleb128 0x55
 227 000c 17       		.uleb128 0x17
 228 000d 11       		.uleb128 0x11
 229 000e 01       		.uleb128 0x1
 230 000f 10       		.uleb128 0x10
 231 0010 17       		.uleb128 0x17
 232 0011 00       		.byte	0
 233 0012 00       		.byte	0
 234 0013 02       		.uleb128 0x2
 235 0014 24       		.uleb128 0x24
 236 0015 00       		.byte	0
 237 0016 0B       		.uleb128 0xb
 238 0017 0B       		.uleb128 0xb
 239 0018 3E       		.uleb128 0x3e
 240 0019 0B       		.uleb128 0xb
 241 001a 03       		.uleb128 0x3
 242 001b 0E       		.uleb128 0xe
 243 001c 00       		.byte	0
 244 001d 00       		.byte	0
 245 001e 03       		.uleb128 0x3
 246 001f 16       		.uleb128 0x16
 247 0020 00       		.byte	0
 248 0021 03       		.uleb128 0x3
 249 0022 0E       		.uleb128 0xe
 250 0023 3A       		.uleb128 0x3a
 251 0024 0B       		.uleb128 0xb
 252 0025 3B       		.uleb128 0x3b
 253 0026 0B       		.uleb128 0xb
 254 0027 49       		.uleb128 0x49
 255 0028 13       		.uleb128 0x13
 256 0029 00       		.byte	0
 257 002a 00       		.byte	0
 258 002b 04       		.uleb128 0x4
 259 002c 24       		.uleb128 0x24
 260 002d 00       		.byte	0
 261 002e 0B       		.uleb128 0xb
 262 002f 0B       		.uleb128 0xb
 263 0030 3E       		.uleb128 0x3e
 264 0031 0B       		.uleb128 0xb
 265 0032 03       		.uleb128 0x3
 266 0033 08       		.uleb128 0x8
 267 0034 00       		.byte	0
 268 0035 00       		.byte	0
ARM GAS  C:\Users\fneves\AppData\Local\Temp\ccvpP1ri.s 			page 8


 269 0036 05       		.uleb128 0x5
 270 0037 16       		.uleb128 0x16
 271 0038 00       		.byte	0
 272 0039 03       		.uleb128 0x3
 273 003a 0E       		.uleb128 0xe
 274 003b 3A       		.uleb128 0x3a
 275 003c 0B       		.uleb128 0xb
 276 003d 3B       		.uleb128 0x3b
 277 003e 05       		.uleb128 0x5
 278 003f 49       		.uleb128 0x49
 279 0040 13       		.uleb128 0x13
 280 0041 00       		.byte	0
 281 0042 00       		.byte	0
 282 0043 06       		.uleb128 0x6
 283 0044 0F       		.uleb128 0xf
 284 0045 00       		.byte	0
 285 0046 0B       		.uleb128 0xb
 286 0047 0B       		.uleb128 0xb
 287 0048 49       		.uleb128 0x49
 288 0049 13       		.uleb128 0x13
 289 004a 00       		.byte	0
 290 004b 00       		.byte	0
 291 004c 07       		.uleb128 0x7
 292 004d 2E       		.uleb128 0x2e
 293 004e 01       		.byte	0x1
 294 004f 3F       		.uleb128 0x3f
 295 0050 19       		.uleb128 0x19
 296 0051 03       		.uleb128 0x3
 297 0052 0E       		.uleb128 0xe
 298 0053 3A       		.uleb128 0x3a
 299 0054 0B       		.uleb128 0xb
 300 0055 3B       		.uleb128 0x3b
 301 0056 0B       		.uleb128 0xb
 302 0057 27       		.uleb128 0x27
 303 0058 19       		.uleb128 0x19
 304 0059 11       		.uleb128 0x11
 305 005a 01       		.uleb128 0x1
 306 005b 12       		.uleb128 0x12
 307 005c 06       		.uleb128 0x6
 308 005d 40       		.uleb128 0x40
 309 005e 18       		.uleb128 0x18
 310 005f 9742     		.uleb128 0x2117
 311 0061 19       		.uleb128 0x19
 312 0062 00       		.byte	0
 313 0063 00       		.byte	0
 314 0064 08       		.uleb128 0x8
 315 0065 05       		.uleb128 0x5
 316 0066 00       		.byte	0
 317 0067 03       		.uleb128 0x3
 318 0068 0E       		.uleb128 0xe
 319 0069 3A       		.uleb128 0x3a
 320 006a 0B       		.uleb128 0xb
 321 006b 3B       		.uleb128 0x3b
 322 006c 0B       		.uleb128 0xb
 323 006d 49       		.uleb128 0x49
 324 006e 13       		.uleb128 0x13
 325 006f 02       		.uleb128 0x2
ARM GAS  C:\Users\fneves\AppData\Local\Temp\ccvpP1ri.s 			page 9


 326 0070 18       		.uleb128 0x18
 327 0071 00       		.byte	0
 328 0072 00       		.byte	0
 329 0073 09       		.uleb128 0x9
 330 0074 34       		.uleb128 0x34
 331 0075 00       		.byte	0
 332 0076 03       		.uleb128 0x3
 333 0077 0E       		.uleb128 0xe
 334 0078 3A       		.uleb128 0x3a
 335 0079 0B       		.uleb128 0xb
 336 007a 3B       		.uleb128 0x3b
 337 007b 0B       		.uleb128 0xb
 338 007c 49       		.uleb128 0x49
 339 007d 13       		.uleb128 0x13
 340 007e 02       		.uleb128 0x2
 341 007f 18       		.uleb128 0x18
 342 0080 00       		.byte	0
 343 0081 00       		.byte	0
 344 0082 00       		.byte	0
 345              		.section	.debug_aranges,"",%progbits
 346 0000 1C000000 		.4byte	0x1c
 347 0004 0200     		.2byte	0x2
 348 0006 00000000 		.4byte	.Ldebug_info0
 349 000a 04       		.byte	0x4
 350 000b 00       		.byte	0
 351 000c 0000     		.2byte	0
 352 000e 0000     		.2byte	0
 353 0010 00000000 		.4byte	.LFB82
 354 0014 3A000000 		.4byte	.LFE82-.LFB82
 355 0018 00000000 		.4byte	0
 356 001c 00000000 		.4byte	0
 357              		.section	.debug_ranges,"",%progbits
 358              	.Ldebug_ranges0:
 359 0000 00000000 		.4byte	.LFB82
 360 0004 3A000000 		.4byte	.LFE82
 361 0008 00000000 		.4byte	0
 362 000c 00000000 		.4byte	0
 363              		.section	.debug_line,"",%progbits
 364              	.Ldebug_line0:
 365 0000 73010000 		.section	.debug_str,"MS",%progbits,1
 365      02005101 
 365      00000201 
 365      FB0E0D00 
 365      01010101 
 366              	.LASF6:
 367 0000 6C6F6E67 		.ascii	"long long int\000"
 367      206C6F6E 
 367      6720696E 
 367      7400
 368              	.LASF8:
 369 000e 756E7369 		.ascii	"unsigned int\000"
 369      676E6564 
 369      20696E74 
 369      00
 370              	.LASF18:
 371 001b 70447374 		.ascii	"pDst\000"
 371      00
ARM GAS  C:\Users\fneves\AppData\Local\Temp\ccvpP1ri.s 			page 10


 372              	.LASF9:
 373 0020 5F5F7569 		.ascii	"__uint32_t\000"
 373      6E743332 
 373      5F7400
 374              	.LASF19:
 375 002b 626C6F63 		.ascii	"blockSize\000"
 375      6B53697A 
 375      6500
 376              	.LASF5:
 377 0035 6C6F6E67 		.ascii	"long unsigned int\000"
 377      20756E73 
 377      69676E65 
 377      6420696E 
 377      7400
 378              	.LASF7:
 379 0047 6C6F6E67 		.ascii	"long long unsigned int\000"
 379      206C6F6E 
 379      6720756E 
 379      7369676E 
 379      65642069 
 380              	.LASF14:
 381 005e 666C6F61 		.ascii	"float\000"
 381      7400
 382              	.LASF12:
 383 0064 63686172 		.ascii	"char\000"
 383      00
 384              	.LASF16:
 385 0069 666C6F61 		.ascii	"float32_t\000"
 385      7433325F 
 385      7400
 386              	.LASF1:
 387 0073 756E7369 		.ascii	"unsigned char\000"
 387      676E6564 
 387      20636861 
 387      7200
 388              	.LASF23:
 389 0081 61726D5F 		.ascii	"arm_negate_f32\000"
 389      6E656761 
 389      74655F66 
 389      333200
 390              	.LASF21:
 391 0090 536F7572 		.ascii	"Source\\BasicMathFunctions\\arm_negate_f32.c\000"
 391      63655C42 
 391      61736963 
 391      4D617468 
 391      46756E63 
 392              	.LASF10:
 393 00bb 75696E74 		.ascii	"uint32_t\000"
 393      33325F74 
 393      00
 394              	.LASF4:
 395 00c4 6C6F6E67 		.ascii	"long int\000"
 395      20696E74 
 395      00
 396              	.LASF17:
 397 00cd 70537263 		.ascii	"pSrc\000"
 397      00
ARM GAS  C:\Users\fneves\AppData\Local\Temp\ccvpP1ri.s 			page 11


 398              	.LASF13:
 399 00d2 646F7562 		.ascii	"double\000"
 399      6C6500
 400              	.LASF24:
 401 00d9 626C6B43 		.ascii	"blkCnt\000"
 401      6E7400
 402              	.LASF3:
 403 00e0 73686F72 		.ascii	"short unsigned int\000"
 403      7420756E 
 403      7369676E 
 403      65642069 
 403      6E7400
 404              	.LASF0:
 405 00f3 7369676E 		.ascii	"signed char\000"
 405      65642063 
 405      68617200 
 406              	.LASF15:
 407 00ff 6C6F6E67 		.ascii	"long double\000"
 407      20646F75 
 407      626C6500 
 408              	.LASF22:
 409 010b 433A5C55 		.ascii	"C:\\Users\\fneves\\Documents\\PSoC Creator\\wp_1\\e"
 409      73657273 
 409      5C666E65 
 409      7665735C 
 409      446F6375 
 410 0138 6E67696E 		.ascii	"ngine_speed_sensor.cydsn\000"
 410      655F7370 
 410      6565645F 
 410      73656E73 
 410      6F722E63 
 411              	.LASF11:
 412 0151 73697A65 		.ascii	"sizetype\000"
 412      74797065 
 412      00
 413              	.LASF2:
 414 015a 73686F72 		.ascii	"short int\000"
 414      7420696E 
 414      7400
 415              	.LASF20:
 416 0164 474E5520 		.ascii	"GNU C 4.9.3 20150303 (release) [ARM/embedded-4_9-br"
 416      4320342E 
 416      392E3320 
 416      32303135 
 416      30333033 
 417 0197 616E6368 		.ascii	"anch revision 221220] -mcpu=cortex-m0plus -mthumb -"
 417      20726576 
 417      6973696F 
 417      6E203232 
 417      31323230 
 418 01ca 67202D4F 		.ascii	"g -O0 -ffunction-sections -ffat-lto-objects\000"
 418      30202D66 
 418      66756E63 
 418      74696F6E 
 418      2D736563 
 419              		.ident	"GCC: (GNU Tools for ARM Embedded Processors) 4.9.3 20150303 (release) [ARM/embedded-4_9-br
