ARM GAS  C:\Users\fneves\AppData\Local\Temp\ccXhJ170.s 			page 1


   1              		.cpu cortex-m0plus
   2              		.fpu softvfp
   3              		.eabi_attribute 20, 1
   4              		.eabi_attribute 21, 1
   5              		.eabi_attribute 23, 3
   6              		.eabi_attribute 24, 1
   7              		.eabi_attribute 25, 1
   8              		.eabi_attribute 26, 1
   9              		.eabi_attribute 30, 6
  10              		.eabi_attribute 34, 0
  11              		.eabi_attribute 18, 4
  12              		.code	16
  13              		.file	"arm_fill_q7.c"
  14              		.text
  15              	.Ltext0:
  16              		.cfi_sections	.debug_frame
  17              		.section	.text.arm_fill_q7,"ax",%progbits
  18              		.align	2
  19              		.global	arm_fill_q7
  20              		.code	16
  21              		.thumb_func
  22              		.type	arm_fill_q7, %function
  23              	arm_fill_q7:
  24              	.LFB82:
  25              		.file 1 "Source\\SupportFunctions\\arm_fill_q7.c"
   1:Source\SupportFunctions/arm_fill_q7.c **** /* ----------------------------------------------------------------------
   2:Source\SupportFunctions/arm_fill_q7.c ****  * Project:      CMSIS DSP Library
   3:Source\SupportFunctions/arm_fill_q7.c ****  * Title:        arm_fill_q7.c
   4:Source\SupportFunctions/arm_fill_q7.c ****  * Description:  Fills a constant value into a Q7 vector
   5:Source\SupportFunctions/arm_fill_q7.c ****  *
   6:Source\SupportFunctions/arm_fill_q7.c ****  * $Date:        27. January 2017
   7:Source\SupportFunctions/arm_fill_q7.c ****  * $Revision:    V.1.5.1
   8:Source\SupportFunctions/arm_fill_q7.c ****  *
   9:Source\SupportFunctions/arm_fill_q7.c ****  * Target Processor: Cortex-M cores
  10:Source\SupportFunctions/arm_fill_q7.c ****  * -------------------------------------------------------------------- */
  11:Source\SupportFunctions/arm_fill_q7.c **** /*
  12:Source\SupportFunctions/arm_fill_q7.c ****  * Copyright (C) 2010-2017 ARM Limited or its affiliates. All rights reserved.
  13:Source\SupportFunctions/arm_fill_q7.c ****  *
  14:Source\SupportFunctions/arm_fill_q7.c ****  * SPDX-License-Identifier: Apache-2.0
  15:Source\SupportFunctions/arm_fill_q7.c ****  *
  16:Source\SupportFunctions/arm_fill_q7.c ****  * Licensed under the Apache License, Version 2.0 (the License); you may
  17:Source\SupportFunctions/arm_fill_q7.c ****  * not use this file except in compliance with the License.
  18:Source\SupportFunctions/arm_fill_q7.c ****  * You may obtain a copy of the License at
  19:Source\SupportFunctions/arm_fill_q7.c ****  *
  20:Source\SupportFunctions/arm_fill_q7.c ****  * www.apache.org/licenses/LICENSE-2.0
  21:Source\SupportFunctions/arm_fill_q7.c ****  *
  22:Source\SupportFunctions/arm_fill_q7.c ****  * Unless required by applicable law or agreed to in writing, software
  23:Source\SupportFunctions/arm_fill_q7.c ****  * distributed under the License is distributed on an AS IS BASIS, WITHOUT
  24:Source\SupportFunctions/arm_fill_q7.c ****  * WARRANTIES OR CONDITIONS OF ANY KIND, either express or implied.
  25:Source\SupportFunctions/arm_fill_q7.c ****  * See the License for the specific language governing permissions and
  26:Source\SupportFunctions/arm_fill_q7.c ****  * limitations under the License.
  27:Source\SupportFunctions/arm_fill_q7.c ****  */
  28:Source\SupportFunctions/arm_fill_q7.c **** 
  29:Source\SupportFunctions/arm_fill_q7.c **** #include "arm_math.h"
  30:Source\SupportFunctions/arm_fill_q7.c **** 
  31:Source\SupportFunctions/arm_fill_q7.c **** /**
  32:Source\SupportFunctions/arm_fill_q7.c ****  * @ingroup groupSupport
ARM GAS  C:\Users\fneves\AppData\Local\Temp\ccXhJ170.s 			page 2


  33:Source\SupportFunctions/arm_fill_q7.c ****  */
  34:Source\SupportFunctions/arm_fill_q7.c **** 
  35:Source\SupportFunctions/arm_fill_q7.c **** /**
  36:Source\SupportFunctions/arm_fill_q7.c ****  * @addtogroup Fill
  37:Source\SupportFunctions/arm_fill_q7.c ****  * @{
  38:Source\SupportFunctions/arm_fill_q7.c ****  */
  39:Source\SupportFunctions/arm_fill_q7.c **** 
  40:Source\SupportFunctions/arm_fill_q7.c **** /**
  41:Source\SupportFunctions/arm_fill_q7.c ****  * @brief Fills a constant value into a Q7 vector.
  42:Source\SupportFunctions/arm_fill_q7.c ****  * @param[in]       value input value to be filled
  43:Source\SupportFunctions/arm_fill_q7.c ****  * @param[out]      *pDst points to output vector
  44:Source\SupportFunctions/arm_fill_q7.c ****  * @param[in]       blockSize length of the output vector
  45:Source\SupportFunctions/arm_fill_q7.c ****  * @return none.
  46:Source\SupportFunctions/arm_fill_q7.c ****  *
  47:Source\SupportFunctions/arm_fill_q7.c ****  */
  48:Source\SupportFunctions/arm_fill_q7.c **** 
  49:Source\SupportFunctions/arm_fill_q7.c **** void arm_fill_q7(
  50:Source\SupportFunctions/arm_fill_q7.c ****   q7_t value,
  51:Source\SupportFunctions/arm_fill_q7.c ****   q7_t * pDst,
  52:Source\SupportFunctions/arm_fill_q7.c ****   uint32_t blockSize)
  53:Source\SupportFunctions/arm_fill_q7.c **** {
  26              		.loc 1 53 0
  27              		.cfi_startproc
  28 0000 80B5     		push	{r7, lr}
  29              		.cfi_def_cfa_offset 8
  30              		.cfi_offset 7, -8
  31              		.cfi_offset 14, -4
  32 0002 86B0     		sub	sp, sp, #24
  33              		.cfi_def_cfa_offset 32
  34 0004 00AF     		add	r7, sp, #0
  35              		.cfi_def_cfa_register 7
  36 0006 B960     		str	r1, [r7, #8]
  37 0008 7A60     		str	r2, [r7, #4]
  38 000a 0F23     		mov	r3, #15
  39 000c FB18     		add	r3, r7, r3
  40 000e 021C     		add	r2, r0, #0
  41 0010 1A70     		strb	r2, [r3]
  54:Source\SupportFunctions/arm_fill_q7.c ****   uint32_t blkCnt;                               /* loop counter */
  55:Source\SupportFunctions/arm_fill_q7.c **** 
  56:Source\SupportFunctions/arm_fill_q7.c **** #if defined (ARM_MATH_DSP)
  57:Source\SupportFunctions/arm_fill_q7.c **** 
  58:Source\SupportFunctions/arm_fill_q7.c ****   /* Run the below code for Cortex-M4 and Cortex-M3 */
  59:Source\SupportFunctions/arm_fill_q7.c **** 
  60:Source\SupportFunctions/arm_fill_q7.c ****   q31_t packedValue;                             /* value packed to 32 bits */
  61:Source\SupportFunctions/arm_fill_q7.c **** 
  62:Source\SupportFunctions/arm_fill_q7.c ****   /*loop Unrolling */
  63:Source\SupportFunctions/arm_fill_q7.c ****   blkCnt = blockSize >> 2u;
  64:Source\SupportFunctions/arm_fill_q7.c **** 
  65:Source\SupportFunctions/arm_fill_q7.c ****   /* Packing four 8 bit values to 32 bit value in order to use SIMD */
  66:Source\SupportFunctions/arm_fill_q7.c ****   packedValue = __PACKq7(value, value, value, value);
  67:Source\SupportFunctions/arm_fill_q7.c **** 
  68:Source\SupportFunctions/arm_fill_q7.c ****   /* First part of the processing with loop unrolling.  Compute 4 outputs at a time.
  69:Source\SupportFunctions/arm_fill_q7.c ****    ** a second loop below computes the remaining 1 to 3 samples. */
  70:Source\SupportFunctions/arm_fill_q7.c ****   while (blkCnt > 0u)
  71:Source\SupportFunctions/arm_fill_q7.c ****   {
  72:Source\SupportFunctions/arm_fill_q7.c ****     /* C = value */
  73:Source\SupportFunctions/arm_fill_q7.c ****     /* Fill the value in the destination buffer */
ARM GAS  C:\Users\fneves\AppData\Local\Temp\ccXhJ170.s 			page 3


  74:Source\SupportFunctions/arm_fill_q7.c ****     *__SIMD32(pDst)++ = packedValue;
  75:Source\SupportFunctions/arm_fill_q7.c **** 
  76:Source\SupportFunctions/arm_fill_q7.c ****     /* Decrement the loop counter */
  77:Source\SupportFunctions/arm_fill_q7.c ****     blkCnt--;
  78:Source\SupportFunctions/arm_fill_q7.c ****   }
  79:Source\SupportFunctions/arm_fill_q7.c **** 
  80:Source\SupportFunctions/arm_fill_q7.c ****   /* If the blockSize is not a multiple of 4, compute any remaining output samples here.
  81:Source\SupportFunctions/arm_fill_q7.c ****    ** No loop unrolling is used. */
  82:Source\SupportFunctions/arm_fill_q7.c ****   blkCnt = blockSize % 0x4u;
  83:Source\SupportFunctions/arm_fill_q7.c **** 
  84:Source\SupportFunctions/arm_fill_q7.c **** #else
  85:Source\SupportFunctions/arm_fill_q7.c **** 
  86:Source\SupportFunctions/arm_fill_q7.c ****   /* Run the below code for Cortex-M0 */
  87:Source\SupportFunctions/arm_fill_q7.c **** 
  88:Source\SupportFunctions/arm_fill_q7.c ****   /* Loop over blockSize number of values */
  89:Source\SupportFunctions/arm_fill_q7.c ****   blkCnt = blockSize;
  42              		.loc 1 89 0
  43 0012 7B68     		ldr	r3, [r7, #4]
  44 0014 7B61     		str	r3, [r7, #20]
  90:Source\SupportFunctions/arm_fill_q7.c **** 
  91:Source\SupportFunctions/arm_fill_q7.c **** #endif /* #if defined (ARM_MATH_DSP) */
  92:Source\SupportFunctions/arm_fill_q7.c **** 
  93:Source\SupportFunctions/arm_fill_q7.c ****   while (blkCnt > 0u)
  45              		.loc 1 93 0
  46 0016 09E0     		b	.L2
  47              	.L3:
  94:Source\SupportFunctions/arm_fill_q7.c ****   {
  95:Source\SupportFunctions/arm_fill_q7.c ****     /* C = value */
  96:Source\SupportFunctions/arm_fill_q7.c ****     /* Fill the value in the destination buffer */
  97:Source\SupportFunctions/arm_fill_q7.c ****     *pDst++ = value;
  48              		.loc 1 97 0
  49 0018 BB68     		ldr	r3, [r7, #8]
  50 001a 5A1C     		add	r2, r3, #1
  51 001c BA60     		str	r2, [r7, #8]
  52 001e 0F22     		mov	r2, #15
  53 0020 BA18     		add	r2, r7, r2
  54 0022 1278     		ldrb	r2, [r2]
  55 0024 1A70     		strb	r2, [r3]
  98:Source\SupportFunctions/arm_fill_q7.c **** 
  99:Source\SupportFunctions/arm_fill_q7.c ****     /* Decrement the loop counter */
 100:Source\SupportFunctions/arm_fill_q7.c ****     blkCnt--;
  56              		.loc 1 100 0
  57 0026 7B69     		ldr	r3, [r7, #20]
  58 0028 013B     		sub	r3, r3, #1
  59 002a 7B61     		str	r3, [r7, #20]
  60              	.L2:
  93:Source\SupportFunctions/arm_fill_q7.c ****   {
  61              		.loc 1 93 0
  62 002c 7B69     		ldr	r3, [r7, #20]
  63 002e 002B     		cmp	r3, #0
  64 0030 F2D1     		bne	.L3
 101:Source\SupportFunctions/arm_fill_q7.c ****   }
 102:Source\SupportFunctions/arm_fill_q7.c **** }
  65              		.loc 1 102 0
  66 0032 BD46     		mov	sp, r7
  67 0034 06B0     		add	sp, sp, #24
  68              		@ sp needed
ARM GAS  C:\Users\fneves\AppData\Local\Temp\ccXhJ170.s 			page 4


  69 0036 80BD     		pop	{r7, pc}
  70              		.cfi_endproc
  71              	.LFE82:
  72              		.size	arm_fill_q7, .-arm_fill_q7
  73              		.text
  74              	.Letext0:
  75              		.file 2 "c:\\program files (x86)\\cypress\\psoc creator\\4.0\\psoc creator\\import\\gnu\\arm\\4.9.
  76              		.file 3 "c:\\program files (x86)\\cypress\\psoc creator\\4.0\\psoc creator\\import\\gnu\\arm\\4.9.
  77              		.file 4 ".\\Include/arm_math.h"
  78              		.section	.debug_info,"",%progbits
  79              	.Ldebug_info0:
  80 0000 13010000 		.4byte	0x113
  81 0004 0400     		.2byte	0x4
  82 0006 00000000 		.4byte	.Ldebug_abbrev0
  83 000a 04       		.byte	0x4
  84 000b 01       		.uleb128 0x1
  85 000c 63010000 		.4byte	.LASF22
  86 0010 01       		.byte	0x1
  87 0011 37000000 		.4byte	.LASF23
  88 0015 0D010000 		.4byte	.LASF24
  89 0019 00000000 		.4byte	.Ldebug_ranges0+0
  90 001d 00000000 		.4byte	0
  91 0021 00000000 		.4byte	.Ldebug_line0
  92 0025 02       		.uleb128 0x2
  93 0026 D9000000 		.4byte	.LASF5
  94 002a 02       		.byte	0x2
  95 002b 1B       		.byte	0x1b
  96 002c 30000000 		.4byte	0x30
  97 0030 03       		.uleb128 0x3
  98 0031 01       		.byte	0x1
  99 0032 06       		.byte	0x6
 100 0033 F5000000 		.4byte	.LASF0
 101 0037 03       		.uleb128 0x3
 102 0038 01       		.byte	0x1
 103 0039 08       		.byte	0x8
 104 003a 96000000 		.4byte	.LASF1
 105 003e 03       		.uleb128 0x3
 106 003f 02       		.byte	0x2
 107 0040 05       		.byte	0x5
 108 0041 59010000 		.4byte	.LASF2
 109 0045 03       		.uleb128 0x3
 110 0046 02       		.byte	0x2
 111 0047 07       		.byte	0x7
 112 0048 E2000000 		.4byte	.LASF3
 113 004c 03       		.uleb128 0x3
 114 004d 04       		.byte	0x4
 115 004e 05       		.byte	0x5
 116 004f B2000000 		.4byte	.LASF4
 117 0053 02       		.uleb128 0x2
 118 0054 20000000 		.4byte	.LASF6
 119 0058 02       		.byte	0x2
 120 0059 41       		.byte	0x41
 121 005a 5E000000 		.4byte	0x5e
 122 005e 03       		.uleb128 0x3
 123 005f 04       		.byte	0x4
 124 0060 07       		.byte	0x7
 125 0061 5D000000 		.4byte	.LASF7
ARM GAS  C:\Users\fneves\AppData\Local\Temp\ccXhJ170.s 			page 5


 126 0065 03       		.uleb128 0x3
 127 0066 08       		.byte	0x8
 128 0067 05       		.byte	0x5
 129 0068 00000000 		.4byte	.LASF8
 130 006c 03       		.uleb128 0x3
 131 006d 08       		.byte	0x8
 132 006e 07       		.byte	0x7
 133 006f 6F000000 		.4byte	.LASF9
 134 0073 04       		.uleb128 0x4
 135 0074 04       		.byte	0x4
 136 0075 05       		.byte	0x5
 137 0076 696E7400 		.ascii	"int\000"
 138 007a 03       		.uleb128 0x3
 139 007b 04       		.byte	0x4
 140 007c 07       		.byte	0x7
 141 007d 0E000000 		.4byte	.LASF10
 142 0081 02       		.uleb128 0x2
 143 0082 C4000000 		.4byte	.LASF11
 144 0086 03       		.byte	0x3
 145 0087 14       		.byte	0x14
 146 0088 25000000 		.4byte	0x25
 147 008c 02       		.uleb128 0x2
 148 008d A9000000 		.4byte	.LASF12
 149 0091 03       		.byte	0x3
 150 0092 2D       		.byte	0x2d
 151 0093 53000000 		.4byte	0x53
 152 0097 03       		.uleb128 0x3
 153 0098 04       		.byte	0x4
 154 0099 07       		.byte	0x7
 155 009a BB000000 		.4byte	.LASF13
 156 009e 03       		.uleb128 0x3
 157 009f 01       		.byte	0x1
 158 00a0 08       		.byte	0x8
 159 00a1 A4000000 		.4byte	.LASF14
 160 00a5 03       		.uleb128 0x3
 161 00a6 08       		.byte	0x8
 162 00a7 04       		.byte	0x4
 163 00a8 CB000000 		.4byte	.LASF15
 164 00ac 03       		.uleb128 0x3
 165 00ad 04       		.byte	0x4
 166 00ae 04       		.byte	0x4
 167 00af 86000000 		.4byte	.LASF16
 168 00b3 03       		.uleb128 0x3
 169 00b4 08       		.byte	0x8
 170 00b5 04       		.byte	0x4
 171 00b6 01010000 		.4byte	.LASF17
 172 00ba 05       		.uleb128 0x5
 173 00bb F5010000 		.4byte	.LASF18
 174 00bf 04       		.byte	0x4
 175 00c0 9101     		.2byte	0x191
 176 00c2 81000000 		.4byte	0x81
 177 00c6 06       		.uleb128 0x6
 178 00c7 04       		.byte	0x4
 179 00c8 BA000000 		.4byte	0xba
 180 00cc 07       		.uleb128 0x7
 181 00cd 2B000000 		.4byte	.LASF25
 182 00d1 01       		.byte	0x1
ARM GAS  C:\Users\fneves\AppData\Local\Temp\ccXhJ170.s 			page 6


 183 00d2 31       		.byte	0x31
 184 00d3 00000000 		.4byte	.LFB82
 185 00d7 38000000 		.4byte	.LFE82-.LFB82
 186 00db 01       		.uleb128 0x1
 187 00dc 9C       		.byte	0x9c
 188 00dd 08       		.uleb128 0x8
 189 00de 53010000 		.4byte	.LASF19
 190 00e2 01       		.byte	0x1
 191 00e3 32       		.byte	0x32
 192 00e4 BA000000 		.4byte	0xba
 193 00e8 02       		.uleb128 0x2
 194 00e9 91       		.byte	0x91
 195 00ea 6F       		.sleb128 -17
 196 00eb 08       		.uleb128 0x8
 197 00ec 1B000000 		.4byte	.LASF20
 198 00f0 01       		.byte	0x1
 199 00f1 33       		.byte	0x33
 200 00f2 C6000000 		.4byte	0xc6
 201 00f6 02       		.uleb128 0x2
 202 00f7 91       		.byte	0x91
 203 00f8 68       		.sleb128 -24
 204 00f9 08       		.uleb128 0x8
 205 00fa 8C000000 		.4byte	.LASF21
 206 00fe 01       		.byte	0x1
 207 00ff 34       		.byte	0x34
 208 0100 8C000000 		.4byte	0x8c
 209 0104 02       		.uleb128 0x2
 210 0105 91       		.byte	0x91
 211 0106 64       		.sleb128 -28
 212 0107 09       		.uleb128 0x9
 213 0108 D2000000 		.4byte	.LASF26
 214 010c 01       		.byte	0x1
 215 010d 36       		.byte	0x36
 216 010e 8C000000 		.4byte	0x8c
 217 0112 02       		.uleb128 0x2
 218 0113 91       		.byte	0x91
 219 0114 74       		.sleb128 -12
 220 0115 00       		.byte	0
 221 0116 00       		.byte	0
 222              		.section	.debug_abbrev,"",%progbits
 223              	.Ldebug_abbrev0:
 224 0000 01       		.uleb128 0x1
 225 0001 11       		.uleb128 0x11
 226 0002 01       		.byte	0x1
 227 0003 25       		.uleb128 0x25
 228 0004 0E       		.uleb128 0xe
 229 0005 13       		.uleb128 0x13
 230 0006 0B       		.uleb128 0xb
 231 0007 03       		.uleb128 0x3
 232 0008 0E       		.uleb128 0xe
 233 0009 1B       		.uleb128 0x1b
 234 000a 0E       		.uleb128 0xe
 235 000b 55       		.uleb128 0x55
 236 000c 17       		.uleb128 0x17
 237 000d 11       		.uleb128 0x11
 238 000e 01       		.uleb128 0x1
 239 000f 10       		.uleb128 0x10
ARM GAS  C:\Users\fneves\AppData\Local\Temp\ccXhJ170.s 			page 7


 240 0010 17       		.uleb128 0x17
 241 0011 00       		.byte	0
 242 0012 00       		.byte	0
 243 0013 02       		.uleb128 0x2
 244 0014 16       		.uleb128 0x16
 245 0015 00       		.byte	0
 246 0016 03       		.uleb128 0x3
 247 0017 0E       		.uleb128 0xe
 248 0018 3A       		.uleb128 0x3a
 249 0019 0B       		.uleb128 0xb
 250 001a 3B       		.uleb128 0x3b
 251 001b 0B       		.uleb128 0xb
 252 001c 49       		.uleb128 0x49
 253 001d 13       		.uleb128 0x13
 254 001e 00       		.byte	0
 255 001f 00       		.byte	0
 256 0020 03       		.uleb128 0x3
 257 0021 24       		.uleb128 0x24
 258 0022 00       		.byte	0
 259 0023 0B       		.uleb128 0xb
 260 0024 0B       		.uleb128 0xb
 261 0025 3E       		.uleb128 0x3e
 262 0026 0B       		.uleb128 0xb
 263 0027 03       		.uleb128 0x3
 264 0028 0E       		.uleb128 0xe
 265 0029 00       		.byte	0
 266 002a 00       		.byte	0
 267 002b 04       		.uleb128 0x4
 268 002c 24       		.uleb128 0x24
 269 002d 00       		.byte	0
 270 002e 0B       		.uleb128 0xb
 271 002f 0B       		.uleb128 0xb
 272 0030 3E       		.uleb128 0x3e
 273 0031 0B       		.uleb128 0xb
 274 0032 03       		.uleb128 0x3
 275 0033 08       		.uleb128 0x8
 276 0034 00       		.byte	0
 277 0035 00       		.byte	0
 278 0036 05       		.uleb128 0x5
 279 0037 16       		.uleb128 0x16
 280 0038 00       		.byte	0
 281 0039 03       		.uleb128 0x3
 282 003a 0E       		.uleb128 0xe
 283 003b 3A       		.uleb128 0x3a
 284 003c 0B       		.uleb128 0xb
 285 003d 3B       		.uleb128 0x3b
 286 003e 05       		.uleb128 0x5
 287 003f 49       		.uleb128 0x49
 288 0040 13       		.uleb128 0x13
 289 0041 00       		.byte	0
 290 0042 00       		.byte	0
 291 0043 06       		.uleb128 0x6
 292 0044 0F       		.uleb128 0xf
 293 0045 00       		.byte	0
 294 0046 0B       		.uleb128 0xb
 295 0047 0B       		.uleb128 0xb
 296 0048 49       		.uleb128 0x49
ARM GAS  C:\Users\fneves\AppData\Local\Temp\ccXhJ170.s 			page 8


 297 0049 13       		.uleb128 0x13
 298 004a 00       		.byte	0
 299 004b 00       		.byte	0
 300 004c 07       		.uleb128 0x7
 301 004d 2E       		.uleb128 0x2e
 302 004e 01       		.byte	0x1
 303 004f 3F       		.uleb128 0x3f
 304 0050 19       		.uleb128 0x19
 305 0051 03       		.uleb128 0x3
 306 0052 0E       		.uleb128 0xe
 307 0053 3A       		.uleb128 0x3a
 308 0054 0B       		.uleb128 0xb
 309 0055 3B       		.uleb128 0x3b
 310 0056 0B       		.uleb128 0xb
 311 0057 27       		.uleb128 0x27
 312 0058 19       		.uleb128 0x19
 313 0059 11       		.uleb128 0x11
 314 005a 01       		.uleb128 0x1
 315 005b 12       		.uleb128 0x12
 316 005c 06       		.uleb128 0x6
 317 005d 40       		.uleb128 0x40
 318 005e 18       		.uleb128 0x18
 319 005f 9742     		.uleb128 0x2117
 320 0061 19       		.uleb128 0x19
 321 0062 00       		.byte	0
 322 0063 00       		.byte	0
 323 0064 08       		.uleb128 0x8
 324 0065 05       		.uleb128 0x5
 325 0066 00       		.byte	0
 326 0067 03       		.uleb128 0x3
 327 0068 0E       		.uleb128 0xe
 328 0069 3A       		.uleb128 0x3a
 329 006a 0B       		.uleb128 0xb
 330 006b 3B       		.uleb128 0x3b
 331 006c 0B       		.uleb128 0xb
 332 006d 49       		.uleb128 0x49
 333 006e 13       		.uleb128 0x13
 334 006f 02       		.uleb128 0x2
 335 0070 18       		.uleb128 0x18
 336 0071 00       		.byte	0
 337 0072 00       		.byte	0
 338 0073 09       		.uleb128 0x9
 339 0074 34       		.uleb128 0x34
 340 0075 00       		.byte	0
 341 0076 03       		.uleb128 0x3
 342 0077 0E       		.uleb128 0xe
 343 0078 3A       		.uleb128 0x3a
 344 0079 0B       		.uleb128 0xb
 345 007a 3B       		.uleb128 0x3b
 346 007b 0B       		.uleb128 0xb
 347 007c 49       		.uleb128 0x49
 348 007d 13       		.uleb128 0x13
 349 007e 02       		.uleb128 0x2
 350 007f 18       		.uleb128 0x18
 351 0080 00       		.byte	0
 352 0081 00       		.byte	0
 353 0082 00       		.byte	0
ARM GAS  C:\Users\fneves\AppData\Local\Temp\ccXhJ170.s 			page 9


 354              		.section	.debug_aranges,"",%progbits
 355 0000 1C000000 		.4byte	0x1c
 356 0004 0200     		.2byte	0x2
 357 0006 00000000 		.4byte	.Ldebug_info0
 358 000a 04       		.byte	0x4
 359 000b 00       		.byte	0
 360 000c 0000     		.2byte	0
 361 000e 0000     		.2byte	0
 362 0010 00000000 		.4byte	.LFB82
 363 0014 38000000 		.4byte	.LFE82-.LFB82
 364 0018 00000000 		.4byte	0
 365 001c 00000000 		.4byte	0
 366              		.section	.debug_ranges,"",%progbits
 367              	.Ldebug_ranges0:
 368 0000 00000000 		.4byte	.LFB82
 369 0004 38000000 		.4byte	.LFE82
 370 0008 00000000 		.4byte	0
 371 000c 00000000 		.4byte	0
 372              		.section	.debug_line,"",%progbits
 373              	.Ldebug_line0:
 374 0000 6D010000 		.section	.debug_str,"MS",%progbits,1
 374      02004C01 
 374      00000201 
 374      FB0E0D00 
 374      01010101 
 375              	.LASF8:
 376 0000 6C6F6E67 		.ascii	"long long int\000"
 376      206C6F6E 
 376      6720696E 
 376      7400
 377              	.LASF10:
 378 000e 756E7369 		.ascii	"unsigned int\000"
 378      676E6564 
 378      20696E74 
 378      00
 379              	.LASF20:
 380 001b 70447374 		.ascii	"pDst\000"
 380      00
 381              	.LASF6:
 382 0020 5F5F7569 		.ascii	"__uint32_t\000"
 382      6E743332 
 382      5F7400
 383              	.LASF25:
 384 002b 61726D5F 		.ascii	"arm_fill_q7\000"
 384      66696C6C 
 384      5F713700 
 385              	.LASF23:
 386 0037 536F7572 		.ascii	"Source\\SupportFunctions\\arm_fill_q7.c\000"
 386      63655C53 
 386      7570706F 
 386      72744675 
 386      6E637469 
 387              	.LASF7:
 388 005d 6C6F6E67 		.ascii	"long unsigned int\000"
 388      20756E73 
 388      69676E65 
 388      6420696E 
ARM GAS  C:\Users\fneves\AppData\Local\Temp\ccXhJ170.s 			page 10


 388      7400
 389              	.LASF9:
 390 006f 6C6F6E67 		.ascii	"long long unsigned int\000"
 390      206C6F6E 
 390      6720756E 
 390      7369676E 
 390      65642069 
 391              	.LASF16:
 392 0086 666C6F61 		.ascii	"float\000"
 392      7400
 393              	.LASF21:
 394 008c 626C6F63 		.ascii	"blockSize\000"
 394      6B53697A 
 394      6500
 395              	.LASF1:
 396 0096 756E7369 		.ascii	"unsigned char\000"
 396      676E6564 
 396      20636861 
 396      7200
 397              	.LASF14:
 398 00a4 63686172 		.ascii	"char\000"
 398      00
 399              	.LASF12:
 400 00a9 75696E74 		.ascii	"uint32_t\000"
 400      33325F74 
 400      00
 401              	.LASF4:
 402 00b2 6C6F6E67 		.ascii	"long int\000"
 402      20696E74 
 402      00
 403              	.LASF13:
 404 00bb 73697A65 		.ascii	"sizetype\000"
 404      74797065 
 404      00
 405              	.LASF11:
 406 00c4 696E7438 		.ascii	"int8_t\000"
 406      5F7400
 407              	.LASF15:
 408 00cb 646F7562 		.ascii	"double\000"
 408      6C6500
 409              	.LASF26:
 410 00d2 626C6B43 		.ascii	"blkCnt\000"
 410      6E7400
 411              	.LASF5:
 412 00d9 5F5F696E 		.ascii	"__int8_t\000"
 412      74385F74 
 412      00
 413              	.LASF3:
 414 00e2 73686F72 		.ascii	"short unsigned int\000"
 414      7420756E 
 414      7369676E 
 414      65642069 
 414      6E7400
 415              	.LASF0:
 416 00f5 7369676E 		.ascii	"signed char\000"
 416      65642063 
 416      68617200 
ARM GAS  C:\Users\fneves\AppData\Local\Temp\ccXhJ170.s 			page 11


 417              	.LASF17:
 418 0101 6C6F6E67 		.ascii	"long double\000"
 418      20646F75 
 418      626C6500 
 419              	.LASF24:
 420 010d 433A5C55 		.ascii	"C:\\Users\\fneves\\Documents\\PSoC Creator\\wp_1\\e"
 420      73657273 
 420      5C666E65 
 420      7665735C 
 420      446F6375 
 421 013a 6E67696E 		.ascii	"ngine_speed_sensor.cydsn\000"
 421      655F7370 
 421      6565645F 
 421      73656E73 
 421      6F722E63 
 422              	.LASF19:
 423 0153 76616C75 		.ascii	"value\000"
 423      6500
 424              	.LASF2:
 425 0159 73686F72 		.ascii	"short int\000"
 425      7420696E 
 425      7400
 426              	.LASF22:
 427 0163 474E5520 		.ascii	"GNU C 4.9.3 20150303 (release) [ARM/embedded-4_9-br"
 427      4320342E 
 427      392E3320 
 427      32303135 
 427      30333033 
 428 0196 616E6368 		.ascii	"anch revision 221220] -mcpu=cortex-m0plus -mthumb -"
 428      20726576 
 428      6973696F 
 428      6E203232 
 428      31323230 
 429 01c9 67202D4F 		.ascii	"g -O0 -ffunction-sections -ffat-lto-objects\000"
 429      30202D66 
 429      66756E63 
 429      74696F6E 
 429      2D736563 
 430              	.LASF18:
 431 01f5 71375F74 		.ascii	"q7_t\000"
 431      00
 432              		.ident	"GCC: (GNU Tools for ARM Embedded Processors) 4.9.3 20150303 (release) [ARM/embedded-4_9-br
