ARM GAS  C:\Users\fneves\AppData\Local\Temp\ccn7Vl8i.s 			page 1


   1              		.cpu cortex-m0plus
   2              		.fpu softvfp
   3              		.eabi_attribute 20, 1
   4              		.eabi_attribute 21, 1
   5              		.eabi_attribute 23, 3
   6              		.eabi_attribute 24, 1
   7              		.eabi_attribute 25, 1
   8              		.eabi_attribute 26, 1
   9              		.eabi_attribute 30, 6
  10              		.eabi_attribute 34, 0
  11              		.eabi_attribute 18, 4
  12              		.code	16
  13              		.file	"arm_max_q7.c"
  14              		.text
  15              	.Ltext0:
  16              		.cfi_sections	.debug_frame
  17              		.section	.text.arm_max_q7,"ax",%progbits
  18              		.align	2
  19              		.global	arm_max_q7
  20              		.code	16
  21              		.thumb_func
  22              		.type	arm_max_q7, %function
  23              	arm_max_q7:
  24              	.LFB82:
  25              		.file 1 "Source\\StatisticsFunctions\\arm_max_q7.c"
   1:Source\StatisticsFunctions/arm_max_q7.c **** /* ----------------------------------------------------------------------
   2:Source\StatisticsFunctions/arm_max_q7.c ****  * Project:      CMSIS DSP Library
   3:Source\StatisticsFunctions/arm_max_q7.c ****  * Title:        arm_max_q7.c
   4:Source\StatisticsFunctions/arm_max_q7.c ****  * Description:  Maximum value of a Q7 vector
   5:Source\StatisticsFunctions/arm_max_q7.c ****  *
   6:Source\StatisticsFunctions/arm_max_q7.c ****  * $Date:        27. January 2017
   7:Source\StatisticsFunctions/arm_max_q7.c ****  * $Revision:    V.1.5.1
   8:Source\StatisticsFunctions/arm_max_q7.c ****  *
   9:Source\StatisticsFunctions/arm_max_q7.c ****  * Target Processor: Cortex-M cores
  10:Source\StatisticsFunctions/arm_max_q7.c ****  * -------------------------------------------------------------------- */
  11:Source\StatisticsFunctions/arm_max_q7.c **** /*
  12:Source\StatisticsFunctions/arm_max_q7.c ****  * Copyright (C) 2010-2017 ARM Limited or its affiliates. All rights reserved.
  13:Source\StatisticsFunctions/arm_max_q7.c ****  *
  14:Source\StatisticsFunctions/arm_max_q7.c ****  * SPDX-License-Identifier: Apache-2.0
  15:Source\StatisticsFunctions/arm_max_q7.c ****  *
  16:Source\StatisticsFunctions/arm_max_q7.c ****  * Licensed under the Apache License, Version 2.0 (the License); you may
  17:Source\StatisticsFunctions/arm_max_q7.c ****  * not use this file except in compliance with the License.
  18:Source\StatisticsFunctions/arm_max_q7.c ****  * You may obtain a copy of the License at
  19:Source\StatisticsFunctions/arm_max_q7.c ****  *
  20:Source\StatisticsFunctions/arm_max_q7.c ****  * www.apache.org/licenses/LICENSE-2.0
  21:Source\StatisticsFunctions/arm_max_q7.c ****  *
  22:Source\StatisticsFunctions/arm_max_q7.c ****  * Unless required by applicable law or agreed to in writing, software
  23:Source\StatisticsFunctions/arm_max_q7.c ****  * distributed under the License is distributed on an AS IS BASIS, WITHOUT
  24:Source\StatisticsFunctions/arm_max_q7.c ****  * WARRANTIES OR CONDITIONS OF ANY KIND, either express or implied.
  25:Source\StatisticsFunctions/arm_max_q7.c ****  * See the License for the specific language governing permissions and
  26:Source\StatisticsFunctions/arm_max_q7.c ****  * limitations under the License.
  27:Source\StatisticsFunctions/arm_max_q7.c ****  */
  28:Source\StatisticsFunctions/arm_max_q7.c **** 
  29:Source\StatisticsFunctions/arm_max_q7.c **** #include "arm_math.h"
  30:Source\StatisticsFunctions/arm_max_q7.c **** 
  31:Source\StatisticsFunctions/arm_max_q7.c **** /**
  32:Source\StatisticsFunctions/arm_max_q7.c ****  * @ingroup groupStats
ARM GAS  C:\Users\fneves\AppData\Local\Temp\ccn7Vl8i.s 			page 2


  33:Source\StatisticsFunctions/arm_max_q7.c ****  */
  34:Source\StatisticsFunctions/arm_max_q7.c **** 
  35:Source\StatisticsFunctions/arm_max_q7.c **** /**
  36:Source\StatisticsFunctions/arm_max_q7.c ****  * @addtogroup Max
  37:Source\StatisticsFunctions/arm_max_q7.c ****  * @{
  38:Source\StatisticsFunctions/arm_max_q7.c ****  */
  39:Source\StatisticsFunctions/arm_max_q7.c **** 
  40:Source\StatisticsFunctions/arm_max_q7.c **** 
  41:Source\StatisticsFunctions/arm_max_q7.c **** /**
  42:Source\StatisticsFunctions/arm_max_q7.c ****  * @brief Maximum value of a Q7 vector.
  43:Source\StatisticsFunctions/arm_max_q7.c ****  * @param[in]       *pSrc points to the input vector
  44:Source\StatisticsFunctions/arm_max_q7.c ****  * @param[in]       blockSize length of the input vector
  45:Source\StatisticsFunctions/arm_max_q7.c ****  * @param[out]      *pResult maximum value returned here
  46:Source\StatisticsFunctions/arm_max_q7.c ****  * @param[out]      *pIndex index of maximum value returned here
  47:Source\StatisticsFunctions/arm_max_q7.c ****  * @return none.
  48:Source\StatisticsFunctions/arm_max_q7.c ****  */
  49:Source\StatisticsFunctions/arm_max_q7.c **** 
  50:Source\StatisticsFunctions/arm_max_q7.c **** void arm_max_q7(
  51:Source\StatisticsFunctions/arm_max_q7.c ****   q7_t * pSrc,
  52:Source\StatisticsFunctions/arm_max_q7.c ****   uint32_t blockSize,
  53:Source\StatisticsFunctions/arm_max_q7.c ****   q7_t * pResult,
  54:Source\StatisticsFunctions/arm_max_q7.c ****   uint32_t * pIndex)
  55:Source\StatisticsFunctions/arm_max_q7.c **** {
  26              		.loc 1 55 0
  27              		.cfi_startproc
  28 0000 80B5     		push	{r7, lr}
  29              		.cfi_def_cfa_offset 8
  30              		.cfi_offset 7, -8
  31              		.cfi_offset 14, -4
  32 0002 88B0     		sub	sp, sp, #32
  33              		.cfi_def_cfa_offset 40
  34 0004 00AF     		add	r7, sp, #0
  35              		.cfi_def_cfa_register 7
  36 0006 F860     		str	r0, [r7, #12]
  37 0008 B960     		str	r1, [r7, #8]
  38 000a 7A60     		str	r2, [r7, #4]
  39 000c 3B60     		str	r3, [r7]
  56:Source\StatisticsFunctions/arm_max_q7.c **** #if defined (ARM_MATH_DSP)
  57:Source\StatisticsFunctions/arm_max_q7.c ****   /* Run the below code for Cortex-M4 and Cortex-M3 */
  58:Source\StatisticsFunctions/arm_max_q7.c **** 
  59:Source\StatisticsFunctions/arm_max_q7.c ****   q7_t maxVal1, maxVal2, out;                    /* Temporary variables to store the output value. 
  60:Source\StatisticsFunctions/arm_max_q7.c ****   uint32_t blkCnt, outIndex, count;              /* loop counter */
  61:Source\StatisticsFunctions/arm_max_q7.c **** 
  62:Source\StatisticsFunctions/arm_max_q7.c ****   /* Initialise the count value. */
  63:Source\StatisticsFunctions/arm_max_q7.c ****   count = 0u;
  64:Source\StatisticsFunctions/arm_max_q7.c ****   /* Initialise the index value to zero. */
  65:Source\StatisticsFunctions/arm_max_q7.c ****   outIndex = 0u;
  66:Source\StatisticsFunctions/arm_max_q7.c ****   /* Load first input value that act as reference value for comparision */
  67:Source\StatisticsFunctions/arm_max_q7.c ****   out = *pSrc++;
  68:Source\StatisticsFunctions/arm_max_q7.c **** 
  69:Source\StatisticsFunctions/arm_max_q7.c ****   /* Loop unrolling */
  70:Source\StatisticsFunctions/arm_max_q7.c ****   blkCnt = (blockSize - 1u) >> 2u;
  71:Source\StatisticsFunctions/arm_max_q7.c **** 
  72:Source\StatisticsFunctions/arm_max_q7.c ****   while (blkCnt > 0u)
  73:Source\StatisticsFunctions/arm_max_q7.c ****   {
  74:Source\StatisticsFunctions/arm_max_q7.c ****     /* Initialize maxVal to the next consecutive values one by one */
  75:Source\StatisticsFunctions/arm_max_q7.c ****     maxVal1 = *pSrc++;
ARM GAS  C:\Users\fneves\AppData\Local\Temp\ccn7Vl8i.s 			page 3


  76:Source\StatisticsFunctions/arm_max_q7.c ****     maxVal2 = *pSrc++;
  77:Source\StatisticsFunctions/arm_max_q7.c **** 
  78:Source\StatisticsFunctions/arm_max_q7.c ****     /* compare for the maximum value */
  79:Source\StatisticsFunctions/arm_max_q7.c ****     if (out < maxVal1)
  80:Source\StatisticsFunctions/arm_max_q7.c ****     {
  81:Source\StatisticsFunctions/arm_max_q7.c ****       /* Update the maximum value and its index */
  82:Source\StatisticsFunctions/arm_max_q7.c ****       out = maxVal1;
  83:Source\StatisticsFunctions/arm_max_q7.c ****       outIndex = count + 1u;
  84:Source\StatisticsFunctions/arm_max_q7.c ****     }
  85:Source\StatisticsFunctions/arm_max_q7.c **** 
  86:Source\StatisticsFunctions/arm_max_q7.c ****     /* compare for the maximum value */
  87:Source\StatisticsFunctions/arm_max_q7.c ****     if (out < maxVal2)
  88:Source\StatisticsFunctions/arm_max_q7.c ****     {
  89:Source\StatisticsFunctions/arm_max_q7.c ****       /* Update the maximum value and its index */
  90:Source\StatisticsFunctions/arm_max_q7.c ****       out = maxVal2;
  91:Source\StatisticsFunctions/arm_max_q7.c ****       outIndex = count + 2u;
  92:Source\StatisticsFunctions/arm_max_q7.c ****     }
  93:Source\StatisticsFunctions/arm_max_q7.c **** 
  94:Source\StatisticsFunctions/arm_max_q7.c ****     /* Initialize maxVal to the next consecutive values one by one */
  95:Source\StatisticsFunctions/arm_max_q7.c ****     maxVal1 = *pSrc++;
  96:Source\StatisticsFunctions/arm_max_q7.c ****     maxVal2 = *pSrc++;
  97:Source\StatisticsFunctions/arm_max_q7.c **** 
  98:Source\StatisticsFunctions/arm_max_q7.c ****     /* compare for the maximum value */
  99:Source\StatisticsFunctions/arm_max_q7.c ****     if (out < maxVal1)
 100:Source\StatisticsFunctions/arm_max_q7.c ****     {
 101:Source\StatisticsFunctions/arm_max_q7.c ****       /* Update the maximum value and its index */
 102:Source\StatisticsFunctions/arm_max_q7.c ****       out = maxVal1;
 103:Source\StatisticsFunctions/arm_max_q7.c ****       outIndex = count + 3u;
 104:Source\StatisticsFunctions/arm_max_q7.c ****     }
 105:Source\StatisticsFunctions/arm_max_q7.c **** 
 106:Source\StatisticsFunctions/arm_max_q7.c ****     /* compare for the maximum value */
 107:Source\StatisticsFunctions/arm_max_q7.c ****     if (out < maxVal2)
 108:Source\StatisticsFunctions/arm_max_q7.c ****     {
 109:Source\StatisticsFunctions/arm_max_q7.c ****       /* Update the maximum value and its index */
 110:Source\StatisticsFunctions/arm_max_q7.c ****       out = maxVal2;
 111:Source\StatisticsFunctions/arm_max_q7.c ****       outIndex = count + 4u;
 112:Source\StatisticsFunctions/arm_max_q7.c ****     }
 113:Source\StatisticsFunctions/arm_max_q7.c **** 
 114:Source\StatisticsFunctions/arm_max_q7.c ****     count += 4u;
 115:Source\StatisticsFunctions/arm_max_q7.c **** 
 116:Source\StatisticsFunctions/arm_max_q7.c ****     /* Decrement the loop counter */
 117:Source\StatisticsFunctions/arm_max_q7.c ****     blkCnt--;
 118:Source\StatisticsFunctions/arm_max_q7.c ****   }
 119:Source\StatisticsFunctions/arm_max_q7.c **** 
 120:Source\StatisticsFunctions/arm_max_q7.c ****   /* if (blockSize - 1u) is not multiple of 4 */
 121:Source\StatisticsFunctions/arm_max_q7.c ****   blkCnt = (blockSize - 1u) % 4u;
 122:Source\StatisticsFunctions/arm_max_q7.c **** 
 123:Source\StatisticsFunctions/arm_max_q7.c **** #else
 124:Source\StatisticsFunctions/arm_max_q7.c ****   /* Run the below code for Cortex-M0 */
 125:Source\StatisticsFunctions/arm_max_q7.c **** 
 126:Source\StatisticsFunctions/arm_max_q7.c ****   q7_t maxVal1, out;                             /* Temporary variables to store the output value. 
 127:Source\StatisticsFunctions/arm_max_q7.c ****   uint32_t blkCnt, outIndex;                     /* loop counter */
 128:Source\StatisticsFunctions/arm_max_q7.c **** 
 129:Source\StatisticsFunctions/arm_max_q7.c ****   /* Initialise the index value to zero. */
 130:Source\StatisticsFunctions/arm_max_q7.c ****   outIndex = 0u;
  40              		.loc 1 130 0
  41 000e 0023     		mov	r3, #0
ARM GAS  C:\Users\fneves\AppData\Local\Temp\ccn7Vl8i.s 			page 4


  42 0010 7B61     		str	r3, [r7, #20]
 131:Source\StatisticsFunctions/arm_max_q7.c ****   /* Load first input value that act as reference value for comparision */
 132:Source\StatisticsFunctions/arm_max_q7.c ****   out = *pSrc++;
  43              		.loc 1 132 0
  44 0012 FB68     		ldr	r3, [r7, #12]
  45 0014 5A1C     		add	r2, r3, #1
  46 0016 FA60     		str	r2, [r7, #12]
  47 0018 1F22     		mov	r2, #31
  48 001a BA18     		add	r2, r7, r2
  49 001c 1B78     		ldrb	r3, [r3]
  50 001e 1370     		strb	r3, [r2]
 133:Source\StatisticsFunctions/arm_max_q7.c **** 
 134:Source\StatisticsFunctions/arm_max_q7.c ****   blkCnt = (blockSize - 1u);
  51              		.loc 1 134 0
  52 0020 BB68     		ldr	r3, [r7, #8]
  53 0022 013B     		sub	r3, r3, #1
  54 0024 BB61     		str	r3, [r7, #24]
 135:Source\StatisticsFunctions/arm_max_q7.c **** 
 136:Source\StatisticsFunctions/arm_max_q7.c **** #endif /* #if defined (ARM_MATH_DSP) */
 137:Source\StatisticsFunctions/arm_max_q7.c **** 
 138:Source\StatisticsFunctions/arm_max_q7.c ****   while (blkCnt > 0u)
  55              		.loc 1 138 0
  56 0026 1DE0     		b	.L2
  57              	.L4:
 139:Source\StatisticsFunctions/arm_max_q7.c ****   {
 140:Source\StatisticsFunctions/arm_max_q7.c ****     /* Initialize maxVal to the next consecutive values one by one */
 141:Source\StatisticsFunctions/arm_max_q7.c ****     maxVal1 = *pSrc++;
  58              		.loc 1 141 0
  59 0028 FB68     		ldr	r3, [r7, #12]
  60 002a 5A1C     		add	r2, r3, #1
  61 002c FA60     		str	r2, [r7, #12]
  62 002e 1322     		mov	r2, #19
  63 0030 BA18     		add	r2, r7, r2
  64 0032 1B78     		ldrb	r3, [r3]
  65 0034 1370     		strb	r3, [r2]
 142:Source\StatisticsFunctions/arm_max_q7.c **** 
 143:Source\StatisticsFunctions/arm_max_q7.c ****     /* compare for the maximum value */
 144:Source\StatisticsFunctions/arm_max_q7.c ****     if (out < maxVal1)
  66              		.loc 1 144 0
  67 0036 1F23     		mov	r3, #31
  68 0038 FA18     		add	r2, r7, r3
  69 003a 1323     		mov	r3, #19
  70 003c FB18     		add	r3, r7, r3
  71 003e 1278     		ldrb	r2, [r2]
  72 0040 52B2     		sxtb	r2, r2
  73 0042 1B78     		ldrb	r3, [r3]
  74 0044 5BB2     		sxtb	r3, r3
  75 0046 9A42     		cmp	r2, r3
  76 0048 09DA     		bge	.L3
 145:Source\StatisticsFunctions/arm_max_q7.c ****     {
 146:Source\StatisticsFunctions/arm_max_q7.c ****       /* Update the maximum value and it's index */
 147:Source\StatisticsFunctions/arm_max_q7.c ****       out = maxVal1;
  77              		.loc 1 147 0
  78 004a 1F23     		mov	r3, #31
  79 004c FB18     		add	r3, r7, r3
  80 004e 1322     		mov	r2, #19
  81 0050 BA18     		add	r2, r7, r2
ARM GAS  C:\Users\fneves\AppData\Local\Temp\ccn7Vl8i.s 			page 5


  82 0052 1278     		ldrb	r2, [r2]
  83 0054 1A70     		strb	r2, [r3]
 148:Source\StatisticsFunctions/arm_max_q7.c ****       outIndex = blockSize - blkCnt;
  84              		.loc 1 148 0
  85 0056 BA68     		ldr	r2, [r7, #8]
  86 0058 BB69     		ldr	r3, [r7, #24]
  87 005a D31A     		sub	r3, r2, r3
  88 005c 7B61     		str	r3, [r7, #20]
  89              	.L3:
 149:Source\StatisticsFunctions/arm_max_q7.c ****     }
 150:Source\StatisticsFunctions/arm_max_q7.c **** 
 151:Source\StatisticsFunctions/arm_max_q7.c ****     /* Decrement the loop counter */
 152:Source\StatisticsFunctions/arm_max_q7.c ****     blkCnt--;
  90              		.loc 1 152 0
  91 005e BB69     		ldr	r3, [r7, #24]
  92 0060 013B     		sub	r3, r3, #1
  93 0062 BB61     		str	r3, [r7, #24]
  94              	.L2:
 138:Source\StatisticsFunctions/arm_max_q7.c ****   {
  95              		.loc 1 138 0
  96 0064 BB69     		ldr	r3, [r7, #24]
  97 0066 002B     		cmp	r3, #0
  98 0068 DED1     		bne	.L4
 153:Source\StatisticsFunctions/arm_max_q7.c ****   }
 154:Source\StatisticsFunctions/arm_max_q7.c **** 
 155:Source\StatisticsFunctions/arm_max_q7.c ****   /* Store the maximum value and it's index into destination pointers */
 156:Source\StatisticsFunctions/arm_max_q7.c ****   *pResult = out;
  99              		.loc 1 156 0
 100 006a 7B68     		ldr	r3, [r7, #4]
 101 006c 1F22     		mov	r2, #31
 102 006e BA18     		add	r2, r7, r2
 103 0070 1278     		ldrb	r2, [r2]
 104 0072 1A70     		strb	r2, [r3]
 157:Source\StatisticsFunctions/arm_max_q7.c ****   *pIndex = outIndex;
 105              		.loc 1 157 0
 106 0074 3B68     		ldr	r3, [r7]
 107 0076 7A69     		ldr	r2, [r7, #20]
 108 0078 1A60     		str	r2, [r3]
 158:Source\StatisticsFunctions/arm_max_q7.c **** }
 109              		.loc 1 158 0
 110 007a BD46     		mov	sp, r7
 111 007c 08B0     		add	sp, sp, #32
 112              		@ sp needed
 113 007e 80BD     		pop	{r7, pc}
 114              		.cfi_endproc
 115              	.LFE82:
 116              		.size	arm_max_q7, .-arm_max_q7
 117              		.text
 118              	.Letext0:
 119              		.file 2 "c:\\program files (x86)\\cypress\\psoc creator\\4.0\\psoc creator\\import\\gnu\\arm\\4.9.
 120              		.file 3 "c:\\program files (x86)\\cypress\\psoc creator\\4.0\\psoc creator\\import\\gnu\\arm\\4.9.
 121              		.file 4 ".\\Include/arm_math.h"
 122              		.section	.debug_info,"",%progbits
 123              	.Ldebug_info0:
 124 0000 55010000 		.4byte	0x155
 125 0004 0400     		.2byte	0x4
 126 0006 00000000 		.4byte	.Ldebug_abbrev0
ARM GAS  C:\Users\fneves\AppData\Local\Temp\ccn7Vl8i.s 			page 6


 127 000a 04       		.byte	0x4
 128 000b 01       		.uleb128 0x1
 129 000c F4000000 		.4byte	.LASF26
 130 0010 01       		.byte	0x1
 131 0011 86010000 		.4byte	.LASF27
 132 0015 12000000 		.4byte	.LASF28
 133 0019 00000000 		.4byte	.Ldebug_ranges0+0
 134 001d 00000000 		.4byte	0
 135 0021 00000000 		.4byte	.Ldebug_line0
 136 0025 02       		.uleb128 0x2
 137 0026 09000000 		.4byte	.LASF5
 138 002a 02       		.byte	0x2
 139 002b 1B       		.byte	0x1b
 140 002c 30000000 		.4byte	0x30
 141 0030 03       		.uleb128 0x3
 142 0031 01       		.byte	0x1
 143 0032 06       		.byte	0x6
 144 0033 FC010000 		.4byte	.LASF0
 145 0037 03       		.uleb128 0x3
 146 0038 01       		.byte	0x1
 147 0039 08       		.byte	0x8
 148 003a 65000000 		.4byte	.LASF1
 149 003e 03       		.uleb128 0x3
 150 003f 02       		.byte	0x2
 151 0040 05       		.byte	0x5
 152 0041 D4010000 		.4byte	.LASF2
 153 0045 03       		.uleb128 0x3
 154 0046 02       		.byte	0x2
 155 0047 07       		.byte	0x7
 156 0048 8C000000 		.4byte	.LASF3
 157 004c 03       		.uleb128 0x3
 158 004d 04       		.byte	0x4
 159 004e 05       		.byte	0x5
 160 004f E7010000 		.4byte	.LASF4
 161 0053 02       		.uleb128 0x2
 162 0054 AE000000 		.4byte	.LASF6
 163 0058 02       		.byte	0x2
 164 0059 41       		.byte	0x41
 165 005a 5E000000 		.4byte	0x5e
 166 005e 03       		.uleb128 0x3
 167 005f 04       		.byte	0x4
 168 0060 07       		.byte	0x7
 169 0061 7A000000 		.4byte	.LASF7
 170 0065 03       		.uleb128 0x3
 171 0066 08       		.byte	0x8
 172 0067 05       		.byte	0x5
 173 0068 B7010000 		.4byte	.LASF8
 174 006c 03       		.uleb128 0x3
 175 006d 08       		.byte	0x8
 176 006e 07       		.byte	0x7
 177 006f DD000000 		.4byte	.LASF9
 178 0073 04       		.uleb128 0x4
 179 0074 04       		.byte	0x4
 180 0075 05       		.byte	0x5
 181 0076 696E7400 		.ascii	"int\000"
 182 007a 03       		.uleb128 0x3
 183 007b 04       		.byte	0x4
ARM GAS  C:\Users\fneves\AppData\Local\Temp\ccn7Vl8i.s 			page 7


 184 007c 07       		.byte	0x7
 185 007d C9000000 		.4byte	.LASF10
 186 0081 02       		.uleb128 0x2
 187 0082 58000000 		.4byte	.LASF11
 188 0086 03       		.byte	0x3
 189 0087 14       		.byte	0x14
 190 0088 25000000 		.4byte	0x25
 191 008c 02       		.uleb128 0x2
 192 008d DE010000 		.4byte	.LASF12
 193 0091 03       		.byte	0x3
 194 0092 2D       		.byte	0x2d
 195 0093 53000000 		.4byte	0x53
 196 0097 03       		.uleb128 0x3
 197 0098 04       		.byte	0x4
 198 0099 07       		.byte	0x7
 199 009a AE010000 		.4byte	.LASF13
 200 009e 03       		.uleb128 0x3
 201 009f 01       		.byte	0x1
 202 00a0 08       		.byte	0x8
 203 00a1 CF010000 		.4byte	.LASF14
 204 00a5 03       		.uleb128 0x3
 205 00a6 08       		.byte	0x8
 206 00a7 04       		.byte	0x4
 207 00a8 A7000000 		.4byte	.LASF15
 208 00ac 03       		.uleb128 0x3
 209 00ad 04       		.byte	0x4
 210 00ae 04       		.byte	0x4
 211 00af 5F000000 		.4byte	.LASF16
 212 00b3 03       		.uleb128 0x3
 213 00b4 08       		.byte	0x8
 214 00b5 04       		.byte	0x4
 215 00b6 F0010000 		.4byte	.LASF17
 216 00ba 05       		.uleb128 0x5
 217 00bb C4000000 		.4byte	.LASF18
 218 00bf 04       		.byte	0x4
 219 00c0 9101     		.2byte	0x191
 220 00c2 81000000 		.4byte	0x81
 221 00c6 06       		.uleb128 0x6
 222 00c7 04       		.byte	0x4
 223 00c8 BA000000 		.4byte	0xba
 224 00cc 07       		.uleb128 0x7
 225 00cd B9000000 		.4byte	.LASF29
 226 00d1 01       		.byte	0x1
 227 00d2 32       		.byte	0x32
 228 00d3 00000000 		.4byte	.LFB82
 229 00d7 80000000 		.4byte	.LFE82-.LFB82
 230 00db 01       		.uleb128 0x1
 231 00dc 9C       		.byte	0x9c
 232 00dd 52010000 		.4byte	0x152
 233 00e1 08       		.uleb128 0x8
 234 00e2 08020000 		.4byte	.LASF19
 235 00e6 01       		.byte	0x1
 236 00e7 33       		.byte	0x33
 237 00e8 C6000000 		.4byte	0xc6
 238 00ec 02       		.uleb128 0x2
 239 00ed 91       		.byte	0x91
 240 00ee 64       		.sleb128 -28
ARM GAS  C:\Users\fneves\AppData\Local\Temp\ccn7Vl8i.s 			page 8


 241 00ef 08       		.uleb128 0x8
 242 00f0 C5010000 		.4byte	.LASF20
 243 00f4 01       		.byte	0x1
 244 00f5 34       		.byte	0x34
 245 00f6 8C000000 		.4byte	0x8c
 246 00fa 02       		.uleb128 0x2
 247 00fb 91       		.byte	0x91
 248 00fc 60       		.sleb128 -32
 249 00fd 08       		.uleb128 0x8
 250 00fe 9F000000 		.4byte	.LASF21
 251 0102 01       		.byte	0x1
 252 0103 35       		.byte	0x35
 253 0104 C6000000 		.4byte	0xc6
 254 0108 02       		.uleb128 0x2
 255 0109 91       		.byte	0x91
 256 010a 5C       		.sleb128 -36
 257 010b 08       		.uleb128 0x8
 258 010c D6000000 		.4byte	.LASF22
 259 0110 01       		.byte	0x1
 260 0111 36       		.byte	0x36
 261 0112 52010000 		.4byte	0x152
 262 0116 02       		.uleb128 0x2
 263 0117 91       		.byte	0x91
 264 0118 58       		.sleb128 -40
 265 0119 09       		.uleb128 0x9
 266 011a 0D020000 		.4byte	.LASF23
 267 011e 01       		.byte	0x1
 268 011f 7E       		.byte	0x7e
 269 0120 BA000000 		.4byte	0xba
 270 0124 02       		.uleb128 0x2
 271 0125 91       		.byte	0x91
 272 0126 6B       		.sleb128 -21
 273 0127 0A       		.uleb128 0xa
 274 0128 6F757400 		.ascii	"out\000"
 275 012c 01       		.byte	0x1
 276 012d 7E       		.byte	0x7e
 277 012e BA000000 		.4byte	0xba
 278 0132 02       		.uleb128 0x2
 279 0133 91       		.byte	0x91
 280 0134 77       		.sleb128 -9
 281 0135 09       		.uleb128 0x9
 282 0136 73000000 		.4byte	.LASF24
 283 013a 01       		.byte	0x1
 284 013b 7F       		.byte	0x7f
 285 013c 8C000000 		.4byte	0x8c
 286 0140 02       		.uleb128 0x2
 287 0141 91       		.byte	0x91
 288 0142 70       		.sleb128 -16
 289 0143 09       		.uleb128 0x9
 290 0144 00000000 		.4byte	.LASF25
 291 0148 01       		.byte	0x1
 292 0149 7F       		.byte	0x7f
 293 014a 8C000000 		.4byte	0x8c
 294 014e 02       		.uleb128 0x2
 295 014f 91       		.byte	0x91
 296 0150 6C       		.sleb128 -20
 297 0151 00       		.byte	0
ARM GAS  C:\Users\fneves\AppData\Local\Temp\ccn7Vl8i.s 			page 9


 298 0152 06       		.uleb128 0x6
 299 0153 04       		.byte	0x4
 300 0154 8C000000 		.4byte	0x8c
 301 0158 00       		.byte	0
 302              		.section	.debug_abbrev,"",%progbits
 303              	.Ldebug_abbrev0:
 304 0000 01       		.uleb128 0x1
 305 0001 11       		.uleb128 0x11
 306 0002 01       		.byte	0x1
 307 0003 25       		.uleb128 0x25
 308 0004 0E       		.uleb128 0xe
 309 0005 13       		.uleb128 0x13
 310 0006 0B       		.uleb128 0xb
 311 0007 03       		.uleb128 0x3
 312 0008 0E       		.uleb128 0xe
 313 0009 1B       		.uleb128 0x1b
 314 000a 0E       		.uleb128 0xe
 315 000b 55       		.uleb128 0x55
 316 000c 17       		.uleb128 0x17
 317 000d 11       		.uleb128 0x11
 318 000e 01       		.uleb128 0x1
 319 000f 10       		.uleb128 0x10
 320 0010 17       		.uleb128 0x17
 321 0011 00       		.byte	0
 322 0012 00       		.byte	0
 323 0013 02       		.uleb128 0x2
 324 0014 16       		.uleb128 0x16
 325 0015 00       		.byte	0
 326 0016 03       		.uleb128 0x3
 327 0017 0E       		.uleb128 0xe
 328 0018 3A       		.uleb128 0x3a
 329 0019 0B       		.uleb128 0xb
 330 001a 3B       		.uleb128 0x3b
 331 001b 0B       		.uleb128 0xb
 332 001c 49       		.uleb128 0x49
 333 001d 13       		.uleb128 0x13
 334 001e 00       		.byte	0
 335 001f 00       		.byte	0
 336 0020 03       		.uleb128 0x3
 337 0021 24       		.uleb128 0x24
 338 0022 00       		.byte	0
 339 0023 0B       		.uleb128 0xb
 340 0024 0B       		.uleb128 0xb
 341 0025 3E       		.uleb128 0x3e
 342 0026 0B       		.uleb128 0xb
 343 0027 03       		.uleb128 0x3
 344 0028 0E       		.uleb128 0xe
 345 0029 00       		.byte	0
 346 002a 00       		.byte	0
 347 002b 04       		.uleb128 0x4
 348 002c 24       		.uleb128 0x24
 349 002d 00       		.byte	0
 350 002e 0B       		.uleb128 0xb
 351 002f 0B       		.uleb128 0xb
 352 0030 3E       		.uleb128 0x3e
 353 0031 0B       		.uleb128 0xb
 354 0032 03       		.uleb128 0x3
ARM GAS  C:\Users\fneves\AppData\Local\Temp\ccn7Vl8i.s 			page 10


 355 0033 08       		.uleb128 0x8
 356 0034 00       		.byte	0
 357 0035 00       		.byte	0
 358 0036 05       		.uleb128 0x5
 359 0037 16       		.uleb128 0x16
 360 0038 00       		.byte	0
 361 0039 03       		.uleb128 0x3
 362 003a 0E       		.uleb128 0xe
 363 003b 3A       		.uleb128 0x3a
 364 003c 0B       		.uleb128 0xb
 365 003d 3B       		.uleb128 0x3b
 366 003e 05       		.uleb128 0x5
 367 003f 49       		.uleb128 0x49
 368 0040 13       		.uleb128 0x13
 369 0041 00       		.byte	0
 370 0042 00       		.byte	0
 371 0043 06       		.uleb128 0x6
 372 0044 0F       		.uleb128 0xf
 373 0045 00       		.byte	0
 374 0046 0B       		.uleb128 0xb
 375 0047 0B       		.uleb128 0xb
 376 0048 49       		.uleb128 0x49
 377 0049 13       		.uleb128 0x13
 378 004a 00       		.byte	0
 379 004b 00       		.byte	0
 380 004c 07       		.uleb128 0x7
 381 004d 2E       		.uleb128 0x2e
 382 004e 01       		.byte	0x1
 383 004f 3F       		.uleb128 0x3f
 384 0050 19       		.uleb128 0x19
 385 0051 03       		.uleb128 0x3
 386 0052 0E       		.uleb128 0xe
 387 0053 3A       		.uleb128 0x3a
 388 0054 0B       		.uleb128 0xb
 389 0055 3B       		.uleb128 0x3b
 390 0056 0B       		.uleb128 0xb
 391 0057 27       		.uleb128 0x27
 392 0058 19       		.uleb128 0x19
 393 0059 11       		.uleb128 0x11
 394 005a 01       		.uleb128 0x1
 395 005b 12       		.uleb128 0x12
 396 005c 06       		.uleb128 0x6
 397 005d 40       		.uleb128 0x40
 398 005e 18       		.uleb128 0x18
 399 005f 9742     		.uleb128 0x2117
 400 0061 19       		.uleb128 0x19
 401 0062 01       		.uleb128 0x1
 402 0063 13       		.uleb128 0x13
 403 0064 00       		.byte	0
 404 0065 00       		.byte	0
 405 0066 08       		.uleb128 0x8
 406 0067 05       		.uleb128 0x5
 407 0068 00       		.byte	0
 408 0069 03       		.uleb128 0x3
 409 006a 0E       		.uleb128 0xe
 410 006b 3A       		.uleb128 0x3a
 411 006c 0B       		.uleb128 0xb
ARM GAS  C:\Users\fneves\AppData\Local\Temp\ccn7Vl8i.s 			page 11


 412 006d 3B       		.uleb128 0x3b
 413 006e 0B       		.uleb128 0xb
 414 006f 49       		.uleb128 0x49
 415 0070 13       		.uleb128 0x13
 416 0071 02       		.uleb128 0x2
 417 0072 18       		.uleb128 0x18
 418 0073 00       		.byte	0
 419 0074 00       		.byte	0
 420 0075 09       		.uleb128 0x9
 421 0076 34       		.uleb128 0x34
 422 0077 00       		.byte	0
 423 0078 03       		.uleb128 0x3
 424 0079 0E       		.uleb128 0xe
 425 007a 3A       		.uleb128 0x3a
 426 007b 0B       		.uleb128 0xb
 427 007c 3B       		.uleb128 0x3b
 428 007d 0B       		.uleb128 0xb
 429 007e 49       		.uleb128 0x49
 430 007f 13       		.uleb128 0x13
 431 0080 02       		.uleb128 0x2
 432 0081 18       		.uleb128 0x18
 433 0082 00       		.byte	0
 434 0083 00       		.byte	0
 435 0084 0A       		.uleb128 0xa
 436 0085 34       		.uleb128 0x34
 437 0086 00       		.byte	0
 438 0087 03       		.uleb128 0x3
 439 0088 08       		.uleb128 0x8
 440 0089 3A       		.uleb128 0x3a
 441 008a 0B       		.uleb128 0xb
 442 008b 3B       		.uleb128 0x3b
 443 008c 0B       		.uleb128 0xb
 444 008d 49       		.uleb128 0x49
 445 008e 13       		.uleb128 0x13
 446 008f 02       		.uleb128 0x2
 447 0090 18       		.uleb128 0x18
 448 0091 00       		.byte	0
 449 0092 00       		.byte	0
 450 0093 00       		.byte	0
 451              		.section	.debug_aranges,"",%progbits
 452 0000 1C000000 		.4byte	0x1c
 453 0004 0200     		.2byte	0x2
 454 0006 00000000 		.4byte	.Ldebug_info0
 455 000a 04       		.byte	0x4
 456 000b 00       		.byte	0
 457 000c 0000     		.2byte	0
 458 000e 0000     		.2byte	0
 459 0010 00000000 		.4byte	.LFB82
 460 0014 80000000 		.4byte	.LFE82-.LFB82
 461 0018 00000000 		.4byte	0
 462 001c 00000000 		.4byte	0
 463              		.section	.debug_ranges,"",%progbits
 464              	.Ldebug_ranges0:
 465 0000 00000000 		.4byte	.LFB82
 466 0004 80000000 		.4byte	.LFE82
 467 0008 00000000 		.4byte	0
 468 000c 00000000 		.4byte	0
ARM GAS  C:\Users\fneves\AppData\Local\Temp\ccn7Vl8i.s 			page 12


 469              		.section	.debug_line,"",%progbits
 470              	.Ldebug_line0:
 471 0000 77010000 		.section	.debug_str,"MS",%progbits,1
 471      02004E01 
 471      00000201 
 471      FB0E0D00 
 471      01010101 
 472              	.LASF25:
 473 0000 6F757449 		.ascii	"outIndex\000"
 473      6E646578 
 473      00
 474              	.LASF5:
 475 0009 5F5F696E 		.ascii	"__int8_t\000"
 475      74385F74 
 475      00
 476              	.LASF28:
 477 0012 433A5C55 		.ascii	"C:\\Users\\fneves\\Documents\\PSoC Creator\\wp_1\\e"
 477      73657273 
 477      5C666E65 
 477      7665735C 
 477      446F6375 
 478 003f 6E67696E 		.ascii	"ngine_speed_sensor.cydsn\000"
 478      655F7370 
 478      6565645F 
 478      73656E73 
 478      6F722E63 
 479              	.LASF11:
 480 0058 696E7438 		.ascii	"int8_t\000"
 480      5F7400
 481              	.LASF16:
 482 005f 666C6F61 		.ascii	"float\000"
 482      7400
 483              	.LASF1:
 484 0065 756E7369 		.ascii	"unsigned char\000"
 484      676E6564 
 484      20636861 
 484      7200
 485              	.LASF24:
 486 0073 626C6B43 		.ascii	"blkCnt\000"
 486      6E7400
 487              	.LASF7:
 488 007a 6C6F6E67 		.ascii	"long unsigned int\000"
 488      20756E73 
 488      69676E65 
 488      6420696E 
 488      7400
 489              	.LASF3:
 490 008c 73686F72 		.ascii	"short unsigned int\000"
 490      7420756E 
 490      7369676E 
 490      65642069 
 490      6E7400
 491              	.LASF21:
 492 009f 70526573 		.ascii	"pResult\000"
 492      756C7400 
 493              	.LASF15:
 494 00a7 646F7562 		.ascii	"double\000"
ARM GAS  C:\Users\fneves\AppData\Local\Temp\ccn7Vl8i.s 			page 13


 494      6C6500
 495              	.LASF6:
 496 00ae 5F5F7569 		.ascii	"__uint32_t\000"
 496      6E743332 
 496      5F7400
 497              	.LASF29:
 498 00b9 61726D5F 		.ascii	"arm_max_q7\000"
 498      6D61785F 
 498      713700
 499              	.LASF18:
 500 00c4 71375F74 		.ascii	"q7_t\000"
 500      00
 501              	.LASF10:
 502 00c9 756E7369 		.ascii	"unsigned int\000"
 502      676E6564 
 502      20696E74 
 502      00
 503              	.LASF22:
 504 00d6 70496E64 		.ascii	"pIndex\000"
 504      657800
 505              	.LASF9:
 506 00dd 6C6F6E67 		.ascii	"long long unsigned int\000"
 506      206C6F6E 
 506      6720756E 
 506      7369676E 
 506      65642069 
 507              	.LASF26:
 508 00f4 474E5520 		.ascii	"GNU C 4.9.3 20150303 (release) [ARM/embedded-4_9-br"
 508      4320342E 
 508      392E3320 
 508      32303135 
 508      30333033 
 509 0127 616E6368 		.ascii	"anch revision 221220] -mcpu=cortex-m0plus -mthumb -"
 509      20726576 
 509      6973696F 
 509      6E203232 
 509      31323230 
 510 015a 67202D4F 		.ascii	"g -O0 -ffunction-sections -ffat-lto-objects\000"
 510      30202D66 
 510      66756E63 
 510      74696F6E 
 510      2D736563 
 511              	.LASF27:
 512 0186 536F7572 		.ascii	"Source\\StatisticsFunctions\\arm_max_q7.c\000"
 512      63655C53 
 512      74617469 
 512      73746963 
 512      7346756E 
 513              	.LASF13:
 514 01ae 73697A65 		.ascii	"sizetype\000"
 514      74797065 
 514      00
 515              	.LASF8:
 516 01b7 6C6F6E67 		.ascii	"long long int\000"
 516      206C6F6E 
 516      6720696E 
 516      7400
ARM GAS  C:\Users\fneves\AppData\Local\Temp\ccn7Vl8i.s 			page 14


 517              	.LASF20:
 518 01c5 626C6F63 		.ascii	"blockSize\000"
 518      6B53697A 
 518      6500
 519              	.LASF14:
 520 01cf 63686172 		.ascii	"char\000"
 520      00
 521              	.LASF2:
 522 01d4 73686F72 		.ascii	"short int\000"
 522      7420696E 
 522      7400
 523              	.LASF12:
 524 01de 75696E74 		.ascii	"uint32_t\000"
 524      33325F74 
 524      00
 525              	.LASF4:
 526 01e7 6C6F6E67 		.ascii	"long int\000"
 526      20696E74 
 526      00
 527              	.LASF17:
 528 01f0 6C6F6E67 		.ascii	"long double\000"
 528      20646F75 
 528      626C6500 
 529              	.LASF0:
 530 01fc 7369676E 		.ascii	"signed char\000"
 530      65642063 
 530      68617200 
 531              	.LASF19:
 532 0208 70537263 		.ascii	"pSrc\000"
 532      00
 533              	.LASF23:
 534 020d 6D617856 		.ascii	"maxVal1\000"
 534      616C3100 
 535              		.ident	"GCC: (GNU Tools for ARM Embedded Processors) 4.9.3 20150303 (release) [ARM/embedded-4_9-br
