ARM GAS  C:\Users\fneves\AppData\Local\Temp\ccpdOBlb.s 			page 1


   1              		.cpu cortex-m0plus
   2              		.fpu softvfp
   3              		.eabi_attribute 20, 1
   4              		.eabi_attribute 21, 1
   5              		.eabi_attribute 23, 3
   6              		.eabi_attribute 24, 1
   7              		.eabi_attribute 25, 1
   8              		.eabi_attribute 26, 1
   9              		.eabi_attribute 30, 6
  10              		.eabi_attribute 34, 0
  11              		.eabi_attribute 18, 4
  12              		.code	16
  13              		.file	"arm_fir_init_q31.c"
  14              		.text
  15              	.Ltext0:
  16              		.cfi_sections	.debug_frame
  17              		.section	.text.arm_fir_init_q31,"ax",%progbits
  18              		.align	2
  19              		.global	arm_fir_init_q31
  20              		.code	16
  21              		.thumb_func
  22              		.type	arm_fir_init_q31, %function
  23              	arm_fir_init_q31:
  24              	.LFB82:
  25              		.file 1 "Source\\FilteringFunctions\\arm_fir_init_q31.c"
   1:Source\FilteringFunctions/arm_fir_init_q31.c **** /* ----------------------------------------------------------------------
   2:Source\FilteringFunctions/arm_fir_init_q31.c ****  * Project:      CMSIS DSP Library
   3:Source\FilteringFunctions/arm_fir_init_q31.c ****  * Title:        arm_fir_init_q31.c
   4:Source\FilteringFunctions/arm_fir_init_q31.c ****  * Description:  Q31 FIR filter initialization function.
   5:Source\FilteringFunctions/arm_fir_init_q31.c ****  *
   6:Source\FilteringFunctions/arm_fir_init_q31.c ****  * $Date:        27. January 2017
   7:Source\FilteringFunctions/arm_fir_init_q31.c ****  * $Revision:    V.1.5.1
   8:Source\FilteringFunctions/arm_fir_init_q31.c ****  *
   9:Source\FilteringFunctions/arm_fir_init_q31.c ****  * Target Processor: Cortex-M cores
  10:Source\FilteringFunctions/arm_fir_init_q31.c ****  * -------------------------------------------------------------------- */
  11:Source\FilteringFunctions/arm_fir_init_q31.c **** /*
  12:Source\FilteringFunctions/arm_fir_init_q31.c ****  * Copyright (C) 2010-2017 ARM Limited or its affiliates. All rights reserved.
  13:Source\FilteringFunctions/arm_fir_init_q31.c ****  *
  14:Source\FilteringFunctions/arm_fir_init_q31.c ****  * SPDX-License-Identifier: Apache-2.0
  15:Source\FilteringFunctions/arm_fir_init_q31.c ****  *
  16:Source\FilteringFunctions/arm_fir_init_q31.c ****  * Licensed under the Apache License, Version 2.0 (the License); you may
  17:Source\FilteringFunctions/arm_fir_init_q31.c ****  * not use this file except in compliance with the License.
  18:Source\FilteringFunctions/arm_fir_init_q31.c ****  * You may obtain a copy of the License at
  19:Source\FilteringFunctions/arm_fir_init_q31.c ****  *
  20:Source\FilteringFunctions/arm_fir_init_q31.c ****  * www.apache.org/licenses/LICENSE-2.0
  21:Source\FilteringFunctions/arm_fir_init_q31.c ****  *
  22:Source\FilteringFunctions/arm_fir_init_q31.c ****  * Unless required by applicable law or agreed to in writing, software
  23:Source\FilteringFunctions/arm_fir_init_q31.c ****  * distributed under the License is distributed on an AS IS BASIS, WITHOUT
  24:Source\FilteringFunctions/arm_fir_init_q31.c ****  * WARRANTIES OR CONDITIONS OF ANY KIND, either express or implied.
  25:Source\FilteringFunctions/arm_fir_init_q31.c ****  * See the License for the specific language governing permissions and
  26:Source\FilteringFunctions/arm_fir_init_q31.c ****  * limitations under the License.
  27:Source\FilteringFunctions/arm_fir_init_q31.c ****  */
  28:Source\FilteringFunctions/arm_fir_init_q31.c **** 
  29:Source\FilteringFunctions/arm_fir_init_q31.c **** #include "arm_math.h"
  30:Source\FilteringFunctions/arm_fir_init_q31.c **** 
  31:Source\FilteringFunctions/arm_fir_init_q31.c **** /**
  32:Source\FilteringFunctions/arm_fir_init_q31.c ****  * @ingroup groupFilters
ARM GAS  C:\Users\fneves\AppData\Local\Temp\ccpdOBlb.s 			page 2


  33:Source\FilteringFunctions/arm_fir_init_q31.c ****  */
  34:Source\FilteringFunctions/arm_fir_init_q31.c **** 
  35:Source\FilteringFunctions/arm_fir_init_q31.c **** /**
  36:Source\FilteringFunctions/arm_fir_init_q31.c ****  * @addtogroup FIR
  37:Source\FilteringFunctions/arm_fir_init_q31.c ****  * @{
  38:Source\FilteringFunctions/arm_fir_init_q31.c ****  */
  39:Source\FilteringFunctions/arm_fir_init_q31.c **** 
  40:Source\FilteringFunctions/arm_fir_init_q31.c **** /**
  41:Source\FilteringFunctions/arm_fir_init_q31.c ****  * @details
  42:Source\FilteringFunctions/arm_fir_init_q31.c ****  *
  43:Source\FilteringFunctions/arm_fir_init_q31.c ****  * @param[in,out] *S points to an instance of the Q31 FIR filter structure.
  44:Source\FilteringFunctions/arm_fir_init_q31.c ****  * @param[in] 	  numTaps  Number of filter coefficients in the filter.
  45:Source\FilteringFunctions/arm_fir_init_q31.c ****  * @param[in] 	  *pCoeffs points to the filter coefficients buffer.
  46:Source\FilteringFunctions/arm_fir_init_q31.c ****  * @param[in] 	  *pState points to the state buffer.
  47:Source\FilteringFunctions/arm_fir_init_q31.c ****  * @param[in] 	  blockSize number of samples that are processed per call.
  48:Source\FilteringFunctions/arm_fir_init_q31.c ****  * @return        none.
  49:Source\FilteringFunctions/arm_fir_init_q31.c ****  *
  50:Source\FilteringFunctions/arm_fir_init_q31.c ****  * <b>Description:</b>
  51:Source\FilteringFunctions/arm_fir_init_q31.c ****  * \par
  52:Source\FilteringFunctions/arm_fir_init_q31.c ****  * <code>pCoeffs</code> points to the array of filter coefficients stored in time reversed order:
  53:Source\FilteringFunctions/arm_fir_init_q31.c ****  * <pre>
  54:Source\FilteringFunctions/arm_fir_init_q31.c ****  *    {b[numTaps-1], b[numTaps-2], b[N-2], ..., b[1], b[0]}
  55:Source\FilteringFunctions/arm_fir_init_q31.c ****  * </pre>
  56:Source\FilteringFunctions/arm_fir_init_q31.c ****  * \par
  57:Source\FilteringFunctions/arm_fir_init_q31.c ****  * <code>pState</code> points to the array of state variables.
  58:Source\FilteringFunctions/arm_fir_init_q31.c ****  * <code>pState</code> is of length <code>numTaps+blockSize-1</code> samples, where <code>blockSize
  59:Source\FilteringFunctions/arm_fir_init_q31.c ****  */
  60:Source\FilteringFunctions/arm_fir_init_q31.c **** 
  61:Source\FilteringFunctions/arm_fir_init_q31.c **** void arm_fir_init_q31(
  62:Source\FilteringFunctions/arm_fir_init_q31.c ****   arm_fir_instance_q31 * S,
  63:Source\FilteringFunctions/arm_fir_init_q31.c ****   uint16_t numTaps,
  64:Source\FilteringFunctions/arm_fir_init_q31.c ****   q31_t * pCoeffs,
  65:Source\FilteringFunctions/arm_fir_init_q31.c ****   q31_t * pState,
  66:Source\FilteringFunctions/arm_fir_init_q31.c ****   uint32_t blockSize)
  67:Source\FilteringFunctions/arm_fir_init_q31.c **** {
  26              		.loc 1 67 0
  27              		.cfi_startproc
  28 0000 80B5     		push	{r7, lr}
  29              		.cfi_def_cfa_offset 8
  30              		.cfi_offset 7, -8
  31              		.cfi_offset 14, -4
  32 0002 84B0     		sub	sp, sp, #16
  33              		.cfi_def_cfa_offset 24
  34 0004 00AF     		add	r7, sp, #0
  35              		.cfi_def_cfa_register 7
  36 0006 F860     		str	r0, [r7, #12]
  37 0008 7A60     		str	r2, [r7, #4]
  38 000a 3B60     		str	r3, [r7]
  39 000c 0A23     		mov	r3, #10
  40 000e FB18     		add	r3, r7, r3
  41 0010 0A1C     		add	r2, r1, #0
  42 0012 1A80     		strh	r2, [r3]
  68:Source\FilteringFunctions/arm_fir_init_q31.c ****   /* Assign filter taps */
  69:Source\FilteringFunctions/arm_fir_init_q31.c ****   S->numTaps = numTaps;
  43              		.loc 1 69 0
  44 0014 FB68     		ldr	r3, [r7, #12]
  45 0016 0A22     		mov	r2, #10
ARM GAS  C:\Users\fneves\AppData\Local\Temp\ccpdOBlb.s 			page 3


  46 0018 BA18     		add	r2, r7, r2
  47 001a 1288     		ldrh	r2, [r2]
  48 001c 1A80     		strh	r2, [r3]
  70:Source\FilteringFunctions/arm_fir_init_q31.c **** 
  71:Source\FilteringFunctions/arm_fir_init_q31.c ****   /* Assign coefficient pointer */
  72:Source\FilteringFunctions/arm_fir_init_q31.c ****   S->pCoeffs = pCoeffs;
  49              		.loc 1 72 0
  50 001e FB68     		ldr	r3, [r7, #12]
  51 0020 7A68     		ldr	r2, [r7, #4]
  52 0022 9A60     		str	r2, [r3, #8]
  73:Source\FilteringFunctions/arm_fir_init_q31.c **** 
  74:Source\FilteringFunctions/arm_fir_init_q31.c ****   /* Clear state buffer and state array size is (blockSize + numTaps - 1) */
  75:Source\FilteringFunctions/arm_fir_init_q31.c ****   memset(pState, 0, (blockSize + ((uint32_t) numTaps - 1u)) * sizeof(q31_t));
  53              		.loc 1 75 0
  54 0024 0A23     		mov	r3, #10
  55 0026 FB18     		add	r3, r7, r3
  56 0028 1A88     		ldrh	r2, [r3]
  57 002a BB69     		ldr	r3, [r7, #24]
  58 002c D318     		add	r3, r2, r3
  59 002e 084A     		ldr	r2, .L2
  60 0030 9446     		mov	ip, r2
  61 0032 6344     		add	r3, r3, ip
  62 0034 9B00     		lsl	r3, r3, #2
  63 0036 3A68     		ldr	r2, [r7]
  64 0038 101C     		mov	r0, r2
  65 003a 0021     		mov	r1, #0
  66 003c 1A1C     		mov	r2, r3
  67 003e FFF7FEFF 		bl	memset
  76:Source\FilteringFunctions/arm_fir_init_q31.c **** 
  77:Source\FilteringFunctions/arm_fir_init_q31.c ****   /* Assign state pointer */
  78:Source\FilteringFunctions/arm_fir_init_q31.c ****   S->pState = pState;
  68              		.loc 1 78 0
  69 0042 FB68     		ldr	r3, [r7, #12]
  70 0044 3A68     		ldr	r2, [r7]
  71 0046 5A60     		str	r2, [r3, #4]
  79:Source\FilteringFunctions/arm_fir_init_q31.c **** 
  80:Source\FilteringFunctions/arm_fir_init_q31.c **** }
  72              		.loc 1 80 0
  73 0048 BD46     		mov	sp, r7
  74 004a 04B0     		add	sp, sp, #16
  75              		@ sp needed
  76 004c 80BD     		pop	{r7, pc}
  77              	.L3:
  78 004e C046     		.align	2
  79              	.L2:
  80 0050 FFFFFF3F 		.word	1073741823
  81              		.cfi_endproc
  82              	.LFE82:
  83              		.size	arm_fir_init_q31, .-arm_fir_init_q31
  84              		.text
  85              	.Letext0:
  86              		.file 2 "c:\\program files (x86)\\cypress\\psoc creator\\4.0\\psoc creator\\import\\gnu\\arm\\4.9.
  87              		.file 3 "c:\\program files (x86)\\cypress\\psoc creator\\4.0\\psoc creator\\import\\gnu\\arm\\4.9.
  88              		.file 4 ".\\Include/arm_math.h"
  89              		.section	.debug_info,"",%progbits
  90              	.Ldebug_info0:
  91 0000 7C010000 		.4byte	0x17c
ARM GAS  C:\Users\fneves\AppData\Local\Temp\ccpdOBlb.s 			page 4


  92 0004 0400     		.2byte	0x4
  93 0006 00000000 		.4byte	.Ldebug_abbrev0
  94 000a 04       		.byte	0x4
  95 000b 01       		.uleb128 0x1
  96 000c F5000000 		.4byte	.LASF26
  97 0010 01       		.byte	0x1
  98 0011 FE010000 		.4byte	.LASF27
  99 0015 11000000 		.4byte	.LASF28
 100 0019 00000000 		.4byte	.Ldebug_ranges0+0
 101 001d 00000000 		.4byte	0
 102 0021 00000000 		.4byte	.Ldebug_line0
 103 0025 02       		.uleb128 0x2
 104 0026 01       		.byte	0x1
 105 0027 06       		.byte	0x6
 106 0028 2B020000 		.4byte	.LASF0
 107 002c 02       		.uleb128 0x2
 108 002d 01       		.byte	0x1
 109 002e 08       		.byte	0x8
 110 002f 63000000 		.4byte	.LASF1
 111 0033 02       		.uleb128 0x2
 112 0034 02       		.byte	0x2
 113 0035 05       		.byte	0x5
 114 0036 B5010000 		.4byte	.LASF2
 115 003a 03       		.uleb128 0x3
 116 003b B4000000 		.4byte	.LASF4
 117 003f 02       		.byte	0x2
 118 0040 2B       		.byte	0x2b
 119 0041 45000000 		.4byte	0x45
 120 0045 02       		.uleb128 0x2
 121 0046 02       		.byte	0x2
 122 0047 07       		.byte	0x7
 123 0048 83000000 		.4byte	.LASF3
 124 004c 03       		.uleb128 0x3
 125 004d 07000000 		.4byte	.LASF5
 126 0051 02       		.byte	0x2
 127 0052 3F       		.byte	0x3f
 128 0053 57000000 		.4byte	0x57
 129 0057 02       		.uleb128 0x2
 130 0058 04       		.byte	0x4
 131 0059 05       		.byte	0x5
 132 005a E9010000 		.4byte	.LASF6
 133 005e 03       		.uleb128 0x3
 134 005f C6000000 		.4byte	.LASF7
 135 0063 02       		.byte	0x2
 136 0064 41       		.byte	0x41
 137 0065 69000000 		.4byte	0x69
 138 0069 02       		.uleb128 0x2
 139 006a 04       		.byte	0x4
 140 006b 07       		.byte	0x7
 141 006c 71000000 		.4byte	.LASF8
 142 0070 02       		.uleb128 0x2
 143 0071 08       		.byte	0x8
 144 0072 05       		.byte	0x5
 145 0073 98010000 		.4byte	.LASF9
 146 0077 02       		.uleb128 0x2
 147 0078 08       		.byte	0x8
 148 0079 07       		.byte	0x7
ARM GAS  C:\Users\fneves\AppData\Local\Temp\ccpdOBlb.s 			page 5


 149 007a DE000000 		.4byte	.LASF10
 150 007e 04       		.uleb128 0x4
 151 007f 04       		.byte	0x4
 152 0080 05       		.byte	0x5
 153 0081 696E7400 		.ascii	"int\000"
 154 0085 02       		.uleb128 0x2
 155 0086 04       		.byte	0x4
 156 0087 07       		.byte	0x7
 157 0088 D1000000 		.4byte	.LASF11
 158 008c 03       		.uleb128 0x3
 159 008d C7010000 		.4byte	.LASF12
 160 0091 03       		.byte	0x3
 161 0092 21       		.byte	0x21
 162 0093 3A000000 		.4byte	0x3a
 163 0097 03       		.uleb128 0x3
 164 0098 87010000 		.4byte	.LASF13
 165 009c 03       		.byte	0x3
 166 009d 2C       		.byte	0x2c
 167 009e 4C000000 		.4byte	0x4c
 168 00a2 03       		.uleb128 0x3
 169 00a3 96000000 		.4byte	.LASF14
 170 00a7 03       		.byte	0x3
 171 00a8 2D       		.byte	0x2d
 172 00a9 5E000000 		.4byte	0x5e
 173 00ad 02       		.uleb128 0x2
 174 00ae 04       		.byte	0x4
 175 00af 07       		.byte	0x7
 176 00b0 8F010000 		.4byte	.LASF15
 177 00b4 02       		.uleb128 0x2
 178 00b5 01       		.byte	0x1
 179 00b6 08       		.byte	0x8
 180 00b7 B0010000 		.4byte	.LASF16
 181 00bb 02       		.uleb128 0x2
 182 00bc 08       		.byte	0x8
 183 00bd 04       		.byte	0x4
 184 00be BF000000 		.4byte	.LASF17
 185 00c2 02       		.uleb128 0x2
 186 00c3 04       		.byte	0x4
 187 00c4 04       		.byte	0x4
 188 00c5 57000000 		.4byte	.LASF18
 189 00c9 02       		.uleb128 0x2
 190 00ca 08       		.byte	0x8
 191 00cb 04       		.byte	0x4
 192 00cc F2010000 		.4byte	.LASF19
 193 00d0 05       		.uleb128 0x5
 194 00d1 5D000000 		.4byte	.LASF20
 195 00d5 04       		.byte	0x4
 196 00d6 9B01     		.2byte	0x19b
 197 00d8 97000000 		.4byte	0x97
 198 00dc 06       		.uleb128 0x6
 199 00dd 0C       		.byte	0xc
 200 00de 04       		.byte	0x4
 201 00df 5A04     		.2byte	0x45a
 202 00e1 0D010000 		.4byte	0x10d
 203 00e5 07       		.uleb128 0x7
 204 00e6 BF010000 		.4byte	.LASF21
 205 00ea 04       		.byte	0x4
ARM GAS  C:\Users\fneves\AppData\Local\Temp\ccpdOBlb.s 			page 6


 206 00eb 5C04     		.2byte	0x45c
 207 00ed 8C000000 		.4byte	0x8c
 208 00f1 00       		.byte	0
 209 00f2 07       		.uleb128 0x7
 210 00f3 00000000 		.4byte	.LASF22
 211 00f7 04       		.byte	0x4
 212 00f8 5D04     		.2byte	0x45d
 213 00fa 0D010000 		.4byte	0x10d
 214 00fe 04       		.byte	0x4
 215 00ff 07       		.uleb128 0x7
 216 0100 D0010000 		.4byte	.LASF23
 217 0104 04       		.byte	0x4
 218 0105 5E04     		.2byte	0x45e
 219 0107 0D010000 		.4byte	0x10d
 220 010b 08       		.byte	0x8
 221 010c 00       		.byte	0
 222 010d 08       		.uleb128 0x8
 223 010e 04       		.byte	0x4
 224 010f D0000000 		.4byte	0xd0
 225 0113 05       		.uleb128 0x5
 226 0114 9F000000 		.4byte	.LASF24
 227 0118 04       		.byte	0x4
 228 0119 5F04     		.2byte	0x45f
 229 011b DC000000 		.4byte	0xdc
 230 011f 09       		.uleb128 0x9
 231 0120 D8010000 		.4byte	.LASF29
 232 0124 01       		.byte	0x1
 233 0125 3D       		.byte	0x3d
 234 0126 00000000 		.4byte	.LFB82
 235 012a 54000000 		.4byte	.LFE82-.LFB82
 236 012e 01       		.uleb128 0x1
 237 012f 9C       		.byte	0x9c
 238 0130 79010000 		.4byte	0x179
 239 0134 0A       		.uleb128 0xa
 240 0135 5300     		.ascii	"S\000"
 241 0137 01       		.byte	0x1
 242 0138 3E       		.byte	0x3e
 243 0139 79010000 		.4byte	0x179
 244 013d 02       		.uleb128 0x2
 245 013e 91       		.byte	0x91
 246 013f 74       		.sleb128 -12
 247 0140 0B       		.uleb128 0xb
 248 0141 BF010000 		.4byte	.LASF21
 249 0145 01       		.byte	0x1
 250 0146 3F       		.byte	0x3f
 251 0147 8C000000 		.4byte	0x8c
 252 014b 02       		.uleb128 0x2
 253 014c 91       		.byte	0x91
 254 014d 72       		.sleb128 -14
 255 014e 0B       		.uleb128 0xb
 256 014f D0010000 		.4byte	.LASF23
 257 0153 01       		.byte	0x1
 258 0154 40       		.byte	0x40
 259 0155 0D010000 		.4byte	0x10d
 260 0159 02       		.uleb128 0x2
 261 015a 91       		.byte	0x91
 262 015b 6C       		.sleb128 -20
ARM GAS  C:\Users\fneves\AppData\Local\Temp\ccpdOBlb.s 			page 7


 263 015c 0B       		.uleb128 0xb
 264 015d 00000000 		.4byte	.LASF22
 265 0161 01       		.byte	0x1
 266 0162 41       		.byte	0x41
 267 0163 0D010000 		.4byte	0x10d
 268 0167 02       		.uleb128 0x2
 269 0168 91       		.byte	0x91
 270 0169 68       		.sleb128 -24
 271 016a 0B       		.uleb128 0xb
 272 016b A6010000 		.4byte	.LASF25
 273 016f 01       		.byte	0x1
 274 0170 42       		.byte	0x42
 275 0171 A2000000 		.4byte	0xa2
 276 0175 02       		.uleb128 0x2
 277 0176 91       		.byte	0x91
 278 0177 00       		.sleb128 0
 279 0178 00       		.byte	0
 280 0179 08       		.uleb128 0x8
 281 017a 04       		.byte	0x4
 282 017b 13010000 		.4byte	0x113
 283 017f 00       		.byte	0
 284              		.section	.debug_abbrev,"",%progbits
 285              	.Ldebug_abbrev0:
 286 0000 01       		.uleb128 0x1
 287 0001 11       		.uleb128 0x11
 288 0002 01       		.byte	0x1
 289 0003 25       		.uleb128 0x25
 290 0004 0E       		.uleb128 0xe
 291 0005 13       		.uleb128 0x13
 292 0006 0B       		.uleb128 0xb
 293 0007 03       		.uleb128 0x3
 294 0008 0E       		.uleb128 0xe
 295 0009 1B       		.uleb128 0x1b
 296 000a 0E       		.uleb128 0xe
 297 000b 55       		.uleb128 0x55
 298 000c 17       		.uleb128 0x17
 299 000d 11       		.uleb128 0x11
 300 000e 01       		.uleb128 0x1
 301 000f 10       		.uleb128 0x10
 302 0010 17       		.uleb128 0x17
 303 0011 00       		.byte	0
 304 0012 00       		.byte	0
 305 0013 02       		.uleb128 0x2
 306 0014 24       		.uleb128 0x24
 307 0015 00       		.byte	0
 308 0016 0B       		.uleb128 0xb
 309 0017 0B       		.uleb128 0xb
 310 0018 3E       		.uleb128 0x3e
 311 0019 0B       		.uleb128 0xb
 312 001a 03       		.uleb128 0x3
 313 001b 0E       		.uleb128 0xe
 314 001c 00       		.byte	0
 315 001d 00       		.byte	0
 316 001e 03       		.uleb128 0x3
 317 001f 16       		.uleb128 0x16
 318 0020 00       		.byte	0
 319 0021 03       		.uleb128 0x3
ARM GAS  C:\Users\fneves\AppData\Local\Temp\ccpdOBlb.s 			page 8


 320 0022 0E       		.uleb128 0xe
 321 0023 3A       		.uleb128 0x3a
 322 0024 0B       		.uleb128 0xb
 323 0025 3B       		.uleb128 0x3b
 324 0026 0B       		.uleb128 0xb
 325 0027 49       		.uleb128 0x49
 326 0028 13       		.uleb128 0x13
 327 0029 00       		.byte	0
 328 002a 00       		.byte	0
 329 002b 04       		.uleb128 0x4
 330 002c 24       		.uleb128 0x24
 331 002d 00       		.byte	0
 332 002e 0B       		.uleb128 0xb
 333 002f 0B       		.uleb128 0xb
 334 0030 3E       		.uleb128 0x3e
 335 0031 0B       		.uleb128 0xb
 336 0032 03       		.uleb128 0x3
 337 0033 08       		.uleb128 0x8
 338 0034 00       		.byte	0
 339 0035 00       		.byte	0
 340 0036 05       		.uleb128 0x5
 341 0037 16       		.uleb128 0x16
 342 0038 00       		.byte	0
 343 0039 03       		.uleb128 0x3
 344 003a 0E       		.uleb128 0xe
 345 003b 3A       		.uleb128 0x3a
 346 003c 0B       		.uleb128 0xb
 347 003d 3B       		.uleb128 0x3b
 348 003e 05       		.uleb128 0x5
 349 003f 49       		.uleb128 0x49
 350 0040 13       		.uleb128 0x13
 351 0041 00       		.byte	0
 352 0042 00       		.byte	0
 353 0043 06       		.uleb128 0x6
 354 0044 13       		.uleb128 0x13
 355 0045 01       		.byte	0x1
 356 0046 0B       		.uleb128 0xb
 357 0047 0B       		.uleb128 0xb
 358 0048 3A       		.uleb128 0x3a
 359 0049 0B       		.uleb128 0xb
 360 004a 3B       		.uleb128 0x3b
 361 004b 05       		.uleb128 0x5
 362 004c 01       		.uleb128 0x1
 363 004d 13       		.uleb128 0x13
 364 004e 00       		.byte	0
 365 004f 00       		.byte	0
 366 0050 07       		.uleb128 0x7
 367 0051 0D       		.uleb128 0xd
 368 0052 00       		.byte	0
 369 0053 03       		.uleb128 0x3
 370 0054 0E       		.uleb128 0xe
 371 0055 3A       		.uleb128 0x3a
 372 0056 0B       		.uleb128 0xb
 373 0057 3B       		.uleb128 0x3b
 374 0058 05       		.uleb128 0x5
 375 0059 49       		.uleb128 0x49
 376 005a 13       		.uleb128 0x13
ARM GAS  C:\Users\fneves\AppData\Local\Temp\ccpdOBlb.s 			page 9


 377 005b 38       		.uleb128 0x38
 378 005c 0B       		.uleb128 0xb
 379 005d 00       		.byte	0
 380 005e 00       		.byte	0
 381 005f 08       		.uleb128 0x8
 382 0060 0F       		.uleb128 0xf
 383 0061 00       		.byte	0
 384 0062 0B       		.uleb128 0xb
 385 0063 0B       		.uleb128 0xb
 386 0064 49       		.uleb128 0x49
 387 0065 13       		.uleb128 0x13
 388 0066 00       		.byte	0
 389 0067 00       		.byte	0
 390 0068 09       		.uleb128 0x9
 391 0069 2E       		.uleb128 0x2e
 392 006a 01       		.byte	0x1
 393 006b 3F       		.uleb128 0x3f
 394 006c 19       		.uleb128 0x19
 395 006d 03       		.uleb128 0x3
 396 006e 0E       		.uleb128 0xe
 397 006f 3A       		.uleb128 0x3a
 398 0070 0B       		.uleb128 0xb
 399 0071 3B       		.uleb128 0x3b
 400 0072 0B       		.uleb128 0xb
 401 0073 27       		.uleb128 0x27
 402 0074 19       		.uleb128 0x19
 403 0075 11       		.uleb128 0x11
 404 0076 01       		.uleb128 0x1
 405 0077 12       		.uleb128 0x12
 406 0078 06       		.uleb128 0x6
 407 0079 40       		.uleb128 0x40
 408 007a 18       		.uleb128 0x18
 409 007b 9642     		.uleb128 0x2116
 410 007d 19       		.uleb128 0x19
 411 007e 01       		.uleb128 0x1
 412 007f 13       		.uleb128 0x13
 413 0080 00       		.byte	0
 414 0081 00       		.byte	0
 415 0082 0A       		.uleb128 0xa
 416 0083 05       		.uleb128 0x5
 417 0084 00       		.byte	0
 418 0085 03       		.uleb128 0x3
 419 0086 08       		.uleb128 0x8
 420 0087 3A       		.uleb128 0x3a
 421 0088 0B       		.uleb128 0xb
 422 0089 3B       		.uleb128 0x3b
 423 008a 0B       		.uleb128 0xb
 424 008b 49       		.uleb128 0x49
 425 008c 13       		.uleb128 0x13
 426 008d 02       		.uleb128 0x2
 427 008e 18       		.uleb128 0x18
 428 008f 00       		.byte	0
 429 0090 00       		.byte	0
 430 0091 0B       		.uleb128 0xb
 431 0092 05       		.uleb128 0x5
 432 0093 00       		.byte	0
 433 0094 03       		.uleb128 0x3
ARM GAS  C:\Users\fneves\AppData\Local\Temp\ccpdOBlb.s 			page 10


 434 0095 0E       		.uleb128 0xe
 435 0096 3A       		.uleb128 0x3a
 436 0097 0B       		.uleb128 0xb
 437 0098 3B       		.uleb128 0x3b
 438 0099 0B       		.uleb128 0xb
 439 009a 49       		.uleb128 0x49
 440 009b 13       		.uleb128 0x13
 441 009c 02       		.uleb128 0x2
 442 009d 18       		.uleb128 0x18
 443 009e 00       		.byte	0
 444 009f 00       		.byte	0
 445 00a0 00       		.byte	0
 446              		.section	.debug_aranges,"",%progbits
 447 0000 1C000000 		.4byte	0x1c
 448 0004 0200     		.2byte	0x2
 449 0006 00000000 		.4byte	.Ldebug_info0
 450 000a 04       		.byte	0x4
 451 000b 00       		.byte	0
 452 000c 0000     		.2byte	0
 453 000e 0000     		.2byte	0
 454 0010 00000000 		.4byte	.LFB82
 455 0014 54000000 		.4byte	.LFE82-.LFB82
 456 0018 00000000 		.4byte	0
 457 001c 00000000 		.4byte	0
 458              		.section	.debug_ranges,"",%progbits
 459              	.Ldebug_ranges0:
 460 0000 00000000 		.4byte	.LFB82
 461 0004 54000000 		.4byte	.LFE82
 462 0008 00000000 		.4byte	0
 463 000c 00000000 		.4byte	0
 464              		.section	.debug_line,"",%progbits
 465              	.Ldebug_line0:
 466 0000 6E010000 		.section	.debug_str,"MS",%progbits,1
 466      02005301 
 466      00000201 
 466      FB0E0D00 
 466      01010101 
 467              	.LASF22:
 468 0000 70537461 		.ascii	"pState\000"
 468      746500
 469              	.LASF5:
 470 0007 5F5F696E 		.ascii	"__int32_t\000"
 470      7433325F 
 470      7400
 471              	.LASF28:
 472 0011 433A5C55 		.ascii	"C:\\Users\\fneves\\Documents\\PSoC Creator\\wp_1\\e"
 472      73657273 
 472      5C666E65 
 472      7665735C 
 472      446F6375 
 473 003e 6E67696E 		.ascii	"ngine_speed_sensor.cydsn\000"
 473      655F7370 
 473      6565645F 
 473      73656E73 
 473      6F722E63 
 474              	.LASF18:
 475 0057 666C6F61 		.ascii	"float\000"
ARM GAS  C:\Users\fneves\AppData\Local\Temp\ccpdOBlb.s 			page 11


 475      7400
 476              	.LASF20:
 477 005d 7133315F 		.ascii	"q31_t\000"
 477      7400
 478              	.LASF1:
 479 0063 756E7369 		.ascii	"unsigned char\000"
 479      676E6564 
 479      20636861 
 479      7200
 480              	.LASF8:
 481 0071 6C6F6E67 		.ascii	"long unsigned int\000"
 481      20756E73 
 481      69676E65 
 481      6420696E 
 481      7400
 482              	.LASF3:
 483 0083 73686F72 		.ascii	"short unsigned int\000"
 483      7420756E 
 483      7369676E 
 483      65642069 
 483      6E7400
 484              	.LASF14:
 485 0096 75696E74 		.ascii	"uint32_t\000"
 485      33325F74 
 485      00
 486              	.LASF24:
 487 009f 61726D5F 		.ascii	"arm_fir_instance_q31\000"
 487      6669725F 
 487      696E7374 
 487      616E6365 
 487      5F713331 
 488              	.LASF4:
 489 00b4 5F5F7569 		.ascii	"__uint16_t\000"
 489      6E743136 
 489      5F7400
 490              	.LASF17:
 491 00bf 646F7562 		.ascii	"double\000"
 491      6C6500
 492              	.LASF7:
 493 00c6 5F5F7569 		.ascii	"__uint32_t\000"
 493      6E743332 
 493      5F7400
 494              	.LASF11:
 495 00d1 756E7369 		.ascii	"unsigned int\000"
 495      676E6564 
 495      20696E74 
 495      00
 496              	.LASF10:
 497 00de 6C6F6E67 		.ascii	"long long unsigned int\000"
 497      206C6F6E 
 497      6720756E 
 497      7369676E 
 497      65642069 
 498              	.LASF26:
 499 00f5 474E5520 		.ascii	"GNU C 4.9.3 20150303 (release) [ARM/embedded-4_9-br"
 499      4320342E 
 499      392E3320 
ARM GAS  C:\Users\fneves\AppData\Local\Temp\ccpdOBlb.s 			page 12


 499      32303135 
 499      30333033 
 500 0128 616E6368 		.ascii	"anch revision 221220] -mcpu=cortex-m0plus -mthumb -"
 500      20726576 
 500      6973696F 
 500      6E203232 
 500      31323230 
 501 015b 67202D4F 		.ascii	"g -O0 -ffunction-sections -ffat-lto-objects\000"
 501      30202D66 
 501      66756E63 
 501      74696F6E 
 501      2D736563 
 502              	.LASF13:
 503 0187 696E7433 		.ascii	"int32_t\000"
 503      325F7400 
 504              	.LASF15:
 505 018f 73697A65 		.ascii	"sizetype\000"
 505      74797065 
 505      00
 506              	.LASF9:
 507 0198 6C6F6E67 		.ascii	"long long int\000"
 507      206C6F6E 
 507      6720696E 
 507      7400
 508              	.LASF25:
 509 01a6 626C6F63 		.ascii	"blockSize\000"
 509      6B53697A 
 509      6500
 510              	.LASF16:
 511 01b0 63686172 		.ascii	"char\000"
 511      00
 512              	.LASF2:
 513 01b5 73686F72 		.ascii	"short int\000"
 513      7420696E 
 513      7400
 514              	.LASF21:
 515 01bf 6E756D54 		.ascii	"numTaps\000"
 515      61707300 
 516              	.LASF12:
 517 01c7 75696E74 		.ascii	"uint16_t\000"
 517      31365F74 
 517      00
 518              	.LASF23:
 519 01d0 70436F65 		.ascii	"pCoeffs\000"
 519      66667300 
 520              	.LASF29:
 521 01d8 61726D5F 		.ascii	"arm_fir_init_q31\000"
 521      6669725F 
 521      696E6974 
 521      5F713331 
 521      00
 522              	.LASF6:
 523 01e9 6C6F6E67 		.ascii	"long int\000"
 523      20696E74 
 523      00
 524              	.LASF19:
 525 01f2 6C6F6E67 		.ascii	"long double\000"
ARM GAS  C:\Users\fneves\AppData\Local\Temp\ccpdOBlb.s 			page 13


 525      20646F75 
 525      626C6500 
 526              	.LASF27:
 527 01fe 536F7572 		.ascii	"Source\\FilteringFunctions\\arm_fir_init_q31.c\000"
 527      63655C46 
 527      696C7465 
 527      72696E67 
 527      46756E63 
 528              	.LASF0:
 529 022b 7369676E 		.ascii	"signed char\000"
 529      65642063 
 529      68617200 
 530              		.ident	"GCC: (GNU Tools for ARM Embedded Processors) 4.9.3 20150303 (release) [ARM/embedded-4_9-br
