ARM GAS  C:\Users\fneves\AppData\Local\Temp\ccJ84FR3.s 			page 1


   1              		.cpu cortex-m0plus
   2              		.fpu softvfp
   3              		.eabi_attribute 20, 1
   4              		.eabi_attribute 21, 1
   5              		.eabi_attribute 23, 3
   6              		.eabi_attribute 24, 1
   7              		.eabi_attribute 25, 1
   8              		.eabi_attribute 26, 1
   9              		.eabi_attribute 30, 6
  10              		.eabi_attribute 34, 0
  11              		.eabi_attribute 18, 4
  12              		.code	16
  13              		.file	"arm_mean_q7.c"
  14              		.text
  15              	.Ltext0:
  16              		.cfi_sections	.debug_frame
  17              		.global	__aeabi_idiv
  18              		.section	.text.arm_mean_q7,"ax",%progbits
  19              		.align	2
  20              		.global	arm_mean_q7
  21              		.code	16
  22              		.thumb_func
  23              		.type	arm_mean_q7, %function
  24              	arm_mean_q7:
  25              	.LFB82:
  26              		.file 1 "Source\\StatisticsFunctions\\arm_mean_q7.c"
   1:Source\StatisticsFunctions/arm_mean_q7.c **** /* ----------------------------------------------------------------------
   2:Source\StatisticsFunctions/arm_mean_q7.c ****  * Project:      CMSIS DSP Library
   3:Source\StatisticsFunctions/arm_mean_q7.c ****  * Title:        arm_mean_q7.c
   4:Source\StatisticsFunctions/arm_mean_q7.c ****  * Description:  Mean value of a Q7 vector
   5:Source\StatisticsFunctions/arm_mean_q7.c ****  *
   6:Source\StatisticsFunctions/arm_mean_q7.c ****  * $Date:        27. January 2017
   7:Source\StatisticsFunctions/arm_mean_q7.c ****  * $Revision:    V.1.5.1
   8:Source\StatisticsFunctions/arm_mean_q7.c ****  *
   9:Source\StatisticsFunctions/arm_mean_q7.c ****  * Target Processor: Cortex-M cores
  10:Source\StatisticsFunctions/arm_mean_q7.c ****  * -------------------------------------------------------------------- */
  11:Source\StatisticsFunctions/arm_mean_q7.c **** /*
  12:Source\StatisticsFunctions/arm_mean_q7.c ****  * Copyright (C) 2010-2017 ARM Limited or its affiliates. All rights reserved.
  13:Source\StatisticsFunctions/arm_mean_q7.c ****  *
  14:Source\StatisticsFunctions/arm_mean_q7.c ****  * SPDX-License-Identifier: Apache-2.0
  15:Source\StatisticsFunctions/arm_mean_q7.c ****  *
  16:Source\StatisticsFunctions/arm_mean_q7.c ****  * Licensed under the Apache License, Version 2.0 (the License); you may
  17:Source\StatisticsFunctions/arm_mean_q7.c ****  * not use this file except in compliance with the License.
  18:Source\StatisticsFunctions/arm_mean_q7.c ****  * You may obtain a copy of the License at
  19:Source\StatisticsFunctions/arm_mean_q7.c ****  *
  20:Source\StatisticsFunctions/arm_mean_q7.c ****  * www.apache.org/licenses/LICENSE-2.0
  21:Source\StatisticsFunctions/arm_mean_q7.c ****  *
  22:Source\StatisticsFunctions/arm_mean_q7.c ****  * Unless required by applicable law or agreed to in writing, software
  23:Source\StatisticsFunctions/arm_mean_q7.c ****  * distributed under the License is distributed on an AS IS BASIS, WITHOUT
  24:Source\StatisticsFunctions/arm_mean_q7.c ****  * WARRANTIES OR CONDITIONS OF ANY KIND, either express or implied.
  25:Source\StatisticsFunctions/arm_mean_q7.c ****  * See the License for the specific language governing permissions and
  26:Source\StatisticsFunctions/arm_mean_q7.c ****  * limitations under the License.
  27:Source\StatisticsFunctions/arm_mean_q7.c ****  */
  28:Source\StatisticsFunctions/arm_mean_q7.c **** 
  29:Source\StatisticsFunctions/arm_mean_q7.c **** #include "arm_math.h"
  30:Source\StatisticsFunctions/arm_mean_q7.c **** 
  31:Source\StatisticsFunctions/arm_mean_q7.c **** /**
ARM GAS  C:\Users\fneves\AppData\Local\Temp\ccJ84FR3.s 			page 2


  32:Source\StatisticsFunctions/arm_mean_q7.c ****  * @ingroup groupStats
  33:Source\StatisticsFunctions/arm_mean_q7.c ****  */
  34:Source\StatisticsFunctions/arm_mean_q7.c **** 
  35:Source\StatisticsFunctions/arm_mean_q7.c **** /**
  36:Source\StatisticsFunctions/arm_mean_q7.c ****  * @addtogroup mean
  37:Source\StatisticsFunctions/arm_mean_q7.c ****  * @{
  38:Source\StatisticsFunctions/arm_mean_q7.c ****  */
  39:Source\StatisticsFunctions/arm_mean_q7.c **** 
  40:Source\StatisticsFunctions/arm_mean_q7.c **** 
  41:Source\StatisticsFunctions/arm_mean_q7.c **** /**
  42:Source\StatisticsFunctions/arm_mean_q7.c ****  * @brief Mean value of a Q7 vector.
  43:Source\StatisticsFunctions/arm_mean_q7.c ****  * @param[in]       *pSrc points to the input vector
  44:Source\StatisticsFunctions/arm_mean_q7.c ****  * @param[in]       blockSize length of the input vector
  45:Source\StatisticsFunctions/arm_mean_q7.c ****  * @param[out]      *pResult mean value returned here
  46:Source\StatisticsFunctions/arm_mean_q7.c ****  * @return none.
  47:Source\StatisticsFunctions/arm_mean_q7.c ****  *
  48:Source\StatisticsFunctions/arm_mean_q7.c ****  * @details
  49:Source\StatisticsFunctions/arm_mean_q7.c ****  * <b>Scaling and Overflow Behavior:</b>
  50:Source\StatisticsFunctions/arm_mean_q7.c ****  * \par
  51:Source\StatisticsFunctions/arm_mean_q7.c ****  * The function is implemented using a 32-bit internal accumulator.
  52:Source\StatisticsFunctions/arm_mean_q7.c ****  * The input is represented in 1.7 format and is accumulated in a 32-bit
  53:Source\StatisticsFunctions/arm_mean_q7.c ****  * accumulator in 25.7 format.
  54:Source\StatisticsFunctions/arm_mean_q7.c ****  * There is no risk of internal overflow with this approach, and the
  55:Source\StatisticsFunctions/arm_mean_q7.c ****  * full precision of intermediate result is preserved.
  56:Source\StatisticsFunctions/arm_mean_q7.c ****  * Finally, the accumulator is truncated to yield a result of 1.7 format.
  57:Source\StatisticsFunctions/arm_mean_q7.c ****  *
  58:Source\StatisticsFunctions/arm_mean_q7.c ****  */
  59:Source\StatisticsFunctions/arm_mean_q7.c **** 
  60:Source\StatisticsFunctions/arm_mean_q7.c **** void arm_mean_q7(
  61:Source\StatisticsFunctions/arm_mean_q7.c ****   q7_t * pSrc,
  62:Source\StatisticsFunctions/arm_mean_q7.c ****   uint32_t blockSize,
  63:Source\StatisticsFunctions/arm_mean_q7.c ****   q7_t * pResult)
  64:Source\StatisticsFunctions/arm_mean_q7.c **** {
  27              		.loc 1 64 0
  28              		.cfi_startproc
  29 0000 80B5     		push	{r7, lr}
  30              		.cfi_def_cfa_offset 8
  31              		.cfi_offset 7, -8
  32              		.cfi_offset 14, -4
  33 0002 86B0     		sub	sp, sp, #24
  34              		.cfi_def_cfa_offset 32
  35 0004 00AF     		add	r7, sp, #0
  36              		.cfi_def_cfa_register 7
  37 0006 F860     		str	r0, [r7, #12]
  38 0008 B960     		str	r1, [r7, #8]
  39 000a 7A60     		str	r2, [r7, #4]
  65:Source\StatisticsFunctions/arm_mean_q7.c ****   q31_t sum = 0;                                 /* Temporary result storage */
  40              		.loc 1 65 0
  41 000c 0023     		mov	r3, #0
  42 000e 7B61     		str	r3, [r7, #20]
  66:Source\StatisticsFunctions/arm_mean_q7.c ****   uint32_t blkCnt;                               /* loop counter */
  67:Source\StatisticsFunctions/arm_mean_q7.c **** 
  68:Source\StatisticsFunctions/arm_mean_q7.c **** #if defined (ARM_MATH_DSP)
  69:Source\StatisticsFunctions/arm_mean_q7.c ****   /* Run the below code for Cortex-M4 and Cortex-M3 */
  70:Source\StatisticsFunctions/arm_mean_q7.c **** 
  71:Source\StatisticsFunctions/arm_mean_q7.c ****   q31_t in;
  72:Source\StatisticsFunctions/arm_mean_q7.c **** 
ARM GAS  C:\Users\fneves\AppData\Local\Temp\ccJ84FR3.s 			page 3


  73:Source\StatisticsFunctions/arm_mean_q7.c ****   /*loop Unrolling */
  74:Source\StatisticsFunctions/arm_mean_q7.c ****   blkCnt = blockSize >> 2u;
  75:Source\StatisticsFunctions/arm_mean_q7.c **** 
  76:Source\StatisticsFunctions/arm_mean_q7.c ****   /* First part of the processing with loop unrolling.  Compute 4 outputs at a time.
  77:Source\StatisticsFunctions/arm_mean_q7.c ****    ** a second loop below computes the remaining 1 to 3 samples. */
  78:Source\StatisticsFunctions/arm_mean_q7.c ****   while (blkCnt > 0u)
  79:Source\StatisticsFunctions/arm_mean_q7.c ****   {
  80:Source\StatisticsFunctions/arm_mean_q7.c ****     /* C = (A[0] + A[1] + A[2] + ... + A[blockSize-1]) */
  81:Source\StatisticsFunctions/arm_mean_q7.c ****     in = *__SIMD32(pSrc)++;
  82:Source\StatisticsFunctions/arm_mean_q7.c **** 
  83:Source\StatisticsFunctions/arm_mean_q7.c ****     sum += ((in << 24u) >> 24u);
  84:Source\StatisticsFunctions/arm_mean_q7.c ****     sum += ((in << 16u) >> 24u);
  85:Source\StatisticsFunctions/arm_mean_q7.c ****     sum += ((in <<  8u) >> 24u);
  86:Source\StatisticsFunctions/arm_mean_q7.c ****     sum +=  (in >> 24u);
  87:Source\StatisticsFunctions/arm_mean_q7.c **** 
  88:Source\StatisticsFunctions/arm_mean_q7.c ****     /* Decrement the loop counter */
  89:Source\StatisticsFunctions/arm_mean_q7.c ****     blkCnt--;
  90:Source\StatisticsFunctions/arm_mean_q7.c ****   }
  91:Source\StatisticsFunctions/arm_mean_q7.c **** 
  92:Source\StatisticsFunctions/arm_mean_q7.c ****   /* If the blockSize is not a multiple of 4, compute any remaining output samples here.
  93:Source\StatisticsFunctions/arm_mean_q7.c ****    ** No loop unrolling is used. */
  94:Source\StatisticsFunctions/arm_mean_q7.c ****   blkCnt = blockSize % 0x4u;
  95:Source\StatisticsFunctions/arm_mean_q7.c **** 
  96:Source\StatisticsFunctions/arm_mean_q7.c **** #else
  97:Source\StatisticsFunctions/arm_mean_q7.c ****   /* Run the below code for Cortex-M0 */
  98:Source\StatisticsFunctions/arm_mean_q7.c **** 
  99:Source\StatisticsFunctions/arm_mean_q7.c ****   /* Loop over blockSize number of values */
 100:Source\StatisticsFunctions/arm_mean_q7.c ****   blkCnt = blockSize;
  43              		.loc 1 100 0
  44 0010 BB68     		ldr	r3, [r7, #8]
  45 0012 3B61     		str	r3, [r7, #16]
 101:Source\StatisticsFunctions/arm_mean_q7.c **** 
 102:Source\StatisticsFunctions/arm_mean_q7.c **** #endif /* #if defined (ARM_MATH_DSP) */
 103:Source\StatisticsFunctions/arm_mean_q7.c **** 
 104:Source\StatisticsFunctions/arm_mean_q7.c ****   while (blkCnt > 0u)
  46              		.loc 1 104 0
  47 0014 0AE0     		b	.L2
  48              	.L3:
 105:Source\StatisticsFunctions/arm_mean_q7.c ****   {
 106:Source\StatisticsFunctions/arm_mean_q7.c ****     /* C = (A[0] + A[1] + A[2] + ... + A[blockSize-1]) */
 107:Source\StatisticsFunctions/arm_mean_q7.c ****     sum += *pSrc++;
  49              		.loc 1 107 0
  50 0016 FB68     		ldr	r3, [r7, #12]
  51 0018 5A1C     		add	r2, r3, #1
  52 001a FA60     		str	r2, [r7, #12]
  53 001c 1B78     		ldrb	r3, [r3]
  54 001e 5BB2     		sxtb	r3, r3
  55 0020 7A69     		ldr	r2, [r7, #20]
  56 0022 D318     		add	r3, r2, r3
  57 0024 7B61     		str	r3, [r7, #20]
 108:Source\StatisticsFunctions/arm_mean_q7.c **** 
 109:Source\StatisticsFunctions/arm_mean_q7.c ****     /* Decrement the loop counter */
 110:Source\StatisticsFunctions/arm_mean_q7.c ****     blkCnt--;
  58              		.loc 1 110 0
  59 0026 3B69     		ldr	r3, [r7, #16]
  60 0028 013B     		sub	r3, r3, #1
  61 002a 3B61     		str	r3, [r7, #16]
ARM GAS  C:\Users\fneves\AppData\Local\Temp\ccJ84FR3.s 			page 4


  62              	.L2:
 104:Source\StatisticsFunctions/arm_mean_q7.c ****   {
  63              		.loc 1 104 0
  64 002c 3B69     		ldr	r3, [r7, #16]
  65 002e 002B     		cmp	r3, #0
  66 0030 F1D1     		bne	.L3
 111:Source\StatisticsFunctions/arm_mean_q7.c ****   }
 112:Source\StatisticsFunctions/arm_mean_q7.c **** 
 113:Source\StatisticsFunctions/arm_mean_q7.c ****   /* C = (A[0] + A[1] + A[2] + ... + A[blockSize-1]) / blockSize  */
 114:Source\StatisticsFunctions/arm_mean_q7.c ****   /* Store the result to the destination */
 115:Source\StatisticsFunctions/arm_mean_q7.c ****   *pResult = (q7_t) (sum / (int32_t) blockSize);
  67              		.loc 1 115 0
  68 0032 BB68     		ldr	r3, [r7, #8]
  69 0034 7869     		ldr	r0, [r7, #20]
  70 0036 191C     		mov	r1, r3
  71 0038 FFF7FEFF 		bl	__aeabi_idiv
  72 003c 031C     		mov	r3, r0
  73 003e DAB2     		uxtb	r2, r3
  74 0040 7B68     		ldr	r3, [r7, #4]
  75 0042 1A70     		strb	r2, [r3]
 116:Source\StatisticsFunctions/arm_mean_q7.c **** }
  76              		.loc 1 116 0
  77 0044 BD46     		mov	sp, r7
  78 0046 06B0     		add	sp, sp, #24
  79              		@ sp needed
  80 0048 80BD     		pop	{r7, pc}
  81              		.cfi_endproc
  82              	.LFE82:
  83              		.size	arm_mean_q7, .-arm_mean_q7
  84 004a C046     		.text
  85              	.Letext0:
  86              		.file 2 "c:\\program files (x86)\\cypress\\psoc creator\\4.0\\psoc creator\\import\\gnu\\arm\\4.9.
  87              		.file 3 "c:\\program files (x86)\\cypress\\psoc creator\\4.0\\psoc creator\\import\\gnu\\arm\\4.9.
  88              		.file 4 ".\\Include/arm_math.h"
  89              		.section	.debug_info,"",%progbits
  90              	.Ldebug_info0:
  91 0000 43010000 		.4byte	0x143
  92 0004 0400     		.2byte	0x4
  93 0006 00000000 		.4byte	.Ldebug_abbrev0
  94 000a 04       		.byte	0x4
  95 000b 01       		.uleb128 0x1
  96 000c E9000000 		.4byte	.LASF26
  97 0010 01       		.byte	0x1
  98 0011 D1010000 		.4byte	.LASF27
  99 0015 13000000 		.4byte	.LASF28
 100 0019 00000000 		.4byte	.Ldebug_ranges0+0
 101 001d 00000000 		.4byte	0
 102 0021 00000000 		.4byte	.Ldebug_line0
 103 0025 02       		.uleb128 0x2
 104 0026 00000000 		.4byte	.LASF4
 105 002a 02       		.byte	0x2
 106 002b 1B       		.byte	0x1b
 107 002c 30000000 		.4byte	0x30
 108 0030 03       		.uleb128 0x3
 109 0031 01       		.byte	0x1
 110 0032 06       		.byte	0x6
 111 0033 06020000 		.4byte	.LASF0
ARM GAS  C:\Users\fneves\AppData\Local\Temp\ccJ84FR3.s 			page 5


 112 0037 03       		.uleb128 0x3
 113 0038 01       		.byte	0x1
 114 0039 08       		.byte	0x8
 115 003a 6C000000 		.4byte	.LASF1
 116 003e 03       		.uleb128 0x3
 117 003f 02       		.byte	0x2
 118 0040 05       		.byte	0x5
 119 0041 B5010000 		.4byte	.LASF2
 120 0045 03       		.uleb128 0x3
 121 0046 02       		.byte	0x2
 122 0047 07       		.byte	0x7
 123 0048 93000000 		.4byte	.LASF3
 124 004c 02       		.uleb128 0x2
 125 004d 09000000 		.4byte	.LASF5
 126 0051 02       		.byte	0x2
 127 0052 3F       		.byte	0x3f
 128 0053 57000000 		.4byte	0x57
 129 0057 03       		.uleb128 0x3
 130 0058 04       		.byte	0x4
 131 0059 05       		.byte	0x5
 132 005a C8010000 		.4byte	.LASF6
 133 005e 02       		.uleb128 0x2
 134 005f B5000000 		.4byte	.LASF7
 135 0063 02       		.byte	0x2
 136 0064 41       		.byte	0x41
 137 0065 69000000 		.4byte	0x69
 138 0069 03       		.uleb128 0x3
 139 006a 04       		.byte	0x4
 140 006b 07       		.byte	0x7
 141 006c 81000000 		.4byte	.LASF8
 142 0070 03       		.uleb128 0x3
 143 0071 08       		.byte	0x8
 144 0072 05       		.byte	0x5
 145 0073 98010000 		.4byte	.LASF9
 146 0077 03       		.uleb128 0x3
 147 0078 08       		.byte	0x8
 148 0079 07       		.byte	0x7
 149 007a D2000000 		.4byte	.LASF10
 150 007e 04       		.uleb128 0x4
 151 007f 04       		.byte	0x4
 152 0080 05       		.byte	0x5
 153 0081 696E7400 		.ascii	"int\000"
 154 0085 03       		.uleb128 0x3
 155 0086 04       		.byte	0x4
 156 0087 07       		.byte	0x7
 157 0088 C5000000 		.4byte	.LASF11
 158 008c 02       		.uleb128 0x2
 159 008d 59000000 		.4byte	.LASF12
 160 0091 03       		.byte	0x3
 161 0092 14       		.byte	0x14
 162 0093 25000000 		.4byte	0x25
 163 0097 02       		.uleb128 0x2
 164 0098 7B010000 		.4byte	.LASF13
 165 009c 03       		.byte	0x3
 166 009d 2C       		.byte	0x2c
 167 009e 4C000000 		.4byte	0x4c
 168 00a2 02       		.uleb128 0x2
ARM GAS  C:\Users\fneves\AppData\Local\Temp\ccJ84FR3.s 			page 6


 169 00a3 BF010000 		.4byte	.LASF14
 170 00a7 03       		.byte	0x3
 171 00a8 2D       		.byte	0x2d
 172 00a9 5E000000 		.4byte	0x5e
 173 00ad 03       		.uleb128 0x3
 174 00ae 04       		.byte	0x4
 175 00af 07       		.byte	0x7
 176 00b0 83010000 		.4byte	.LASF15
 177 00b4 03       		.uleb128 0x3
 178 00b5 01       		.byte	0x1
 179 00b6 08       		.byte	0x8
 180 00b7 B0010000 		.4byte	.LASF16
 181 00bb 03       		.uleb128 0x3
 182 00bc 08       		.byte	0x8
 183 00bd 04       		.byte	0x4
 184 00be AE000000 		.4byte	.LASF17
 185 00c2 03       		.uleb128 0x3
 186 00c3 04       		.byte	0x4
 187 00c4 04       		.byte	0x4
 188 00c5 60000000 		.4byte	.LASF18
 189 00c9 03       		.uleb128 0x3
 190 00ca 08       		.byte	0x8
 191 00cb 04       		.byte	0x4
 192 00cc FA010000 		.4byte	.LASF19
 193 00d0 05       		.uleb128 0x5
 194 00d1 C0000000 		.4byte	.LASF20
 195 00d5 04       		.byte	0x4
 196 00d6 9101     		.2byte	0x191
 197 00d8 8C000000 		.4byte	0x8c
 198 00dc 05       		.uleb128 0x5
 199 00dd 66000000 		.4byte	.LASF21
 200 00e1 04       		.byte	0x4
 201 00e2 9B01     		.2byte	0x19b
 202 00e4 97000000 		.4byte	0x97
 203 00e8 06       		.uleb128 0x6
 204 00e9 04       		.byte	0x4
 205 00ea D0000000 		.4byte	0xd0
 206 00ee 07       		.uleb128 0x7
 207 00ef 8C010000 		.4byte	.LASF29
 208 00f3 01       		.byte	0x1
 209 00f4 3C       		.byte	0x3c
 210 00f5 00000000 		.4byte	.LFB82
 211 00f9 4A000000 		.4byte	.LFE82-.LFB82
 212 00fd 01       		.uleb128 0x1
 213 00fe 9C       		.byte	0x9c
 214 00ff 08       		.uleb128 0x8
 215 0100 12020000 		.4byte	.LASF22
 216 0104 01       		.byte	0x1
 217 0105 3D       		.byte	0x3d
 218 0106 E8000000 		.4byte	0xe8
 219 010a 02       		.uleb128 0x2
 220 010b 91       		.byte	0x91
 221 010c 6C       		.sleb128 -20
 222 010d 08       		.uleb128 0x8
 223 010e A6010000 		.4byte	.LASF23
 224 0112 01       		.byte	0x1
 225 0113 3E       		.byte	0x3e
ARM GAS  C:\Users\fneves\AppData\Local\Temp\ccJ84FR3.s 			page 7


 226 0114 A2000000 		.4byte	0xa2
 227 0118 02       		.uleb128 0x2
 228 0119 91       		.byte	0x91
 229 011a 68       		.sleb128 -24
 230 011b 08       		.uleb128 0x8
 231 011c A6000000 		.4byte	.LASF24
 232 0120 01       		.byte	0x1
 233 0121 3F       		.byte	0x3f
 234 0122 E8000000 		.4byte	0xe8
 235 0126 02       		.uleb128 0x2
 236 0127 91       		.byte	0x91
 237 0128 64       		.sleb128 -28
 238 0129 09       		.uleb128 0x9
 239 012a 73756D00 		.ascii	"sum\000"
 240 012e 01       		.byte	0x1
 241 012f 41       		.byte	0x41
 242 0130 DC000000 		.4byte	0xdc
 243 0134 02       		.uleb128 0x2
 244 0135 91       		.byte	0x91
 245 0136 74       		.sleb128 -12
 246 0137 0A       		.uleb128 0xa
 247 0138 7A000000 		.4byte	.LASF25
 248 013c 01       		.byte	0x1
 249 013d 42       		.byte	0x42
 250 013e A2000000 		.4byte	0xa2
 251 0142 02       		.uleb128 0x2
 252 0143 91       		.byte	0x91
 253 0144 70       		.sleb128 -16
 254 0145 00       		.byte	0
 255 0146 00       		.byte	0
 256              		.section	.debug_abbrev,"",%progbits
 257              	.Ldebug_abbrev0:
 258 0000 01       		.uleb128 0x1
 259 0001 11       		.uleb128 0x11
 260 0002 01       		.byte	0x1
 261 0003 25       		.uleb128 0x25
 262 0004 0E       		.uleb128 0xe
 263 0005 13       		.uleb128 0x13
 264 0006 0B       		.uleb128 0xb
 265 0007 03       		.uleb128 0x3
 266 0008 0E       		.uleb128 0xe
 267 0009 1B       		.uleb128 0x1b
 268 000a 0E       		.uleb128 0xe
 269 000b 55       		.uleb128 0x55
 270 000c 17       		.uleb128 0x17
 271 000d 11       		.uleb128 0x11
 272 000e 01       		.uleb128 0x1
 273 000f 10       		.uleb128 0x10
 274 0010 17       		.uleb128 0x17
 275 0011 00       		.byte	0
 276 0012 00       		.byte	0
 277 0013 02       		.uleb128 0x2
 278 0014 16       		.uleb128 0x16
 279 0015 00       		.byte	0
 280 0016 03       		.uleb128 0x3
 281 0017 0E       		.uleb128 0xe
 282 0018 3A       		.uleb128 0x3a
ARM GAS  C:\Users\fneves\AppData\Local\Temp\ccJ84FR3.s 			page 8


 283 0019 0B       		.uleb128 0xb
 284 001a 3B       		.uleb128 0x3b
 285 001b 0B       		.uleb128 0xb
 286 001c 49       		.uleb128 0x49
 287 001d 13       		.uleb128 0x13
 288 001e 00       		.byte	0
 289 001f 00       		.byte	0
 290 0020 03       		.uleb128 0x3
 291 0021 24       		.uleb128 0x24
 292 0022 00       		.byte	0
 293 0023 0B       		.uleb128 0xb
 294 0024 0B       		.uleb128 0xb
 295 0025 3E       		.uleb128 0x3e
 296 0026 0B       		.uleb128 0xb
 297 0027 03       		.uleb128 0x3
 298 0028 0E       		.uleb128 0xe
 299 0029 00       		.byte	0
 300 002a 00       		.byte	0
 301 002b 04       		.uleb128 0x4
 302 002c 24       		.uleb128 0x24
 303 002d 00       		.byte	0
 304 002e 0B       		.uleb128 0xb
 305 002f 0B       		.uleb128 0xb
 306 0030 3E       		.uleb128 0x3e
 307 0031 0B       		.uleb128 0xb
 308 0032 03       		.uleb128 0x3
 309 0033 08       		.uleb128 0x8
 310 0034 00       		.byte	0
 311 0035 00       		.byte	0
 312 0036 05       		.uleb128 0x5
 313 0037 16       		.uleb128 0x16
 314 0038 00       		.byte	0
 315 0039 03       		.uleb128 0x3
 316 003a 0E       		.uleb128 0xe
 317 003b 3A       		.uleb128 0x3a
 318 003c 0B       		.uleb128 0xb
 319 003d 3B       		.uleb128 0x3b
 320 003e 05       		.uleb128 0x5
 321 003f 49       		.uleb128 0x49
 322 0040 13       		.uleb128 0x13
 323 0041 00       		.byte	0
 324 0042 00       		.byte	0
 325 0043 06       		.uleb128 0x6
 326 0044 0F       		.uleb128 0xf
 327 0045 00       		.byte	0
 328 0046 0B       		.uleb128 0xb
 329 0047 0B       		.uleb128 0xb
 330 0048 49       		.uleb128 0x49
 331 0049 13       		.uleb128 0x13
 332 004a 00       		.byte	0
 333 004b 00       		.byte	0
 334 004c 07       		.uleb128 0x7
 335 004d 2E       		.uleb128 0x2e
 336 004e 01       		.byte	0x1
 337 004f 3F       		.uleb128 0x3f
 338 0050 19       		.uleb128 0x19
 339 0051 03       		.uleb128 0x3
ARM GAS  C:\Users\fneves\AppData\Local\Temp\ccJ84FR3.s 			page 9


 340 0052 0E       		.uleb128 0xe
 341 0053 3A       		.uleb128 0x3a
 342 0054 0B       		.uleb128 0xb
 343 0055 3B       		.uleb128 0x3b
 344 0056 0B       		.uleb128 0xb
 345 0057 27       		.uleb128 0x27
 346 0058 19       		.uleb128 0x19
 347 0059 11       		.uleb128 0x11
 348 005a 01       		.uleb128 0x1
 349 005b 12       		.uleb128 0x12
 350 005c 06       		.uleb128 0x6
 351 005d 40       		.uleb128 0x40
 352 005e 18       		.uleb128 0x18
 353 005f 9642     		.uleb128 0x2116
 354 0061 19       		.uleb128 0x19
 355 0062 00       		.byte	0
 356 0063 00       		.byte	0
 357 0064 08       		.uleb128 0x8
 358 0065 05       		.uleb128 0x5
 359 0066 00       		.byte	0
 360 0067 03       		.uleb128 0x3
 361 0068 0E       		.uleb128 0xe
 362 0069 3A       		.uleb128 0x3a
 363 006a 0B       		.uleb128 0xb
 364 006b 3B       		.uleb128 0x3b
 365 006c 0B       		.uleb128 0xb
 366 006d 49       		.uleb128 0x49
 367 006e 13       		.uleb128 0x13
 368 006f 02       		.uleb128 0x2
 369 0070 18       		.uleb128 0x18
 370 0071 00       		.byte	0
 371 0072 00       		.byte	0
 372 0073 09       		.uleb128 0x9
 373 0074 34       		.uleb128 0x34
 374 0075 00       		.byte	0
 375 0076 03       		.uleb128 0x3
 376 0077 08       		.uleb128 0x8
 377 0078 3A       		.uleb128 0x3a
 378 0079 0B       		.uleb128 0xb
 379 007a 3B       		.uleb128 0x3b
 380 007b 0B       		.uleb128 0xb
 381 007c 49       		.uleb128 0x49
 382 007d 13       		.uleb128 0x13
 383 007e 02       		.uleb128 0x2
 384 007f 18       		.uleb128 0x18
 385 0080 00       		.byte	0
 386 0081 00       		.byte	0
 387 0082 0A       		.uleb128 0xa
 388 0083 34       		.uleb128 0x34
 389 0084 00       		.byte	0
 390 0085 03       		.uleb128 0x3
 391 0086 0E       		.uleb128 0xe
 392 0087 3A       		.uleb128 0x3a
 393 0088 0B       		.uleb128 0xb
 394 0089 3B       		.uleb128 0x3b
 395 008a 0B       		.uleb128 0xb
 396 008b 49       		.uleb128 0x49
ARM GAS  C:\Users\fneves\AppData\Local\Temp\ccJ84FR3.s 			page 10


 397 008c 13       		.uleb128 0x13
 398 008d 02       		.uleb128 0x2
 399 008e 18       		.uleb128 0x18
 400 008f 00       		.byte	0
 401 0090 00       		.byte	0
 402 0091 00       		.byte	0
 403              		.section	.debug_aranges,"",%progbits
 404 0000 1C000000 		.4byte	0x1c
 405 0004 0200     		.2byte	0x2
 406 0006 00000000 		.4byte	.Ldebug_info0
 407 000a 04       		.byte	0x4
 408 000b 00       		.byte	0
 409 000c 0000     		.2byte	0
 410 000e 0000     		.2byte	0
 411 0010 00000000 		.4byte	.LFB82
 412 0014 4A000000 		.4byte	.LFE82-.LFB82
 413 0018 00000000 		.4byte	0
 414 001c 00000000 		.4byte	0
 415              		.section	.debug_ranges,"",%progbits
 416              	.Ldebug_ranges0:
 417 0000 00000000 		.4byte	.LFB82
 418 0004 4A000000 		.4byte	.LFE82
 419 0008 00000000 		.4byte	0
 420 000c 00000000 		.4byte	0
 421              		.section	.debug_line,"",%progbits
 422              	.Ldebug_line0:
 423 0000 72010000 		.section	.debug_str,"MS",%progbits,1
 423      02004F01 
 423      00000201 
 423      FB0E0D00 
 423      01010101 
 424              	.LASF4:
 425 0000 5F5F696E 		.ascii	"__int8_t\000"
 425      74385F74 
 425      00
 426              	.LASF5:
 427 0009 5F5F696E 		.ascii	"__int32_t\000"
 427      7433325F 
 427      7400
 428              	.LASF28:
 429 0013 433A5C55 		.ascii	"C:\\Users\\fneves\\Documents\\PSoC Creator\\wp_1\\e"
 429      73657273 
 429      5C666E65 
 429      7665735C 
 429      446F6375 
 430 0040 6E67696E 		.ascii	"ngine_speed_sensor.cydsn\000"
 430      655F7370 
 430      6565645F 
 430      73656E73 
 430      6F722E63 
 431              	.LASF12:
 432 0059 696E7438 		.ascii	"int8_t\000"
 432      5F7400
 433              	.LASF18:
 434 0060 666C6F61 		.ascii	"float\000"
 434      7400
 435              	.LASF21:
ARM GAS  C:\Users\fneves\AppData\Local\Temp\ccJ84FR3.s 			page 11


 436 0066 7133315F 		.ascii	"q31_t\000"
 436      7400
 437              	.LASF1:
 438 006c 756E7369 		.ascii	"unsigned char\000"
 438      676E6564 
 438      20636861 
 438      7200
 439              	.LASF25:
 440 007a 626C6B43 		.ascii	"blkCnt\000"
 440      6E7400
 441              	.LASF8:
 442 0081 6C6F6E67 		.ascii	"long unsigned int\000"
 442      20756E73 
 442      69676E65 
 442      6420696E 
 442      7400
 443              	.LASF3:
 444 0093 73686F72 		.ascii	"short unsigned int\000"
 444      7420756E 
 444      7369676E 
 444      65642069 
 444      6E7400
 445              	.LASF24:
 446 00a6 70526573 		.ascii	"pResult\000"
 446      756C7400 
 447              	.LASF17:
 448 00ae 646F7562 		.ascii	"double\000"
 448      6C6500
 449              	.LASF7:
 450 00b5 5F5F7569 		.ascii	"__uint32_t\000"
 450      6E743332 
 450      5F7400
 451              	.LASF20:
 452 00c0 71375F74 		.ascii	"q7_t\000"
 452      00
 453              	.LASF11:
 454 00c5 756E7369 		.ascii	"unsigned int\000"
 454      676E6564 
 454      20696E74 
 454      00
 455              	.LASF10:
 456 00d2 6C6F6E67 		.ascii	"long long unsigned int\000"
 456      206C6F6E 
 456      6720756E 
 456      7369676E 
 456      65642069 
 457              	.LASF26:
 458 00e9 474E5520 		.ascii	"GNU C 4.9.3 20150303 (release) [ARM/embedded-4_9-br"
 458      4320342E 
 458      392E3320 
 458      32303135 
 458      30333033 
 459 011c 616E6368 		.ascii	"anch revision 221220] -mcpu=cortex-m0plus -mthumb -"
 459      20726576 
 459      6973696F 
 459      6E203232 
 459      31323230 
ARM GAS  C:\Users\fneves\AppData\Local\Temp\ccJ84FR3.s 			page 12


 460 014f 67202D4F 		.ascii	"g -O0 -ffunction-sections -ffat-lto-objects\000"
 460      30202D66 
 460      66756E63 
 460      74696F6E 
 460      2D736563 
 461              	.LASF13:
 462 017b 696E7433 		.ascii	"int32_t\000"
 462      325F7400 
 463              	.LASF15:
 464 0183 73697A65 		.ascii	"sizetype\000"
 464      74797065 
 464      00
 465              	.LASF29:
 466 018c 61726D5F 		.ascii	"arm_mean_q7\000"
 466      6D65616E 
 466      5F713700 
 467              	.LASF9:
 468 0198 6C6F6E67 		.ascii	"long long int\000"
 468      206C6F6E 
 468      6720696E 
 468      7400
 469              	.LASF23:
 470 01a6 626C6F63 		.ascii	"blockSize\000"
 470      6B53697A 
 470      6500
 471              	.LASF16:
 472 01b0 63686172 		.ascii	"char\000"
 472      00
 473              	.LASF2:
 474 01b5 73686F72 		.ascii	"short int\000"
 474      7420696E 
 474      7400
 475              	.LASF14:
 476 01bf 75696E74 		.ascii	"uint32_t\000"
 476      33325F74 
 476      00
 477              	.LASF6:
 478 01c8 6C6F6E67 		.ascii	"long int\000"
 478      20696E74 
 478      00
 479              	.LASF27:
 480 01d1 536F7572 		.ascii	"Source\\StatisticsFunctions\\arm_mean_q7.c\000"
 480      63655C53 
 480      74617469 
 480      73746963 
 480      7346756E 
 481              	.LASF19:
 482 01fa 6C6F6E67 		.ascii	"long double\000"
 482      20646F75 
 482      626C6500 
 483              	.LASF0:
 484 0206 7369676E 		.ascii	"signed char\000"
 484      65642063 
 484      68617200 
 485              	.LASF22:
 486 0212 70537263 		.ascii	"pSrc\000"
 486      00
ARM GAS  C:\Users\fneves\AppData\Local\Temp\ccJ84FR3.s 			page 13


 487              		.ident	"GCC: (GNU Tools for ARM Embedded Processors) 4.9.3 20150303 (release) [ARM/embedded-4_9-br
