ARM GAS  C:\Users\fneves\AppData\Local\Temp\ccBoVlaK.s 			page 1


   1              		.cpu cortex-m0plus
   2              		.fpu softvfp
   3              		.eabi_attribute 20, 1
   4              		.eabi_attribute 21, 1
   5              		.eabi_attribute 23, 3
   6              		.eabi_attribute 24, 1
   7              		.eabi_attribute 25, 1
   8              		.eabi_attribute 26, 1
   9              		.eabi_attribute 30, 6
  10              		.eabi_attribute 34, 0
  11              		.eabi_attribute 18, 4
  12              		.code	16
  13              		.file	"arm_mat_init_q15.c"
  14              		.text
  15              	.Ltext0:
  16              		.cfi_sections	.debug_frame
  17              		.section	.text.arm_mat_init_q15,"ax",%progbits
  18              		.align	2
  19              		.global	arm_mat_init_q15
  20              		.code	16
  21              		.thumb_func
  22              		.type	arm_mat_init_q15, %function
  23              	arm_mat_init_q15:
  24              	.LFB82:
  25              		.file 1 "Source\\MatrixFunctions\\arm_mat_init_q15.c"
   1:Source\MatrixFunctions/arm_mat_init_q15.c **** /* ----------------------------------------------------------------------
   2:Source\MatrixFunctions/arm_mat_init_q15.c ****  * Project:      CMSIS DSP Library
   3:Source\MatrixFunctions/arm_mat_init_q15.c ****  * Title:        arm_mat_init_q15.c
   4:Source\MatrixFunctions/arm_mat_init_q15.c ****  * Description:  Q15 matrix initialization
   5:Source\MatrixFunctions/arm_mat_init_q15.c ****  *
   6:Source\MatrixFunctions/arm_mat_init_q15.c ****  * $Date:        27. January 2017
   7:Source\MatrixFunctions/arm_mat_init_q15.c ****  * $Revision:    V.1.5.1
   8:Source\MatrixFunctions/arm_mat_init_q15.c ****  *
   9:Source\MatrixFunctions/arm_mat_init_q15.c ****  * Target Processor: Cortex-M cores
  10:Source\MatrixFunctions/arm_mat_init_q15.c ****  * -------------------------------------------------------------------- */
  11:Source\MatrixFunctions/arm_mat_init_q15.c **** /*
  12:Source\MatrixFunctions/arm_mat_init_q15.c ****  * Copyright (C) 2010-2017 ARM Limited or its affiliates. All rights reserved.
  13:Source\MatrixFunctions/arm_mat_init_q15.c ****  *
  14:Source\MatrixFunctions/arm_mat_init_q15.c ****  * SPDX-License-Identifier: Apache-2.0
  15:Source\MatrixFunctions/arm_mat_init_q15.c ****  *
  16:Source\MatrixFunctions/arm_mat_init_q15.c ****  * Licensed under the Apache License, Version 2.0 (the License); you may
  17:Source\MatrixFunctions/arm_mat_init_q15.c ****  * not use this file except in compliance with the License.
  18:Source\MatrixFunctions/arm_mat_init_q15.c ****  * You may obtain a copy of the License at
  19:Source\MatrixFunctions/arm_mat_init_q15.c ****  *
  20:Source\MatrixFunctions/arm_mat_init_q15.c ****  * www.apache.org/licenses/LICENSE-2.0
  21:Source\MatrixFunctions/arm_mat_init_q15.c ****  *
  22:Source\MatrixFunctions/arm_mat_init_q15.c ****  * Unless required by applicable law or agreed to in writing, software
  23:Source\MatrixFunctions/arm_mat_init_q15.c ****  * distributed under the License is distributed on an AS IS BASIS, WITHOUT
  24:Source\MatrixFunctions/arm_mat_init_q15.c ****  * WARRANTIES OR CONDITIONS OF ANY KIND, either express or implied.
  25:Source\MatrixFunctions/arm_mat_init_q15.c ****  * See the License for the specific language governing permissions and
  26:Source\MatrixFunctions/arm_mat_init_q15.c ****  * limitations under the License.
  27:Source\MatrixFunctions/arm_mat_init_q15.c ****  */
  28:Source\MatrixFunctions/arm_mat_init_q15.c **** 
  29:Source\MatrixFunctions/arm_mat_init_q15.c **** #include "arm_math.h"
  30:Source\MatrixFunctions/arm_mat_init_q15.c **** 
  31:Source\MatrixFunctions/arm_mat_init_q15.c **** /**
  32:Source\MatrixFunctions/arm_mat_init_q15.c ****  * @ingroup groupMatrix
ARM GAS  C:\Users\fneves\AppData\Local\Temp\ccBoVlaK.s 			page 2


  33:Source\MatrixFunctions/arm_mat_init_q15.c ****  */
  34:Source\MatrixFunctions/arm_mat_init_q15.c **** 
  35:Source\MatrixFunctions/arm_mat_init_q15.c **** /**
  36:Source\MatrixFunctions/arm_mat_init_q15.c ****  * @addtogroup MatrixInit
  37:Source\MatrixFunctions/arm_mat_init_q15.c ****  * @{
  38:Source\MatrixFunctions/arm_mat_init_q15.c ****  */
  39:Source\MatrixFunctions/arm_mat_init_q15.c **** 
  40:Source\MatrixFunctions/arm_mat_init_q15.c ****   /**
  41:Source\MatrixFunctions/arm_mat_init_q15.c ****    * @brief  Q15 matrix initialization.
  42:Source\MatrixFunctions/arm_mat_init_q15.c ****    * @param[in,out] *S             points to an instance of the floating-point matrix structure.
  43:Source\MatrixFunctions/arm_mat_init_q15.c ****    * @param[in]     nRows          number of rows in the matrix.
  44:Source\MatrixFunctions/arm_mat_init_q15.c ****    * @param[in]     nColumns       number of columns in the matrix.
  45:Source\MatrixFunctions/arm_mat_init_q15.c ****    * @param[in]     *pData	   points to the matrix data array.
  46:Source\MatrixFunctions/arm_mat_init_q15.c ****    * @return        none
  47:Source\MatrixFunctions/arm_mat_init_q15.c ****    */
  48:Source\MatrixFunctions/arm_mat_init_q15.c **** 
  49:Source\MatrixFunctions/arm_mat_init_q15.c **** void arm_mat_init_q15(
  50:Source\MatrixFunctions/arm_mat_init_q15.c ****   arm_matrix_instance_q15 * S,
  51:Source\MatrixFunctions/arm_mat_init_q15.c ****   uint16_t nRows,
  52:Source\MatrixFunctions/arm_mat_init_q15.c ****   uint16_t nColumns,
  53:Source\MatrixFunctions/arm_mat_init_q15.c ****   q15_t * pData)
  54:Source\MatrixFunctions/arm_mat_init_q15.c **** {
  26              		.loc 1 54 0
  27              		.cfi_startproc
  28 0000 80B5     		push	{r7, lr}
  29              		.cfi_def_cfa_offset 8
  30              		.cfi_offset 7, -8
  31              		.cfi_offset 14, -4
  32 0002 84B0     		sub	sp, sp, #16
  33              		.cfi_def_cfa_offset 24
  34 0004 00AF     		add	r7, sp, #0
  35              		.cfi_def_cfa_register 7
  36 0006 F860     		str	r0, [r7, #12]
  37 0008 081C     		mov	r0, r1
  38 000a 111C     		mov	r1, r2
  39 000c 7B60     		str	r3, [r7, #4]
  40 000e 0A23     		mov	r3, #10
  41 0010 FB18     		add	r3, r7, r3
  42 0012 021C     		add	r2, r0, #0
  43 0014 1A80     		strh	r2, [r3]
  44 0016 0823     		mov	r3, #8
  45 0018 FB18     		add	r3, r7, r3
  46 001a 0A1C     		add	r2, r1, #0
  47 001c 1A80     		strh	r2, [r3]
  55:Source\MatrixFunctions/arm_mat_init_q15.c ****   /* Assign Number of Rows */
  56:Source\MatrixFunctions/arm_mat_init_q15.c ****   S->numRows = nRows;
  48              		.loc 1 56 0
  49 001e FB68     		ldr	r3, [r7, #12]
  50 0020 0A22     		mov	r2, #10
  51 0022 BA18     		add	r2, r7, r2
  52 0024 1288     		ldrh	r2, [r2]
  53 0026 1A80     		strh	r2, [r3]
  57:Source\MatrixFunctions/arm_mat_init_q15.c **** 
  58:Source\MatrixFunctions/arm_mat_init_q15.c ****   /* Assign Number of Columns */
  59:Source\MatrixFunctions/arm_mat_init_q15.c ****   S->numCols = nColumns;
  54              		.loc 1 59 0
  55 0028 FB68     		ldr	r3, [r7, #12]
ARM GAS  C:\Users\fneves\AppData\Local\Temp\ccBoVlaK.s 			page 3


  56 002a 0822     		mov	r2, #8
  57 002c BA18     		add	r2, r7, r2
  58 002e 1288     		ldrh	r2, [r2]
  59 0030 5A80     		strh	r2, [r3, #2]
  60:Source\MatrixFunctions/arm_mat_init_q15.c **** 
  61:Source\MatrixFunctions/arm_mat_init_q15.c ****   /* Assign Data pointer */
  62:Source\MatrixFunctions/arm_mat_init_q15.c ****   S->pData = pData;
  60              		.loc 1 62 0
  61 0032 FB68     		ldr	r3, [r7, #12]
  62 0034 7A68     		ldr	r2, [r7, #4]
  63 0036 5A60     		str	r2, [r3, #4]
  63:Source\MatrixFunctions/arm_mat_init_q15.c **** }
  64              		.loc 1 63 0
  65 0038 BD46     		mov	sp, r7
  66 003a 04B0     		add	sp, sp, #16
  67              		@ sp needed
  68 003c 80BD     		pop	{r7, pc}
  69              		.cfi_endproc
  70              	.LFE82:
  71              		.size	arm_mat_init_q15, .-arm_mat_init_q15
  72 003e C046     		.text
  73              	.Letext0:
  74              		.file 2 "c:\\program files (x86)\\cypress\\psoc creator\\4.0\\psoc creator\\import\\gnu\\arm\\4.9.
  75              		.file 3 "c:\\program files (x86)\\cypress\\psoc creator\\4.0\\psoc creator\\import\\gnu\\arm\\4.9.
  76              		.file 4 ".\\Include/arm_math.h"
  77              		.section	.debug_info,"",%progbits
  78              	.Ldebug_info0:
  79 0000 58010000 		.4byte	0x158
  80 0004 0400     		.2byte	0x4
  81 0006 00000000 		.4byte	.Ldebug_abbrev0
  82 000a 04       		.byte	0x4
  83 000b 01       		.uleb128 0x1
  84 000c 03010000 		.4byte	.LASF25
  85 0010 01       		.byte	0x1
  86 0011 E1010000 		.4byte	.LASF26
  87 0015 24000000 		.4byte	.LASF27
  88 0019 00000000 		.4byte	.Ldebug_ranges0+0
  89 001d 00000000 		.4byte	0
  90 0021 00000000 		.4byte	.Ldebug_line0
  91 0025 02       		.uleb128 0x2
  92 0026 01       		.byte	0x1
  93 0027 06       		.byte	0x6
  94 0028 0B020000 		.4byte	.LASF0
  95 002c 02       		.uleb128 0x2
  96 002d 01       		.byte	0x1
  97 002e 08       		.byte	0x8
  98 002f 82000000 		.4byte	.LASF1
  99 0033 03       		.uleb128 0x3
 100 0034 09000000 		.4byte	.LASF3
 101 0038 02       		.byte	0x2
 102 0039 29       		.byte	0x29
 103 003a 3E000000 		.4byte	0x3e
 104 003e 02       		.uleb128 0x2
 105 003f 02       		.byte	0x2
 106 0040 05       		.byte	0x5
 107 0041 C5010000 		.4byte	.LASF2
 108 0045 03       		.uleb128 0x3
ARM GAS  C:\Users\fneves\AppData\Local\Temp\ccBoVlaK.s 			page 4


 109 0046 CD000000 		.4byte	.LASF4
 110 004a 02       		.byte	0x2
 111 004b 2B       		.byte	0x2b
 112 004c 50000000 		.4byte	0x50
 113 0050 02       		.uleb128 0x2
 114 0051 02       		.byte	0x2
 115 0052 07       		.byte	0x7
 116 0053 BA000000 		.4byte	.LASF5
 117 0057 02       		.uleb128 0x2
 118 0058 04       		.byte	0x4
 119 0059 05       		.byte	0x5
 120 005a D8010000 		.4byte	.LASF6
 121 005e 02       		.uleb128 0x2
 122 005f 04       		.byte	0x4
 123 0060 07       		.byte	0x7
 124 0061 A8000000 		.4byte	.LASF7
 125 0065 02       		.uleb128 0x2
 126 0066 08       		.byte	0x8
 127 0067 05       		.byte	0x5
 128 0068 B2010000 		.4byte	.LASF8
 129 006c 02       		.uleb128 0x2
 130 006d 08       		.byte	0x8
 131 006e 07       		.byte	0x7
 132 006f EC000000 		.4byte	.LASF9
 133 0073 04       		.uleb128 0x4
 134 0074 04       		.byte	0x4
 135 0075 05       		.byte	0x5
 136 0076 696E7400 		.ascii	"int\000"
 137 007a 02       		.uleb128 0x2
 138 007b 04       		.byte	0x4
 139 007c 07       		.byte	0x7
 140 007d DF000000 		.4byte	.LASF10
 141 0081 03       		.uleb128 0x3
 142 0082 95010000 		.4byte	.LASF11
 143 0086 03       		.byte	0x3
 144 0087 20       		.byte	0x20
 145 0088 33000000 		.4byte	0x33
 146 008c 03       		.uleb128 0x3
 147 008d CF010000 		.4byte	.LASF12
 148 0091 03       		.byte	0x3
 149 0092 21       		.byte	0x21
 150 0093 45000000 		.4byte	0x45
 151 0097 02       		.uleb128 0x2
 152 0098 04       		.byte	0x4
 153 0099 07       		.byte	0x7
 154 009a A9010000 		.4byte	.LASF13
 155 009e 02       		.uleb128 0x2
 156 009f 01       		.byte	0x1
 157 00a0 08       		.byte	0x8
 158 00a1 C0010000 		.4byte	.LASF14
 159 00a5 02       		.uleb128 0x2
 160 00a6 08       		.byte	0x8
 161 00a7 04       		.byte	0x4
 162 00a8 D8000000 		.4byte	.LASF15
 163 00ac 02       		.uleb128 0x2
 164 00ad 04       		.byte	0x4
 165 00ae 04       		.byte	0x4
ARM GAS  C:\Users\fneves\AppData\Local\Temp\ccBoVlaK.s 			page 5


 166 00af 76000000 		.4byte	.LASF16
 167 00b3 02       		.uleb128 0x2
 168 00b4 08       		.byte	0x8
 169 00b5 04       		.byte	0x4
 170 00b6 9D010000 		.4byte	.LASF17
 171 00ba 05       		.uleb128 0x5
 172 00bb 70000000 		.4byte	.LASF18
 173 00bf 04       		.byte	0x4
 174 00c0 9601     		.2byte	0x196
 175 00c2 81000000 		.4byte	0x81
 176 00c6 06       		.uleb128 0x6
 177 00c7 04       		.byte	0x4
 178 00c8 BA000000 		.4byte	0xba
 179 00cc 07       		.uleb128 0x7
 180 00cd 08       		.byte	0x8
 181 00ce 04       		.byte	0x4
 182 00cf AF05     		.2byte	0x5af
 183 00d1 FD000000 		.4byte	0xfd
 184 00d5 08       		.uleb128 0x8
 185 00d6 17020000 		.4byte	.LASF19
 186 00da 04       		.byte	0x4
 187 00db B105     		.2byte	0x5b1
 188 00dd 8C000000 		.4byte	0x8c
 189 00e1 00       		.byte	0
 190 00e2 08       		.uleb128 0x8
 191 00e3 1F020000 		.4byte	.LASF20
 192 00e7 04       		.byte	0x4
 193 00e8 B205     		.2byte	0x5b2
 194 00ea 8C000000 		.4byte	0x8c
 195 00ee 02       		.byte	0x2
 196 00ef 08       		.uleb128 0x8
 197 00f0 6A000000 		.4byte	.LASF21
 198 00f4 04       		.byte	0x4
 199 00f5 B305     		.2byte	0x5b3
 200 00f7 C6000000 		.4byte	0xc6
 201 00fb 04       		.byte	0x4
 202 00fc 00       		.byte	0
 203 00fd 05       		.uleb128 0x5
 204 00fe 90000000 		.4byte	.LASF22
 205 0102 04       		.byte	0x4
 206 0103 B405     		.2byte	0x5b4
 207 0105 CC000000 		.4byte	0xcc
 208 0109 09       		.uleb128 0x9
 209 010a 13000000 		.4byte	.LASF28
 210 010e 01       		.byte	0x1
 211 010f 31       		.byte	0x31
 212 0110 00000000 		.4byte	.LFB82
 213 0114 3E000000 		.4byte	.LFE82-.LFB82
 214 0118 01       		.uleb128 0x1
 215 0119 9C       		.byte	0x9c
 216 011a 55010000 		.4byte	0x155
 217 011e 0A       		.uleb128 0xa
 218 011f 5300     		.ascii	"S\000"
 219 0121 01       		.byte	0x1
 220 0122 32       		.byte	0x32
 221 0123 55010000 		.4byte	0x155
 222 0127 02       		.uleb128 0x2
ARM GAS  C:\Users\fneves\AppData\Local\Temp\ccBoVlaK.s 			page 6


 223 0128 91       		.byte	0x91
 224 0129 74       		.sleb128 -12
 225 012a 0B       		.uleb128 0xb
 226 012b 7C000000 		.4byte	.LASF23
 227 012f 01       		.byte	0x1
 228 0130 33       		.byte	0x33
 229 0131 8C000000 		.4byte	0x8c
 230 0135 02       		.uleb128 0x2
 231 0136 91       		.byte	0x91
 232 0137 72       		.sleb128 -14
 233 0138 0B       		.uleb128 0xb
 234 0139 00000000 		.4byte	.LASF24
 235 013d 01       		.byte	0x1
 236 013e 34       		.byte	0x34
 237 013f 8C000000 		.4byte	0x8c
 238 0143 02       		.uleb128 0x2
 239 0144 91       		.byte	0x91
 240 0145 70       		.sleb128 -16
 241 0146 0B       		.uleb128 0xb
 242 0147 6A000000 		.4byte	.LASF21
 243 014b 01       		.byte	0x1
 244 014c 35       		.byte	0x35
 245 014d C6000000 		.4byte	0xc6
 246 0151 02       		.uleb128 0x2
 247 0152 91       		.byte	0x91
 248 0153 6C       		.sleb128 -20
 249 0154 00       		.byte	0
 250 0155 06       		.uleb128 0x6
 251 0156 04       		.byte	0x4
 252 0157 FD000000 		.4byte	0xfd
 253 015b 00       		.byte	0
 254              		.section	.debug_abbrev,"",%progbits
 255              	.Ldebug_abbrev0:
 256 0000 01       		.uleb128 0x1
 257 0001 11       		.uleb128 0x11
 258 0002 01       		.byte	0x1
 259 0003 25       		.uleb128 0x25
 260 0004 0E       		.uleb128 0xe
 261 0005 13       		.uleb128 0x13
 262 0006 0B       		.uleb128 0xb
 263 0007 03       		.uleb128 0x3
 264 0008 0E       		.uleb128 0xe
 265 0009 1B       		.uleb128 0x1b
 266 000a 0E       		.uleb128 0xe
 267 000b 55       		.uleb128 0x55
 268 000c 17       		.uleb128 0x17
 269 000d 11       		.uleb128 0x11
 270 000e 01       		.uleb128 0x1
 271 000f 10       		.uleb128 0x10
 272 0010 17       		.uleb128 0x17
 273 0011 00       		.byte	0
 274 0012 00       		.byte	0
 275 0013 02       		.uleb128 0x2
 276 0014 24       		.uleb128 0x24
 277 0015 00       		.byte	0
 278 0016 0B       		.uleb128 0xb
 279 0017 0B       		.uleb128 0xb
ARM GAS  C:\Users\fneves\AppData\Local\Temp\ccBoVlaK.s 			page 7


 280 0018 3E       		.uleb128 0x3e
 281 0019 0B       		.uleb128 0xb
 282 001a 03       		.uleb128 0x3
 283 001b 0E       		.uleb128 0xe
 284 001c 00       		.byte	0
 285 001d 00       		.byte	0
 286 001e 03       		.uleb128 0x3
 287 001f 16       		.uleb128 0x16
 288 0020 00       		.byte	0
 289 0021 03       		.uleb128 0x3
 290 0022 0E       		.uleb128 0xe
 291 0023 3A       		.uleb128 0x3a
 292 0024 0B       		.uleb128 0xb
 293 0025 3B       		.uleb128 0x3b
 294 0026 0B       		.uleb128 0xb
 295 0027 49       		.uleb128 0x49
 296 0028 13       		.uleb128 0x13
 297 0029 00       		.byte	0
 298 002a 00       		.byte	0
 299 002b 04       		.uleb128 0x4
 300 002c 24       		.uleb128 0x24
 301 002d 00       		.byte	0
 302 002e 0B       		.uleb128 0xb
 303 002f 0B       		.uleb128 0xb
 304 0030 3E       		.uleb128 0x3e
 305 0031 0B       		.uleb128 0xb
 306 0032 03       		.uleb128 0x3
 307 0033 08       		.uleb128 0x8
 308 0034 00       		.byte	0
 309 0035 00       		.byte	0
 310 0036 05       		.uleb128 0x5
 311 0037 16       		.uleb128 0x16
 312 0038 00       		.byte	0
 313 0039 03       		.uleb128 0x3
 314 003a 0E       		.uleb128 0xe
 315 003b 3A       		.uleb128 0x3a
 316 003c 0B       		.uleb128 0xb
 317 003d 3B       		.uleb128 0x3b
 318 003e 05       		.uleb128 0x5
 319 003f 49       		.uleb128 0x49
 320 0040 13       		.uleb128 0x13
 321 0041 00       		.byte	0
 322 0042 00       		.byte	0
 323 0043 06       		.uleb128 0x6
 324 0044 0F       		.uleb128 0xf
 325 0045 00       		.byte	0
 326 0046 0B       		.uleb128 0xb
 327 0047 0B       		.uleb128 0xb
 328 0048 49       		.uleb128 0x49
 329 0049 13       		.uleb128 0x13
 330 004a 00       		.byte	0
 331 004b 00       		.byte	0
 332 004c 07       		.uleb128 0x7
 333 004d 13       		.uleb128 0x13
 334 004e 01       		.byte	0x1
 335 004f 0B       		.uleb128 0xb
 336 0050 0B       		.uleb128 0xb
ARM GAS  C:\Users\fneves\AppData\Local\Temp\ccBoVlaK.s 			page 8


 337 0051 3A       		.uleb128 0x3a
 338 0052 0B       		.uleb128 0xb
 339 0053 3B       		.uleb128 0x3b
 340 0054 05       		.uleb128 0x5
 341 0055 01       		.uleb128 0x1
 342 0056 13       		.uleb128 0x13
 343 0057 00       		.byte	0
 344 0058 00       		.byte	0
 345 0059 08       		.uleb128 0x8
 346 005a 0D       		.uleb128 0xd
 347 005b 00       		.byte	0
 348 005c 03       		.uleb128 0x3
 349 005d 0E       		.uleb128 0xe
 350 005e 3A       		.uleb128 0x3a
 351 005f 0B       		.uleb128 0xb
 352 0060 3B       		.uleb128 0x3b
 353 0061 05       		.uleb128 0x5
 354 0062 49       		.uleb128 0x49
 355 0063 13       		.uleb128 0x13
 356 0064 38       		.uleb128 0x38
 357 0065 0B       		.uleb128 0xb
 358 0066 00       		.byte	0
 359 0067 00       		.byte	0
 360 0068 09       		.uleb128 0x9
 361 0069 2E       		.uleb128 0x2e
 362 006a 01       		.byte	0x1
 363 006b 3F       		.uleb128 0x3f
 364 006c 19       		.uleb128 0x19
 365 006d 03       		.uleb128 0x3
 366 006e 0E       		.uleb128 0xe
 367 006f 3A       		.uleb128 0x3a
 368 0070 0B       		.uleb128 0xb
 369 0071 3B       		.uleb128 0x3b
 370 0072 0B       		.uleb128 0xb
 371 0073 27       		.uleb128 0x27
 372 0074 19       		.uleb128 0x19
 373 0075 11       		.uleb128 0x11
 374 0076 01       		.uleb128 0x1
 375 0077 12       		.uleb128 0x12
 376 0078 06       		.uleb128 0x6
 377 0079 40       		.uleb128 0x40
 378 007a 18       		.uleb128 0x18
 379 007b 9742     		.uleb128 0x2117
 380 007d 19       		.uleb128 0x19
 381 007e 01       		.uleb128 0x1
 382 007f 13       		.uleb128 0x13
 383 0080 00       		.byte	0
 384 0081 00       		.byte	0
 385 0082 0A       		.uleb128 0xa
 386 0083 05       		.uleb128 0x5
 387 0084 00       		.byte	0
 388 0085 03       		.uleb128 0x3
 389 0086 08       		.uleb128 0x8
 390 0087 3A       		.uleb128 0x3a
 391 0088 0B       		.uleb128 0xb
 392 0089 3B       		.uleb128 0x3b
 393 008a 0B       		.uleb128 0xb
ARM GAS  C:\Users\fneves\AppData\Local\Temp\ccBoVlaK.s 			page 9


 394 008b 49       		.uleb128 0x49
 395 008c 13       		.uleb128 0x13
 396 008d 02       		.uleb128 0x2
 397 008e 18       		.uleb128 0x18
 398 008f 00       		.byte	0
 399 0090 00       		.byte	0
 400 0091 0B       		.uleb128 0xb
 401 0092 05       		.uleb128 0x5
 402 0093 00       		.byte	0
 403 0094 03       		.uleb128 0x3
 404 0095 0E       		.uleb128 0xe
 405 0096 3A       		.uleb128 0x3a
 406 0097 0B       		.uleb128 0xb
 407 0098 3B       		.uleb128 0x3b
 408 0099 0B       		.uleb128 0xb
 409 009a 49       		.uleb128 0x49
 410 009b 13       		.uleb128 0x13
 411 009c 02       		.uleb128 0x2
 412 009d 18       		.uleb128 0x18
 413 009e 00       		.byte	0
 414 009f 00       		.byte	0
 415 00a0 00       		.byte	0
 416              		.section	.debug_aranges,"",%progbits
 417 0000 1C000000 		.4byte	0x1c
 418 0004 0200     		.2byte	0x2
 419 0006 00000000 		.4byte	.Ldebug_info0
 420 000a 04       		.byte	0x4
 421 000b 00       		.byte	0
 422 000c 0000     		.2byte	0
 423 000e 0000     		.2byte	0
 424 0010 00000000 		.4byte	.LFB82
 425 0014 3E000000 		.4byte	.LFE82-.LFB82
 426 0018 00000000 		.4byte	0
 427 001c 00000000 		.4byte	0
 428              		.section	.debug_ranges,"",%progbits
 429              	.Ldebug_ranges0:
 430 0000 00000000 		.4byte	.LFB82
 431 0004 3E000000 		.4byte	.LFE82
 432 0008 00000000 		.4byte	0
 433 000c 00000000 		.4byte	0
 434              		.section	.debug_line,"",%progbits
 435              	.Ldebug_line0:
 436 0000 69010000 		.section	.debug_str,"MS",%progbits,1
 436      02005001 
 436      00000201 
 436      FB0E0D00 
 436      01010101 
 437              	.LASF24:
 438 0000 6E436F6C 		.ascii	"nColumns\000"
 438      756D6E73 
 438      00
 439              	.LASF3:
 440 0009 5F5F696E 		.ascii	"__int16_t\000"
 440      7431365F 
 440      7400
 441              	.LASF28:
 442 0013 61726D5F 		.ascii	"arm_mat_init_q15\000"
ARM GAS  C:\Users\fneves\AppData\Local\Temp\ccBoVlaK.s 			page 10


 442      6D61745F 
 442      696E6974 
 442      5F713135 
 442      00
 443              	.LASF27:
 444 0024 433A5C55 		.ascii	"C:\\Users\\fneves\\Documents\\PSoC Creator\\wp_1\\e"
 444      73657273 
 444      5C666E65 
 444      7665735C 
 444      446F6375 
 445 0051 6E67696E 		.ascii	"ngine_speed_sensor.cydsn\000"
 445      655F7370 
 445      6565645F 
 445      73656E73 
 445      6F722E63 
 446              	.LASF21:
 447 006a 70446174 		.ascii	"pData\000"
 447      6100
 448              	.LASF18:
 449 0070 7131355F 		.ascii	"q15_t\000"
 449      7400
 450              	.LASF16:
 451 0076 666C6F61 		.ascii	"float\000"
 451      7400
 452              	.LASF23:
 453 007c 6E526F77 		.ascii	"nRows\000"
 453      7300
 454              	.LASF1:
 455 0082 756E7369 		.ascii	"unsigned char\000"
 455      676E6564 
 455      20636861 
 455      7200
 456              	.LASF22:
 457 0090 61726D5F 		.ascii	"arm_matrix_instance_q15\000"
 457      6D617472 
 457      69785F69 
 457      6E737461 
 457      6E63655F 
 458              	.LASF7:
 459 00a8 6C6F6E67 		.ascii	"long unsigned int\000"
 459      20756E73 
 459      69676E65 
 459      6420696E 
 459      7400
 460              	.LASF5:
 461 00ba 73686F72 		.ascii	"short unsigned int\000"
 461      7420756E 
 461      7369676E 
 461      65642069 
 461      6E7400
 462              	.LASF4:
 463 00cd 5F5F7569 		.ascii	"__uint16_t\000"
 463      6E743136 
 463      5F7400
 464              	.LASF15:
 465 00d8 646F7562 		.ascii	"double\000"
 465      6C6500
ARM GAS  C:\Users\fneves\AppData\Local\Temp\ccBoVlaK.s 			page 11


 466              	.LASF10:
 467 00df 756E7369 		.ascii	"unsigned int\000"
 467      676E6564 
 467      20696E74 
 467      00
 468              	.LASF9:
 469 00ec 6C6F6E67 		.ascii	"long long unsigned int\000"
 469      206C6F6E 
 469      6720756E 
 469      7369676E 
 469      65642069 
 470              	.LASF25:
 471 0103 474E5520 		.ascii	"GNU C 4.9.3 20150303 (release) [ARM/embedded-4_9-br"
 471      4320342E 
 471      392E3320 
 471      32303135 
 471      30333033 
 472 0136 616E6368 		.ascii	"anch revision 221220] -mcpu=cortex-m0plus -mthumb -"
 472      20726576 
 472      6973696F 
 472      6E203232 
 472      31323230 
 473 0169 67202D4F 		.ascii	"g -O0 -ffunction-sections -ffat-lto-objects\000"
 473      30202D66 
 473      66756E63 
 473      74696F6E 
 473      2D736563 
 474              	.LASF11:
 475 0195 696E7431 		.ascii	"int16_t\000"
 475      365F7400 
 476              	.LASF17:
 477 019d 6C6F6E67 		.ascii	"long double\000"
 477      20646F75 
 477      626C6500 
 478              	.LASF13:
 479 01a9 73697A65 		.ascii	"sizetype\000"
 479      74797065 
 479      00
 480              	.LASF8:
 481 01b2 6C6F6E67 		.ascii	"long long int\000"
 481      206C6F6E 
 481      6720696E 
 481      7400
 482              	.LASF14:
 483 01c0 63686172 		.ascii	"char\000"
 483      00
 484              	.LASF2:
 485 01c5 73686F72 		.ascii	"short int\000"
 485      7420696E 
 485      7400
 486              	.LASF12:
 487 01cf 75696E74 		.ascii	"uint16_t\000"
 487      31365F74 
 487      00
 488              	.LASF6:
 489 01d8 6C6F6E67 		.ascii	"long int\000"
 489      20696E74 
ARM GAS  C:\Users\fneves\AppData\Local\Temp\ccBoVlaK.s 			page 12


 489      00
 490              	.LASF26:
 491 01e1 536F7572 		.ascii	"Source\\MatrixFunctions\\arm_mat_init_q15.c\000"
 491      63655C4D 
 491      61747269 
 491      7846756E 
 491      6374696F 
 492              	.LASF0:
 493 020b 7369676E 		.ascii	"signed char\000"
 493      65642063 
 493      68617200 
 494              	.LASF19:
 495 0217 6E756D52 		.ascii	"numRows\000"
 495      6F777300 
 496              	.LASF20:
 497 021f 6E756D43 		.ascii	"numCols\000"
 497      6F6C7300 
 498              		.ident	"GCC: (GNU Tools for ARM Embedded Processors) 4.9.3 20150303 (release) [ARM/embedded-4_9-br
