ARM GAS  C:\Users\fneves\AppData\Local\Temp\ccj9210P.s 			page 1


   1              		.cpu cortex-m0plus
   2              		.fpu softvfp
   3              		.eabi_attribute 20, 1
   4              		.eabi_attribute 21, 1
   5              		.eabi_attribute 23, 3
   6              		.eabi_attribute 24, 1
   7              		.eabi_attribute 25, 1
   8              		.eabi_attribute 26, 1
   9              		.eabi_attribute 30, 6
  10              		.eabi_attribute 34, 0
  11              		.eabi_attribute 18, 4
  12              		.code	16
  13              		.file	"arm_fill_f32.c"
  14              		.text
  15              	.Ltext0:
  16              		.cfi_sections	.debug_frame
  17              		.section	.text.arm_fill_f32,"ax",%progbits
  18              		.align	2
  19              		.global	arm_fill_f32
  20              		.code	16
  21              		.thumb_func
  22              		.type	arm_fill_f32, %function
  23              	arm_fill_f32:
  24              	.LFB82:
  25              		.file 1 "Source\\SupportFunctions\\arm_fill_f32.c"
   1:Source\SupportFunctions/arm_fill_f32.c **** /* ----------------------------------------------------------------------
   2:Source\SupportFunctions/arm_fill_f32.c ****  * Project:      CMSIS DSP Library
   3:Source\SupportFunctions/arm_fill_f32.c ****  * Title:        arm_fill_f32.c
   4:Source\SupportFunctions/arm_fill_f32.c ****  * Description:  Fills a constant value into a floating-point vector
   5:Source\SupportFunctions/arm_fill_f32.c ****  *
   6:Source\SupportFunctions/arm_fill_f32.c ****  * $Date:        27. January 2017
   7:Source\SupportFunctions/arm_fill_f32.c ****  * $Revision:    V.1.5.1
   8:Source\SupportFunctions/arm_fill_f32.c ****  *
   9:Source\SupportFunctions/arm_fill_f32.c ****  * Target Processor: Cortex-M cores
  10:Source\SupportFunctions/arm_fill_f32.c ****  * -------------------------------------------------------------------- */
  11:Source\SupportFunctions/arm_fill_f32.c **** /*
  12:Source\SupportFunctions/arm_fill_f32.c ****  * Copyright (C) 2010-2017 ARM Limited or its affiliates. All rights reserved.
  13:Source\SupportFunctions/arm_fill_f32.c ****  *
  14:Source\SupportFunctions/arm_fill_f32.c ****  * SPDX-License-Identifier: Apache-2.0
  15:Source\SupportFunctions/arm_fill_f32.c ****  *
  16:Source\SupportFunctions/arm_fill_f32.c ****  * Licensed under the Apache License, Version 2.0 (the License); you may
  17:Source\SupportFunctions/arm_fill_f32.c ****  * not use this file except in compliance with the License.
  18:Source\SupportFunctions/arm_fill_f32.c ****  * You may obtain a copy of the License at
  19:Source\SupportFunctions/arm_fill_f32.c ****  *
  20:Source\SupportFunctions/arm_fill_f32.c ****  * www.apache.org/licenses/LICENSE-2.0
  21:Source\SupportFunctions/arm_fill_f32.c ****  *
  22:Source\SupportFunctions/arm_fill_f32.c ****  * Unless required by applicable law or agreed to in writing, software
  23:Source\SupportFunctions/arm_fill_f32.c ****  * distributed under the License is distributed on an AS IS BASIS, WITHOUT
  24:Source\SupportFunctions/arm_fill_f32.c ****  * WARRANTIES OR CONDITIONS OF ANY KIND, either express or implied.
  25:Source\SupportFunctions/arm_fill_f32.c ****  * See the License for the specific language governing permissions and
  26:Source\SupportFunctions/arm_fill_f32.c ****  * limitations under the License.
  27:Source\SupportFunctions/arm_fill_f32.c ****  */
  28:Source\SupportFunctions/arm_fill_f32.c **** 
  29:Source\SupportFunctions/arm_fill_f32.c **** #include "arm_math.h"
  30:Source\SupportFunctions/arm_fill_f32.c **** 
  31:Source\SupportFunctions/arm_fill_f32.c **** /**
  32:Source\SupportFunctions/arm_fill_f32.c ****  * @ingroup groupSupport
ARM GAS  C:\Users\fneves\AppData\Local\Temp\ccj9210P.s 			page 2


  33:Source\SupportFunctions/arm_fill_f32.c ****  */
  34:Source\SupportFunctions/arm_fill_f32.c **** 
  35:Source\SupportFunctions/arm_fill_f32.c **** /**
  36:Source\SupportFunctions/arm_fill_f32.c ****  * @defgroup Fill Vector Fill
  37:Source\SupportFunctions/arm_fill_f32.c ****  *
  38:Source\SupportFunctions/arm_fill_f32.c ****  * Fills the destination vector with a constant value.
  39:Source\SupportFunctions/arm_fill_f32.c ****  *
  40:Source\SupportFunctions/arm_fill_f32.c ****  * <pre>
  41:Source\SupportFunctions/arm_fill_f32.c ****  * 	pDst[n] = value;   0 <= n < blockSize.
  42:Source\SupportFunctions/arm_fill_f32.c ****  * </pre>
  43:Source\SupportFunctions/arm_fill_f32.c ****  *
  44:Source\SupportFunctions/arm_fill_f32.c ****  * There are separate functions for floating point, Q31, Q15, and Q7 data types.
  45:Source\SupportFunctions/arm_fill_f32.c ****  */
  46:Source\SupportFunctions/arm_fill_f32.c **** 
  47:Source\SupportFunctions/arm_fill_f32.c **** /**
  48:Source\SupportFunctions/arm_fill_f32.c ****  * @addtogroup Fill
  49:Source\SupportFunctions/arm_fill_f32.c ****  * @{
  50:Source\SupportFunctions/arm_fill_f32.c ****  */
  51:Source\SupportFunctions/arm_fill_f32.c **** 
  52:Source\SupportFunctions/arm_fill_f32.c **** /**
  53:Source\SupportFunctions/arm_fill_f32.c ****  * @brief Fills a constant value into a floating-point vector.
  54:Source\SupportFunctions/arm_fill_f32.c ****  * @param[in]       value input value to be filled
  55:Source\SupportFunctions/arm_fill_f32.c ****  * @param[out]      *pDst points to output vector
  56:Source\SupportFunctions/arm_fill_f32.c ****  * @param[in]       blockSize length of the output vector
  57:Source\SupportFunctions/arm_fill_f32.c ****  * @return none.
  58:Source\SupportFunctions/arm_fill_f32.c ****  *
  59:Source\SupportFunctions/arm_fill_f32.c ****  */
  60:Source\SupportFunctions/arm_fill_f32.c **** 
  61:Source\SupportFunctions/arm_fill_f32.c **** 
  62:Source\SupportFunctions/arm_fill_f32.c **** void arm_fill_f32(
  63:Source\SupportFunctions/arm_fill_f32.c ****   float32_t value,
  64:Source\SupportFunctions/arm_fill_f32.c ****   float32_t * pDst,
  65:Source\SupportFunctions/arm_fill_f32.c ****   uint32_t blockSize)
  66:Source\SupportFunctions/arm_fill_f32.c **** {
  26              		.loc 1 66 0
  27              		.cfi_startproc
  28 0000 80B5     		push	{r7, lr}
  29              		.cfi_def_cfa_offset 8
  30              		.cfi_offset 7, -8
  31              		.cfi_offset 14, -4
  32 0002 86B0     		sub	sp, sp, #24
  33              		.cfi_def_cfa_offset 32
  34 0004 00AF     		add	r7, sp, #0
  35              		.cfi_def_cfa_register 7
  36 0006 F860     		str	r0, [r7, #12]
  37 0008 B960     		str	r1, [r7, #8]
  38 000a 7A60     		str	r2, [r7, #4]
  67:Source\SupportFunctions/arm_fill_f32.c ****   uint32_t blkCnt;                               /* loop counter */
  68:Source\SupportFunctions/arm_fill_f32.c **** 
  69:Source\SupportFunctions/arm_fill_f32.c **** #if defined (ARM_MATH_DSP)
  70:Source\SupportFunctions/arm_fill_f32.c **** 
  71:Source\SupportFunctions/arm_fill_f32.c ****   /* Run the below code for Cortex-M4 and Cortex-M3 */
  72:Source\SupportFunctions/arm_fill_f32.c ****   float32_t in1 = value;
  73:Source\SupportFunctions/arm_fill_f32.c ****   float32_t in2 = value;
  74:Source\SupportFunctions/arm_fill_f32.c ****   float32_t in3 = value;
  75:Source\SupportFunctions/arm_fill_f32.c ****   float32_t in4 = value;
  76:Source\SupportFunctions/arm_fill_f32.c **** 
ARM GAS  C:\Users\fneves\AppData\Local\Temp\ccj9210P.s 			page 3


  77:Source\SupportFunctions/arm_fill_f32.c ****   /*loop Unrolling */
  78:Source\SupportFunctions/arm_fill_f32.c ****   blkCnt = blockSize >> 2u;
  79:Source\SupportFunctions/arm_fill_f32.c **** 
  80:Source\SupportFunctions/arm_fill_f32.c ****   /* First part of the processing with loop unrolling.  Compute 4 outputs at a time.
  81:Source\SupportFunctions/arm_fill_f32.c ****    ** a second loop below computes the remaining 1 to 3 samples. */
  82:Source\SupportFunctions/arm_fill_f32.c ****   while (blkCnt > 0u)
  83:Source\SupportFunctions/arm_fill_f32.c ****   {
  84:Source\SupportFunctions/arm_fill_f32.c ****     /* C = value */
  85:Source\SupportFunctions/arm_fill_f32.c ****     /* Fill the value in the destination buffer */
  86:Source\SupportFunctions/arm_fill_f32.c ****     *pDst++ = in1;
  87:Source\SupportFunctions/arm_fill_f32.c ****     *pDst++ = in2;
  88:Source\SupportFunctions/arm_fill_f32.c ****     *pDst++ = in3;
  89:Source\SupportFunctions/arm_fill_f32.c ****     *pDst++ = in4;
  90:Source\SupportFunctions/arm_fill_f32.c **** 
  91:Source\SupportFunctions/arm_fill_f32.c ****     /* Decrement the loop counter */
  92:Source\SupportFunctions/arm_fill_f32.c ****     blkCnt--;
  93:Source\SupportFunctions/arm_fill_f32.c ****   }
  94:Source\SupportFunctions/arm_fill_f32.c **** 
  95:Source\SupportFunctions/arm_fill_f32.c ****   /* If the blockSize is not a multiple of 4, compute any remaining output samples here.
  96:Source\SupportFunctions/arm_fill_f32.c ****    ** No loop unrolling is used. */
  97:Source\SupportFunctions/arm_fill_f32.c ****   blkCnt = blockSize % 0x4u;
  98:Source\SupportFunctions/arm_fill_f32.c **** 
  99:Source\SupportFunctions/arm_fill_f32.c **** #else
 100:Source\SupportFunctions/arm_fill_f32.c **** 
 101:Source\SupportFunctions/arm_fill_f32.c ****   /* Run the below code for Cortex-M0 */
 102:Source\SupportFunctions/arm_fill_f32.c **** 
 103:Source\SupportFunctions/arm_fill_f32.c ****   /* Loop over blockSize number of values */
 104:Source\SupportFunctions/arm_fill_f32.c ****   blkCnt = blockSize;
  39              		.loc 1 104 0
  40 000c 7B68     		ldr	r3, [r7, #4]
  41 000e 7B61     		str	r3, [r7, #20]
 105:Source\SupportFunctions/arm_fill_f32.c **** 
 106:Source\SupportFunctions/arm_fill_f32.c **** #endif /* #if defined (ARM_MATH_DSP) */
 107:Source\SupportFunctions/arm_fill_f32.c **** 
 108:Source\SupportFunctions/arm_fill_f32.c **** 
 109:Source\SupportFunctions/arm_fill_f32.c ****   while (blkCnt > 0u)
  42              		.loc 1 109 0
  43 0010 07E0     		b	.L2
  44              	.L3:
 110:Source\SupportFunctions/arm_fill_f32.c ****   {
 111:Source\SupportFunctions/arm_fill_f32.c ****     /* C = value */
 112:Source\SupportFunctions/arm_fill_f32.c ****     /* Fill the value in the destination buffer */
 113:Source\SupportFunctions/arm_fill_f32.c ****     *pDst++ = value;
  45              		.loc 1 113 0
  46 0012 BB68     		ldr	r3, [r7, #8]
  47 0014 1A1D     		add	r2, r3, #4
  48 0016 BA60     		str	r2, [r7, #8]
  49 0018 FA68     		ldr	r2, [r7, #12]
  50 001a 1A60     		str	r2, [r3]
 114:Source\SupportFunctions/arm_fill_f32.c **** 
 115:Source\SupportFunctions/arm_fill_f32.c ****     /* Decrement the loop counter */
 116:Source\SupportFunctions/arm_fill_f32.c ****     blkCnt--;
  51              		.loc 1 116 0
  52 001c 7B69     		ldr	r3, [r7, #20]
  53 001e 013B     		sub	r3, r3, #1
  54 0020 7B61     		str	r3, [r7, #20]
  55              	.L2:
ARM GAS  C:\Users\fneves\AppData\Local\Temp\ccj9210P.s 			page 4


 109:Source\SupportFunctions/arm_fill_f32.c ****   {
  56              		.loc 1 109 0
  57 0022 7B69     		ldr	r3, [r7, #20]
  58 0024 002B     		cmp	r3, #0
  59 0026 F4D1     		bne	.L3
 117:Source\SupportFunctions/arm_fill_f32.c ****   }
 118:Source\SupportFunctions/arm_fill_f32.c **** }
  60              		.loc 1 118 0
  61 0028 BD46     		mov	sp, r7
  62 002a 06B0     		add	sp, sp, #24
  63              		@ sp needed
  64 002c 80BD     		pop	{r7, pc}
  65              		.cfi_endproc
  66              	.LFE82:
  67              		.size	arm_fill_f32, .-arm_fill_f32
  68 002e C046     		.text
  69              	.Letext0:
  70              		.file 2 "c:\\program files (x86)\\cypress\\psoc creator\\4.0\\psoc creator\\import\\gnu\\arm\\4.9.
  71              		.file 3 "c:\\program files (x86)\\cypress\\psoc creator\\4.0\\psoc creator\\import\\gnu\\arm\\4.9.
  72              		.file 4 ".\\Include/arm_math.h"
  73              		.section	.debug_info,"",%progbits
  74              	.Ldebug_info0:
  75 0000 FD000000 		.4byte	0xfd
  76 0004 0400     		.2byte	0x4
  77 0006 00000000 		.4byte	.Ldebug_abbrev0
  78 000a 04       		.byte	0x4
  79 000b 01       		.uleb128 0x1
  80 000c 5F010000 		.4byte	.LASF20
  81 0010 01       		.byte	0x1
  82 0011 D5000000 		.4byte	.LASF21
  83 0015 FC000000 		.4byte	.LASF22
  84 0019 00000000 		.4byte	.Ldebug_ranges0+0
  85 001d 00000000 		.4byte	0
  86 0021 00000000 		.4byte	.Ldebug_line0
  87 0025 02       		.uleb128 0x2
  88 0026 01       		.byte	0x1
  89 0027 06       		.byte	0x6
  90 0028 BD000000 		.4byte	.LASF0
  91 002c 02       		.uleb128 0x2
  92 002d 01       		.byte	0x1
  93 002e 08       		.byte	0x8
  94 002f 6E000000 		.4byte	.LASF1
  95 0033 02       		.uleb128 0x2
  96 0034 02       		.byte	0x2
  97 0035 05       		.byte	0x5
  98 0036 48010000 		.4byte	.LASF2
  99 003a 02       		.uleb128 0x2
 100 003b 02       		.byte	0x2
 101 003c 07       		.byte	0x7
 102 003d AA000000 		.4byte	.LASF3
 103 0041 02       		.uleb128 0x2
 104 0042 04       		.byte	0x4
 105 0043 05       		.byte	0x5
 106 0044 8A000000 		.4byte	.LASF4
 107 0048 03       		.uleb128 0x3
 108 0049 20000000 		.4byte	.LASF9
 109 004d 02       		.byte	0x2
ARM GAS  C:\Users\fneves\AppData\Local\Temp\ccj9210P.s 			page 5


 110 004e 41       		.byte	0x41
 111 004f 53000000 		.4byte	0x53
 112 0053 02       		.uleb128 0x2
 113 0054 04       		.byte	0x4
 114 0055 07       		.byte	0x7
 115 0056 35000000 		.4byte	.LASF5
 116 005a 02       		.uleb128 0x2
 117 005b 08       		.byte	0x8
 118 005c 05       		.byte	0x5
 119 005d 00000000 		.4byte	.LASF6
 120 0061 02       		.uleb128 0x2
 121 0062 08       		.byte	0x8
 122 0063 07       		.byte	0x7
 123 0064 47000000 		.4byte	.LASF7
 124 0068 04       		.uleb128 0x4
 125 0069 04       		.byte	0x4
 126 006a 05       		.byte	0x5
 127 006b 696E7400 		.ascii	"int\000"
 128 006f 02       		.uleb128 0x2
 129 0070 04       		.byte	0x4
 130 0071 07       		.byte	0x7
 131 0072 0E000000 		.4byte	.LASF8
 132 0076 03       		.uleb128 0x3
 133 0077 81000000 		.4byte	.LASF10
 134 007b 03       		.byte	0x3
 135 007c 2D       		.byte	0x2d
 136 007d 48000000 		.4byte	0x48
 137 0081 02       		.uleb128 0x2
 138 0082 04       		.byte	0x4
 139 0083 07       		.byte	0x7
 140 0084 A1000000 		.4byte	.LASF11
 141 0088 02       		.uleb128 0x2
 142 0089 01       		.byte	0x1
 143 008a 08       		.byte	0x8
 144 008b 7C000000 		.4byte	.LASF12
 145 008f 02       		.uleb128 0x2
 146 0090 08       		.byte	0x8
 147 0091 04       		.byte	0x4
 148 0092 93000000 		.4byte	.LASF13
 149 0096 02       		.uleb128 0x2
 150 0097 04       		.byte	0x4
 151 0098 04       		.byte	0x4
 152 0099 5E000000 		.4byte	.LASF14
 153 009d 02       		.uleb128 0x2
 154 009e 08       		.byte	0x8
 155 009f 04       		.byte	0x4
 156 00a0 C9000000 		.4byte	.LASF15
 157 00a4 05       		.uleb128 0x5
 158 00a5 64000000 		.4byte	.LASF16
 159 00a9 04       		.byte	0x4
 160 00aa A501     		.2byte	0x1a5
 161 00ac 96000000 		.4byte	0x96
 162 00b0 06       		.uleb128 0x6
 163 00b1 04       		.byte	0x4
 164 00b2 A4000000 		.4byte	0xa4
 165 00b6 07       		.uleb128 0x7
 166 00b7 52010000 		.4byte	.LASF23
ARM GAS  C:\Users\fneves\AppData\Local\Temp\ccj9210P.s 			page 6


 167 00bb 01       		.byte	0x1
 168 00bc 3E       		.byte	0x3e
 169 00bd 00000000 		.4byte	.LFB82
 170 00c1 2E000000 		.4byte	.LFE82-.LFB82
 171 00c5 01       		.uleb128 0x1
 172 00c6 9C       		.byte	0x9c
 173 00c7 08       		.uleb128 0x8
 174 00c8 42010000 		.4byte	.LASF17
 175 00cc 01       		.byte	0x1
 176 00cd 3F       		.byte	0x3f
 177 00ce A4000000 		.4byte	0xa4
 178 00d2 02       		.uleb128 0x2
 179 00d3 91       		.byte	0x91
 180 00d4 6C       		.sleb128 -20
 181 00d5 08       		.uleb128 0x8
 182 00d6 1B000000 		.4byte	.LASF18
 183 00da 01       		.byte	0x1
 184 00db 40       		.byte	0x40
 185 00dc B0000000 		.4byte	0xb0
 186 00e0 02       		.uleb128 0x2
 187 00e1 91       		.byte	0x91
 188 00e2 68       		.sleb128 -24
 189 00e3 08       		.uleb128 0x8
 190 00e4 2B000000 		.4byte	.LASF19
 191 00e8 01       		.byte	0x1
 192 00e9 41       		.byte	0x41
 193 00ea 76000000 		.4byte	0x76
 194 00ee 02       		.uleb128 0x2
 195 00ef 91       		.byte	0x91
 196 00f0 64       		.sleb128 -28
 197 00f1 09       		.uleb128 0x9
 198 00f2 9A000000 		.4byte	.LASF24
 199 00f6 01       		.byte	0x1
 200 00f7 43       		.byte	0x43
 201 00f8 76000000 		.4byte	0x76
 202 00fc 02       		.uleb128 0x2
 203 00fd 91       		.byte	0x91
 204 00fe 74       		.sleb128 -12
 205 00ff 00       		.byte	0
 206 0100 00       		.byte	0
 207              		.section	.debug_abbrev,"",%progbits
 208              	.Ldebug_abbrev0:
 209 0000 01       		.uleb128 0x1
 210 0001 11       		.uleb128 0x11
 211 0002 01       		.byte	0x1
 212 0003 25       		.uleb128 0x25
 213 0004 0E       		.uleb128 0xe
 214 0005 13       		.uleb128 0x13
 215 0006 0B       		.uleb128 0xb
 216 0007 03       		.uleb128 0x3
 217 0008 0E       		.uleb128 0xe
 218 0009 1B       		.uleb128 0x1b
 219 000a 0E       		.uleb128 0xe
 220 000b 55       		.uleb128 0x55
 221 000c 17       		.uleb128 0x17
 222 000d 11       		.uleb128 0x11
 223 000e 01       		.uleb128 0x1
ARM GAS  C:\Users\fneves\AppData\Local\Temp\ccj9210P.s 			page 7


 224 000f 10       		.uleb128 0x10
 225 0010 17       		.uleb128 0x17
 226 0011 00       		.byte	0
 227 0012 00       		.byte	0
 228 0013 02       		.uleb128 0x2
 229 0014 24       		.uleb128 0x24
 230 0015 00       		.byte	0
 231 0016 0B       		.uleb128 0xb
 232 0017 0B       		.uleb128 0xb
 233 0018 3E       		.uleb128 0x3e
 234 0019 0B       		.uleb128 0xb
 235 001a 03       		.uleb128 0x3
 236 001b 0E       		.uleb128 0xe
 237 001c 00       		.byte	0
 238 001d 00       		.byte	0
 239 001e 03       		.uleb128 0x3
 240 001f 16       		.uleb128 0x16
 241 0020 00       		.byte	0
 242 0021 03       		.uleb128 0x3
 243 0022 0E       		.uleb128 0xe
 244 0023 3A       		.uleb128 0x3a
 245 0024 0B       		.uleb128 0xb
 246 0025 3B       		.uleb128 0x3b
 247 0026 0B       		.uleb128 0xb
 248 0027 49       		.uleb128 0x49
 249 0028 13       		.uleb128 0x13
 250 0029 00       		.byte	0
 251 002a 00       		.byte	0
 252 002b 04       		.uleb128 0x4
 253 002c 24       		.uleb128 0x24
 254 002d 00       		.byte	0
 255 002e 0B       		.uleb128 0xb
 256 002f 0B       		.uleb128 0xb
 257 0030 3E       		.uleb128 0x3e
 258 0031 0B       		.uleb128 0xb
 259 0032 03       		.uleb128 0x3
 260 0033 08       		.uleb128 0x8
 261 0034 00       		.byte	0
 262 0035 00       		.byte	0
 263 0036 05       		.uleb128 0x5
 264 0037 16       		.uleb128 0x16
 265 0038 00       		.byte	0
 266 0039 03       		.uleb128 0x3
 267 003a 0E       		.uleb128 0xe
 268 003b 3A       		.uleb128 0x3a
 269 003c 0B       		.uleb128 0xb
 270 003d 3B       		.uleb128 0x3b
 271 003e 05       		.uleb128 0x5
 272 003f 49       		.uleb128 0x49
 273 0040 13       		.uleb128 0x13
 274 0041 00       		.byte	0
 275 0042 00       		.byte	0
 276 0043 06       		.uleb128 0x6
 277 0044 0F       		.uleb128 0xf
 278 0045 00       		.byte	0
 279 0046 0B       		.uleb128 0xb
 280 0047 0B       		.uleb128 0xb
ARM GAS  C:\Users\fneves\AppData\Local\Temp\ccj9210P.s 			page 8


 281 0048 49       		.uleb128 0x49
 282 0049 13       		.uleb128 0x13
 283 004a 00       		.byte	0
 284 004b 00       		.byte	0
 285 004c 07       		.uleb128 0x7
 286 004d 2E       		.uleb128 0x2e
 287 004e 01       		.byte	0x1
 288 004f 3F       		.uleb128 0x3f
 289 0050 19       		.uleb128 0x19
 290 0051 03       		.uleb128 0x3
 291 0052 0E       		.uleb128 0xe
 292 0053 3A       		.uleb128 0x3a
 293 0054 0B       		.uleb128 0xb
 294 0055 3B       		.uleb128 0x3b
 295 0056 0B       		.uleb128 0xb
 296 0057 27       		.uleb128 0x27
 297 0058 19       		.uleb128 0x19
 298 0059 11       		.uleb128 0x11
 299 005a 01       		.uleb128 0x1
 300 005b 12       		.uleb128 0x12
 301 005c 06       		.uleb128 0x6
 302 005d 40       		.uleb128 0x40
 303 005e 18       		.uleb128 0x18
 304 005f 9742     		.uleb128 0x2117
 305 0061 19       		.uleb128 0x19
 306 0062 00       		.byte	0
 307 0063 00       		.byte	0
 308 0064 08       		.uleb128 0x8
 309 0065 05       		.uleb128 0x5
 310 0066 00       		.byte	0
 311 0067 03       		.uleb128 0x3
 312 0068 0E       		.uleb128 0xe
 313 0069 3A       		.uleb128 0x3a
 314 006a 0B       		.uleb128 0xb
 315 006b 3B       		.uleb128 0x3b
 316 006c 0B       		.uleb128 0xb
 317 006d 49       		.uleb128 0x49
 318 006e 13       		.uleb128 0x13
 319 006f 02       		.uleb128 0x2
 320 0070 18       		.uleb128 0x18
 321 0071 00       		.byte	0
 322 0072 00       		.byte	0
 323 0073 09       		.uleb128 0x9
 324 0074 34       		.uleb128 0x34
 325 0075 00       		.byte	0
 326 0076 03       		.uleb128 0x3
 327 0077 0E       		.uleb128 0xe
 328 0078 3A       		.uleb128 0x3a
 329 0079 0B       		.uleb128 0xb
 330 007a 3B       		.uleb128 0x3b
 331 007b 0B       		.uleb128 0xb
 332 007c 49       		.uleb128 0x49
 333 007d 13       		.uleb128 0x13
 334 007e 02       		.uleb128 0x2
 335 007f 18       		.uleb128 0x18
 336 0080 00       		.byte	0
 337 0081 00       		.byte	0
ARM GAS  C:\Users\fneves\AppData\Local\Temp\ccj9210P.s 			page 9


 338 0082 00       		.byte	0
 339              		.section	.debug_aranges,"",%progbits
 340 0000 1C000000 		.4byte	0x1c
 341 0004 0200     		.2byte	0x2
 342 0006 00000000 		.4byte	.Ldebug_info0
 343 000a 04       		.byte	0x4
 344 000b 00       		.byte	0
 345 000c 0000     		.2byte	0
 346 000e 0000     		.2byte	0
 347 0010 00000000 		.4byte	.LFB82
 348 0014 2E000000 		.4byte	.LFE82-.LFB82
 349 0018 00000000 		.4byte	0
 350 001c 00000000 		.4byte	0
 351              		.section	.debug_ranges,"",%progbits
 352              	.Ldebug_ranges0:
 353 0000 00000000 		.4byte	.LFB82
 354 0004 2E000000 		.4byte	.LFE82
 355 0008 00000000 		.4byte	0
 356 000c 00000000 		.4byte	0
 357              		.section	.debug_line,"",%progbits
 358              	.Ldebug_line0:
 359 0000 6F010000 		.section	.debug_str,"MS",%progbits,1
 359      02004D01 
 359      00000201 
 359      FB0E0D00 
 359      01010101 
 360              	.LASF6:
 361 0000 6C6F6E67 		.ascii	"long long int\000"
 361      206C6F6E 
 361      6720696E 
 361      7400
 362              	.LASF8:
 363 000e 756E7369 		.ascii	"unsigned int\000"
 363      676E6564 
 363      20696E74 
 363      00
 364              	.LASF18:
 365 001b 70447374 		.ascii	"pDst\000"
 365      00
 366              	.LASF9:
 367 0020 5F5F7569 		.ascii	"__uint32_t\000"
 367      6E743332 
 367      5F7400
 368              	.LASF19:
 369 002b 626C6F63 		.ascii	"blockSize\000"
 369      6B53697A 
 369      6500
 370              	.LASF5:
 371 0035 6C6F6E67 		.ascii	"long unsigned int\000"
 371      20756E73 
 371      69676E65 
 371      6420696E 
 371      7400
 372              	.LASF7:
 373 0047 6C6F6E67 		.ascii	"long long unsigned int\000"
 373      206C6F6E 
 373      6720756E 
ARM GAS  C:\Users\fneves\AppData\Local\Temp\ccj9210P.s 			page 10


 373      7369676E 
 373      65642069 
 374              	.LASF14:
 375 005e 666C6F61 		.ascii	"float\000"
 375      7400
 376              	.LASF16:
 377 0064 666C6F61 		.ascii	"float32_t\000"
 377      7433325F 
 377      7400
 378              	.LASF1:
 379 006e 756E7369 		.ascii	"unsigned char\000"
 379      676E6564 
 379      20636861 
 379      7200
 380              	.LASF12:
 381 007c 63686172 		.ascii	"char\000"
 381      00
 382              	.LASF10:
 383 0081 75696E74 		.ascii	"uint32_t\000"
 383      33325F74 
 383      00
 384              	.LASF4:
 385 008a 6C6F6E67 		.ascii	"long int\000"
 385      20696E74 
 385      00
 386              	.LASF13:
 387 0093 646F7562 		.ascii	"double\000"
 387      6C6500
 388              	.LASF24:
 389 009a 626C6B43 		.ascii	"blkCnt\000"
 389      6E7400
 390              	.LASF11:
 391 00a1 73697A65 		.ascii	"sizetype\000"
 391      74797065 
 391      00
 392              	.LASF3:
 393 00aa 73686F72 		.ascii	"short unsigned int\000"
 393      7420756E 
 393      7369676E 
 393      65642069 
 393      6E7400
 394              	.LASF0:
 395 00bd 7369676E 		.ascii	"signed char\000"
 395      65642063 
 395      68617200 
 396              	.LASF15:
 397 00c9 6C6F6E67 		.ascii	"long double\000"
 397      20646F75 
 397      626C6500 
 398              	.LASF21:
 399 00d5 536F7572 		.ascii	"Source\\SupportFunctions\\arm_fill_f32.c\000"
 399      63655C53 
 399      7570706F 
 399      72744675 
 399      6E637469 
 400              	.LASF22:
 401 00fc 433A5C55 		.ascii	"C:\\Users\\fneves\\Documents\\PSoC Creator\\wp_1\\e"
ARM GAS  C:\Users\fneves\AppData\Local\Temp\ccj9210P.s 			page 11


 401      73657273 
 401      5C666E65 
 401      7665735C 
 401      446F6375 
 402 0129 6E67696E 		.ascii	"ngine_speed_sensor.cydsn\000"
 402      655F7370 
 402      6565645F 
 402      73656E73 
 402      6F722E63 
 403              	.LASF17:
 404 0142 76616C75 		.ascii	"value\000"
 404      6500
 405              	.LASF2:
 406 0148 73686F72 		.ascii	"short int\000"
 406      7420696E 
 406      7400
 407              	.LASF23:
 408 0152 61726D5F 		.ascii	"arm_fill_f32\000"
 408      66696C6C 
 408      5F663332 
 408      00
 409              	.LASF20:
 410 015f 474E5520 		.ascii	"GNU C 4.9.3 20150303 (release) [ARM/embedded-4_9-br"
 410      4320342E 
 410      392E3320 
 410      32303135 
 410      30333033 
 411 0192 616E6368 		.ascii	"anch revision 221220] -mcpu=cortex-m0plus -mthumb -"
 411      20726576 
 411      6973696F 
 411      6E203232 
 411      31323230 
 412 01c5 67202D4F 		.ascii	"g -O0 -ffunction-sections -ffat-lto-objects\000"
 412      30202D66 
 412      66756E63 
 412      74696F6E 
 412      2D736563 
 413              		.ident	"GCC: (GNU Tools for ARM Embedded Processors) 4.9.3 20150303 (release) [ARM/embedded-4_9-br
