ARM GAS  C:\Users\fneves\AppData\Local\Temp\cceCpJ17.s 			page 1


   1              		.cpu cortex-m0plus
   2              		.fpu softvfp
   3              		.eabi_attribute 20, 1
   4              		.eabi_attribute 21, 1
   5              		.eabi_attribute 23, 3
   6              		.eabi_attribute 24, 1
   7              		.eabi_attribute 25, 1
   8              		.eabi_attribute 26, 1
   9              		.eabi_attribute 30, 6
  10              		.eabi_attribute 34, 0
  11              		.eabi_attribute 18, 4
  12              		.code	16
  13              		.file	"arm_lms_norm_init_q15.c"
  14              		.text
  15              	.Ltext0:
  16              		.cfi_sections	.debug_frame
  17              		.section	.text.arm_lms_norm_init_q15,"ax",%progbits
  18              		.align	2
  19              		.global	arm_lms_norm_init_q15
  20              		.code	16
  21              		.thumb_func
  22              		.type	arm_lms_norm_init_q15, %function
  23              	arm_lms_norm_init_q15:
  24              	.LFB82:
  25              		.file 1 "Source\\FilteringFunctions\\arm_lms_norm_init_q15.c"
   1:Source\FilteringFunctions/arm_lms_norm_init_q15.c **** /* ----------------------------------------------------------------------
   2:Source\FilteringFunctions/arm_lms_norm_init_q15.c ****  * Project:      CMSIS DSP Library
   3:Source\FilteringFunctions/arm_lms_norm_init_q15.c ****  * Title:        arm_lms_norm_init_q15.c
   4:Source\FilteringFunctions/arm_lms_norm_init_q15.c ****  * Description:  Q15 NLMS initialization function
   5:Source\FilteringFunctions/arm_lms_norm_init_q15.c ****  *
   6:Source\FilteringFunctions/arm_lms_norm_init_q15.c ****  * $Date:        27. January 2017
   7:Source\FilteringFunctions/arm_lms_norm_init_q15.c ****  * $Revision:    V.1.5.1
   8:Source\FilteringFunctions/arm_lms_norm_init_q15.c ****  *
   9:Source\FilteringFunctions/arm_lms_norm_init_q15.c ****  * Target Processor: Cortex-M cores
  10:Source\FilteringFunctions/arm_lms_norm_init_q15.c ****  * -------------------------------------------------------------------- */
  11:Source\FilteringFunctions/arm_lms_norm_init_q15.c **** /*
  12:Source\FilteringFunctions/arm_lms_norm_init_q15.c ****  * Copyright (C) 2010-2017 ARM Limited or its affiliates. All rights reserved.
  13:Source\FilteringFunctions/arm_lms_norm_init_q15.c ****  *
  14:Source\FilteringFunctions/arm_lms_norm_init_q15.c ****  * SPDX-License-Identifier: Apache-2.0
  15:Source\FilteringFunctions/arm_lms_norm_init_q15.c ****  *
  16:Source\FilteringFunctions/arm_lms_norm_init_q15.c ****  * Licensed under the Apache License, Version 2.0 (the License); you may
  17:Source\FilteringFunctions/arm_lms_norm_init_q15.c ****  * not use this file except in compliance with the License.
  18:Source\FilteringFunctions/arm_lms_norm_init_q15.c ****  * You may obtain a copy of the License at
  19:Source\FilteringFunctions/arm_lms_norm_init_q15.c ****  *
  20:Source\FilteringFunctions/arm_lms_norm_init_q15.c ****  * www.apache.org/licenses/LICENSE-2.0
  21:Source\FilteringFunctions/arm_lms_norm_init_q15.c ****  *
  22:Source\FilteringFunctions/arm_lms_norm_init_q15.c ****  * Unless required by applicable law or agreed to in writing, software
  23:Source\FilteringFunctions/arm_lms_norm_init_q15.c ****  * distributed under the License is distributed on an AS IS BASIS, WITHOUT
  24:Source\FilteringFunctions/arm_lms_norm_init_q15.c ****  * WARRANTIES OR CONDITIONS OF ANY KIND, either express or implied.
  25:Source\FilteringFunctions/arm_lms_norm_init_q15.c ****  * See the License for the specific language governing permissions and
  26:Source\FilteringFunctions/arm_lms_norm_init_q15.c ****  * limitations under the License.
  27:Source\FilteringFunctions/arm_lms_norm_init_q15.c ****  */
  28:Source\FilteringFunctions/arm_lms_norm_init_q15.c **** 
  29:Source\FilteringFunctions/arm_lms_norm_init_q15.c **** #include "arm_math.h"
  30:Source\FilteringFunctions/arm_lms_norm_init_q15.c **** #include "arm_common_tables.h"
  31:Source\FilteringFunctions/arm_lms_norm_init_q15.c **** 
  32:Source\FilteringFunctions/arm_lms_norm_init_q15.c **** /**
ARM GAS  C:\Users\fneves\AppData\Local\Temp\cceCpJ17.s 			page 2


  33:Source\FilteringFunctions/arm_lms_norm_init_q15.c ****  * @addtogroup LMS_NORM
  34:Source\FilteringFunctions/arm_lms_norm_init_q15.c ****  * @{
  35:Source\FilteringFunctions/arm_lms_norm_init_q15.c ****  */
  36:Source\FilteringFunctions/arm_lms_norm_init_q15.c **** 
  37:Source\FilteringFunctions/arm_lms_norm_init_q15.c ****   /**
  38:Source\FilteringFunctions/arm_lms_norm_init_q15.c ****    * @brief Initialization function for Q15 normalized LMS filter.
  39:Source\FilteringFunctions/arm_lms_norm_init_q15.c ****    * @param[in] *S points to an instance of the Q15 normalized LMS filter structure.
  40:Source\FilteringFunctions/arm_lms_norm_init_q15.c ****    * @param[in] numTaps  number of filter coefficients.
  41:Source\FilteringFunctions/arm_lms_norm_init_q15.c ****    * @param[in] *pCoeffs points to coefficient buffer.
  42:Source\FilteringFunctions/arm_lms_norm_init_q15.c ****    * @param[in] *pState points to state buffer.
  43:Source\FilteringFunctions/arm_lms_norm_init_q15.c ****    * @param[in] mu step size that controls filter coefficient updates.
  44:Source\FilteringFunctions/arm_lms_norm_init_q15.c ****    * @param[in] blockSize number of samples to process.
  45:Source\FilteringFunctions/arm_lms_norm_init_q15.c ****    * @param[in] postShift bit shift applied to coefficients.
  46:Source\FilteringFunctions/arm_lms_norm_init_q15.c ****    * @return none.
  47:Source\FilteringFunctions/arm_lms_norm_init_q15.c ****  *
  48:Source\FilteringFunctions/arm_lms_norm_init_q15.c ****  * <b>Description:</b>
  49:Source\FilteringFunctions/arm_lms_norm_init_q15.c ****  * \par
  50:Source\FilteringFunctions/arm_lms_norm_init_q15.c ****  * <code>pCoeffs</code> points to the array of filter coefficients stored in time reversed order:
  51:Source\FilteringFunctions/arm_lms_norm_init_q15.c ****  * <pre>
  52:Source\FilteringFunctions/arm_lms_norm_init_q15.c ****  *    {b[numTaps-1], b[numTaps-2], b[N-2], ..., b[1], b[0]}
  53:Source\FilteringFunctions/arm_lms_norm_init_q15.c ****  * </pre>
  54:Source\FilteringFunctions/arm_lms_norm_init_q15.c ****  * The initial filter coefficients serve as a starting point for the adaptive filter.
  55:Source\FilteringFunctions/arm_lms_norm_init_q15.c ****  * <code>pState</code> points to the array of state variables and size of array is
  56:Source\FilteringFunctions/arm_lms_norm_init_q15.c ****  * <code>numTaps+blockSize-1</code> samples, where <code>blockSize</code> is the number of input sa
  57:Source\FilteringFunctions/arm_lms_norm_init_q15.c ****  * by each call to <code>arm_lms_norm_q15()</code>.
  58:Source\FilteringFunctions/arm_lms_norm_init_q15.c ****  */
  59:Source\FilteringFunctions/arm_lms_norm_init_q15.c **** 
  60:Source\FilteringFunctions/arm_lms_norm_init_q15.c **** void arm_lms_norm_init_q15(
  61:Source\FilteringFunctions/arm_lms_norm_init_q15.c ****   arm_lms_norm_instance_q15 * S,
  62:Source\FilteringFunctions/arm_lms_norm_init_q15.c ****   uint16_t numTaps,
  63:Source\FilteringFunctions/arm_lms_norm_init_q15.c ****   q15_t * pCoeffs,
  64:Source\FilteringFunctions/arm_lms_norm_init_q15.c ****   q15_t * pState,
  65:Source\FilteringFunctions/arm_lms_norm_init_q15.c ****   q15_t mu,
  66:Source\FilteringFunctions/arm_lms_norm_init_q15.c ****   uint32_t blockSize,
  67:Source\FilteringFunctions/arm_lms_norm_init_q15.c ****   uint8_t postShift)
  68:Source\FilteringFunctions/arm_lms_norm_init_q15.c **** {
  26              		.loc 1 68 0
  27              		.cfi_startproc
  28 0000 80B5     		push	{r7, lr}
  29              		.cfi_def_cfa_offset 8
  30              		.cfi_offset 7, -8
  31              		.cfi_offset 14, -4
  32 0002 84B0     		sub	sp, sp, #16
  33              		.cfi_def_cfa_offset 24
  34 0004 00AF     		add	r7, sp, #0
  35              		.cfi_def_cfa_register 7
  36 0006 F860     		str	r0, [r7, #12]
  37 0008 7A60     		str	r2, [r7, #4]
  38 000a 3B60     		str	r3, [r7]
  39 000c 0A23     		mov	r3, #10
  40 000e FB18     		add	r3, r7, r3
  41 0010 0A1C     		add	r2, r1, #0
  42 0012 1A80     		strh	r2, [r3]
  69:Source\FilteringFunctions/arm_lms_norm_init_q15.c ****   /* Assign filter taps */
  70:Source\FilteringFunctions/arm_lms_norm_init_q15.c ****   S->numTaps = numTaps;
  43              		.loc 1 70 0
  44 0014 FB68     		ldr	r3, [r7, #12]
ARM GAS  C:\Users\fneves\AppData\Local\Temp\cceCpJ17.s 			page 3


  45 0016 0A22     		mov	r2, #10
  46 0018 BA18     		add	r2, r7, r2
  47 001a 1288     		ldrh	r2, [r2]
  48 001c 1A80     		strh	r2, [r3]
  71:Source\FilteringFunctions/arm_lms_norm_init_q15.c **** 
  72:Source\FilteringFunctions/arm_lms_norm_init_q15.c ****   /* Assign coefficient pointer */
  73:Source\FilteringFunctions/arm_lms_norm_init_q15.c ****   S->pCoeffs = pCoeffs;
  49              		.loc 1 73 0
  50 001e FB68     		ldr	r3, [r7, #12]
  51 0020 7A68     		ldr	r2, [r7, #4]
  52 0022 9A60     		str	r2, [r3, #8]
  74:Source\FilteringFunctions/arm_lms_norm_init_q15.c **** 
  75:Source\FilteringFunctions/arm_lms_norm_init_q15.c ****   /* Clear state buffer and size is always blockSize + numTaps - 1 */
  76:Source\FilteringFunctions/arm_lms_norm_init_q15.c ****   memset(pState, 0, (numTaps + (blockSize - 1u)) * sizeof(q15_t));
  53              		.loc 1 76 0
  54 0024 0A23     		mov	r3, #10
  55 0026 FB18     		add	r3, r7, r3
  56 0028 1A88     		ldrh	r2, [r3]
  57 002a FB69     		ldr	r3, [r7, #28]
  58 002c D318     		add	r3, r2, r3
  59 002e 114A     		ldr	r2, .L2
  60 0030 9446     		mov	ip, r2
  61 0032 6344     		add	r3, r3, ip
  62 0034 5B00     		lsl	r3, r3, #1
  63 0036 3A68     		ldr	r2, [r7]
  64 0038 101C     		mov	r0, r2
  65 003a 0021     		mov	r1, #0
  66 003c 1A1C     		mov	r2, r3
  67 003e FFF7FEFF 		bl	memset
  77:Source\FilteringFunctions/arm_lms_norm_init_q15.c **** 
  78:Source\FilteringFunctions/arm_lms_norm_init_q15.c ****   /* Assign post Shift value applied to coefficients */
  79:Source\FilteringFunctions/arm_lms_norm_init_q15.c ****   S->postShift = postShift;
  68              		.loc 1 79 0
  69 0042 FB68     		ldr	r3, [r7, #12]
  70 0044 2022     		mov	r2, #32
  71 0046 BA18     		add	r2, r7, r2
  72 0048 1278     		ldrb	r2, [r2]
  73 004a 9A73     		strb	r2, [r3, #14]
  80:Source\FilteringFunctions/arm_lms_norm_init_q15.c **** 
  81:Source\FilteringFunctions/arm_lms_norm_init_q15.c ****   /* Assign state pointer */
  82:Source\FilteringFunctions/arm_lms_norm_init_q15.c ****   S->pState = pState;
  74              		.loc 1 82 0
  75 004c FB68     		ldr	r3, [r7, #12]
  76 004e 3A68     		ldr	r2, [r7]
  77 0050 5A60     		str	r2, [r3, #4]
  83:Source\FilteringFunctions/arm_lms_norm_init_q15.c **** 
  84:Source\FilteringFunctions/arm_lms_norm_init_q15.c ****   /* Assign Step size value */
  85:Source\FilteringFunctions/arm_lms_norm_init_q15.c ****   S->mu = mu;
  78              		.loc 1 85 0
  79 0052 FB68     		ldr	r3, [r7, #12]
  80 0054 1822     		mov	r2, #24
  81 0056 BA18     		add	r2, r7, r2
  82 0058 1288     		ldrh	r2, [r2]
  83 005a 9A81     		strh	r2, [r3, #12]
  86:Source\FilteringFunctions/arm_lms_norm_init_q15.c **** 
  87:Source\FilteringFunctions/arm_lms_norm_init_q15.c ****   /* Initialize reciprocal pointer table */
  88:Source\FilteringFunctions/arm_lms_norm_init_q15.c ****   S->recipTable = (q15_t *) armRecipTableQ15;
ARM GAS  C:\Users\fneves\AppData\Local\Temp\cceCpJ17.s 			page 4


  84              		.loc 1 88 0
  85 005c FB68     		ldr	r3, [r7, #12]
  86 005e 064A     		ldr	r2, .L2+4
  87 0060 1A61     		str	r2, [r3, #16]
  89:Source\FilteringFunctions/arm_lms_norm_init_q15.c **** 
  90:Source\FilteringFunctions/arm_lms_norm_init_q15.c ****   /* Initialise Energy to zero */
  91:Source\FilteringFunctions/arm_lms_norm_init_q15.c ****   S->energy = 0;
  88              		.loc 1 91 0
  89 0062 FB68     		ldr	r3, [r7, #12]
  90 0064 0022     		mov	r2, #0
  91 0066 9A82     		strh	r2, [r3, #20]
  92:Source\FilteringFunctions/arm_lms_norm_init_q15.c **** 
  93:Source\FilteringFunctions/arm_lms_norm_init_q15.c ****   /* Initialise x0 to zero */
  94:Source\FilteringFunctions/arm_lms_norm_init_q15.c ****   S->x0 = 0;
  92              		.loc 1 94 0
  93 0068 FB68     		ldr	r3, [r7, #12]
  94 006a 0022     		mov	r2, #0
  95 006c DA82     		strh	r2, [r3, #22]
  95:Source\FilteringFunctions/arm_lms_norm_init_q15.c **** 
  96:Source\FilteringFunctions/arm_lms_norm_init_q15.c **** }
  96              		.loc 1 96 0
  97 006e BD46     		mov	sp, r7
  98 0070 04B0     		add	sp, sp, #16
  99              		@ sp needed
 100 0072 80BD     		pop	{r7, pc}
 101              	.L3:
 102              		.align	2
 103              	.L2:
 104 0074 FFFFFF7F 		.word	2147483647
 105 0078 00000000 		.word	armRecipTableQ15
 106              		.cfi_endproc
 107              	.LFE82:
 108              		.size	arm_lms_norm_init_q15, .-arm_lms_norm_init_q15
 109              		.text
 110              	.Letext0:
 111              		.file 2 "c:\\program files (x86)\\cypress\\psoc creator\\4.0\\psoc creator\\import\\gnu\\arm\\4.9.
 112              		.file 3 "c:\\program files (x86)\\cypress\\psoc creator\\4.0\\psoc creator\\import\\gnu\\arm\\4.9.
 113              		.file 4 ".\\Include/arm_math.h"
 114              		.file 5 ".\\Include/arm_common_tables.h"
 115              		.section	.debug_info,"",%progbits
 116              	.Ldebug_info0:
 117 0000 0C020000 		.4byte	0x20c
 118 0004 0400     		.2byte	0x4
 119 0006 00000000 		.4byte	.Ldebug_abbrev0
 120 000a 04       		.byte	0x4
 121 000b 01       		.uleb128 0x1
 122 000c 60010000 		.4byte	.LASF31
 123 0010 01       		.byte	0x1
 124 0011 D8000000 		.4byte	.LASF32
 125 0015 31000000 		.4byte	.LASF33
 126 0019 00000000 		.4byte	.Ldebug_ranges0+0
 127 001d 00000000 		.4byte	0
 128 0021 00000000 		.4byte	.Ldebug_line0
 129 0025 02       		.uleb128 0x2
 130 0026 01       		.byte	0x1
 131 0027 06       		.byte	0x6
 132 0028 79020000 		.4byte	.LASF0
ARM GAS  C:\Users\fneves\AppData\Local\Temp\cceCpJ17.s 			page 5


 133 002c 03       		.uleb128 0x3
 134 002d 16000000 		.4byte	.LASF2
 135 0031 02       		.byte	0x2
 136 0032 1D       		.byte	0x1d
 137 0033 37000000 		.4byte	0x37
 138 0037 02       		.uleb128 0x2
 139 0038 01       		.byte	0x1
 140 0039 08       		.byte	0x8
 141 003a A5000000 		.4byte	.LASF1
 142 003e 03       		.uleb128 0x3
 143 003f 20000000 		.4byte	.LASF3
 144 0043 02       		.byte	0x2
 145 0044 29       		.byte	0x29
 146 0045 49000000 		.4byte	0x49
 147 0049 02       		.uleb128 0x2
 148 004a 02       		.byte	0x2
 149 004b 05       		.byte	0x5
 150 004c 27020000 		.4byte	.LASF4
 151 0050 03       		.uleb128 0x3
 152 0051 14010000 		.4byte	.LASF5
 153 0055 02       		.byte	0x2
 154 0056 2B       		.byte	0x2b
 155 0057 5B000000 		.4byte	0x5b
 156 005b 02       		.uleb128 0x2
 157 005c 02       		.byte	0x2
 158 005d 07       		.byte	0x7
 159 005e C5000000 		.4byte	.LASF6
 160 0062 02       		.uleb128 0x2
 161 0063 04       		.byte	0x4
 162 0064 05       		.byte	0x5
 163 0065 64020000 		.4byte	.LASF7
 164 0069 03       		.uleb128 0x3
 165 006a 26010000 		.4byte	.LASF8
 166 006e 02       		.byte	0x2
 167 006f 41       		.byte	0x41
 168 0070 74000000 		.4byte	0x74
 169 0074 02       		.uleb128 0x2
 170 0075 04       		.byte	0x4
 171 0076 07       		.byte	0x7
 172 0077 B3000000 		.4byte	.LASF9
 173 007b 02       		.uleb128 0x2
 174 007c 08       		.byte	0x8
 175 007d 05       		.byte	0x5
 176 007e 03020000 		.4byte	.LASF10
 177 0082 02       		.uleb128 0x2
 178 0083 08       		.byte	0x8
 179 0084 07       		.byte	0x7
 180 0085 49010000 		.4byte	.LASF11
 181 0089 04       		.uleb128 0x4
 182 008a 04       		.byte	0x4
 183 008b 05       		.byte	0x5
 184 008c 696E7400 		.ascii	"int\000"
 185 0090 02       		.uleb128 0x2
 186 0091 04       		.byte	0x4
 187 0092 07       		.byte	0x7
 188 0093 3C010000 		.4byte	.LASF12
 189 0097 03       		.uleb128 0x3
ARM GAS  C:\Users\fneves\AppData\Local\Temp\cceCpJ17.s 			page 6


 190 0098 77000000 		.4byte	.LASF13
 191 009c 03       		.byte	0x3
 192 009d 15       		.byte	0x15
 193 009e 2C000000 		.4byte	0x2c
 194 00a2 03       		.uleb128 0x3
 195 00a3 F2010000 		.4byte	.LASF14
 196 00a7 03       		.byte	0x3
 197 00a8 20       		.byte	0x20
 198 00a9 3E000000 		.4byte	0x3e
 199 00ad 03       		.uleb128 0x3
 200 00ae 39020000 		.4byte	.LASF15
 201 00b2 03       		.byte	0x3
 202 00b3 21       		.byte	0x21
 203 00b4 50000000 		.4byte	0x50
 204 00b8 03       		.uleb128 0x3
 205 00b9 5B020000 		.4byte	.LASF16
 206 00bd 03       		.byte	0x3
 207 00be 2D       		.byte	0x2d
 208 00bf 69000000 		.4byte	0x69
 209 00c3 02       		.uleb128 0x2
 210 00c4 04       		.byte	0x4
 211 00c5 07       		.byte	0x7
 212 00c6 FA010000 		.4byte	.LASF17
 213 00ca 02       		.uleb128 0x2
 214 00cb 01       		.byte	0x1
 215 00cc 08       		.byte	0x8
 216 00cd 22020000 		.4byte	.LASF18
 217 00d1 02       		.uleb128 0x2
 218 00d2 08       		.byte	0x8
 219 00d3 04       		.byte	0x4
 220 00d4 1F010000 		.4byte	.LASF19
 221 00d8 02       		.uleb128 0x2
 222 00d9 04       		.byte	0x4
 223 00da 04       		.byte	0x4
 224 00db 85000000 		.4byte	.LASF20
 225 00df 02       		.uleb128 0x2
 226 00e0 08       		.byte	0x8
 227 00e1 04       		.byte	0x4
 228 00e2 6D020000 		.4byte	.LASF21
 229 00e6 05       		.uleb128 0x5
 230 00e7 7F000000 		.4byte	.LASF22
 231 00eb 04       		.byte	0x4
 232 00ec 9601     		.2byte	0x196
 233 00ee A2000000 		.4byte	0xa2
 234 00f2 06       		.uleb128 0x6
 235 00f3 04       		.byte	0x4
 236 00f4 E6000000 		.4byte	0xe6
 237 00f8 07       		.uleb128 0x7
 238 00f9 18       		.byte	0x18
 239 00fa 04       		.byte	0x4
 240 00fb BF10     		.2byte	0x10bf
 241 00fd 68010000 		.4byte	0x168
 242 0101 08       		.uleb128 0x8
 243 0102 31020000 		.4byte	.LASF23
 244 0106 04       		.byte	0x4
 245 0107 C110     		.2byte	0x10c1
 246 0109 AD000000 		.4byte	0xad
ARM GAS  C:\Users\fneves\AppData\Local\Temp\cceCpJ17.s 			page 7


 247 010d 00       		.byte	0
 248 010e 08       		.uleb128 0x8
 249 010f 1B020000 		.4byte	.LASF24
 250 0113 04       		.byte	0x4
 251 0114 C210     		.2byte	0x10c2
 252 0116 F2000000 		.4byte	0xf2
 253 011a 04       		.byte	0x4
 254 011b 08       		.uleb128 0x8
 255 011c 53020000 		.4byte	.LASF25
 256 0120 04       		.byte	0x4
 257 0121 C310     		.2byte	0x10c3
 258 0123 F2000000 		.4byte	0xf2
 259 0127 08       		.byte	0x8
 260 0128 09       		.uleb128 0x9
 261 0129 6D7500   		.ascii	"mu\000"
 262 012c 04       		.byte	0x4
 263 012d C410     		.2byte	0x10c4
 264 012f E6000000 		.4byte	0xe6
 265 0133 0C       		.byte	0xc
 266 0134 08       		.uleb128 0x8
 267 0135 0A010000 		.4byte	.LASF26
 268 0139 04       		.byte	0x4
 269 013a C510     		.2byte	0x10c5
 270 013c 97000000 		.4byte	0x97
 271 0140 0E       		.byte	0xe
 272 0141 08       		.uleb128 0x8
 273 0142 31010000 		.4byte	.LASF27
 274 0146 04       		.byte	0x4
 275 0147 C610     		.2byte	0x10c6
 276 0149 F2000000 		.4byte	0xf2
 277 014d 10       		.byte	0x10
 278 014e 08       		.uleb128 0x8
 279 014f 2A000000 		.4byte	.LASF28
 280 0153 04       		.byte	0x4
 281 0154 C710     		.2byte	0x10c7
 282 0156 E6000000 		.4byte	0xe6
 283 015a 14       		.byte	0x14
 284 015b 09       		.uleb128 0x9
 285 015c 783000   		.ascii	"x0\000"
 286 015f 04       		.byte	0x4
 287 0160 C810     		.2byte	0x10c8
 288 0162 E6000000 		.4byte	0xe6
 289 0166 16       		.byte	0x16
 290 0167 00       		.byte	0
 291 0168 05       		.uleb128 0x5
 292 0169 8B000000 		.4byte	.LASF29
 293 016d 04       		.byte	0x4
 294 016e C910     		.2byte	0x10c9
 295 0170 F8000000 		.4byte	0xf8
 296 0174 0A       		.uleb128 0xa
 297 0175 00000000 		.4byte	.LASF34
 298 0179 01       		.byte	0x1
 299 017a 3C       		.byte	0x3c
 300 017b 00000000 		.4byte	.LFB82
 301 017f 7C000000 		.4byte	.LFE82-.LFB82
 302 0183 01       		.uleb128 0x1
 303 0184 9C       		.byte	0x9c
ARM GAS  C:\Users\fneves\AppData\Local\Temp\cceCpJ17.s 			page 8


 304 0185 E9010000 		.4byte	0x1e9
 305 0189 0B       		.uleb128 0xb
 306 018a 5300     		.ascii	"S\000"
 307 018c 01       		.byte	0x1
 308 018d 3D       		.byte	0x3d
 309 018e E9010000 		.4byte	0x1e9
 310 0192 02       		.uleb128 0x2
 311 0193 91       		.byte	0x91
 312 0194 74       		.sleb128 -12
 313 0195 0C       		.uleb128 0xc
 314 0196 31020000 		.4byte	.LASF23
 315 019a 01       		.byte	0x1
 316 019b 3E       		.byte	0x3e
 317 019c AD000000 		.4byte	0xad
 318 01a0 02       		.uleb128 0x2
 319 01a1 91       		.byte	0x91
 320 01a2 72       		.sleb128 -14
 321 01a3 0C       		.uleb128 0xc
 322 01a4 53020000 		.4byte	.LASF25
 323 01a8 01       		.byte	0x1
 324 01a9 3F       		.byte	0x3f
 325 01aa F2000000 		.4byte	0xf2
 326 01ae 02       		.uleb128 0x2
 327 01af 91       		.byte	0x91
 328 01b0 6C       		.sleb128 -20
 329 01b1 0C       		.uleb128 0xc
 330 01b2 1B020000 		.4byte	.LASF24
 331 01b6 01       		.byte	0x1
 332 01b7 40       		.byte	0x40
 333 01b8 F2000000 		.4byte	0xf2
 334 01bc 02       		.uleb128 0x2
 335 01bd 91       		.byte	0x91
 336 01be 68       		.sleb128 -24
 337 01bf 0B       		.uleb128 0xb
 338 01c0 6D7500   		.ascii	"mu\000"
 339 01c3 01       		.byte	0x1
 340 01c4 41       		.byte	0x41
 341 01c5 E6000000 		.4byte	0xe6
 342 01c9 02       		.uleb128 0x2
 343 01ca 91       		.byte	0x91
 344 01cb 00       		.sleb128 0
 345 01cc 0C       		.uleb128 0xc
 346 01cd 11020000 		.4byte	.LASF30
 347 01d1 01       		.byte	0x1
 348 01d2 42       		.byte	0x42
 349 01d3 B8000000 		.4byte	0xb8
 350 01d7 02       		.uleb128 0x2
 351 01d8 91       		.byte	0x91
 352 01d9 04       		.sleb128 4
 353 01da 0C       		.uleb128 0xc
 354 01db 0A010000 		.4byte	.LASF26
 355 01df 01       		.byte	0x1
 356 01e0 43       		.byte	0x43
 357 01e1 97000000 		.4byte	0x97
 358 01e5 02       		.uleb128 0x2
 359 01e6 91       		.byte	0x91
 360 01e7 08       		.sleb128 8
ARM GAS  C:\Users\fneves\AppData\Local\Temp\cceCpJ17.s 			page 9


 361 01e8 00       		.byte	0
 362 01e9 06       		.uleb128 0x6
 363 01ea 04       		.byte	0x4
 364 01eb 68010000 		.4byte	0x168
 365 01ef 0D       		.uleb128 0xd
 366 01f0 E6000000 		.4byte	0xe6
 367 01f4 FF010000 		.4byte	0x1ff
 368 01f8 0E       		.uleb128 0xe
 369 01f9 C3000000 		.4byte	0xc3
 370 01fd 3F       		.byte	0x3f
 371 01fe 00       		.byte	0
 372 01ff 0F       		.uleb128 0xf
 373 0200 42020000 		.4byte	.LASF35
 374 0204 05       		.byte	0x5
 375 0205 23       		.byte	0x23
 376 0206 0A020000 		.4byte	0x20a
 377 020a 10       		.uleb128 0x10
 378 020b EF010000 		.4byte	0x1ef
 379 020f 00       		.byte	0
 380              		.section	.debug_abbrev,"",%progbits
 381              	.Ldebug_abbrev0:
 382 0000 01       		.uleb128 0x1
 383 0001 11       		.uleb128 0x11
 384 0002 01       		.byte	0x1
 385 0003 25       		.uleb128 0x25
 386 0004 0E       		.uleb128 0xe
 387 0005 13       		.uleb128 0x13
 388 0006 0B       		.uleb128 0xb
 389 0007 03       		.uleb128 0x3
 390 0008 0E       		.uleb128 0xe
 391 0009 1B       		.uleb128 0x1b
 392 000a 0E       		.uleb128 0xe
 393 000b 55       		.uleb128 0x55
 394 000c 17       		.uleb128 0x17
 395 000d 11       		.uleb128 0x11
 396 000e 01       		.uleb128 0x1
 397 000f 10       		.uleb128 0x10
 398 0010 17       		.uleb128 0x17
 399 0011 00       		.byte	0
 400 0012 00       		.byte	0
 401 0013 02       		.uleb128 0x2
 402 0014 24       		.uleb128 0x24
 403 0015 00       		.byte	0
 404 0016 0B       		.uleb128 0xb
 405 0017 0B       		.uleb128 0xb
 406 0018 3E       		.uleb128 0x3e
 407 0019 0B       		.uleb128 0xb
 408 001a 03       		.uleb128 0x3
 409 001b 0E       		.uleb128 0xe
 410 001c 00       		.byte	0
 411 001d 00       		.byte	0
 412 001e 03       		.uleb128 0x3
 413 001f 16       		.uleb128 0x16
 414 0020 00       		.byte	0
 415 0021 03       		.uleb128 0x3
 416 0022 0E       		.uleb128 0xe
 417 0023 3A       		.uleb128 0x3a
ARM GAS  C:\Users\fneves\AppData\Local\Temp\cceCpJ17.s 			page 10


 418 0024 0B       		.uleb128 0xb
 419 0025 3B       		.uleb128 0x3b
 420 0026 0B       		.uleb128 0xb
 421 0027 49       		.uleb128 0x49
 422 0028 13       		.uleb128 0x13
 423 0029 00       		.byte	0
 424 002a 00       		.byte	0
 425 002b 04       		.uleb128 0x4
 426 002c 24       		.uleb128 0x24
 427 002d 00       		.byte	0
 428 002e 0B       		.uleb128 0xb
 429 002f 0B       		.uleb128 0xb
 430 0030 3E       		.uleb128 0x3e
 431 0031 0B       		.uleb128 0xb
 432 0032 03       		.uleb128 0x3
 433 0033 08       		.uleb128 0x8
 434 0034 00       		.byte	0
 435 0035 00       		.byte	0
 436 0036 05       		.uleb128 0x5
 437 0037 16       		.uleb128 0x16
 438 0038 00       		.byte	0
 439 0039 03       		.uleb128 0x3
 440 003a 0E       		.uleb128 0xe
 441 003b 3A       		.uleb128 0x3a
 442 003c 0B       		.uleb128 0xb
 443 003d 3B       		.uleb128 0x3b
 444 003e 05       		.uleb128 0x5
 445 003f 49       		.uleb128 0x49
 446 0040 13       		.uleb128 0x13
 447 0041 00       		.byte	0
 448 0042 00       		.byte	0
 449 0043 06       		.uleb128 0x6
 450 0044 0F       		.uleb128 0xf
 451 0045 00       		.byte	0
 452 0046 0B       		.uleb128 0xb
 453 0047 0B       		.uleb128 0xb
 454 0048 49       		.uleb128 0x49
 455 0049 13       		.uleb128 0x13
 456 004a 00       		.byte	0
 457 004b 00       		.byte	0
 458 004c 07       		.uleb128 0x7
 459 004d 13       		.uleb128 0x13
 460 004e 01       		.byte	0x1
 461 004f 0B       		.uleb128 0xb
 462 0050 0B       		.uleb128 0xb
 463 0051 3A       		.uleb128 0x3a
 464 0052 0B       		.uleb128 0xb
 465 0053 3B       		.uleb128 0x3b
 466 0054 05       		.uleb128 0x5
 467 0055 01       		.uleb128 0x1
 468 0056 13       		.uleb128 0x13
 469 0057 00       		.byte	0
 470 0058 00       		.byte	0
 471 0059 08       		.uleb128 0x8
 472 005a 0D       		.uleb128 0xd
 473 005b 00       		.byte	0
 474 005c 03       		.uleb128 0x3
ARM GAS  C:\Users\fneves\AppData\Local\Temp\cceCpJ17.s 			page 11


 475 005d 0E       		.uleb128 0xe
 476 005e 3A       		.uleb128 0x3a
 477 005f 0B       		.uleb128 0xb
 478 0060 3B       		.uleb128 0x3b
 479 0061 05       		.uleb128 0x5
 480 0062 49       		.uleb128 0x49
 481 0063 13       		.uleb128 0x13
 482 0064 38       		.uleb128 0x38
 483 0065 0B       		.uleb128 0xb
 484 0066 00       		.byte	0
 485 0067 00       		.byte	0
 486 0068 09       		.uleb128 0x9
 487 0069 0D       		.uleb128 0xd
 488 006a 00       		.byte	0
 489 006b 03       		.uleb128 0x3
 490 006c 08       		.uleb128 0x8
 491 006d 3A       		.uleb128 0x3a
 492 006e 0B       		.uleb128 0xb
 493 006f 3B       		.uleb128 0x3b
 494 0070 05       		.uleb128 0x5
 495 0071 49       		.uleb128 0x49
 496 0072 13       		.uleb128 0x13
 497 0073 38       		.uleb128 0x38
 498 0074 0B       		.uleb128 0xb
 499 0075 00       		.byte	0
 500 0076 00       		.byte	0
 501 0077 0A       		.uleb128 0xa
 502 0078 2E       		.uleb128 0x2e
 503 0079 01       		.byte	0x1
 504 007a 3F       		.uleb128 0x3f
 505 007b 19       		.uleb128 0x19
 506 007c 03       		.uleb128 0x3
 507 007d 0E       		.uleb128 0xe
 508 007e 3A       		.uleb128 0x3a
 509 007f 0B       		.uleb128 0xb
 510 0080 3B       		.uleb128 0x3b
 511 0081 0B       		.uleb128 0xb
 512 0082 27       		.uleb128 0x27
 513 0083 19       		.uleb128 0x19
 514 0084 11       		.uleb128 0x11
 515 0085 01       		.uleb128 0x1
 516 0086 12       		.uleb128 0x12
 517 0087 06       		.uleb128 0x6
 518 0088 40       		.uleb128 0x40
 519 0089 18       		.uleb128 0x18
 520 008a 9642     		.uleb128 0x2116
 521 008c 19       		.uleb128 0x19
 522 008d 01       		.uleb128 0x1
 523 008e 13       		.uleb128 0x13
 524 008f 00       		.byte	0
 525 0090 00       		.byte	0
 526 0091 0B       		.uleb128 0xb
 527 0092 05       		.uleb128 0x5
 528 0093 00       		.byte	0
 529 0094 03       		.uleb128 0x3
 530 0095 08       		.uleb128 0x8
 531 0096 3A       		.uleb128 0x3a
ARM GAS  C:\Users\fneves\AppData\Local\Temp\cceCpJ17.s 			page 12


 532 0097 0B       		.uleb128 0xb
 533 0098 3B       		.uleb128 0x3b
 534 0099 0B       		.uleb128 0xb
 535 009a 49       		.uleb128 0x49
 536 009b 13       		.uleb128 0x13
 537 009c 02       		.uleb128 0x2
 538 009d 18       		.uleb128 0x18
 539 009e 00       		.byte	0
 540 009f 00       		.byte	0
 541 00a0 0C       		.uleb128 0xc
 542 00a1 05       		.uleb128 0x5
 543 00a2 00       		.byte	0
 544 00a3 03       		.uleb128 0x3
 545 00a4 0E       		.uleb128 0xe
 546 00a5 3A       		.uleb128 0x3a
 547 00a6 0B       		.uleb128 0xb
 548 00a7 3B       		.uleb128 0x3b
 549 00a8 0B       		.uleb128 0xb
 550 00a9 49       		.uleb128 0x49
 551 00aa 13       		.uleb128 0x13
 552 00ab 02       		.uleb128 0x2
 553 00ac 18       		.uleb128 0x18
 554 00ad 00       		.byte	0
 555 00ae 00       		.byte	0
 556 00af 0D       		.uleb128 0xd
 557 00b0 01       		.uleb128 0x1
 558 00b1 01       		.byte	0x1
 559 00b2 49       		.uleb128 0x49
 560 00b3 13       		.uleb128 0x13
 561 00b4 01       		.uleb128 0x1
 562 00b5 13       		.uleb128 0x13
 563 00b6 00       		.byte	0
 564 00b7 00       		.byte	0
 565 00b8 0E       		.uleb128 0xe
 566 00b9 21       		.uleb128 0x21
 567 00ba 00       		.byte	0
 568 00bb 49       		.uleb128 0x49
 569 00bc 13       		.uleb128 0x13
 570 00bd 2F       		.uleb128 0x2f
 571 00be 0B       		.uleb128 0xb
 572 00bf 00       		.byte	0
 573 00c0 00       		.byte	0
 574 00c1 0F       		.uleb128 0xf
 575 00c2 34       		.uleb128 0x34
 576 00c3 00       		.byte	0
 577 00c4 03       		.uleb128 0x3
 578 00c5 0E       		.uleb128 0xe
 579 00c6 3A       		.uleb128 0x3a
 580 00c7 0B       		.uleb128 0xb
 581 00c8 3B       		.uleb128 0x3b
 582 00c9 0B       		.uleb128 0xb
 583 00ca 49       		.uleb128 0x49
 584 00cb 13       		.uleb128 0x13
 585 00cc 3F       		.uleb128 0x3f
 586 00cd 19       		.uleb128 0x19
 587 00ce 3C       		.uleb128 0x3c
 588 00cf 19       		.uleb128 0x19
ARM GAS  C:\Users\fneves\AppData\Local\Temp\cceCpJ17.s 			page 13


 589 00d0 00       		.byte	0
 590 00d1 00       		.byte	0
 591 00d2 10       		.uleb128 0x10
 592 00d3 26       		.uleb128 0x26
 593 00d4 00       		.byte	0
 594 00d5 49       		.uleb128 0x49
 595 00d6 13       		.uleb128 0x13
 596 00d7 00       		.byte	0
 597 00d8 00       		.byte	0
 598 00d9 00       		.byte	0
 599              		.section	.debug_aranges,"",%progbits
 600 0000 1C000000 		.4byte	0x1c
 601 0004 0200     		.2byte	0x2
 602 0006 00000000 		.4byte	.Ldebug_info0
 603 000a 04       		.byte	0x4
 604 000b 00       		.byte	0
 605 000c 0000     		.2byte	0
 606 000e 0000     		.2byte	0
 607 0010 00000000 		.4byte	.LFB82
 608 0014 7C000000 		.4byte	.LFE82-.LFB82
 609 0018 00000000 		.4byte	0
 610 001c 00000000 		.4byte	0
 611              		.section	.debug_ranges,"",%progbits
 612              	.Ldebug_ranges0:
 613 0000 00000000 		.4byte	.LFB82
 614 0004 7C000000 		.4byte	.LFE82
 615 0008 00000000 		.4byte	0
 616 000c 00000000 		.4byte	0
 617              		.section	.debug_line,"",%progbits
 618              	.Ldebug_line0:
 619 0000 8F010000 		.section	.debug_str,"MS",%progbits,1
 619      02006F01 
 619      00000201 
 619      FB0E0D00 
 619      01010101 
 620              	.LASF34:
 621 0000 61726D5F 		.ascii	"arm_lms_norm_init_q15\000"
 621      6C6D735F 
 621      6E6F726D 
 621      5F696E69 
 621      745F7131 
 622              	.LASF2:
 623 0016 5F5F7569 		.ascii	"__uint8_t\000"
 623      6E74385F 
 623      7400
 624              	.LASF3:
 625 0020 5F5F696E 		.ascii	"__int16_t\000"
 625      7431365F 
 625      7400
 626              	.LASF28:
 627 002a 656E6572 		.ascii	"energy\000"
 627      677900
 628              	.LASF33:
 629 0031 433A5C55 		.ascii	"C:\\Users\\fneves\\Documents\\PSoC Creator\\wp_1\\e"
 629      73657273 
 629      5C666E65 
 629      7665735C 
ARM GAS  C:\Users\fneves\AppData\Local\Temp\cceCpJ17.s 			page 14


 629      446F6375 
 630 005e 6E67696E 		.ascii	"ngine_speed_sensor.cydsn\000"
 630      655F7370 
 630      6565645F 
 630      73656E73 
 630      6F722E63 
 631              	.LASF13:
 632 0077 75696E74 		.ascii	"uint8_t\000"
 632      385F7400 
 633              	.LASF22:
 634 007f 7131355F 		.ascii	"q15_t\000"
 634      7400
 635              	.LASF20:
 636 0085 666C6F61 		.ascii	"float\000"
 636      7400
 637              	.LASF29:
 638 008b 61726D5F 		.ascii	"arm_lms_norm_instance_q15\000"
 638      6C6D735F 
 638      6E6F726D 
 638      5F696E73 
 638      74616E63 
 639              	.LASF1:
 640 00a5 756E7369 		.ascii	"unsigned char\000"
 640      676E6564 
 640      20636861 
 640      7200
 641              	.LASF9:
 642 00b3 6C6F6E67 		.ascii	"long unsigned int\000"
 642      20756E73 
 642      69676E65 
 642      6420696E 
 642      7400
 643              	.LASF6:
 644 00c5 73686F72 		.ascii	"short unsigned int\000"
 644      7420756E 
 644      7369676E 
 644      65642069 
 644      6E7400
 645              	.LASF32:
 646 00d8 536F7572 		.ascii	"Source\\FilteringFunctions\\arm_lms_norm_init_q15.c"
 646      63655C46 
 646      696C7465 
 646      72696E67 
 646      46756E63 
 647 0109 00       		.ascii	"\000"
 648              	.LASF26:
 649 010a 706F7374 		.ascii	"postShift\000"
 649      53686966 
 649      7400
 650              	.LASF5:
 651 0114 5F5F7569 		.ascii	"__uint16_t\000"
 651      6E743136 
 651      5F7400
 652              	.LASF19:
 653 011f 646F7562 		.ascii	"double\000"
 653      6C6500
 654              	.LASF8:
ARM GAS  C:\Users\fneves\AppData\Local\Temp\cceCpJ17.s 			page 15


 655 0126 5F5F7569 		.ascii	"__uint32_t\000"
 655      6E743332 
 655      5F7400
 656              	.LASF27:
 657 0131 72656369 		.ascii	"recipTable\000"
 657      70546162 
 657      6C6500
 658              	.LASF12:
 659 013c 756E7369 		.ascii	"unsigned int\000"
 659      676E6564 
 659      20696E74 
 659      00
 660              	.LASF11:
 661 0149 6C6F6E67 		.ascii	"long long unsigned int\000"
 661      206C6F6E 
 661      6720756E 
 661      7369676E 
 661      65642069 
 662              	.LASF31:
 663 0160 474E5520 		.ascii	"GNU C 4.9.3 20150303 (release) [ARM/embedded-4_9-br"
 663      4320342E 
 663      392E3320 
 663      32303135 
 663      30333033 
 664 0193 616E6368 		.ascii	"anch revision 221220] -mcpu=cortex-m0plus -mthumb -"
 664      20726576 
 664      6973696F 
 664      6E203232 
 664      31323230 
 665 01c6 67202D4F 		.ascii	"g -O0 -ffunction-sections -ffat-lto-objects\000"
 665      30202D66 
 665      66756E63 
 665      74696F6E 
 665      2D736563 
 666              	.LASF14:
 667 01f2 696E7431 		.ascii	"int16_t\000"
 667      365F7400 
 668              	.LASF17:
 669 01fa 73697A65 		.ascii	"sizetype\000"
 669      74797065 
 669      00
 670              	.LASF10:
 671 0203 6C6F6E67 		.ascii	"long long int\000"
 671      206C6F6E 
 671      6720696E 
 671      7400
 672              	.LASF30:
 673 0211 626C6F63 		.ascii	"blockSize\000"
 673      6B53697A 
 673      6500
 674              	.LASF24:
 675 021b 70537461 		.ascii	"pState\000"
 675      746500
 676              	.LASF18:
 677 0222 63686172 		.ascii	"char\000"
 677      00
 678              	.LASF4:
ARM GAS  C:\Users\fneves\AppData\Local\Temp\cceCpJ17.s 			page 16


 679 0227 73686F72 		.ascii	"short int\000"
 679      7420696E 
 679      7400
 680              	.LASF23:
 681 0231 6E756D54 		.ascii	"numTaps\000"
 681      61707300 
 682              	.LASF15:
 683 0239 75696E74 		.ascii	"uint16_t\000"
 683      31365F74 
 683      00
 684              	.LASF35:
 685 0242 61726D52 		.ascii	"armRecipTableQ15\000"
 685      65636970 
 685      5461626C 
 685      65513135 
 685      00
 686              	.LASF25:
 687 0253 70436F65 		.ascii	"pCoeffs\000"
 687      66667300 
 688              	.LASF16:
 689 025b 75696E74 		.ascii	"uint32_t\000"
 689      33325F74 
 689      00
 690              	.LASF7:
 691 0264 6C6F6E67 		.ascii	"long int\000"
 691      20696E74 
 691      00
 692              	.LASF21:
 693 026d 6C6F6E67 		.ascii	"long double\000"
 693      20646F75 
 693      626C6500 
 694              	.LASF0:
 695 0279 7369676E 		.ascii	"signed char\000"
 695      65642063 
 695      68617200 
 696              		.ident	"GCC: (GNU Tools for ARM Embedded Processors) 4.9.3 20150303 (release) [ARM/embedded-4_9-br
