ARM GAS  C:\Users\fneves\AppData\Local\Temp\ccKA1gxa.s 			page 1


   1              		.cpu cortex-m0plus
   2              		.fpu softvfp
   3              		.eabi_attribute 20, 1
   4              		.eabi_attribute 21, 1
   5              		.eabi_attribute 23, 3
   6              		.eabi_attribute 24, 1
   7              		.eabi_attribute 25, 1
   8              		.eabi_attribute 26, 1
   9              		.eabi_attribute 30, 6
  10              		.eabi_attribute 34, 0
  11              		.eabi_attribute 18, 4
  12              		.code	16
  13              		.file	"arm_q7_to_q15.c"
  14              		.text
  15              	.Ltext0:
  16              		.cfi_sections	.debug_frame
  17              		.section	.text.arm_q7_to_q15,"ax",%progbits
  18              		.align	2
  19              		.global	arm_q7_to_q15
  20              		.code	16
  21              		.thumb_func
  22              		.type	arm_q7_to_q15, %function
  23              	arm_q7_to_q15:
  24              	.LFB82:
  25              		.file 1 "Source\\SupportFunctions\\arm_q7_to_q15.c"
   1:Source\SupportFunctions/arm_q7_to_q15.c **** /* ----------------------------------------------------------------------
   2:Source\SupportFunctions/arm_q7_to_q15.c ****  * Project:      CMSIS DSP Library
   3:Source\SupportFunctions/arm_q7_to_q15.c ****  * Title:        arm_q7_to_q15.c
   4:Source\SupportFunctions/arm_q7_to_q15.c ****  * Description:  Converts the elements of the Q7 vector to Q15 vector
   5:Source\SupportFunctions/arm_q7_to_q15.c ****  *
   6:Source\SupportFunctions/arm_q7_to_q15.c ****  * $Date:        27. January 2017
   7:Source\SupportFunctions/arm_q7_to_q15.c ****  * $Revision:    V.1.5.1
   8:Source\SupportFunctions/arm_q7_to_q15.c ****  *
   9:Source\SupportFunctions/arm_q7_to_q15.c ****  * Target Processor: Cortex-M cores
  10:Source\SupportFunctions/arm_q7_to_q15.c ****  * -------------------------------------------------------------------- */
  11:Source\SupportFunctions/arm_q7_to_q15.c **** /*
  12:Source\SupportFunctions/arm_q7_to_q15.c ****  * Copyright (C) 2010-2017 ARM Limited or its affiliates. All rights reserved.
  13:Source\SupportFunctions/arm_q7_to_q15.c ****  *
  14:Source\SupportFunctions/arm_q7_to_q15.c ****  * SPDX-License-Identifier: Apache-2.0
  15:Source\SupportFunctions/arm_q7_to_q15.c ****  *
  16:Source\SupportFunctions/arm_q7_to_q15.c ****  * Licensed under the Apache License, Version 2.0 (the License); you may
  17:Source\SupportFunctions/arm_q7_to_q15.c ****  * not use this file except in compliance with the License.
  18:Source\SupportFunctions/arm_q7_to_q15.c ****  * You may obtain a copy of the License at
  19:Source\SupportFunctions/arm_q7_to_q15.c ****  *
  20:Source\SupportFunctions/arm_q7_to_q15.c ****  * www.apache.org/licenses/LICENSE-2.0
  21:Source\SupportFunctions/arm_q7_to_q15.c ****  *
  22:Source\SupportFunctions/arm_q7_to_q15.c ****  * Unless required by applicable law or agreed to in writing, software
  23:Source\SupportFunctions/arm_q7_to_q15.c ****  * distributed under the License is distributed on an AS IS BASIS, WITHOUT
  24:Source\SupportFunctions/arm_q7_to_q15.c ****  * WARRANTIES OR CONDITIONS OF ANY KIND, either express or implied.
  25:Source\SupportFunctions/arm_q7_to_q15.c ****  * See the License for the specific language governing permissions and
  26:Source\SupportFunctions/arm_q7_to_q15.c ****  * limitations under the License.
  27:Source\SupportFunctions/arm_q7_to_q15.c ****  */
  28:Source\SupportFunctions/arm_q7_to_q15.c **** 
  29:Source\SupportFunctions/arm_q7_to_q15.c **** #include "arm_math.h"
  30:Source\SupportFunctions/arm_q7_to_q15.c **** 
  31:Source\SupportFunctions/arm_q7_to_q15.c **** /**
  32:Source\SupportFunctions/arm_q7_to_q15.c ****  * @ingroup groupSupport
ARM GAS  C:\Users\fneves\AppData\Local\Temp\ccKA1gxa.s 			page 2


  33:Source\SupportFunctions/arm_q7_to_q15.c ****  */
  34:Source\SupportFunctions/arm_q7_to_q15.c **** 
  35:Source\SupportFunctions/arm_q7_to_q15.c **** /**
  36:Source\SupportFunctions/arm_q7_to_q15.c ****  * @addtogroup q7_to_x
  37:Source\SupportFunctions/arm_q7_to_q15.c ****  * @{
  38:Source\SupportFunctions/arm_q7_to_q15.c ****  */
  39:Source\SupportFunctions/arm_q7_to_q15.c **** 
  40:Source\SupportFunctions/arm_q7_to_q15.c **** 
  41:Source\SupportFunctions/arm_q7_to_q15.c **** 
  42:Source\SupportFunctions/arm_q7_to_q15.c **** 
  43:Source\SupportFunctions/arm_q7_to_q15.c **** /**
  44:Source\SupportFunctions/arm_q7_to_q15.c ****  * @brief Converts the elements of the Q7 vector to Q15 vector.
  45:Source\SupportFunctions/arm_q7_to_q15.c ****  * @param[in]       *pSrc points to the Q7 input vector
  46:Source\SupportFunctions/arm_q7_to_q15.c ****  * @param[out]      *pDst points to the Q15 output vector
  47:Source\SupportFunctions/arm_q7_to_q15.c ****  * @param[in]       blockSize length of the input vector
  48:Source\SupportFunctions/arm_q7_to_q15.c ****  * @return none.
  49:Source\SupportFunctions/arm_q7_to_q15.c ****  *
  50:Source\SupportFunctions/arm_q7_to_q15.c ****  * \par Description:
  51:Source\SupportFunctions/arm_q7_to_q15.c ****  *
  52:Source\SupportFunctions/arm_q7_to_q15.c ****  * The equation used for the conversion process is:
  53:Source\SupportFunctions/arm_q7_to_q15.c ****  *
  54:Source\SupportFunctions/arm_q7_to_q15.c ****  * <pre>
  55:Source\SupportFunctions/arm_q7_to_q15.c ****  * 	pDst[n] = (q15_t) pSrc[n] << 8;   0 <= n < blockSize.
  56:Source\SupportFunctions/arm_q7_to_q15.c ****  * </pre>
  57:Source\SupportFunctions/arm_q7_to_q15.c ****  *
  58:Source\SupportFunctions/arm_q7_to_q15.c ****  */
  59:Source\SupportFunctions/arm_q7_to_q15.c **** 
  60:Source\SupportFunctions/arm_q7_to_q15.c **** 
  61:Source\SupportFunctions/arm_q7_to_q15.c **** void arm_q7_to_q15(
  62:Source\SupportFunctions/arm_q7_to_q15.c ****   q7_t * pSrc,
  63:Source\SupportFunctions/arm_q7_to_q15.c ****   q15_t * pDst,
  64:Source\SupportFunctions/arm_q7_to_q15.c ****   uint32_t blockSize)
  65:Source\SupportFunctions/arm_q7_to_q15.c **** {
  26              		.loc 1 65 0
  27              		.cfi_startproc
  28 0000 80B5     		push	{r7, lr}
  29              		.cfi_def_cfa_offset 8
  30              		.cfi_offset 7, -8
  31              		.cfi_offset 14, -4
  32 0002 86B0     		sub	sp, sp, #24
  33              		.cfi_def_cfa_offset 32
  34 0004 00AF     		add	r7, sp, #0
  35              		.cfi_def_cfa_register 7
  36 0006 F860     		str	r0, [r7, #12]
  37 0008 B960     		str	r1, [r7, #8]
  38 000a 7A60     		str	r2, [r7, #4]
  66:Source\SupportFunctions/arm_q7_to_q15.c ****   q7_t *pIn = pSrc;                              /* Src pointer */
  39              		.loc 1 66 0
  40 000c FB68     		ldr	r3, [r7, #12]
  41 000e 7B61     		str	r3, [r7, #20]
  67:Source\SupportFunctions/arm_q7_to_q15.c ****   uint32_t blkCnt;                               /* loop counter */
  68:Source\SupportFunctions/arm_q7_to_q15.c **** 
  69:Source\SupportFunctions/arm_q7_to_q15.c **** #if defined (ARM_MATH_DSP)
  70:Source\SupportFunctions/arm_q7_to_q15.c ****   q31_t in;
  71:Source\SupportFunctions/arm_q7_to_q15.c ****   q31_t in1, in2;
  72:Source\SupportFunctions/arm_q7_to_q15.c ****   q31_t out1, out2;
  73:Source\SupportFunctions/arm_q7_to_q15.c **** 
ARM GAS  C:\Users\fneves\AppData\Local\Temp\ccKA1gxa.s 			page 3


  74:Source\SupportFunctions/arm_q7_to_q15.c ****   /* Run the below code for Cortex-M4 and Cortex-M3 */
  75:Source\SupportFunctions/arm_q7_to_q15.c **** 
  76:Source\SupportFunctions/arm_q7_to_q15.c ****   /*loop Unrolling */
  77:Source\SupportFunctions/arm_q7_to_q15.c ****   blkCnt = blockSize >> 2u;
  78:Source\SupportFunctions/arm_q7_to_q15.c **** 
  79:Source\SupportFunctions/arm_q7_to_q15.c ****   /* First part of the processing with loop unrolling.  Compute 4 outputs at a time.
  80:Source\SupportFunctions/arm_q7_to_q15.c ****    ** a second loop below computes the remaining 1 to 3 samples. */
  81:Source\SupportFunctions/arm_q7_to_q15.c ****   while (blkCnt > 0u)
  82:Source\SupportFunctions/arm_q7_to_q15.c ****   {
  83:Source\SupportFunctions/arm_q7_to_q15.c ****     /* C = (q15_t) A << 8 */
  84:Source\SupportFunctions/arm_q7_to_q15.c ****     /* convert from q7 to q15 and then store the results in the destination buffer */
  85:Source\SupportFunctions/arm_q7_to_q15.c ****     in = *__SIMD32(pIn)++;
  86:Source\SupportFunctions/arm_q7_to_q15.c **** 
  87:Source\SupportFunctions/arm_q7_to_q15.c ****     /* rotatate in by 8 and extend two q7_t values to q15_t values */
  88:Source\SupportFunctions/arm_q7_to_q15.c ****     in1 = __SXTB16(__ROR(in, 8));
  89:Source\SupportFunctions/arm_q7_to_q15.c **** 
  90:Source\SupportFunctions/arm_q7_to_q15.c ****     /* extend remainig two q7_t values to q15_t values */
  91:Source\SupportFunctions/arm_q7_to_q15.c ****     in2 = __SXTB16(in);
  92:Source\SupportFunctions/arm_q7_to_q15.c **** 
  93:Source\SupportFunctions/arm_q7_to_q15.c ****     in1 = in1 << 8u;
  94:Source\SupportFunctions/arm_q7_to_q15.c ****     in2 = in2 << 8u;
  95:Source\SupportFunctions/arm_q7_to_q15.c **** 
  96:Source\SupportFunctions/arm_q7_to_q15.c ****     in1 = in1 & 0xFF00FF00;
  97:Source\SupportFunctions/arm_q7_to_q15.c ****     in2 = in2 & 0xFF00FF00;
  98:Source\SupportFunctions/arm_q7_to_q15.c **** 
  99:Source\SupportFunctions/arm_q7_to_q15.c **** #ifndef ARM_MATH_BIG_ENDIAN
 100:Source\SupportFunctions/arm_q7_to_q15.c **** 
 101:Source\SupportFunctions/arm_q7_to_q15.c ****     out2 = __PKHTB(in1, in2, 16);
 102:Source\SupportFunctions/arm_q7_to_q15.c ****     out1 = __PKHBT(in2, in1, 16);
 103:Source\SupportFunctions/arm_q7_to_q15.c **** 
 104:Source\SupportFunctions/arm_q7_to_q15.c **** #else
 105:Source\SupportFunctions/arm_q7_to_q15.c **** 
 106:Source\SupportFunctions/arm_q7_to_q15.c ****     out1 = __PKHTB(in1, in2, 16);
 107:Source\SupportFunctions/arm_q7_to_q15.c ****     out2 = __PKHBT(in2, in1, 16);
 108:Source\SupportFunctions/arm_q7_to_q15.c **** 
 109:Source\SupportFunctions/arm_q7_to_q15.c **** #endif
 110:Source\SupportFunctions/arm_q7_to_q15.c **** 
 111:Source\SupportFunctions/arm_q7_to_q15.c ****     *__SIMD32(pDst)++ = out1;
 112:Source\SupportFunctions/arm_q7_to_q15.c ****     *__SIMD32(pDst)++ = out2;
 113:Source\SupportFunctions/arm_q7_to_q15.c **** 
 114:Source\SupportFunctions/arm_q7_to_q15.c ****     /* Decrement the loop counter */
 115:Source\SupportFunctions/arm_q7_to_q15.c ****     blkCnt--;
 116:Source\SupportFunctions/arm_q7_to_q15.c ****   }
 117:Source\SupportFunctions/arm_q7_to_q15.c **** 
 118:Source\SupportFunctions/arm_q7_to_q15.c ****   /* If the blockSize is not a multiple of 4, compute any remaining output samples here.
 119:Source\SupportFunctions/arm_q7_to_q15.c ****    ** No loop unrolling is used. */
 120:Source\SupportFunctions/arm_q7_to_q15.c ****   blkCnt = blockSize % 0x4u;
 121:Source\SupportFunctions/arm_q7_to_q15.c **** 
 122:Source\SupportFunctions/arm_q7_to_q15.c **** #else
 123:Source\SupportFunctions/arm_q7_to_q15.c **** 
 124:Source\SupportFunctions/arm_q7_to_q15.c ****   /* Run the below code for Cortex-M0 */
 125:Source\SupportFunctions/arm_q7_to_q15.c **** 
 126:Source\SupportFunctions/arm_q7_to_q15.c ****   /* Loop over blockSize number of values */
 127:Source\SupportFunctions/arm_q7_to_q15.c ****   blkCnt = blockSize;
  42              		.loc 1 127 0
  43 0010 7B68     		ldr	r3, [r7, #4]
  44 0012 3B61     		str	r3, [r7, #16]
ARM GAS  C:\Users\fneves\AppData\Local\Temp\ccKA1gxa.s 			page 4


 128:Source\SupportFunctions/arm_q7_to_q15.c **** 
 129:Source\SupportFunctions/arm_q7_to_q15.c **** #endif /* #if defined (ARM_MATH_DSP) */
 130:Source\SupportFunctions/arm_q7_to_q15.c **** 
 131:Source\SupportFunctions/arm_q7_to_q15.c ****   while (blkCnt > 0u)
  45              		.loc 1 131 0
  46 0014 0DE0     		b	.L2
  47              	.L3:
 132:Source\SupportFunctions/arm_q7_to_q15.c ****   {
 133:Source\SupportFunctions/arm_q7_to_q15.c ****     /* C = (q15_t) A << 8 */
 134:Source\SupportFunctions/arm_q7_to_q15.c ****     /* convert from q7 to q15 and then store the results in the destination buffer */
 135:Source\SupportFunctions/arm_q7_to_q15.c ****     *pDst++ = (q15_t) * pIn++ << 8;
  48              		.loc 1 135 0
  49 0016 BB68     		ldr	r3, [r7, #8]
  50 0018 9A1C     		add	r2, r3, #2
  51 001a BA60     		str	r2, [r7, #8]
  52 001c 7A69     		ldr	r2, [r7, #20]
  53 001e 511C     		add	r1, r2, #1
  54 0020 7961     		str	r1, [r7, #20]
  55 0022 1278     		ldrb	r2, [r2]
  56 0024 52B2     		sxtb	r2, r2
  57 0026 1202     		lsl	r2, r2, #8
  58 0028 92B2     		uxth	r2, r2
  59 002a 1A80     		strh	r2, [r3]
 136:Source\SupportFunctions/arm_q7_to_q15.c **** 
 137:Source\SupportFunctions/arm_q7_to_q15.c ****     /* Decrement the loop counter */
 138:Source\SupportFunctions/arm_q7_to_q15.c ****     blkCnt--;
  60              		.loc 1 138 0
  61 002c 3B69     		ldr	r3, [r7, #16]
  62 002e 013B     		sub	r3, r3, #1
  63 0030 3B61     		str	r3, [r7, #16]
  64              	.L2:
 131:Source\SupportFunctions/arm_q7_to_q15.c ****   {
  65              		.loc 1 131 0
  66 0032 3B69     		ldr	r3, [r7, #16]
  67 0034 002B     		cmp	r3, #0
  68 0036 EED1     		bne	.L3
 139:Source\SupportFunctions/arm_q7_to_q15.c ****   }
 140:Source\SupportFunctions/arm_q7_to_q15.c **** 
 141:Source\SupportFunctions/arm_q7_to_q15.c **** }
  69              		.loc 1 141 0
  70 0038 BD46     		mov	sp, r7
  71 003a 06B0     		add	sp, sp, #24
  72              		@ sp needed
  73 003c 80BD     		pop	{r7, pc}
  74              		.cfi_endproc
  75              	.LFE82:
  76              		.size	arm_q7_to_q15, .-arm_q7_to_q15
  77 003e C046     		.text
  78              	.Letext0:
  79              		.file 2 "c:\\program files (x86)\\cypress\\psoc creator\\4.0\\psoc creator\\import\\gnu\\arm\\4.9.
  80              		.file 3 "c:\\program files (x86)\\cypress\\psoc creator\\4.0\\psoc creator\\import\\gnu\\arm\\4.9.
  81              		.file 4 ".\\Include/arm_math.h"
  82              		.section	.debug_info,"",%progbits
  83              	.Ldebug_info0:
  84 0000 49010000 		.4byte	0x149
  85 0004 0400     		.2byte	0x4
  86 0006 00000000 		.4byte	.Ldebug_abbrev0
ARM GAS  C:\Users\fneves\AppData\Local\Temp\ccKA1gxa.s 			page 5


  87 000a 04       		.byte	0x4
  88 000b 01       		.uleb128 0x1
  89 000c 1C010000 		.4byte	.LASF26
  90 0010 01       		.byte	0x1
  91 0011 7A000000 		.4byte	.LASF27
  92 0015 21000000 		.4byte	.LASF28
  93 0019 00000000 		.4byte	.Ldebug_ranges0+0
  94 001d 00000000 		.4byte	0
  95 0021 00000000 		.4byte	.Ldebug_line0
  96 0025 02       		.uleb128 0x2
  97 0026 00000000 		.4byte	.LASF2
  98 002a 02       		.byte	0x2
  99 002b 1B       		.byte	0x1b
 100 002c 30000000 		.4byte	0x30
 101 0030 03       		.uleb128 0x3
 102 0031 01       		.byte	0x1
 103 0032 06       		.byte	0x6
 104 0033 04020000 		.4byte	.LASF0
 105 0037 03       		.uleb128 0x3
 106 0038 01       		.byte	0x1
 107 0039 08       		.byte	0x8
 108 003a A2000000 		.4byte	.LASF1
 109 003e 02       		.uleb128 0x2
 110 003f 09000000 		.4byte	.LASF3
 111 0043 02       		.byte	0x2
 112 0044 29       		.byte	0x29
 113 0045 49000000 		.4byte	0x49
 114 0049 03       		.uleb128 0x3
 115 004a 02       		.byte	0x2
 116 004b 05       		.byte	0x5
 117 004c DC010000 		.4byte	.LASF4
 118 0050 03       		.uleb128 0x3
 119 0051 02       		.byte	0x2
 120 0052 07       		.byte	0x7
 121 0053 C9000000 		.4byte	.LASF5
 122 0057 03       		.uleb128 0x3
 123 0058 04       		.byte	0x4
 124 0059 05       		.byte	0x5
 125 005a EF010000 		.4byte	.LASF6
 126 005e 02       		.uleb128 0x2
 127 005f E8000000 		.4byte	.LASF7
 128 0063 02       		.byte	0x2
 129 0064 41       		.byte	0x41
 130 0065 69000000 		.4byte	0x69
 131 0069 03       		.uleb128 0x3
 132 006a 04       		.byte	0x4
 133 006b 07       		.byte	0x7
 134 006c B7000000 		.4byte	.LASF8
 135 0070 03       		.uleb128 0x3
 136 0071 08       		.byte	0x8
 137 0072 05       		.byte	0x5
 138 0073 BF010000 		.4byte	.LASF9
 139 0077 03       		.uleb128 0x3
 140 0078 08       		.byte	0x8
 141 0079 07       		.byte	0x7
 142 007a 05010000 		.4byte	.LASF10
 143 007e 04       		.uleb128 0x4
ARM GAS  C:\Users\fneves\AppData\Local\Temp\ccKA1gxa.s 			page 6


 144 007f 04       		.byte	0x4
 145 0080 05       		.byte	0x5
 146 0081 696E7400 		.ascii	"int\000"
 147 0085 03       		.uleb128 0x3
 148 0086 04       		.byte	0x4
 149 0087 07       		.byte	0x7
 150 0088 F8000000 		.4byte	.LASF11
 151 008c 02       		.uleb128 0x2
 152 008d 67000000 		.4byte	.LASF12
 153 0091 03       		.byte	0x3
 154 0092 14       		.byte	0x14
 155 0093 25000000 		.4byte	0x25
 156 0097 02       		.uleb128 0x2
 157 0098 AE010000 		.4byte	.LASF13
 158 009c 03       		.byte	0x3
 159 009d 20       		.byte	0x20
 160 009e 3E000000 		.4byte	0x3e
 161 00a2 02       		.uleb128 0x2
 162 00a3 E6010000 		.4byte	.LASF14
 163 00a7 03       		.byte	0x3
 164 00a8 2D       		.byte	0x2d
 165 00a9 5E000000 		.4byte	0x5e
 166 00ad 03       		.uleb128 0x3
 167 00ae 04       		.byte	0x4
 168 00af 07       		.byte	0x7
 169 00b0 B6010000 		.4byte	.LASF15
 170 00b4 03       		.uleb128 0x3
 171 00b5 01       		.byte	0x1
 172 00b6 08       		.byte	0x8
 173 00b7 D7010000 		.4byte	.LASF16
 174 00bb 03       		.uleb128 0x3
 175 00bc 08       		.byte	0x8
 176 00bd 04       		.byte	0x4
 177 00be E1000000 		.4byte	.LASF17
 178 00c2 03       		.uleb128 0x3
 179 00c3 04       		.byte	0x4
 180 00c4 04       		.byte	0x4
 181 00c5 74000000 		.4byte	.LASF18
 182 00c9 03       		.uleb128 0x3
 183 00ca 08       		.byte	0x8
 184 00cb 04       		.byte	0x4
 185 00cc F8010000 		.4byte	.LASF19
 186 00d0 05       		.uleb128 0x5
 187 00d1 F3000000 		.4byte	.LASF20
 188 00d5 04       		.byte	0x4
 189 00d6 9101     		.2byte	0x191
 190 00d8 8C000000 		.4byte	0x8c
 191 00dc 05       		.uleb128 0x5
 192 00dd 6E000000 		.4byte	.LASF21
 193 00e1 04       		.byte	0x4
 194 00e2 9601     		.2byte	0x196
 195 00e4 97000000 		.4byte	0x97
 196 00e8 06       		.uleb128 0x6
 197 00e9 04       		.byte	0x4
 198 00ea D0000000 		.4byte	0xd0
 199 00ee 06       		.uleb128 0x6
 200 00ef 04       		.byte	0x4
ARM GAS  C:\Users\fneves\AppData\Local\Temp\ccKA1gxa.s 			page 7


 201 00f0 DC000000 		.4byte	0xdc
 202 00f4 07       		.uleb128 0x7
 203 00f5 13000000 		.4byte	.LASF29
 204 00f9 01       		.byte	0x1
 205 00fa 3D       		.byte	0x3d
 206 00fb 00000000 		.4byte	.LFB82
 207 00ff 3E000000 		.4byte	.LFE82-.LFB82
 208 0103 01       		.uleb128 0x1
 209 0104 9C       		.byte	0x9c
 210 0105 08       		.uleb128 0x8
 211 0106 10020000 		.4byte	.LASF22
 212 010a 01       		.byte	0x1
 213 010b 3E       		.byte	0x3e
 214 010c E8000000 		.4byte	0xe8
 215 0110 02       		.uleb128 0x2
 216 0111 91       		.byte	0x91
 217 0112 6C       		.sleb128 -20
 218 0113 08       		.uleb128 0x8
 219 0114 DC000000 		.4byte	.LASF23
 220 0118 01       		.byte	0x1
 221 0119 3F       		.byte	0x3f
 222 011a EE000000 		.4byte	0xee
 223 011e 02       		.uleb128 0x2
 224 011f 91       		.byte	0x91
 225 0120 68       		.sleb128 -24
 226 0121 08       		.uleb128 0x8
 227 0122 CD010000 		.4byte	.LASF24
 228 0126 01       		.byte	0x1
 229 0127 40       		.byte	0x40
 230 0128 A2000000 		.4byte	0xa2
 231 012c 02       		.uleb128 0x2
 232 012d 91       		.byte	0x91
 233 012e 64       		.sleb128 -28
 234 012f 09       		.uleb128 0x9
 235 0130 70496E00 		.ascii	"pIn\000"
 236 0134 01       		.byte	0x1
 237 0135 42       		.byte	0x42
 238 0136 E8000000 		.4byte	0xe8
 239 013a 02       		.uleb128 0x2
 240 013b 91       		.byte	0x91
 241 013c 74       		.sleb128 -12
 242 013d 0A       		.uleb128 0xa
 243 013e B0000000 		.4byte	.LASF25
 244 0142 01       		.byte	0x1
 245 0143 43       		.byte	0x43
 246 0144 A2000000 		.4byte	0xa2
 247 0148 02       		.uleb128 0x2
 248 0149 91       		.byte	0x91
 249 014a 70       		.sleb128 -16
 250 014b 00       		.byte	0
 251 014c 00       		.byte	0
 252              		.section	.debug_abbrev,"",%progbits
 253              	.Ldebug_abbrev0:
 254 0000 01       		.uleb128 0x1
 255 0001 11       		.uleb128 0x11
 256 0002 01       		.byte	0x1
 257 0003 25       		.uleb128 0x25
ARM GAS  C:\Users\fneves\AppData\Local\Temp\ccKA1gxa.s 			page 8


 258 0004 0E       		.uleb128 0xe
 259 0005 13       		.uleb128 0x13
 260 0006 0B       		.uleb128 0xb
 261 0007 03       		.uleb128 0x3
 262 0008 0E       		.uleb128 0xe
 263 0009 1B       		.uleb128 0x1b
 264 000a 0E       		.uleb128 0xe
 265 000b 55       		.uleb128 0x55
 266 000c 17       		.uleb128 0x17
 267 000d 11       		.uleb128 0x11
 268 000e 01       		.uleb128 0x1
 269 000f 10       		.uleb128 0x10
 270 0010 17       		.uleb128 0x17
 271 0011 00       		.byte	0
 272 0012 00       		.byte	0
 273 0013 02       		.uleb128 0x2
 274 0014 16       		.uleb128 0x16
 275 0015 00       		.byte	0
 276 0016 03       		.uleb128 0x3
 277 0017 0E       		.uleb128 0xe
 278 0018 3A       		.uleb128 0x3a
 279 0019 0B       		.uleb128 0xb
 280 001a 3B       		.uleb128 0x3b
 281 001b 0B       		.uleb128 0xb
 282 001c 49       		.uleb128 0x49
 283 001d 13       		.uleb128 0x13
 284 001e 00       		.byte	0
 285 001f 00       		.byte	0
 286 0020 03       		.uleb128 0x3
 287 0021 24       		.uleb128 0x24
 288 0022 00       		.byte	0
 289 0023 0B       		.uleb128 0xb
 290 0024 0B       		.uleb128 0xb
 291 0025 3E       		.uleb128 0x3e
 292 0026 0B       		.uleb128 0xb
 293 0027 03       		.uleb128 0x3
 294 0028 0E       		.uleb128 0xe
 295 0029 00       		.byte	0
 296 002a 00       		.byte	0
 297 002b 04       		.uleb128 0x4
 298 002c 24       		.uleb128 0x24
 299 002d 00       		.byte	0
 300 002e 0B       		.uleb128 0xb
 301 002f 0B       		.uleb128 0xb
 302 0030 3E       		.uleb128 0x3e
 303 0031 0B       		.uleb128 0xb
 304 0032 03       		.uleb128 0x3
 305 0033 08       		.uleb128 0x8
 306 0034 00       		.byte	0
 307 0035 00       		.byte	0
 308 0036 05       		.uleb128 0x5
 309 0037 16       		.uleb128 0x16
 310 0038 00       		.byte	0
 311 0039 03       		.uleb128 0x3
 312 003a 0E       		.uleb128 0xe
 313 003b 3A       		.uleb128 0x3a
 314 003c 0B       		.uleb128 0xb
ARM GAS  C:\Users\fneves\AppData\Local\Temp\ccKA1gxa.s 			page 9


 315 003d 3B       		.uleb128 0x3b
 316 003e 05       		.uleb128 0x5
 317 003f 49       		.uleb128 0x49
 318 0040 13       		.uleb128 0x13
 319 0041 00       		.byte	0
 320 0042 00       		.byte	0
 321 0043 06       		.uleb128 0x6
 322 0044 0F       		.uleb128 0xf
 323 0045 00       		.byte	0
 324 0046 0B       		.uleb128 0xb
 325 0047 0B       		.uleb128 0xb
 326 0048 49       		.uleb128 0x49
 327 0049 13       		.uleb128 0x13
 328 004a 00       		.byte	0
 329 004b 00       		.byte	0
 330 004c 07       		.uleb128 0x7
 331 004d 2E       		.uleb128 0x2e
 332 004e 01       		.byte	0x1
 333 004f 3F       		.uleb128 0x3f
 334 0050 19       		.uleb128 0x19
 335 0051 03       		.uleb128 0x3
 336 0052 0E       		.uleb128 0xe
 337 0053 3A       		.uleb128 0x3a
 338 0054 0B       		.uleb128 0xb
 339 0055 3B       		.uleb128 0x3b
 340 0056 0B       		.uleb128 0xb
 341 0057 27       		.uleb128 0x27
 342 0058 19       		.uleb128 0x19
 343 0059 11       		.uleb128 0x11
 344 005a 01       		.uleb128 0x1
 345 005b 12       		.uleb128 0x12
 346 005c 06       		.uleb128 0x6
 347 005d 40       		.uleb128 0x40
 348 005e 18       		.uleb128 0x18
 349 005f 9742     		.uleb128 0x2117
 350 0061 19       		.uleb128 0x19
 351 0062 00       		.byte	0
 352 0063 00       		.byte	0
 353 0064 08       		.uleb128 0x8
 354 0065 05       		.uleb128 0x5
 355 0066 00       		.byte	0
 356 0067 03       		.uleb128 0x3
 357 0068 0E       		.uleb128 0xe
 358 0069 3A       		.uleb128 0x3a
 359 006a 0B       		.uleb128 0xb
 360 006b 3B       		.uleb128 0x3b
 361 006c 0B       		.uleb128 0xb
 362 006d 49       		.uleb128 0x49
 363 006e 13       		.uleb128 0x13
 364 006f 02       		.uleb128 0x2
 365 0070 18       		.uleb128 0x18
 366 0071 00       		.byte	0
 367 0072 00       		.byte	0
 368 0073 09       		.uleb128 0x9
 369 0074 34       		.uleb128 0x34
 370 0075 00       		.byte	0
 371 0076 03       		.uleb128 0x3
ARM GAS  C:\Users\fneves\AppData\Local\Temp\ccKA1gxa.s 			page 10


 372 0077 08       		.uleb128 0x8
 373 0078 3A       		.uleb128 0x3a
 374 0079 0B       		.uleb128 0xb
 375 007a 3B       		.uleb128 0x3b
 376 007b 0B       		.uleb128 0xb
 377 007c 49       		.uleb128 0x49
 378 007d 13       		.uleb128 0x13
 379 007e 02       		.uleb128 0x2
 380 007f 18       		.uleb128 0x18
 381 0080 00       		.byte	0
 382 0081 00       		.byte	0
 383 0082 0A       		.uleb128 0xa
 384 0083 34       		.uleb128 0x34
 385 0084 00       		.byte	0
 386 0085 03       		.uleb128 0x3
 387 0086 0E       		.uleb128 0xe
 388 0087 3A       		.uleb128 0x3a
 389 0088 0B       		.uleb128 0xb
 390 0089 3B       		.uleb128 0x3b
 391 008a 0B       		.uleb128 0xb
 392 008b 49       		.uleb128 0x49
 393 008c 13       		.uleb128 0x13
 394 008d 02       		.uleb128 0x2
 395 008e 18       		.uleb128 0x18
 396 008f 00       		.byte	0
 397 0090 00       		.byte	0
 398 0091 00       		.byte	0
 399              		.section	.debug_aranges,"",%progbits
 400 0000 1C000000 		.4byte	0x1c
 401 0004 0200     		.2byte	0x2
 402 0006 00000000 		.4byte	.Ldebug_info0
 403 000a 04       		.byte	0x4
 404 000b 00       		.byte	0
 405 000c 0000     		.2byte	0
 406 000e 0000     		.2byte	0
 407 0010 00000000 		.4byte	.LFB82
 408 0014 3E000000 		.4byte	.LFE82-.LFB82
 409 0018 00000000 		.4byte	0
 410 001c 00000000 		.4byte	0
 411              		.section	.debug_ranges,"",%progbits
 412              	.Ldebug_ranges0:
 413 0000 00000000 		.4byte	.LFB82
 414 0004 3E000000 		.4byte	.LFE82
 415 0008 00000000 		.4byte	0
 416 000c 00000000 		.4byte	0
 417              		.section	.debug_line,"",%progbits
 418              	.Ldebug_line0:
 419 0000 71010000 		.section	.debug_str,"MS",%progbits,1
 419      02004E01 
 419      00000201 
 419      FB0E0D00 
 419      01010101 
 420              	.LASF2:
 421 0000 5F5F696E 		.ascii	"__int8_t\000"
 421      74385F74 
 421      00
 422              	.LASF3:
ARM GAS  C:\Users\fneves\AppData\Local\Temp\ccKA1gxa.s 			page 11


 423 0009 5F5F696E 		.ascii	"__int16_t\000"
 423      7431365F 
 423      7400
 424              	.LASF29:
 425 0013 61726D5F 		.ascii	"arm_q7_to_q15\000"
 425      71375F74 
 425      6F5F7131 
 425      3500
 426              	.LASF28:
 427 0021 433A5C55 		.ascii	"C:\\Users\\fneves\\Documents\\PSoC Creator\\wp_1\\e"
 427      73657273 
 427      5C666E65 
 427      7665735C 
 427      446F6375 
 428 004e 6E67696E 		.ascii	"ngine_speed_sensor.cydsn\000"
 428      655F7370 
 428      6565645F 
 428      73656E73 
 428      6F722E63 
 429              	.LASF12:
 430 0067 696E7438 		.ascii	"int8_t\000"
 430      5F7400
 431              	.LASF21:
 432 006e 7131355F 		.ascii	"q15_t\000"
 432      7400
 433              	.LASF18:
 434 0074 666C6F61 		.ascii	"float\000"
 434      7400
 435              	.LASF27:
 436 007a 536F7572 		.ascii	"Source\\SupportFunctions\\arm_q7_to_q15.c\000"
 436      63655C53 
 436      7570706F 
 436      72744675 
 436      6E637469 
 437              	.LASF1:
 438 00a2 756E7369 		.ascii	"unsigned char\000"
 438      676E6564 
 438      20636861 
 438      7200
 439              	.LASF25:
 440 00b0 626C6B43 		.ascii	"blkCnt\000"
 440      6E7400
 441              	.LASF8:
 442 00b7 6C6F6E67 		.ascii	"long unsigned int\000"
 442      20756E73 
 442      69676E65 
 442      6420696E 
 442      7400
 443              	.LASF5:
 444 00c9 73686F72 		.ascii	"short unsigned int\000"
 444      7420756E 
 444      7369676E 
 444      65642069 
 444      6E7400
 445              	.LASF23:
 446 00dc 70447374 		.ascii	"pDst\000"
 446      00
ARM GAS  C:\Users\fneves\AppData\Local\Temp\ccKA1gxa.s 			page 12


 447              	.LASF17:
 448 00e1 646F7562 		.ascii	"double\000"
 448      6C6500
 449              	.LASF7:
 450 00e8 5F5F7569 		.ascii	"__uint32_t\000"
 450      6E743332 
 450      5F7400
 451              	.LASF20:
 452 00f3 71375F74 		.ascii	"q7_t\000"
 452      00
 453              	.LASF11:
 454 00f8 756E7369 		.ascii	"unsigned int\000"
 454      676E6564 
 454      20696E74 
 454      00
 455              	.LASF10:
 456 0105 6C6F6E67 		.ascii	"long long unsigned int\000"
 456      206C6F6E 
 456      6720756E 
 456      7369676E 
 456      65642069 
 457              	.LASF26:
 458 011c 474E5520 		.ascii	"GNU C 4.9.3 20150303 (release) [ARM/embedded-4_9-br"
 458      4320342E 
 458      392E3320 
 458      32303135 
 458      30333033 
 459 014f 616E6368 		.ascii	"anch revision 221220] -mcpu=cortex-m0plus -mthumb -"
 459      20726576 
 459      6973696F 
 459      6E203232 
 459      31323230 
 460 0182 67202D4F 		.ascii	"g -O0 -ffunction-sections -ffat-lto-objects\000"
 460      30202D66 
 460      66756E63 
 460      74696F6E 
 460      2D736563 
 461              	.LASF13:
 462 01ae 696E7431 		.ascii	"int16_t\000"
 462      365F7400 
 463              	.LASF15:
 464 01b6 73697A65 		.ascii	"sizetype\000"
 464      74797065 
 464      00
 465              	.LASF9:
 466 01bf 6C6F6E67 		.ascii	"long long int\000"
 466      206C6F6E 
 466      6720696E 
 466      7400
 467              	.LASF24:
 468 01cd 626C6F63 		.ascii	"blockSize\000"
 468      6B53697A 
 468      6500
 469              	.LASF16:
 470 01d7 63686172 		.ascii	"char\000"
 470      00
 471              	.LASF4:
ARM GAS  C:\Users\fneves\AppData\Local\Temp\ccKA1gxa.s 			page 13


 472 01dc 73686F72 		.ascii	"short int\000"
 472      7420696E 
 472      7400
 473              	.LASF14:
 474 01e6 75696E74 		.ascii	"uint32_t\000"
 474      33325F74 
 474      00
 475              	.LASF6:
 476 01ef 6C6F6E67 		.ascii	"long int\000"
 476      20696E74 
 476      00
 477              	.LASF19:
 478 01f8 6C6F6E67 		.ascii	"long double\000"
 478      20646F75 
 478      626C6500 
 479              	.LASF0:
 480 0204 7369676E 		.ascii	"signed char\000"
 480      65642063 
 480      68617200 
 481              	.LASF22:
 482 0210 70537263 		.ascii	"pSrc\000"
 482      00
 483              		.ident	"GCC: (GNU Tools for ARM Embedded Processors) 4.9.3 20150303 (release) [ARM/embedded-4_9-br
