ARM GAS  C:\Users\fneves\AppData\Local\Temp\cc5cvZJf.s 			page 1


   1              		.cpu cortex-m0plus
   2              		.fpu softvfp
   3              		.eabi_attribute 20, 1
   4              		.eabi_attribute 21, 1
   5              		.eabi_attribute 23, 3
   6              		.eabi_attribute 24, 1
   7              		.eabi_attribute 25, 1
   8              		.eabi_attribute 26, 1
   9              		.eabi_attribute 30, 6
  10              		.eabi_attribute 34, 0
  11              		.eabi_attribute 18, 4
  12              		.code	16
  13              		.file	"arm_power_q15.c"
  14              		.text
  15              	.Ltext0:
  16              		.cfi_sections	.debug_frame
  17              		.section	.text.arm_power_q15,"ax",%progbits
  18              		.align	2
  19              		.global	arm_power_q15
  20              		.code	16
  21              		.thumb_func
  22              		.type	arm_power_q15, %function
  23              	arm_power_q15:
  24              	.LFB82:
  25              		.file 1 "Source\\StatisticsFunctions\\arm_power_q15.c"
   1:Source\StatisticsFunctions/arm_power_q15.c **** /* ----------------------------------------------------------------------
   2:Source\StatisticsFunctions/arm_power_q15.c ****  * Project:      CMSIS DSP Library
   3:Source\StatisticsFunctions/arm_power_q15.c ****  * Title:        arm_power_q15.c
   4:Source\StatisticsFunctions/arm_power_q15.c ****  * Description:  Sum of the squares of the elements of a Q15 vector
   5:Source\StatisticsFunctions/arm_power_q15.c ****  *
   6:Source\StatisticsFunctions/arm_power_q15.c ****  * $Date:        27. January 2017
   7:Source\StatisticsFunctions/arm_power_q15.c ****  * $Revision:    V.1.5.1
   8:Source\StatisticsFunctions/arm_power_q15.c ****  *
   9:Source\StatisticsFunctions/arm_power_q15.c ****  * Target Processor: Cortex-M cores
  10:Source\StatisticsFunctions/arm_power_q15.c ****  * -------------------------------------------------------------------- */
  11:Source\StatisticsFunctions/arm_power_q15.c **** /*
  12:Source\StatisticsFunctions/arm_power_q15.c ****  * Copyright (C) 2010-2017 ARM Limited or its affiliates. All rights reserved.
  13:Source\StatisticsFunctions/arm_power_q15.c ****  *
  14:Source\StatisticsFunctions/arm_power_q15.c ****  * SPDX-License-Identifier: Apache-2.0
  15:Source\StatisticsFunctions/arm_power_q15.c ****  *
  16:Source\StatisticsFunctions/arm_power_q15.c ****  * Licensed under the Apache License, Version 2.0 (the License); you may
  17:Source\StatisticsFunctions/arm_power_q15.c ****  * not use this file except in compliance with the License.
  18:Source\StatisticsFunctions/arm_power_q15.c ****  * You may obtain a copy of the License at
  19:Source\StatisticsFunctions/arm_power_q15.c ****  *
  20:Source\StatisticsFunctions/arm_power_q15.c ****  * www.apache.org/licenses/LICENSE-2.0
  21:Source\StatisticsFunctions/arm_power_q15.c ****  *
  22:Source\StatisticsFunctions/arm_power_q15.c ****  * Unless required by applicable law or agreed to in writing, software
  23:Source\StatisticsFunctions/arm_power_q15.c ****  * distributed under the License is distributed on an AS IS BASIS, WITHOUT
  24:Source\StatisticsFunctions/arm_power_q15.c ****  * WARRANTIES OR CONDITIONS OF ANY KIND, either express or implied.
  25:Source\StatisticsFunctions/arm_power_q15.c ****  * See the License for the specific language governing permissions and
  26:Source\StatisticsFunctions/arm_power_q15.c ****  * limitations under the License.
  27:Source\StatisticsFunctions/arm_power_q15.c ****  */
  28:Source\StatisticsFunctions/arm_power_q15.c **** 
  29:Source\StatisticsFunctions/arm_power_q15.c **** #include "arm_math.h"
  30:Source\StatisticsFunctions/arm_power_q15.c **** 
  31:Source\StatisticsFunctions/arm_power_q15.c **** /**
  32:Source\StatisticsFunctions/arm_power_q15.c ****  * @ingroup groupStats
ARM GAS  C:\Users\fneves\AppData\Local\Temp\cc5cvZJf.s 			page 2


  33:Source\StatisticsFunctions/arm_power_q15.c ****  */
  34:Source\StatisticsFunctions/arm_power_q15.c **** 
  35:Source\StatisticsFunctions/arm_power_q15.c **** /**
  36:Source\StatisticsFunctions/arm_power_q15.c ****  * @addtogroup power
  37:Source\StatisticsFunctions/arm_power_q15.c ****  * @{
  38:Source\StatisticsFunctions/arm_power_q15.c ****  */
  39:Source\StatisticsFunctions/arm_power_q15.c **** 
  40:Source\StatisticsFunctions/arm_power_q15.c **** /**
  41:Source\StatisticsFunctions/arm_power_q15.c ****  * @brief Sum of the squares of the elements of a Q15 vector.
  42:Source\StatisticsFunctions/arm_power_q15.c ****  * @param[in]       *pSrc points to the input vector
  43:Source\StatisticsFunctions/arm_power_q15.c ****  * @param[in]       blockSize length of the input vector
  44:Source\StatisticsFunctions/arm_power_q15.c ****  * @param[out]      *pResult sum of the squares value returned here
  45:Source\StatisticsFunctions/arm_power_q15.c ****  * @return none.
  46:Source\StatisticsFunctions/arm_power_q15.c ****  *
  47:Source\StatisticsFunctions/arm_power_q15.c ****  * @details
  48:Source\StatisticsFunctions/arm_power_q15.c ****  * <b>Scaling and Overflow Behavior:</b>
  49:Source\StatisticsFunctions/arm_power_q15.c ****  *
  50:Source\StatisticsFunctions/arm_power_q15.c ****  * \par
  51:Source\StatisticsFunctions/arm_power_q15.c ****  * The function is implemented using a 64-bit internal accumulator.
  52:Source\StatisticsFunctions/arm_power_q15.c ****  * The input is represented in 1.15 format.
  53:Source\StatisticsFunctions/arm_power_q15.c ****  * Intermediate multiplication yields a 2.30 format, and this
  54:Source\StatisticsFunctions/arm_power_q15.c ****  * result is added without saturation to a 64-bit accumulator in 34.30 format.
  55:Source\StatisticsFunctions/arm_power_q15.c ****  * With 33 guard bits in the accumulator, there is no risk of overflow, and the
  56:Source\StatisticsFunctions/arm_power_q15.c ****  * full precision of the intermediate multiplication is preserved.
  57:Source\StatisticsFunctions/arm_power_q15.c ****  * Finally, the return result is in 34.30 format.
  58:Source\StatisticsFunctions/arm_power_q15.c ****  *
  59:Source\StatisticsFunctions/arm_power_q15.c ****  */
  60:Source\StatisticsFunctions/arm_power_q15.c **** 
  61:Source\StatisticsFunctions/arm_power_q15.c **** void arm_power_q15(
  62:Source\StatisticsFunctions/arm_power_q15.c ****   q15_t * pSrc,
  63:Source\StatisticsFunctions/arm_power_q15.c ****   uint32_t blockSize,
  64:Source\StatisticsFunctions/arm_power_q15.c ****   q63_t * pResult)
  65:Source\StatisticsFunctions/arm_power_q15.c **** {
  26              		.loc 1 65 0
  27              		.cfi_startproc
  28 0000 F0B5     		push	{r4, r5, r6, r7, lr}
  29              		.cfi_def_cfa_offset 20
  30              		.cfi_offset 4, -20
  31              		.cfi_offset 5, -16
  32              		.cfi_offset 6, -12
  33              		.cfi_offset 7, -8
  34              		.cfi_offset 14, -4
  35 0002 89B0     		sub	sp, sp, #36
  36              		.cfi_def_cfa_offset 56
  37 0004 00AF     		add	r7, sp, #0
  38              		.cfi_def_cfa_register 7
  39 0006 F860     		str	r0, [r7, #12]
  40 0008 B960     		str	r1, [r7, #8]
  41 000a 7A60     		str	r2, [r7, #4]
  66:Source\StatisticsFunctions/arm_power_q15.c ****   q63_t sum = 0;                                 /* Temporary result storage */
  42              		.loc 1 66 0
  43 000c 0023     		mov	r3, #0
  44 000e 0024     		mov	r4, #0
  45 0010 BB61     		str	r3, [r7, #24]
  46 0012 FC61     		str	r4, [r7, #28]
  67:Source\StatisticsFunctions/arm_power_q15.c **** 
  68:Source\StatisticsFunctions/arm_power_q15.c **** #if defined (ARM_MATH_DSP)
ARM GAS  C:\Users\fneves\AppData\Local\Temp\cc5cvZJf.s 			page 3


  69:Source\StatisticsFunctions/arm_power_q15.c ****   /* Run the below code for Cortex-M4 and Cortex-M3 */
  70:Source\StatisticsFunctions/arm_power_q15.c **** 
  71:Source\StatisticsFunctions/arm_power_q15.c ****   q31_t in32;                                    /* Temporary variable to store input value */
  72:Source\StatisticsFunctions/arm_power_q15.c ****   q15_t in16;                                    /* Temporary variable to store input value */
  73:Source\StatisticsFunctions/arm_power_q15.c ****   uint32_t blkCnt;                               /* loop counter */
  74:Source\StatisticsFunctions/arm_power_q15.c **** 
  75:Source\StatisticsFunctions/arm_power_q15.c **** 
  76:Source\StatisticsFunctions/arm_power_q15.c ****   /* loop Unrolling */
  77:Source\StatisticsFunctions/arm_power_q15.c ****   blkCnt = blockSize >> 2u;
  78:Source\StatisticsFunctions/arm_power_q15.c **** 
  79:Source\StatisticsFunctions/arm_power_q15.c ****   /* First part of the processing with loop unrolling.  Compute 4 outputs at a time.
  80:Source\StatisticsFunctions/arm_power_q15.c ****    ** a second loop below computes the remaining 1 to 3 samples. */
  81:Source\StatisticsFunctions/arm_power_q15.c ****   while (blkCnt > 0u)
  82:Source\StatisticsFunctions/arm_power_q15.c ****   {
  83:Source\StatisticsFunctions/arm_power_q15.c ****     /* C = A[0] * A[0] + A[1] * A[1] + A[2] * A[2] + ... + A[blockSize-1] * A[blockSize-1] */
  84:Source\StatisticsFunctions/arm_power_q15.c ****     /* Compute Power and then store the result in a temporary variable, sum. */
  85:Source\StatisticsFunctions/arm_power_q15.c ****     in32 = *__SIMD32(pSrc)++;
  86:Source\StatisticsFunctions/arm_power_q15.c ****     sum = __SMLALD(in32, in32, sum);
  87:Source\StatisticsFunctions/arm_power_q15.c ****     in32 = *__SIMD32(pSrc)++;
  88:Source\StatisticsFunctions/arm_power_q15.c ****     sum = __SMLALD(in32, in32, sum);
  89:Source\StatisticsFunctions/arm_power_q15.c **** 
  90:Source\StatisticsFunctions/arm_power_q15.c ****     /* Decrement the loop counter */
  91:Source\StatisticsFunctions/arm_power_q15.c ****     blkCnt--;
  92:Source\StatisticsFunctions/arm_power_q15.c ****   }
  93:Source\StatisticsFunctions/arm_power_q15.c **** 
  94:Source\StatisticsFunctions/arm_power_q15.c ****   /* If the blockSize is not a multiple of 4, compute any remaining output samples here.
  95:Source\StatisticsFunctions/arm_power_q15.c ****    ** No loop unrolling is used. */
  96:Source\StatisticsFunctions/arm_power_q15.c ****   blkCnt = blockSize % 0x4u;
  97:Source\StatisticsFunctions/arm_power_q15.c **** 
  98:Source\StatisticsFunctions/arm_power_q15.c ****   while (blkCnt > 0u)
  99:Source\StatisticsFunctions/arm_power_q15.c ****   {
 100:Source\StatisticsFunctions/arm_power_q15.c ****     /* C = A[0] * A[0] + A[1] * A[1] + A[2] * A[2] + ... + A[blockSize-1] * A[blockSize-1] */
 101:Source\StatisticsFunctions/arm_power_q15.c ****     /* Compute Power and then store the result in a temporary variable, sum. */
 102:Source\StatisticsFunctions/arm_power_q15.c ****     in16 = *pSrc++;
 103:Source\StatisticsFunctions/arm_power_q15.c ****     sum = __SMLALD(in16, in16, sum);
 104:Source\StatisticsFunctions/arm_power_q15.c **** 
 105:Source\StatisticsFunctions/arm_power_q15.c ****     /* Decrement the loop counter */
 106:Source\StatisticsFunctions/arm_power_q15.c ****     blkCnt--;
 107:Source\StatisticsFunctions/arm_power_q15.c ****   }
 108:Source\StatisticsFunctions/arm_power_q15.c **** 
 109:Source\StatisticsFunctions/arm_power_q15.c **** #else
 110:Source\StatisticsFunctions/arm_power_q15.c ****   /* Run the below code for Cortex-M0 */
 111:Source\StatisticsFunctions/arm_power_q15.c **** 
 112:Source\StatisticsFunctions/arm_power_q15.c ****   q15_t in;                                      /* Temporary variable to store input value */
 113:Source\StatisticsFunctions/arm_power_q15.c ****   uint32_t blkCnt;                               /* loop counter */
 114:Source\StatisticsFunctions/arm_power_q15.c **** 
 115:Source\StatisticsFunctions/arm_power_q15.c **** 
 116:Source\StatisticsFunctions/arm_power_q15.c ****   /* Loop over blockSize number of values */
 117:Source\StatisticsFunctions/arm_power_q15.c ****   blkCnt = blockSize;
  47              		.loc 1 117 0
  48 0014 BB68     		ldr	r3, [r7, #8]
  49 0016 7B61     		str	r3, [r7, #20]
 118:Source\StatisticsFunctions/arm_power_q15.c **** 
 119:Source\StatisticsFunctions/arm_power_q15.c ****   while (blkCnt > 0u)
  50              		.loc 1 119 0
  51 0018 1BE0     		b	.L2
  52              	.L3:
ARM GAS  C:\Users\fneves\AppData\Local\Temp\cc5cvZJf.s 			page 4


 120:Source\StatisticsFunctions/arm_power_q15.c ****   {
 121:Source\StatisticsFunctions/arm_power_q15.c ****     /* C = A[0] * A[0] + A[1] * A[1] + A[2] * A[2] + ... + A[blockSize-1] * A[blockSize-1] */
 122:Source\StatisticsFunctions/arm_power_q15.c ****     /* Compute Power and then store the result in a temporary variable, sum. */
 123:Source\StatisticsFunctions/arm_power_q15.c ****     in = *pSrc++;
  53              		.loc 1 123 0
  54 001a FB68     		ldr	r3, [r7, #12]
  55 001c 9A1C     		add	r2, r3, #2
  56 001e FA60     		str	r2, [r7, #12]
  57 0020 1222     		mov	r2, #18
  58 0022 BA18     		add	r2, r7, r2
  59 0024 1B88     		ldrh	r3, [r3]
  60 0026 1380     		strh	r3, [r2]
 124:Source\StatisticsFunctions/arm_power_q15.c ****     sum += ((q31_t) in * in);
  61              		.loc 1 124 0
  62 0028 1223     		mov	r3, #18
  63 002a FB18     		add	r3, r7, r3
  64 002c 0022     		mov	r2, #0
  65 002e 9B5E     		ldrsh	r3, [r3, r2]
  66 0030 1222     		mov	r2, #18
  67 0032 BA18     		add	r2, r7, r2
  68 0034 0021     		mov	r1, #0
  69 0036 525E     		ldrsh	r2, [r2, r1]
  70 0038 5343     		mul	r3, r2
  71 003a 1D1C     		mov	r5, r3
  72 003c DB17     		asr	r3, r3, #31
  73 003e 1E1C     		mov	r6, r3
  74 0040 BB69     		ldr	r3, [r7, #24]
  75 0042 FC69     		ldr	r4, [r7, #28]
  76 0044 5B19     		add	r3, r3, r5
  77 0046 7441     		adc	r4, r4, r6
  78 0048 BB61     		str	r3, [r7, #24]
  79 004a FC61     		str	r4, [r7, #28]
 125:Source\StatisticsFunctions/arm_power_q15.c **** 
 126:Source\StatisticsFunctions/arm_power_q15.c ****     /* Decrement the loop counter */
 127:Source\StatisticsFunctions/arm_power_q15.c ****     blkCnt--;
  80              		.loc 1 127 0
  81 004c 7B69     		ldr	r3, [r7, #20]
  82 004e 013B     		sub	r3, r3, #1
  83 0050 7B61     		str	r3, [r7, #20]
  84              	.L2:
 119:Source\StatisticsFunctions/arm_power_q15.c ****   {
  85              		.loc 1 119 0
  86 0052 7B69     		ldr	r3, [r7, #20]
  87 0054 002B     		cmp	r3, #0
  88 0056 E0D1     		bne	.L3
 128:Source\StatisticsFunctions/arm_power_q15.c ****   }
 129:Source\StatisticsFunctions/arm_power_q15.c **** 
 130:Source\StatisticsFunctions/arm_power_q15.c **** #endif /* #if defined (ARM_MATH_DSP) */
 131:Source\StatisticsFunctions/arm_power_q15.c **** 
 132:Source\StatisticsFunctions/arm_power_q15.c ****   /* Store the results in 34.30 format  */
 133:Source\StatisticsFunctions/arm_power_q15.c ****   *pResult = sum;
  89              		.loc 1 133 0
  90 0058 7A68     		ldr	r2, [r7, #4]
  91 005a BB69     		ldr	r3, [r7, #24]
  92 005c FC69     		ldr	r4, [r7, #28]
  93 005e 1360     		str	r3, [r2]
  94 0060 5460     		str	r4, [r2, #4]
ARM GAS  C:\Users\fneves\AppData\Local\Temp\cc5cvZJf.s 			page 5


 134:Source\StatisticsFunctions/arm_power_q15.c **** }
  95              		.loc 1 134 0
  96 0062 BD46     		mov	sp, r7
  97 0064 09B0     		add	sp, sp, #36
  98              		@ sp needed
  99 0066 F0BD     		pop	{r4, r5, r6, r7, pc}
 100              		.cfi_endproc
 101              	.LFE82:
 102              		.size	arm_power_q15, .-arm_power_q15
 103              		.text
 104              	.Letext0:
 105              		.file 2 "c:\\program files (x86)\\cypress\\psoc creator\\4.0\\psoc creator\\import\\gnu\\arm\\4.9.
 106              		.file 3 "c:\\program files (x86)\\cypress\\psoc creator\\4.0\\psoc creator\\import\\gnu\\arm\\4.9.
 107              		.file 4 ".\\Include/arm_math.h"
 108              		.section	.debug_info,"",%progbits
 109              	.Ldebug_info0:
 110 0000 78010000 		.4byte	0x178
 111 0004 0400     		.2byte	0x4
 112 0006 00000000 		.4byte	.Ldebug_abbrev0
 113 000a 04       		.byte	0x4
 114 000b 01       		.uleb128 0x1
 115 000c 2F010000 		.4byte	.LASF29
 116 0010 01       		.byte	0x1
 117 0011 6E000000 		.4byte	.LASF30
 118 0015 1C000000 		.4byte	.LASF31
 119 0019 00000000 		.4byte	.Ldebug_ranges0+0
 120 001d 00000000 		.4byte	0
 121 0021 00000000 		.4byte	.Ldebug_line0
 122 0025 02       		.uleb128 0x2
 123 0026 01       		.byte	0x1
 124 0027 06       		.byte	0x6
 125 0028 25020000 		.4byte	.LASF0
 126 002c 02       		.uleb128 0x2
 127 002d 01       		.byte	0x1
 128 002e 08       		.byte	0x8
 129 002f D9000000 		.4byte	.LASF1
 130 0033 03       		.uleb128 0x3
 131 0034 08000000 		.4byte	.LASF4
 132 0038 02       		.byte	0x2
 133 0039 29       		.byte	0x29
 134 003a 3E000000 		.4byte	0x3e
 135 003e 02       		.uleb128 0x2
 136 003f 02       		.byte	0x2
 137 0040 05       		.byte	0x5
 138 0041 FD010000 		.4byte	.LASF2
 139 0045 02       		.uleb128 0x2
 140 0046 02       		.byte	0x2
 141 0047 07       		.byte	0x7
 142 0048 C6000000 		.4byte	.LASF3
 143 004c 03       		.uleb128 0x3
 144 004d 12000000 		.4byte	.LASF5
 145 0051 02       		.byte	0x2
 146 0052 3F       		.byte	0x3f
 147 0053 57000000 		.4byte	0x57
 148 0057 02       		.uleb128 0x2
 149 0058 04       		.byte	0x4
 150 0059 05       		.byte	0x5
ARM GAS  C:\Users\fneves\AppData\Local\Temp\cc5cvZJf.s 			page 6


 151 005a 10020000 		.4byte	.LASF6
 152 005e 03       		.uleb128 0x3
 153 005f 00010000 		.4byte	.LASF7
 154 0063 02       		.byte	0x2
 155 0064 41       		.byte	0x41
 156 0065 69000000 		.4byte	0x69
 157 0069 02       		.uleb128 0x2
 158 006a 04       		.byte	0x4
 159 006b 07       		.byte	0x7
 160 006c B4000000 		.4byte	.LASF8
 161 0070 03       		.uleb128 0x3
 162 0071 E7000000 		.4byte	.LASF9
 163 0075 02       		.byte	0x2
 164 0076 59       		.byte	0x59
 165 0077 7B000000 		.4byte	0x7b
 166 007b 02       		.uleb128 0x2
 167 007c 08       		.byte	0x8
 168 007d 05       		.byte	0x5
 169 007e E0010000 		.4byte	.LASF10
 170 0082 02       		.uleb128 0x2
 171 0083 08       		.byte	0x8
 172 0084 07       		.byte	0x7
 173 0085 18010000 		.4byte	.LASF11
 174 0089 04       		.uleb128 0x4
 175 008a 04       		.byte	0x4
 176 008b 05       		.byte	0x5
 177 008c 696E7400 		.ascii	"int\000"
 178 0090 02       		.uleb128 0x2
 179 0091 04       		.byte	0x4
 180 0092 07       		.byte	0x7
 181 0093 0B010000 		.4byte	.LASF12
 182 0097 03       		.uleb128 0x3
 183 0098 C7010000 		.4byte	.LASF13
 184 009c 03       		.byte	0x3
 185 009d 20       		.byte	0x20
 186 009e 33000000 		.4byte	0x33
 187 00a2 03       		.uleb128 0x3
 188 00a3 CF010000 		.4byte	.LASF14
 189 00a7 03       		.byte	0x3
 190 00a8 2C       		.byte	0x2c
 191 00a9 4C000000 		.4byte	0x4c
 192 00ad 03       		.uleb128 0x3
 193 00ae 07020000 		.4byte	.LASF15
 194 00b2 03       		.byte	0x3
 195 00b3 2D       		.byte	0x2d
 196 00b4 5E000000 		.4byte	0x5e
 197 00b8 03       		.uleb128 0x3
 198 00b9 00000000 		.4byte	.LASF16
 199 00bd 03       		.byte	0x3
 200 00be 38       		.byte	0x38
 201 00bf 70000000 		.4byte	0x70
 202 00c3 02       		.uleb128 0x2
 203 00c4 04       		.byte	0x4
 204 00c5 07       		.byte	0x7
 205 00c6 D7010000 		.4byte	.LASF17
 206 00ca 02       		.uleb128 0x2
 207 00cb 01       		.byte	0x1
ARM GAS  C:\Users\fneves\AppData\Local\Temp\cc5cvZJf.s 			page 7


 208 00cc 08       		.byte	0x8
 209 00cd F8010000 		.4byte	.LASF18
 210 00d1 02       		.uleb128 0x2
 211 00d2 08       		.byte	0x8
 212 00d3 04       		.byte	0x4
 213 00d4 F9000000 		.4byte	.LASF19
 214 00d8 02       		.uleb128 0x2
 215 00d9 04       		.byte	0x4
 216 00da 04       		.byte	0x4
 217 00db 68000000 		.4byte	.LASF20
 218 00df 02       		.uleb128 0x2
 219 00e0 08       		.byte	0x8
 220 00e1 04       		.byte	0x4
 221 00e2 19020000 		.4byte	.LASF21
 222 00e6 05       		.uleb128 0x5
 223 00e7 62000000 		.4byte	.LASF22
 224 00eb 04       		.byte	0x4
 225 00ec 9601     		.2byte	0x196
 226 00ee 97000000 		.4byte	0x97
 227 00f2 05       		.uleb128 0x5
 228 00f3 99000000 		.4byte	.LASF23
 229 00f7 04       		.byte	0x4
 230 00f8 9B01     		.2byte	0x19b
 231 00fa A2000000 		.4byte	0xa2
 232 00fe 05       		.uleb128 0x5
 233 00ff C1010000 		.4byte	.LASF24
 234 0103 04       		.byte	0x4
 235 0104 A001     		.2byte	0x1a0
 236 0106 B8000000 		.4byte	0xb8
 237 010a 06       		.uleb128 0x6
 238 010b 04       		.byte	0x4
 239 010c E6000000 		.4byte	0xe6
 240 0110 06       		.uleb128 0x6
 241 0111 04       		.byte	0x4
 242 0112 FE000000 		.4byte	0xfe
 243 0116 07       		.uleb128 0x7
 244 0117 9F000000 		.4byte	.LASF32
 245 011b 01       		.byte	0x1
 246 011c 3D       		.byte	0x3d
 247 011d 00000000 		.4byte	.LFB82
 248 0121 68000000 		.4byte	.LFE82-.LFB82
 249 0125 01       		.uleb128 0x1
 250 0126 9C       		.byte	0x9c
 251 0127 08       		.uleb128 0x8
 252 0128 31020000 		.4byte	.LASF25
 253 012c 01       		.byte	0x1
 254 012d 3E       		.byte	0x3e
 255 012e 0A010000 		.4byte	0x10a
 256 0132 02       		.uleb128 0x2
 257 0133 91       		.byte	0x91
 258 0134 54       		.sleb128 -44
 259 0135 08       		.uleb128 0x8
 260 0136 EE010000 		.4byte	.LASF26
 261 013a 01       		.byte	0x1
 262 013b 3F       		.byte	0x3f
 263 013c AD000000 		.4byte	0xad
 264 0140 02       		.uleb128 0x2
ARM GAS  C:\Users\fneves\AppData\Local\Temp\cc5cvZJf.s 			page 8


 265 0141 91       		.byte	0x91
 266 0142 50       		.sleb128 -48
 267 0143 08       		.uleb128 0x8
 268 0144 F1000000 		.4byte	.LASF27
 269 0148 01       		.byte	0x1
 270 0149 40       		.byte	0x40
 271 014a 10010000 		.4byte	0x110
 272 014e 02       		.uleb128 0x2
 273 014f 91       		.byte	0x91
 274 0150 4C       		.sleb128 -52
 275 0151 09       		.uleb128 0x9
 276 0152 73756D00 		.ascii	"sum\000"
 277 0156 01       		.byte	0x1
 278 0157 42       		.byte	0x42
 279 0158 FE000000 		.4byte	0xfe
 280 015c 02       		.uleb128 0x2
 281 015d 91       		.byte	0x91
 282 015e 60       		.sleb128 -32
 283 015f 09       		.uleb128 0x9
 284 0160 696E00   		.ascii	"in\000"
 285 0163 01       		.byte	0x1
 286 0164 70       		.byte	0x70
 287 0165 E6000000 		.4byte	0xe6
 288 0169 02       		.uleb128 0x2
 289 016a 91       		.byte	0x91
 290 016b 5A       		.sleb128 -38
 291 016c 0A       		.uleb128 0xa
 292 016d AD000000 		.4byte	.LASF28
 293 0171 01       		.byte	0x1
 294 0172 71       		.byte	0x71
 295 0173 AD000000 		.4byte	0xad
 296 0177 02       		.uleb128 0x2
 297 0178 91       		.byte	0x91
 298 0179 5C       		.sleb128 -36
 299 017a 00       		.byte	0
 300 017b 00       		.byte	0
 301              		.section	.debug_abbrev,"",%progbits
 302              	.Ldebug_abbrev0:
 303 0000 01       		.uleb128 0x1
 304 0001 11       		.uleb128 0x11
 305 0002 01       		.byte	0x1
 306 0003 25       		.uleb128 0x25
 307 0004 0E       		.uleb128 0xe
 308 0005 13       		.uleb128 0x13
 309 0006 0B       		.uleb128 0xb
 310 0007 03       		.uleb128 0x3
 311 0008 0E       		.uleb128 0xe
 312 0009 1B       		.uleb128 0x1b
 313 000a 0E       		.uleb128 0xe
 314 000b 55       		.uleb128 0x55
 315 000c 17       		.uleb128 0x17
 316 000d 11       		.uleb128 0x11
 317 000e 01       		.uleb128 0x1
 318 000f 10       		.uleb128 0x10
 319 0010 17       		.uleb128 0x17
 320 0011 00       		.byte	0
 321 0012 00       		.byte	0
ARM GAS  C:\Users\fneves\AppData\Local\Temp\cc5cvZJf.s 			page 9


 322 0013 02       		.uleb128 0x2
 323 0014 24       		.uleb128 0x24
 324 0015 00       		.byte	0
 325 0016 0B       		.uleb128 0xb
 326 0017 0B       		.uleb128 0xb
 327 0018 3E       		.uleb128 0x3e
 328 0019 0B       		.uleb128 0xb
 329 001a 03       		.uleb128 0x3
 330 001b 0E       		.uleb128 0xe
 331 001c 00       		.byte	0
 332 001d 00       		.byte	0
 333 001e 03       		.uleb128 0x3
 334 001f 16       		.uleb128 0x16
 335 0020 00       		.byte	0
 336 0021 03       		.uleb128 0x3
 337 0022 0E       		.uleb128 0xe
 338 0023 3A       		.uleb128 0x3a
 339 0024 0B       		.uleb128 0xb
 340 0025 3B       		.uleb128 0x3b
 341 0026 0B       		.uleb128 0xb
 342 0027 49       		.uleb128 0x49
 343 0028 13       		.uleb128 0x13
 344 0029 00       		.byte	0
 345 002a 00       		.byte	0
 346 002b 04       		.uleb128 0x4
 347 002c 24       		.uleb128 0x24
 348 002d 00       		.byte	0
 349 002e 0B       		.uleb128 0xb
 350 002f 0B       		.uleb128 0xb
 351 0030 3E       		.uleb128 0x3e
 352 0031 0B       		.uleb128 0xb
 353 0032 03       		.uleb128 0x3
 354 0033 08       		.uleb128 0x8
 355 0034 00       		.byte	0
 356 0035 00       		.byte	0
 357 0036 05       		.uleb128 0x5
 358 0037 16       		.uleb128 0x16
 359 0038 00       		.byte	0
 360 0039 03       		.uleb128 0x3
 361 003a 0E       		.uleb128 0xe
 362 003b 3A       		.uleb128 0x3a
 363 003c 0B       		.uleb128 0xb
 364 003d 3B       		.uleb128 0x3b
 365 003e 05       		.uleb128 0x5
 366 003f 49       		.uleb128 0x49
 367 0040 13       		.uleb128 0x13
 368 0041 00       		.byte	0
 369 0042 00       		.byte	0
 370 0043 06       		.uleb128 0x6
 371 0044 0F       		.uleb128 0xf
 372 0045 00       		.byte	0
 373 0046 0B       		.uleb128 0xb
 374 0047 0B       		.uleb128 0xb
 375 0048 49       		.uleb128 0x49
 376 0049 13       		.uleb128 0x13
 377 004a 00       		.byte	0
 378 004b 00       		.byte	0
ARM GAS  C:\Users\fneves\AppData\Local\Temp\cc5cvZJf.s 			page 10


 379 004c 07       		.uleb128 0x7
 380 004d 2E       		.uleb128 0x2e
 381 004e 01       		.byte	0x1
 382 004f 3F       		.uleb128 0x3f
 383 0050 19       		.uleb128 0x19
 384 0051 03       		.uleb128 0x3
 385 0052 0E       		.uleb128 0xe
 386 0053 3A       		.uleb128 0x3a
 387 0054 0B       		.uleb128 0xb
 388 0055 3B       		.uleb128 0x3b
 389 0056 0B       		.uleb128 0xb
 390 0057 27       		.uleb128 0x27
 391 0058 19       		.uleb128 0x19
 392 0059 11       		.uleb128 0x11
 393 005a 01       		.uleb128 0x1
 394 005b 12       		.uleb128 0x12
 395 005c 06       		.uleb128 0x6
 396 005d 40       		.uleb128 0x40
 397 005e 18       		.uleb128 0x18
 398 005f 9742     		.uleb128 0x2117
 399 0061 19       		.uleb128 0x19
 400 0062 00       		.byte	0
 401 0063 00       		.byte	0
 402 0064 08       		.uleb128 0x8
 403 0065 05       		.uleb128 0x5
 404 0066 00       		.byte	0
 405 0067 03       		.uleb128 0x3
 406 0068 0E       		.uleb128 0xe
 407 0069 3A       		.uleb128 0x3a
 408 006a 0B       		.uleb128 0xb
 409 006b 3B       		.uleb128 0x3b
 410 006c 0B       		.uleb128 0xb
 411 006d 49       		.uleb128 0x49
 412 006e 13       		.uleb128 0x13
 413 006f 02       		.uleb128 0x2
 414 0070 18       		.uleb128 0x18
 415 0071 00       		.byte	0
 416 0072 00       		.byte	0
 417 0073 09       		.uleb128 0x9
 418 0074 34       		.uleb128 0x34
 419 0075 00       		.byte	0
 420 0076 03       		.uleb128 0x3
 421 0077 08       		.uleb128 0x8
 422 0078 3A       		.uleb128 0x3a
 423 0079 0B       		.uleb128 0xb
 424 007a 3B       		.uleb128 0x3b
 425 007b 0B       		.uleb128 0xb
 426 007c 49       		.uleb128 0x49
 427 007d 13       		.uleb128 0x13
 428 007e 02       		.uleb128 0x2
 429 007f 18       		.uleb128 0x18
 430 0080 00       		.byte	0
 431 0081 00       		.byte	0
 432 0082 0A       		.uleb128 0xa
 433 0083 34       		.uleb128 0x34
 434 0084 00       		.byte	0
 435 0085 03       		.uleb128 0x3
ARM GAS  C:\Users\fneves\AppData\Local\Temp\cc5cvZJf.s 			page 11


 436 0086 0E       		.uleb128 0xe
 437 0087 3A       		.uleb128 0x3a
 438 0088 0B       		.uleb128 0xb
 439 0089 3B       		.uleb128 0x3b
 440 008a 0B       		.uleb128 0xb
 441 008b 49       		.uleb128 0x49
 442 008c 13       		.uleb128 0x13
 443 008d 02       		.uleb128 0x2
 444 008e 18       		.uleb128 0x18
 445 008f 00       		.byte	0
 446 0090 00       		.byte	0
 447 0091 00       		.byte	0
 448              		.section	.debug_aranges,"",%progbits
 449 0000 1C000000 		.4byte	0x1c
 450 0004 0200     		.2byte	0x2
 451 0006 00000000 		.4byte	.Ldebug_info0
 452 000a 04       		.byte	0x4
 453 000b 00       		.byte	0
 454 000c 0000     		.2byte	0
 455 000e 0000     		.2byte	0
 456 0010 00000000 		.4byte	.LFB82
 457 0014 68000000 		.4byte	.LFE82-.LFB82
 458 0018 00000000 		.4byte	0
 459 001c 00000000 		.4byte	0
 460              		.section	.debug_ranges,"",%progbits
 461              	.Ldebug_ranges0:
 462 0000 00000000 		.4byte	.LFB82
 463 0004 68000000 		.4byte	.LFE82
 464 0008 00000000 		.4byte	0
 465 000c 00000000 		.4byte	0
 466              		.section	.debug_line,"",%progbits
 467              	.Ldebug_line0:
 468 0000 77010000 		.section	.debug_str,"MS",%progbits,1
 468      02005101 
 468      00000201 
 468      FB0E0D00 
 468      01010101 
 469              	.LASF16:
 470 0000 696E7436 		.ascii	"int64_t\000"
 470      345F7400 
 471              	.LASF4:
 472 0008 5F5F696E 		.ascii	"__int16_t\000"
 472      7431365F 
 472      7400
 473              	.LASF5:
 474 0012 5F5F696E 		.ascii	"__int32_t\000"
 474      7433325F 
 474      7400
 475              	.LASF31:
 476 001c 433A5C55 		.ascii	"C:\\Users\\fneves\\Documents\\PSoC Creator\\wp_1\\e"
 476      73657273 
 476      5C666E65 
 476      7665735C 
 476      446F6375 
 477 0049 6E67696E 		.ascii	"ngine_speed_sensor.cydsn\000"
 477      655F7370 
 477      6565645F 
ARM GAS  C:\Users\fneves\AppData\Local\Temp\cc5cvZJf.s 			page 12


 477      73656E73 
 477      6F722E63 
 478              	.LASF22:
 479 0062 7131355F 		.ascii	"q15_t\000"
 479      7400
 480              	.LASF20:
 481 0068 666C6F61 		.ascii	"float\000"
 481      7400
 482              	.LASF30:
 483 006e 536F7572 		.ascii	"Source\\StatisticsFunctions\\arm_power_q15.c\000"
 483      63655C53 
 483      74617469 
 483      73746963 
 483      7346756E 
 484              	.LASF23:
 485 0099 7133315F 		.ascii	"q31_t\000"
 485      7400
 486              	.LASF32:
 487 009f 61726D5F 		.ascii	"arm_power_q15\000"
 487      706F7765 
 487      725F7131 
 487      3500
 488              	.LASF28:
 489 00ad 626C6B43 		.ascii	"blkCnt\000"
 489      6E7400
 490              	.LASF8:
 491 00b4 6C6F6E67 		.ascii	"long unsigned int\000"
 491      20756E73 
 491      69676E65 
 491      6420696E 
 491      7400
 492              	.LASF3:
 493 00c6 73686F72 		.ascii	"short unsigned int\000"
 493      7420756E 
 493      7369676E 
 493      65642069 
 493      6E7400
 494              	.LASF1:
 495 00d9 756E7369 		.ascii	"unsigned char\000"
 495      676E6564 
 495      20636861 
 495      7200
 496              	.LASF9:
 497 00e7 5F5F696E 		.ascii	"__int64_t\000"
 497      7436345F 
 497      7400
 498              	.LASF27:
 499 00f1 70526573 		.ascii	"pResult\000"
 499      756C7400 
 500              	.LASF19:
 501 00f9 646F7562 		.ascii	"double\000"
 501      6C6500
 502              	.LASF7:
 503 0100 5F5F7569 		.ascii	"__uint32_t\000"
 503      6E743332 
 503      5F7400
 504              	.LASF12:
ARM GAS  C:\Users\fneves\AppData\Local\Temp\cc5cvZJf.s 			page 13


 505 010b 756E7369 		.ascii	"unsigned int\000"
 505      676E6564 
 505      20696E74 
 505      00
 506              	.LASF11:
 507 0118 6C6F6E67 		.ascii	"long long unsigned int\000"
 507      206C6F6E 
 507      6720756E 
 507      7369676E 
 507      65642069 
 508              	.LASF29:
 509 012f 474E5520 		.ascii	"GNU C 4.9.3 20150303 (release) [ARM/embedded-4_9-br"
 509      4320342E 
 509      392E3320 
 509      32303135 
 509      30333033 
 510 0162 616E6368 		.ascii	"anch revision 221220] -mcpu=cortex-m0plus -mthumb -"
 510      20726576 
 510      6973696F 
 510      6E203232 
 510      31323230 
 511 0195 67202D4F 		.ascii	"g -O0 -ffunction-sections -ffat-lto-objects\000"
 511      30202D66 
 511      66756E63 
 511      74696F6E 
 511      2D736563 
 512              	.LASF24:
 513 01c1 7136335F 		.ascii	"q63_t\000"
 513      7400
 514              	.LASF13:
 515 01c7 696E7431 		.ascii	"int16_t\000"
 515      365F7400 
 516              	.LASF14:
 517 01cf 696E7433 		.ascii	"int32_t\000"
 517      325F7400 
 518              	.LASF17:
 519 01d7 73697A65 		.ascii	"sizetype\000"
 519      74797065 
 519      00
 520              	.LASF10:
 521 01e0 6C6F6E67 		.ascii	"long long int\000"
 521      206C6F6E 
 521      6720696E 
 521      7400
 522              	.LASF26:
 523 01ee 626C6F63 		.ascii	"blockSize\000"
 523      6B53697A 
 523      6500
 524              	.LASF18:
 525 01f8 63686172 		.ascii	"char\000"
 525      00
 526              	.LASF2:
 527 01fd 73686F72 		.ascii	"short int\000"
 527      7420696E 
 527      7400
 528              	.LASF15:
 529 0207 75696E74 		.ascii	"uint32_t\000"
ARM GAS  C:\Users\fneves\AppData\Local\Temp\cc5cvZJf.s 			page 14


 529      33325F74 
 529      00
 530              	.LASF6:
 531 0210 6C6F6E67 		.ascii	"long int\000"
 531      20696E74 
 531      00
 532              	.LASF21:
 533 0219 6C6F6E67 		.ascii	"long double\000"
 533      20646F75 
 533      626C6500 
 534              	.LASF0:
 535 0225 7369676E 		.ascii	"signed char\000"
 535      65642063 
 535      68617200 
 536              	.LASF25:
 537 0231 70537263 		.ascii	"pSrc\000"
 537      00
 538              		.ident	"GCC: (GNU Tools for ARM Embedded Processors) 4.9.3 20150303 (release) [ARM/embedded-4_9-br
