ARM GAS  C:\Users\fneves\AppData\Local\Temp\ccm8bQ87.s 			page 1


   1              		.cpu cortex-m0plus
   2              		.fpu softvfp
   3              		.eabi_attribute 20, 1
   4              		.eabi_attribute 21, 1
   5              		.eabi_attribute 23, 3
   6              		.eabi_attribute 24, 1
   7              		.eabi_attribute 25, 1
   8              		.eabi_attribute 26, 1
   9              		.eabi_attribute 30, 6
  10              		.eabi_attribute 34, 0
  11              		.eabi_attribute 18, 4
  12              		.code	16
  13              		.file	"arm_rfft_fast_f32.c"
  14              		.text
  15              	.Ltext0:
  16              		.cfi_sections	.debug_frame
  17              		.global	__aeabi_fadd
  18              		.global	__aeabi_fmul
  19              		.global	__aeabi_fsub
  20              		.section	.text.stage_rfft_f32,"ax",%progbits
  21              		.align	2
  22              		.global	stage_rfft_f32
  23              		.code	16
  24              		.thumb_func
  25              		.type	stage_rfft_f32, %function
  26              	stage_rfft_f32:
  27              	.LFB82:
  28              		.file 1 "Source\\TransformFunctions\\arm_rfft_fast_f32.c"
   1:Source\TransformFunctions/arm_rfft_fast_f32.c **** /* ----------------------------------------------------------------------
   2:Source\TransformFunctions/arm_rfft_fast_f32.c ****  * Project:      CMSIS DSP Library
   3:Source\TransformFunctions/arm_rfft_fast_f32.c ****  * Title:        arm_rfft_f32.c
   4:Source\TransformFunctions/arm_rfft_fast_f32.c ****  * Description:  RFFT & RIFFT Floating point process function
   5:Source\TransformFunctions/arm_rfft_fast_f32.c ****  *
   6:Source\TransformFunctions/arm_rfft_fast_f32.c ****  * $Date:        27. January 2017
   7:Source\TransformFunctions/arm_rfft_fast_f32.c ****  * $Revision:    V.1.5.1
   8:Source\TransformFunctions/arm_rfft_fast_f32.c ****  *
   9:Source\TransformFunctions/arm_rfft_fast_f32.c ****  * Target Processor: Cortex-M cores
  10:Source\TransformFunctions/arm_rfft_fast_f32.c ****  * -------------------------------------------------------------------- */
  11:Source\TransformFunctions/arm_rfft_fast_f32.c **** /*
  12:Source\TransformFunctions/arm_rfft_fast_f32.c ****  * Copyright (C) 2010-2017 ARM Limited or its affiliates. All rights reserved.
  13:Source\TransformFunctions/arm_rfft_fast_f32.c ****  *
  14:Source\TransformFunctions/arm_rfft_fast_f32.c ****  * SPDX-License-Identifier: Apache-2.0
  15:Source\TransformFunctions/arm_rfft_fast_f32.c ****  *
  16:Source\TransformFunctions/arm_rfft_fast_f32.c ****  * Licensed under the Apache License, Version 2.0 (the License); you may
  17:Source\TransformFunctions/arm_rfft_fast_f32.c ****  * not use this file except in compliance with the License.
  18:Source\TransformFunctions/arm_rfft_fast_f32.c ****  * You may obtain a copy of the License at
  19:Source\TransformFunctions/arm_rfft_fast_f32.c ****  *
  20:Source\TransformFunctions/arm_rfft_fast_f32.c ****  * www.apache.org/licenses/LICENSE-2.0
  21:Source\TransformFunctions/arm_rfft_fast_f32.c ****  *
  22:Source\TransformFunctions/arm_rfft_fast_f32.c ****  * Unless required by applicable law or agreed to in writing, software
  23:Source\TransformFunctions/arm_rfft_fast_f32.c ****  * distributed under the License is distributed on an AS IS BASIS, WITHOUT
  24:Source\TransformFunctions/arm_rfft_fast_f32.c ****  * WARRANTIES OR CONDITIONS OF ANY KIND, either express or implied.
  25:Source\TransformFunctions/arm_rfft_fast_f32.c ****  * See the License for the specific language governing permissions and
  26:Source\TransformFunctions/arm_rfft_fast_f32.c ****  * limitations under the License.
  27:Source\TransformFunctions/arm_rfft_fast_f32.c ****  */
  28:Source\TransformFunctions/arm_rfft_fast_f32.c **** 
  29:Source\TransformFunctions/arm_rfft_fast_f32.c **** #include "arm_math.h"
ARM GAS  C:\Users\fneves\AppData\Local\Temp\ccm8bQ87.s 			page 2


  30:Source\TransformFunctions/arm_rfft_fast_f32.c **** 
  31:Source\TransformFunctions/arm_rfft_fast_f32.c **** void stage_rfft_f32(
  32:Source\TransformFunctions/arm_rfft_fast_f32.c ****   arm_rfft_fast_instance_f32 * S,
  33:Source\TransformFunctions/arm_rfft_fast_f32.c ****   float32_t * p, float32_t * pOut)
  34:Source\TransformFunctions/arm_rfft_fast_f32.c **** {
  29              		.loc 1 34 0
  30              		.cfi_startproc
  31 0000 90B5     		push	{r4, r7, lr}
  32              		.cfi_def_cfa_offset 12
  33              		.cfi_offset 4, -12
  34              		.cfi_offset 7, -8
  35              		.cfi_offset 14, -4
  36 0002 95B0     		sub	sp, sp, #84
  37              		.cfi_def_cfa_offset 96
  38 0004 00AF     		add	r7, sp, #0
  39              		.cfi_def_cfa_register 7
  40 0006 F860     		str	r0, [r7, #12]
  41 0008 B960     		str	r1, [r7, #8]
  42 000a 7A60     		str	r2, [r7, #4]
  35:Source\TransformFunctions/arm_rfft_fast_f32.c ****    uint32_t  k;								   /* Loop Counter                     */
  36:Source\TransformFunctions/arm_rfft_fast_f32.c ****    float32_t twR, twI;						   /* RFFT Twiddle coefficients        */
  37:Source\TransformFunctions/arm_rfft_fast_f32.c ****    float32_t * pCoeff = S->pTwiddleRFFT;  /* Points to RFFT Twiddle factors   */
  43              		.loc 1 37 0
  44 000c FB68     		ldr	r3, [r7, #12]
  45 000e 5B69     		ldr	r3, [r3, #20]
  46 0010 BB64     		str	r3, [r7, #72]
  38:Source\TransformFunctions/arm_rfft_fast_f32.c ****    float32_t *pA = p;						   /* increasing pointer               */
  47              		.loc 1 38 0
  48 0012 BB68     		ldr	r3, [r7, #8]
  49 0014 7B64     		str	r3, [r7, #68]
  39:Source\TransformFunctions/arm_rfft_fast_f32.c ****    float32_t *pB = p;						   /* decreasing pointer               */
  50              		.loc 1 39 0
  51 0016 BB68     		ldr	r3, [r7, #8]
  52 0018 3B64     		str	r3, [r7, #64]
  40:Source\TransformFunctions/arm_rfft_fast_f32.c ****    float32_t xAR, xAI, xBR, xBI;				/* temporary variables              */
  41:Source\TransformFunctions/arm_rfft_fast_f32.c ****    float32_t t1a, t1b;				         /* temporary variables              */
  42:Source\TransformFunctions/arm_rfft_fast_f32.c ****    float32_t p0, p1, p2, p3;				   /* temporary variables              */
  43:Source\TransformFunctions/arm_rfft_fast_f32.c **** 
  44:Source\TransformFunctions/arm_rfft_fast_f32.c **** 
  45:Source\TransformFunctions/arm_rfft_fast_f32.c ****    k = (S->Sint).fftLen - 1;
  53              		.loc 1 45 0
  54 001a FB68     		ldr	r3, [r7, #12]
  55 001c 1B88     		ldrh	r3, [r3]
  56 001e 013B     		sub	r3, r3, #1
  57 0020 FB64     		str	r3, [r7, #76]
  46:Source\TransformFunctions/arm_rfft_fast_f32.c **** 
  47:Source\TransformFunctions/arm_rfft_fast_f32.c ****    /* Pack first and last sample of the frequency domain together */
  48:Source\TransformFunctions/arm_rfft_fast_f32.c **** 
  49:Source\TransformFunctions/arm_rfft_fast_f32.c ****    xBR = pB[0];
  58              		.loc 1 49 0
  59 0022 3B6C     		ldr	r3, [r7, #64]
  60 0024 1B68     		ldr	r3, [r3]
  61 0026 FB63     		str	r3, [r7, #60]
  50:Source\TransformFunctions/arm_rfft_fast_f32.c ****    xBI = pB[1];
  62              		.loc 1 50 0
  63 0028 3B6C     		ldr	r3, [r7, #64]
  64 002a 5B68     		ldr	r3, [r3, #4]
ARM GAS  C:\Users\fneves\AppData\Local\Temp\ccm8bQ87.s 			page 3


  65 002c BB63     		str	r3, [r7, #56]
  51:Source\TransformFunctions/arm_rfft_fast_f32.c ****    xAR = pA[0];
  66              		.loc 1 51 0
  67 002e 7B6C     		ldr	r3, [r7, #68]
  68 0030 1B68     		ldr	r3, [r3]
  69 0032 7B63     		str	r3, [r7, #52]
  52:Source\TransformFunctions/arm_rfft_fast_f32.c ****    xAI = pA[1];
  70              		.loc 1 52 0
  71 0034 7B6C     		ldr	r3, [r7, #68]
  72 0036 5B68     		ldr	r3, [r3, #4]
  73 0038 3B63     		str	r3, [r7, #48]
  53:Source\TransformFunctions/arm_rfft_fast_f32.c **** 
  54:Source\TransformFunctions/arm_rfft_fast_f32.c ****    twR = *pCoeff++ ;
  74              		.loc 1 54 0
  75 003a BB6C     		ldr	r3, [r7, #72]
  76 003c 1A1D     		add	r2, r3, #4
  77 003e BA64     		str	r2, [r7, #72]
  78 0040 1B68     		ldr	r3, [r3]
  79 0042 FB62     		str	r3, [r7, #44]
  55:Source\TransformFunctions/arm_rfft_fast_f32.c ****    twI = *pCoeff++ ;
  80              		.loc 1 55 0
  81 0044 BB6C     		ldr	r3, [r7, #72]
  82 0046 1A1D     		add	r2, r3, #4
  83 0048 BA64     		str	r2, [r7, #72]
  84 004a 1B68     		ldr	r3, [r3]
  85 004c BB62     		str	r3, [r7, #40]
  56:Source\TransformFunctions/arm_rfft_fast_f32.c **** 
  57:Source\TransformFunctions/arm_rfft_fast_f32.c ****    // U1 = XA(1) + XB(1); % It is real
  58:Source\TransformFunctions/arm_rfft_fast_f32.c ****    t1a = xBR + xAR  ;
  86              		.loc 1 58 0
  87 004e F86B     		ldr	r0, [r7, #60]
  88 0050 796B     		ldr	r1, [r7, #52]
  89 0052 FFF7FEFF 		bl	__aeabi_fadd
  90 0056 031C     		add	r3, r0, #0
  91 0058 7B62     		str	r3, [r7, #36]
  59:Source\TransformFunctions/arm_rfft_fast_f32.c **** 
  60:Source\TransformFunctions/arm_rfft_fast_f32.c ****    // U2 = XB(1) - XA(1); % It is imaginary
  61:Source\TransformFunctions/arm_rfft_fast_f32.c ****    t1b = xBI + xAI  ;
  92              		.loc 1 61 0
  93 005a B86B     		ldr	r0, [r7, #56]
  94 005c 396B     		ldr	r1, [r7, #48]
  95 005e FFF7FEFF 		bl	__aeabi_fadd
  96 0062 031C     		add	r3, r0, #0
  97 0064 3B62     		str	r3, [r7, #32]
  62:Source\TransformFunctions/arm_rfft_fast_f32.c **** 
  63:Source\TransformFunctions/arm_rfft_fast_f32.c ****    // real(tw * (xB - xA)) = twR * (xBR - xAR) - twI * (xBI - xAI);
  64:Source\TransformFunctions/arm_rfft_fast_f32.c ****    // imag(tw * (xB - xA)) = twI * (xBR - xAR) + twR * (xBI - xAI);
  65:Source\TransformFunctions/arm_rfft_fast_f32.c ****    *pOut++ = 0.5f * ( t1a + t1b );
  98              		.loc 1 65 0
  99 0066 7C68     		ldr	r4, [r7, #4]
 100 0068 231D     		add	r3, r4, #4
 101 006a 7B60     		str	r3, [r7, #4]
 102 006c 786A     		ldr	r0, [r7, #36]
 103 006e 396A     		ldr	r1, [r7, #32]
 104 0070 FFF7FEFF 		bl	__aeabi_fadd
 105 0074 031C     		add	r3, r0, #0
 106 0076 181C     		add	r0, r3, #0
ARM GAS  C:\Users\fneves\AppData\Local\Temp\ccm8bQ87.s 			page 4


 107 0078 FC21     		mov	r1, #252
 108 007a 8905     		lsl	r1, r1, #22
 109 007c FFF7FEFF 		bl	__aeabi_fmul
 110 0080 031C     		add	r3, r0, #0
 111 0082 2360     		str	r3, [r4]
  66:Source\TransformFunctions/arm_rfft_fast_f32.c ****    *pOut++ = 0.5f * ( t1a - t1b );
 112              		.loc 1 66 0
 113 0084 7C68     		ldr	r4, [r7, #4]
 114 0086 231D     		add	r3, r4, #4
 115 0088 7B60     		str	r3, [r7, #4]
 116 008a 786A     		ldr	r0, [r7, #36]
 117 008c 396A     		ldr	r1, [r7, #32]
 118 008e FFF7FEFF 		bl	__aeabi_fsub
 119 0092 031C     		add	r3, r0, #0
 120 0094 181C     		add	r0, r3, #0
 121 0096 FC21     		mov	r1, #252
 122 0098 8905     		lsl	r1, r1, #22
 123 009a FFF7FEFF 		bl	__aeabi_fmul
 124 009e 031C     		add	r3, r0, #0
 125 00a0 2360     		str	r3, [r4]
  67:Source\TransformFunctions/arm_rfft_fast_f32.c **** 
  68:Source\TransformFunctions/arm_rfft_fast_f32.c ****    // XA(1) = 1/2*( U1 - imag(U2) +  i*( U1 +imag(U2) ));
  69:Source\TransformFunctions/arm_rfft_fast_f32.c ****    pB  = p + 2*k;
 126              		.loc 1 69 0
 127 00a2 FB6C     		ldr	r3, [r7, #76]
 128 00a4 DB00     		lsl	r3, r3, #3
 129 00a6 BA68     		ldr	r2, [r7, #8]
 130 00a8 D318     		add	r3, r2, r3
 131 00aa 3B64     		str	r3, [r7, #64]
  70:Source\TransformFunctions/arm_rfft_fast_f32.c ****    pA += 2;
 132              		.loc 1 70 0
 133 00ac 7B6C     		ldr	r3, [r7, #68]
 134 00ae 0833     		add	r3, r3, #8
 135 00b0 7B64     		str	r3, [r7, #68]
 136              	.L2:
  71:Source\TransformFunctions/arm_rfft_fast_f32.c **** 
  72:Source\TransformFunctions/arm_rfft_fast_f32.c ****    do
  73:Source\TransformFunctions/arm_rfft_fast_f32.c ****    {
  74:Source\TransformFunctions/arm_rfft_fast_f32.c ****       /*
  75:Source\TransformFunctions/arm_rfft_fast_f32.c ****          function X = my_split_rfft(X, ifftFlag)
  76:Source\TransformFunctions/arm_rfft_fast_f32.c ****          % X is a series of real numbers
  77:Source\TransformFunctions/arm_rfft_fast_f32.c ****          L  = length(X);
  78:Source\TransformFunctions/arm_rfft_fast_f32.c ****          XC = X(1:2:end) +i*X(2:2:end);
  79:Source\TransformFunctions/arm_rfft_fast_f32.c ****          XA = fft(XC);
  80:Source\TransformFunctions/arm_rfft_fast_f32.c ****          XB = conj(XA([1 end:-1:2]));
  81:Source\TransformFunctions/arm_rfft_fast_f32.c ****          TW = i*exp(-2*pi*i*[0:L/2-1]/L).';
  82:Source\TransformFunctions/arm_rfft_fast_f32.c ****          for l = 2:L/2
  83:Source\TransformFunctions/arm_rfft_fast_f32.c ****             XA(l) = 1/2 * (XA(l) + XB(l) + TW(l) * (XB(l) - XA(l)));
  84:Source\TransformFunctions/arm_rfft_fast_f32.c ****          end
  85:Source\TransformFunctions/arm_rfft_fast_f32.c ****          XA(1) = 1/2* (XA(1) + XB(1) + TW(1) * (XB(1) - XA(1))) + i*( 1/2*( XA(1) + XB(1) + i*( XA(
  86:Source\TransformFunctions/arm_rfft_fast_f32.c ****          X = XA;
  87:Source\TransformFunctions/arm_rfft_fast_f32.c ****       */
  88:Source\TransformFunctions/arm_rfft_fast_f32.c **** 
  89:Source\TransformFunctions/arm_rfft_fast_f32.c ****       xBI = pB[1];
 137              		.loc 1 89 0 discriminator 1
 138 00b2 3B6C     		ldr	r3, [r7, #64]
 139 00b4 5B68     		ldr	r3, [r3, #4]
ARM GAS  C:\Users\fneves\AppData\Local\Temp\ccm8bQ87.s 			page 5


 140 00b6 BB63     		str	r3, [r7, #56]
  90:Source\TransformFunctions/arm_rfft_fast_f32.c ****       xBR = pB[0];
 141              		.loc 1 90 0 discriminator 1
 142 00b8 3B6C     		ldr	r3, [r7, #64]
 143 00ba 1B68     		ldr	r3, [r3]
 144 00bc FB63     		str	r3, [r7, #60]
  91:Source\TransformFunctions/arm_rfft_fast_f32.c ****       xAR = pA[0];
 145              		.loc 1 91 0 discriminator 1
 146 00be 7B6C     		ldr	r3, [r7, #68]
 147 00c0 1B68     		ldr	r3, [r3]
 148 00c2 7B63     		str	r3, [r7, #52]
  92:Source\TransformFunctions/arm_rfft_fast_f32.c ****       xAI = pA[1];
 149              		.loc 1 92 0 discriminator 1
 150 00c4 7B6C     		ldr	r3, [r7, #68]
 151 00c6 5B68     		ldr	r3, [r3, #4]
 152 00c8 3B63     		str	r3, [r7, #48]
  93:Source\TransformFunctions/arm_rfft_fast_f32.c **** 
  94:Source\TransformFunctions/arm_rfft_fast_f32.c ****       twR = *pCoeff++;
 153              		.loc 1 94 0 discriminator 1
 154 00ca BB6C     		ldr	r3, [r7, #72]
 155 00cc 1A1D     		add	r2, r3, #4
 156 00ce BA64     		str	r2, [r7, #72]
 157 00d0 1B68     		ldr	r3, [r3]
 158 00d2 FB62     		str	r3, [r7, #44]
  95:Source\TransformFunctions/arm_rfft_fast_f32.c ****       twI = *pCoeff++;
 159              		.loc 1 95 0 discriminator 1
 160 00d4 BB6C     		ldr	r3, [r7, #72]
 161 00d6 1A1D     		add	r2, r3, #4
 162 00d8 BA64     		str	r2, [r7, #72]
 163 00da 1B68     		ldr	r3, [r3]
 164 00dc BB62     		str	r3, [r7, #40]
  96:Source\TransformFunctions/arm_rfft_fast_f32.c **** 
  97:Source\TransformFunctions/arm_rfft_fast_f32.c ****       t1a = xBR - xAR ;
 165              		.loc 1 97 0 discriminator 1
 166 00de F86B     		ldr	r0, [r7, #60]
 167 00e0 796B     		ldr	r1, [r7, #52]
 168 00e2 FFF7FEFF 		bl	__aeabi_fsub
 169 00e6 031C     		add	r3, r0, #0
 170 00e8 7B62     		str	r3, [r7, #36]
  98:Source\TransformFunctions/arm_rfft_fast_f32.c ****       t1b = xBI + xAI ;
 171              		.loc 1 98 0 discriminator 1
 172 00ea B86B     		ldr	r0, [r7, #56]
 173 00ec 396B     		ldr	r1, [r7, #48]
 174 00ee FFF7FEFF 		bl	__aeabi_fadd
 175 00f2 031C     		add	r3, r0, #0
 176 00f4 3B62     		str	r3, [r7, #32]
  99:Source\TransformFunctions/arm_rfft_fast_f32.c **** 
 100:Source\TransformFunctions/arm_rfft_fast_f32.c ****       // real(tw * (xB - xA)) = twR * (xBR - xAR) - twI * (xBI - xAI);
 101:Source\TransformFunctions/arm_rfft_fast_f32.c ****       // imag(tw * (xB - xA)) = twI * (xBR - xAR) + twR * (xBI - xAI);
 102:Source\TransformFunctions/arm_rfft_fast_f32.c ****       p0 = twR * t1a;
 177              		.loc 1 102 0 discriminator 1
 178 00f6 F86A     		ldr	r0, [r7, #44]
 179 00f8 796A     		ldr	r1, [r7, #36]
 180 00fa FFF7FEFF 		bl	__aeabi_fmul
 181 00fe 031C     		add	r3, r0, #0
 182 0100 FB61     		str	r3, [r7, #28]
 103:Source\TransformFunctions/arm_rfft_fast_f32.c ****       p1 = twI * t1a;
ARM GAS  C:\Users\fneves\AppData\Local\Temp\ccm8bQ87.s 			page 6


 183              		.loc 1 103 0 discriminator 1
 184 0102 B86A     		ldr	r0, [r7, #40]
 185 0104 796A     		ldr	r1, [r7, #36]
 186 0106 FFF7FEFF 		bl	__aeabi_fmul
 187 010a 031C     		add	r3, r0, #0
 188 010c BB61     		str	r3, [r7, #24]
 104:Source\TransformFunctions/arm_rfft_fast_f32.c ****       p2 = twR * t1b;
 189              		.loc 1 104 0 discriminator 1
 190 010e F86A     		ldr	r0, [r7, #44]
 191 0110 396A     		ldr	r1, [r7, #32]
 192 0112 FFF7FEFF 		bl	__aeabi_fmul
 193 0116 031C     		add	r3, r0, #0
 194 0118 7B61     		str	r3, [r7, #20]
 105:Source\TransformFunctions/arm_rfft_fast_f32.c ****       p3 = twI * t1b;
 195              		.loc 1 105 0 discriminator 1
 196 011a B86A     		ldr	r0, [r7, #40]
 197 011c 396A     		ldr	r1, [r7, #32]
 198 011e FFF7FEFF 		bl	__aeabi_fmul
 199 0122 031C     		add	r3, r0, #0
 200 0124 3B61     		str	r3, [r7, #16]
 106:Source\TransformFunctions/arm_rfft_fast_f32.c **** 
 107:Source\TransformFunctions/arm_rfft_fast_f32.c ****       *pOut++ = 0.5f * (xAR + xBR + p0 + p3 ); //xAR
 201              		.loc 1 107 0 discriminator 1
 202 0126 7C68     		ldr	r4, [r7, #4]
 203 0128 231D     		add	r3, r4, #4
 204 012a 7B60     		str	r3, [r7, #4]
 205 012c 786B     		ldr	r0, [r7, #52]
 206 012e F96B     		ldr	r1, [r7, #60]
 207 0130 FFF7FEFF 		bl	__aeabi_fadd
 208 0134 031C     		add	r3, r0, #0
 209 0136 181C     		add	r0, r3, #0
 210 0138 F969     		ldr	r1, [r7, #28]
 211 013a FFF7FEFF 		bl	__aeabi_fadd
 212 013e 031C     		add	r3, r0, #0
 213 0140 181C     		add	r0, r3, #0
 214 0142 3969     		ldr	r1, [r7, #16]
 215 0144 FFF7FEFF 		bl	__aeabi_fadd
 216 0148 031C     		add	r3, r0, #0
 217 014a 181C     		add	r0, r3, #0
 218 014c FC21     		mov	r1, #252
 219 014e 8905     		lsl	r1, r1, #22
 220 0150 FFF7FEFF 		bl	__aeabi_fmul
 221 0154 031C     		add	r3, r0, #0
 222 0156 2360     		str	r3, [r4]
 108:Source\TransformFunctions/arm_rfft_fast_f32.c ****       *pOut++ = 0.5f * (xAI - xBI + p1 - p2 ); //xAI
 223              		.loc 1 108 0 discriminator 1
 224 0158 7C68     		ldr	r4, [r7, #4]
 225 015a 231D     		add	r3, r4, #4
 226 015c 7B60     		str	r3, [r7, #4]
 227 015e 386B     		ldr	r0, [r7, #48]
 228 0160 B96B     		ldr	r1, [r7, #56]
 229 0162 FFF7FEFF 		bl	__aeabi_fsub
 230 0166 031C     		add	r3, r0, #0
 231 0168 181C     		add	r0, r3, #0
 232 016a B969     		ldr	r1, [r7, #24]
 233 016c FFF7FEFF 		bl	__aeabi_fadd
 234 0170 031C     		add	r3, r0, #0
ARM GAS  C:\Users\fneves\AppData\Local\Temp\ccm8bQ87.s 			page 7


 235 0172 181C     		add	r0, r3, #0
 236 0174 7969     		ldr	r1, [r7, #20]
 237 0176 FFF7FEFF 		bl	__aeabi_fsub
 238 017a 031C     		add	r3, r0, #0
 239 017c 181C     		add	r0, r3, #0
 240 017e FC21     		mov	r1, #252
 241 0180 8905     		lsl	r1, r1, #22
 242 0182 FFF7FEFF 		bl	__aeabi_fmul
 243 0186 031C     		add	r3, r0, #0
 244 0188 2360     		str	r3, [r4]
 109:Source\TransformFunctions/arm_rfft_fast_f32.c **** 
 110:Source\TransformFunctions/arm_rfft_fast_f32.c ****       pA += 2;
 245              		.loc 1 110 0 discriminator 1
 246 018a 7B6C     		ldr	r3, [r7, #68]
 247 018c 0833     		add	r3, r3, #8
 248 018e 7B64     		str	r3, [r7, #68]
 111:Source\TransformFunctions/arm_rfft_fast_f32.c ****       pB -= 2;
 249              		.loc 1 111 0 discriminator 1
 250 0190 3B6C     		ldr	r3, [r7, #64]
 251 0192 083B     		sub	r3, r3, #8
 252 0194 3B64     		str	r3, [r7, #64]
 112:Source\TransformFunctions/arm_rfft_fast_f32.c ****       k--;
 253              		.loc 1 112 0 discriminator 1
 254 0196 FB6C     		ldr	r3, [r7, #76]
 255 0198 013B     		sub	r3, r3, #1
 256 019a FB64     		str	r3, [r7, #76]
 113:Source\TransformFunctions/arm_rfft_fast_f32.c ****    } while (k > 0u);
 257              		.loc 1 113 0 discriminator 1
 258 019c FB6C     		ldr	r3, [r7, #76]
 259 019e 002B     		cmp	r3, #0
 260 01a0 87D1     		bne	.L2
 114:Source\TransformFunctions/arm_rfft_fast_f32.c **** }
 261              		.loc 1 114 0
 262 01a2 BD46     		mov	sp, r7
 263 01a4 15B0     		add	sp, sp, #84
 264              		@ sp needed
 265 01a6 90BD     		pop	{r4, r7, pc}
 266              		.cfi_endproc
 267              	.LFE82:
 268              		.size	stage_rfft_f32, .-stage_rfft_f32
 269              		.section	.text.merge_rfft_f32,"ax",%progbits
 270              		.align	2
 271              		.global	merge_rfft_f32
 272              		.code	16
 273              		.thumb_func
 274              		.type	merge_rfft_f32, %function
 275              	merge_rfft_f32:
 276              	.LFB83:
 115:Source\TransformFunctions/arm_rfft_fast_f32.c **** 
 116:Source\TransformFunctions/arm_rfft_fast_f32.c **** /* Prepares data for inverse cfft */
 117:Source\TransformFunctions/arm_rfft_fast_f32.c **** void merge_rfft_f32(
 118:Source\TransformFunctions/arm_rfft_fast_f32.c **** arm_rfft_fast_instance_f32 * S,
 119:Source\TransformFunctions/arm_rfft_fast_f32.c **** float32_t * p, float32_t * pOut)
 120:Source\TransformFunctions/arm_rfft_fast_f32.c **** {
 277              		.loc 1 120 0
 278              		.cfi_startproc
 279 0000 90B5     		push	{r4, r7, lr}
ARM GAS  C:\Users\fneves\AppData\Local\Temp\ccm8bQ87.s 			page 8


 280              		.cfi_def_cfa_offset 12
 281              		.cfi_offset 4, -12
 282              		.cfi_offset 7, -8
 283              		.cfi_offset 14, -4
 284 0002 95B0     		sub	sp, sp, #84
 285              		.cfi_def_cfa_offset 96
 286 0004 00AF     		add	r7, sp, #0
 287              		.cfi_def_cfa_register 7
 288 0006 F860     		str	r0, [r7, #12]
 289 0008 B960     		str	r1, [r7, #8]
 290 000a 7A60     		str	r2, [r7, #4]
 121:Source\TransformFunctions/arm_rfft_fast_f32.c ****    uint32_t  k;								/* Loop Counter                     */
 122:Source\TransformFunctions/arm_rfft_fast_f32.c ****    float32_t twR, twI;						/* RFFT Twiddle coefficients        */
 123:Source\TransformFunctions/arm_rfft_fast_f32.c ****    float32_t *pCoeff = S->pTwiddleRFFT;		/* Points to RFFT Twiddle factors   */
 291              		.loc 1 123 0
 292 000c FB68     		ldr	r3, [r7, #12]
 293 000e 5B69     		ldr	r3, [r3, #20]
 294 0010 BB64     		str	r3, [r7, #72]
 124:Source\TransformFunctions/arm_rfft_fast_f32.c ****    float32_t *pA = p;						/* increasing pointer               */
 295              		.loc 1 124 0
 296 0012 BB68     		ldr	r3, [r7, #8]
 297 0014 7B64     		str	r3, [r7, #68]
 125:Source\TransformFunctions/arm_rfft_fast_f32.c ****    float32_t *pB = p;						/* decreasing pointer               */
 298              		.loc 1 125 0
 299 0016 BB68     		ldr	r3, [r7, #8]
 300 0018 3B64     		str	r3, [r7, #64]
 126:Source\TransformFunctions/arm_rfft_fast_f32.c ****    float32_t xAR, xAI, xBR, xBI;			/* temporary variables              */
 127:Source\TransformFunctions/arm_rfft_fast_f32.c ****    float32_t t1a, t1b, r, s, t, u;			/* temporary variables              */
 128:Source\TransformFunctions/arm_rfft_fast_f32.c **** 
 129:Source\TransformFunctions/arm_rfft_fast_f32.c ****    k = (S->Sint).fftLen - 1;
 301              		.loc 1 129 0
 302 001a FB68     		ldr	r3, [r7, #12]
 303 001c 1B88     		ldrh	r3, [r3]
 304 001e 013B     		sub	r3, r3, #1
 305 0020 FB64     		str	r3, [r7, #76]
 130:Source\TransformFunctions/arm_rfft_fast_f32.c **** 
 131:Source\TransformFunctions/arm_rfft_fast_f32.c ****    xAR = pA[0];
 306              		.loc 1 131 0
 307 0022 7B6C     		ldr	r3, [r7, #68]
 308 0024 1B68     		ldr	r3, [r3]
 309 0026 FB63     		str	r3, [r7, #60]
 132:Source\TransformFunctions/arm_rfft_fast_f32.c ****    xAI = pA[1];
 310              		.loc 1 132 0
 311 0028 7B6C     		ldr	r3, [r7, #68]
 312 002a 5B68     		ldr	r3, [r3, #4]
 313 002c BB63     		str	r3, [r7, #56]
 133:Source\TransformFunctions/arm_rfft_fast_f32.c **** 
 134:Source\TransformFunctions/arm_rfft_fast_f32.c ****    pCoeff += 2 ;
 314              		.loc 1 134 0
 315 002e BB6C     		ldr	r3, [r7, #72]
 316 0030 0833     		add	r3, r3, #8
 317 0032 BB64     		str	r3, [r7, #72]
 135:Source\TransformFunctions/arm_rfft_fast_f32.c **** 
 136:Source\TransformFunctions/arm_rfft_fast_f32.c ****    *pOut++ = 0.5f * ( xAR + xAI );
 318              		.loc 1 136 0
 319 0034 7C68     		ldr	r4, [r7, #4]
 320 0036 231D     		add	r3, r4, #4
ARM GAS  C:\Users\fneves\AppData\Local\Temp\ccm8bQ87.s 			page 9


 321 0038 7B60     		str	r3, [r7, #4]
 322 003a F86B     		ldr	r0, [r7, #60]
 323 003c B96B     		ldr	r1, [r7, #56]
 324 003e FFF7FEFF 		bl	__aeabi_fadd
 325 0042 031C     		add	r3, r0, #0
 326 0044 181C     		add	r0, r3, #0
 327 0046 FC21     		mov	r1, #252
 328 0048 8905     		lsl	r1, r1, #22
 329 004a FFF7FEFF 		bl	__aeabi_fmul
 330 004e 031C     		add	r3, r0, #0
 331 0050 2360     		str	r3, [r4]
 137:Source\TransformFunctions/arm_rfft_fast_f32.c ****    *pOut++ = 0.5f * ( xAR - xAI );
 332              		.loc 1 137 0
 333 0052 7C68     		ldr	r4, [r7, #4]
 334 0054 231D     		add	r3, r4, #4
 335 0056 7B60     		str	r3, [r7, #4]
 336 0058 F86B     		ldr	r0, [r7, #60]
 337 005a B96B     		ldr	r1, [r7, #56]
 338 005c FFF7FEFF 		bl	__aeabi_fsub
 339 0060 031C     		add	r3, r0, #0
 340 0062 181C     		add	r0, r3, #0
 341 0064 FC21     		mov	r1, #252
 342 0066 8905     		lsl	r1, r1, #22
 343 0068 FFF7FEFF 		bl	__aeabi_fmul
 344 006c 031C     		add	r3, r0, #0
 345 006e 2360     		str	r3, [r4]
 138:Source\TransformFunctions/arm_rfft_fast_f32.c **** 
 139:Source\TransformFunctions/arm_rfft_fast_f32.c ****    pB  =  p + 2*k ;
 346              		.loc 1 139 0
 347 0070 FB6C     		ldr	r3, [r7, #76]
 348 0072 DB00     		lsl	r3, r3, #3
 349 0074 BA68     		ldr	r2, [r7, #8]
 350 0076 D318     		add	r3, r2, r3
 351 0078 3B64     		str	r3, [r7, #64]
 140:Source\TransformFunctions/arm_rfft_fast_f32.c ****    pA +=  2	   ;
 352              		.loc 1 140 0
 353 007a 7B6C     		ldr	r3, [r7, #68]
 354 007c 0833     		add	r3, r3, #8
 355 007e 7B64     		str	r3, [r7, #68]
 141:Source\TransformFunctions/arm_rfft_fast_f32.c **** 
 142:Source\TransformFunctions/arm_rfft_fast_f32.c ****    while (k > 0u)
 356              		.loc 1 142 0
 357 0080 74E0     		b	.L4
 358              	.L5:
 143:Source\TransformFunctions/arm_rfft_fast_f32.c ****    {
 144:Source\TransformFunctions/arm_rfft_fast_f32.c ****       /* G is half of the frequency complex spectrum */
 145:Source\TransformFunctions/arm_rfft_fast_f32.c ****       //for k = 2:N
 146:Source\TransformFunctions/arm_rfft_fast_f32.c ****       //    Xk(k) = 1/2 * (G(k) + conj(G(N-k+2)) + Tw(k)*( G(k) - conj(G(N-k+2))));
 147:Source\TransformFunctions/arm_rfft_fast_f32.c ****       xBI =   pB[1]    ;
 359              		.loc 1 147 0
 360 0082 3B6C     		ldr	r3, [r7, #64]
 361 0084 5B68     		ldr	r3, [r3, #4]
 362 0086 7B63     		str	r3, [r7, #52]
 148:Source\TransformFunctions/arm_rfft_fast_f32.c ****       xBR =   pB[0]    ;
 363              		.loc 1 148 0
 364 0088 3B6C     		ldr	r3, [r7, #64]
 365 008a 1B68     		ldr	r3, [r3]
ARM GAS  C:\Users\fneves\AppData\Local\Temp\ccm8bQ87.s 			page 10


 366 008c 3B63     		str	r3, [r7, #48]
 149:Source\TransformFunctions/arm_rfft_fast_f32.c ****       xAR =  pA[0];
 367              		.loc 1 149 0
 368 008e 7B6C     		ldr	r3, [r7, #68]
 369 0090 1B68     		ldr	r3, [r3]
 370 0092 FB63     		str	r3, [r7, #60]
 150:Source\TransformFunctions/arm_rfft_fast_f32.c ****       xAI =  pA[1];
 371              		.loc 1 150 0
 372 0094 7B6C     		ldr	r3, [r7, #68]
 373 0096 5B68     		ldr	r3, [r3, #4]
 374 0098 BB63     		str	r3, [r7, #56]
 151:Source\TransformFunctions/arm_rfft_fast_f32.c **** 
 152:Source\TransformFunctions/arm_rfft_fast_f32.c ****       twR = *pCoeff++;
 375              		.loc 1 152 0
 376 009a BB6C     		ldr	r3, [r7, #72]
 377 009c 1A1D     		add	r2, r3, #4
 378 009e BA64     		str	r2, [r7, #72]
 379 00a0 1B68     		ldr	r3, [r3]
 380 00a2 FB62     		str	r3, [r7, #44]
 153:Source\TransformFunctions/arm_rfft_fast_f32.c ****       twI = *pCoeff++;
 381              		.loc 1 153 0
 382 00a4 BB6C     		ldr	r3, [r7, #72]
 383 00a6 1A1D     		add	r2, r3, #4
 384 00a8 BA64     		str	r2, [r7, #72]
 385 00aa 1B68     		ldr	r3, [r3]
 386 00ac BB62     		str	r3, [r7, #40]
 154:Source\TransformFunctions/arm_rfft_fast_f32.c **** 
 155:Source\TransformFunctions/arm_rfft_fast_f32.c ****       t1a = xAR - xBR ;
 387              		.loc 1 155 0
 388 00ae F86B     		ldr	r0, [r7, #60]
 389 00b0 396B     		ldr	r1, [r7, #48]
 390 00b2 FFF7FEFF 		bl	__aeabi_fsub
 391 00b6 031C     		add	r3, r0, #0
 392 00b8 7B62     		str	r3, [r7, #36]
 156:Source\TransformFunctions/arm_rfft_fast_f32.c ****       t1b = xAI + xBI ;
 393              		.loc 1 156 0
 394 00ba B86B     		ldr	r0, [r7, #56]
 395 00bc 796B     		ldr	r1, [r7, #52]
 396 00be FFF7FEFF 		bl	__aeabi_fadd
 397 00c2 031C     		add	r3, r0, #0
 398 00c4 3B62     		str	r3, [r7, #32]
 157:Source\TransformFunctions/arm_rfft_fast_f32.c **** 
 158:Source\TransformFunctions/arm_rfft_fast_f32.c ****       r = twR * t1a;
 399              		.loc 1 158 0
 400 00c6 F86A     		ldr	r0, [r7, #44]
 401 00c8 796A     		ldr	r1, [r7, #36]
 402 00ca FFF7FEFF 		bl	__aeabi_fmul
 403 00ce 031C     		add	r3, r0, #0
 404 00d0 FB61     		str	r3, [r7, #28]
 159:Source\TransformFunctions/arm_rfft_fast_f32.c ****       s = twI * t1b;
 405              		.loc 1 159 0
 406 00d2 B86A     		ldr	r0, [r7, #40]
 407 00d4 396A     		ldr	r1, [r7, #32]
 408 00d6 FFF7FEFF 		bl	__aeabi_fmul
 409 00da 031C     		add	r3, r0, #0
 410 00dc BB61     		str	r3, [r7, #24]
 160:Source\TransformFunctions/arm_rfft_fast_f32.c ****       t = twI * t1a;
ARM GAS  C:\Users\fneves\AppData\Local\Temp\ccm8bQ87.s 			page 11


 411              		.loc 1 160 0
 412 00de B86A     		ldr	r0, [r7, #40]
 413 00e0 796A     		ldr	r1, [r7, #36]
 414 00e2 FFF7FEFF 		bl	__aeabi_fmul
 415 00e6 031C     		add	r3, r0, #0
 416 00e8 7B61     		str	r3, [r7, #20]
 161:Source\TransformFunctions/arm_rfft_fast_f32.c ****       u = twR * t1b;
 417              		.loc 1 161 0
 418 00ea F86A     		ldr	r0, [r7, #44]
 419 00ec 396A     		ldr	r1, [r7, #32]
 420 00ee FFF7FEFF 		bl	__aeabi_fmul
 421 00f2 031C     		add	r3, r0, #0
 422 00f4 3B61     		str	r3, [r7, #16]
 162:Source\TransformFunctions/arm_rfft_fast_f32.c **** 
 163:Source\TransformFunctions/arm_rfft_fast_f32.c ****       // real(tw * (xA - xB)) = twR * (xAR - xBR) - twI * (xAI - xBI);
 164:Source\TransformFunctions/arm_rfft_fast_f32.c ****       // imag(tw * (xA - xB)) = twI * (xAR - xBR) + twR * (xAI - xBI);
 165:Source\TransformFunctions/arm_rfft_fast_f32.c ****       *pOut++ = 0.5f * (xAR + xBR - r - s ); //xAR
 423              		.loc 1 165 0
 424 00f6 7C68     		ldr	r4, [r7, #4]
 425 00f8 231D     		add	r3, r4, #4
 426 00fa 7B60     		str	r3, [r7, #4]
 427 00fc F86B     		ldr	r0, [r7, #60]
 428 00fe 396B     		ldr	r1, [r7, #48]
 429 0100 FFF7FEFF 		bl	__aeabi_fadd
 430 0104 031C     		add	r3, r0, #0
 431 0106 181C     		add	r0, r3, #0
 432 0108 F969     		ldr	r1, [r7, #28]
 433 010a FFF7FEFF 		bl	__aeabi_fsub
 434 010e 031C     		add	r3, r0, #0
 435 0110 181C     		add	r0, r3, #0
 436 0112 B969     		ldr	r1, [r7, #24]
 437 0114 FFF7FEFF 		bl	__aeabi_fsub
 438 0118 031C     		add	r3, r0, #0
 439 011a 181C     		add	r0, r3, #0
 440 011c FC21     		mov	r1, #252
 441 011e 8905     		lsl	r1, r1, #22
 442 0120 FFF7FEFF 		bl	__aeabi_fmul
 443 0124 031C     		add	r3, r0, #0
 444 0126 2360     		str	r3, [r4]
 166:Source\TransformFunctions/arm_rfft_fast_f32.c ****       *pOut++ = 0.5f * (xAI - xBI + t - u ); //xAI
 445              		.loc 1 166 0
 446 0128 7C68     		ldr	r4, [r7, #4]
 447 012a 231D     		add	r3, r4, #4
 448 012c 7B60     		str	r3, [r7, #4]
 449 012e B86B     		ldr	r0, [r7, #56]
 450 0130 796B     		ldr	r1, [r7, #52]
 451 0132 FFF7FEFF 		bl	__aeabi_fsub
 452 0136 031C     		add	r3, r0, #0
 453 0138 181C     		add	r0, r3, #0
 454 013a 7969     		ldr	r1, [r7, #20]
 455 013c FFF7FEFF 		bl	__aeabi_fadd
 456 0140 031C     		add	r3, r0, #0
 457 0142 181C     		add	r0, r3, #0
 458 0144 3969     		ldr	r1, [r7, #16]
 459 0146 FFF7FEFF 		bl	__aeabi_fsub
 460 014a 031C     		add	r3, r0, #0
 461 014c 181C     		add	r0, r3, #0
ARM GAS  C:\Users\fneves\AppData\Local\Temp\ccm8bQ87.s 			page 12


 462 014e FC21     		mov	r1, #252
 463 0150 8905     		lsl	r1, r1, #22
 464 0152 FFF7FEFF 		bl	__aeabi_fmul
 465 0156 031C     		add	r3, r0, #0
 466 0158 2360     		str	r3, [r4]
 167:Source\TransformFunctions/arm_rfft_fast_f32.c **** 
 168:Source\TransformFunctions/arm_rfft_fast_f32.c ****       pA += 2;
 467              		.loc 1 168 0
 468 015a 7B6C     		ldr	r3, [r7, #68]
 469 015c 0833     		add	r3, r3, #8
 470 015e 7B64     		str	r3, [r7, #68]
 169:Source\TransformFunctions/arm_rfft_fast_f32.c ****       pB -= 2;
 471              		.loc 1 169 0
 472 0160 3B6C     		ldr	r3, [r7, #64]
 473 0162 083B     		sub	r3, r3, #8
 474 0164 3B64     		str	r3, [r7, #64]
 170:Source\TransformFunctions/arm_rfft_fast_f32.c ****       k--;
 475              		.loc 1 170 0
 476 0166 FB6C     		ldr	r3, [r7, #76]
 477 0168 013B     		sub	r3, r3, #1
 478 016a FB64     		str	r3, [r7, #76]
 479              	.L4:
 142:Source\TransformFunctions/arm_rfft_fast_f32.c ****    {
 480              		.loc 1 142 0
 481 016c FB6C     		ldr	r3, [r7, #76]
 482 016e 002B     		cmp	r3, #0
 483 0170 87D1     		bne	.L5
 171:Source\TransformFunctions/arm_rfft_fast_f32.c ****    }
 172:Source\TransformFunctions/arm_rfft_fast_f32.c **** 
 173:Source\TransformFunctions/arm_rfft_fast_f32.c **** }
 484              		.loc 1 173 0
 485 0172 BD46     		mov	sp, r7
 486 0174 15B0     		add	sp, sp, #84
 487              		@ sp needed
 488 0176 90BD     		pop	{r4, r7, pc}
 489              		.cfi_endproc
 490              	.LFE83:
 491              		.size	merge_rfft_f32, .-merge_rfft_f32
 492              		.section	.text.arm_rfft_fast_f32,"ax",%progbits
 493              		.align	2
 494              		.global	arm_rfft_fast_f32
 495              		.code	16
 496              		.thumb_func
 497              		.type	arm_rfft_fast_f32, %function
 498              	arm_rfft_fast_f32:
 499              	.LFB84:
 174:Source\TransformFunctions/arm_rfft_fast_f32.c **** 
 175:Source\TransformFunctions/arm_rfft_fast_f32.c **** /**
 176:Source\TransformFunctions/arm_rfft_fast_f32.c **** * @ingroup groupTransforms
 177:Source\TransformFunctions/arm_rfft_fast_f32.c **** */
 178:Source\TransformFunctions/arm_rfft_fast_f32.c **** 
 179:Source\TransformFunctions/arm_rfft_fast_f32.c **** /**
 180:Source\TransformFunctions/arm_rfft_fast_f32.c ****  * @defgroup RealFFT Real FFT Functions
 181:Source\TransformFunctions/arm_rfft_fast_f32.c ****  *
 182:Source\TransformFunctions/arm_rfft_fast_f32.c ****  * \par
 183:Source\TransformFunctions/arm_rfft_fast_f32.c ****  * The CMSIS DSP library includes specialized algorithms for computing the
 184:Source\TransformFunctions/arm_rfft_fast_f32.c ****  * FFT of real data sequences.  The FFT is defined over complex data but
ARM GAS  C:\Users\fneves\AppData\Local\Temp\ccm8bQ87.s 			page 13


 185:Source\TransformFunctions/arm_rfft_fast_f32.c ****  * in many applications the input is real.  Real FFT algorithms take advantage
 186:Source\TransformFunctions/arm_rfft_fast_f32.c ****  * of the symmetry properties of the FFT and have a speed advantage over complex
 187:Source\TransformFunctions/arm_rfft_fast_f32.c ****  * algorithms of the same length.
 188:Source\TransformFunctions/arm_rfft_fast_f32.c ****  * \par
 189:Source\TransformFunctions/arm_rfft_fast_f32.c ****  * The Fast RFFT algorith relays on the mixed radix CFFT that save processor usage.
 190:Source\TransformFunctions/arm_rfft_fast_f32.c ****  * \par
 191:Source\TransformFunctions/arm_rfft_fast_f32.c ****  * The real length N forward FFT of a sequence is computed using the steps shown below.
 192:Source\TransformFunctions/arm_rfft_fast_f32.c ****  * \par
 193:Source\TransformFunctions/arm_rfft_fast_f32.c ****  * \image html RFFT.gif "Real Fast Fourier Transform"
 194:Source\TransformFunctions/arm_rfft_fast_f32.c ****  * \par
 195:Source\TransformFunctions/arm_rfft_fast_f32.c ****  * The real sequence is initially treated as if it were complex to perform a CFFT.
 196:Source\TransformFunctions/arm_rfft_fast_f32.c ****  * Later, a processing stage reshapes the data to obtain half of the frequency spectrum
 197:Source\TransformFunctions/arm_rfft_fast_f32.c ****  * in complex format. Except the first complex number that contains the two real numbers
 198:Source\TransformFunctions/arm_rfft_fast_f32.c ****  * X[0] and X[N/2] all the data is complex. In other words, the first complex sample
 199:Source\TransformFunctions/arm_rfft_fast_f32.c ****  * contains two real values packed.
 200:Source\TransformFunctions/arm_rfft_fast_f32.c ****  * \par
 201:Source\TransformFunctions/arm_rfft_fast_f32.c ****  * The input for the inverse RFFT should keep the same format as the output of the
 202:Source\TransformFunctions/arm_rfft_fast_f32.c ****  * forward RFFT. A first processing stage pre-process the data to later perform an
 203:Source\TransformFunctions/arm_rfft_fast_f32.c ****  * inverse CFFT.
 204:Source\TransformFunctions/arm_rfft_fast_f32.c ****  * \par
 205:Source\TransformFunctions/arm_rfft_fast_f32.c ****  * \image html RIFFT.gif "Real Inverse Fast Fourier Transform"
 206:Source\TransformFunctions/arm_rfft_fast_f32.c ****  * \par
 207:Source\TransformFunctions/arm_rfft_fast_f32.c ****  * The algorithms for floating-point, Q15, and Q31 data are slightly different
 208:Source\TransformFunctions/arm_rfft_fast_f32.c ****  * and we describe each algorithm in turn.
 209:Source\TransformFunctions/arm_rfft_fast_f32.c ****  * \par Floating-point
 210:Source\TransformFunctions/arm_rfft_fast_f32.c ****  * The main functions are arm_rfft_fast_f32() and arm_rfft_fast_init_f32().
 211:Source\TransformFunctions/arm_rfft_fast_f32.c ****  * The older functions arm_rfft_f32() and arm_rfft_init_f32() have been
 212:Source\TransformFunctions/arm_rfft_fast_f32.c ****  * deprecated but are still documented.
 213:Source\TransformFunctions/arm_rfft_fast_f32.c ****  * \par
 214:Source\TransformFunctions/arm_rfft_fast_f32.c ****  * The FFT of a real N-point sequence has even symmetry in the frequency
 215:Source\TransformFunctions/arm_rfft_fast_f32.c ****  * domain. The second half of the data equals the conjugate of the first
 216:Source\TransformFunctions/arm_rfft_fast_f32.c ****  * half flipped in frequency. Looking at the data, we see that we can
 217:Source\TransformFunctions/arm_rfft_fast_f32.c ****  * uniquely represent the FFT using only N/2 complex numbers. These are
 218:Source\TransformFunctions/arm_rfft_fast_f32.c ****  * packed into the output array in alternating real and imaginary
 219:Source\TransformFunctions/arm_rfft_fast_f32.c ****  * components:
 220:Source\TransformFunctions/arm_rfft_fast_f32.c ****  * \par
 221:Source\TransformFunctions/arm_rfft_fast_f32.c ****  * X = { real[0], imag[0], real[1], imag[1], real[2], imag[2] ...
 222:Source\TransformFunctions/arm_rfft_fast_f32.c ****  * real[(N/2)-1], imag[(N/2)-1 }
 223:Source\TransformFunctions/arm_rfft_fast_f32.c ****  * \par
 224:Source\TransformFunctions/arm_rfft_fast_f32.c ****  * It happens that the first complex number (real[0], imag[0]) is actually
 225:Source\TransformFunctions/arm_rfft_fast_f32.c ****  * all real. real[0] represents the DC offset, and imag[0] should be 0.
 226:Source\TransformFunctions/arm_rfft_fast_f32.c ****  * (real[1], imag[1]) is the fundamental frequency, (real[2], imag[2]) is
 227:Source\TransformFunctions/arm_rfft_fast_f32.c ****  * the first harmonic and so on.
 228:Source\TransformFunctions/arm_rfft_fast_f32.c ****  * \par
 229:Source\TransformFunctions/arm_rfft_fast_f32.c ****  * The real FFT functions pack the frequency domain data in this fashion.
 230:Source\TransformFunctions/arm_rfft_fast_f32.c ****  * The forward transform outputs the data in this form and the inverse
 231:Source\TransformFunctions/arm_rfft_fast_f32.c ****  * transform expects input data in this form. The function always performs
 232:Source\TransformFunctions/arm_rfft_fast_f32.c ****  * the needed bitreversal so that the input and output data is always in
 233:Source\TransformFunctions/arm_rfft_fast_f32.c ****  * normal order. The functions support lengths of [32, 64, 128, ..., 4096]
 234:Source\TransformFunctions/arm_rfft_fast_f32.c ****  * samples.
 235:Source\TransformFunctions/arm_rfft_fast_f32.c ****  * \par Q15 and Q31
 236:Source\TransformFunctions/arm_rfft_fast_f32.c ****  * The real algorithms are defined in a similar manner and utilize N/2 complex
 237:Source\TransformFunctions/arm_rfft_fast_f32.c ****  * transforms behind the scenes.
 238:Source\TransformFunctions/arm_rfft_fast_f32.c ****  * \par
 239:Source\TransformFunctions/arm_rfft_fast_f32.c ****  * The complex transforms used internally include scaling to prevent fixed-point
 240:Source\TransformFunctions/arm_rfft_fast_f32.c ****  * overflows.  The overall scaling equals 1/(fftLen/2).
 241:Source\TransformFunctions/arm_rfft_fast_f32.c ****  * \par
ARM GAS  C:\Users\fneves\AppData\Local\Temp\ccm8bQ87.s 			page 14


 242:Source\TransformFunctions/arm_rfft_fast_f32.c ****  * A separate instance structure must be defined for each transform used but
 243:Source\TransformFunctions/arm_rfft_fast_f32.c ****  * twiddle factor and bit reversal tables can be reused.
 244:Source\TransformFunctions/arm_rfft_fast_f32.c ****  * \par
 245:Source\TransformFunctions/arm_rfft_fast_f32.c ****  * There is also an associated initialization function for each data type.
 246:Source\TransformFunctions/arm_rfft_fast_f32.c ****  * The initialization function performs the following operations:
 247:Source\TransformFunctions/arm_rfft_fast_f32.c ****  * - Sets the values of the internal structure fields.
 248:Source\TransformFunctions/arm_rfft_fast_f32.c ****  * - Initializes twiddle factor table and bit reversal table pointers.
 249:Source\TransformFunctions/arm_rfft_fast_f32.c ****  * - Initializes the internal complex FFT data structure.
 250:Source\TransformFunctions/arm_rfft_fast_f32.c ****  * \par
 251:Source\TransformFunctions/arm_rfft_fast_f32.c ****  * Use of the initialization function is optional.
 252:Source\TransformFunctions/arm_rfft_fast_f32.c ****  * However, if the initialization function is used, then the instance structure
 253:Source\TransformFunctions/arm_rfft_fast_f32.c ****  * cannot be placed into a const data section. To place an instance structure
 254:Source\TransformFunctions/arm_rfft_fast_f32.c ****  * into a const data section, the instance structure should be manually
 255:Source\TransformFunctions/arm_rfft_fast_f32.c ****  * initialized as follows:
 256:Source\TransformFunctions/arm_rfft_fast_f32.c ****  * <pre>
 257:Source\TransformFunctions/arm_rfft_fast_f32.c ****  *arm_rfft_instance_q31 S = {fftLenReal, fftLenBy2, ifftFlagR, bitReverseFlagR, twidCoefRModifier, 
 258:Source\TransformFunctions/arm_rfft_fast_f32.c ****  *arm_rfft_instance_q15 S = {fftLenReal, fftLenBy2, ifftFlagR, bitReverseFlagR, twidCoefRModifier, 
 259:Source\TransformFunctions/arm_rfft_fast_f32.c ****  * </pre>
 260:Source\TransformFunctions/arm_rfft_fast_f32.c ****  * where <code>fftLenReal</code> is the length of the real transform;
 261:Source\TransformFunctions/arm_rfft_fast_f32.c ****  * <code>fftLenBy2</code> length of  the internal complex transform.
 262:Source\TransformFunctions/arm_rfft_fast_f32.c ****  * <code>ifftFlagR</code> Selects forward (=0) or inverse (=1) transform.
 263:Source\TransformFunctions/arm_rfft_fast_f32.c ****  * <code>bitReverseFlagR</code> Selects bit reversed output (=0) or normal order
 264:Source\TransformFunctions/arm_rfft_fast_f32.c ****  * output (=1).
 265:Source\TransformFunctions/arm_rfft_fast_f32.c ****  * <code>twidCoefRModifier</code> stride modifier for the twiddle factor table.
 266:Source\TransformFunctions/arm_rfft_fast_f32.c ****  * The value is based on the FFT length;
 267:Source\TransformFunctions/arm_rfft_fast_f32.c ****  * <code>pTwiddleAReal</code>points to the A array of twiddle coefficients;
 268:Source\TransformFunctions/arm_rfft_fast_f32.c ****  * <code>pTwiddleBReal</code>points to the B array of twiddle coefficients;
 269:Source\TransformFunctions/arm_rfft_fast_f32.c ****  * <code>pCfft</code> points to the CFFT Instance structure. The CFFT structure
 270:Source\TransformFunctions/arm_rfft_fast_f32.c ****  * must also be initialized.  Refer to arm_cfft_radix4_f32() for details regarding
 271:Source\TransformFunctions/arm_rfft_fast_f32.c ****  * static initialization of the complex FFT instance structure.
 272:Source\TransformFunctions/arm_rfft_fast_f32.c ****  */
 273:Source\TransformFunctions/arm_rfft_fast_f32.c **** 
 274:Source\TransformFunctions/arm_rfft_fast_f32.c **** /**
 275:Source\TransformFunctions/arm_rfft_fast_f32.c **** * @addtogroup RealFFT
 276:Source\TransformFunctions/arm_rfft_fast_f32.c **** * @{
 277:Source\TransformFunctions/arm_rfft_fast_f32.c **** */
 278:Source\TransformFunctions/arm_rfft_fast_f32.c **** 
 279:Source\TransformFunctions/arm_rfft_fast_f32.c **** /**
 280:Source\TransformFunctions/arm_rfft_fast_f32.c **** * @brief Processing function for the floating-point real FFT.
 281:Source\TransformFunctions/arm_rfft_fast_f32.c **** * @param[in]  *S              points to an arm_rfft_fast_instance_f32 structure.
 282:Source\TransformFunctions/arm_rfft_fast_f32.c **** * @param[in]  *p              points to the input buffer.
 283:Source\TransformFunctions/arm_rfft_fast_f32.c **** * @param[in]  *pOut           points to the output buffer.
 284:Source\TransformFunctions/arm_rfft_fast_f32.c **** * @param[in]  ifftFlag        RFFT if flag is 0, RIFFT if flag is 1
 285:Source\TransformFunctions/arm_rfft_fast_f32.c **** * @return none.
 286:Source\TransformFunctions/arm_rfft_fast_f32.c **** */
 287:Source\TransformFunctions/arm_rfft_fast_f32.c **** 
 288:Source\TransformFunctions/arm_rfft_fast_f32.c **** void arm_rfft_fast_f32(
 289:Source\TransformFunctions/arm_rfft_fast_f32.c **** arm_rfft_fast_instance_f32 * S,
 290:Source\TransformFunctions/arm_rfft_fast_f32.c **** float32_t * p, float32_t * pOut,
 291:Source\TransformFunctions/arm_rfft_fast_f32.c **** uint8_t ifftFlag)
 292:Source\TransformFunctions/arm_rfft_fast_f32.c **** {
 500              		.loc 1 292 0
 501              		.cfi_startproc
 502 0000 80B5     		push	{r7, lr}
 503              		.cfi_def_cfa_offset 8
 504              		.cfi_offset 7, -8
 505              		.cfi_offset 14, -4
ARM GAS  C:\Users\fneves\AppData\Local\Temp\ccm8bQ87.s 			page 15


 506 0002 86B0     		sub	sp, sp, #24
 507              		.cfi_def_cfa_offset 32
 508 0004 00AF     		add	r7, sp, #0
 509              		.cfi_def_cfa_register 7
 510 0006 F860     		str	r0, [r7, #12]
 511 0008 B960     		str	r1, [r7, #8]
 512 000a 7A60     		str	r2, [r7, #4]
 513 000c 1A1C     		mov	r2, r3
 514 000e FB1C     		add	r3, r7, #3
 515 0010 1A70     		strb	r2, [r3]
 293:Source\TransformFunctions/arm_rfft_fast_f32.c ****    arm_cfft_instance_f32 * Sint = &(S->Sint);
 516              		.loc 1 293 0
 517 0012 FB68     		ldr	r3, [r7, #12]
 518 0014 7B61     		str	r3, [r7, #20]
 294:Source\TransformFunctions/arm_rfft_fast_f32.c ****    Sint->fftLen = S->fftLenRFFT / 2;
 519              		.loc 1 294 0
 520 0016 FB68     		ldr	r3, [r7, #12]
 521 0018 1B8A     		ldrh	r3, [r3, #16]
 522 001a 5B08     		lsr	r3, r3, #1
 523 001c 9AB2     		uxth	r2, r3
 524 001e 7B69     		ldr	r3, [r7, #20]
 525 0020 1A80     		strh	r2, [r3]
 295:Source\TransformFunctions/arm_rfft_fast_f32.c **** 
 296:Source\TransformFunctions/arm_rfft_fast_f32.c ****    /* Calculation of Real FFT */
 297:Source\TransformFunctions/arm_rfft_fast_f32.c ****    if (ifftFlag)
 526              		.loc 1 297 0
 527 0022 FB1C     		add	r3, r7, #3
 528 0024 1B78     		ldrb	r3, [r3]
 529 0026 002B     		cmp	r3, #0
 530 0028 12D0     		beq	.L7
 298:Source\TransformFunctions/arm_rfft_fast_f32.c ****    {
 299:Source\TransformFunctions/arm_rfft_fast_f32.c ****       /*  Real FFT compression */
 300:Source\TransformFunctions/arm_rfft_fast_f32.c ****       merge_rfft_f32(S, p, pOut);
 531              		.loc 1 300 0
 532 002a F968     		ldr	r1, [r7, #12]
 533 002c BA68     		ldr	r2, [r7, #8]
 534 002e 7B68     		ldr	r3, [r7, #4]
 535 0030 081C     		mov	r0, r1
 536 0032 111C     		mov	r1, r2
 537 0034 1A1C     		mov	r2, r3
 538 0036 FFF7FEFF 		bl	merge_rfft_f32
 301:Source\TransformFunctions/arm_rfft_fast_f32.c **** 
 302:Source\TransformFunctions/arm_rfft_fast_f32.c ****       /* Complex radix-4 IFFT process */
 303:Source\TransformFunctions/arm_rfft_fast_f32.c ****       arm_cfft_f32( Sint, pOut, ifftFlag, 1);
 539              		.loc 1 303 0
 540 003a 7969     		ldr	r1, [r7, #20]
 541 003c 7A68     		ldr	r2, [r7, #4]
 542 003e FB1C     		add	r3, r7, #3
 543 0040 1B78     		ldrb	r3, [r3]
 544 0042 081C     		mov	r0, r1
 545 0044 111C     		mov	r1, r2
 546 0046 1A1C     		mov	r2, r3
 547 0048 0123     		mov	r3, #1
 548 004a FFF7FEFF 		bl	arm_cfft_f32
 549 004e 11E0     		b	.L6
 550              	.L7:
 304:Source\TransformFunctions/arm_rfft_fast_f32.c ****    }
ARM GAS  C:\Users\fneves\AppData\Local\Temp\ccm8bQ87.s 			page 16


 305:Source\TransformFunctions/arm_rfft_fast_f32.c ****    else
 306:Source\TransformFunctions/arm_rfft_fast_f32.c ****    {
 307:Source\TransformFunctions/arm_rfft_fast_f32.c ****       /* Calculation of RFFT of input */
 308:Source\TransformFunctions/arm_rfft_fast_f32.c ****       arm_cfft_f32( Sint, p, ifftFlag, 1);
 551              		.loc 1 308 0
 552 0050 7969     		ldr	r1, [r7, #20]
 553 0052 BA68     		ldr	r2, [r7, #8]
 554 0054 FB1C     		add	r3, r7, #3
 555 0056 1B78     		ldrb	r3, [r3]
 556 0058 081C     		mov	r0, r1
 557 005a 111C     		mov	r1, r2
 558 005c 1A1C     		mov	r2, r3
 559 005e 0123     		mov	r3, #1
 560 0060 FFF7FEFF 		bl	arm_cfft_f32
 309:Source\TransformFunctions/arm_rfft_fast_f32.c **** 
 310:Source\TransformFunctions/arm_rfft_fast_f32.c ****       /*  Real FFT extraction */
 311:Source\TransformFunctions/arm_rfft_fast_f32.c ****       stage_rfft_f32(S, p, pOut);
 561              		.loc 1 311 0
 562 0064 F968     		ldr	r1, [r7, #12]
 563 0066 BA68     		ldr	r2, [r7, #8]
 564 0068 7B68     		ldr	r3, [r7, #4]
 565 006a 081C     		mov	r0, r1
 566 006c 111C     		mov	r1, r2
 567 006e 1A1C     		mov	r2, r3
 568 0070 FFF7FEFF 		bl	stage_rfft_f32
 569              	.L6:
 312:Source\TransformFunctions/arm_rfft_fast_f32.c ****    }
 313:Source\TransformFunctions/arm_rfft_fast_f32.c **** }
 570              		.loc 1 313 0
 571 0074 BD46     		mov	sp, r7
 572 0076 06B0     		add	sp, sp, #24
 573              		@ sp needed
 574 0078 80BD     		pop	{r7, pc}
 575              		.cfi_endproc
 576              	.LFE84:
 577              		.size	arm_rfft_fast_f32, .-arm_rfft_fast_f32
 578 007a C046     		.text
 579              	.Letext0:
 580              		.file 2 "c:\\program files (x86)\\cypress\\psoc creator\\4.0\\psoc creator\\import\\gnu\\arm\\4.9.
 581              		.file 3 "c:\\program files (x86)\\cypress\\psoc creator\\4.0\\psoc creator\\import\\gnu\\arm\\4.9.
 582              		.file 4 ".\\Include/arm_math.h"
 583              		.section	.debug_info,"",%progbits
 584              	.Ldebug_info0:
 585 0000 18040000 		.4byte	0x418
 586 0004 0400     		.2byte	0x4
 587 0006 00000000 		.4byte	.Ldebug_abbrev0
 588 000a 04       		.byte	0x4
 589 000b 01       		.uleb128 0x1
 590 000c 6D010000 		.4byte	.LASF36
 591 0010 01       		.byte	0x1
 592 0011 0A020000 		.4byte	.LASF37
 593 0015 00000000 		.4byte	.LASF38
 594 0019 00000000 		.4byte	.Ldebug_ranges0+0
 595 001d 00000000 		.4byte	0
 596 0021 00000000 		.4byte	.Ldebug_line0
 597 0025 02       		.uleb128 0x2
 598 0026 01       		.byte	0x1
ARM GAS  C:\Users\fneves\AppData\Local\Temp\ccm8bQ87.s 			page 17


 599 0027 06       		.byte	0x6
 600 0028 A6020000 		.4byte	.LASF0
 601 002c 03       		.uleb128 0x3
 602 002d 53000000 		.4byte	.LASF3
 603 0031 02       		.byte	0x2
 604 0032 1D       		.byte	0x1d
 605 0033 37000000 		.4byte	0x37
 606 0037 02       		.uleb128 0x2
 607 0038 01       		.byte	0x1
 608 0039 08       		.byte	0x8
 609 003a AF000000 		.4byte	.LASF1
 610 003e 02       		.uleb128 0x2
 611 003f 02       		.byte	0x2
 612 0040 05       		.byte	0x5
 613 0041 6F020000 		.4byte	.LASF2
 614 0045 03       		.uleb128 0x3
 615 0046 0D010000 		.4byte	.LASF4
 616 004a 02       		.byte	0x2
 617 004b 2B       		.byte	0x2b
 618 004c 50000000 		.4byte	0x50
 619 0050 02       		.uleb128 0x2
 620 0051 02       		.byte	0x2
 621 0052 07       		.byte	0x7
 622 0053 E1000000 		.4byte	.LASF5
 623 0057 02       		.uleb128 0x2
 624 0058 04       		.byte	0x4
 625 0059 05       		.byte	0x5
 626 005a 8B020000 		.4byte	.LASF6
 627 005e 03       		.uleb128 0x3
 628 005f 1F010000 		.4byte	.LASF7
 629 0063 02       		.byte	0x2
 630 0064 41       		.byte	0x41
 631 0065 69000000 		.4byte	0x69
 632 0069 02       		.uleb128 0x2
 633 006a 04       		.byte	0x4
 634 006b 07       		.byte	0x7
 635 006c CF000000 		.4byte	.LASF8
 636 0070 02       		.uleb128 0x2
 637 0071 08       		.byte	0x8
 638 0072 05       		.byte	0x5
 639 0073 49020000 		.4byte	.LASF9
 640 0077 02       		.uleb128 0x2
 641 0078 08       		.byte	0x8
 642 0079 07       		.byte	0x7
 643 007a 56010000 		.4byte	.LASF10
 644 007e 04       		.uleb128 0x4
 645 007f 04       		.byte	0x4
 646 0080 05       		.byte	0x5
 647 0081 696E7400 		.ascii	"int\000"
 648 0085 02       		.uleb128 0x2
 649 0086 04       		.byte	0x4
 650 0087 07       		.byte	0x7
 651 0088 33010000 		.4byte	.LASF11
 652 008c 03       		.uleb128 0x3
 653 008d 41020000 		.4byte	.LASF12
 654 0091 03       		.byte	0x3
 655 0092 15       		.byte	0x15
ARM GAS  C:\Users\fneves\AppData\Local\Temp\ccm8bQ87.s 			page 18


 656 0093 2C000000 		.4byte	0x2c
 657 0097 03       		.uleb128 0x3
 658 0098 79020000 		.4byte	.LASF13
 659 009c 03       		.byte	0x3
 660 009d 21       		.byte	0x21
 661 009e 45000000 		.4byte	0x45
 662 00a2 03       		.uleb128 0x3
 663 00a3 82020000 		.4byte	.LASF14
 664 00a7 03       		.byte	0x3
 665 00a8 2D       		.byte	0x2d
 666 00a9 5E000000 		.4byte	0x5e
 667 00ad 02       		.uleb128 0x2
 668 00ae 04       		.byte	0x4
 669 00af 07       		.byte	0x7
 670 00b0 38020000 		.4byte	.LASF15
 671 00b4 02       		.uleb128 0x2
 672 00b5 01       		.byte	0x1
 673 00b6 08       		.byte	0x8
 674 00b7 60020000 		.4byte	.LASF16
 675 00bb 02       		.uleb128 0x2
 676 00bc 08       		.byte	0x8
 677 00bd 04       		.byte	0x4
 678 00be 18010000 		.4byte	.LASF17
 679 00c2 02       		.uleb128 0x2
 680 00c3 04       		.byte	0x4
 681 00c4 04       		.byte	0x4
 682 00c5 A0020000 		.4byte	.LASF18
 683 00c9 02       		.uleb128 0x2
 684 00ca 08       		.byte	0x8
 685 00cb 04       		.byte	0x4
 686 00cc 94020000 		.4byte	.LASF19
 687 00d0 05       		.uleb128 0x5
 688 00d1 65020000 		.4byte	.LASF20
 689 00d5 04       		.byte	0x4
 690 00d6 A501     		.2byte	0x1a5
 691 00d8 C2000000 		.4byte	0xc2
 692 00dc 06       		.uleb128 0x6
 693 00dd 04       		.byte	0x4
 694 00de D0000000 		.4byte	0xd0
 695 00e2 06       		.uleb128 0x6
 696 00e3 04       		.byte	0x4
 697 00e4 E8000000 		.4byte	0xe8
 698 00e8 07       		.uleb128 0x7
 699 00e9 97000000 		.4byte	0x97
 700 00ed 08       		.uleb128 0x8
 701 00ee 10       		.byte	0x10
 702 00ef 04       		.byte	0x4
 703 00f0 9E08     		.2byte	0x89e
 704 00f2 2B010000 		.4byte	0x12b
 705 00f6 09       		.uleb128 0x9
 706 00f7 F4000000 		.4byte	.LASF21
 707 00fb 04       		.byte	0x4
 708 00fc A008     		.2byte	0x8a0
 709 00fe 97000000 		.4byte	0x97
 710 0102 00       		.byte	0
 711 0103 09       		.uleb128 0x9
 712 0104 57020000 		.4byte	.LASF22
ARM GAS  C:\Users\fneves\AppData\Local\Temp\ccm8bQ87.s 			page 19


 713 0108 04       		.byte	0x4
 714 0109 A108     		.2byte	0x8a1
 715 010b 2B010000 		.4byte	0x12b
 716 010f 04       		.byte	0x4
 717 0110 09       		.uleb128 0x9
 718 0111 82000000 		.4byte	.LASF23
 719 0115 04       		.byte	0x4
 720 0116 A208     		.2byte	0x8a2
 721 0118 E2000000 		.4byte	0xe2
 722 011c 08       		.byte	0x8
 723 011d 09       		.uleb128 0x9
 724 011e FB000000 		.4byte	.LASF24
 725 0122 04       		.byte	0x4
 726 0123 A308     		.2byte	0x8a3
 727 0125 97000000 		.4byte	0x97
 728 0129 0C       		.byte	0xc
 729 012a 00       		.byte	0
 730 012b 06       		.uleb128 0x6
 731 012c 04       		.byte	0x4
 732 012d 31010000 		.4byte	0x131
 733 0131 07       		.uleb128 0x7
 734 0132 D0000000 		.4byte	0xd0
 735 0136 05       		.uleb128 0x5
 736 0137 40010000 		.4byte	.LASF25
 737 013b 04       		.byte	0x4
 738 013c A408     		.2byte	0x8a4
 739 013e ED000000 		.4byte	0xed
 740 0142 08       		.uleb128 0x8
 741 0143 18       		.byte	0x18
 742 0144 04       		.byte	0x4
 743 0145 FC08     		.2byte	0x8fc
 744 0147 73010000 		.4byte	0x173
 745 014b 09       		.uleb128 0x9
 746 014c 08010000 		.4byte	.LASF26
 747 0150 04       		.byte	0x4
 748 0151 FE08     		.2byte	0x8fe
 749 0153 36010000 		.4byte	0x136
 750 0157 00       		.byte	0
 751 0158 09       		.uleb128 0x9
 752 0159 FF010000 		.4byte	.LASF27
 753 015d 04       		.byte	0x4
 754 015e FF08     		.2byte	0x8ff
 755 0160 97000000 		.4byte	0x97
 756 0164 10       		.byte	0x10
 757 0165 09       		.uleb128 0x9
 758 0166 46000000 		.4byte	.LASF28
 759 016a 04       		.byte	0x4
 760 016b 0009     		.2byte	0x900
 761 016d DC000000 		.4byte	0xdc
 762 0171 14       		.byte	0x14
 763 0172 00       		.byte	0
 764 0173 05       		.uleb128 0x5
 765 0174 94000000 		.4byte	.LASF29
 766 0178 04       		.byte	0x4
 767 0179 0109     		.2byte	0x901
 768 017b 42010000 		.4byte	0x142
 769 017f 0A       		.uleb128 0xa
ARM GAS  C:\Users\fneves\AppData\Local\Temp\ccm8bQ87.s 			page 20


 770 0180 64000000 		.4byte	.LASF32
 771 0184 01       		.byte	0x1
 772 0185 1F       		.byte	0x1f
 773 0186 00000000 		.4byte	.LFB82
 774 018a A8010000 		.4byte	.LFE82-.LFB82
 775 018e 01       		.uleb128 0x1
 776 018f 9C       		.byte	0x9c
 777 0190 9A020000 		.4byte	0x29a
 778 0194 0B       		.uleb128 0xb
 779 0195 5300     		.ascii	"S\000"
 780 0197 01       		.byte	0x1
 781 0198 20       		.byte	0x20
 782 0199 9A020000 		.4byte	0x29a
 783 019d 03       		.uleb128 0x3
 784 019e 91       		.byte	0x91
 785 019f AC7F     		.sleb128 -84
 786 01a1 0B       		.uleb128 0xb
 787 01a2 7000     		.ascii	"p\000"
 788 01a4 01       		.byte	0x1
 789 01a5 21       		.byte	0x21
 790 01a6 DC000000 		.4byte	0xdc
 791 01aa 03       		.uleb128 0x3
 792 01ab 91       		.byte	0x91
 793 01ac A87F     		.sleb128 -88
 794 01ae 0C       		.uleb128 0xc
 795 01af 8F000000 		.4byte	.LASF30
 796 01b3 01       		.byte	0x1
 797 01b4 21       		.byte	0x21
 798 01b5 DC000000 		.4byte	0xdc
 799 01b9 03       		.uleb128 0x3
 800 01ba 91       		.byte	0x91
 801 01bb A47F     		.sleb128 -92
 802 01bd 0D       		.uleb128 0xd
 803 01be 6B00     		.ascii	"k\000"
 804 01c0 01       		.byte	0x1
 805 01c1 23       		.byte	0x23
 806 01c2 A2000000 		.4byte	0xa2
 807 01c6 02       		.uleb128 0x2
 808 01c7 91       		.byte	0x91
 809 01c8 6C       		.sleb128 -20
 810 01c9 0D       		.uleb128 0xd
 811 01ca 74775200 		.ascii	"twR\000"
 812 01ce 01       		.byte	0x1
 813 01cf 24       		.byte	0x24
 814 01d0 D0000000 		.4byte	0xd0
 815 01d4 02       		.uleb128 0x2
 816 01d5 91       		.byte	0x91
 817 01d6 4C       		.sleb128 -52
 818 01d7 0D       		.uleb128 0xd
 819 01d8 74774900 		.ascii	"twI\000"
 820 01dc 01       		.byte	0x1
 821 01dd 24       		.byte	0x24
 822 01de D0000000 		.4byte	0xd0
 823 01e2 02       		.uleb128 0x2
 824 01e3 91       		.byte	0x91
 825 01e4 48       		.sleb128 -56
 826 01e5 0E       		.uleb128 0xe
ARM GAS  C:\Users\fneves\AppData\Local\Temp\ccm8bQ87.s 			page 21


 827 01e6 5D000000 		.4byte	.LASF31
 828 01ea 01       		.byte	0x1
 829 01eb 25       		.byte	0x25
 830 01ec DC000000 		.4byte	0xdc
 831 01f0 02       		.uleb128 0x2
 832 01f1 91       		.byte	0x91
 833 01f2 68       		.sleb128 -24
 834 01f3 0D       		.uleb128 0xd
 835 01f4 704100   		.ascii	"pA\000"
 836 01f7 01       		.byte	0x1
 837 01f8 26       		.byte	0x26
 838 01f9 DC000000 		.4byte	0xdc
 839 01fd 02       		.uleb128 0x2
 840 01fe 91       		.byte	0x91
 841 01ff 64       		.sleb128 -28
 842 0200 0D       		.uleb128 0xd
 843 0201 704200   		.ascii	"pB\000"
 844 0204 01       		.byte	0x1
 845 0205 27       		.byte	0x27
 846 0206 DC000000 		.4byte	0xdc
 847 020a 02       		.uleb128 0x2
 848 020b 91       		.byte	0x91
 849 020c 60       		.sleb128 -32
 850 020d 0D       		.uleb128 0xd
 851 020e 78415200 		.ascii	"xAR\000"
 852 0212 01       		.byte	0x1
 853 0213 28       		.byte	0x28
 854 0214 D0000000 		.4byte	0xd0
 855 0218 02       		.uleb128 0x2
 856 0219 91       		.byte	0x91
 857 021a 54       		.sleb128 -44
 858 021b 0D       		.uleb128 0xd
 859 021c 78414900 		.ascii	"xAI\000"
 860 0220 01       		.byte	0x1
 861 0221 28       		.byte	0x28
 862 0222 D0000000 		.4byte	0xd0
 863 0226 02       		.uleb128 0x2
 864 0227 91       		.byte	0x91
 865 0228 50       		.sleb128 -48
 866 0229 0D       		.uleb128 0xd
 867 022a 78425200 		.ascii	"xBR\000"
 868 022e 01       		.byte	0x1
 869 022f 28       		.byte	0x28
 870 0230 D0000000 		.4byte	0xd0
 871 0234 02       		.uleb128 0x2
 872 0235 91       		.byte	0x91
 873 0236 5C       		.sleb128 -36
 874 0237 0D       		.uleb128 0xd
 875 0238 78424900 		.ascii	"xBI\000"
 876 023c 01       		.byte	0x1
 877 023d 28       		.byte	0x28
 878 023e D0000000 		.4byte	0xd0
 879 0242 02       		.uleb128 0x2
 880 0243 91       		.byte	0x91
 881 0244 58       		.sleb128 -40
 882 0245 0D       		.uleb128 0xd
 883 0246 74316100 		.ascii	"t1a\000"
ARM GAS  C:\Users\fneves\AppData\Local\Temp\ccm8bQ87.s 			page 22


 884 024a 01       		.byte	0x1
 885 024b 29       		.byte	0x29
 886 024c D0000000 		.4byte	0xd0
 887 0250 02       		.uleb128 0x2
 888 0251 91       		.byte	0x91
 889 0252 44       		.sleb128 -60
 890 0253 0D       		.uleb128 0xd
 891 0254 74316200 		.ascii	"t1b\000"
 892 0258 01       		.byte	0x1
 893 0259 29       		.byte	0x29
 894 025a D0000000 		.4byte	0xd0
 895 025e 02       		.uleb128 0x2
 896 025f 91       		.byte	0x91
 897 0260 40       		.sleb128 -64
 898 0261 0D       		.uleb128 0xd
 899 0262 703000   		.ascii	"p0\000"
 900 0265 01       		.byte	0x1
 901 0266 2A       		.byte	0x2a
 902 0267 D0000000 		.4byte	0xd0
 903 026b 03       		.uleb128 0x3
 904 026c 91       		.byte	0x91
 905 026d BC7F     		.sleb128 -68
 906 026f 0D       		.uleb128 0xd
 907 0270 703100   		.ascii	"p1\000"
 908 0273 01       		.byte	0x1
 909 0274 2A       		.byte	0x2a
 910 0275 D0000000 		.4byte	0xd0
 911 0279 03       		.uleb128 0x3
 912 027a 91       		.byte	0x91
 913 027b B87F     		.sleb128 -72
 914 027d 0D       		.uleb128 0xd
 915 027e 703200   		.ascii	"p2\000"
 916 0281 01       		.byte	0x1
 917 0282 2A       		.byte	0x2a
 918 0283 D0000000 		.4byte	0xd0
 919 0287 03       		.uleb128 0x3
 920 0288 91       		.byte	0x91
 921 0289 B47F     		.sleb128 -76
 922 028b 0D       		.uleb128 0xd
 923 028c 703300   		.ascii	"p3\000"
 924 028f 01       		.byte	0x1
 925 0290 2A       		.byte	0x2a
 926 0291 D0000000 		.4byte	0xd0
 927 0295 03       		.uleb128 0x3
 928 0296 91       		.byte	0x91
 929 0297 B07F     		.sleb128 -80
 930 0299 00       		.byte	0
 931 029a 06       		.uleb128 0x6
 932 029b 04       		.byte	0x4
 933 029c 73010000 		.4byte	0x173
 934 02a0 0A       		.uleb128 0xa
 935 02a1 73000000 		.4byte	.LASF33
 936 02a5 01       		.byte	0x1
 937 02a6 75       		.byte	0x75
 938 02a7 00000000 		.4byte	.LFB83
 939 02ab 78010000 		.4byte	.LFE83-.LFB83
 940 02af 01       		.uleb128 0x1
ARM GAS  C:\Users\fneves\AppData\Local\Temp\ccm8bQ87.s 			page 23


 941 02b0 9C       		.byte	0x9c
 942 02b1 B7030000 		.4byte	0x3b7
 943 02b5 0B       		.uleb128 0xb
 944 02b6 5300     		.ascii	"S\000"
 945 02b8 01       		.byte	0x1
 946 02b9 76       		.byte	0x76
 947 02ba 9A020000 		.4byte	0x29a
 948 02be 03       		.uleb128 0x3
 949 02bf 91       		.byte	0x91
 950 02c0 AC7F     		.sleb128 -84
 951 02c2 0B       		.uleb128 0xb
 952 02c3 7000     		.ascii	"p\000"
 953 02c5 01       		.byte	0x1
 954 02c6 77       		.byte	0x77
 955 02c7 DC000000 		.4byte	0xdc
 956 02cb 03       		.uleb128 0x3
 957 02cc 91       		.byte	0x91
 958 02cd A87F     		.sleb128 -88
 959 02cf 0C       		.uleb128 0xc
 960 02d0 8F000000 		.4byte	.LASF30
 961 02d4 01       		.byte	0x1
 962 02d5 77       		.byte	0x77
 963 02d6 DC000000 		.4byte	0xdc
 964 02da 03       		.uleb128 0x3
 965 02db 91       		.byte	0x91
 966 02dc A47F     		.sleb128 -92
 967 02de 0D       		.uleb128 0xd
 968 02df 6B00     		.ascii	"k\000"
 969 02e1 01       		.byte	0x1
 970 02e2 79       		.byte	0x79
 971 02e3 A2000000 		.4byte	0xa2
 972 02e7 02       		.uleb128 0x2
 973 02e8 91       		.byte	0x91
 974 02e9 6C       		.sleb128 -20
 975 02ea 0D       		.uleb128 0xd
 976 02eb 74775200 		.ascii	"twR\000"
 977 02ef 01       		.byte	0x1
 978 02f0 7A       		.byte	0x7a
 979 02f1 D0000000 		.4byte	0xd0
 980 02f5 02       		.uleb128 0x2
 981 02f6 91       		.byte	0x91
 982 02f7 4C       		.sleb128 -52
 983 02f8 0D       		.uleb128 0xd
 984 02f9 74774900 		.ascii	"twI\000"
 985 02fd 01       		.byte	0x1
 986 02fe 7A       		.byte	0x7a
 987 02ff D0000000 		.4byte	0xd0
 988 0303 02       		.uleb128 0x2
 989 0304 91       		.byte	0x91
 990 0305 48       		.sleb128 -56
 991 0306 0E       		.uleb128 0xe
 992 0307 5D000000 		.4byte	.LASF31
 993 030b 01       		.byte	0x1
 994 030c 7B       		.byte	0x7b
 995 030d DC000000 		.4byte	0xdc
 996 0311 02       		.uleb128 0x2
 997 0312 91       		.byte	0x91
ARM GAS  C:\Users\fneves\AppData\Local\Temp\ccm8bQ87.s 			page 24


 998 0313 68       		.sleb128 -24
 999 0314 0D       		.uleb128 0xd
 1000 0315 704100   		.ascii	"pA\000"
 1001 0318 01       		.byte	0x1
 1002 0319 7C       		.byte	0x7c
 1003 031a DC000000 		.4byte	0xdc
 1004 031e 02       		.uleb128 0x2
 1005 031f 91       		.byte	0x91
 1006 0320 64       		.sleb128 -28
 1007 0321 0D       		.uleb128 0xd
 1008 0322 704200   		.ascii	"pB\000"
 1009 0325 01       		.byte	0x1
 1010 0326 7D       		.byte	0x7d
 1011 0327 DC000000 		.4byte	0xdc
 1012 032b 02       		.uleb128 0x2
 1013 032c 91       		.byte	0x91
 1014 032d 60       		.sleb128 -32
 1015 032e 0D       		.uleb128 0xd
 1016 032f 78415200 		.ascii	"xAR\000"
 1017 0333 01       		.byte	0x1
 1018 0334 7E       		.byte	0x7e
 1019 0335 D0000000 		.4byte	0xd0
 1020 0339 02       		.uleb128 0x2
 1021 033a 91       		.byte	0x91
 1022 033b 5C       		.sleb128 -36
 1023 033c 0D       		.uleb128 0xd
 1024 033d 78414900 		.ascii	"xAI\000"
 1025 0341 01       		.byte	0x1
 1026 0342 7E       		.byte	0x7e
 1027 0343 D0000000 		.4byte	0xd0
 1028 0347 02       		.uleb128 0x2
 1029 0348 91       		.byte	0x91
 1030 0349 58       		.sleb128 -40
 1031 034a 0D       		.uleb128 0xd
 1032 034b 78425200 		.ascii	"xBR\000"
 1033 034f 01       		.byte	0x1
 1034 0350 7E       		.byte	0x7e
 1035 0351 D0000000 		.4byte	0xd0
 1036 0355 02       		.uleb128 0x2
 1037 0356 91       		.byte	0x91
 1038 0357 50       		.sleb128 -48
 1039 0358 0D       		.uleb128 0xd
 1040 0359 78424900 		.ascii	"xBI\000"
 1041 035d 01       		.byte	0x1
 1042 035e 7E       		.byte	0x7e
 1043 035f D0000000 		.4byte	0xd0
 1044 0363 02       		.uleb128 0x2
 1045 0364 91       		.byte	0x91
 1046 0365 54       		.sleb128 -44
 1047 0366 0D       		.uleb128 0xd
 1048 0367 74316100 		.ascii	"t1a\000"
 1049 036b 01       		.byte	0x1
 1050 036c 7F       		.byte	0x7f
 1051 036d D0000000 		.4byte	0xd0
 1052 0371 02       		.uleb128 0x2
 1053 0372 91       		.byte	0x91
 1054 0373 44       		.sleb128 -60
ARM GAS  C:\Users\fneves\AppData\Local\Temp\ccm8bQ87.s 			page 25


 1055 0374 0D       		.uleb128 0xd
 1056 0375 74316200 		.ascii	"t1b\000"
 1057 0379 01       		.byte	0x1
 1058 037a 7F       		.byte	0x7f
 1059 037b D0000000 		.4byte	0xd0
 1060 037f 02       		.uleb128 0x2
 1061 0380 91       		.byte	0x91
 1062 0381 40       		.sleb128 -64
 1063 0382 0D       		.uleb128 0xd
 1064 0383 7200     		.ascii	"r\000"
 1065 0385 01       		.byte	0x1
 1066 0386 7F       		.byte	0x7f
 1067 0387 D0000000 		.4byte	0xd0
 1068 038b 03       		.uleb128 0x3
 1069 038c 91       		.byte	0x91
 1070 038d BC7F     		.sleb128 -68
 1071 038f 0D       		.uleb128 0xd
 1072 0390 7300     		.ascii	"s\000"
 1073 0392 01       		.byte	0x1
 1074 0393 7F       		.byte	0x7f
 1075 0394 D0000000 		.4byte	0xd0
 1076 0398 03       		.uleb128 0x3
 1077 0399 91       		.byte	0x91
 1078 039a B87F     		.sleb128 -72
 1079 039c 0D       		.uleb128 0xd
 1080 039d 7400     		.ascii	"t\000"
 1081 039f 01       		.byte	0x1
 1082 03a0 7F       		.byte	0x7f
 1083 03a1 D0000000 		.4byte	0xd0
 1084 03a5 03       		.uleb128 0x3
 1085 03a6 91       		.byte	0x91
 1086 03a7 B47F     		.sleb128 -76
 1087 03a9 0D       		.uleb128 0xd
 1088 03aa 7500     		.ascii	"u\000"
 1089 03ac 01       		.byte	0x1
 1090 03ad 7F       		.byte	0x7f
 1091 03ae D0000000 		.4byte	0xd0
 1092 03b2 03       		.uleb128 0x3
 1093 03b3 91       		.byte	0x91
 1094 03b4 B07F     		.sleb128 -80
 1095 03b6 00       		.byte	0
 1096 03b7 0F       		.uleb128 0xf
 1097 03b8 BD000000 		.4byte	.LASF34
 1098 03bc 01       		.byte	0x1
 1099 03bd 2001     		.2byte	0x120
 1100 03bf 00000000 		.4byte	.LFB84
 1101 03c3 7A000000 		.4byte	.LFE84-.LFB84
 1102 03c7 01       		.uleb128 0x1
 1103 03c8 9C       		.byte	0x9c
 1104 03c9 15040000 		.4byte	0x415
 1105 03cd 10       		.uleb128 0x10
 1106 03ce 5300     		.ascii	"S\000"
 1107 03d0 01       		.byte	0x1
 1108 03d1 2101     		.2byte	0x121
 1109 03d3 9A020000 		.4byte	0x29a
 1110 03d7 02       		.uleb128 0x2
 1111 03d8 91       		.byte	0x91
ARM GAS  C:\Users\fneves\AppData\Local\Temp\ccm8bQ87.s 			page 26


 1112 03d9 6C       		.sleb128 -20
 1113 03da 10       		.uleb128 0x10
 1114 03db 7000     		.ascii	"p\000"
 1115 03dd 01       		.byte	0x1
 1116 03de 2201     		.2byte	0x122
 1117 03e0 DC000000 		.4byte	0xdc
 1118 03e4 02       		.uleb128 0x2
 1119 03e5 91       		.byte	0x91
 1120 03e6 68       		.sleb128 -24
 1121 03e7 11       		.uleb128 0x11
 1122 03e8 8F000000 		.4byte	.LASF30
 1123 03ec 01       		.byte	0x1
 1124 03ed 2201     		.2byte	0x122
 1125 03ef DC000000 		.4byte	0xdc
 1126 03f3 02       		.uleb128 0x2
 1127 03f4 91       		.byte	0x91
 1128 03f5 64       		.sleb128 -28
 1129 03f6 11       		.uleb128 0x11
 1130 03f7 2A010000 		.4byte	.LASF35
 1131 03fb 01       		.byte	0x1
 1132 03fc 2301     		.2byte	0x123
 1133 03fe 8C000000 		.4byte	0x8c
 1134 0402 02       		.uleb128 0x2
 1135 0403 91       		.byte	0x91
 1136 0404 63       		.sleb128 -29
 1137 0405 12       		.uleb128 0x12
 1138 0406 08010000 		.4byte	.LASF26
 1139 040a 01       		.byte	0x1
 1140 040b 2501     		.2byte	0x125
 1141 040d 15040000 		.4byte	0x415
 1142 0411 02       		.uleb128 0x2
 1143 0412 91       		.byte	0x91
 1144 0413 74       		.sleb128 -12
 1145 0414 00       		.byte	0
 1146 0415 06       		.uleb128 0x6
 1147 0416 04       		.byte	0x4
 1148 0417 36010000 		.4byte	0x136
 1149 041b 00       		.byte	0
 1150              		.section	.debug_abbrev,"",%progbits
 1151              	.Ldebug_abbrev0:
 1152 0000 01       		.uleb128 0x1
 1153 0001 11       		.uleb128 0x11
 1154 0002 01       		.byte	0x1
 1155 0003 25       		.uleb128 0x25
 1156 0004 0E       		.uleb128 0xe
 1157 0005 13       		.uleb128 0x13
 1158 0006 0B       		.uleb128 0xb
 1159 0007 03       		.uleb128 0x3
 1160 0008 0E       		.uleb128 0xe
 1161 0009 1B       		.uleb128 0x1b
 1162 000a 0E       		.uleb128 0xe
 1163 000b 55       		.uleb128 0x55
 1164 000c 17       		.uleb128 0x17
 1165 000d 11       		.uleb128 0x11
 1166 000e 01       		.uleb128 0x1
 1167 000f 10       		.uleb128 0x10
 1168 0010 17       		.uleb128 0x17
ARM GAS  C:\Users\fneves\AppData\Local\Temp\ccm8bQ87.s 			page 27


 1169 0011 00       		.byte	0
 1170 0012 00       		.byte	0
 1171 0013 02       		.uleb128 0x2
 1172 0014 24       		.uleb128 0x24
 1173 0015 00       		.byte	0
 1174 0016 0B       		.uleb128 0xb
 1175 0017 0B       		.uleb128 0xb
 1176 0018 3E       		.uleb128 0x3e
 1177 0019 0B       		.uleb128 0xb
 1178 001a 03       		.uleb128 0x3
 1179 001b 0E       		.uleb128 0xe
 1180 001c 00       		.byte	0
 1181 001d 00       		.byte	0
 1182 001e 03       		.uleb128 0x3
 1183 001f 16       		.uleb128 0x16
 1184 0020 00       		.byte	0
 1185 0021 03       		.uleb128 0x3
 1186 0022 0E       		.uleb128 0xe
 1187 0023 3A       		.uleb128 0x3a
 1188 0024 0B       		.uleb128 0xb
 1189 0025 3B       		.uleb128 0x3b
 1190 0026 0B       		.uleb128 0xb
 1191 0027 49       		.uleb128 0x49
 1192 0028 13       		.uleb128 0x13
 1193 0029 00       		.byte	0
 1194 002a 00       		.byte	0
 1195 002b 04       		.uleb128 0x4
 1196 002c 24       		.uleb128 0x24
 1197 002d 00       		.byte	0
 1198 002e 0B       		.uleb128 0xb
 1199 002f 0B       		.uleb128 0xb
 1200 0030 3E       		.uleb128 0x3e
 1201 0031 0B       		.uleb128 0xb
 1202 0032 03       		.uleb128 0x3
 1203 0033 08       		.uleb128 0x8
 1204 0034 00       		.byte	0
 1205 0035 00       		.byte	0
 1206 0036 05       		.uleb128 0x5
 1207 0037 16       		.uleb128 0x16
 1208 0038 00       		.byte	0
 1209 0039 03       		.uleb128 0x3
 1210 003a 0E       		.uleb128 0xe
 1211 003b 3A       		.uleb128 0x3a
 1212 003c 0B       		.uleb128 0xb
 1213 003d 3B       		.uleb128 0x3b
 1214 003e 05       		.uleb128 0x5
 1215 003f 49       		.uleb128 0x49
 1216 0040 13       		.uleb128 0x13
 1217 0041 00       		.byte	0
 1218 0042 00       		.byte	0
 1219 0043 06       		.uleb128 0x6
 1220 0044 0F       		.uleb128 0xf
 1221 0045 00       		.byte	0
 1222 0046 0B       		.uleb128 0xb
 1223 0047 0B       		.uleb128 0xb
 1224 0048 49       		.uleb128 0x49
 1225 0049 13       		.uleb128 0x13
ARM GAS  C:\Users\fneves\AppData\Local\Temp\ccm8bQ87.s 			page 28


 1226 004a 00       		.byte	0
 1227 004b 00       		.byte	0
 1228 004c 07       		.uleb128 0x7
 1229 004d 26       		.uleb128 0x26
 1230 004e 00       		.byte	0
 1231 004f 49       		.uleb128 0x49
 1232 0050 13       		.uleb128 0x13
 1233 0051 00       		.byte	0
 1234 0052 00       		.byte	0
 1235 0053 08       		.uleb128 0x8
 1236 0054 13       		.uleb128 0x13
 1237 0055 01       		.byte	0x1
 1238 0056 0B       		.uleb128 0xb
 1239 0057 0B       		.uleb128 0xb
 1240 0058 3A       		.uleb128 0x3a
 1241 0059 0B       		.uleb128 0xb
 1242 005a 3B       		.uleb128 0x3b
 1243 005b 05       		.uleb128 0x5
 1244 005c 01       		.uleb128 0x1
 1245 005d 13       		.uleb128 0x13
 1246 005e 00       		.byte	0
 1247 005f 00       		.byte	0
 1248 0060 09       		.uleb128 0x9
 1249 0061 0D       		.uleb128 0xd
 1250 0062 00       		.byte	0
 1251 0063 03       		.uleb128 0x3
 1252 0064 0E       		.uleb128 0xe
 1253 0065 3A       		.uleb128 0x3a
 1254 0066 0B       		.uleb128 0xb
 1255 0067 3B       		.uleb128 0x3b
 1256 0068 05       		.uleb128 0x5
 1257 0069 49       		.uleb128 0x49
 1258 006a 13       		.uleb128 0x13
 1259 006b 38       		.uleb128 0x38
 1260 006c 0B       		.uleb128 0xb
 1261 006d 00       		.byte	0
 1262 006e 00       		.byte	0
 1263 006f 0A       		.uleb128 0xa
 1264 0070 2E       		.uleb128 0x2e
 1265 0071 01       		.byte	0x1
 1266 0072 3F       		.uleb128 0x3f
 1267 0073 19       		.uleb128 0x19
 1268 0074 03       		.uleb128 0x3
 1269 0075 0E       		.uleb128 0xe
 1270 0076 3A       		.uleb128 0x3a
 1271 0077 0B       		.uleb128 0xb
 1272 0078 3B       		.uleb128 0x3b
 1273 0079 0B       		.uleb128 0xb
 1274 007a 27       		.uleb128 0x27
 1275 007b 19       		.uleb128 0x19
 1276 007c 11       		.uleb128 0x11
 1277 007d 01       		.uleb128 0x1
 1278 007e 12       		.uleb128 0x12
 1279 007f 06       		.uleb128 0x6
 1280 0080 40       		.uleb128 0x40
 1281 0081 18       		.uleb128 0x18
 1282 0082 9642     		.uleb128 0x2116
ARM GAS  C:\Users\fneves\AppData\Local\Temp\ccm8bQ87.s 			page 29


 1283 0084 19       		.uleb128 0x19
 1284 0085 01       		.uleb128 0x1
 1285 0086 13       		.uleb128 0x13
 1286 0087 00       		.byte	0
 1287 0088 00       		.byte	0
 1288 0089 0B       		.uleb128 0xb
 1289 008a 05       		.uleb128 0x5
 1290 008b 00       		.byte	0
 1291 008c 03       		.uleb128 0x3
 1292 008d 08       		.uleb128 0x8
 1293 008e 3A       		.uleb128 0x3a
 1294 008f 0B       		.uleb128 0xb
 1295 0090 3B       		.uleb128 0x3b
 1296 0091 0B       		.uleb128 0xb
 1297 0092 49       		.uleb128 0x49
 1298 0093 13       		.uleb128 0x13
 1299 0094 02       		.uleb128 0x2
 1300 0095 18       		.uleb128 0x18
 1301 0096 00       		.byte	0
 1302 0097 00       		.byte	0
 1303 0098 0C       		.uleb128 0xc
 1304 0099 05       		.uleb128 0x5
 1305 009a 00       		.byte	0
 1306 009b 03       		.uleb128 0x3
 1307 009c 0E       		.uleb128 0xe
 1308 009d 3A       		.uleb128 0x3a
 1309 009e 0B       		.uleb128 0xb
 1310 009f 3B       		.uleb128 0x3b
 1311 00a0 0B       		.uleb128 0xb
 1312 00a1 49       		.uleb128 0x49
 1313 00a2 13       		.uleb128 0x13
 1314 00a3 02       		.uleb128 0x2
 1315 00a4 18       		.uleb128 0x18
 1316 00a5 00       		.byte	0
 1317 00a6 00       		.byte	0
 1318 00a7 0D       		.uleb128 0xd
 1319 00a8 34       		.uleb128 0x34
 1320 00a9 00       		.byte	0
 1321 00aa 03       		.uleb128 0x3
 1322 00ab 08       		.uleb128 0x8
 1323 00ac 3A       		.uleb128 0x3a
 1324 00ad 0B       		.uleb128 0xb
 1325 00ae 3B       		.uleb128 0x3b
 1326 00af 0B       		.uleb128 0xb
 1327 00b0 49       		.uleb128 0x49
 1328 00b1 13       		.uleb128 0x13
 1329 00b2 02       		.uleb128 0x2
 1330 00b3 18       		.uleb128 0x18
 1331 00b4 00       		.byte	0
 1332 00b5 00       		.byte	0
 1333 00b6 0E       		.uleb128 0xe
 1334 00b7 34       		.uleb128 0x34
 1335 00b8 00       		.byte	0
 1336 00b9 03       		.uleb128 0x3
 1337 00ba 0E       		.uleb128 0xe
 1338 00bb 3A       		.uleb128 0x3a
 1339 00bc 0B       		.uleb128 0xb
ARM GAS  C:\Users\fneves\AppData\Local\Temp\ccm8bQ87.s 			page 30


 1340 00bd 3B       		.uleb128 0x3b
 1341 00be 0B       		.uleb128 0xb
 1342 00bf 49       		.uleb128 0x49
 1343 00c0 13       		.uleb128 0x13
 1344 00c1 02       		.uleb128 0x2
 1345 00c2 18       		.uleb128 0x18
 1346 00c3 00       		.byte	0
 1347 00c4 00       		.byte	0
 1348 00c5 0F       		.uleb128 0xf
 1349 00c6 2E       		.uleb128 0x2e
 1350 00c7 01       		.byte	0x1
 1351 00c8 3F       		.uleb128 0x3f
 1352 00c9 19       		.uleb128 0x19
 1353 00ca 03       		.uleb128 0x3
 1354 00cb 0E       		.uleb128 0xe
 1355 00cc 3A       		.uleb128 0x3a
 1356 00cd 0B       		.uleb128 0xb
 1357 00ce 3B       		.uleb128 0x3b
 1358 00cf 05       		.uleb128 0x5
 1359 00d0 27       		.uleb128 0x27
 1360 00d1 19       		.uleb128 0x19
 1361 00d2 11       		.uleb128 0x11
 1362 00d3 01       		.uleb128 0x1
 1363 00d4 12       		.uleb128 0x12
 1364 00d5 06       		.uleb128 0x6
 1365 00d6 40       		.uleb128 0x40
 1366 00d7 18       		.uleb128 0x18
 1367 00d8 9642     		.uleb128 0x2116
 1368 00da 19       		.uleb128 0x19
 1369 00db 01       		.uleb128 0x1
 1370 00dc 13       		.uleb128 0x13
 1371 00dd 00       		.byte	0
 1372 00de 00       		.byte	0
 1373 00df 10       		.uleb128 0x10
 1374 00e0 05       		.uleb128 0x5
 1375 00e1 00       		.byte	0
 1376 00e2 03       		.uleb128 0x3
 1377 00e3 08       		.uleb128 0x8
 1378 00e4 3A       		.uleb128 0x3a
 1379 00e5 0B       		.uleb128 0xb
 1380 00e6 3B       		.uleb128 0x3b
 1381 00e7 05       		.uleb128 0x5
 1382 00e8 49       		.uleb128 0x49
 1383 00e9 13       		.uleb128 0x13
 1384 00ea 02       		.uleb128 0x2
 1385 00eb 18       		.uleb128 0x18
 1386 00ec 00       		.byte	0
 1387 00ed 00       		.byte	0
 1388 00ee 11       		.uleb128 0x11
 1389 00ef 05       		.uleb128 0x5
 1390 00f0 00       		.byte	0
 1391 00f1 03       		.uleb128 0x3
 1392 00f2 0E       		.uleb128 0xe
 1393 00f3 3A       		.uleb128 0x3a
 1394 00f4 0B       		.uleb128 0xb
 1395 00f5 3B       		.uleb128 0x3b
 1396 00f6 05       		.uleb128 0x5
ARM GAS  C:\Users\fneves\AppData\Local\Temp\ccm8bQ87.s 			page 31


 1397 00f7 49       		.uleb128 0x49
 1398 00f8 13       		.uleb128 0x13
 1399 00f9 02       		.uleb128 0x2
 1400 00fa 18       		.uleb128 0x18
 1401 00fb 00       		.byte	0
 1402 00fc 00       		.byte	0
 1403 00fd 12       		.uleb128 0x12
 1404 00fe 34       		.uleb128 0x34
 1405 00ff 00       		.byte	0
 1406 0100 03       		.uleb128 0x3
 1407 0101 0E       		.uleb128 0xe
 1408 0102 3A       		.uleb128 0x3a
 1409 0103 0B       		.uleb128 0xb
 1410 0104 3B       		.uleb128 0x3b
 1411 0105 05       		.uleb128 0x5
 1412 0106 49       		.uleb128 0x49
 1413 0107 13       		.uleb128 0x13
 1414 0108 02       		.uleb128 0x2
 1415 0109 18       		.uleb128 0x18
 1416 010a 00       		.byte	0
 1417 010b 00       		.byte	0
 1418 010c 00       		.byte	0
 1419              		.section	.debug_aranges,"",%progbits
 1420 0000 2C000000 		.4byte	0x2c
 1421 0004 0200     		.2byte	0x2
 1422 0006 00000000 		.4byte	.Ldebug_info0
 1423 000a 04       		.byte	0x4
 1424 000b 00       		.byte	0
 1425 000c 0000     		.2byte	0
 1426 000e 0000     		.2byte	0
 1427 0010 00000000 		.4byte	.LFB82
 1428 0014 A8010000 		.4byte	.LFE82-.LFB82
 1429 0018 00000000 		.4byte	.LFB83
 1430 001c 78010000 		.4byte	.LFE83-.LFB83
 1431 0020 00000000 		.4byte	.LFB84
 1432 0024 7A000000 		.4byte	.LFE84-.LFB84
 1433 0028 00000000 		.4byte	0
 1434 002c 00000000 		.4byte	0
 1435              		.section	.debug_ranges,"",%progbits
 1436              	.Ldebug_ranges0:
 1437 0000 00000000 		.4byte	.LFB82
 1438 0004 A8010000 		.4byte	.LFE82
 1439 0008 00000000 		.4byte	.LFB83
 1440 000c 78010000 		.4byte	.LFE83
 1441 0010 00000000 		.4byte	.LFB84
 1442 0014 7A000000 		.4byte	.LFE84
 1443 0018 00000000 		.4byte	0
 1444 001c 00000000 		.4byte	0
 1445              		.section	.debug_line,"",%progbits
 1446              	.Ldebug_line0:
 1447 0000 25020000 		.section	.debug_str,"MS",%progbits,1
 1447      02005401 
 1447      00000201 
 1447      FB0E0D00 
 1447      01010101 
 1448              	.LASF38:
 1449 0000 433A5C55 		.ascii	"C:\\Users\\fneves\\Documents\\PSoC Creator\\wp_1\\e"
ARM GAS  C:\Users\fneves\AppData\Local\Temp\ccm8bQ87.s 			page 32


 1449      73657273 
 1449      5C666E65 
 1449      7665735C 
 1449      446F6375 
 1450 002d 6E67696E 		.ascii	"ngine_speed_sensor.cydsn\000"
 1450      655F7370 
 1450      6565645F 
 1450      73656E73 
 1450      6F722E63 
 1451              	.LASF28:
 1452 0046 70547769 		.ascii	"pTwiddleRFFT\000"
 1452      64646C65 
 1452      52464654 
 1452      00
 1453              	.LASF3:
 1454 0053 5F5F7569 		.ascii	"__uint8_t\000"
 1454      6E74385F 
 1454      7400
 1455              	.LASF31:
 1456 005d 70436F65 		.ascii	"pCoeff\000"
 1456      666600
 1457              	.LASF32:
 1458 0064 73746167 		.ascii	"stage_rfft_f32\000"
 1458      655F7266 
 1458      66745F66 
 1458      333200
 1459              	.LASF33:
 1460 0073 6D657267 		.ascii	"merge_rfft_f32\000"
 1460      655F7266 
 1460      66745F66 
 1460      333200
 1461              	.LASF23:
 1462 0082 70426974 		.ascii	"pBitRevTable\000"
 1462      52657654 
 1462      61626C65 
 1462      00
 1463              	.LASF30:
 1464 008f 704F7574 		.ascii	"pOut\000"
 1464      00
 1465              	.LASF29:
 1466 0094 61726D5F 		.ascii	"arm_rfft_fast_instance_f32\000"
 1466      72666674 
 1466      5F666173 
 1466      745F696E 
 1466      7374616E 
 1467              	.LASF1:
 1468 00af 756E7369 		.ascii	"unsigned char\000"
 1468      676E6564 
 1468      20636861 
 1468      7200
 1469              	.LASF34:
 1470 00bd 61726D5F 		.ascii	"arm_rfft_fast_f32\000"
 1470      72666674 
 1470      5F666173 
 1470      745F6633 
 1470      3200
 1471              	.LASF8:
ARM GAS  C:\Users\fneves\AppData\Local\Temp\ccm8bQ87.s 			page 33


 1472 00cf 6C6F6E67 		.ascii	"long unsigned int\000"
 1472      20756E73 
 1472      69676E65 
 1472      6420696E 
 1472      7400
 1473              	.LASF5:
 1474 00e1 73686F72 		.ascii	"short unsigned int\000"
 1474      7420756E 
 1474      7369676E 
 1474      65642069 
 1474      6E7400
 1475              	.LASF21:
 1476 00f4 6666744C 		.ascii	"fftLen\000"
 1476      656E00
 1477              	.LASF24:
 1478 00fb 62697452 		.ascii	"bitRevLength\000"
 1478      65764C65 
 1478      6E677468 
 1478      00
 1479              	.LASF26:
 1480 0108 53696E74 		.ascii	"Sint\000"
 1480      00
 1481              	.LASF4:
 1482 010d 5F5F7569 		.ascii	"__uint16_t\000"
 1482      6E743136 
 1482      5F7400
 1483              	.LASF17:
 1484 0118 646F7562 		.ascii	"double\000"
 1484      6C6500
 1485              	.LASF7:
 1486 011f 5F5F7569 		.ascii	"__uint32_t\000"
 1486      6E743332 
 1486      5F7400
 1487              	.LASF35:
 1488 012a 69666674 		.ascii	"ifftFlag\000"
 1488      466C6167 
 1488      00
 1489              	.LASF11:
 1490 0133 756E7369 		.ascii	"unsigned int\000"
 1490      676E6564 
 1490      20696E74 
 1490      00
 1491              	.LASF25:
 1492 0140 61726D5F 		.ascii	"arm_cfft_instance_f32\000"
 1492      63666674 
 1492      5F696E73 
 1492      74616E63 
 1492      655F6633 
 1493              	.LASF10:
 1494 0156 6C6F6E67 		.ascii	"long long unsigned int\000"
 1494      206C6F6E 
 1494      6720756E 
 1494      7369676E 
 1494      65642069 
 1495              	.LASF36:
 1496 016d 474E5520 		.ascii	"GNU C 4.9.3 20150303 (release) [ARM/embedded-4_9-br"
 1496      4320342E 
ARM GAS  C:\Users\fneves\AppData\Local\Temp\ccm8bQ87.s 			page 34


 1496      392E3320 
 1496      32303135 
 1496      30333033 
 1497 01a0 616E6368 		.ascii	"anch revision 221220] -mcpu=cortex-m0plus -mthumb -"
 1497      20726576 
 1497      6973696F 
 1497      6E203232 
 1497      31323230 
 1498 01d3 67202D4F 		.ascii	"g -O0 -ffunction-sections -ffat-lto-objects\000"
 1498      30202D66 
 1498      66756E63 
 1498      74696F6E 
 1498      2D736563 
 1499              	.LASF27:
 1500 01ff 6666744C 		.ascii	"fftLenRFFT\000"
 1500      656E5246 
 1500      465400
 1501              	.LASF37:
 1502 020a 536F7572 		.ascii	"Source\\TransformFunctions\\arm_rfft_fast_f32.c\000"
 1502      63655C54 
 1502      72616E73 
 1502      666F726D 
 1502      46756E63 
 1503              	.LASF15:
 1504 0238 73697A65 		.ascii	"sizetype\000"
 1504      74797065 
 1504      00
 1505              	.LASF12:
 1506 0241 75696E74 		.ascii	"uint8_t\000"
 1506      385F7400 
 1507              	.LASF9:
 1508 0249 6C6F6E67 		.ascii	"long long int\000"
 1508      206C6F6E 
 1508      6720696E 
 1508      7400
 1509              	.LASF22:
 1510 0257 70547769 		.ascii	"pTwiddle\000"
 1510      64646C65 
 1510      00
 1511              	.LASF16:
 1512 0260 63686172 		.ascii	"char\000"
 1512      00
 1513              	.LASF20:
 1514 0265 666C6F61 		.ascii	"float32_t\000"
 1514      7433325F 
 1514      7400
 1515              	.LASF2:
 1516 026f 73686F72 		.ascii	"short int\000"
 1516      7420696E 
 1516      7400
 1517              	.LASF13:
 1518 0279 75696E74 		.ascii	"uint16_t\000"
 1518      31365F74 
 1518      00
 1519              	.LASF14:
 1520 0282 75696E74 		.ascii	"uint32_t\000"
 1520      33325F74 
ARM GAS  C:\Users\fneves\AppData\Local\Temp\ccm8bQ87.s 			page 35


 1520      00
 1521              	.LASF6:
 1522 028b 6C6F6E67 		.ascii	"long int\000"
 1522      20696E74 
 1522      00
 1523              	.LASF19:
 1524 0294 6C6F6E67 		.ascii	"long double\000"
 1524      20646F75 
 1524      626C6500 
 1525              	.LASF18:
 1526 02a0 666C6F61 		.ascii	"float\000"
 1526      7400
 1527              	.LASF0:
 1528 02a6 7369676E 		.ascii	"signed char\000"
 1528      65642063 
 1528      68617200 
 1529              		.ident	"GCC: (GNU Tools for ARM Embedded Processors) 4.9.3 20150303 (release) [ARM/embedded-4_9-br
