ARM GAS  C:\Users\fneves\AppData\Local\Temp\cch26CEf.s 			page 1


   1              		.cpu cortex-m0plus
   2              		.fpu softvfp
   3              		.eabi_attribute 20, 1
   4              		.eabi_attribute 21, 1
   5              		.eabi_attribute 23, 3
   6              		.eabi_attribute 24, 1
   7              		.eabi_attribute 25, 1
   8              		.eabi_attribute 26, 1
   9              		.eabi_attribute 30, 6
  10              		.eabi_attribute 34, 0
  11              		.eabi_attribute 18, 4
  12              		.code	16
  13              		.file	"arm_cmplx_mag_q15.c"
  14              		.text
  15              	.Ltext0:
  16              		.cfi_sections	.debug_frame
  17              		.section	.text.arm_cmplx_mag_q15,"ax",%progbits
  18              		.align	2
  19              		.global	arm_cmplx_mag_q15
  20              		.code	16
  21              		.thumb_func
  22              		.type	arm_cmplx_mag_q15, %function
  23              	arm_cmplx_mag_q15:
  24              	.LFB82:
  25              		.file 1 "Source\\ComplexMathFunctions\\arm_cmplx_mag_q15.c"
   1:Source\ComplexMathFunctions/arm_cmplx_mag_q15.c **** /* ----------------------------------------------------------------------
   2:Source\ComplexMathFunctions/arm_cmplx_mag_q15.c ****  * Project:      CMSIS DSP Library
   3:Source\ComplexMathFunctions/arm_cmplx_mag_q15.c ****  * Title:        arm_cmplx_mag_q15.c
   4:Source\ComplexMathFunctions/arm_cmplx_mag_q15.c ****  * Description:  Q15 complex magnitude
   5:Source\ComplexMathFunctions/arm_cmplx_mag_q15.c ****  *
   6:Source\ComplexMathFunctions/arm_cmplx_mag_q15.c ****  * $Date:        27. January 2017
   7:Source\ComplexMathFunctions/arm_cmplx_mag_q15.c ****  * $Revision:    V.1.5.1
   8:Source\ComplexMathFunctions/arm_cmplx_mag_q15.c ****  *
   9:Source\ComplexMathFunctions/arm_cmplx_mag_q15.c ****  * Target Processor: Cortex-M cores
  10:Source\ComplexMathFunctions/arm_cmplx_mag_q15.c ****  * -------------------------------------------------------------------- */
  11:Source\ComplexMathFunctions/arm_cmplx_mag_q15.c **** /*
  12:Source\ComplexMathFunctions/arm_cmplx_mag_q15.c ****  * Copyright (C) 2010-2017 ARM Limited or its affiliates. All rights reserved.
  13:Source\ComplexMathFunctions/arm_cmplx_mag_q15.c ****  *
  14:Source\ComplexMathFunctions/arm_cmplx_mag_q15.c ****  * SPDX-License-Identifier: Apache-2.0
  15:Source\ComplexMathFunctions/arm_cmplx_mag_q15.c ****  *
  16:Source\ComplexMathFunctions/arm_cmplx_mag_q15.c ****  * Licensed under the Apache License, Version 2.0 (the License); you may
  17:Source\ComplexMathFunctions/arm_cmplx_mag_q15.c ****  * not use this file except in compliance with the License.
  18:Source\ComplexMathFunctions/arm_cmplx_mag_q15.c ****  * You may obtain a copy of the License at
  19:Source\ComplexMathFunctions/arm_cmplx_mag_q15.c ****  *
  20:Source\ComplexMathFunctions/arm_cmplx_mag_q15.c ****  * www.apache.org/licenses/LICENSE-2.0
  21:Source\ComplexMathFunctions/arm_cmplx_mag_q15.c ****  *
  22:Source\ComplexMathFunctions/arm_cmplx_mag_q15.c ****  * Unless required by applicable law or agreed to in writing, software
  23:Source\ComplexMathFunctions/arm_cmplx_mag_q15.c ****  * distributed under the License is distributed on an AS IS BASIS, WITHOUT
  24:Source\ComplexMathFunctions/arm_cmplx_mag_q15.c ****  * WARRANTIES OR CONDITIONS OF ANY KIND, either express or implied.
  25:Source\ComplexMathFunctions/arm_cmplx_mag_q15.c ****  * See the License for the specific language governing permissions and
  26:Source\ComplexMathFunctions/arm_cmplx_mag_q15.c ****  * limitations under the License.
  27:Source\ComplexMathFunctions/arm_cmplx_mag_q15.c ****  */
  28:Source\ComplexMathFunctions/arm_cmplx_mag_q15.c **** 
  29:Source\ComplexMathFunctions/arm_cmplx_mag_q15.c **** #include "arm_math.h"
  30:Source\ComplexMathFunctions/arm_cmplx_mag_q15.c **** 
  31:Source\ComplexMathFunctions/arm_cmplx_mag_q15.c **** /**
  32:Source\ComplexMathFunctions/arm_cmplx_mag_q15.c ****  * @ingroup groupCmplxMath
ARM GAS  C:\Users\fneves\AppData\Local\Temp\cch26CEf.s 			page 2


  33:Source\ComplexMathFunctions/arm_cmplx_mag_q15.c ****  */
  34:Source\ComplexMathFunctions/arm_cmplx_mag_q15.c **** 
  35:Source\ComplexMathFunctions/arm_cmplx_mag_q15.c **** /**
  36:Source\ComplexMathFunctions/arm_cmplx_mag_q15.c ****  * @addtogroup cmplx_mag
  37:Source\ComplexMathFunctions/arm_cmplx_mag_q15.c ****  * @{
  38:Source\ComplexMathFunctions/arm_cmplx_mag_q15.c ****  */
  39:Source\ComplexMathFunctions/arm_cmplx_mag_q15.c **** 
  40:Source\ComplexMathFunctions/arm_cmplx_mag_q15.c **** 
  41:Source\ComplexMathFunctions/arm_cmplx_mag_q15.c **** /**
  42:Source\ComplexMathFunctions/arm_cmplx_mag_q15.c ****  * @brief  Q15 complex magnitude
  43:Source\ComplexMathFunctions/arm_cmplx_mag_q15.c ****  * @param  *pSrc points to the complex input vector
  44:Source\ComplexMathFunctions/arm_cmplx_mag_q15.c ****  * @param  *pDst points to the real output vector
  45:Source\ComplexMathFunctions/arm_cmplx_mag_q15.c ****  * @param  numSamples number of complex samples in the input vector
  46:Source\ComplexMathFunctions/arm_cmplx_mag_q15.c ****  * @return none.
  47:Source\ComplexMathFunctions/arm_cmplx_mag_q15.c ****  *
  48:Source\ComplexMathFunctions/arm_cmplx_mag_q15.c ****  * <b>Scaling and Overflow Behavior:</b>
  49:Source\ComplexMathFunctions/arm_cmplx_mag_q15.c ****  * \par
  50:Source\ComplexMathFunctions/arm_cmplx_mag_q15.c ****  * The function implements 1.15 by 1.15 multiplications and finally output is converted into 2.14 f
  51:Source\ComplexMathFunctions/arm_cmplx_mag_q15.c ****  */
  52:Source\ComplexMathFunctions/arm_cmplx_mag_q15.c **** 
  53:Source\ComplexMathFunctions/arm_cmplx_mag_q15.c **** void arm_cmplx_mag_q15(
  54:Source\ComplexMathFunctions/arm_cmplx_mag_q15.c ****   q15_t * pSrc,
  55:Source\ComplexMathFunctions/arm_cmplx_mag_q15.c ****   q15_t * pDst,
  56:Source\ComplexMathFunctions/arm_cmplx_mag_q15.c ****   uint32_t numSamples)
  57:Source\ComplexMathFunctions/arm_cmplx_mag_q15.c **** {
  26              		.loc 1 57 0
  27              		.cfi_startproc
  28 0000 F0B5     		push	{r4, r5, r6, r7, lr}
  29              		.cfi_def_cfa_offset 20
  30              		.cfi_offset 4, -20
  31              		.cfi_offset 5, -16
  32              		.cfi_offset 6, -12
  33              		.cfi_offset 7, -8
  34              		.cfi_offset 14, -4
  35 0002 8DB0     		sub	sp, sp, #52
  36              		.cfi_def_cfa_offset 72
  37 0004 00AF     		add	r7, sp, #0
  38              		.cfi_def_cfa_register 7
  39 0006 F861     		str	r0, [r7, #28]
  40 0008 B961     		str	r1, [r7, #24]
  41 000a 7A61     		str	r2, [r7, #20]
  58:Source\ComplexMathFunctions/arm_cmplx_mag_q15.c ****   q31_t acc0, acc1;                              /* Accumulators */
  59:Source\ComplexMathFunctions/arm_cmplx_mag_q15.c **** 
  60:Source\ComplexMathFunctions/arm_cmplx_mag_q15.c **** #if defined (ARM_MATH_DSP)
  61:Source\ComplexMathFunctions/arm_cmplx_mag_q15.c **** 
  62:Source\ComplexMathFunctions/arm_cmplx_mag_q15.c ****   /* Run the below code for Cortex-M4 and Cortex-M3 */
  63:Source\ComplexMathFunctions/arm_cmplx_mag_q15.c ****   uint32_t blkCnt;                               /* loop counter */
  64:Source\ComplexMathFunctions/arm_cmplx_mag_q15.c ****   q31_t in1, in2, in3, in4;
  65:Source\ComplexMathFunctions/arm_cmplx_mag_q15.c ****   q31_t acc2, acc3;
  66:Source\ComplexMathFunctions/arm_cmplx_mag_q15.c **** 
  67:Source\ComplexMathFunctions/arm_cmplx_mag_q15.c **** 
  68:Source\ComplexMathFunctions/arm_cmplx_mag_q15.c ****   /*loop Unrolling */
  69:Source\ComplexMathFunctions/arm_cmplx_mag_q15.c ****   blkCnt = numSamples >> 2u;
  70:Source\ComplexMathFunctions/arm_cmplx_mag_q15.c **** 
  71:Source\ComplexMathFunctions/arm_cmplx_mag_q15.c ****   /* First part of the processing with loop unrolling.  Compute 4 outputs at a time.
  72:Source\ComplexMathFunctions/arm_cmplx_mag_q15.c ****    ** a second loop below computes the remaining 1 to 3 samples. */
  73:Source\ComplexMathFunctions/arm_cmplx_mag_q15.c ****   while (blkCnt > 0u)
ARM GAS  C:\Users\fneves\AppData\Local\Temp\cch26CEf.s 			page 3


  74:Source\ComplexMathFunctions/arm_cmplx_mag_q15.c ****   {
  75:Source\ComplexMathFunctions/arm_cmplx_mag_q15.c **** 
  76:Source\ComplexMathFunctions/arm_cmplx_mag_q15.c ****     /* C[0] = sqrt(A[0] * A[0] + A[1] * A[1]) */
  77:Source\ComplexMathFunctions/arm_cmplx_mag_q15.c ****     in1 = *__SIMD32(pSrc)++;
  78:Source\ComplexMathFunctions/arm_cmplx_mag_q15.c ****     in2 = *__SIMD32(pSrc)++;
  79:Source\ComplexMathFunctions/arm_cmplx_mag_q15.c ****     in3 = *__SIMD32(pSrc)++;
  80:Source\ComplexMathFunctions/arm_cmplx_mag_q15.c ****     in4 = *__SIMD32(pSrc)++;
  81:Source\ComplexMathFunctions/arm_cmplx_mag_q15.c **** 
  82:Source\ComplexMathFunctions/arm_cmplx_mag_q15.c ****     acc0 = __SMUAD(in1, in1);
  83:Source\ComplexMathFunctions/arm_cmplx_mag_q15.c ****     acc1 = __SMUAD(in2, in2);
  84:Source\ComplexMathFunctions/arm_cmplx_mag_q15.c ****     acc2 = __SMUAD(in3, in3);
  85:Source\ComplexMathFunctions/arm_cmplx_mag_q15.c ****     acc3 = __SMUAD(in4, in4);
  86:Source\ComplexMathFunctions/arm_cmplx_mag_q15.c **** 
  87:Source\ComplexMathFunctions/arm_cmplx_mag_q15.c ****     /* store the result in 2.14 format in the destination buffer. */
  88:Source\ComplexMathFunctions/arm_cmplx_mag_q15.c ****     arm_sqrt_q15((q15_t) ((acc0) >> 17), pDst++);
  89:Source\ComplexMathFunctions/arm_cmplx_mag_q15.c ****     arm_sqrt_q15((q15_t) ((acc1) >> 17), pDst++);
  90:Source\ComplexMathFunctions/arm_cmplx_mag_q15.c ****     arm_sqrt_q15((q15_t) ((acc2) >> 17), pDst++);
  91:Source\ComplexMathFunctions/arm_cmplx_mag_q15.c ****     arm_sqrt_q15((q15_t) ((acc3) >> 17), pDst++);
  92:Source\ComplexMathFunctions/arm_cmplx_mag_q15.c **** 
  93:Source\ComplexMathFunctions/arm_cmplx_mag_q15.c ****     /* Decrement the loop counter */
  94:Source\ComplexMathFunctions/arm_cmplx_mag_q15.c ****     blkCnt--;
  95:Source\ComplexMathFunctions/arm_cmplx_mag_q15.c ****   }
  96:Source\ComplexMathFunctions/arm_cmplx_mag_q15.c **** 
  97:Source\ComplexMathFunctions/arm_cmplx_mag_q15.c ****   /* If the numSamples is not a multiple of 4, compute any remaining output samples here.
  98:Source\ComplexMathFunctions/arm_cmplx_mag_q15.c ****    ** No loop unrolling is used. */
  99:Source\ComplexMathFunctions/arm_cmplx_mag_q15.c ****   blkCnt = numSamples % 0x4u;
 100:Source\ComplexMathFunctions/arm_cmplx_mag_q15.c **** 
 101:Source\ComplexMathFunctions/arm_cmplx_mag_q15.c ****   while (blkCnt > 0u)
 102:Source\ComplexMathFunctions/arm_cmplx_mag_q15.c ****   {
 103:Source\ComplexMathFunctions/arm_cmplx_mag_q15.c ****     /* C[0] = sqrt(A[0] * A[0] + A[1] * A[1]) */
 104:Source\ComplexMathFunctions/arm_cmplx_mag_q15.c ****     in1 = *__SIMD32(pSrc)++;
 105:Source\ComplexMathFunctions/arm_cmplx_mag_q15.c ****     acc0 = __SMUAD(in1, in1);
 106:Source\ComplexMathFunctions/arm_cmplx_mag_q15.c **** 
 107:Source\ComplexMathFunctions/arm_cmplx_mag_q15.c ****     /* store the result in 2.14 format in the destination buffer. */
 108:Source\ComplexMathFunctions/arm_cmplx_mag_q15.c ****     arm_sqrt_q15((q15_t) (acc0 >> 17), pDst++);
 109:Source\ComplexMathFunctions/arm_cmplx_mag_q15.c **** 
 110:Source\ComplexMathFunctions/arm_cmplx_mag_q15.c ****     /* Decrement the loop counter */
 111:Source\ComplexMathFunctions/arm_cmplx_mag_q15.c ****     blkCnt--;
 112:Source\ComplexMathFunctions/arm_cmplx_mag_q15.c ****   }
 113:Source\ComplexMathFunctions/arm_cmplx_mag_q15.c **** 
 114:Source\ComplexMathFunctions/arm_cmplx_mag_q15.c **** #else
 115:Source\ComplexMathFunctions/arm_cmplx_mag_q15.c **** 
 116:Source\ComplexMathFunctions/arm_cmplx_mag_q15.c ****   /* Run the below code for Cortex-M0 */
 117:Source\ComplexMathFunctions/arm_cmplx_mag_q15.c ****   q15_t real, imag;                              /* Temporary variables to hold input values */
 118:Source\ComplexMathFunctions/arm_cmplx_mag_q15.c **** 
 119:Source\ComplexMathFunctions/arm_cmplx_mag_q15.c ****   while (numSamples > 0u)
  42              		.loc 1 119 0
  43 000c 51E0     		b	.L2
  44              	.L3:
 120:Source\ComplexMathFunctions/arm_cmplx_mag_q15.c ****   {
 121:Source\ComplexMathFunctions/arm_cmplx_mag_q15.c ****     /* out = sqrt(real * real + imag * imag) */
 122:Source\ComplexMathFunctions/arm_cmplx_mag_q15.c ****     real = *pSrc++;
  45              		.loc 1 122 0
  46 000e FB69     		ldr	r3, [r7, #28]
  47 0010 9A1C     		add	r2, r3, #2
  48 0012 FA61     		str	r2, [r7, #28]
  49 0014 1E22     		mov	r2, #30
ARM GAS  C:\Users\fneves\AppData\Local\Temp\cch26CEf.s 			page 4


  50 0016 1021     		mov	r1, #16
  51 0018 8C46     		mov	ip, r1
  52 001a BC44     		add	ip, ip, r7
  53 001c 6244     		add	r2, r2, ip
  54 001e 1B88     		ldrh	r3, [r3]
  55 0020 1380     		strh	r3, [r2]
 123:Source\ComplexMathFunctions/arm_cmplx_mag_q15.c ****     imag = *pSrc++;
  56              		.loc 1 123 0
  57 0022 FB69     		ldr	r3, [r7, #28]
  58 0024 9A1C     		add	r2, r3, #2
  59 0026 FA61     		str	r2, [r7, #28]
  60 0028 1C22     		mov	r2, #28
  61 002a 1021     		mov	r1, #16
  62 002c 8C46     		mov	ip, r1
  63 002e BC44     		add	ip, ip, r7
  64 0030 6244     		add	r2, r2, ip
  65 0032 1B88     		ldrh	r3, [r3]
  66 0034 1380     		strh	r3, [r2]
 124:Source\ComplexMathFunctions/arm_cmplx_mag_q15.c **** 
 125:Source\ComplexMathFunctions/arm_cmplx_mag_q15.c ****     acc0 = (real * real);
  67              		.loc 1 125 0
  68 0036 1E23     		mov	r3, #30
  69 0038 1022     		mov	r2, #16
  70 003a 9446     		mov	ip, r2
  71 003c BC44     		add	ip, ip, r7
  72 003e 6344     		add	r3, r3, ip
  73 0040 0022     		mov	r2, #0
  74 0042 9B5E     		ldrsh	r3, [r3, r2]
  75 0044 1E22     		mov	r2, #30
  76 0046 1021     		mov	r1, #16
  77 0048 8C46     		mov	ip, r1
  78 004a BC44     		add	ip, ip, r7
  79 004c 6244     		add	r2, r2, ip
  80 004e 0021     		mov	r1, #0
  81 0050 525E     		ldrsh	r2, [r2, r1]
  82 0052 5343     		mul	r3, r2
  83 0054 BB62     		str	r3, [r7, #40]
 126:Source\ComplexMathFunctions/arm_cmplx_mag_q15.c ****     acc1 = (imag * imag);
  84              		.loc 1 126 0
  85 0056 1C23     		mov	r3, #28
  86 0058 1022     		mov	r2, #16
  87 005a 9446     		mov	ip, r2
  88 005c BC44     		add	ip, ip, r7
  89 005e 6344     		add	r3, r3, ip
  90 0060 0022     		mov	r2, #0
  91 0062 9B5E     		ldrsh	r3, [r3, r2]
  92 0064 1C22     		mov	r2, #28
  93 0066 1021     		mov	r1, #16
  94 0068 8C46     		mov	ip, r1
  95 006a BC44     		add	ip, ip, r7
  96 006c 6244     		add	r2, r2, ip
  97 006e 0021     		mov	r1, #0
  98 0070 525E     		ldrsh	r2, [r2, r1]
  99 0072 5343     		mul	r3, r2
 100 0074 7B62     		str	r3, [r7, #36]
 127:Source\ComplexMathFunctions/arm_cmplx_mag_q15.c **** 
 128:Source\ComplexMathFunctions/arm_cmplx_mag_q15.c ****     /* store the result in 2.14 format in the destination buffer. */
ARM GAS  C:\Users\fneves\AppData\Local\Temp\cch26CEf.s 			page 5


 129:Source\ComplexMathFunctions/arm_cmplx_mag_q15.c ****     arm_sqrt_q15((q15_t) (((q63_t) acc0 + acc1) >> 17), pDst++);
 101              		.loc 1 129 0
 102 0076 BB6A     		ldr	r3, [r7, #40]
 103 0078 BB60     		str	r3, [r7, #8]
 104 007a DB17     		asr	r3, r3, #31
 105 007c FB60     		str	r3, [r7, #12]
 106 007e 7B6A     		ldr	r3, [r7, #36]
 107 0080 3B60     		str	r3, [r7]
 108 0082 DB17     		asr	r3, r3, #31
 109 0084 7B60     		str	r3, [r7, #4]
 110 0086 BB68     		ldr	r3, [r7, #8]
 111 0088 FC68     		ldr	r4, [r7, #12]
 112 008a 3968     		ldr	r1, [r7]
 113 008c 7A68     		ldr	r2, [r7, #4]
 114 008e 5B18     		add	r3, r3, r1
 115 0090 5441     		adc	r4, r4, r2
 116 0092 E203     		lsl	r2, r4, #15
 117 0094 5D0C     		lsr	r5, r3, #17
 118 0096 1543     		orr	r5, r2
 119 0098 6614     		asr	r6, r4, #17
 120 009a A9B2     		uxth	r1, r5
 121 009c BB69     		ldr	r3, [r7, #24]
 122 009e 9A1C     		add	r2, r3, #2
 123 00a0 BA61     		str	r2, [r7, #24]
 124 00a2 0AB2     		sxth	r2, r1
 125 00a4 101C     		mov	r0, r2
 126 00a6 191C     		mov	r1, r3
 127 00a8 FFF7FEFF 		bl	arm_sqrt_q15
 130:Source\ComplexMathFunctions/arm_cmplx_mag_q15.c **** 
 131:Source\ComplexMathFunctions/arm_cmplx_mag_q15.c ****     /* Decrement the loop counter */
 132:Source\ComplexMathFunctions/arm_cmplx_mag_q15.c ****     numSamples--;
 128              		.loc 1 132 0
 129 00ac 7B69     		ldr	r3, [r7, #20]
 130 00ae 013B     		sub	r3, r3, #1
 131 00b0 7B61     		str	r3, [r7, #20]
 132              	.L2:
 119:Source\ComplexMathFunctions/arm_cmplx_mag_q15.c ****   {
 133              		.loc 1 119 0
 134 00b2 7B69     		ldr	r3, [r7, #20]
 135 00b4 002B     		cmp	r3, #0
 136 00b6 AAD1     		bne	.L3
 133:Source\ComplexMathFunctions/arm_cmplx_mag_q15.c ****   }
 134:Source\ComplexMathFunctions/arm_cmplx_mag_q15.c **** 
 135:Source\ComplexMathFunctions/arm_cmplx_mag_q15.c **** #endif /* #if defined (ARM_MATH_DSP) */
 136:Source\ComplexMathFunctions/arm_cmplx_mag_q15.c **** 
 137:Source\ComplexMathFunctions/arm_cmplx_mag_q15.c **** }
 137              		.loc 1 137 0
 138 00b8 BD46     		mov	sp, r7
 139 00ba 0DB0     		add	sp, sp, #52
 140              		@ sp needed
 141 00bc F0BD     		pop	{r4, r5, r6, r7, pc}
 142              		.cfi_endproc
 143              	.LFE82:
 144              		.size	arm_cmplx_mag_q15, .-arm_cmplx_mag_q15
 145 00be C046     		.text
 146              	.Letext0:
 147              		.file 2 "c:\\program files (x86)\\cypress\\psoc creator\\4.0\\psoc creator\\import\\gnu\\arm\\4.9.
ARM GAS  C:\Users\fneves\AppData\Local\Temp\cch26CEf.s 			page 6


 148              		.file 3 "c:\\program files (x86)\\cypress\\psoc creator\\4.0\\psoc creator\\import\\gnu\\arm\\4.9.
 149              		.file 4 ".\\Include/arm_math.h"
 150              		.section	.debug_info,"",%progbits
 151              	.Ldebug_info0:
 152 0000 81010000 		.4byte	0x181
 153 0004 0400     		.2byte	0x4
 154 0006 00000000 		.4byte	.Ldebug_abbrev0
 155 000a 04       		.byte	0x4
 156 000b 01       		.uleb128 0x1
 157 000c 26010000 		.4byte	.LASF32
 158 0010 01       		.byte	0x1
 159 0011 CD000000 		.4byte	.LASF33
 160 0015 1C000000 		.4byte	.LASF34
 161 0019 00000000 		.4byte	.Ldebug_ranges0+0
 162 001d 00000000 		.4byte	0
 163 0021 00000000 		.4byte	.Ldebug_line0
 164 0025 02       		.uleb128 0x2
 165 0026 01       		.byte	0x1
 166 0027 06       		.byte	0x6
 167 0028 24020000 		.4byte	.LASF0
 168 002c 02       		.uleb128 0x2
 169 002d 01       		.byte	0x1
 170 002e 08       		.byte	0x8
 171 002f 74000000 		.4byte	.LASF1
 172 0033 03       		.uleb128 0x3
 173 0034 08000000 		.4byte	.LASF4
 174 0038 02       		.byte	0x2
 175 0039 29       		.byte	0x29
 176 003a 3E000000 		.4byte	0x3e
 177 003e 02       		.uleb128 0x2
 178 003f 02       		.byte	0x2
 179 0040 05       		.byte	0x5
 180 0041 EA010000 		.4byte	.LASF2
 181 0045 02       		.uleb128 0x2
 182 0046 02       		.byte	0x2
 183 0047 07       		.byte	0x7
 184 0048 94000000 		.4byte	.LASF3
 185 004c 03       		.uleb128 0x3
 186 004d 12000000 		.4byte	.LASF5
 187 0051 02       		.byte	0x2
 188 0052 3F       		.byte	0x3f
 189 0053 57000000 		.4byte	0x57
 190 0057 02       		.uleb128 0x2
 191 0058 04       		.byte	0x4
 192 0059 05       		.byte	0x5
 193 005a FD010000 		.4byte	.LASF6
 194 005e 03       		.uleb128 0x3
 195 005f BD000000 		.4byte	.LASF7
 196 0063 02       		.byte	0x2
 197 0064 41       		.byte	0x41
 198 0065 69000000 		.4byte	0x69
 199 0069 02       		.uleb128 0x2
 200 006a 04       		.byte	0x4
 201 006b 07       		.byte	0x7
 202 006c 82000000 		.4byte	.LASF8
 203 0070 03       		.uleb128 0x3
 204 0071 AC000000 		.4byte	.LASF9
ARM GAS  C:\Users\fneves\AppData\Local\Temp\cch26CEf.s 			page 7


 205 0075 02       		.byte	0x2
 206 0076 59       		.byte	0x59
 207 0077 7B000000 		.4byte	0x7b
 208 007b 02       		.uleb128 0x2
 209 007c 08       		.byte	0x8
 210 007d 05       		.byte	0x5
 211 007e D7010000 		.4byte	.LASF10
 212 0082 02       		.uleb128 0x2
 213 0083 08       		.byte	0x8
 214 0084 07       		.byte	0x7
 215 0085 0F010000 		.4byte	.LASF11
 216 0089 04       		.uleb128 0x4
 217 008a 04       		.byte	0x4
 218 008b 05       		.byte	0x5
 219 008c 696E7400 		.ascii	"int\000"
 220 0090 02       		.uleb128 0x2
 221 0091 04       		.byte	0x4
 222 0092 07       		.byte	0x7
 223 0093 FD000000 		.4byte	.LASF12
 224 0097 03       		.uleb128 0x3
 225 0098 BE010000 		.4byte	.LASF13
 226 009c 03       		.byte	0x3
 227 009d 20       		.byte	0x20
 228 009e 33000000 		.4byte	0x33
 229 00a2 03       		.uleb128 0x3
 230 00a3 C6010000 		.4byte	.LASF14
 231 00a7 03       		.byte	0x3
 232 00a8 2C       		.byte	0x2c
 233 00a9 4C000000 		.4byte	0x4c
 234 00ad 03       		.uleb128 0x3
 235 00ae F4010000 		.4byte	.LASF15
 236 00b2 03       		.byte	0x3
 237 00b3 2D       		.byte	0x2d
 238 00b4 5E000000 		.4byte	0x5e
 239 00b8 03       		.uleb128 0x3
 240 00b9 00000000 		.4byte	.LASF16
 241 00bd 03       		.byte	0x3
 242 00be 38       		.byte	0x38
 243 00bf 70000000 		.4byte	0x70
 244 00c3 02       		.uleb128 0x2
 245 00c4 04       		.byte	0x4
 246 00c5 07       		.byte	0x7
 247 00c6 CE010000 		.4byte	.LASF17
 248 00ca 02       		.uleb128 0x2
 249 00cb 01       		.byte	0x1
 250 00cc 08       		.byte	0x8
 251 00cd E5010000 		.4byte	.LASF18
 252 00d1 02       		.uleb128 0x2
 253 00d2 08       		.byte	0x8
 254 00d3 04       		.byte	0x4
 255 00d4 B6000000 		.4byte	.LASF19
 256 00d8 02       		.uleb128 0x2
 257 00d9 04       		.byte	0x4
 258 00da 04       		.byte	0x4
 259 00db 68000000 		.4byte	.LASF20
 260 00df 02       		.uleb128 0x2
 261 00e0 08       		.byte	0x8
ARM GAS  C:\Users\fneves\AppData\Local\Temp\cch26CEf.s 			page 8


 262 00e1 04       		.byte	0x4
 263 00e2 18020000 		.4byte	.LASF21
 264 00e6 05       		.uleb128 0x5
 265 00e7 62000000 		.4byte	.LASF22
 266 00eb 04       		.byte	0x4
 267 00ec 9601     		.2byte	0x196
 268 00ee 97000000 		.4byte	0x97
 269 00f2 05       		.uleb128 0x5
 270 00f3 6E000000 		.4byte	.LASF23
 271 00f7 04       		.byte	0x4
 272 00f8 9B01     		.2byte	0x19b
 273 00fa A2000000 		.4byte	0xa2
 274 00fe 05       		.uleb128 0x5
 275 00ff B8010000 		.4byte	.LASF24
 276 0103 04       		.byte	0x4
 277 0104 A001     		.2byte	0x1a0
 278 0106 B8000000 		.4byte	0xb8
 279 010a 06       		.uleb128 0x6
 280 010b 04       		.byte	0x4
 281 010c E6000000 		.4byte	0xe6
 282 0110 07       		.uleb128 0x7
 283 0111 06020000 		.4byte	.LASF35
 284 0115 01       		.byte	0x1
 285 0116 35       		.byte	0x35
 286 0117 00000000 		.4byte	.LFB82
 287 011b BE000000 		.4byte	.LFE82-.LFB82
 288 011f 01       		.uleb128 0x1
 289 0120 9C       		.byte	0x9c
 290 0121 08       		.uleb128 0x8
 291 0122 30020000 		.4byte	.LASF25
 292 0126 01       		.byte	0x1
 293 0127 36       		.byte	0x36
 294 0128 0A010000 		.4byte	0x10a
 295 012c 02       		.uleb128 0x2
 296 012d 91       		.byte	0x91
 297 012e 54       		.sleb128 -44
 298 012f 08       		.uleb128 0x8
 299 0130 A7000000 		.4byte	.LASF26
 300 0134 01       		.byte	0x1
 301 0135 37       		.byte	0x37
 302 0136 0A010000 		.4byte	0x10a
 303 013a 02       		.uleb128 0x2
 304 013b 91       		.byte	0x91
 305 013c 50       		.sleb128 -48
 306 013d 08       		.uleb128 0x8
 307 013e 35020000 		.4byte	.LASF27
 308 0142 01       		.byte	0x1
 309 0143 38       		.byte	0x38
 310 0144 AD000000 		.4byte	0xad
 311 0148 02       		.uleb128 0x2
 312 0149 91       		.byte	0x91
 313 014a 4C       		.sleb128 -52
 314 014b 09       		.uleb128 0x9
 315 014c 40020000 		.4byte	.LASF28
 316 0150 01       		.byte	0x1
 317 0151 3A       		.byte	0x3a
 318 0152 F2000000 		.4byte	0xf2
ARM GAS  C:\Users\fneves\AppData\Local\Temp\cch26CEf.s 			page 9


 319 0156 02       		.uleb128 0x2
 320 0157 91       		.byte	0x91
 321 0158 60       		.sleb128 -32
 322 0159 09       		.uleb128 0x9
 323 015a 45020000 		.4byte	.LASF29
 324 015e 01       		.byte	0x1
 325 015f 3A       		.byte	0x3a
 326 0160 F2000000 		.4byte	0xf2
 327 0164 02       		.uleb128 0x2
 328 0165 91       		.byte	0x91
 329 0166 5C       		.sleb128 -36
 330 0167 09       		.uleb128 0x9
 331 0168 0A010000 		.4byte	.LASF30
 332 016c 01       		.byte	0x1
 333 016d 75       		.byte	0x75
 334 016e E6000000 		.4byte	0xe6
 335 0172 02       		.uleb128 0x2
 336 0173 91       		.byte	0x91
 337 0174 66       		.sleb128 -26
 338 0175 09       		.uleb128 0x9
 339 0176 C8000000 		.4byte	.LASF31
 340 017a 01       		.byte	0x1
 341 017b 75       		.byte	0x75
 342 017c E6000000 		.4byte	0xe6
 343 0180 02       		.uleb128 0x2
 344 0181 91       		.byte	0x91
 345 0182 64       		.sleb128 -28
 346 0183 00       		.byte	0
 347 0184 00       		.byte	0
 348              		.section	.debug_abbrev,"",%progbits
 349              	.Ldebug_abbrev0:
 350 0000 01       		.uleb128 0x1
 351 0001 11       		.uleb128 0x11
 352 0002 01       		.byte	0x1
 353 0003 25       		.uleb128 0x25
 354 0004 0E       		.uleb128 0xe
 355 0005 13       		.uleb128 0x13
 356 0006 0B       		.uleb128 0xb
 357 0007 03       		.uleb128 0x3
 358 0008 0E       		.uleb128 0xe
 359 0009 1B       		.uleb128 0x1b
 360 000a 0E       		.uleb128 0xe
 361 000b 55       		.uleb128 0x55
 362 000c 17       		.uleb128 0x17
 363 000d 11       		.uleb128 0x11
 364 000e 01       		.uleb128 0x1
 365 000f 10       		.uleb128 0x10
 366 0010 17       		.uleb128 0x17
 367 0011 00       		.byte	0
 368 0012 00       		.byte	0
 369 0013 02       		.uleb128 0x2
 370 0014 24       		.uleb128 0x24
 371 0015 00       		.byte	0
 372 0016 0B       		.uleb128 0xb
 373 0017 0B       		.uleb128 0xb
 374 0018 3E       		.uleb128 0x3e
 375 0019 0B       		.uleb128 0xb
ARM GAS  C:\Users\fneves\AppData\Local\Temp\cch26CEf.s 			page 10


 376 001a 03       		.uleb128 0x3
 377 001b 0E       		.uleb128 0xe
 378 001c 00       		.byte	0
 379 001d 00       		.byte	0
 380 001e 03       		.uleb128 0x3
 381 001f 16       		.uleb128 0x16
 382 0020 00       		.byte	0
 383 0021 03       		.uleb128 0x3
 384 0022 0E       		.uleb128 0xe
 385 0023 3A       		.uleb128 0x3a
 386 0024 0B       		.uleb128 0xb
 387 0025 3B       		.uleb128 0x3b
 388 0026 0B       		.uleb128 0xb
 389 0027 49       		.uleb128 0x49
 390 0028 13       		.uleb128 0x13
 391 0029 00       		.byte	0
 392 002a 00       		.byte	0
 393 002b 04       		.uleb128 0x4
 394 002c 24       		.uleb128 0x24
 395 002d 00       		.byte	0
 396 002e 0B       		.uleb128 0xb
 397 002f 0B       		.uleb128 0xb
 398 0030 3E       		.uleb128 0x3e
 399 0031 0B       		.uleb128 0xb
 400 0032 03       		.uleb128 0x3
 401 0033 08       		.uleb128 0x8
 402 0034 00       		.byte	0
 403 0035 00       		.byte	0
 404 0036 05       		.uleb128 0x5
 405 0037 16       		.uleb128 0x16
 406 0038 00       		.byte	0
 407 0039 03       		.uleb128 0x3
 408 003a 0E       		.uleb128 0xe
 409 003b 3A       		.uleb128 0x3a
 410 003c 0B       		.uleb128 0xb
 411 003d 3B       		.uleb128 0x3b
 412 003e 05       		.uleb128 0x5
 413 003f 49       		.uleb128 0x49
 414 0040 13       		.uleb128 0x13
 415 0041 00       		.byte	0
 416 0042 00       		.byte	0
 417 0043 06       		.uleb128 0x6
 418 0044 0F       		.uleb128 0xf
 419 0045 00       		.byte	0
 420 0046 0B       		.uleb128 0xb
 421 0047 0B       		.uleb128 0xb
 422 0048 49       		.uleb128 0x49
 423 0049 13       		.uleb128 0x13
 424 004a 00       		.byte	0
 425 004b 00       		.byte	0
 426 004c 07       		.uleb128 0x7
 427 004d 2E       		.uleb128 0x2e
 428 004e 01       		.byte	0x1
 429 004f 3F       		.uleb128 0x3f
 430 0050 19       		.uleb128 0x19
 431 0051 03       		.uleb128 0x3
 432 0052 0E       		.uleb128 0xe
ARM GAS  C:\Users\fneves\AppData\Local\Temp\cch26CEf.s 			page 11


 433 0053 3A       		.uleb128 0x3a
 434 0054 0B       		.uleb128 0xb
 435 0055 3B       		.uleb128 0x3b
 436 0056 0B       		.uleb128 0xb
 437 0057 27       		.uleb128 0x27
 438 0058 19       		.uleb128 0x19
 439 0059 11       		.uleb128 0x11
 440 005a 01       		.uleb128 0x1
 441 005b 12       		.uleb128 0x12
 442 005c 06       		.uleb128 0x6
 443 005d 40       		.uleb128 0x40
 444 005e 18       		.uleb128 0x18
 445 005f 9642     		.uleb128 0x2116
 446 0061 19       		.uleb128 0x19
 447 0062 00       		.byte	0
 448 0063 00       		.byte	0
 449 0064 08       		.uleb128 0x8
 450 0065 05       		.uleb128 0x5
 451 0066 00       		.byte	0
 452 0067 03       		.uleb128 0x3
 453 0068 0E       		.uleb128 0xe
 454 0069 3A       		.uleb128 0x3a
 455 006a 0B       		.uleb128 0xb
 456 006b 3B       		.uleb128 0x3b
 457 006c 0B       		.uleb128 0xb
 458 006d 49       		.uleb128 0x49
 459 006e 13       		.uleb128 0x13
 460 006f 02       		.uleb128 0x2
 461 0070 18       		.uleb128 0x18
 462 0071 00       		.byte	0
 463 0072 00       		.byte	0
 464 0073 09       		.uleb128 0x9
 465 0074 34       		.uleb128 0x34
 466 0075 00       		.byte	0
 467 0076 03       		.uleb128 0x3
 468 0077 0E       		.uleb128 0xe
 469 0078 3A       		.uleb128 0x3a
 470 0079 0B       		.uleb128 0xb
 471 007a 3B       		.uleb128 0x3b
 472 007b 0B       		.uleb128 0xb
 473 007c 49       		.uleb128 0x49
 474 007d 13       		.uleb128 0x13
 475 007e 02       		.uleb128 0x2
 476 007f 18       		.uleb128 0x18
 477 0080 00       		.byte	0
 478 0081 00       		.byte	0
 479 0082 00       		.byte	0
 480              		.section	.debug_aranges,"",%progbits
 481 0000 1C000000 		.4byte	0x1c
 482 0004 0200     		.2byte	0x2
 483 0006 00000000 		.4byte	.Ldebug_info0
 484 000a 04       		.byte	0x4
 485 000b 00       		.byte	0
 486 000c 0000     		.2byte	0
 487 000e 0000     		.2byte	0
 488 0010 00000000 		.4byte	.LFB82
 489 0014 BE000000 		.4byte	.LFE82-.LFB82
ARM GAS  C:\Users\fneves\AppData\Local\Temp\cch26CEf.s 			page 12


 490 0018 00000000 		.4byte	0
 491 001c 00000000 		.4byte	0
 492              		.section	.debug_ranges,"",%progbits
 493              	.Ldebug_ranges0:
 494 0000 00000000 		.4byte	.LFB82
 495 0004 BE000000 		.4byte	.LFE82
 496 0008 00000000 		.4byte	0
 497 000c 00000000 		.4byte	0
 498              		.section	.debug_line,"",%progbits
 499              	.Ldebug_line0:
 500 0000 7B010000 		.section	.debug_str,"MS",%progbits,1
 500      02005601 
 500      00000201 
 500      FB0E0D00 
 500      01010101 
 501              	.LASF16:
 502 0000 696E7436 		.ascii	"int64_t\000"
 502      345F7400 
 503              	.LASF4:
 504 0008 5F5F696E 		.ascii	"__int16_t\000"
 504      7431365F 
 504      7400
 505              	.LASF5:
 506 0012 5F5F696E 		.ascii	"__int32_t\000"
 506      7433325F 
 506      7400
 507              	.LASF34:
 508 001c 433A5C55 		.ascii	"C:\\Users\\fneves\\Documents\\PSoC Creator\\wp_1\\e"
 508      73657273 
 508      5C666E65 
 508      7665735C 
 508      446F6375 
 509 0049 6E67696E 		.ascii	"ngine_speed_sensor.cydsn\000"
 509      655F7370 
 509      6565645F 
 509      73656E73 
 509      6F722E63 
 510              	.LASF22:
 511 0062 7131355F 		.ascii	"q15_t\000"
 511      7400
 512              	.LASF20:
 513 0068 666C6F61 		.ascii	"float\000"
 513      7400
 514              	.LASF23:
 515 006e 7133315F 		.ascii	"q31_t\000"
 515      7400
 516              	.LASF1:
 517 0074 756E7369 		.ascii	"unsigned char\000"
 517      676E6564 
 517      20636861 
 517      7200
 518              	.LASF8:
 519 0082 6C6F6E67 		.ascii	"long unsigned int\000"
 519      20756E73 
 519      69676E65 
 519      6420696E 
 519      7400
ARM GAS  C:\Users\fneves\AppData\Local\Temp\cch26CEf.s 			page 13


 520              	.LASF3:
 521 0094 73686F72 		.ascii	"short unsigned int\000"
 521      7420756E 
 521      7369676E 
 521      65642069 
 521      6E7400
 522              	.LASF26:
 523 00a7 70447374 		.ascii	"pDst\000"
 523      00
 524              	.LASF9:
 525 00ac 5F5F696E 		.ascii	"__int64_t\000"
 525      7436345F 
 525      7400
 526              	.LASF19:
 527 00b6 646F7562 		.ascii	"double\000"
 527      6C6500
 528              	.LASF7:
 529 00bd 5F5F7569 		.ascii	"__uint32_t\000"
 529      6E743332 
 529      5F7400
 530              	.LASF31:
 531 00c8 696D6167 		.ascii	"imag\000"
 531      00
 532              	.LASF33:
 533 00cd 536F7572 		.ascii	"Source\\ComplexMathFunctions\\arm_cmplx_mag_q15.c\000"
 533      63655C43 
 533      6F6D706C 
 533      65784D61 
 533      74684675 
 534              	.LASF12:
 535 00fd 756E7369 		.ascii	"unsigned int\000"
 535      676E6564 
 535      20696E74 
 535      00
 536              	.LASF30:
 537 010a 7265616C 		.ascii	"real\000"
 537      00
 538              	.LASF11:
 539 010f 6C6F6E67 		.ascii	"long long unsigned int\000"
 539      206C6F6E 
 539      6720756E 
 539      7369676E 
 539      65642069 
 540              	.LASF32:
 541 0126 474E5520 		.ascii	"GNU C 4.9.3 20150303 (release) [ARM/embedded-4_9-br"
 541      4320342E 
 541      392E3320 
 541      32303135 
 541      30333033 
 542 0159 616E6368 		.ascii	"anch revision 221220] -mcpu=cortex-m0plus -mthumb -"
 542      20726576 
 542      6973696F 
 542      6E203232 
 542      31323230 
 543 018c 67202D4F 		.ascii	"g -O0 -ffunction-sections -ffat-lto-objects\000"
 543      30202D66 
 543      66756E63 
ARM GAS  C:\Users\fneves\AppData\Local\Temp\cch26CEf.s 			page 14


 543      74696F6E 
 543      2D736563 
 544              	.LASF24:
 545 01b8 7136335F 		.ascii	"q63_t\000"
 545      7400
 546              	.LASF13:
 547 01be 696E7431 		.ascii	"int16_t\000"
 547      365F7400 
 548              	.LASF14:
 549 01c6 696E7433 		.ascii	"int32_t\000"
 549      325F7400 
 550              	.LASF17:
 551 01ce 73697A65 		.ascii	"sizetype\000"
 551      74797065 
 551      00
 552              	.LASF10:
 553 01d7 6C6F6E67 		.ascii	"long long int\000"
 553      206C6F6E 
 553      6720696E 
 553      7400
 554              	.LASF18:
 555 01e5 63686172 		.ascii	"char\000"
 555      00
 556              	.LASF2:
 557 01ea 73686F72 		.ascii	"short int\000"
 557      7420696E 
 557      7400
 558              	.LASF15:
 559 01f4 75696E74 		.ascii	"uint32_t\000"
 559      33325F74 
 559      00
 560              	.LASF6:
 561 01fd 6C6F6E67 		.ascii	"long int\000"
 561      20696E74 
 561      00
 562              	.LASF35:
 563 0206 61726D5F 		.ascii	"arm_cmplx_mag_q15\000"
 563      636D706C 
 563      785F6D61 
 563      675F7131 
 563      3500
 564              	.LASF21:
 565 0218 6C6F6E67 		.ascii	"long double\000"
 565      20646F75 
 565      626C6500 
 566              	.LASF0:
 567 0224 7369676E 		.ascii	"signed char\000"
 567      65642063 
 567      68617200 
 568              	.LASF25:
 569 0230 70537263 		.ascii	"pSrc\000"
 569      00
 570              	.LASF27:
 571 0235 6E756D53 		.ascii	"numSamples\000"
 571      616D706C 
 571      657300
 572              	.LASF28:
ARM GAS  C:\Users\fneves\AppData\Local\Temp\cch26CEf.s 			page 15


 573 0240 61636330 		.ascii	"acc0\000"
 573      00
 574              	.LASF29:
 575 0245 61636331 		.ascii	"acc1\000"
 575      00
 576              		.ident	"GCC: (GNU Tools for ARM Embedded Processors) 4.9.3 20150303 (release) [ARM/embedded-4_9-br
