ARM GAS  C:\Users\fneves\AppData\Local\Temp\ccCEWkBv.s 			page 1


   1              		.cpu cortex-m0plus
   2              		.fpu softvfp
   3              		.eabi_attribute 20, 1
   4              		.eabi_attribute 21, 1
   5              		.eabi_attribute 23, 3
   6              		.eabi_attribute 24, 1
   7              		.eabi_attribute 25, 1
   8              		.eabi_attribute 26, 1
   9              		.eabi_attribute 30, 6
  10              		.eabi_attribute 34, 0
  11              		.eabi_attribute 18, 4
  12              		.code	16
  13              		.file	"arm_min_f32.c"
  14              		.text
  15              	.Ltext0:
  16              		.cfi_sections	.debug_frame
  17              		.global	__aeabi_fcmpgt
  18              		.section	.text.arm_min_f32,"ax",%progbits
  19              		.align	2
  20              		.global	arm_min_f32
  21              		.code	16
  22              		.thumb_func
  23              		.type	arm_min_f32, %function
  24              	arm_min_f32:
  25              	.LFB82:
  26              		.file 1 "Source\\StatisticsFunctions\\arm_min_f32.c"
   1:Source\StatisticsFunctions/arm_min_f32.c **** /* ----------------------------------------------------------------------
   2:Source\StatisticsFunctions/arm_min_f32.c ****  * Project:      CMSIS DSP Library
   3:Source\StatisticsFunctions/arm_min_f32.c ****  * Title:        arm_min_f32.c
   4:Source\StatisticsFunctions/arm_min_f32.c ****  * Description:  Minimum value of a floating-point vector
   5:Source\StatisticsFunctions/arm_min_f32.c ****  *
   6:Source\StatisticsFunctions/arm_min_f32.c ****  * $Date:        27. January 2017
   7:Source\StatisticsFunctions/arm_min_f32.c ****  * $Revision:    V.1.5.1
   8:Source\StatisticsFunctions/arm_min_f32.c ****  *
   9:Source\StatisticsFunctions/arm_min_f32.c ****  * Target Processor: Cortex-M cores
  10:Source\StatisticsFunctions/arm_min_f32.c ****  * -------------------------------------------------------------------- */
  11:Source\StatisticsFunctions/arm_min_f32.c **** /*
  12:Source\StatisticsFunctions/arm_min_f32.c ****  * Copyright (C) 2010-2017 ARM Limited or its affiliates. All rights reserved.
  13:Source\StatisticsFunctions/arm_min_f32.c ****  *
  14:Source\StatisticsFunctions/arm_min_f32.c ****  * SPDX-License-Identifier: Apache-2.0
  15:Source\StatisticsFunctions/arm_min_f32.c ****  *
  16:Source\StatisticsFunctions/arm_min_f32.c ****  * Licensed under the Apache License, Version 2.0 (the License); you may
  17:Source\StatisticsFunctions/arm_min_f32.c ****  * not use this file except in compliance with the License.
  18:Source\StatisticsFunctions/arm_min_f32.c ****  * You may obtain a copy of the License at
  19:Source\StatisticsFunctions/arm_min_f32.c ****  *
  20:Source\StatisticsFunctions/arm_min_f32.c ****  * www.apache.org/licenses/LICENSE-2.0
  21:Source\StatisticsFunctions/arm_min_f32.c ****  *
  22:Source\StatisticsFunctions/arm_min_f32.c ****  * Unless required by applicable law or agreed to in writing, software
  23:Source\StatisticsFunctions/arm_min_f32.c ****  * distributed under the License is distributed on an AS IS BASIS, WITHOUT
  24:Source\StatisticsFunctions/arm_min_f32.c ****  * WARRANTIES OR CONDITIONS OF ANY KIND, either express or implied.
  25:Source\StatisticsFunctions/arm_min_f32.c ****  * See the License for the specific language governing permissions and
  26:Source\StatisticsFunctions/arm_min_f32.c ****  * limitations under the License.
  27:Source\StatisticsFunctions/arm_min_f32.c ****  */
  28:Source\StatisticsFunctions/arm_min_f32.c **** 
  29:Source\StatisticsFunctions/arm_min_f32.c **** #include "arm_math.h"
  30:Source\StatisticsFunctions/arm_min_f32.c **** 
  31:Source\StatisticsFunctions/arm_min_f32.c **** /**
ARM GAS  C:\Users\fneves\AppData\Local\Temp\ccCEWkBv.s 			page 2


  32:Source\StatisticsFunctions/arm_min_f32.c ****  * @ingroup groupStats
  33:Source\StatisticsFunctions/arm_min_f32.c ****  */
  34:Source\StatisticsFunctions/arm_min_f32.c **** 
  35:Source\StatisticsFunctions/arm_min_f32.c **** /**
  36:Source\StatisticsFunctions/arm_min_f32.c ****  * @defgroup Min Minimum
  37:Source\StatisticsFunctions/arm_min_f32.c ****  *
  38:Source\StatisticsFunctions/arm_min_f32.c ****  * Computes the minimum value of an array of data.
  39:Source\StatisticsFunctions/arm_min_f32.c ****  * The function returns both the minimum value and its position within the array.
  40:Source\StatisticsFunctions/arm_min_f32.c ****  * There are separate functions for floating-point, Q31, Q15, and Q7 data types.
  41:Source\StatisticsFunctions/arm_min_f32.c ****  */
  42:Source\StatisticsFunctions/arm_min_f32.c **** 
  43:Source\StatisticsFunctions/arm_min_f32.c **** /**
  44:Source\StatisticsFunctions/arm_min_f32.c ****  * @addtogroup Min
  45:Source\StatisticsFunctions/arm_min_f32.c ****  * @{
  46:Source\StatisticsFunctions/arm_min_f32.c ****  */
  47:Source\StatisticsFunctions/arm_min_f32.c **** 
  48:Source\StatisticsFunctions/arm_min_f32.c **** 
  49:Source\StatisticsFunctions/arm_min_f32.c **** /**
  50:Source\StatisticsFunctions/arm_min_f32.c ****  * @brief Minimum value of a floating-point vector.
  51:Source\StatisticsFunctions/arm_min_f32.c ****  * @param[in]       *pSrc points to the input vector
  52:Source\StatisticsFunctions/arm_min_f32.c ****  * @param[in]       blockSize length of the input vector
  53:Source\StatisticsFunctions/arm_min_f32.c ****  * @param[out]      *pResult minimum value returned here
  54:Source\StatisticsFunctions/arm_min_f32.c ****  * @param[out]      *pIndex index of minimum value returned here
  55:Source\StatisticsFunctions/arm_min_f32.c ****  * @return none.
  56:Source\StatisticsFunctions/arm_min_f32.c ****  */
  57:Source\StatisticsFunctions/arm_min_f32.c **** 
  58:Source\StatisticsFunctions/arm_min_f32.c **** void arm_min_f32(
  59:Source\StatisticsFunctions/arm_min_f32.c ****   float32_t * pSrc,
  60:Source\StatisticsFunctions/arm_min_f32.c ****   uint32_t blockSize,
  61:Source\StatisticsFunctions/arm_min_f32.c ****   float32_t * pResult,
  62:Source\StatisticsFunctions/arm_min_f32.c ****   uint32_t * pIndex)
  63:Source\StatisticsFunctions/arm_min_f32.c **** {
  27              		.loc 1 63 0
  28              		.cfi_startproc
  29 0000 80B5     		push	{r7, lr}
  30              		.cfi_def_cfa_offset 8
  31              		.cfi_offset 7, -8
  32              		.cfi_offset 14, -4
  33 0002 88B0     		sub	sp, sp, #32
  34              		.cfi_def_cfa_offset 40
  35 0004 00AF     		add	r7, sp, #0
  36              		.cfi_def_cfa_register 7
  37 0006 F860     		str	r0, [r7, #12]
  38 0008 B960     		str	r1, [r7, #8]
  39 000a 7A60     		str	r2, [r7, #4]
  40 000c 3B60     		str	r3, [r7]
  64:Source\StatisticsFunctions/arm_min_f32.c **** #if defined (ARM_MATH_DSP)
  65:Source\StatisticsFunctions/arm_min_f32.c ****   /* Run the below code for Cortex-M4 and Cortex-M3 */
  66:Source\StatisticsFunctions/arm_min_f32.c **** 
  67:Source\StatisticsFunctions/arm_min_f32.c ****   float32_t minVal1, minVal2, out;               /* Temporary variables to store the output value. 
  68:Source\StatisticsFunctions/arm_min_f32.c ****   uint32_t blkCnt, outIndex, count;              /* loop counter */
  69:Source\StatisticsFunctions/arm_min_f32.c **** 
  70:Source\StatisticsFunctions/arm_min_f32.c ****   /* Initialise the count value. */
  71:Source\StatisticsFunctions/arm_min_f32.c ****   count = 0u;
  72:Source\StatisticsFunctions/arm_min_f32.c ****   /* Initialise the index value to zero. */
  73:Source\StatisticsFunctions/arm_min_f32.c ****   outIndex = 0u;
  74:Source\StatisticsFunctions/arm_min_f32.c ****   /* Load first input value that act as reference value for comparision */
ARM GAS  C:\Users\fneves\AppData\Local\Temp\ccCEWkBv.s 			page 3


  75:Source\StatisticsFunctions/arm_min_f32.c ****   out = *pSrc++;
  76:Source\StatisticsFunctions/arm_min_f32.c **** 
  77:Source\StatisticsFunctions/arm_min_f32.c ****   /* Loop unrolling */
  78:Source\StatisticsFunctions/arm_min_f32.c ****   blkCnt = (blockSize - 1u) >> 2u;
  79:Source\StatisticsFunctions/arm_min_f32.c **** 
  80:Source\StatisticsFunctions/arm_min_f32.c ****   while (blkCnt > 0u)
  81:Source\StatisticsFunctions/arm_min_f32.c ****   {
  82:Source\StatisticsFunctions/arm_min_f32.c ****     /* Initialize minVal to the next consecutive values one by one */
  83:Source\StatisticsFunctions/arm_min_f32.c ****     minVal1 = *pSrc++;
  84:Source\StatisticsFunctions/arm_min_f32.c ****     minVal2 = *pSrc++;
  85:Source\StatisticsFunctions/arm_min_f32.c **** 
  86:Source\StatisticsFunctions/arm_min_f32.c ****     /* compare for the minimum value */
  87:Source\StatisticsFunctions/arm_min_f32.c ****     if (out > minVal1)
  88:Source\StatisticsFunctions/arm_min_f32.c ****     {
  89:Source\StatisticsFunctions/arm_min_f32.c ****       /* Update the minimum value and its index */
  90:Source\StatisticsFunctions/arm_min_f32.c ****       out = minVal1;
  91:Source\StatisticsFunctions/arm_min_f32.c ****       outIndex = count + 1u;
  92:Source\StatisticsFunctions/arm_min_f32.c ****     }
  93:Source\StatisticsFunctions/arm_min_f32.c **** 
  94:Source\StatisticsFunctions/arm_min_f32.c ****     /* compare for the minimum value */
  95:Source\StatisticsFunctions/arm_min_f32.c ****     if (out > minVal2)
  96:Source\StatisticsFunctions/arm_min_f32.c ****     {
  97:Source\StatisticsFunctions/arm_min_f32.c ****       /* Update the minimum value and its index */
  98:Source\StatisticsFunctions/arm_min_f32.c ****       out = minVal2;
  99:Source\StatisticsFunctions/arm_min_f32.c ****       outIndex = count + 2u;
 100:Source\StatisticsFunctions/arm_min_f32.c ****     }
 101:Source\StatisticsFunctions/arm_min_f32.c **** 
 102:Source\StatisticsFunctions/arm_min_f32.c ****     /* Initialize minVal to the next consecutive values one by one */
 103:Source\StatisticsFunctions/arm_min_f32.c ****     minVal1 = *pSrc++;
 104:Source\StatisticsFunctions/arm_min_f32.c ****     minVal2 = *pSrc++;
 105:Source\StatisticsFunctions/arm_min_f32.c **** 
 106:Source\StatisticsFunctions/arm_min_f32.c ****     /* compare for the minimum value */
 107:Source\StatisticsFunctions/arm_min_f32.c ****     if (out > minVal1)
 108:Source\StatisticsFunctions/arm_min_f32.c ****     {
 109:Source\StatisticsFunctions/arm_min_f32.c ****       /* Update the minimum value and its index */
 110:Source\StatisticsFunctions/arm_min_f32.c ****       out = minVal1;
 111:Source\StatisticsFunctions/arm_min_f32.c ****       outIndex = count + 3u;
 112:Source\StatisticsFunctions/arm_min_f32.c ****     }
 113:Source\StatisticsFunctions/arm_min_f32.c **** 
 114:Source\StatisticsFunctions/arm_min_f32.c ****     /* compare for the minimum value */
 115:Source\StatisticsFunctions/arm_min_f32.c ****     if (out > minVal2)
 116:Source\StatisticsFunctions/arm_min_f32.c ****     {
 117:Source\StatisticsFunctions/arm_min_f32.c ****       /* Update the minimum value and its index */
 118:Source\StatisticsFunctions/arm_min_f32.c ****       out = minVal2;
 119:Source\StatisticsFunctions/arm_min_f32.c ****       outIndex = count + 4u;
 120:Source\StatisticsFunctions/arm_min_f32.c ****     }
 121:Source\StatisticsFunctions/arm_min_f32.c **** 
 122:Source\StatisticsFunctions/arm_min_f32.c ****     count += 4u;
 123:Source\StatisticsFunctions/arm_min_f32.c **** 
 124:Source\StatisticsFunctions/arm_min_f32.c ****     /* Decrement the loop counter */
 125:Source\StatisticsFunctions/arm_min_f32.c ****     blkCnt--;
 126:Source\StatisticsFunctions/arm_min_f32.c ****   }
 127:Source\StatisticsFunctions/arm_min_f32.c **** 
 128:Source\StatisticsFunctions/arm_min_f32.c ****   /* if (blockSize - 1u) is not multiple of 4 */
 129:Source\StatisticsFunctions/arm_min_f32.c ****   blkCnt = (blockSize - 1u) % 4u;
 130:Source\StatisticsFunctions/arm_min_f32.c **** 
 131:Source\StatisticsFunctions/arm_min_f32.c **** #else
ARM GAS  C:\Users\fneves\AppData\Local\Temp\ccCEWkBv.s 			page 4


 132:Source\StatisticsFunctions/arm_min_f32.c ****   /* Run the below code for Cortex-M0 */
 133:Source\StatisticsFunctions/arm_min_f32.c **** 
 134:Source\StatisticsFunctions/arm_min_f32.c ****   float32_t minVal1, out;                        /* Temporary variables to store the output value. 
 135:Source\StatisticsFunctions/arm_min_f32.c ****   uint32_t blkCnt, outIndex;                     /* loop counter */
 136:Source\StatisticsFunctions/arm_min_f32.c **** 
 137:Source\StatisticsFunctions/arm_min_f32.c ****   /* Initialise the index value to zero. */
 138:Source\StatisticsFunctions/arm_min_f32.c ****   outIndex = 0u;
  41              		.loc 1 138 0
  42 000e 0023     		mov	r3, #0
  43 0010 7B61     		str	r3, [r7, #20]
 139:Source\StatisticsFunctions/arm_min_f32.c ****   /* Load first input value that act as reference value for comparision */
 140:Source\StatisticsFunctions/arm_min_f32.c ****   out = *pSrc++;
  44              		.loc 1 140 0
  45 0012 FB68     		ldr	r3, [r7, #12]
  46 0014 1A1D     		add	r2, r3, #4
  47 0016 FA60     		str	r2, [r7, #12]
  48 0018 1B68     		ldr	r3, [r3]
  49 001a FB61     		str	r3, [r7, #28]
 141:Source\StatisticsFunctions/arm_min_f32.c **** 
 142:Source\StatisticsFunctions/arm_min_f32.c ****   blkCnt = (blockSize - 1u);
  50              		.loc 1 142 0
  51 001c BB68     		ldr	r3, [r7, #8]
  52 001e 013B     		sub	r3, r3, #1
  53 0020 BB61     		str	r3, [r7, #24]
 143:Source\StatisticsFunctions/arm_min_f32.c **** 
 144:Source\StatisticsFunctions/arm_min_f32.c **** #endif /* #if defined (ARM_MATH_DSP) */
 145:Source\StatisticsFunctions/arm_min_f32.c **** 
 146:Source\StatisticsFunctions/arm_min_f32.c ****   while (blkCnt > 0u)
  54              		.loc 1 146 0
  55 0022 13E0     		b	.L2
  56              	.L5:
 147:Source\StatisticsFunctions/arm_min_f32.c ****   {
 148:Source\StatisticsFunctions/arm_min_f32.c ****     /* Initialize minVal to the next consecutive values one by one */
 149:Source\StatisticsFunctions/arm_min_f32.c ****     minVal1 = *pSrc++;
  57              		.loc 1 149 0
  58 0024 FB68     		ldr	r3, [r7, #12]
  59 0026 1A1D     		add	r2, r3, #4
  60 0028 FA60     		str	r2, [r7, #12]
  61 002a 1B68     		ldr	r3, [r3]
  62 002c 3B61     		str	r3, [r7, #16]
 150:Source\StatisticsFunctions/arm_min_f32.c **** 
 151:Source\StatisticsFunctions/arm_min_f32.c ****     /* compare for the minimum value */
 152:Source\StatisticsFunctions/arm_min_f32.c ****     if (out > minVal1)
  63              		.loc 1 152 0
  64 002e F869     		ldr	r0, [r7, #28]
  65 0030 3969     		ldr	r1, [r7, #16]
  66 0032 FFF7FEFF 		bl	__aeabi_fcmpgt
  67 0036 031E     		sub	r3, r0, #0
  68 0038 05D0     		beq	.L3
 153:Source\StatisticsFunctions/arm_min_f32.c ****     {
 154:Source\StatisticsFunctions/arm_min_f32.c ****       /* Update the minimum value and it's index */
 155:Source\StatisticsFunctions/arm_min_f32.c ****       out = minVal1;
  69              		.loc 1 155 0
  70 003a 3B69     		ldr	r3, [r7, #16]
  71 003c FB61     		str	r3, [r7, #28]
 156:Source\StatisticsFunctions/arm_min_f32.c ****       outIndex = blockSize - blkCnt;
  72              		.loc 1 156 0
ARM GAS  C:\Users\fneves\AppData\Local\Temp\ccCEWkBv.s 			page 5


  73 003e BA68     		ldr	r2, [r7, #8]
  74 0040 BB69     		ldr	r3, [r7, #24]
  75 0042 D31A     		sub	r3, r2, r3
  76 0044 7B61     		str	r3, [r7, #20]
  77              	.L3:
 157:Source\StatisticsFunctions/arm_min_f32.c ****     }
 158:Source\StatisticsFunctions/arm_min_f32.c **** 
 159:Source\StatisticsFunctions/arm_min_f32.c ****     /* Decrement the loop counter */
 160:Source\StatisticsFunctions/arm_min_f32.c ****     blkCnt--;
  78              		.loc 1 160 0
  79 0046 BB69     		ldr	r3, [r7, #24]
  80 0048 013B     		sub	r3, r3, #1
  81 004a BB61     		str	r3, [r7, #24]
  82              	.L2:
 146:Source\StatisticsFunctions/arm_min_f32.c ****   {
  83              		.loc 1 146 0
  84 004c BB69     		ldr	r3, [r7, #24]
  85 004e 002B     		cmp	r3, #0
  86 0050 E8D1     		bne	.L5
 161:Source\StatisticsFunctions/arm_min_f32.c ****   }
 162:Source\StatisticsFunctions/arm_min_f32.c **** 
 163:Source\StatisticsFunctions/arm_min_f32.c ****   /* Store the minimum value and it's index into destination pointers */
 164:Source\StatisticsFunctions/arm_min_f32.c ****   *pResult = out;
  87              		.loc 1 164 0
  88 0052 7B68     		ldr	r3, [r7, #4]
  89 0054 FA69     		ldr	r2, [r7, #28]
  90 0056 1A60     		str	r2, [r3]
 165:Source\StatisticsFunctions/arm_min_f32.c ****   *pIndex = outIndex;
  91              		.loc 1 165 0
  92 0058 3B68     		ldr	r3, [r7]
  93 005a 7A69     		ldr	r2, [r7, #20]
  94 005c 1A60     		str	r2, [r3]
 166:Source\StatisticsFunctions/arm_min_f32.c **** }
  95              		.loc 1 166 0
  96 005e BD46     		mov	sp, r7
  97 0060 08B0     		add	sp, sp, #32
  98              		@ sp needed
  99 0062 80BD     		pop	{r7, pc}
 100              		.cfi_endproc
 101              	.LFE82:
 102              		.size	arm_min_f32, .-arm_min_f32
 103              		.text
 104              	.Letext0:
 105              		.file 2 "c:\\program files (x86)\\cypress\\psoc creator\\4.0\\psoc creator\\import\\gnu\\arm\\4.9.
 106              		.file 3 "c:\\program files (x86)\\cypress\\psoc creator\\4.0\\psoc creator\\import\\gnu\\arm\\4.9.
 107              		.file 4 ".\\Include/arm_math.h"
 108              		.section	.debug_info,"",%progbits
 109              	.Ldebug_info0:
 110 0000 3F010000 		.4byte	0x13f
 111 0004 0400     		.2byte	0x4
 112 0006 00000000 		.4byte	.Ldebug_abbrev0
 113 000a 04       		.byte	0x4
 114 000b 01       		.uleb128 0x1
 115 000c 7A010000 		.4byte	.LASF24
 116 0010 01       		.byte	0x1
 117 0011 1B000000 		.4byte	.LASF25
 118 0015 0B010000 		.4byte	.LASF26
ARM GAS  C:\Users\fneves\AppData\Local\Temp\ccCEWkBv.s 			page 6


 119 0019 00000000 		.4byte	.Ldebug_ranges0+0
 120 001d 00000000 		.4byte	0
 121 0021 00000000 		.4byte	.Ldebug_line0
 122 0025 02       		.uleb128 0x2
 123 0026 01       		.byte	0x1
 124 0027 06       		.byte	0x6
 125 0028 EB000000 		.4byte	.LASF0
 126 002c 02       		.uleb128 0x2
 127 002d 01       		.byte	0x1
 128 002e 08       		.byte	0x8
 129 002f 97000000 		.4byte	.LASF1
 130 0033 02       		.uleb128 0x2
 131 0034 02       		.byte	0x2
 132 0035 05       		.byte	0x5
 133 0036 64010000 		.4byte	.LASF2
 134 003a 02       		.uleb128 0x2
 135 003b 02       		.byte	0x2
 136 003c 07       		.byte	0x7
 137 003d D8000000 		.4byte	.LASF3
 138 0041 02       		.uleb128 0x2
 139 0042 04       		.byte	0x4
 140 0043 05       		.byte	0x5
 141 0044 B3000000 		.4byte	.LASF4
 142 0048 03       		.uleb128 0x3
 143 0049 4B000000 		.4byte	.LASF9
 144 004d 02       		.byte	0x2
 145 004e 41       		.byte	0x41
 146 004f 53000000 		.4byte	0x53
 147 0053 02       		.uleb128 0x2
 148 0054 04       		.byte	0x4
 149 0055 07       		.byte	0x7
 150 0056 60000000 		.4byte	.LASF5
 151 005a 02       		.uleb128 0x2
 152 005b 08       		.byte	0x8
 153 005c 05       		.byte	0x5
 154 005d 00000000 		.4byte	.LASF6
 155 0061 02       		.uleb128 0x2
 156 0062 08       		.byte	0x8
 157 0063 07       		.byte	0x7
 158 0064 72000000 		.4byte	.LASF7
 159 0068 04       		.uleb128 0x4
 160 0069 04       		.byte	0x4
 161 006a 05       		.byte	0x5
 162 006b 696E7400 		.ascii	"int\000"
 163 006f 02       		.uleb128 0x2
 164 0070 04       		.byte	0x4
 165 0071 07       		.byte	0x7
 166 0072 0E000000 		.4byte	.LASF8
 167 0076 03       		.uleb128 0x3
 168 0077 AA000000 		.4byte	.LASF10
 169 007b 03       		.byte	0x3
 170 007c 2D       		.byte	0x2d
 171 007d 48000000 		.4byte	0x48
 172 0081 02       		.uleb128 0x2
 173 0082 04       		.byte	0x4
 174 0083 07       		.byte	0x7
 175 0084 5B010000 		.4byte	.LASF11
ARM GAS  C:\Users\fneves\AppData\Local\Temp\ccCEWkBv.s 			page 7


 176 0088 02       		.uleb128 0x2
 177 0089 01       		.byte	0x1
 178 008a 08       		.byte	0x8
 179 008b A5000000 		.4byte	.LASF12
 180 008f 02       		.uleb128 0x2
 181 0090 08       		.byte	0x8
 182 0091 04       		.byte	0x4
 183 0092 C1000000 		.4byte	.LASF13
 184 0096 02       		.uleb128 0x2
 185 0097 04       		.byte	0x4
 186 0098 04       		.byte	0x4
 187 0099 89000000 		.4byte	.LASF14
 188 009d 02       		.uleb128 0x2
 189 009e 08       		.byte	0x8
 190 009f 04       		.byte	0x4
 191 00a0 F7000000 		.4byte	.LASF15
 192 00a4 05       		.uleb128 0x5
 193 00a5 51010000 		.4byte	.LASF16
 194 00a9 04       		.byte	0x4
 195 00aa A501     		.2byte	0x1a5
 196 00ac 96000000 		.4byte	0x96
 197 00b0 06       		.uleb128 0x6
 198 00b1 04       		.byte	0x4
 199 00b2 A4000000 		.4byte	0xa4
 200 00b6 07       		.uleb128 0x7
 201 00b7 6E010000 		.4byte	.LASF27
 202 00bb 01       		.byte	0x1
 203 00bc 3A       		.byte	0x3a
 204 00bd 00000000 		.4byte	.LFB82
 205 00c1 64000000 		.4byte	.LFE82-.LFB82
 206 00c5 01       		.uleb128 0x1
 207 00c6 9C       		.byte	0x9c
 208 00c7 3C010000 		.4byte	0x13c
 209 00cb 08       		.uleb128 0x8
 210 00cc BC000000 		.4byte	.LASF17
 211 00d0 01       		.byte	0x1
 212 00d1 3B       		.byte	0x3b
 213 00d2 B0000000 		.4byte	0xb0
 214 00d6 02       		.uleb128 0x2
 215 00d7 91       		.byte	0x91
 216 00d8 64       		.sleb128 -28
 217 00d9 08       		.uleb128 0x8
 218 00da 56000000 		.4byte	.LASF18
 219 00de 01       		.byte	0x1
 220 00df 3C       		.byte	0x3c
 221 00e0 76000000 		.4byte	0x76
 222 00e4 02       		.uleb128 0x2
 223 00e5 91       		.byte	0x91
 224 00e6 60       		.sleb128 -32
 225 00e7 08       		.uleb128 0x8
 226 00e8 8F000000 		.4byte	.LASF19
 227 00ec 01       		.byte	0x1
 228 00ed 3D       		.byte	0x3d
 229 00ee B0000000 		.4byte	0xb0
 230 00f2 02       		.uleb128 0x2
 231 00f3 91       		.byte	0x91
 232 00f4 5C       		.sleb128 -36
ARM GAS  C:\Users\fneves\AppData\Local\Temp\ccCEWkBv.s 			page 8


 233 00f5 08       		.uleb128 0x8
 234 00f6 44000000 		.4byte	.LASF20
 235 00fa 01       		.byte	0x1
 236 00fb 3E       		.byte	0x3e
 237 00fc 3C010000 		.4byte	0x13c
 238 0100 02       		.uleb128 0x2
 239 0101 91       		.byte	0x91
 240 0102 58       		.sleb128 -40
 241 0103 09       		.uleb128 0x9
 242 0104 03010000 		.4byte	.LASF21
 243 0108 01       		.byte	0x1
 244 0109 86       		.byte	0x86
 245 010a A4000000 		.4byte	0xa4
 246 010e 02       		.uleb128 0x2
 247 010f 91       		.byte	0x91
 248 0110 68       		.sleb128 -24
 249 0111 0A       		.uleb128 0xa
 250 0112 6F757400 		.ascii	"out\000"
 251 0116 01       		.byte	0x1
 252 0117 86       		.byte	0x86
 253 0118 A4000000 		.4byte	0xa4
 254 011c 02       		.uleb128 0x2
 255 011d 91       		.byte	0x91
 256 011e 74       		.sleb128 -12
 257 011f 09       		.uleb128 0x9
 258 0120 D1000000 		.4byte	.LASF22
 259 0124 01       		.byte	0x1
 260 0125 87       		.byte	0x87
 261 0126 76000000 		.4byte	0x76
 262 012a 02       		.uleb128 0x2
 263 012b 91       		.byte	0x91
 264 012c 70       		.sleb128 -16
 265 012d 09       		.uleb128 0x9
 266 012e C8000000 		.4byte	.LASF23
 267 0132 01       		.byte	0x1
 268 0133 87       		.byte	0x87
 269 0134 76000000 		.4byte	0x76
 270 0138 02       		.uleb128 0x2
 271 0139 91       		.byte	0x91
 272 013a 6C       		.sleb128 -20
 273 013b 00       		.byte	0
 274 013c 06       		.uleb128 0x6
 275 013d 04       		.byte	0x4
 276 013e 76000000 		.4byte	0x76
 277 0142 00       		.byte	0
 278              		.section	.debug_abbrev,"",%progbits
 279              	.Ldebug_abbrev0:
 280 0000 01       		.uleb128 0x1
 281 0001 11       		.uleb128 0x11
 282 0002 01       		.byte	0x1
 283 0003 25       		.uleb128 0x25
 284 0004 0E       		.uleb128 0xe
 285 0005 13       		.uleb128 0x13
 286 0006 0B       		.uleb128 0xb
 287 0007 03       		.uleb128 0x3
 288 0008 0E       		.uleb128 0xe
 289 0009 1B       		.uleb128 0x1b
ARM GAS  C:\Users\fneves\AppData\Local\Temp\ccCEWkBv.s 			page 9


 290 000a 0E       		.uleb128 0xe
 291 000b 55       		.uleb128 0x55
 292 000c 17       		.uleb128 0x17
 293 000d 11       		.uleb128 0x11
 294 000e 01       		.uleb128 0x1
 295 000f 10       		.uleb128 0x10
 296 0010 17       		.uleb128 0x17
 297 0011 00       		.byte	0
 298 0012 00       		.byte	0
 299 0013 02       		.uleb128 0x2
 300 0014 24       		.uleb128 0x24
 301 0015 00       		.byte	0
 302 0016 0B       		.uleb128 0xb
 303 0017 0B       		.uleb128 0xb
 304 0018 3E       		.uleb128 0x3e
 305 0019 0B       		.uleb128 0xb
 306 001a 03       		.uleb128 0x3
 307 001b 0E       		.uleb128 0xe
 308 001c 00       		.byte	0
 309 001d 00       		.byte	0
 310 001e 03       		.uleb128 0x3
 311 001f 16       		.uleb128 0x16
 312 0020 00       		.byte	0
 313 0021 03       		.uleb128 0x3
 314 0022 0E       		.uleb128 0xe
 315 0023 3A       		.uleb128 0x3a
 316 0024 0B       		.uleb128 0xb
 317 0025 3B       		.uleb128 0x3b
 318 0026 0B       		.uleb128 0xb
 319 0027 49       		.uleb128 0x49
 320 0028 13       		.uleb128 0x13
 321 0029 00       		.byte	0
 322 002a 00       		.byte	0
 323 002b 04       		.uleb128 0x4
 324 002c 24       		.uleb128 0x24
 325 002d 00       		.byte	0
 326 002e 0B       		.uleb128 0xb
 327 002f 0B       		.uleb128 0xb
 328 0030 3E       		.uleb128 0x3e
 329 0031 0B       		.uleb128 0xb
 330 0032 03       		.uleb128 0x3
 331 0033 08       		.uleb128 0x8
 332 0034 00       		.byte	0
 333 0035 00       		.byte	0
 334 0036 05       		.uleb128 0x5
 335 0037 16       		.uleb128 0x16
 336 0038 00       		.byte	0
 337 0039 03       		.uleb128 0x3
 338 003a 0E       		.uleb128 0xe
 339 003b 3A       		.uleb128 0x3a
 340 003c 0B       		.uleb128 0xb
 341 003d 3B       		.uleb128 0x3b
 342 003e 05       		.uleb128 0x5
 343 003f 49       		.uleb128 0x49
 344 0040 13       		.uleb128 0x13
 345 0041 00       		.byte	0
 346 0042 00       		.byte	0
ARM GAS  C:\Users\fneves\AppData\Local\Temp\ccCEWkBv.s 			page 10


 347 0043 06       		.uleb128 0x6
 348 0044 0F       		.uleb128 0xf
 349 0045 00       		.byte	0
 350 0046 0B       		.uleb128 0xb
 351 0047 0B       		.uleb128 0xb
 352 0048 49       		.uleb128 0x49
 353 0049 13       		.uleb128 0x13
 354 004a 00       		.byte	0
 355 004b 00       		.byte	0
 356 004c 07       		.uleb128 0x7
 357 004d 2E       		.uleb128 0x2e
 358 004e 01       		.byte	0x1
 359 004f 3F       		.uleb128 0x3f
 360 0050 19       		.uleb128 0x19
 361 0051 03       		.uleb128 0x3
 362 0052 0E       		.uleb128 0xe
 363 0053 3A       		.uleb128 0x3a
 364 0054 0B       		.uleb128 0xb
 365 0055 3B       		.uleb128 0x3b
 366 0056 0B       		.uleb128 0xb
 367 0057 27       		.uleb128 0x27
 368 0058 19       		.uleb128 0x19
 369 0059 11       		.uleb128 0x11
 370 005a 01       		.uleb128 0x1
 371 005b 12       		.uleb128 0x12
 372 005c 06       		.uleb128 0x6
 373 005d 40       		.uleb128 0x40
 374 005e 18       		.uleb128 0x18
 375 005f 9642     		.uleb128 0x2116
 376 0061 19       		.uleb128 0x19
 377 0062 01       		.uleb128 0x1
 378 0063 13       		.uleb128 0x13
 379 0064 00       		.byte	0
 380 0065 00       		.byte	0
 381 0066 08       		.uleb128 0x8
 382 0067 05       		.uleb128 0x5
 383 0068 00       		.byte	0
 384 0069 03       		.uleb128 0x3
 385 006a 0E       		.uleb128 0xe
 386 006b 3A       		.uleb128 0x3a
 387 006c 0B       		.uleb128 0xb
 388 006d 3B       		.uleb128 0x3b
 389 006e 0B       		.uleb128 0xb
 390 006f 49       		.uleb128 0x49
 391 0070 13       		.uleb128 0x13
 392 0071 02       		.uleb128 0x2
 393 0072 18       		.uleb128 0x18
 394 0073 00       		.byte	0
 395 0074 00       		.byte	0
 396 0075 09       		.uleb128 0x9
 397 0076 34       		.uleb128 0x34
 398 0077 00       		.byte	0
 399 0078 03       		.uleb128 0x3
 400 0079 0E       		.uleb128 0xe
 401 007a 3A       		.uleb128 0x3a
 402 007b 0B       		.uleb128 0xb
 403 007c 3B       		.uleb128 0x3b
ARM GAS  C:\Users\fneves\AppData\Local\Temp\ccCEWkBv.s 			page 11


 404 007d 0B       		.uleb128 0xb
 405 007e 49       		.uleb128 0x49
 406 007f 13       		.uleb128 0x13
 407 0080 02       		.uleb128 0x2
 408 0081 18       		.uleb128 0x18
 409 0082 00       		.byte	0
 410 0083 00       		.byte	0
 411 0084 0A       		.uleb128 0xa
 412 0085 34       		.uleb128 0x34
 413 0086 00       		.byte	0
 414 0087 03       		.uleb128 0x3
 415 0088 08       		.uleb128 0x8
 416 0089 3A       		.uleb128 0x3a
 417 008a 0B       		.uleb128 0xb
 418 008b 3B       		.uleb128 0x3b
 419 008c 0B       		.uleb128 0xb
 420 008d 49       		.uleb128 0x49
 421 008e 13       		.uleb128 0x13
 422 008f 02       		.uleb128 0x2
 423 0090 18       		.uleb128 0x18
 424 0091 00       		.byte	0
 425 0092 00       		.byte	0
 426 0093 00       		.byte	0
 427              		.section	.debug_aranges,"",%progbits
 428 0000 1C000000 		.4byte	0x1c
 429 0004 0200     		.2byte	0x2
 430 0006 00000000 		.4byte	.Ldebug_info0
 431 000a 04       		.byte	0x4
 432 000b 00       		.byte	0
 433 000c 0000     		.2byte	0
 434 000e 0000     		.2byte	0
 435 0010 00000000 		.4byte	.LFB82
 436 0014 64000000 		.4byte	.LFE82-.LFB82
 437 0018 00000000 		.4byte	0
 438 001c 00000000 		.4byte	0
 439              		.section	.debug_ranges,"",%progbits
 440              	.Ldebug_ranges0:
 441 0000 00000000 		.4byte	.LFB82
 442 0004 64000000 		.4byte	.LFE82
 443 0008 00000000 		.4byte	0
 444 000c 00000000 		.4byte	0
 445              		.section	.debug_line,"",%progbits
 446              	.Ldebug_line0:
 447 0000 78010000 		.section	.debug_str,"MS",%progbits,1
 447      02004F01 
 447      00000201 
 447      FB0E0D00 
 447      01010101 
 448              	.LASF6:
 449 0000 6C6F6E67 		.ascii	"long long int\000"
 449      206C6F6E 
 449      6720696E 
 449      7400
 450              	.LASF8:
 451 000e 756E7369 		.ascii	"unsigned int\000"
 451      676E6564 
 451      20696E74 
ARM GAS  C:\Users\fneves\AppData\Local\Temp\ccCEWkBv.s 			page 12


 451      00
 452              	.LASF25:
 453 001b 536F7572 		.ascii	"Source\\StatisticsFunctions\\arm_min_f32.c\000"
 453      63655C53 
 453      74617469 
 453      73746963 
 453      7346756E 
 454              	.LASF20:
 455 0044 70496E64 		.ascii	"pIndex\000"
 455      657800
 456              	.LASF9:
 457 004b 5F5F7569 		.ascii	"__uint32_t\000"
 457      6E743332 
 457      5F7400
 458              	.LASF18:
 459 0056 626C6F63 		.ascii	"blockSize\000"
 459      6B53697A 
 459      6500
 460              	.LASF5:
 461 0060 6C6F6E67 		.ascii	"long unsigned int\000"
 461      20756E73 
 461      69676E65 
 461      6420696E 
 461      7400
 462              	.LASF7:
 463 0072 6C6F6E67 		.ascii	"long long unsigned int\000"
 463      206C6F6E 
 463      6720756E 
 463      7369676E 
 463      65642069 
 464              	.LASF14:
 465 0089 666C6F61 		.ascii	"float\000"
 465      7400
 466              	.LASF19:
 467 008f 70526573 		.ascii	"pResult\000"
 467      756C7400 
 468              	.LASF1:
 469 0097 756E7369 		.ascii	"unsigned char\000"
 469      676E6564 
 469      20636861 
 469      7200
 470              	.LASF12:
 471 00a5 63686172 		.ascii	"char\000"
 471      00
 472              	.LASF10:
 473 00aa 75696E74 		.ascii	"uint32_t\000"
 473      33325F74 
 473      00
 474              	.LASF4:
 475 00b3 6C6F6E67 		.ascii	"long int\000"
 475      20696E74 
 475      00
 476              	.LASF17:
 477 00bc 70537263 		.ascii	"pSrc\000"
 477      00
 478              	.LASF13:
 479 00c1 646F7562 		.ascii	"double\000"
ARM GAS  C:\Users\fneves\AppData\Local\Temp\ccCEWkBv.s 			page 13


 479      6C6500
 480              	.LASF23:
 481 00c8 6F757449 		.ascii	"outIndex\000"
 481      6E646578 
 481      00
 482              	.LASF22:
 483 00d1 626C6B43 		.ascii	"blkCnt\000"
 483      6E7400
 484              	.LASF3:
 485 00d8 73686F72 		.ascii	"short unsigned int\000"
 485      7420756E 
 485      7369676E 
 485      65642069 
 485      6E7400
 486              	.LASF0:
 487 00eb 7369676E 		.ascii	"signed char\000"
 487      65642063 
 487      68617200 
 488              	.LASF15:
 489 00f7 6C6F6E67 		.ascii	"long double\000"
 489      20646F75 
 489      626C6500 
 490              	.LASF21:
 491 0103 6D696E56 		.ascii	"minVal1\000"
 491      616C3100 
 492              	.LASF26:
 493 010b 433A5C55 		.ascii	"C:\\Users\\fneves\\Documents\\PSoC Creator\\wp_1\\e"
 493      73657273 
 493      5C666E65 
 493      7665735C 
 493      446F6375 
 494 0138 6E67696E 		.ascii	"ngine_speed_sensor.cydsn\000"
 494      655F7370 
 494      6565645F 
 494      73656E73 
 494      6F722E63 
 495              	.LASF16:
 496 0151 666C6F61 		.ascii	"float32_t\000"
 496      7433325F 
 496      7400
 497              	.LASF11:
 498 015b 73697A65 		.ascii	"sizetype\000"
 498      74797065 
 498      00
 499              	.LASF2:
 500 0164 73686F72 		.ascii	"short int\000"
 500      7420696E 
 500      7400
 501              	.LASF27:
 502 016e 61726D5F 		.ascii	"arm_min_f32\000"
 502      6D696E5F 
 502      66333200 
 503              	.LASF24:
 504 017a 474E5520 		.ascii	"GNU C 4.9.3 20150303 (release) [ARM/embedded-4_9-br"
 504      4320342E 
 504      392E3320 
 504      32303135 
ARM GAS  C:\Users\fneves\AppData\Local\Temp\ccCEWkBv.s 			page 14


 504      30333033 
 505 01ad 616E6368 		.ascii	"anch revision 221220] -mcpu=cortex-m0plus -mthumb -"
 505      20726576 
 505      6973696F 
 505      6E203232 
 505      31323230 
 506 01e0 67202D4F 		.ascii	"g -O0 -ffunction-sections -ffat-lto-objects\000"
 506      30202D66 
 506      66756E63 
 506      74696F6E 
 506      2D736563 
 507              		.ident	"GCC: (GNU Tools for ARM Embedded Processors) 4.9.3 20150303 (release) [ARM/embedded-4_9-br
