ARM GAS  C:\Users\fneves\AppData\Local\Temp\ccdBTKwV.s 			page 1


   1              		.cpu cortex-m0plus
   2              		.fpu softvfp
   3              		.eabi_attribute 20, 1
   4              		.eabi_attribute 21, 1
   5              		.eabi_attribute 23, 3
   6              		.eabi_attribute 24, 1
   7              		.eabi_attribute 25, 1
   8              		.eabi_attribute 26, 1
   9              		.eabi_attribute 30, 6
  10              		.eabi_attribute 34, 0
  11              		.eabi_attribute 18, 4
  12              		.code	16
  13              		.file	"arm_q31_to_float.c"
  14              		.text
  15              	.Ltext0:
  16              		.cfi_sections	.debug_frame
  17              		.global	__aeabi_i2f
  18              		.global	__aeabi_fdiv
  19              		.section	.text.arm_q31_to_float,"ax",%progbits
  20              		.align	2
  21              		.global	arm_q31_to_float
  22              		.code	16
  23              		.thumb_func
  24              		.type	arm_q31_to_float, %function
  25              	arm_q31_to_float:
  26              	.LFB82:
  27              		.file 1 "Source\\SupportFunctions\\arm_q31_to_float.c"
   1:Source\SupportFunctions/arm_q31_to_float.c **** /* ----------------------------------------------------------------------
   2:Source\SupportFunctions/arm_q31_to_float.c ****  * Project:      CMSIS DSP Library
   3:Source\SupportFunctions/arm_q31_to_float.c ****  * Title:        arm_q31_to_float.c
   4:Source\SupportFunctions/arm_q31_to_float.c ****  * Description:  Converts the elements of the Q31 vector to floating-point vector
   5:Source\SupportFunctions/arm_q31_to_float.c ****  *
   6:Source\SupportFunctions/arm_q31_to_float.c ****  * $Date:        27. January 2017
   7:Source\SupportFunctions/arm_q31_to_float.c ****  * $Revision:    V.1.5.1
   8:Source\SupportFunctions/arm_q31_to_float.c ****  *
   9:Source\SupportFunctions/arm_q31_to_float.c ****  * Target Processor: Cortex-M cores
  10:Source\SupportFunctions/arm_q31_to_float.c ****  * -------------------------------------------------------------------- */
  11:Source\SupportFunctions/arm_q31_to_float.c **** /*
  12:Source\SupportFunctions/arm_q31_to_float.c ****  * Copyright (C) 2010-2017 ARM Limited or its affiliates. All rights reserved.
  13:Source\SupportFunctions/arm_q31_to_float.c ****  *
  14:Source\SupportFunctions/arm_q31_to_float.c ****  * SPDX-License-Identifier: Apache-2.0
  15:Source\SupportFunctions/arm_q31_to_float.c ****  *
  16:Source\SupportFunctions/arm_q31_to_float.c ****  * Licensed under the Apache License, Version 2.0 (the License); you may
  17:Source\SupportFunctions/arm_q31_to_float.c ****  * not use this file except in compliance with the License.
  18:Source\SupportFunctions/arm_q31_to_float.c ****  * You may obtain a copy of the License at
  19:Source\SupportFunctions/arm_q31_to_float.c ****  *
  20:Source\SupportFunctions/arm_q31_to_float.c ****  * www.apache.org/licenses/LICENSE-2.0
  21:Source\SupportFunctions/arm_q31_to_float.c ****  *
  22:Source\SupportFunctions/arm_q31_to_float.c ****  * Unless required by applicable law or agreed to in writing, software
  23:Source\SupportFunctions/arm_q31_to_float.c ****  * distributed under the License is distributed on an AS IS BASIS, WITHOUT
  24:Source\SupportFunctions/arm_q31_to_float.c ****  * WARRANTIES OR CONDITIONS OF ANY KIND, either express or implied.
  25:Source\SupportFunctions/arm_q31_to_float.c ****  * See the License for the specific language governing permissions and
  26:Source\SupportFunctions/arm_q31_to_float.c ****  * limitations under the License.
  27:Source\SupportFunctions/arm_q31_to_float.c ****  */
  28:Source\SupportFunctions/arm_q31_to_float.c **** 
  29:Source\SupportFunctions/arm_q31_to_float.c **** #include "arm_math.h"
  30:Source\SupportFunctions/arm_q31_to_float.c **** 
ARM GAS  C:\Users\fneves\AppData\Local\Temp\ccdBTKwV.s 			page 2


  31:Source\SupportFunctions/arm_q31_to_float.c **** /**
  32:Source\SupportFunctions/arm_q31_to_float.c ****  * @ingroup groupSupport
  33:Source\SupportFunctions/arm_q31_to_float.c ****  */
  34:Source\SupportFunctions/arm_q31_to_float.c **** 
  35:Source\SupportFunctions/arm_q31_to_float.c **** /**
  36:Source\SupportFunctions/arm_q31_to_float.c ****  * @defgroup q31_to_x  Convert 32-bit Integer value
  37:Source\SupportFunctions/arm_q31_to_float.c ****  */
  38:Source\SupportFunctions/arm_q31_to_float.c **** 
  39:Source\SupportFunctions/arm_q31_to_float.c **** /**
  40:Source\SupportFunctions/arm_q31_to_float.c ****  * @addtogroup q31_to_x
  41:Source\SupportFunctions/arm_q31_to_float.c ****  * @{
  42:Source\SupportFunctions/arm_q31_to_float.c ****  */
  43:Source\SupportFunctions/arm_q31_to_float.c **** 
  44:Source\SupportFunctions/arm_q31_to_float.c **** /**
  45:Source\SupportFunctions/arm_q31_to_float.c ****  * @brief Converts the elements of the Q31 vector to floating-point vector.
  46:Source\SupportFunctions/arm_q31_to_float.c ****  * @param[in]       *pSrc points to the Q31 input vector
  47:Source\SupportFunctions/arm_q31_to_float.c ****  * @param[out]      *pDst points to the floating-point output vector
  48:Source\SupportFunctions/arm_q31_to_float.c ****  * @param[in]       blockSize length of the input vector
  49:Source\SupportFunctions/arm_q31_to_float.c ****  * @return none.
  50:Source\SupportFunctions/arm_q31_to_float.c ****  *
  51:Source\SupportFunctions/arm_q31_to_float.c ****  * \par Description:
  52:Source\SupportFunctions/arm_q31_to_float.c ****  *
  53:Source\SupportFunctions/arm_q31_to_float.c ****  * The equation used for the conversion process is:
  54:Source\SupportFunctions/arm_q31_to_float.c ****  *
  55:Source\SupportFunctions/arm_q31_to_float.c ****  * <pre>
  56:Source\SupportFunctions/arm_q31_to_float.c ****  * 	pDst[n] = (float32_t) pSrc[n] / 2147483648;   0 <= n < blockSize.
  57:Source\SupportFunctions/arm_q31_to_float.c ****  * </pre>
  58:Source\SupportFunctions/arm_q31_to_float.c ****  *
  59:Source\SupportFunctions/arm_q31_to_float.c ****  */
  60:Source\SupportFunctions/arm_q31_to_float.c **** 
  61:Source\SupportFunctions/arm_q31_to_float.c **** 
  62:Source\SupportFunctions/arm_q31_to_float.c **** void arm_q31_to_float(
  63:Source\SupportFunctions/arm_q31_to_float.c ****   q31_t * pSrc,
  64:Source\SupportFunctions/arm_q31_to_float.c ****   float32_t * pDst,
  65:Source\SupportFunctions/arm_q31_to_float.c ****   uint32_t blockSize)
  66:Source\SupportFunctions/arm_q31_to_float.c **** {
  28              		.loc 1 66 0
  29              		.cfi_startproc
  30 0000 90B5     		push	{r4, r7, lr}
  31              		.cfi_def_cfa_offset 12
  32              		.cfi_offset 4, -12
  33              		.cfi_offset 7, -8
  34              		.cfi_offset 14, -4
  35 0002 87B0     		sub	sp, sp, #28
  36              		.cfi_def_cfa_offset 40
  37 0004 00AF     		add	r7, sp, #0
  38              		.cfi_def_cfa_register 7
  39 0006 F860     		str	r0, [r7, #12]
  40 0008 B960     		str	r1, [r7, #8]
  41 000a 7A60     		str	r2, [r7, #4]
  67:Source\SupportFunctions/arm_q31_to_float.c ****   q31_t *pIn = pSrc;                             /* Src pointer */
  42              		.loc 1 67 0
  43 000c FB68     		ldr	r3, [r7, #12]
  44 000e 7B61     		str	r3, [r7, #20]
  68:Source\SupportFunctions/arm_q31_to_float.c ****   uint32_t blkCnt;                               /* loop counter */
  69:Source\SupportFunctions/arm_q31_to_float.c **** 
  70:Source\SupportFunctions/arm_q31_to_float.c **** 
ARM GAS  C:\Users\fneves\AppData\Local\Temp\ccdBTKwV.s 			page 3


  71:Source\SupportFunctions/arm_q31_to_float.c **** #if defined (ARM_MATH_DSP)
  72:Source\SupportFunctions/arm_q31_to_float.c **** 
  73:Source\SupportFunctions/arm_q31_to_float.c ****   /* Run the below code for Cortex-M4 and Cortex-M3 */
  74:Source\SupportFunctions/arm_q31_to_float.c **** 
  75:Source\SupportFunctions/arm_q31_to_float.c ****   /*loop Unrolling */
  76:Source\SupportFunctions/arm_q31_to_float.c ****   blkCnt = blockSize >> 2u;
  77:Source\SupportFunctions/arm_q31_to_float.c **** 
  78:Source\SupportFunctions/arm_q31_to_float.c ****   /* First part of the processing with loop unrolling.  Compute 4 outputs at a time.
  79:Source\SupportFunctions/arm_q31_to_float.c ****    ** a second loop below computes the remaining 1 to 3 samples. */
  80:Source\SupportFunctions/arm_q31_to_float.c ****   while (blkCnt > 0u)
  81:Source\SupportFunctions/arm_q31_to_float.c ****   {
  82:Source\SupportFunctions/arm_q31_to_float.c ****     /* C = (float32_t) A / 2147483648 */
  83:Source\SupportFunctions/arm_q31_to_float.c ****     /* convert from q31 to float and then store the results in the destination buffer */
  84:Source\SupportFunctions/arm_q31_to_float.c ****     *pDst++ = ((float32_t) * pIn++ / 2147483648.0f);
  85:Source\SupportFunctions/arm_q31_to_float.c ****     *pDst++ = ((float32_t) * pIn++ / 2147483648.0f);
  86:Source\SupportFunctions/arm_q31_to_float.c ****     *pDst++ = ((float32_t) * pIn++ / 2147483648.0f);
  87:Source\SupportFunctions/arm_q31_to_float.c ****     *pDst++ = ((float32_t) * pIn++ / 2147483648.0f);
  88:Source\SupportFunctions/arm_q31_to_float.c **** 
  89:Source\SupportFunctions/arm_q31_to_float.c ****     /* Decrement the loop counter */
  90:Source\SupportFunctions/arm_q31_to_float.c ****     blkCnt--;
  91:Source\SupportFunctions/arm_q31_to_float.c ****   }
  92:Source\SupportFunctions/arm_q31_to_float.c **** 
  93:Source\SupportFunctions/arm_q31_to_float.c ****   /* If the blockSize is not a multiple of 4, compute any remaining output samples here.
  94:Source\SupportFunctions/arm_q31_to_float.c ****    ** No loop unrolling is used. */
  95:Source\SupportFunctions/arm_q31_to_float.c ****   blkCnt = blockSize % 0x4u;
  96:Source\SupportFunctions/arm_q31_to_float.c **** 
  97:Source\SupportFunctions/arm_q31_to_float.c **** #else
  98:Source\SupportFunctions/arm_q31_to_float.c **** 
  99:Source\SupportFunctions/arm_q31_to_float.c ****   /* Run the below code for Cortex-M0 */
 100:Source\SupportFunctions/arm_q31_to_float.c **** 
 101:Source\SupportFunctions/arm_q31_to_float.c ****   /* Loop over blockSize number of values */
 102:Source\SupportFunctions/arm_q31_to_float.c ****   blkCnt = blockSize;
  45              		.loc 1 102 0
  46 0010 7B68     		ldr	r3, [r7, #4]
  47 0012 3B61     		str	r3, [r7, #16]
 103:Source\SupportFunctions/arm_q31_to_float.c **** 
 104:Source\SupportFunctions/arm_q31_to_float.c **** #endif /* #if defined (ARM_MATH_DSP) */
 105:Source\SupportFunctions/arm_q31_to_float.c **** 
 106:Source\SupportFunctions/arm_q31_to_float.c ****   while (blkCnt > 0u)
  48              		.loc 1 106 0
  49 0014 14E0     		b	.L2
  50              	.L3:
 107:Source\SupportFunctions/arm_q31_to_float.c ****   {
 108:Source\SupportFunctions/arm_q31_to_float.c ****     /* C = (float32_t) A / 2147483648 */
 109:Source\SupportFunctions/arm_q31_to_float.c ****     /* convert from q31 to float and then store the results in the destination buffer */
 110:Source\SupportFunctions/arm_q31_to_float.c ****     *pDst++ = ((float32_t) * pIn++ / 2147483648.0f);
  51              		.loc 1 110 0
  52 0016 BC68     		ldr	r4, [r7, #8]
  53 0018 231D     		add	r3, r4, #4
  54 001a BB60     		str	r3, [r7, #8]
  55 001c 7B69     		ldr	r3, [r7, #20]
  56 001e 1A1D     		add	r2, r3, #4
  57 0020 7A61     		str	r2, [r7, #20]
  58 0022 1B68     		ldr	r3, [r3]
  59 0024 181C     		mov	r0, r3
  60 0026 FFF7FEFF 		bl	__aeabi_i2f
  61 002a 031C     		add	r3, r0, #0
ARM GAS  C:\Users\fneves\AppData\Local\Temp\ccdBTKwV.s 			page 4


  62 002c 181C     		add	r0, r3, #0
  63 002e 9E21     		mov	r1, #158
  64 0030 C905     		lsl	r1, r1, #23
  65 0032 FFF7FEFF 		bl	__aeabi_fdiv
  66 0036 031C     		add	r3, r0, #0
  67 0038 2360     		str	r3, [r4]
 111:Source\SupportFunctions/arm_q31_to_float.c **** 
 112:Source\SupportFunctions/arm_q31_to_float.c ****     /* Decrement the loop counter */
 113:Source\SupportFunctions/arm_q31_to_float.c ****     blkCnt--;
  68              		.loc 1 113 0
  69 003a 3B69     		ldr	r3, [r7, #16]
  70 003c 013B     		sub	r3, r3, #1
  71 003e 3B61     		str	r3, [r7, #16]
  72              	.L2:
 106:Source\SupportFunctions/arm_q31_to_float.c ****   {
  73              		.loc 1 106 0
  74 0040 3B69     		ldr	r3, [r7, #16]
  75 0042 002B     		cmp	r3, #0
  76 0044 E7D1     		bne	.L3
 114:Source\SupportFunctions/arm_q31_to_float.c ****   }
 115:Source\SupportFunctions/arm_q31_to_float.c **** }
  77              		.loc 1 115 0
  78 0046 BD46     		mov	sp, r7
  79 0048 07B0     		add	sp, sp, #28
  80              		@ sp needed
  81 004a 90BD     		pop	{r4, r7, pc}
  82              		.cfi_endproc
  83              	.LFE82:
  84              		.size	arm_q31_to_float, .-arm_q31_to_float
  85              		.text
  86              	.Letext0:
  87              		.file 2 "c:\\program files (x86)\\cypress\\psoc creator\\4.0\\psoc creator\\import\\gnu\\arm\\4.9.
  88              		.file 3 "c:\\program files (x86)\\cypress\\psoc creator\\4.0\\psoc creator\\import\\gnu\\arm\\4.9.
  89              		.file 4 ".\\Include/arm_math.h"
  90              		.section	.debug_info,"",%progbits
  91              	.Ldebug_info0:
  92 0000 33010000 		.4byte	0x133
  93 0004 0400     		.2byte	0x4
  94 0006 00000000 		.4byte	.Ldebug_abbrev0
  95 000a 04       		.byte	0x4
  96 000b 01       		.uleb128 0x1
  97 000c 53010000 		.4byte	.LASF24
  98 0010 01       		.byte	0x1
  99 0011 E5010000 		.4byte	.LASF25
 100 0015 EC000000 		.4byte	.LASF26
 101 0019 00000000 		.4byte	.Ldebug_ranges0+0
 102 001d 00000000 		.4byte	0
 103 0021 00000000 		.4byte	.Ldebug_line0
 104 0025 02       		.uleb128 0x2
 105 0026 01       		.byte	0x1
 106 0027 06       		.byte	0x6
 107 0028 D4000000 		.4byte	.LASF0
 108 002c 02       		.uleb128 0x2
 109 002d 01       		.byte	0x1
 110 002e 08       		.byte	0x8
 111 002f 78000000 		.4byte	.LASF1
 112 0033 02       		.uleb128 0x2
ARM GAS  C:\Users\fneves\AppData\Local\Temp\ccdBTKwV.s 			page 5


 113 0034 02       		.byte	0x2
 114 0035 05       		.byte	0x5
 115 0036 3B010000 		.4byte	.LASF2
 116 003a 02       		.uleb128 0x2
 117 003b 02       		.byte	0x2
 118 003c 07       		.byte	0x7
 119 003d C1000000 		.4byte	.LASF3
 120 0041 03       		.uleb128 0x3
 121 0042 64000000 		.4byte	.LASF5
 122 0046 02       		.byte	0x2
 123 0047 3F       		.byte	0x3f
 124 0048 4C000000 		.4byte	0x4c
 125 004c 02       		.uleb128 0x2
 126 004d 04       		.byte	0x4
 127 004e 05       		.byte	0x5
 128 004f A5000000 		.4byte	.LASF4
 129 0053 03       		.uleb128 0x3
 130 0054 20000000 		.4byte	.LASF6
 131 0058 02       		.byte	0x2
 132 0059 41       		.byte	0x41
 133 005a 5E000000 		.4byte	0x5e
 134 005e 02       		.uleb128 0x2
 135 005f 04       		.byte	0x4
 136 0060 07       		.byte	0x7
 137 0061 35000000 		.4byte	.LASF7
 138 0065 02       		.uleb128 0x2
 139 0066 08       		.byte	0x8
 140 0067 05       		.byte	0x5
 141 0068 00000000 		.4byte	.LASF8
 142 006c 02       		.uleb128 0x2
 143 006d 08       		.byte	0x8
 144 006e 07       		.byte	0x7
 145 006f 47000000 		.4byte	.LASF9
 146 0073 04       		.uleb128 0x4
 147 0074 04       		.byte	0x4
 148 0075 05       		.byte	0x5
 149 0076 696E7400 		.ascii	"int\000"
 150 007a 02       		.uleb128 0x2
 151 007b 04       		.byte	0x4
 152 007c 07       		.byte	0x7
 153 007d 0E000000 		.4byte	.LASF10
 154 0081 03       		.uleb128 0x3
 155 0082 45010000 		.4byte	.LASF11
 156 0086 03       		.byte	0x3
 157 0087 2C       		.byte	0x2c
 158 0088 41000000 		.4byte	0x41
 159 008c 03       		.uleb128 0x3
 160 008d 9C000000 		.4byte	.LASF12
 161 0091 03       		.byte	0x3
 162 0092 2D       		.byte	0x2d
 163 0093 53000000 		.4byte	0x53
 164 0097 02       		.uleb128 0x2
 165 0098 04       		.byte	0x4
 166 0099 07       		.byte	0x7
 167 009a 32010000 		.4byte	.LASF13
 168 009e 02       		.uleb128 0x2
 169 009f 01       		.byte	0x1
ARM GAS  C:\Users\fneves\AppData\Local\Temp\ccdBTKwV.s 			page 6


 170 00a0 08       		.byte	0x8
 171 00a1 86000000 		.4byte	.LASF14
 172 00a5 02       		.uleb128 0x2
 173 00a6 08       		.byte	0x8
 174 00a7 04       		.byte	0x4
 175 00a8 B3000000 		.4byte	.LASF15
 176 00ac 02       		.uleb128 0x2
 177 00ad 04       		.byte	0x4
 178 00ae 04       		.byte	0x4
 179 00af 5E000000 		.4byte	.LASF16
 180 00b3 02       		.uleb128 0x2
 181 00b4 08       		.byte	0x8
 182 00b5 04       		.byte	0x4
 183 00b6 E0000000 		.4byte	.LASF17
 184 00ba 05       		.uleb128 0x5
 185 00bb 4D010000 		.4byte	.LASF18
 186 00bf 04       		.byte	0x4
 187 00c0 9B01     		.2byte	0x19b
 188 00c2 81000000 		.4byte	0x81
 189 00c6 05       		.uleb128 0x5
 190 00c7 6E000000 		.4byte	.LASF19
 191 00cb 04       		.byte	0x4
 192 00cc A501     		.2byte	0x1a5
 193 00ce AC000000 		.4byte	0xac
 194 00d2 06       		.uleb128 0x6
 195 00d3 04       		.byte	0x4
 196 00d4 BA000000 		.4byte	0xba
 197 00d8 06       		.uleb128 0x6
 198 00d9 04       		.byte	0x4
 199 00da C6000000 		.4byte	0xc6
 200 00de 07       		.uleb128 0x7
 201 00df 8B000000 		.4byte	.LASF27
 202 00e3 01       		.byte	0x1
 203 00e4 3E       		.byte	0x3e
 204 00e5 00000000 		.4byte	.LFB82
 205 00e9 4C000000 		.4byte	.LFE82-.LFB82
 206 00ed 01       		.uleb128 0x1
 207 00ee 9C       		.byte	0x9c
 208 00ef 08       		.uleb128 0x8
 209 00f0 AE000000 		.4byte	.LASF20
 210 00f4 01       		.byte	0x1
 211 00f5 3F       		.byte	0x3f
 212 00f6 D2000000 		.4byte	0xd2
 213 00fa 02       		.uleb128 0x2
 214 00fb 91       		.byte	0x91
 215 00fc 64       		.sleb128 -28
 216 00fd 08       		.uleb128 0x8
 217 00fe 1B000000 		.4byte	.LASF21
 218 0102 01       		.byte	0x1
 219 0103 40       		.byte	0x40
 220 0104 D8000000 		.4byte	0xd8
 221 0108 02       		.uleb128 0x2
 222 0109 91       		.byte	0x91
 223 010a 60       		.sleb128 -32
 224 010b 08       		.uleb128 0x8
 225 010c 2B000000 		.4byte	.LASF22
 226 0110 01       		.byte	0x1
ARM GAS  C:\Users\fneves\AppData\Local\Temp\ccdBTKwV.s 			page 7


 227 0111 41       		.byte	0x41
 228 0112 8C000000 		.4byte	0x8c
 229 0116 02       		.uleb128 0x2
 230 0117 91       		.byte	0x91
 231 0118 5C       		.sleb128 -36
 232 0119 09       		.uleb128 0x9
 233 011a 70496E00 		.ascii	"pIn\000"
 234 011e 01       		.byte	0x1
 235 011f 43       		.byte	0x43
 236 0120 D2000000 		.4byte	0xd2
 237 0124 02       		.uleb128 0x2
 238 0125 91       		.byte	0x91
 239 0126 6C       		.sleb128 -20
 240 0127 0A       		.uleb128 0xa
 241 0128 BA000000 		.4byte	.LASF23
 242 012c 01       		.byte	0x1
 243 012d 44       		.byte	0x44
 244 012e 8C000000 		.4byte	0x8c
 245 0132 02       		.uleb128 0x2
 246 0133 91       		.byte	0x91
 247 0134 68       		.sleb128 -24
 248 0135 00       		.byte	0
 249 0136 00       		.byte	0
 250              		.section	.debug_abbrev,"",%progbits
 251              	.Ldebug_abbrev0:
 252 0000 01       		.uleb128 0x1
 253 0001 11       		.uleb128 0x11
 254 0002 01       		.byte	0x1
 255 0003 25       		.uleb128 0x25
 256 0004 0E       		.uleb128 0xe
 257 0005 13       		.uleb128 0x13
 258 0006 0B       		.uleb128 0xb
 259 0007 03       		.uleb128 0x3
 260 0008 0E       		.uleb128 0xe
 261 0009 1B       		.uleb128 0x1b
 262 000a 0E       		.uleb128 0xe
 263 000b 55       		.uleb128 0x55
 264 000c 17       		.uleb128 0x17
 265 000d 11       		.uleb128 0x11
 266 000e 01       		.uleb128 0x1
 267 000f 10       		.uleb128 0x10
 268 0010 17       		.uleb128 0x17
 269 0011 00       		.byte	0
 270 0012 00       		.byte	0
 271 0013 02       		.uleb128 0x2
 272 0014 24       		.uleb128 0x24
 273 0015 00       		.byte	0
 274 0016 0B       		.uleb128 0xb
 275 0017 0B       		.uleb128 0xb
 276 0018 3E       		.uleb128 0x3e
 277 0019 0B       		.uleb128 0xb
 278 001a 03       		.uleb128 0x3
 279 001b 0E       		.uleb128 0xe
 280 001c 00       		.byte	0
 281 001d 00       		.byte	0
 282 001e 03       		.uleb128 0x3
 283 001f 16       		.uleb128 0x16
ARM GAS  C:\Users\fneves\AppData\Local\Temp\ccdBTKwV.s 			page 8


 284 0020 00       		.byte	0
 285 0021 03       		.uleb128 0x3
 286 0022 0E       		.uleb128 0xe
 287 0023 3A       		.uleb128 0x3a
 288 0024 0B       		.uleb128 0xb
 289 0025 3B       		.uleb128 0x3b
 290 0026 0B       		.uleb128 0xb
 291 0027 49       		.uleb128 0x49
 292 0028 13       		.uleb128 0x13
 293 0029 00       		.byte	0
 294 002a 00       		.byte	0
 295 002b 04       		.uleb128 0x4
 296 002c 24       		.uleb128 0x24
 297 002d 00       		.byte	0
 298 002e 0B       		.uleb128 0xb
 299 002f 0B       		.uleb128 0xb
 300 0030 3E       		.uleb128 0x3e
 301 0031 0B       		.uleb128 0xb
 302 0032 03       		.uleb128 0x3
 303 0033 08       		.uleb128 0x8
 304 0034 00       		.byte	0
 305 0035 00       		.byte	0
 306 0036 05       		.uleb128 0x5
 307 0037 16       		.uleb128 0x16
 308 0038 00       		.byte	0
 309 0039 03       		.uleb128 0x3
 310 003a 0E       		.uleb128 0xe
 311 003b 3A       		.uleb128 0x3a
 312 003c 0B       		.uleb128 0xb
 313 003d 3B       		.uleb128 0x3b
 314 003e 05       		.uleb128 0x5
 315 003f 49       		.uleb128 0x49
 316 0040 13       		.uleb128 0x13
 317 0041 00       		.byte	0
 318 0042 00       		.byte	0
 319 0043 06       		.uleb128 0x6
 320 0044 0F       		.uleb128 0xf
 321 0045 00       		.byte	0
 322 0046 0B       		.uleb128 0xb
 323 0047 0B       		.uleb128 0xb
 324 0048 49       		.uleb128 0x49
 325 0049 13       		.uleb128 0x13
 326 004a 00       		.byte	0
 327 004b 00       		.byte	0
 328 004c 07       		.uleb128 0x7
 329 004d 2E       		.uleb128 0x2e
 330 004e 01       		.byte	0x1
 331 004f 3F       		.uleb128 0x3f
 332 0050 19       		.uleb128 0x19
 333 0051 03       		.uleb128 0x3
 334 0052 0E       		.uleb128 0xe
 335 0053 3A       		.uleb128 0x3a
 336 0054 0B       		.uleb128 0xb
 337 0055 3B       		.uleb128 0x3b
 338 0056 0B       		.uleb128 0xb
 339 0057 27       		.uleb128 0x27
 340 0058 19       		.uleb128 0x19
ARM GAS  C:\Users\fneves\AppData\Local\Temp\ccdBTKwV.s 			page 9


 341 0059 11       		.uleb128 0x11
 342 005a 01       		.uleb128 0x1
 343 005b 12       		.uleb128 0x12
 344 005c 06       		.uleb128 0x6
 345 005d 40       		.uleb128 0x40
 346 005e 18       		.uleb128 0x18
 347 005f 9642     		.uleb128 0x2116
 348 0061 19       		.uleb128 0x19
 349 0062 00       		.byte	0
 350 0063 00       		.byte	0
 351 0064 08       		.uleb128 0x8
 352 0065 05       		.uleb128 0x5
 353 0066 00       		.byte	0
 354 0067 03       		.uleb128 0x3
 355 0068 0E       		.uleb128 0xe
 356 0069 3A       		.uleb128 0x3a
 357 006a 0B       		.uleb128 0xb
 358 006b 3B       		.uleb128 0x3b
 359 006c 0B       		.uleb128 0xb
 360 006d 49       		.uleb128 0x49
 361 006e 13       		.uleb128 0x13
 362 006f 02       		.uleb128 0x2
 363 0070 18       		.uleb128 0x18
 364 0071 00       		.byte	0
 365 0072 00       		.byte	0
 366 0073 09       		.uleb128 0x9
 367 0074 34       		.uleb128 0x34
 368 0075 00       		.byte	0
 369 0076 03       		.uleb128 0x3
 370 0077 08       		.uleb128 0x8
 371 0078 3A       		.uleb128 0x3a
 372 0079 0B       		.uleb128 0xb
 373 007a 3B       		.uleb128 0x3b
 374 007b 0B       		.uleb128 0xb
 375 007c 49       		.uleb128 0x49
 376 007d 13       		.uleb128 0x13
 377 007e 02       		.uleb128 0x2
 378 007f 18       		.uleb128 0x18
 379 0080 00       		.byte	0
 380 0081 00       		.byte	0
 381 0082 0A       		.uleb128 0xa
 382 0083 34       		.uleb128 0x34
 383 0084 00       		.byte	0
 384 0085 03       		.uleb128 0x3
 385 0086 0E       		.uleb128 0xe
 386 0087 3A       		.uleb128 0x3a
 387 0088 0B       		.uleb128 0xb
 388 0089 3B       		.uleb128 0x3b
 389 008a 0B       		.uleb128 0xb
 390 008b 49       		.uleb128 0x49
 391 008c 13       		.uleb128 0x13
 392 008d 02       		.uleb128 0x2
 393 008e 18       		.uleb128 0x18
 394 008f 00       		.byte	0
 395 0090 00       		.byte	0
 396 0091 00       		.byte	0
 397              		.section	.debug_aranges,"",%progbits
ARM GAS  C:\Users\fneves\AppData\Local\Temp\ccdBTKwV.s 			page 10


 398 0000 1C000000 		.4byte	0x1c
 399 0004 0200     		.2byte	0x2
 400 0006 00000000 		.4byte	.Ldebug_info0
 401 000a 04       		.byte	0x4
 402 000b 00       		.byte	0
 403 000c 0000     		.2byte	0
 404 000e 0000     		.2byte	0
 405 0010 00000000 		.4byte	.LFB82
 406 0014 4C000000 		.4byte	.LFE82-.LFB82
 407 0018 00000000 		.4byte	0
 408 001c 00000000 		.4byte	0
 409              		.section	.debug_ranges,"",%progbits
 410              	.Ldebug_ranges0:
 411 0000 00000000 		.4byte	.LFB82
 412 0004 4C000000 		.4byte	.LFE82
 413 0008 00000000 		.4byte	0
 414 000c 00000000 		.4byte	0
 415              		.section	.debug_line,"",%progbits
 416              	.Ldebug_line0:
 417 0000 75010000 		.section	.debug_str,"MS",%progbits,1
 417      02005101 
 417      00000201 
 417      FB0E0D00 
 417      01010101 
 418              	.LASF8:
 419 0000 6C6F6E67 		.ascii	"long long int\000"
 419      206C6F6E 
 419      6720696E 
 419      7400
 420              	.LASF10:
 421 000e 756E7369 		.ascii	"unsigned int\000"
 421      676E6564 
 421      20696E74 
 421      00
 422              	.LASF21:
 423 001b 70447374 		.ascii	"pDst\000"
 423      00
 424              	.LASF6:
 425 0020 5F5F7569 		.ascii	"__uint32_t\000"
 425      6E743332 
 425      5F7400
 426              	.LASF22:
 427 002b 626C6F63 		.ascii	"blockSize\000"
 427      6B53697A 
 427      6500
 428              	.LASF7:
 429 0035 6C6F6E67 		.ascii	"long unsigned int\000"
 429      20756E73 
 429      69676E65 
 429      6420696E 
 429      7400
 430              	.LASF9:
 431 0047 6C6F6E67 		.ascii	"long long unsigned int\000"
 431      206C6F6E 
 431      6720756E 
 431      7369676E 
 431      65642069 
ARM GAS  C:\Users\fneves\AppData\Local\Temp\ccdBTKwV.s 			page 11


 432              	.LASF16:
 433 005e 666C6F61 		.ascii	"float\000"
 433      7400
 434              	.LASF5:
 435 0064 5F5F696E 		.ascii	"__int32_t\000"
 435      7433325F 
 435      7400
 436              	.LASF19:
 437 006e 666C6F61 		.ascii	"float32_t\000"
 437      7433325F 
 437      7400
 438              	.LASF1:
 439 0078 756E7369 		.ascii	"unsigned char\000"
 439      676E6564 
 439      20636861 
 439      7200
 440              	.LASF14:
 441 0086 63686172 		.ascii	"char\000"
 441      00
 442              	.LASF27:
 443 008b 61726D5F 		.ascii	"arm_q31_to_float\000"
 443      7133315F 
 443      746F5F66 
 443      6C6F6174 
 443      00
 444              	.LASF12:
 445 009c 75696E74 		.ascii	"uint32_t\000"
 445      33325F74 
 445      00
 446              	.LASF4:
 447 00a5 6C6F6E67 		.ascii	"long int\000"
 447      20696E74 
 447      00
 448              	.LASF20:
 449 00ae 70537263 		.ascii	"pSrc\000"
 449      00
 450              	.LASF15:
 451 00b3 646F7562 		.ascii	"double\000"
 451      6C6500
 452              	.LASF23:
 453 00ba 626C6B43 		.ascii	"blkCnt\000"
 453      6E7400
 454              	.LASF3:
 455 00c1 73686F72 		.ascii	"short unsigned int\000"
 455      7420756E 
 455      7369676E 
 455      65642069 
 455      6E7400
 456              	.LASF0:
 457 00d4 7369676E 		.ascii	"signed char\000"
 457      65642063 
 457      68617200 
 458              	.LASF17:
 459 00e0 6C6F6E67 		.ascii	"long double\000"
 459      20646F75 
 459      626C6500 
 460              	.LASF26:
ARM GAS  C:\Users\fneves\AppData\Local\Temp\ccdBTKwV.s 			page 12


 461 00ec 433A5C55 		.ascii	"C:\\Users\\fneves\\Documents\\PSoC Creator\\wp_1\\e"
 461      73657273 
 461      5C666E65 
 461      7665735C 
 461      446F6375 
 462 0119 6E67696E 		.ascii	"ngine_speed_sensor.cydsn\000"
 462      655F7370 
 462      6565645F 
 462      73656E73 
 462      6F722E63 
 463              	.LASF13:
 464 0132 73697A65 		.ascii	"sizetype\000"
 464      74797065 
 464      00
 465              	.LASF2:
 466 013b 73686F72 		.ascii	"short int\000"
 466      7420696E 
 466      7400
 467              	.LASF11:
 468 0145 696E7433 		.ascii	"int32_t\000"
 468      325F7400 
 469              	.LASF18:
 470 014d 7133315F 		.ascii	"q31_t\000"
 470      7400
 471              	.LASF24:
 472 0153 474E5520 		.ascii	"GNU C 4.9.3 20150303 (release) [ARM/embedded-4_9-br"
 472      4320342E 
 472      392E3320 
 472      32303135 
 472      30333033 
 473 0186 616E6368 		.ascii	"anch revision 221220] -mcpu=cortex-m0plus -mthumb -"
 473      20726576 
 473      6973696F 
 473      6E203232 
 473      31323230 
 474 01b9 67202D4F 		.ascii	"g -O0 -ffunction-sections -ffat-lto-objects\000"
 474      30202D66 
 474      66756E63 
 474      74696F6E 
 474      2D736563 
 475              	.LASF25:
 476 01e5 536F7572 		.ascii	"Source\\SupportFunctions\\arm_q31_to_float.c\000"
 476      63655C53 
 476      7570706F 
 476      72744675 
 476      6E637469 
 477              		.ident	"GCC: (GNU Tools for ARM Embedded Processors) 4.9.3 20150303 (release) [ARM/embedded-4_9-br
