ARM GAS  C:\Users\fneves\AppData\Local\Temp\ccumdHtt.s 			page 1


   1              		.cpu cortex-m0plus
   2              		.fpu softvfp
   3              		.eabi_attribute 20, 1
   4              		.eabi_attribute 21, 1
   5              		.eabi_attribute 23, 3
   6              		.eabi_attribute 24, 1
   7              		.eabi_attribute 25, 1
   8              		.eabi_attribute 26, 1
   9              		.eabi_attribute 30, 6
  10              		.eabi_attribute 34, 0
  11              		.eabi_attribute 18, 4
  12              		.code	16
  13              		.file	"arm_cfft_radix4_init_f32.c"
  14              		.text
  15              	.Ltext0:
  16              		.cfi_sections	.debug_frame
  17              		.section	.text.arm_cfft_radix4_init_f32,"ax",%progbits
  18              		.align	2
  19              		.global	arm_cfft_radix4_init_f32
  20              		.code	16
  21              		.thumb_func
  22              		.type	arm_cfft_radix4_init_f32, %function
  23              	arm_cfft_radix4_init_f32:
  24              	.LFB82:
  25              		.file 1 "Source\\TransformFunctions\\arm_cfft_radix4_init_f32.c"
   1:Source\TransformFunctions/arm_cfft_radix4_init_f32.c **** /* ----------------------------------------------------------------------
   2:Source\TransformFunctions/arm_cfft_radix4_init_f32.c ****  * Project:      CMSIS DSP Library
   3:Source\TransformFunctions/arm_cfft_radix4_init_f32.c ****  * Title:        arm_cfft_radix4_init_f32.c
   4:Source\TransformFunctions/arm_cfft_radix4_init_f32.c ****  * Description:  Radix-4 Decimation in Frequency Floating-point CFFT & CIFFT Initialization functio
   5:Source\TransformFunctions/arm_cfft_radix4_init_f32.c ****  *
   6:Source\TransformFunctions/arm_cfft_radix4_init_f32.c ****  * $Date:        27. January 2017
   7:Source\TransformFunctions/arm_cfft_radix4_init_f32.c ****  * $Revision:    V.1.5.1
   8:Source\TransformFunctions/arm_cfft_radix4_init_f32.c ****  *
   9:Source\TransformFunctions/arm_cfft_radix4_init_f32.c ****  * Target Processor: Cortex-M cores
  10:Source\TransformFunctions/arm_cfft_radix4_init_f32.c ****  * -------------------------------------------------------------------- */
  11:Source\TransformFunctions/arm_cfft_radix4_init_f32.c **** /*
  12:Source\TransformFunctions/arm_cfft_radix4_init_f32.c ****  * Copyright (C) 2010-2017 ARM Limited or its affiliates. All rights reserved.
  13:Source\TransformFunctions/arm_cfft_radix4_init_f32.c ****  *
  14:Source\TransformFunctions/arm_cfft_radix4_init_f32.c ****  * SPDX-License-Identifier: Apache-2.0
  15:Source\TransformFunctions/arm_cfft_radix4_init_f32.c ****  *
  16:Source\TransformFunctions/arm_cfft_radix4_init_f32.c ****  * Licensed under the Apache License, Version 2.0 (the License); you may
  17:Source\TransformFunctions/arm_cfft_radix4_init_f32.c ****  * not use this file except in compliance with the License.
  18:Source\TransformFunctions/arm_cfft_radix4_init_f32.c ****  * You may obtain a copy of the License at
  19:Source\TransformFunctions/arm_cfft_radix4_init_f32.c ****  *
  20:Source\TransformFunctions/arm_cfft_radix4_init_f32.c ****  * www.apache.org/licenses/LICENSE-2.0
  21:Source\TransformFunctions/arm_cfft_radix4_init_f32.c ****  *
  22:Source\TransformFunctions/arm_cfft_radix4_init_f32.c ****  * Unless required by applicable law or agreed to in writing, software
  23:Source\TransformFunctions/arm_cfft_radix4_init_f32.c ****  * distributed under the License is distributed on an AS IS BASIS, WITHOUT
  24:Source\TransformFunctions/arm_cfft_radix4_init_f32.c ****  * WARRANTIES OR CONDITIONS OF ANY KIND, either express or implied.
  25:Source\TransformFunctions/arm_cfft_radix4_init_f32.c ****  * See the License for the specific language governing permissions and
  26:Source\TransformFunctions/arm_cfft_radix4_init_f32.c ****  * limitations under the License.
  27:Source\TransformFunctions/arm_cfft_radix4_init_f32.c ****  */
  28:Source\TransformFunctions/arm_cfft_radix4_init_f32.c **** 
  29:Source\TransformFunctions/arm_cfft_radix4_init_f32.c **** #include "arm_math.h"
  30:Source\TransformFunctions/arm_cfft_radix4_init_f32.c **** #include "arm_common_tables.h"
  31:Source\TransformFunctions/arm_cfft_radix4_init_f32.c **** 
  32:Source\TransformFunctions/arm_cfft_radix4_init_f32.c **** /**
ARM GAS  C:\Users\fneves\AppData\Local\Temp\ccumdHtt.s 			page 2


  33:Source\TransformFunctions/arm_cfft_radix4_init_f32.c ****  * @ingroup groupTransforms
  34:Source\TransformFunctions/arm_cfft_radix4_init_f32.c ****  */
  35:Source\TransformFunctions/arm_cfft_radix4_init_f32.c **** 
  36:Source\TransformFunctions/arm_cfft_radix4_init_f32.c **** /**
  37:Source\TransformFunctions/arm_cfft_radix4_init_f32.c ****  * @addtogroup ComplexFFT
  38:Source\TransformFunctions/arm_cfft_radix4_init_f32.c ****  * @{
  39:Source\TransformFunctions/arm_cfft_radix4_init_f32.c ****  */
  40:Source\TransformFunctions/arm_cfft_radix4_init_f32.c **** 
  41:Source\TransformFunctions/arm_cfft_radix4_init_f32.c **** /**
  42:Source\TransformFunctions/arm_cfft_radix4_init_f32.c **** * @brief  Initialization function for the floating-point CFFT/CIFFT.
  43:Source\TransformFunctions/arm_cfft_radix4_init_f32.c **** * @deprecated Do not use this function.  It has been superceded by \ref arm_cfft_f32 and will be re
  44:Source\TransformFunctions/arm_cfft_radix4_init_f32.c **** * in the future.
  45:Source\TransformFunctions/arm_cfft_radix4_init_f32.c **** * @param[in,out] *S             points to an instance of the floating-point CFFT/CIFFT structure.
  46:Source\TransformFunctions/arm_cfft_radix4_init_f32.c **** * @param[in]     fftLen         length of the FFT.
  47:Source\TransformFunctions/arm_cfft_radix4_init_f32.c **** * @param[in]     ifftFlag       flag that selects forward (ifftFlag=0) or inverse (ifftFlag=1) tran
  48:Source\TransformFunctions/arm_cfft_radix4_init_f32.c **** * @param[in]     bitReverseFlag flag that enables (bitReverseFlag=1) or disables (bitReverseFlag=0)
  49:Source\TransformFunctions/arm_cfft_radix4_init_f32.c **** * @return        The function returns ARM_MATH_SUCCESS if initialization is successful or ARM_MATH_
  50:Source\TransformFunctions/arm_cfft_radix4_init_f32.c **** *
  51:Source\TransformFunctions/arm_cfft_radix4_init_f32.c **** * \par Description:
  52:Source\TransformFunctions/arm_cfft_radix4_init_f32.c **** * \par
  53:Source\TransformFunctions/arm_cfft_radix4_init_f32.c **** * The parameter <code>ifftFlag</code> controls whether a forward or inverse transform is computed.
  54:Source\TransformFunctions/arm_cfft_radix4_init_f32.c **** * Set(=1) ifftFlag for calculation of CIFFT otherwise  CFFT is calculated
  55:Source\TransformFunctions/arm_cfft_radix4_init_f32.c **** * \par
  56:Source\TransformFunctions/arm_cfft_radix4_init_f32.c **** * The parameter <code>bitReverseFlag</code> controls whether output is in normal order or bit rever
  57:Source\TransformFunctions/arm_cfft_radix4_init_f32.c **** * Set(=1) bitReverseFlag for output to be in normal order otherwise output is in bit reversed order
  58:Source\TransformFunctions/arm_cfft_radix4_init_f32.c **** * \par
  59:Source\TransformFunctions/arm_cfft_radix4_init_f32.c **** * The parameter <code>fftLen</code>	Specifies length of CFFT/CIFFT process. Supported FFT Lengths a
  60:Source\TransformFunctions/arm_cfft_radix4_init_f32.c **** * \par
  61:Source\TransformFunctions/arm_cfft_radix4_init_f32.c **** * This Function also initializes Twiddle factor table pointer and Bit reversal table pointer.
  62:Source\TransformFunctions/arm_cfft_radix4_init_f32.c **** */
  63:Source\TransformFunctions/arm_cfft_radix4_init_f32.c **** 
  64:Source\TransformFunctions/arm_cfft_radix4_init_f32.c **** arm_status arm_cfft_radix4_init_f32(
  65:Source\TransformFunctions/arm_cfft_radix4_init_f32.c ****   arm_cfft_radix4_instance_f32 * S,
  66:Source\TransformFunctions/arm_cfft_radix4_init_f32.c ****   uint16_t fftLen,
  67:Source\TransformFunctions/arm_cfft_radix4_init_f32.c ****   uint8_t ifftFlag,
  68:Source\TransformFunctions/arm_cfft_radix4_init_f32.c ****   uint8_t bitReverseFlag)
  69:Source\TransformFunctions/arm_cfft_radix4_init_f32.c **** {
  26              		.loc 1 69 0
  27              		.cfi_startproc
  28 0000 90B5     		push	{r4, r7, lr}
  29              		.cfi_def_cfa_offset 12
  30              		.cfi_offset 4, -12
  31              		.cfi_offset 7, -8
  32              		.cfi_offset 14, -4
  33 0002 85B0     		sub	sp, sp, #20
  34              		.cfi_def_cfa_offset 32
  35 0004 00AF     		add	r7, sp, #0
  36              		.cfi_def_cfa_register 7
  37 0006 7860     		str	r0, [r7, #4]
  38 0008 0C1C     		mov	r4, r1
  39 000a 101C     		mov	r0, r2
  40 000c 191C     		mov	r1, r3
  41 000e BB1C     		add	r3, r7, #2
  42 0010 221C     		add	r2, r4, #0
  43 0012 1A80     		strh	r2, [r3]
  44 0014 7B1C     		add	r3, r7, #1
  45 0016 021C     		add	r2, r0, #0
ARM GAS  C:\Users\fneves\AppData\Local\Temp\ccumdHtt.s 			page 3


  46 0018 1A70     		strb	r2, [r3]
  47 001a 3B1C     		mov	r3, r7
  48 001c 0A1C     		add	r2, r1, #0
  49 001e 1A70     		strb	r2, [r3]
  70:Source\TransformFunctions/arm_cfft_radix4_init_f32.c ****   /*  Initialise the default arm status */
  71:Source\TransformFunctions/arm_cfft_radix4_init_f32.c ****   arm_status status = ARM_MATH_SUCCESS;
  50              		.loc 1 71 0
  51 0020 0F23     		mov	r3, #15
  52 0022 FB18     		add	r3, r7, r3
  53 0024 0022     		mov	r2, #0
  54 0026 1A70     		strb	r2, [r3]
  72:Source\TransformFunctions/arm_cfft_radix4_init_f32.c **** 
  73:Source\TransformFunctions/arm_cfft_radix4_init_f32.c ****   /*  Initialise the FFT length */
  74:Source\TransformFunctions/arm_cfft_radix4_init_f32.c ****   S->fftLen = fftLen;
  55              		.loc 1 74 0
  56 0028 7B68     		ldr	r3, [r7, #4]
  57 002a BA1C     		add	r2, r7, #2
  58 002c 1288     		ldrh	r2, [r2]
  59 002e 1A80     		strh	r2, [r3]
  75:Source\TransformFunctions/arm_cfft_radix4_init_f32.c **** 
  76:Source\TransformFunctions/arm_cfft_radix4_init_f32.c ****   /*  Initialise the Twiddle coefficient pointer */
  77:Source\TransformFunctions/arm_cfft_radix4_init_f32.c ****   S->pTwiddle = (float32_t *) twiddleCoef;
  60              		.loc 1 77 0
  61 0030 7B68     		ldr	r3, [r7, #4]
  62 0032 3B4A     		ldr	r2, .L11
  63 0034 5A60     		str	r2, [r3, #4]
  78:Source\TransformFunctions/arm_cfft_radix4_init_f32.c **** 
  79:Source\TransformFunctions/arm_cfft_radix4_init_f32.c ****   /*  Initialise the Flag for selection of CFFT or CIFFT */
  80:Source\TransformFunctions/arm_cfft_radix4_init_f32.c ****   S->ifftFlag = ifftFlag;
  64              		.loc 1 80 0
  65 0036 7B68     		ldr	r3, [r7, #4]
  66 0038 7A1C     		add	r2, r7, #1
  67 003a 1278     		ldrb	r2, [r2]
  68 003c 9A70     		strb	r2, [r3, #2]
  81:Source\TransformFunctions/arm_cfft_radix4_init_f32.c **** 
  82:Source\TransformFunctions/arm_cfft_radix4_init_f32.c ****   /*  Initialise the Flag for calculation Bit reversal or not */
  83:Source\TransformFunctions/arm_cfft_radix4_init_f32.c ****   S->bitReverseFlag = bitReverseFlag;
  69              		.loc 1 83 0
  70 003e 7B68     		ldr	r3, [r7, #4]
  71 0040 3A1C     		mov	r2, r7
  72 0042 1278     		ldrb	r2, [r2]
  73 0044 DA70     		strb	r2, [r3, #3]
  84:Source\TransformFunctions/arm_cfft_radix4_init_f32.c **** 
  85:Source\TransformFunctions/arm_cfft_radix4_init_f32.c ****   /*  Initializations of structure parameters depending on the FFT length */
  86:Source\TransformFunctions/arm_cfft_radix4_init_f32.c ****   switch (S->fftLen)
  74              		.loc 1 86 0
  75 0046 7B68     		ldr	r3, [r7, #4]
  76 0048 1B88     		ldrh	r3, [r3]
  77 004a 8022     		mov	r2, #128
  78 004c 5200     		lsl	r2, r2, #1
  79 004e 9342     		cmp	r3, r2
  80 0050 2CD0     		beq	.L3
  81 0052 8022     		mov	r2, #128
  82 0054 5200     		lsl	r2, r2, #1
  83 0056 9342     		cmp	r3, r2
  84 0058 04DC     		bgt	.L4
  85 005a 102B     		cmp	r3, #16
ARM GAS  C:\Users\fneves\AppData\Local\Temp\ccumdHtt.s 			page 4


  86 005c 42D0     		beq	.L5
  87 005e 402B     		cmp	r3, #64
  88 0060 32D0     		beq	.L6
  89 0062 4FE0     		b	.L2
  90              	.L4:
  91 0064 8022     		mov	r2, #128
  92 0066 D200     		lsl	r2, r2, #3
  93 0068 9342     		cmp	r3, r2
  94 006a 11D0     		beq	.L7
  95 006c 8022     		mov	r2, #128
  96 006e 5201     		lsl	r2, r2, #5
  97 0070 9342     		cmp	r3, r2
  98 0072 47D1     		bne	.L2
  87:Source\TransformFunctions/arm_cfft_radix4_init_f32.c ****   {
  88:Source\TransformFunctions/arm_cfft_radix4_init_f32.c **** 
  89:Source\TransformFunctions/arm_cfft_radix4_init_f32.c ****   case 4096u:
  90:Source\TransformFunctions/arm_cfft_radix4_init_f32.c ****     /*  Initializations of structure parameters for 4096 point FFT */
  91:Source\TransformFunctions/arm_cfft_radix4_init_f32.c **** 
  92:Source\TransformFunctions/arm_cfft_radix4_init_f32.c ****     /*  Initialise the twiddle coef modifier value */
  93:Source\TransformFunctions/arm_cfft_radix4_init_f32.c ****     S->twidCoefModifier = 1u;
  99              		.loc 1 93 0
 100 0074 7B68     		ldr	r3, [r7, #4]
 101 0076 0122     		mov	r2, #1
 102 0078 9A81     		strh	r2, [r3, #12]
  94:Source\TransformFunctions/arm_cfft_radix4_init_f32.c ****     /*  Initialise the bit reversal table modifier */
  95:Source\TransformFunctions/arm_cfft_radix4_init_f32.c ****     S->bitRevFactor = 1u;
 103              		.loc 1 95 0
 104 007a 7B68     		ldr	r3, [r7, #4]
 105 007c 0122     		mov	r2, #1
 106 007e DA81     		strh	r2, [r3, #14]
  96:Source\TransformFunctions/arm_cfft_radix4_init_f32.c ****     /*  Initialise the bit reversal table pointer */
  97:Source\TransformFunctions/arm_cfft_radix4_init_f32.c ****     S->pBitRevTable = (uint16_t *) armBitRevTable;
 107              		.loc 1 97 0
 108 0080 7B68     		ldr	r3, [r7, #4]
 109 0082 284A     		ldr	r2, .L11+4
 110 0084 9A60     		str	r2, [r3, #8]
  98:Source\TransformFunctions/arm_cfft_radix4_init_f32.c ****     /*  Initialise the 1/fftLen Value */
  99:Source\TransformFunctions/arm_cfft_radix4_init_f32.c ****     S->onebyfftLen = 0.000244140625;
 111              		.loc 1 99 0
 112 0086 7B68     		ldr	r3, [r7, #4]
 113 0088 E622     		mov	r2, #230
 114 008a 9205     		lsl	r2, r2, #22
 115 008c 1A61     		str	r2, [r3, #16]
 100:Source\TransformFunctions/arm_cfft_radix4_init_f32.c ****     break;
 116              		.loc 1 100 0
 117 008e 3EE0     		b	.L9
 118              	.L7:
 101:Source\TransformFunctions/arm_cfft_radix4_init_f32.c **** 
 102:Source\TransformFunctions/arm_cfft_radix4_init_f32.c ****   case 1024u:
 103:Source\TransformFunctions/arm_cfft_radix4_init_f32.c ****     /*  Initializations of structure parameters for 1024 point FFT */
 104:Source\TransformFunctions/arm_cfft_radix4_init_f32.c **** 
 105:Source\TransformFunctions/arm_cfft_radix4_init_f32.c ****     /*  Initialise the twiddle coef modifier value */
 106:Source\TransformFunctions/arm_cfft_radix4_init_f32.c ****     S->twidCoefModifier = 4u;
 119              		.loc 1 106 0
 120 0090 7B68     		ldr	r3, [r7, #4]
 121 0092 0422     		mov	r2, #4
 122 0094 9A81     		strh	r2, [r3, #12]
ARM GAS  C:\Users\fneves\AppData\Local\Temp\ccumdHtt.s 			page 5


 107:Source\TransformFunctions/arm_cfft_radix4_init_f32.c ****     /*  Initialise the bit reversal table modifier */
 108:Source\TransformFunctions/arm_cfft_radix4_init_f32.c ****     S->bitRevFactor = 4u;
 123              		.loc 1 108 0
 124 0096 7B68     		ldr	r3, [r7, #4]
 125 0098 0422     		mov	r2, #4
 126 009a DA81     		strh	r2, [r3, #14]
 109:Source\TransformFunctions/arm_cfft_radix4_init_f32.c ****     /*  Initialise the bit reversal table pointer */
 110:Source\TransformFunctions/arm_cfft_radix4_init_f32.c ****     S->pBitRevTable = (uint16_t *) & armBitRevTable[3];
 127              		.loc 1 110 0
 128 009c 7B68     		ldr	r3, [r7, #4]
 129 009e 224A     		ldr	r2, .L11+8
 130 00a0 9A60     		str	r2, [r3, #8]
 111:Source\TransformFunctions/arm_cfft_radix4_init_f32.c ****     /*  Initialise the 1/fftLen Value */
 112:Source\TransformFunctions/arm_cfft_radix4_init_f32.c ****     S->onebyfftLen = 0.0009765625f;
 131              		.loc 1 112 0
 132 00a2 7B68     		ldr	r3, [r7, #4]
 133 00a4 EA22     		mov	r2, #234
 134 00a6 9205     		lsl	r2, r2, #22
 135 00a8 1A61     		str	r2, [r3, #16]
 113:Source\TransformFunctions/arm_cfft_radix4_init_f32.c ****     break;
 136              		.loc 1 113 0
 137 00aa 30E0     		b	.L9
 138              	.L3:
 114:Source\TransformFunctions/arm_cfft_radix4_init_f32.c **** 
 115:Source\TransformFunctions/arm_cfft_radix4_init_f32.c **** 
 116:Source\TransformFunctions/arm_cfft_radix4_init_f32.c ****   case 256u:
 117:Source\TransformFunctions/arm_cfft_radix4_init_f32.c ****     /*  Initializations of structure parameters for 256 point FFT */
 118:Source\TransformFunctions/arm_cfft_radix4_init_f32.c ****     S->twidCoefModifier = 16u;
 139              		.loc 1 118 0
 140 00ac 7B68     		ldr	r3, [r7, #4]
 141 00ae 1022     		mov	r2, #16
 142 00b0 9A81     		strh	r2, [r3, #12]
 119:Source\TransformFunctions/arm_cfft_radix4_init_f32.c ****     S->bitRevFactor = 16u;
 143              		.loc 1 119 0
 144 00b2 7B68     		ldr	r3, [r7, #4]
 145 00b4 1022     		mov	r2, #16
 146 00b6 DA81     		strh	r2, [r3, #14]
 120:Source\TransformFunctions/arm_cfft_radix4_init_f32.c ****     S->pBitRevTable = (uint16_t *) & armBitRevTable[15];
 147              		.loc 1 120 0
 148 00b8 7B68     		ldr	r3, [r7, #4]
 149 00ba 1C4A     		ldr	r2, .L11+12
 150 00bc 9A60     		str	r2, [r3, #8]
 121:Source\TransformFunctions/arm_cfft_radix4_init_f32.c ****     S->onebyfftLen = 0.00390625f;
 151              		.loc 1 121 0
 152 00be 7B68     		ldr	r3, [r7, #4]
 153 00c0 EE22     		mov	r2, #238
 154 00c2 9205     		lsl	r2, r2, #22
 155 00c4 1A61     		str	r2, [r3, #16]
 122:Source\TransformFunctions/arm_cfft_radix4_init_f32.c ****     break;
 156              		.loc 1 122 0
 157 00c6 22E0     		b	.L9
 158              	.L6:
 123:Source\TransformFunctions/arm_cfft_radix4_init_f32.c **** 
 124:Source\TransformFunctions/arm_cfft_radix4_init_f32.c ****   case 64u:
 125:Source\TransformFunctions/arm_cfft_radix4_init_f32.c ****     /*  Initializations of structure parameters for 64 point FFT */
 126:Source\TransformFunctions/arm_cfft_radix4_init_f32.c ****     S->twidCoefModifier = 64u;
 159              		.loc 1 126 0
ARM GAS  C:\Users\fneves\AppData\Local\Temp\ccumdHtt.s 			page 6


 160 00c8 7B68     		ldr	r3, [r7, #4]
 161 00ca 4022     		mov	r2, #64
 162 00cc 9A81     		strh	r2, [r3, #12]
 127:Source\TransformFunctions/arm_cfft_radix4_init_f32.c ****     S->bitRevFactor = 64u;
 163              		.loc 1 127 0
 164 00ce 7B68     		ldr	r3, [r7, #4]
 165 00d0 4022     		mov	r2, #64
 166 00d2 DA81     		strh	r2, [r3, #14]
 128:Source\TransformFunctions/arm_cfft_radix4_init_f32.c ****     S->pBitRevTable = (uint16_t *) & armBitRevTable[63];
 167              		.loc 1 128 0
 168 00d4 7B68     		ldr	r3, [r7, #4]
 169 00d6 164A     		ldr	r2, .L11+16
 170 00d8 9A60     		str	r2, [r3, #8]
 129:Source\TransformFunctions/arm_cfft_radix4_init_f32.c ****     S->onebyfftLen = 0.015625f;
 171              		.loc 1 129 0
 172 00da 7B68     		ldr	r3, [r7, #4]
 173 00dc F222     		mov	r2, #242
 174 00de 9205     		lsl	r2, r2, #22
 175 00e0 1A61     		str	r2, [r3, #16]
 130:Source\TransformFunctions/arm_cfft_radix4_init_f32.c ****     break;
 176              		.loc 1 130 0
 177 00e2 14E0     		b	.L9
 178              	.L5:
 131:Source\TransformFunctions/arm_cfft_radix4_init_f32.c **** 
 132:Source\TransformFunctions/arm_cfft_radix4_init_f32.c ****   case 16u:
 133:Source\TransformFunctions/arm_cfft_radix4_init_f32.c ****     /*  Initializations of structure parameters for 16 point FFT */
 134:Source\TransformFunctions/arm_cfft_radix4_init_f32.c ****     S->twidCoefModifier = 256u;
 179              		.loc 1 134 0
 180 00e4 7B68     		ldr	r3, [r7, #4]
 181 00e6 8022     		mov	r2, #128
 182 00e8 5200     		lsl	r2, r2, #1
 183 00ea 9A81     		strh	r2, [r3, #12]
 135:Source\TransformFunctions/arm_cfft_radix4_init_f32.c ****     S->bitRevFactor = 256u;
 184              		.loc 1 135 0
 185 00ec 7B68     		ldr	r3, [r7, #4]
 186 00ee 8022     		mov	r2, #128
 187 00f0 5200     		lsl	r2, r2, #1
 188 00f2 DA81     		strh	r2, [r3, #14]
 136:Source\TransformFunctions/arm_cfft_radix4_init_f32.c ****     S->pBitRevTable = (uint16_t *) & armBitRevTable[255];
 189              		.loc 1 136 0
 190 00f4 7B68     		ldr	r3, [r7, #4]
 191 00f6 0F4A     		ldr	r2, .L11+20
 192 00f8 9A60     		str	r2, [r3, #8]
 137:Source\TransformFunctions/arm_cfft_radix4_init_f32.c ****     S->onebyfftLen = 0.0625f;
 193              		.loc 1 137 0
 194 00fa 7B68     		ldr	r3, [r7, #4]
 195 00fc F622     		mov	r2, #246
 196 00fe 9205     		lsl	r2, r2, #22
 197 0100 1A61     		str	r2, [r3, #16]
 138:Source\TransformFunctions/arm_cfft_radix4_init_f32.c ****     break;
 198              		.loc 1 138 0
 199 0102 04E0     		b	.L9
 200              	.L2:
 139:Source\TransformFunctions/arm_cfft_radix4_init_f32.c **** 
 140:Source\TransformFunctions/arm_cfft_radix4_init_f32.c **** 
 141:Source\TransformFunctions/arm_cfft_radix4_init_f32.c ****   default:
 142:Source\TransformFunctions/arm_cfft_radix4_init_f32.c ****     /*  Reporting argument error if fftSize is not valid value */
ARM GAS  C:\Users\fneves\AppData\Local\Temp\ccumdHtt.s 			page 7


 143:Source\TransformFunctions/arm_cfft_radix4_init_f32.c ****     status = ARM_MATH_ARGUMENT_ERROR;
 201              		.loc 1 143 0
 202 0104 0F23     		mov	r3, #15
 203 0106 FB18     		add	r3, r7, r3
 204 0108 FF22     		mov	r2, #255
 205 010a 1A70     		strb	r2, [r3]
 144:Source\TransformFunctions/arm_cfft_radix4_init_f32.c ****     break;
 206              		.loc 1 144 0
 207 010c C046     		mov	r8, r8
 208              	.L9:
 145:Source\TransformFunctions/arm_cfft_radix4_init_f32.c ****   }
 146:Source\TransformFunctions/arm_cfft_radix4_init_f32.c **** 
 147:Source\TransformFunctions/arm_cfft_radix4_init_f32.c ****   return (status);
 209              		.loc 1 147 0
 210 010e 0F23     		mov	r3, #15
 211 0110 FB18     		add	r3, r7, r3
 212 0112 1B78     		ldrb	r3, [r3]
 213 0114 5BB2     		sxtb	r3, r3
 148:Source\TransformFunctions/arm_cfft_radix4_init_f32.c **** }
 214              		.loc 1 148 0
 215 0116 181C     		mov	r0, r3
 216 0118 BD46     		mov	sp, r7
 217 011a 05B0     		add	sp, sp, #20
 218              		@ sp needed
 219 011c 90BD     		pop	{r4, r7, pc}
 220              	.L12:
 221 011e C046     		.align	2
 222              	.L11:
 223 0120 00000000 		.word	twiddleCoef_4096
 224 0124 00000000 		.word	armBitRevTable
 225 0128 06000000 		.word	armBitRevTable+6
 226 012c 1E000000 		.word	armBitRevTable+30
 227 0130 7E000000 		.word	armBitRevTable+126
 228 0134 FE010000 		.word	armBitRevTable+510
 229              		.cfi_endproc
 230              	.LFE82:
 231              		.size	arm_cfft_radix4_init_f32, .-arm_cfft_radix4_init_f32
 232              		.text
 233              	.Letext0:
 234              		.file 2 "c:\\program files (x86)\\cypress\\psoc creator\\4.0\\psoc creator\\import\\gnu\\arm\\4.9.
 235              		.file 3 "c:\\program files (x86)\\cypress\\psoc creator\\4.0\\psoc creator\\import\\gnu\\arm\\4.9.
 236              		.file 4 ".\\Include/arm_math.h"
 237              		.file 5 ".\\Include/arm_common_tables.h"
 238              		.section	.debug_info,"",%progbits
 239              	.Ldebug_info0:
 240 0000 33020000 		.4byte	0x233
 241 0004 0400     		.2byte	0x4
 242 0006 00000000 		.4byte	.Ldebug_abbrev0
 243 000a 04       		.byte	0x4
 244 000b 01       		.uleb128 0x1
 245 000c CC010000 		.4byte	.LASF38
 246 0010 01       		.byte	0x1
 247 0011 23010000 		.4byte	.LASF39
 248 0015 19000000 		.4byte	.LASF40
 249 0019 00000000 		.4byte	.Ldebug_ranges0+0
 250 001d 00000000 		.4byte	0
 251 0021 00000000 		.4byte	.Ldebug_line0
ARM GAS  C:\Users\fneves\AppData\Local\Temp\ccumdHtt.s 			page 8


 252 0025 02       		.uleb128 0x2
 253 0026 01       		.byte	0x1
 254 0027 06       		.byte	0x6
 255 0028 14030000 		.4byte	.LASF0
 256 002c 03       		.uleb128 0x3
 257 002d 00000000 		.4byte	.LASF3
 258 0031 02       		.byte	0x2
 259 0032 1D       		.byte	0x1d
 260 0033 37000000 		.4byte	0x37
 261 0037 02       		.uleb128 0x2
 262 0038 01       		.byte	0x1
 263 0039 08       		.byte	0x8
 264 003a D9000000 		.4byte	.LASF1
 265 003e 02       		.uleb128 0x2
 266 003f 02       		.byte	0x2
 267 0040 05       		.byte	0x5
 268 0041 EC020000 		.4byte	.LASF2
 269 0045 03       		.uleb128 0x3
 270 0046 75010000 		.4byte	.LASF4
 271 004a 02       		.byte	0x2
 272 004b 2B       		.byte	0x2b
 273 004c 50000000 		.4byte	0x50
 274 0050 02       		.uleb128 0x2
 275 0051 02       		.byte	0x2
 276 0052 07       		.byte	0x7
 277 0053 7C000000 		.4byte	.LASF5
 278 0057 02       		.uleb128 0x2
 279 0058 04       		.byte	0x4
 280 0059 05       		.byte	0x5
 281 005a FF020000 		.4byte	.LASF6
 282 005e 02       		.uleb128 0x2
 283 005f 04       		.byte	0x4
 284 0060 07       		.byte	0x7
 285 0061 11010000 		.4byte	.LASF7
 286 0065 02       		.uleb128 0x2
 287 0066 08       		.byte	0x8
 288 0067 05       		.byte	0x5
 289 0068 9C020000 		.4byte	.LASF8
 290 006c 02       		.uleb128 0x2
 291 006d 08       		.byte	0x8
 292 006e 07       		.byte	0x7
 293 006f B5010000 		.4byte	.LASF9
 294 0073 04       		.uleb128 0x4
 295 0074 04       		.byte	0x4
 296 0075 05       		.byte	0x5
 297 0076 696E7400 		.ascii	"int\000"
 298 007a 02       		.uleb128 0x2
 299 007b 04       		.byte	0x4
 300 007c 07       		.byte	0x7
 301 007d A8010000 		.4byte	.LASF10
 302 0081 03       		.uleb128 0x3
 303 0082 8F000000 		.4byte	.LASF11
 304 0086 03       		.byte	0x3
 305 0087 15       		.byte	0x15
 306 0088 2C000000 		.4byte	0x2c
 307 008c 03       		.uleb128 0x3
 308 008d F6020000 		.4byte	.LASF12
ARM GAS  C:\Users\fneves\AppData\Local\Temp\ccumdHtt.s 			page 9


 309 0091 03       		.byte	0x3
 310 0092 21       		.byte	0x21
 311 0093 45000000 		.4byte	0x45
 312 0097 02       		.uleb128 0x2
 313 0098 04       		.byte	0x4
 314 0099 07       		.byte	0x7
 315 009a 93020000 		.4byte	.LASF13
 316 009e 02       		.uleb128 0x2
 317 009f 01       		.byte	0x1
 318 00a0 08       		.byte	0x8
 319 00a1 CC020000 		.4byte	.LASF14
 320 00a5 02       		.uleb128 0x2
 321 00a6 08       		.byte	0x8
 322 00a7 04       		.byte	0x4
 323 00a8 80010000 		.4byte	.LASF15
 324 00ac 02       		.uleb128 0x2
 325 00ad 04       		.byte	0x4
 326 00ae 04       		.byte	0x4
 327 00af D3000000 		.4byte	.LASF16
 328 00b3 02       		.uleb128 0x2
 329 00b4 08       		.byte	0x8
 330 00b5 04       		.byte	0x4
 331 00b6 08030000 		.4byte	.LASF17
 332 00ba 05       		.uleb128 0x5
 333 00bb 01       		.byte	0x1
 334 00bc 04       		.byte	0x4
 335 00bd 8401     		.2byte	0x184
 336 00bf EE000000 		.4byte	0xee
 337 00c3 06       		.uleb128 0x6
 338 00c4 DB020000 		.4byte	.LASF18
 339 00c8 00       		.sleb128 0
 340 00c9 06       		.uleb128 0x6
 341 00ca 87010000 		.4byte	.LASF19
 342 00ce 7F       		.sleb128 -1
 343 00cf 06       		.uleb128 0x6
 344 00d0 7D020000 		.4byte	.LASF20
 345 00d4 7E       		.sleb128 -2
 346 00d5 06       		.uleb128 0x6
 347 00d6 AF000000 		.4byte	.LASF21
 348 00da 7D       		.sleb128 -3
 349 00db 06       		.uleb128 0x6
 350 00dc 6D020000 		.4byte	.LASF22
 351 00e0 7C       		.sleb128 -4
 352 00e1 06       		.uleb128 0x6
 353 00e2 2B030000 		.4byte	.LASF23
 354 00e6 7B       		.sleb128 -5
 355 00e7 06       		.uleb128 0x6
 356 00e8 5F010000 		.4byte	.LASF24
 357 00ec 7A       		.sleb128 -6
 358 00ed 00       		.byte	0
 359 00ee 07       		.uleb128 0x7
 360 00ef 20030000 		.4byte	.LASF25
 361 00f3 04       		.byte	0x4
 362 00f4 8C01     		.2byte	0x18c
 363 00f6 BA000000 		.4byte	0xba
 364 00fa 07       		.uleb128 0x7
 365 00fb D1020000 		.4byte	.LASF26
ARM GAS  C:\Users\fneves\AppData\Local\Temp\ccumdHtt.s 			page 10


 366 00ff 04       		.byte	0x4
 367 0100 A501     		.2byte	0x1a5
 368 0102 AC000000 		.4byte	0xac
 369 0106 08       		.uleb128 0x8
 370 0107 04       		.byte	0x4
 371 0108 FA000000 		.4byte	0xfa
 372 010c 08       		.uleb128 0x8
 373 010d 04       		.byte	0x4
 374 010e 8C000000 		.4byte	0x8c
 375 0112 09       		.uleb128 0x9
 376 0113 14       		.byte	0x14
 377 0114 04       		.byte	0x4
 378 0115 6108     		.2byte	0x861
 379 0117 84010000 		.4byte	0x184
 380 011b 0A       		.uleb128 0xa
 381 011c 58010000 		.4byte	.LASF27
 382 0120 04       		.byte	0x4
 383 0121 6308     		.2byte	0x863
 384 0123 8C000000 		.4byte	0x8c
 385 0127 00       		.byte	0
 386 0128 0A       		.uleb128 0xa
 387 0129 9F010000 		.4byte	.LASF28
 388 012d 04       		.byte	0x4
 389 012e 6408     		.2byte	0x864
 390 0130 81000000 		.4byte	0x81
 391 0134 02       		.byte	0x2
 392 0135 0A       		.uleb128 0xa
 393 0136 5E020000 		.4byte	.LASF29
 394 013a 04       		.byte	0x4
 395 013b 6508     		.2byte	0x865
 396 013d 81000000 		.4byte	0x81
 397 0141 03       		.byte	0x3
 398 0142 0A       		.uleb128 0xa
 399 0143 C3020000 		.4byte	.LASF30
 400 0147 04       		.byte	0x4
 401 0148 6608     		.2byte	0x866
 402 014a 06010000 		.4byte	0x106
 403 014e 04       		.byte	0x4
 404 014f 0A       		.uleb128 0xa
 405 0150 C6000000 		.4byte	.LASF31
 406 0154 04       		.byte	0x4
 407 0155 6708     		.2byte	0x867
 408 0157 0C010000 		.4byte	0x10c
 409 015b 08       		.byte	0x8
 410 015c 0A       		.uleb128 0xa
 411 015d 97000000 		.4byte	.LASF32
 412 0161 04       		.byte	0x4
 413 0162 6808     		.2byte	0x868
 414 0164 8C000000 		.4byte	0x8c
 415 0168 0C       		.byte	0xc
 416 0169 0A       		.uleb128 0xa
 417 016a E7000000 		.4byte	.LASF33
 418 016e 04       		.byte	0x4
 419 016f 6908     		.2byte	0x869
 420 0171 8C000000 		.4byte	0x8c
 421 0175 0E       		.byte	0xe
 422 0176 0A       		.uleb128 0xa
ARM GAS  C:\Users\fneves\AppData\Local\Temp\ccumdHtt.s 			page 11


 423 0177 05010000 		.4byte	.LASF34
 424 017b 04       		.byte	0x4
 425 017c 6A08     		.2byte	0x86a
 426 017e FA000000 		.4byte	0xfa
 427 0182 10       		.byte	0x10
 428 0183 00       		.byte	0
 429 0184 07       		.uleb128 0x7
 430 0185 5F000000 		.4byte	.LASF35
 431 0189 04       		.byte	0x4
 432 018a 6B08     		.2byte	0x86b
 433 018c 12010000 		.4byte	0x112
 434 0190 08       		.uleb128 0x8
 435 0191 04       		.byte	0x4
 436 0192 84010000 		.4byte	0x184
 437 0196 0B       		.uleb128 0xb
 438 0197 AA020000 		.4byte	.LASF41
 439 019b 01       		.byte	0x1
 440 019c 40       		.byte	0x40
 441 019d EE000000 		.4byte	0xee
 442 01a1 00000000 		.4byte	.LFB82
 443 01a5 38010000 		.4byte	.LFE82-.LFB82
 444 01a9 01       		.uleb128 0x1
 445 01aa 9C       		.byte	0x9c
 446 01ab F4010000 		.4byte	0x1f4
 447 01af 0C       		.uleb128 0xc
 448 01b0 5300     		.ascii	"S\000"
 449 01b2 01       		.byte	0x1
 450 01b3 41       		.byte	0x41
 451 01b4 90010000 		.4byte	0x190
 452 01b8 02       		.uleb128 0x2
 453 01b9 91       		.byte	0x91
 454 01ba 64       		.sleb128 -28
 455 01bb 0D       		.uleb128 0xd
 456 01bc 58010000 		.4byte	.LASF27
 457 01c0 01       		.byte	0x1
 458 01c1 42       		.byte	0x42
 459 01c2 8C000000 		.4byte	0x8c
 460 01c6 02       		.uleb128 0x2
 461 01c7 91       		.byte	0x91
 462 01c8 62       		.sleb128 -30
 463 01c9 0D       		.uleb128 0xd
 464 01ca 9F010000 		.4byte	.LASF28
 465 01ce 01       		.byte	0x1
 466 01cf 43       		.byte	0x43
 467 01d0 81000000 		.4byte	0x81
 468 01d4 02       		.uleb128 0x2
 469 01d5 91       		.byte	0x91
 470 01d6 61       		.sleb128 -31
 471 01d7 0D       		.uleb128 0xd
 472 01d8 5E020000 		.4byte	.LASF29
 473 01dc 01       		.byte	0x1
 474 01dd 44       		.byte	0x44
 475 01de 81000000 		.4byte	0x81
 476 01e2 02       		.uleb128 0x2
 477 01e3 91       		.byte	0x91
 478 01e4 60       		.sleb128 -32
 479 01e5 0E       		.uleb128 0xe
ARM GAS  C:\Users\fneves\AppData\Local\Temp\ccumdHtt.s 			page 12


 480 01e6 A8000000 		.4byte	.LASF42
 481 01ea 01       		.byte	0x1
 482 01eb 47       		.byte	0x47
 483 01ec EE000000 		.4byte	0xee
 484 01f0 02       		.uleb128 0x2
 485 01f1 91       		.byte	0x91
 486 01f2 6F       		.sleb128 -17
 487 01f3 00       		.byte	0
 488 01f4 0F       		.uleb128 0xf
 489 01f5 8C000000 		.4byte	0x8c
 490 01f9 05020000 		.4byte	0x205
 491 01fd 10       		.uleb128 0x10
 492 01fe 97000000 		.4byte	0x97
 493 0202 FF03     		.2byte	0x3ff
 494 0204 00       		.byte	0
 495 0205 11       		.uleb128 0x11
 496 0206 0A000000 		.4byte	.LASF36
 497 020a 05       		.byte	0x5
 498 020b 22       		.byte	0x22
 499 020c 10020000 		.4byte	0x210
 500 0210 12       		.uleb128 0x12
 501 0211 F4010000 		.4byte	0x1f4
 502 0215 0F       		.uleb128 0xf
 503 0216 FA000000 		.4byte	0xfa
 504 021a 26020000 		.4byte	0x226
 505 021e 10       		.uleb128 0x10
 506 021f 97000000 		.4byte	0x97
 507 0223 FF1F     		.2byte	0x1fff
 508 0225 00       		.byte	0
 509 0226 11       		.uleb128 0x11
 510 0227 F4000000 		.4byte	.LASF37
 511 022b 05       		.byte	0x5
 512 022c 2D       		.byte	0x2d
 513 022d 31020000 		.4byte	0x231
 514 0231 12       		.uleb128 0x12
 515 0232 15020000 		.4byte	0x215
 516 0236 00       		.byte	0
 517              		.section	.debug_abbrev,"",%progbits
 518              	.Ldebug_abbrev0:
 519 0000 01       		.uleb128 0x1
 520 0001 11       		.uleb128 0x11
 521 0002 01       		.byte	0x1
 522 0003 25       		.uleb128 0x25
 523 0004 0E       		.uleb128 0xe
 524 0005 13       		.uleb128 0x13
 525 0006 0B       		.uleb128 0xb
 526 0007 03       		.uleb128 0x3
 527 0008 0E       		.uleb128 0xe
 528 0009 1B       		.uleb128 0x1b
 529 000a 0E       		.uleb128 0xe
 530 000b 55       		.uleb128 0x55
 531 000c 17       		.uleb128 0x17
 532 000d 11       		.uleb128 0x11
 533 000e 01       		.uleb128 0x1
 534 000f 10       		.uleb128 0x10
 535 0010 17       		.uleb128 0x17
 536 0011 00       		.byte	0
ARM GAS  C:\Users\fneves\AppData\Local\Temp\ccumdHtt.s 			page 13


 537 0012 00       		.byte	0
 538 0013 02       		.uleb128 0x2
 539 0014 24       		.uleb128 0x24
 540 0015 00       		.byte	0
 541 0016 0B       		.uleb128 0xb
 542 0017 0B       		.uleb128 0xb
 543 0018 3E       		.uleb128 0x3e
 544 0019 0B       		.uleb128 0xb
 545 001a 03       		.uleb128 0x3
 546 001b 0E       		.uleb128 0xe
 547 001c 00       		.byte	0
 548 001d 00       		.byte	0
 549 001e 03       		.uleb128 0x3
 550 001f 16       		.uleb128 0x16
 551 0020 00       		.byte	0
 552 0021 03       		.uleb128 0x3
 553 0022 0E       		.uleb128 0xe
 554 0023 3A       		.uleb128 0x3a
 555 0024 0B       		.uleb128 0xb
 556 0025 3B       		.uleb128 0x3b
 557 0026 0B       		.uleb128 0xb
 558 0027 49       		.uleb128 0x49
 559 0028 13       		.uleb128 0x13
 560 0029 00       		.byte	0
 561 002a 00       		.byte	0
 562 002b 04       		.uleb128 0x4
 563 002c 24       		.uleb128 0x24
 564 002d 00       		.byte	0
 565 002e 0B       		.uleb128 0xb
 566 002f 0B       		.uleb128 0xb
 567 0030 3E       		.uleb128 0x3e
 568 0031 0B       		.uleb128 0xb
 569 0032 03       		.uleb128 0x3
 570 0033 08       		.uleb128 0x8
 571 0034 00       		.byte	0
 572 0035 00       		.byte	0
 573 0036 05       		.uleb128 0x5
 574 0037 04       		.uleb128 0x4
 575 0038 01       		.byte	0x1
 576 0039 0B       		.uleb128 0xb
 577 003a 0B       		.uleb128 0xb
 578 003b 3A       		.uleb128 0x3a
 579 003c 0B       		.uleb128 0xb
 580 003d 3B       		.uleb128 0x3b
 581 003e 05       		.uleb128 0x5
 582 003f 01       		.uleb128 0x1
 583 0040 13       		.uleb128 0x13
 584 0041 00       		.byte	0
 585 0042 00       		.byte	0
 586 0043 06       		.uleb128 0x6
 587 0044 28       		.uleb128 0x28
 588 0045 00       		.byte	0
 589 0046 03       		.uleb128 0x3
 590 0047 0E       		.uleb128 0xe
 591 0048 1C       		.uleb128 0x1c
 592 0049 0D       		.uleb128 0xd
 593 004a 00       		.byte	0
ARM GAS  C:\Users\fneves\AppData\Local\Temp\ccumdHtt.s 			page 14


 594 004b 00       		.byte	0
 595 004c 07       		.uleb128 0x7
 596 004d 16       		.uleb128 0x16
 597 004e 00       		.byte	0
 598 004f 03       		.uleb128 0x3
 599 0050 0E       		.uleb128 0xe
 600 0051 3A       		.uleb128 0x3a
 601 0052 0B       		.uleb128 0xb
 602 0053 3B       		.uleb128 0x3b
 603 0054 05       		.uleb128 0x5
 604 0055 49       		.uleb128 0x49
 605 0056 13       		.uleb128 0x13
 606 0057 00       		.byte	0
 607 0058 00       		.byte	0
 608 0059 08       		.uleb128 0x8
 609 005a 0F       		.uleb128 0xf
 610 005b 00       		.byte	0
 611 005c 0B       		.uleb128 0xb
 612 005d 0B       		.uleb128 0xb
 613 005e 49       		.uleb128 0x49
 614 005f 13       		.uleb128 0x13
 615 0060 00       		.byte	0
 616 0061 00       		.byte	0
 617 0062 09       		.uleb128 0x9
 618 0063 13       		.uleb128 0x13
 619 0064 01       		.byte	0x1
 620 0065 0B       		.uleb128 0xb
 621 0066 0B       		.uleb128 0xb
 622 0067 3A       		.uleb128 0x3a
 623 0068 0B       		.uleb128 0xb
 624 0069 3B       		.uleb128 0x3b
 625 006a 05       		.uleb128 0x5
 626 006b 01       		.uleb128 0x1
 627 006c 13       		.uleb128 0x13
 628 006d 00       		.byte	0
 629 006e 00       		.byte	0
 630 006f 0A       		.uleb128 0xa
 631 0070 0D       		.uleb128 0xd
 632 0071 00       		.byte	0
 633 0072 03       		.uleb128 0x3
 634 0073 0E       		.uleb128 0xe
 635 0074 3A       		.uleb128 0x3a
 636 0075 0B       		.uleb128 0xb
 637 0076 3B       		.uleb128 0x3b
 638 0077 05       		.uleb128 0x5
 639 0078 49       		.uleb128 0x49
 640 0079 13       		.uleb128 0x13
 641 007a 38       		.uleb128 0x38
 642 007b 0B       		.uleb128 0xb
 643 007c 00       		.byte	0
 644 007d 00       		.byte	0
 645 007e 0B       		.uleb128 0xb
 646 007f 2E       		.uleb128 0x2e
 647 0080 01       		.byte	0x1
 648 0081 3F       		.uleb128 0x3f
 649 0082 19       		.uleb128 0x19
 650 0083 03       		.uleb128 0x3
ARM GAS  C:\Users\fneves\AppData\Local\Temp\ccumdHtt.s 			page 15


 651 0084 0E       		.uleb128 0xe
 652 0085 3A       		.uleb128 0x3a
 653 0086 0B       		.uleb128 0xb
 654 0087 3B       		.uleb128 0x3b
 655 0088 0B       		.uleb128 0xb
 656 0089 27       		.uleb128 0x27
 657 008a 19       		.uleb128 0x19
 658 008b 49       		.uleb128 0x49
 659 008c 13       		.uleb128 0x13
 660 008d 11       		.uleb128 0x11
 661 008e 01       		.uleb128 0x1
 662 008f 12       		.uleb128 0x12
 663 0090 06       		.uleb128 0x6
 664 0091 40       		.uleb128 0x40
 665 0092 18       		.uleb128 0x18
 666 0093 9742     		.uleb128 0x2117
 667 0095 19       		.uleb128 0x19
 668 0096 01       		.uleb128 0x1
 669 0097 13       		.uleb128 0x13
 670 0098 00       		.byte	0
 671 0099 00       		.byte	0
 672 009a 0C       		.uleb128 0xc
 673 009b 05       		.uleb128 0x5
 674 009c 00       		.byte	0
 675 009d 03       		.uleb128 0x3
 676 009e 08       		.uleb128 0x8
 677 009f 3A       		.uleb128 0x3a
 678 00a0 0B       		.uleb128 0xb
 679 00a1 3B       		.uleb128 0x3b
 680 00a2 0B       		.uleb128 0xb
 681 00a3 49       		.uleb128 0x49
 682 00a4 13       		.uleb128 0x13
 683 00a5 02       		.uleb128 0x2
 684 00a6 18       		.uleb128 0x18
 685 00a7 00       		.byte	0
 686 00a8 00       		.byte	0
 687 00a9 0D       		.uleb128 0xd
 688 00aa 05       		.uleb128 0x5
 689 00ab 00       		.byte	0
 690 00ac 03       		.uleb128 0x3
 691 00ad 0E       		.uleb128 0xe
 692 00ae 3A       		.uleb128 0x3a
 693 00af 0B       		.uleb128 0xb
 694 00b0 3B       		.uleb128 0x3b
 695 00b1 0B       		.uleb128 0xb
 696 00b2 49       		.uleb128 0x49
 697 00b3 13       		.uleb128 0x13
 698 00b4 02       		.uleb128 0x2
 699 00b5 18       		.uleb128 0x18
 700 00b6 00       		.byte	0
 701 00b7 00       		.byte	0
 702 00b8 0E       		.uleb128 0xe
 703 00b9 34       		.uleb128 0x34
 704 00ba 00       		.byte	0
 705 00bb 03       		.uleb128 0x3
 706 00bc 0E       		.uleb128 0xe
 707 00bd 3A       		.uleb128 0x3a
ARM GAS  C:\Users\fneves\AppData\Local\Temp\ccumdHtt.s 			page 16


 708 00be 0B       		.uleb128 0xb
 709 00bf 3B       		.uleb128 0x3b
 710 00c0 0B       		.uleb128 0xb
 711 00c1 49       		.uleb128 0x49
 712 00c2 13       		.uleb128 0x13
 713 00c3 02       		.uleb128 0x2
 714 00c4 18       		.uleb128 0x18
 715 00c5 00       		.byte	0
 716 00c6 00       		.byte	0
 717 00c7 0F       		.uleb128 0xf
 718 00c8 01       		.uleb128 0x1
 719 00c9 01       		.byte	0x1
 720 00ca 49       		.uleb128 0x49
 721 00cb 13       		.uleb128 0x13
 722 00cc 01       		.uleb128 0x1
 723 00cd 13       		.uleb128 0x13
 724 00ce 00       		.byte	0
 725 00cf 00       		.byte	0
 726 00d0 10       		.uleb128 0x10
 727 00d1 21       		.uleb128 0x21
 728 00d2 00       		.byte	0
 729 00d3 49       		.uleb128 0x49
 730 00d4 13       		.uleb128 0x13
 731 00d5 2F       		.uleb128 0x2f
 732 00d6 05       		.uleb128 0x5
 733 00d7 00       		.byte	0
 734 00d8 00       		.byte	0
 735 00d9 11       		.uleb128 0x11
 736 00da 34       		.uleb128 0x34
 737 00db 00       		.byte	0
 738 00dc 03       		.uleb128 0x3
 739 00dd 0E       		.uleb128 0xe
 740 00de 3A       		.uleb128 0x3a
 741 00df 0B       		.uleb128 0xb
 742 00e0 3B       		.uleb128 0x3b
 743 00e1 0B       		.uleb128 0xb
 744 00e2 49       		.uleb128 0x49
 745 00e3 13       		.uleb128 0x13
 746 00e4 3F       		.uleb128 0x3f
 747 00e5 19       		.uleb128 0x19
 748 00e6 3C       		.uleb128 0x3c
 749 00e7 19       		.uleb128 0x19
 750 00e8 00       		.byte	0
 751 00e9 00       		.byte	0
 752 00ea 12       		.uleb128 0x12
 753 00eb 26       		.uleb128 0x26
 754 00ec 00       		.byte	0
 755 00ed 49       		.uleb128 0x49
 756 00ee 13       		.uleb128 0x13
 757 00ef 00       		.byte	0
 758 00f0 00       		.byte	0
 759 00f1 00       		.byte	0
 760              		.section	.debug_aranges,"",%progbits
 761 0000 1C000000 		.4byte	0x1c
 762 0004 0200     		.2byte	0x2
 763 0006 00000000 		.4byte	.Ldebug_info0
 764 000a 04       		.byte	0x4
ARM GAS  C:\Users\fneves\AppData\Local\Temp\ccumdHtt.s 			page 17


 765 000b 00       		.byte	0
 766 000c 0000     		.2byte	0
 767 000e 0000     		.2byte	0
 768 0010 00000000 		.4byte	.LFB82
 769 0014 38010000 		.4byte	.LFE82-.LFB82
 770 0018 00000000 		.4byte	0
 771 001c 00000000 		.4byte	0
 772              		.section	.debug_ranges,"",%progbits
 773              	.Ldebug_ranges0:
 774 0000 00000000 		.4byte	.LFB82
 775 0004 38010000 		.4byte	.LFE82
 776 0008 00000000 		.4byte	0
 777 000c 00000000 		.4byte	0
 778              		.section	.debug_line,"",%progbits
 779              	.Ldebug_line0:
 780 0000 AB010000 		.section	.debug_str,"MS",%progbits,1
 780      02007201 
 780      00000201 
 780      FB0E0D00 
 780      01010101 
 781              	.LASF3:
 782 0000 5F5F7569 		.ascii	"__uint8_t\000"
 782      6E74385F 
 782      7400
 783              	.LASF36:
 784 000a 61726D42 		.ascii	"armBitRevTable\000"
 784      69745265 
 784      76546162 
 784      6C6500
 785              	.LASF40:
 786 0019 433A5C55 		.ascii	"C:\\Users\\fneves\\Documents\\PSoC Creator\\wp_1\\e"
 786      73657273 
 786      5C666E65 
 786      7665735C 
 786      446F6375 
 787 0046 6E67696E 		.ascii	"ngine_speed_sensor.cydsn\000"
 787      655F7370 
 787      6565645F 
 787      73656E73 
 787      6F722E63 
 788              	.LASF35:
 789 005f 61726D5F 		.ascii	"arm_cfft_radix4_instance_f32\000"
 789      63666674 
 789      5F726164 
 789      6978345F 
 789      696E7374 
 790              	.LASF5:
 791 007c 73686F72 		.ascii	"short unsigned int\000"
 791      7420756E 
 791      7369676E 
 791      65642069 
 791      6E7400
 792              	.LASF11:
 793 008f 75696E74 		.ascii	"uint8_t\000"
 793      385F7400 
 794              	.LASF32:
 795 0097 74776964 		.ascii	"twidCoefModifier\000"
ARM GAS  C:\Users\fneves\AppData\Local\Temp\ccumdHtt.s 			page 18


 795      436F6566 
 795      4D6F6469 
 795      66696572 
 795      00
 796              	.LASF42:
 797 00a8 73746174 		.ascii	"status\000"
 797      757300
 798              	.LASF21:
 799 00af 41524D5F 		.ascii	"ARM_MATH_SIZE_MISMATCH\000"
 799      4D415448 
 799      5F53495A 
 799      455F4D49 
 799      534D4154 
 800              	.LASF31:
 801 00c6 70426974 		.ascii	"pBitRevTable\000"
 801      52657654 
 801      61626C65 
 801      00
 802              	.LASF16:
 803 00d3 666C6F61 		.ascii	"float\000"
 803      7400
 804              	.LASF1:
 805 00d9 756E7369 		.ascii	"unsigned char\000"
 805      676E6564 
 805      20636861 
 805      7200
 806              	.LASF33:
 807 00e7 62697452 		.ascii	"bitRevFactor\000"
 807      65764661 
 807      63746F72 
 807      00
 808              	.LASF37:
 809 00f4 74776964 		.ascii	"twiddleCoef_4096\000"
 809      646C6543 
 809      6F65665F 
 809      34303936 
 809      00
 810              	.LASF34:
 811 0105 6F6E6562 		.ascii	"onebyfftLen\000"
 811      79666674 
 811      4C656E00 
 812              	.LASF7:
 813 0111 6C6F6E67 		.ascii	"long unsigned int\000"
 813      20756E73 
 813      69676E65 
 813      6420696E 
 813      7400
 814              	.LASF39:
 815 0123 536F7572 		.ascii	"Source\\TransformFunctions\\arm_cfft_radix4_init_f3"
 815      63655C54 
 815      72616E73 
 815      666F726D 
 815      46756E63 
 816 0154 322E6300 		.ascii	"2.c\000"
 817              	.LASF27:
 818 0158 6666744C 		.ascii	"fftLen\000"
 818      656E00
ARM GAS  C:\Users\fneves\AppData\Local\Temp\ccumdHtt.s 			page 19


 819              	.LASF24:
 820 015f 41524D5F 		.ascii	"ARM_MATH_TEST_FAILURE\000"
 820      4D415448 
 820      5F544553 
 820      545F4641 
 820      494C5552 
 821              	.LASF4:
 822 0175 5F5F7569 		.ascii	"__uint16_t\000"
 822      6E743136 
 822      5F7400
 823              	.LASF15:
 824 0180 646F7562 		.ascii	"double\000"
 824      6C6500
 825              	.LASF19:
 826 0187 41524D5F 		.ascii	"ARM_MATH_ARGUMENT_ERROR\000"
 826      4D415448 
 826      5F415247 
 826      554D454E 
 826      545F4552 
 827              	.LASF28:
 828 019f 69666674 		.ascii	"ifftFlag\000"
 828      466C6167 
 828      00
 829              	.LASF10:
 830 01a8 756E7369 		.ascii	"unsigned int\000"
 830      676E6564 
 830      20696E74 
 830      00
 831              	.LASF9:
 832 01b5 6C6F6E67 		.ascii	"long long unsigned int\000"
 832      206C6F6E 
 832      6720756E 
 832      7369676E 
 832      65642069 
 833              	.LASF38:
 834 01cc 474E5520 		.ascii	"GNU C 4.9.3 20150303 (release) [ARM/embedded-4_9-br"
 834      4320342E 
 834      392E3320 
 834      32303135 
 834      30333033 
 835 01ff 616E6368 		.ascii	"anch revision 221220] -mcpu=cortex-m0plus -mthumb -"
 835      20726576 
 835      6973696F 
 835      6E203232 
 835      31323230 
 836 0232 67202D4F 		.ascii	"g -O0 -ffunction-sections -ffat-lto-objects\000"
 836      30202D66 
 836      66756E63 
 836      74696F6E 
 836      2D736563 
 837              	.LASF29:
 838 025e 62697452 		.ascii	"bitReverseFlag\000"
 838      65766572 
 838      7365466C 
 838      616700
 839              	.LASF22:
 840 026d 41524D5F 		.ascii	"ARM_MATH_NANINF\000"
ARM GAS  C:\Users\fneves\AppData\Local\Temp\ccumdHtt.s 			page 20


 840      4D415448 
 840      5F4E414E 
 840      494E4600 
 841              	.LASF20:
 842 027d 41524D5F 		.ascii	"ARM_MATH_LENGTH_ERROR\000"
 842      4D415448 
 842      5F4C454E 
 842      4754485F 
 842      4552524F 
 843              	.LASF13:
 844 0293 73697A65 		.ascii	"sizetype\000"
 844      74797065 
 844      00
 845              	.LASF8:
 846 029c 6C6F6E67 		.ascii	"long long int\000"
 846      206C6F6E 
 846      6720696E 
 846      7400
 847              	.LASF41:
 848 02aa 61726D5F 		.ascii	"arm_cfft_radix4_init_f32\000"
 848      63666674 
 848      5F726164 
 848      6978345F 
 848      696E6974 
 849              	.LASF30:
 850 02c3 70547769 		.ascii	"pTwiddle\000"
 850      64646C65 
 850      00
 851              	.LASF14:
 852 02cc 63686172 		.ascii	"char\000"
 852      00
 853              	.LASF26:
 854 02d1 666C6F61 		.ascii	"float32_t\000"
 854      7433325F 
 854      7400
 855              	.LASF18:
 856 02db 41524D5F 		.ascii	"ARM_MATH_SUCCESS\000"
 856      4D415448 
 856      5F535543 
 856      43455353 
 856      00
 857              	.LASF2:
 858 02ec 73686F72 		.ascii	"short int\000"
 858      7420696E 
 858      7400
 859              	.LASF12:
 860 02f6 75696E74 		.ascii	"uint16_t\000"
 860      31365F74 
 860      00
 861              	.LASF6:
 862 02ff 6C6F6E67 		.ascii	"long int\000"
 862      20696E74 
 862      00
 863              	.LASF17:
 864 0308 6C6F6E67 		.ascii	"long double\000"
 864      20646F75 
 864      626C6500 
ARM GAS  C:\Users\fneves\AppData\Local\Temp\ccumdHtt.s 			page 21


 865              	.LASF0:
 866 0314 7369676E 		.ascii	"signed char\000"
 866      65642063 
 866      68617200 
 867              	.LASF25:
 868 0320 61726D5F 		.ascii	"arm_status\000"
 868      73746174 
 868      757300
 869              	.LASF23:
 870 032b 41524D5F 		.ascii	"ARM_MATH_SINGULAR\000"
 870      4D415448 
 870      5F53494E 
 870      47554C41 
 870      5200
 871              		.ident	"GCC: (GNU Tools for ARM Embedded Processors) 4.9.3 20150303 (release) [ARM/embedded-4_9-br
