ARM GAS  C:\Users\fneves\AppData\Local\Temp\cckawOxA.s 			page 1


   1              		.cpu cortex-m0plus
   2              		.fpu softvfp
   3              		.eabi_attribute 20, 1
   4              		.eabi_attribute 21, 1
   5              		.eabi_attribute 23, 3
   6              		.eabi_attribute 24, 1
   7              		.eabi_attribute 25, 1
   8              		.eabi_attribute 26, 1
   9              		.eabi_attribute 30, 6
  10              		.eabi_attribute 34, 0
  11              		.eabi_attribute 18, 4
  12              		.code	16
  13              		.file	"arm_mat_trans_f32.c"
  14              		.text
  15              	.Ltext0:
  16              		.cfi_sections	.debug_frame
  17              		.section	.text.arm_mat_trans_f32,"ax",%progbits
  18              		.align	2
  19              		.global	arm_mat_trans_f32
  20              		.code	16
  21              		.thumb_func
  22              		.type	arm_mat_trans_f32, %function
  23              	arm_mat_trans_f32:
  24              	.LFB82:
  25              		.file 1 "Source\\MatrixFunctions\\arm_mat_trans_f32.c"
   1:Source\MatrixFunctions/arm_mat_trans_f32.c **** /* ----------------------------------------------------------------------
   2:Source\MatrixFunctions/arm_mat_trans_f32.c ****  * Project:      CMSIS DSP Library
   3:Source\MatrixFunctions/arm_mat_trans_f32.c ****  * Title:        arm_mat_trans_f32.c
   4:Source\MatrixFunctions/arm_mat_trans_f32.c ****  * Description:  Floating-point matrix transpose
   5:Source\MatrixFunctions/arm_mat_trans_f32.c ****  *
   6:Source\MatrixFunctions/arm_mat_trans_f32.c ****  * $Date:        27. January 2017
   7:Source\MatrixFunctions/arm_mat_trans_f32.c ****  * $Revision:    V.1.5.1
   8:Source\MatrixFunctions/arm_mat_trans_f32.c ****  *
   9:Source\MatrixFunctions/arm_mat_trans_f32.c ****  * Target Processor: Cortex-M cores
  10:Source\MatrixFunctions/arm_mat_trans_f32.c ****  * -------------------------------------------------------------------- */
  11:Source\MatrixFunctions/arm_mat_trans_f32.c **** /*
  12:Source\MatrixFunctions/arm_mat_trans_f32.c ****  * Copyright (C) 2010-2017 ARM Limited or its affiliates. All rights reserved.
  13:Source\MatrixFunctions/arm_mat_trans_f32.c ****  *
  14:Source\MatrixFunctions/arm_mat_trans_f32.c ****  * SPDX-License-Identifier: Apache-2.0
  15:Source\MatrixFunctions/arm_mat_trans_f32.c ****  *
  16:Source\MatrixFunctions/arm_mat_trans_f32.c ****  * Licensed under the Apache License, Version 2.0 (the License); you may
  17:Source\MatrixFunctions/arm_mat_trans_f32.c ****  * not use this file except in compliance with the License.
  18:Source\MatrixFunctions/arm_mat_trans_f32.c ****  * You may obtain a copy of the License at
  19:Source\MatrixFunctions/arm_mat_trans_f32.c ****  *
  20:Source\MatrixFunctions/arm_mat_trans_f32.c ****  * www.apache.org/licenses/LICENSE-2.0
  21:Source\MatrixFunctions/arm_mat_trans_f32.c ****  *
  22:Source\MatrixFunctions/arm_mat_trans_f32.c ****  * Unless required by applicable law or agreed to in writing, software
  23:Source\MatrixFunctions/arm_mat_trans_f32.c ****  * distributed under the License is distributed on an AS IS BASIS, WITHOUT
  24:Source\MatrixFunctions/arm_mat_trans_f32.c ****  * WARRANTIES OR CONDITIONS OF ANY KIND, either express or implied.
  25:Source\MatrixFunctions/arm_mat_trans_f32.c ****  * See the License for the specific language governing permissions and
  26:Source\MatrixFunctions/arm_mat_trans_f32.c ****  * limitations under the License.
  27:Source\MatrixFunctions/arm_mat_trans_f32.c ****  */
  28:Source\MatrixFunctions/arm_mat_trans_f32.c **** 
  29:Source\MatrixFunctions/arm_mat_trans_f32.c **** /**
  30:Source\MatrixFunctions/arm_mat_trans_f32.c ****  * @defgroup MatrixTrans Matrix Transpose
  31:Source\MatrixFunctions/arm_mat_trans_f32.c ****  *
  32:Source\MatrixFunctions/arm_mat_trans_f32.c ****  * Tranposes a matrix.
ARM GAS  C:\Users\fneves\AppData\Local\Temp\cckawOxA.s 			page 2


  33:Source\MatrixFunctions/arm_mat_trans_f32.c ****  * Transposing an <code>M x N</code> matrix flips it around the center diagonal and results in an <
  34:Source\MatrixFunctions/arm_mat_trans_f32.c ****  * \image html MatrixTranspose.gif "Transpose of a 3 x 3 matrix"
  35:Source\MatrixFunctions/arm_mat_trans_f32.c ****  */
  36:Source\MatrixFunctions/arm_mat_trans_f32.c **** 
  37:Source\MatrixFunctions/arm_mat_trans_f32.c **** #include "arm_math.h"
  38:Source\MatrixFunctions/arm_mat_trans_f32.c **** 
  39:Source\MatrixFunctions/arm_mat_trans_f32.c **** /**
  40:Source\MatrixFunctions/arm_mat_trans_f32.c ****  * @ingroup groupMatrix
  41:Source\MatrixFunctions/arm_mat_trans_f32.c ****  */
  42:Source\MatrixFunctions/arm_mat_trans_f32.c **** 
  43:Source\MatrixFunctions/arm_mat_trans_f32.c **** /**
  44:Source\MatrixFunctions/arm_mat_trans_f32.c ****  * @addtogroup MatrixTrans
  45:Source\MatrixFunctions/arm_mat_trans_f32.c ****  * @{
  46:Source\MatrixFunctions/arm_mat_trans_f32.c ****  */
  47:Source\MatrixFunctions/arm_mat_trans_f32.c **** 
  48:Source\MatrixFunctions/arm_mat_trans_f32.c **** /**
  49:Source\MatrixFunctions/arm_mat_trans_f32.c ****   * @brief Floating-point matrix transpose.
  50:Source\MatrixFunctions/arm_mat_trans_f32.c ****   * @param[in]  *pSrc points to the input matrix
  51:Source\MatrixFunctions/arm_mat_trans_f32.c ****   * @param[out] *pDst points to the output matrix
  52:Source\MatrixFunctions/arm_mat_trans_f32.c ****   * @return 	The function returns either  <code>ARM_MATH_SIZE_MISMATCH</code>
  53:Source\MatrixFunctions/arm_mat_trans_f32.c ****   * or <code>ARM_MATH_SUCCESS</code> based on the outcome of size checking.
  54:Source\MatrixFunctions/arm_mat_trans_f32.c ****   */
  55:Source\MatrixFunctions/arm_mat_trans_f32.c **** 
  56:Source\MatrixFunctions/arm_mat_trans_f32.c **** 
  57:Source\MatrixFunctions/arm_mat_trans_f32.c **** arm_status arm_mat_trans_f32(
  58:Source\MatrixFunctions/arm_mat_trans_f32.c ****   const arm_matrix_instance_f32 * pSrc,
  59:Source\MatrixFunctions/arm_mat_trans_f32.c ****   arm_matrix_instance_f32 * pDst)
  60:Source\MatrixFunctions/arm_mat_trans_f32.c **** {
  26              		.loc 1 60 0
  27              		.cfi_startproc
  28 0000 80B5     		push	{r7, lr}
  29              		.cfi_def_cfa_offset 8
  30              		.cfi_offset 7, -8
  31              		.cfi_offset 14, -4
  32 0002 8AB0     		sub	sp, sp, #40
  33              		.cfi_def_cfa_offset 48
  34 0004 00AF     		add	r7, sp, #0
  35              		.cfi_def_cfa_register 7
  36 0006 7860     		str	r0, [r7, #4]
  37 0008 3960     		str	r1, [r7]
  61:Source\MatrixFunctions/arm_mat_trans_f32.c ****   float32_t *pIn = pSrc->pData;                  /* input data matrix pointer */
  38              		.loc 1 61 0
  39 000a 7B68     		ldr	r3, [r7, #4]
  40 000c 5B68     		ldr	r3, [r3, #4]
  41 000e 7B62     		str	r3, [r7, #36]
  62:Source\MatrixFunctions/arm_mat_trans_f32.c ****   float32_t *pOut = pDst->pData;                 /* output data matrix pointer */
  42              		.loc 1 62 0
  43 0010 3B68     		ldr	r3, [r7]
  44 0012 5B68     		ldr	r3, [r3, #4]
  45 0014 7B61     		str	r3, [r7, #20]
  63:Source\MatrixFunctions/arm_mat_trans_f32.c ****   float32_t *px;                                 /* Temporary output data matrix pointer */
  64:Source\MatrixFunctions/arm_mat_trans_f32.c ****   uint16_t nRows = pSrc->numRows;                /* number of rows */
  46              		.loc 1 64 0
  47 0016 1223     		mov	r3, #18
  48 0018 FB18     		add	r3, r7, r3
  49 001a 7A68     		ldr	r2, [r7, #4]
  50 001c 1288     		ldrh	r2, [r2]
ARM GAS  C:\Users\fneves\AppData\Local\Temp\cckawOxA.s 			page 3


  51 001e 1A80     		strh	r2, [r3]
  65:Source\MatrixFunctions/arm_mat_trans_f32.c ****   uint16_t nColumns = pSrc->numCols;             /* number of columns */
  52              		.loc 1 65 0
  53 0020 1023     		mov	r3, #16
  54 0022 FB18     		add	r3, r7, r3
  55 0024 7A68     		ldr	r2, [r7, #4]
  56 0026 5288     		ldrh	r2, [r2, #2]
  57 0028 1A80     		strh	r2, [r3]
  66:Source\MatrixFunctions/arm_mat_trans_f32.c **** 
  67:Source\MatrixFunctions/arm_mat_trans_f32.c **** #if defined (ARM_MATH_DSP)
  68:Source\MatrixFunctions/arm_mat_trans_f32.c **** 
  69:Source\MatrixFunctions/arm_mat_trans_f32.c ****   /* Run the below code for Cortex-M4 and Cortex-M3 */
  70:Source\MatrixFunctions/arm_mat_trans_f32.c **** 
  71:Source\MatrixFunctions/arm_mat_trans_f32.c ****   uint16_t blkCnt, i = 0u, row = nRows;          /* loop counters */
  72:Source\MatrixFunctions/arm_mat_trans_f32.c ****   arm_status status;                             /* status of matrix transpose  */
  73:Source\MatrixFunctions/arm_mat_trans_f32.c **** 
  74:Source\MatrixFunctions/arm_mat_trans_f32.c **** 
  75:Source\MatrixFunctions/arm_mat_trans_f32.c **** #ifdef ARM_MATH_MATRIX_CHECK
  76:Source\MatrixFunctions/arm_mat_trans_f32.c **** 
  77:Source\MatrixFunctions/arm_mat_trans_f32.c **** 
  78:Source\MatrixFunctions/arm_mat_trans_f32.c ****   /* Check for matrix mismatch condition */
  79:Source\MatrixFunctions/arm_mat_trans_f32.c ****   if ((pSrc->numRows != pDst->numCols) || (pSrc->numCols != pDst->numRows))
  80:Source\MatrixFunctions/arm_mat_trans_f32.c ****   {
  81:Source\MatrixFunctions/arm_mat_trans_f32.c ****     /* Set status as ARM_MATH_SIZE_MISMATCH */
  82:Source\MatrixFunctions/arm_mat_trans_f32.c ****     status = ARM_MATH_SIZE_MISMATCH;
  83:Source\MatrixFunctions/arm_mat_trans_f32.c ****   }
  84:Source\MatrixFunctions/arm_mat_trans_f32.c ****   else
  85:Source\MatrixFunctions/arm_mat_trans_f32.c **** #endif /*    #ifdef ARM_MATH_MATRIX_CHECK    */
  86:Source\MatrixFunctions/arm_mat_trans_f32.c **** 
  87:Source\MatrixFunctions/arm_mat_trans_f32.c ****   {
  88:Source\MatrixFunctions/arm_mat_trans_f32.c ****     /* Matrix transpose by exchanging the rows with columns */
  89:Source\MatrixFunctions/arm_mat_trans_f32.c ****     /* row loop     */
  90:Source\MatrixFunctions/arm_mat_trans_f32.c ****     do
  91:Source\MatrixFunctions/arm_mat_trans_f32.c ****     {
  92:Source\MatrixFunctions/arm_mat_trans_f32.c ****       /* Loop Unrolling */
  93:Source\MatrixFunctions/arm_mat_trans_f32.c ****       blkCnt = nColumns >> 2;
  94:Source\MatrixFunctions/arm_mat_trans_f32.c **** 
  95:Source\MatrixFunctions/arm_mat_trans_f32.c ****       /* The pointer px is set to starting address of the column being processed */
  96:Source\MatrixFunctions/arm_mat_trans_f32.c ****       px = pOut + i;
  97:Source\MatrixFunctions/arm_mat_trans_f32.c **** 
  98:Source\MatrixFunctions/arm_mat_trans_f32.c ****       /* First part of the processing with loop unrolling.  Compute 4 outputs at a time.
  99:Source\MatrixFunctions/arm_mat_trans_f32.c ****        ** a second loop below computes the remaining 1 to 3 samples. */
 100:Source\MatrixFunctions/arm_mat_trans_f32.c ****       while (blkCnt > 0u)        /* column loop */
 101:Source\MatrixFunctions/arm_mat_trans_f32.c ****       {
 102:Source\MatrixFunctions/arm_mat_trans_f32.c ****         /* Read and store the input element in the destination */
 103:Source\MatrixFunctions/arm_mat_trans_f32.c ****         *px = *pIn++;
 104:Source\MatrixFunctions/arm_mat_trans_f32.c **** 
 105:Source\MatrixFunctions/arm_mat_trans_f32.c ****         /* Update the pointer px to point to the next row of the transposed matrix */
 106:Source\MatrixFunctions/arm_mat_trans_f32.c ****         px += nRows;
 107:Source\MatrixFunctions/arm_mat_trans_f32.c **** 
 108:Source\MatrixFunctions/arm_mat_trans_f32.c ****         /* Read and store the input element in the destination */
 109:Source\MatrixFunctions/arm_mat_trans_f32.c ****         *px = *pIn++;
 110:Source\MatrixFunctions/arm_mat_trans_f32.c **** 
 111:Source\MatrixFunctions/arm_mat_trans_f32.c ****         /* Update the pointer px to point to the next row of the transposed matrix */
 112:Source\MatrixFunctions/arm_mat_trans_f32.c ****         px += nRows;
 113:Source\MatrixFunctions/arm_mat_trans_f32.c **** 
 114:Source\MatrixFunctions/arm_mat_trans_f32.c ****         /* Read and store the input element in the destination */
ARM GAS  C:\Users\fneves\AppData\Local\Temp\cckawOxA.s 			page 4


 115:Source\MatrixFunctions/arm_mat_trans_f32.c ****         *px = *pIn++;
 116:Source\MatrixFunctions/arm_mat_trans_f32.c **** 
 117:Source\MatrixFunctions/arm_mat_trans_f32.c ****         /* Update the pointer px to point to the next row of the transposed matrix */
 118:Source\MatrixFunctions/arm_mat_trans_f32.c ****         px += nRows;
 119:Source\MatrixFunctions/arm_mat_trans_f32.c **** 
 120:Source\MatrixFunctions/arm_mat_trans_f32.c ****         /* Read and store the input element in the destination */
 121:Source\MatrixFunctions/arm_mat_trans_f32.c ****         *px = *pIn++;
 122:Source\MatrixFunctions/arm_mat_trans_f32.c **** 
 123:Source\MatrixFunctions/arm_mat_trans_f32.c ****         /* Update the pointer px to point to the next row of the transposed matrix */
 124:Source\MatrixFunctions/arm_mat_trans_f32.c ****         px += nRows;
 125:Source\MatrixFunctions/arm_mat_trans_f32.c **** 
 126:Source\MatrixFunctions/arm_mat_trans_f32.c ****         /* Decrement the column loop counter */
 127:Source\MatrixFunctions/arm_mat_trans_f32.c ****         blkCnt--;
 128:Source\MatrixFunctions/arm_mat_trans_f32.c ****       }
 129:Source\MatrixFunctions/arm_mat_trans_f32.c **** 
 130:Source\MatrixFunctions/arm_mat_trans_f32.c ****       /* Perform matrix transpose for last 3 samples here. */
 131:Source\MatrixFunctions/arm_mat_trans_f32.c ****       blkCnt = nColumns % 0x4u;
 132:Source\MatrixFunctions/arm_mat_trans_f32.c **** 
 133:Source\MatrixFunctions/arm_mat_trans_f32.c ****       while (blkCnt > 0u)
 134:Source\MatrixFunctions/arm_mat_trans_f32.c ****       {
 135:Source\MatrixFunctions/arm_mat_trans_f32.c ****         /* Read and store the input element in the destination */
 136:Source\MatrixFunctions/arm_mat_trans_f32.c ****         *px = *pIn++;
 137:Source\MatrixFunctions/arm_mat_trans_f32.c **** 
 138:Source\MatrixFunctions/arm_mat_trans_f32.c ****         /* Update the pointer px to point to the next row of the transposed matrix */
 139:Source\MatrixFunctions/arm_mat_trans_f32.c ****         px += nRows;
 140:Source\MatrixFunctions/arm_mat_trans_f32.c **** 
 141:Source\MatrixFunctions/arm_mat_trans_f32.c ****         /* Decrement the column loop counter */
 142:Source\MatrixFunctions/arm_mat_trans_f32.c ****         blkCnt--;
 143:Source\MatrixFunctions/arm_mat_trans_f32.c ****       }
 144:Source\MatrixFunctions/arm_mat_trans_f32.c **** 
 145:Source\MatrixFunctions/arm_mat_trans_f32.c **** #else
 146:Source\MatrixFunctions/arm_mat_trans_f32.c **** 
 147:Source\MatrixFunctions/arm_mat_trans_f32.c ****   /* Run the below code for Cortex-M0 */
 148:Source\MatrixFunctions/arm_mat_trans_f32.c **** 
 149:Source\MatrixFunctions/arm_mat_trans_f32.c ****   uint16_t col, i = 0u, row = nRows;             /* loop counters */
  58              		.loc 1 149 0
  59 002a 1C23     		mov	r3, #28
  60 002c FB18     		add	r3, r7, r3
  61 002e 0022     		mov	r2, #0
  62 0030 1A80     		strh	r2, [r3]
  63 0032 1A23     		mov	r3, #26
  64 0034 FB18     		add	r3, r7, r3
  65 0036 1222     		mov	r2, #18
  66 0038 BA18     		add	r2, r7, r2
  67 003a 1288     		ldrh	r2, [r2]
  68 003c 1A80     		strh	r2, [r3]
  69              	.L4:
 150:Source\MatrixFunctions/arm_mat_trans_f32.c ****   arm_status status;                             /* status of matrix transpose  */
 151:Source\MatrixFunctions/arm_mat_trans_f32.c **** 
 152:Source\MatrixFunctions/arm_mat_trans_f32.c **** 
 153:Source\MatrixFunctions/arm_mat_trans_f32.c **** #ifdef ARM_MATH_MATRIX_CHECK
 154:Source\MatrixFunctions/arm_mat_trans_f32.c **** 
 155:Source\MatrixFunctions/arm_mat_trans_f32.c ****   /* Check for matrix mismatch condition */
 156:Source\MatrixFunctions/arm_mat_trans_f32.c ****   if ((pSrc->numRows != pDst->numCols) || (pSrc->numCols != pDst->numRows))
 157:Source\MatrixFunctions/arm_mat_trans_f32.c ****   {
 158:Source\MatrixFunctions/arm_mat_trans_f32.c ****     /* Set status as ARM_MATH_SIZE_MISMATCH */
 159:Source\MatrixFunctions/arm_mat_trans_f32.c ****     status = ARM_MATH_SIZE_MISMATCH;
ARM GAS  C:\Users\fneves\AppData\Local\Temp\cckawOxA.s 			page 5


 160:Source\MatrixFunctions/arm_mat_trans_f32.c ****   }
 161:Source\MatrixFunctions/arm_mat_trans_f32.c ****   else
 162:Source\MatrixFunctions/arm_mat_trans_f32.c **** #endif /*      #ifdef ARM_MATH_MATRIX_CHECK    */
 163:Source\MatrixFunctions/arm_mat_trans_f32.c **** 
 164:Source\MatrixFunctions/arm_mat_trans_f32.c ****   {
 165:Source\MatrixFunctions/arm_mat_trans_f32.c ****     /* Matrix transpose by exchanging the rows with columns */
 166:Source\MatrixFunctions/arm_mat_trans_f32.c ****     /* row loop     */
 167:Source\MatrixFunctions/arm_mat_trans_f32.c ****     do
 168:Source\MatrixFunctions/arm_mat_trans_f32.c ****     {
 169:Source\MatrixFunctions/arm_mat_trans_f32.c ****       /* The pointer px is set to starting address of the column being processed */
 170:Source\MatrixFunctions/arm_mat_trans_f32.c ****       px = pOut + i;
  70              		.loc 1 170 0
  71 003e 1C23     		mov	r3, #28
  72 0040 FB18     		add	r3, r7, r3
  73 0042 1B88     		ldrh	r3, [r3]
  74 0044 9B00     		lsl	r3, r3, #2
  75 0046 7A69     		ldr	r2, [r7, #20]
  76 0048 D318     		add	r3, r2, r3
  77 004a 3B62     		str	r3, [r7, #32]
 171:Source\MatrixFunctions/arm_mat_trans_f32.c **** 
 172:Source\MatrixFunctions/arm_mat_trans_f32.c ****       /* Initialize column loop counter */
 173:Source\MatrixFunctions/arm_mat_trans_f32.c ****       col = nColumns;
  78              		.loc 1 173 0
  79 004c 1E23     		mov	r3, #30
  80 004e FB18     		add	r3, r7, r3
  81 0050 1022     		mov	r2, #16
  82 0052 BA18     		add	r2, r7, r2
  83 0054 1288     		ldrh	r2, [r2]
  84 0056 1A80     		strh	r2, [r3]
 174:Source\MatrixFunctions/arm_mat_trans_f32.c **** 
 175:Source\MatrixFunctions/arm_mat_trans_f32.c ****       while (col > 0u)
  85              		.loc 1 175 0
  86 0058 13E0     		b	.L2
  87              	.L3:
 176:Source\MatrixFunctions/arm_mat_trans_f32.c ****       {
 177:Source\MatrixFunctions/arm_mat_trans_f32.c ****         /* Read and store the input element in the destination */
 178:Source\MatrixFunctions/arm_mat_trans_f32.c ****         *px = *pIn++;
  88              		.loc 1 178 0
  89 005a 7B6A     		ldr	r3, [r7, #36]
  90 005c 1A1D     		add	r2, r3, #4
  91 005e 7A62     		str	r2, [r7, #36]
  92 0060 1A68     		ldr	r2, [r3]
  93 0062 3B6A     		ldr	r3, [r7, #32]
  94 0064 1A60     		str	r2, [r3]
 179:Source\MatrixFunctions/arm_mat_trans_f32.c **** 
 180:Source\MatrixFunctions/arm_mat_trans_f32.c ****         /* Update the pointer px to point to the next row of the transposed matrix */
 181:Source\MatrixFunctions/arm_mat_trans_f32.c ****         px += nRows;
  95              		.loc 1 181 0
  96 0066 1223     		mov	r3, #18
  97 0068 FB18     		add	r3, r7, r3
  98 006a 1B88     		ldrh	r3, [r3]
  99 006c 9B00     		lsl	r3, r3, #2
 100 006e 3A6A     		ldr	r2, [r7, #32]
 101 0070 D318     		add	r3, r2, r3
 102 0072 3B62     		str	r3, [r7, #32]
 182:Source\MatrixFunctions/arm_mat_trans_f32.c **** 
 183:Source\MatrixFunctions/arm_mat_trans_f32.c ****         /* Decrement the column loop counter */
ARM GAS  C:\Users\fneves\AppData\Local\Temp\cckawOxA.s 			page 6


 184:Source\MatrixFunctions/arm_mat_trans_f32.c ****         col--;
 103              		.loc 1 184 0
 104 0074 1E23     		mov	r3, #30
 105 0076 FB18     		add	r3, r7, r3
 106 0078 1A88     		ldrh	r2, [r3]
 107 007a 1E23     		mov	r3, #30
 108 007c FB18     		add	r3, r7, r3
 109 007e 013A     		sub	r2, r2, #1
 110 0080 1A80     		strh	r2, [r3]
 111              	.L2:
 175:Source\MatrixFunctions/arm_mat_trans_f32.c ****       {
 112              		.loc 1 175 0
 113 0082 1E23     		mov	r3, #30
 114 0084 FB18     		add	r3, r7, r3
 115 0086 1B88     		ldrh	r3, [r3]
 116 0088 002B     		cmp	r3, #0
 117 008a E6D1     		bne	.L3
 185:Source\MatrixFunctions/arm_mat_trans_f32.c ****       }
 186:Source\MatrixFunctions/arm_mat_trans_f32.c **** 
 187:Source\MatrixFunctions/arm_mat_trans_f32.c **** #endif /* #if defined (ARM_MATH_DSP) */
 188:Source\MatrixFunctions/arm_mat_trans_f32.c **** 
 189:Source\MatrixFunctions/arm_mat_trans_f32.c ****       i++;
 118              		.loc 1 189 0
 119 008c 1C23     		mov	r3, #28
 120 008e FB18     		add	r3, r7, r3
 121 0090 1A88     		ldrh	r2, [r3]
 122 0092 1C23     		mov	r3, #28
 123 0094 FB18     		add	r3, r7, r3
 124 0096 0132     		add	r2, r2, #1
 125 0098 1A80     		strh	r2, [r3]
 190:Source\MatrixFunctions/arm_mat_trans_f32.c **** 
 191:Source\MatrixFunctions/arm_mat_trans_f32.c ****       /* Decrement the row loop counter */
 192:Source\MatrixFunctions/arm_mat_trans_f32.c ****       row--;
 126              		.loc 1 192 0
 127 009a 1A23     		mov	r3, #26
 128 009c FB18     		add	r3, r7, r3
 129 009e 1A88     		ldrh	r2, [r3]
 130 00a0 1A23     		mov	r3, #26
 131 00a2 FB18     		add	r3, r7, r3
 132 00a4 013A     		sub	r2, r2, #1
 133 00a6 1A80     		strh	r2, [r3]
 193:Source\MatrixFunctions/arm_mat_trans_f32.c **** 
 194:Source\MatrixFunctions/arm_mat_trans_f32.c ****     } while (row > 0u);          /* row loop end  */
 134              		.loc 1 194 0
 135 00a8 1A23     		mov	r3, #26
 136 00aa FB18     		add	r3, r7, r3
 137 00ac 1B88     		ldrh	r3, [r3]
 138 00ae 002B     		cmp	r3, #0
 139 00b0 C5D1     		bne	.L4
 195:Source\MatrixFunctions/arm_mat_trans_f32.c **** 
 196:Source\MatrixFunctions/arm_mat_trans_f32.c ****     /* Set status as ARM_MATH_SUCCESS */
 197:Source\MatrixFunctions/arm_mat_trans_f32.c ****     status = ARM_MATH_SUCCESS;
 140              		.loc 1 197 0
 141 00b2 0F23     		mov	r3, #15
 142 00b4 FB18     		add	r3, r7, r3
 143 00b6 0022     		mov	r2, #0
 144 00b8 1A70     		strb	r2, [r3]
ARM GAS  C:\Users\fneves\AppData\Local\Temp\cckawOxA.s 			page 7


 198:Source\MatrixFunctions/arm_mat_trans_f32.c ****   }
 199:Source\MatrixFunctions/arm_mat_trans_f32.c **** 
 200:Source\MatrixFunctions/arm_mat_trans_f32.c ****   /* Return to application */
 201:Source\MatrixFunctions/arm_mat_trans_f32.c ****   return (status);
 145              		.loc 1 201 0
 146 00ba 0F23     		mov	r3, #15
 147 00bc FB18     		add	r3, r7, r3
 148 00be 1B78     		ldrb	r3, [r3]
 149 00c0 5BB2     		sxtb	r3, r3
 202:Source\MatrixFunctions/arm_mat_trans_f32.c **** }
 150              		.loc 1 202 0
 151 00c2 181C     		mov	r0, r3
 152 00c4 BD46     		mov	sp, r7
 153 00c6 0AB0     		add	sp, sp, #40
 154              		@ sp needed
 155 00c8 80BD     		pop	{r7, pc}
 156              		.cfi_endproc
 157              	.LFE82:
 158              		.size	arm_mat_trans_f32, .-arm_mat_trans_f32
 159 00ca C046     		.text
 160              	.Letext0:
 161              		.file 2 "c:\\program files (x86)\\cypress\\psoc creator\\4.0\\psoc creator\\import\\gnu\\arm\\4.9.
 162              		.file 3 "c:\\program files (x86)\\cypress\\psoc creator\\4.0\\psoc creator\\import\\gnu\\arm\\4.9.
 163              		.file 4 ".\\Include/arm_math.h"
 164              		.section	.debug_info,"",%progbits
 165              	.Ldebug_info0:
 166 0000 F2010000 		.4byte	0x1f2
 167 0004 0400     		.2byte	0x4
 168 0006 00000000 		.4byte	.Ldebug_abbrev0
 169 000a 04       		.byte	0x4
 170 000b 01       		.uleb128 0x1
 171 000c 53010000 		.4byte	.LASF35
 172 0010 01       		.byte	0x1
 173 0011 7B000000 		.4byte	.LASF36
 174 0015 35000000 		.4byte	.LASF37
 175 0019 00000000 		.4byte	.Ldebug_ranges0+0
 176 001d 00000000 		.4byte	0
 177 0021 00000000 		.4byte	.Ldebug_line0
 178 0025 02       		.uleb128 0x2
 179 0026 01       		.byte	0x1
 180 0027 06       		.byte	0x6
 181 0028 8C020000 		.4byte	.LASF0
 182 002c 02       		.uleb128 0x2
 183 002d 01       		.byte	0x1
 184 002e 08       		.byte	0x8
 185 002f B7000000 		.4byte	.LASF1
 186 0033 02       		.uleb128 0x2
 187 0034 02       		.byte	0x2
 188 0035 05       		.byte	0x5
 189 0036 4C020000 		.4byte	.LASF2
 190 003a 03       		.uleb128 0x3
 191 003b 05010000 		.4byte	.LASF9
 192 003f 02       		.byte	0x2
 193 0040 2B       		.byte	0x2b
 194 0041 45000000 		.4byte	0x45
 195 0045 02       		.uleb128 0x2
 196 0046 02       		.byte	0x2
ARM GAS  C:\Users\fneves\AppData\Local\Temp\cckawOxA.s 			page 8


 197 0047 07       		.byte	0x7
 198 0048 ED000000 		.4byte	.LASF3
 199 004c 02       		.uleb128 0x2
 200 004d 04       		.byte	0x4
 201 004e 05       		.byte	0x5
 202 004f 5F020000 		.4byte	.LASF4
 203 0053 02       		.uleb128 0x2
 204 0054 04       		.byte	0x4
 205 0055 07       		.byte	0x7
 206 0056 DB000000 		.4byte	.LASF5
 207 005a 02       		.uleb128 0x2
 208 005b 08       		.byte	0x8
 209 005c 05       		.byte	0x5
 210 005d 1E020000 		.4byte	.LASF6
 211 0061 02       		.uleb128 0x2
 212 0062 08       		.byte	0x8
 213 0063 07       		.byte	0x7
 214 0064 3C010000 		.4byte	.LASF7
 215 0068 04       		.uleb128 0x4
 216 0069 04       		.byte	0x4
 217 006a 05       		.byte	0x5
 218 006b 696E7400 		.ascii	"int\000"
 219 006f 02       		.uleb128 0x2
 220 0070 04       		.byte	0x4
 221 0071 07       		.byte	0x7
 222 0072 2F010000 		.4byte	.LASF8
 223 0076 03       		.uleb128 0x3
 224 0077 56020000 		.4byte	.LASF10
 225 007b 03       		.byte	0x3
 226 007c 21       		.byte	0x21
 227 007d 3A000000 		.4byte	0x3a
 228 0081 02       		.uleb128 0x2
 229 0082 04       		.byte	0x4
 230 0083 07       		.byte	0x7
 231 0084 15020000 		.4byte	.LASF11
 232 0088 02       		.uleb128 0x2
 233 0089 01       		.byte	0x1
 234 008a 08       		.byte	0x8
 235 008b 2C020000 		.4byte	.LASF12
 236 008f 02       		.uleb128 0x2
 237 0090 08       		.byte	0x8
 238 0091 04       		.byte	0x4
 239 0092 10010000 		.4byte	.LASF13
 240 0096 02       		.uleb128 0x2
 241 0097 04       		.byte	0x4
 242 0098 04       		.byte	0x4
 243 0099 2F000000 		.4byte	.LASF14
 244 009d 02       		.uleb128 0x2
 245 009e 08       		.byte	0x8
 246 009f 04       		.byte	0x4
 247 00a0 68020000 		.4byte	.LASF15
 248 00a4 05       		.uleb128 0x5
 249 00a5 01       		.byte	0x1
 250 00a6 04       		.byte	0x4
 251 00a7 8401     		.2byte	0x184
 252 00a9 D8000000 		.4byte	0xd8
 253 00ad 06       		.uleb128 0x6
ARM GAS  C:\Users\fneves\AppData\Local\Temp\cckawOxA.s 			page 9


 254 00ae 3B020000 		.4byte	.LASF16
 255 00b2 00       		.sleb128 0
 256 00b3 06       		.uleb128 0x6
 257 00b4 17010000 		.4byte	.LASF17
 258 00b8 7F       		.sleb128 -1
 259 00b9 06       		.uleb128 0x6
 260 00ba 12000000 		.4byte	.LASF18
 261 00be 7E       		.sleb128 -2
 262 00bf 06       		.uleb128 0x6
 263 00c0 E5010000 		.4byte	.LASF19
 264 00c4 7D       		.sleb128 -3
 265 00c5 06       		.uleb128 0x6
 266 00c6 FC010000 		.4byte	.LASF20
 267 00ca 7C       		.sleb128 -4
 268 00cb 06       		.uleb128 0x6
 269 00cc B8020000 		.4byte	.LASF21
 270 00d0 7B       		.sleb128 -5
 271 00d1 06       		.uleb128 0x6
 272 00d2 C5000000 		.4byte	.LASF22
 273 00d6 7A       		.sleb128 -6
 274 00d7 00       		.byte	0
 275 00d8 07       		.uleb128 0x7
 276 00d9 A5020000 		.4byte	.LASF23
 277 00dd 04       		.byte	0x4
 278 00de 8C01     		.2byte	0x18c
 279 00e0 A4000000 		.4byte	0xa4
 280 00e4 07       		.uleb128 0x7
 281 00e5 31020000 		.4byte	.LASF24
 282 00e9 04       		.byte	0x4
 283 00ea A501     		.2byte	0x1a5
 284 00ec 96000000 		.4byte	0x96
 285 00f0 08       		.uleb128 0x8
 286 00f1 04       		.byte	0x4
 287 00f2 E4000000 		.4byte	0xe4
 288 00f6 09       		.uleb128 0x9
 289 00f7 08       		.byte	0x8
 290 00f8 04       		.byte	0x4
 291 00f9 9A05     		.2byte	0x59a
 292 00fb 27010000 		.4byte	0x127
 293 00ff 0A       		.uleb128 0xa
 294 0100 98020000 		.4byte	.LASF25
 295 0104 04       		.byte	0x4
 296 0105 9C05     		.2byte	0x59c
 297 0107 76000000 		.4byte	0x76
 298 010b 00       		.byte	0
 299 010c 0A       		.uleb128 0xa
 300 010d B0020000 		.4byte	.LASF26
 301 0111 04       		.byte	0x4
 302 0112 9D05     		.2byte	0x59d
 303 0114 76000000 		.4byte	0x76
 304 0118 02       		.byte	0x2
 305 0119 0A       		.uleb128 0xa
 306 011a A6000000 		.4byte	.LASF27
 307 011e 04       		.byte	0x4
 308 011f 9E05     		.2byte	0x59e
 309 0121 F0000000 		.4byte	0xf0
 310 0125 04       		.byte	0x4
ARM GAS  C:\Users\fneves\AppData\Local\Temp\cckawOxA.s 			page 10


 311 0126 00       		.byte	0
 312 0127 07       		.uleb128 0x7
 313 0128 74020000 		.4byte	.LASF28
 314 012c 04       		.byte	0x4
 315 012d 9F05     		.2byte	0x59f
 316 012f F6000000 		.4byte	0xf6
 317 0133 0B       		.uleb128 0xb
 318 0134 00000000 		.4byte	.LASF38
 319 0138 01       		.byte	0x1
 320 0139 39       		.byte	0x39
 321 013a D8000000 		.4byte	0xd8
 322 013e 00000000 		.4byte	.LFB82
 323 0142 CA000000 		.4byte	.LFE82-.LFB82
 324 0146 01       		.uleb128 0x1
 325 0147 9C       		.byte	0x9c
 326 0148 E4010000 		.4byte	0x1e4
 327 014c 0C       		.uleb128 0xc
 328 014d A0020000 		.4byte	.LASF29
 329 0151 01       		.byte	0x1
 330 0152 3A       		.byte	0x3a
 331 0153 E4010000 		.4byte	0x1e4
 332 0157 02       		.uleb128 0x2
 333 0158 91       		.byte	0x91
 334 0159 54       		.sleb128 -44
 335 015a 0C       		.uleb128 0xc
 336 015b 00010000 		.4byte	.LASF30
 337 015f 01       		.byte	0x1
 338 0160 3B       		.byte	0x3b
 339 0161 EF010000 		.4byte	0x1ef
 340 0165 02       		.uleb128 0x2
 341 0166 91       		.byte	0x91
 342 0167 50       		.sleb128 -48
 343 0168 0D       		.uleb128 0xd
 344 0169 70496E00 		.ascii	"pIn\000"
 345 016d 01       		.byte	0x1
 346 016e 3D       		.byte	0x3d
 347 016f F0000000 		.4byte	0xf0
 348 0173 02       		.uleb128 0x2
 349 0174 91       		.byte	0x91
 350 0175 74       		.sleb128 -12
 351 0176 0E       		.uleb128 0xe
 352 0177 AC000000 		.4byte	.LASF31
 353 017b 01       		.byte	0x1
 354 017c 3E       		.byte	0x3e
 355 017d F0000000 		.4byte	0xf0
 356 0181 02       		.uleb128 0x2
 357 0182 91       		.byte	0x91
 358 0183 64       		.sleb128 -28
 359 0184 0D       		.uleb128 0xd
 360 0185 707800   		.ascii	"px\000"
 361 0188 01       		.byte	0x1
 362 0189 3F       		.byte	0x3f
 363 018a F0000000 		.4byte	0xf0
 364 018e 02       		.uleb128 0x2
 365 018f 91       		.byte	0x91
 366 0190 70       		.sleb128 -16
 367 0191 0E       		.uleb128 0xe
ARM GAS  C:\Users\fneves\AppData\Local\Temp\cckawOxA.s 			page 11


 368 0192 B1000000 		.4byte	.LASF32
 369 0196 01       		.byte	0x1
 370 0197 40       		.byte	0x40
 371 0198 76000000 		.4byte	0x76
 372 019c 02       		.uleb128 0x2
 373 019d 91       		.byte	0x91
 374 019e 62       		.sleb128 -30
 375 019f 0E       		.uleb128 0xe
 376 01a0 0C020000 		.4byte	.LASF33
 377 01a4 01       		.byte	0x1
 378 01a5 41       		.byte	0x41
 379 01a6 76000000 		.4byte	0x76
 380 01aa 02       		.uleb128 0x2
 381 01ab 91       		.byte	0x91
 382 01ac 60       		.sleb128 -32
 383 01ad 0D       		.uleb128 0xd
 384 01ae 636F6C00 		.ascii	"col\000"
 385 01b2 01       		.byte	0x1
 386 01b3 95       		.byte	0x95
 387 01b4 76000000 		.4byte	0x76
 388 01b8 02       		.uleb128 0x2
 389 01b9 91       		.byte	0x91
 390 01ba 6E       		.sleb128 -18
 391 01bb 0D       		.uleb128 0xd
 392 01bc 6900     		.ascii	"i\000"
 393 01be 01       		.byte	0x1
 394 01bf 95       		.byte	0x95
 395 01c0 76000000 		.4byte	0x76
 396 01c4 02       		.uleb128 0x2
 397 01c5 91       		.byte	0x91
 398 01c6 6C       		.sleb128 -20
 399 01c7 0D       		.uleb128 0xd
 400 01c8 726F7700 		.ascii	"row\000"
 401 01cc 01       		.byte	0x1
 402 01cd 95       		.byte	0x95
 403 01ce 76000000 		.4byte	0x76
 404 01d2 02       		.uleb128 0x2
 405 01d3 91       		.byte	0x91
 406 01d4 6A       		.sleb128 -22
 407 01d5 0E       		.uleb128 0xe
 408 01d6 28000000 		.4byte	.LASF34
 409 01da 01       		.byte	0x1
 410 01db 96       		.byte	0x96
 411 01dc D8000000 		.4byte	0xd8
 412 01e0 02       		.uleb128 0x2
 413 01e1 91       		.byte	0x91
 414 01e2 5F       		.sleb128 -33
 415 01e3 00       		.byte	0
 416 01e4 08       		.uleb128 0x8
 417 01e5 04       		.byte	0x4
 418 01e6 EA010000 		.4byte	0x1ea
 419 01ea 0F       		.uleb128 0xf
 420 01eb 27010000 		.4byte	0x127
 421 01ef 08       		.uleb128 0x8
 422 01f0 04       		.byte	0x4
 423 01f1 27010000 		.4byte	0x127
 424 01f5 00       		.byte	0
ARM GAS  C:\Users\fneves\AppData\Local\Temp\cckawOxA.s 			page 12


 425              		.section	.debug_abbrev,"",%progbits
 426              	.Ldebug_abbrev0:
 427 0000 01       		.uleb128 0x1
 428 0001 11       		.uleb128 0x11
 429 0002 01       		.byte	0x1
 430 0003 25       		.uleb128 0x25
 431 0004 0E       		.uleb128 0xe
 432 0005 13       		.uleb128 0x13
 433 0006 0B       		.uleb128 0xb
 434 0007 03       		.uleb128 0x3
 435 0008 0E       		.uleb128 0xe
 436 0009 1B       		.uleb128 0x1b
 437 000a 0E       		.uleb128 0xe
 438 000b 55       		.uleb128 0x55
 439 000c 17       		.uleb128 0x17
 440 000d 11       		.uleb128 0x11
 441 000e 01       		.uleb128 0x1
 442 000f 10       		.uleb128 0x10
 443 0010 17       		.uleb128 0x17
 444 0011 00       		.byte	0
 445 0012 00       		.byte	0
 446 0013 02       		.uleb128 0x2
 447 0014 24       		.uleb128 0x24
 448 0015 00       		.byte	0
 449 0016 0B       		.uleb128 0xb
 450 0017 0B       		.uleb128 0xb
 451 0018 3E       		.uleb128 0x3e
 452 0019 0B       		.uleb128 0xb
 453 001a 03       		.uleb128 0x3
 454 001b 0E       		.uleb128 0xe
 455 001c 00       		.byte	0
 456 001d 00       		.byte	0
 457 001e 03       		.uleb128 0x3
 458 001f 16       		.uleb128 0x16
 459 0020 00       		.byte	0
 460 0021 03       		.uleb128 0x3
 461 0022 0E       		.uleb128 0xe
 462 0023 3A       		.uleb128 0x3a
 463 0024 0B       		.uleb128 0xb
 464 0025 3B       		.uleb128 0x3b
 465 0026 0B       		.uleb128 0xb
 466 0027 49       		.uleb128 0x49
 467 0028 13       		.uleb128 0x13
 468 0029 00       		.byte	0
 469 002a 00       		.byte	0
 470 002b 04       		.uleb128 0x4
 471 002c 24       		.uleb128 0x24
 472 002d 00       		.byte	0
 473 002e 0B       		.uleb128 0xb
 474 002f 0B       		.uleb128 0xb
 475 0030 3E       		.uleb128 0x3e
 476 0031 0B       		.uleb128 0xb
 477 0032 03       		.uleb128 0x3
 478 0033 08       		.uleb128 0x8
 479 0034 00       		.byte	0
 480 0035 00       		.byte	0
 481 0036 05       		.uleb128 0x5
ARM GAS  C:\Users\fneves\AppData\Local\Temp\cckawOxA.s 			page 13


 482 0037 04       		.uleb128 0x4
 483 0038 01       		.byte	0x1
 484 0039 0B       		.uleb128 0xb
 485 003a 0B       		.uleb128 0xb
 486 003b 3A       		.uleb128 0x3a
 487 003c 0B       		.uleb128 0xb
 488 003d 3B       		.uleb128 0x3b
 489 003e 05       		.uleb128 0x5
 490 003f 01       		.uleb128 0x1
 491 0040 13       		.uleb128 0x13
 492 0041 00       		.byte	0
 493 0042 00       		.byte	0
 494 0043 06       		.uleb128 0x6
 495 0044 28       		.uleb128 0x28
 496 0045 00       		.byte	0
 497 0046 03       		.uleb128 0x3
 498 0047 0E       		.uleb128 0xe
 499 0048 1C       		.uleb128 0x1c
 500 0049 0D       		.uleb128 0xd
 501 004a 00       		.byte	0
 502 004b 00       		.byte	0
 503 004c 07       		.uleb128 0x7
 504 004d 16       		.uleb128 0x16
 505 004e 00       		.byte	0
 506 004f 03       		.uleb128 0x3
 507 0050 0E       		.uleb128 0xe
 508 0051 3A       		.uleb128 0x3a
 509 0052 0B       		.uleb128 0xb
 510 0053 3B       		.uleb128 0x3b
 511 0054 05       		.uleb128 0x5
 512 0055 49       		.uleb128 0x49
 513 0056 13       		.uleb128 0x13
 514 0057 00       		.byte	0
 515 0058 00       		.byte	0
 516 0059 08       		.uleb128 0x8
 517 005a 0F       		.uleb128 0xf
 518 005b 00       		.byte	0
 519 005c 0B       		.uleb128 0xb
 520 005d 0B       		.uleb128 0xb
 521 005e 49       		.uleb128 0x49
 522 005f 13       		.uleb128 0x13
 523 0060 00       		.byte	0
 524 0061 00       		.byte	0
 525 0062 09       		.uleb128 0x9
 526 0063 13       		.uleb128 0x13
 527 0064 01       		.byte	0x1
 528 0065 0B       		.uleb128 0xb
 529 0066 0B       		.uleb128 0xb
 530 0067 3A       		.uleb128 0x3a
 531 0068 0B       		.uleb128 0xb
 532 0069 3B       		.uleb128 0x3b
 533 006a 05       		.uleb128 0x5
 534 006b 01       		.uleb128 0x1
 535 006c 13       		.uleb128 0x13
 536 006d 00       		.byte	0
 537 006e 00       		.byte	0
 538 006f 0A       		.uleb128 0xa
ARM GAS  C:\Users\fneves\AppData\Local\Temp\cckawOxA.s 			page 14


 539 0070 0D       		.uleb128 0xd
 540 0071 00       		.byte	0
 541 0072 03       		.uleb128 0x3
 542 0073 0E       		.uleb128 0xe
 543 0074 3A       		.uleb128 0x3a
 544 0075 0B       		.uleb128 0xb
 545 0076 3B       		.uleb128 0x3b
 546 0077 05       		.uleb128 0x5
 547 0078 49       		.uleb128 0x49
 548 0079 13       		.uleb128 0x13
 549 007a 38       		.uleb128 0x38
 550 007b 0B       		.uleb128 0xb
 551 007c 00       		.byte	0
 552 007d 00       		.byte	0
 553 007e 0B       		.uleb128 0xb
 554 007f 2E       		.uleb128 0x2e
 555 0080 01       		.byte	0x1
 556 0081 3F       		.uleb128 0x3f
 557 0082 19       		.uleb128 0x19
 558 0083 03       		.uleb128 0x3
 559 0084 0E       		.uleb128 0xe
 560 0085 3A       		.uleb128 0x3a
 561 0086 0B       		.uleb128 0xb
 562 0087 3B       		.uleb128 0x3b
 563 0088 0B       		.uleb128 0xb
 564 0089 27       		.uleb128 0x27
 565 008a 19       		.uleb128 0x19
 566 008b 49       		.uleb128 0x49
 567 008c 13       		.uleb128 0x13
 568 008d 11       		.uleb128 0x11
 569 008e 01       		.uleb128 0x1
 570 008f 12       		.uleb128 0x12
 571 0090 06       		.uleb128 0x6
 572 0091 40       		.uleb128 0x40
 573 0092 18       		.uleb128 0x18
 574 0093 9742     		.uleb128 0x2117
 575 0095 19       		.uleb128 0x19
 576 0096 01       		.uleb128 0x1
 577 0097 13       		.uleb128 0x13
 578 0098 00       		.byte	0
 579 0099 00       		.byte	0
 580 009a 0C       		.uleb128 0xc
 581 009b 05       		.uleb128 0x5
 582 009c 00       		.byte	0
 583 009d 03       		.uleb128 0x3
 584 009e 0E       		.uleb128 0xe
 585 009f 3A       		.uleb128 0x3a
 586 00a0 0B       		.uleb128 0xb
 587 00a1 3B       		.uleb128 0x3b
 588 00a2 0B       		.uleb128 0xb
 589 00a3 49       		.uleb128 0x49
 590 00a4 13       		.uleb128 0x13
 591 00a5 02       		.uleb128 0x2
 592 00a6 18       		.uleb128 0x18
 593 00a7 00       		.byte	0
 594 00a8 00       		.byte	0
 595 00a9 0D       		.uleb128 0xd
ARM GAS  C:\Users\fneves\AppData\Local\Temp\cckawOxA.s 			page 15


 596 00aa 34       		.uleb128 0x34
 597 00ab 00       		.byte	0
 598 00ac 03       		.uleb128 0x3
 599 00ad 08       		.uleb128 0x8
 600 00ae 3A       		.uleb128 0x3a
 601 00af 0B       		.uleb128 0xb
 602 00b0 3B       		.uleb128 0x3b
 603 00b1 0B       		.uleb128 0xb
 604 00b2 49       		.uleb128 0x49
 605 00b3 13       		.uleb128 0x13
 606 00b4 02       		.uleb128 0x2
 607 00b5 18       		.uleb128 0x18
 608 00b6 00       		.byte	0
 609 00b7 00       		.byte	0
 610 00b8 0E       		.uleb128 0xe
 611 00b9 34       		.uleb128 0x34
 612 00ba 00       		.byte	0
 613 00bb 03       		.uleb128 0x3
 614 00bc 0E       		.uleb128 0xe
 615 00bd 3A       		.uleb128 0x3a
 616 00be 0B       		.uleb128 0xb
 617 00bf 3B       		.uleb128 0x3b
 618 00c0 0B       		.uleb128 0xb
 619 00c1 49       		.uleb128 0x49
 620 00c2 13       		.uleb128 0x13
 621 00c3 02       		.uleb128 0x2
 622 00c4 18       		.uleb128 0x18
 623 00c5 00       		.byte	0
 624 00c6 00       		.byte	0
 625 00c7 0F       		.uleb128 0xf
 626 00c8 26       		.uleb128 0x26
 627 00c9 00       		.byte	0
 628 00ca 49       		.uleb128 0x49
 629 00cb 13       		.uleb128 0x13
 630 00cc 00       		.byte	0
 631 00cd 00       		.byte	0
 632 00ce 00       		.byte	0
 633              		.section	.debug_aranges,"",%progbits
 634 0000 1C000000 		.4byte	0x1c
 635 0004 0200     		.2byte	0x2
 636 0006 00000000 		.4byte	.Ldebug_info0
 637 000a 04       		.byte	0x4
 638 000b 00       		.byte	0
 639 000c 0000     		.2byte	0
 640 000e 0000     		.2byte	0
 641 0010 00000000 		.4byte	.LFB82
 642 0014 CA000000 		.4byte	.LFE82-.LFB82
 643 0018 00000000 		.4byte	0
 644 001c 00000000 		.4byte	0
 645              		.section	.debug_ranges,"",%progbits
 646              	.Ldebug_ranges0:
 647 0000 00000000 		.4byte	.LFB82
 648 0004 CA000000 		.4byte	.LFE82
 649 0008 00000000 		.4byte	0
 650 000c 00000000 		.4byte	0
 651              		.section	.debug_line,"",%progbits
 652              	.Ldebug_line0:
ARM GAS  C:\Users\fneves\AppData\Local\Temp\cckawOxA.s 			page 16


 653 0000 81010000 		.section	.debug_str,"MS",%progbits,1
 653      02005101 
 653      00000201 
 653      FB0E0D00 
 653      01010101 
 654              	.LASF38:
 655 0000 61726D5F 		.ascii	"arm_mat_trans_f32\000"
 655      6D61745F 
 655      7472616E 
 655      735F6633 
 655      3200
 656              	.LASF18:
 657 0012 41524D5F 		.ascii	"ARM_MATH_LENGTH_ERROR\000"
 657      4D415448 
 657      5F4C454E 
 657      4754485F 
 657      4552524F 
 658              	.LASF34:
 659 0028 73746174 		.ascii	"status\000"
 659      757300
 660              	.LASF14:
 661 002f 666C6F61 		.ascii	"float\000"
 661      7400
 662              	.LASF37:
 663 0035 433A5C55 		.ascii	"C:\\Users\\fneves\\Documents\\PSoC Creator\\wp_1\\e"
 663      73657273 
 663      5C666E65 
 663      7665735C 
 663      446F6375 
 664 0062 6E67696E 		.ascii	"ngine_speed_sensor.cydsn\000"
 664      655F7370 
 664      6565645F 
 664      73656E73 
 664      6F722E63 
 665              	.LASF36:
 666 007b 536F7572 		.ascii	"Source\\MatrixFunctions\\arm_mat_trans_f32.c\000"
 666      63655C4D 
 666      61747269 
 666      7846756E 
 666      6374696F 
 667              	.LASF27:
 668 00a6 70446174 		.ascii	"pData\000"
 668      6100
 669              	.LASF31:
 670 00ac 704F7574 		.ascii	"pOut\000"
 670      00
 671              	.LASF32:
 672 00b1 6E526F77 		.ascii	"nRows\000"
 672      7300
 673              	.LASF1:
 674 00b7 756E7369 		.ascii	"unsigned char\000"
 674      676E6564 
 674      20636861 
 674      7200
 675              	.LASF22:
 676 00c5 41524D5F 		.ascii	"ARM_MATH_TEST_FAILURE\000"
 676      4D415448 
ARM GAS  C:\Users\fneves\AppData\Local\Temp\cckawOxA.s 			page 17


 676      5F544553 
 676      545F4641 
 676      494C5552 
 677              	.LASF5:
 678 00db 6C6F6E67 		.ascii	"long unsigned int\000"
 678      20756E73 
 678      69676E65 
 678      6420696E 
 678      7400
 679              	.LASF3:
 680 00ed 73686F72 		.ascii	"short unsigned int\000"
 680      7420756E 
 680      7369676E 
 680      65642069 
 680      6E7400
 681              	.LASF30:
 682 0100 70447374 		.ascii	"pDst\000"
 682      00
 683              	.LASF9:
 684 0105 5F5F7569 		.ascii	"__uint16_t\000"
 684      6E743136 
 684      5F7400
 685              	.LASF13:
 686 0110 646F7562 		.ascii	"double\000"
 686      6C6500
 687              	.LASF17:
 688 0117 41524D5F 		.ascii	"ARM_MATH_ARGUMENT_ERROR\000"
 688      4D415448 
 688      5F415247 
 688      554D454E 
 688      545F4552 
 689              	.LASF8:
 690 012f 756E7369 		.ascii	"unsigned int\000"
 690      676E6564 
 690      20696E74 
 690      00
 691              	.LASF7:
 692 013c 6C6F6E67 		.ascii	"long long unsigned int\000"
 692      206C6F6E 
 692      6720756E 
 692      7369676E 
 692      65642069 
 693              	.LASF35:
 694 0153 474E5520 		.ascii	"GNU C 4.9.3 20150303 (release) [ARM/embedded-4_9-br"
 694      4320342E 
 694      392E3320 
 694      32303135 
 694      30333033 
 695 0186 616E6368 		.ascii	"anch revision 221220] -mcpu=cortex-m0plus -mthumb -"
 695      20726576 
 695      6973696F 
 695      6E203232 
 695      31323230 
 696 01b9 67202D4F 		.ascii	"g -O0 -ffunction-sections -ffat-lto-objects\000"
 696      30202D66 
 696      66756E63 
 696      74696F6E 
ARM GAS  C:\Users\fneves\AppData\Local\Temp\cckawOxA.s 			page 18


 696      2D736563 
 697              	.LASF19:
 698 01e5 41524D5F 		.ascii	"ARM_MATH_SIZE_MISMATCH\000"
 698      4D415448 
 698      5F53495A 
 698      455F4D49 
 698      534D4154 
 699              	.LASF20:
 700 01fc 41524D5F 		.ascii	"ARM_MATH_NANINF\000"
 700      4D415448 
 700      5F4E414E 
 700      494E4600 
 701              	.LASF33:
 702 020c 6E436F6C 		.ascii	"nColumns\000"
 702      756D6E73 
 702      00
 703              	.LASF11:
 704 0215 73697A65 		.ascii	"sizetype\000"
 704      74797065 
 704      00
 705              	.LASF6:
 706 021e 6C6F6E67 		.ascii	"long long int\000"
 706      206C6F6E 
 706      6720696E 
 706      7400
 707              	.LASF12:
 708 022c 63686172 		.ascii	"char\000"
 708      00
 709              	.LASF24:
 710 0231 666C6F61 		.ascii	"float32_t\000"
 710      7433325F 
 710      7400
 711              	.LASF16:
 712 023b 41524D5F 		.ascii	"ARM_MATH_SUCCESS\000"
 712      4D415448 
 712      5F535543 
 712      43455353 
 712      00
 713              	.LASF2:
 714 024c 73686F72 		.ascii	"short int\000"
 714      7420696E 
 714      7400
 715              	.LASF10:
 716 0256 75696E74 		.ascii	"uint16_t\000"
 716      31365F74 
 716      00
 717              	.LASF4:
 718 025f 6C6F6E67 		.ascii	"long int\000"
 718      20696E74 
 718      00
 719              	.LASF15:
 720 0268 6C6F6E67 		.ascii	"long double\000"
 720      20646F75 
 720      626C6500 
 721              	.LASF28:
 722 0274 61726D5F 		.ascii	"arm_matrix_instance_f32\000"
 722      6D617472 
ARM GAS  C:\Users\fneves\AppData\Local\Temp\cckawOxA.s 			page 19


 722      69785F69 
 722      6E737461 
 722      6E63655F 
 723              	.LASF0:
 724 028c 7369676E 		.ascii	"signed char\000"
 724      65642063 
 724      68617200 
 725              	.LASF25:
 726 0298 6E756D52 		.ascii	"numRows\000"
 726      6F777300 
 727              	.LASF29:
 728 02a0 70537263 		.ascii	"pSrc\000"
 728      00
 729              	.LASF23:
 730 02a5 61726D5F 		.ascii	"arm_status\000"
 730      73746174 
 730      757300
 731              	.LASF26:
 732 02b0 6E756D43 		.ascii	"numCols\000"
 732      6F6C7300 
 733              	.LASF21:
 734 02b8 41524D5F 		.ascii	"ARM_MATH_SINGULAR\000"
 734      4D415448 
 734      5F53494E 
 734      47554C41 
 734      5200
 735              		.ident	"GCC: (GNU Tools for ARM Embedded Processors) 4.9.3 20150303 (release) [ARM/embedded-4_9-br
