ARM GAS  C:\Users\fneves\AppData\Local\Temp\ccSjCG9Z.s 			page 1


   1              		.cpu cortex-m0plus
   2              		.fpu softvfp
   3              		.eabi_attribute 20, 1
   4              		.eabi_attribute 21, 1
   5              		.eabi_attribute 23, 3
   6              		.eabi_attribute 24, 1
   7              		.eabi_attribute 25, 1
   8              		.eabi_attribute 26, 1
   9              		.eabi_attribute 30, 6
  10              		.eabi_attribute 34, 0
  11              		.eabi_attribute 18, 4
  12              		.code	16
  13              		.file	"arm_var_q31.c"
  14              		.text
  15              	.Ltext0:
  16              		.cfi_sections	.debug_frame
  17              		.global	__aeabi_lmul
  18              		.global	__aeabi_ldivmod
  19              		.section	.text.arm_var_q31,"ax",%progbits
  20              		.align	2
  21              		.global	arm_var_q31
  22              		.code	16
  23              		.thumb_func
  24              		.type	arm_var_q31, %function
  25              	arm_var_q31:
  26              	.LFB82:
  27              		.file 1 "Source\\StatisticsFunctions\\arm_var_q31.c"
   1:Source\StatisticsFunctions/arm_var_q31.c **** /* ----------------------------------------------------------------------
   2:Source\StatisticsFunctions/arm_var_q31.c ****  * Project:      CMSIS DSP Library
   3:Source\StatisticsFunctions/arm_var_q31.c ****  * Title:        arm_var_q31.c
   4:Source\StatisticsFunctions/arm_var_q31.c ****  * Description:  Variance of an array of Q31 type
   5:Source\StatisticsFunctions/arm_var_q31.c ****  *
   6:Source\StatisticsFunctions/arm_var_q31.c ****  * $Date:        27. January 2017
   7:Source\StatisticsFunctions/arm_var_q31.c ****  * $Revision:    V.1.5.1
   8:Source\StatisticsFunctions/arm_var_q31.c ****  *
   9:Source\StatisticsFunctions/arm_var_q31.c ****  * Target Processor: Cortex-M cores
  10:Source\StatisticsFunctions/arm_var_q31.c ****  * -------------------------------------------------------------------- */
  11:Source\StatisticsFunctions/arm_var_q31.c **** /*
  12:Source\StatisticsFunctions/arm_var_q31.c ****  * Copyright (C) 2010-2017 ARM Limited or its affiliates. All rights reserved.
  13:Source\StatisticsFunctions/arm_var_q31.c ****  *
  14:Source\StatisticsFunctions/arm_var_q31.c ****  * SPDX-License-Identifier: Apache-2.0
  15:Source\StatisticsFunctions/arm_var_q31.c ****  *
  16:Source\StatisticsFunctions/arm_var_q31.c ****  * Licensed under the Apache License, Version 2.0 (the License); you may
  17:Source\StatisticsFunctions/arm_var_q31.c ****  * not use this file except in compliance with the License.
  18:Source\StatisticsFunctions/arm_var_q31.c ****  * You may obtain a copy of the License at
  19:Source\StatisticsFunctions/arm_var_q31.c ****  *
  20:Source\StatisticsFunctions/arm_var_q31.c ****  * www.apache.org/licenses/LICENSE-2.0
  21:Source\StatisticsFunctions/arm_var_q31.c ****  *
  22:Source\StatisticsFunctions/arm_var_q31.c ****  * Unless required by applicable law or agreed to in writing, software
  23:Source\StatisticsFunctions/arm_var_q31.c ****  * distributed under the License is distributed on an AS IS BASIS, WITHOUT
  24:Source\StatisticsFunctions/arm_var_q31.c ****  * WARRANTIES OR CONDITIONS OF ANY KIND, either express or implied.
  25:Source\StatisticsFunctions/arm_var_q31.c ****  * See the License for the specific language governing permissions and
  26:Source\StatisticsFunctions/arm_var_q31.c ****  * limitations under the License.
  27:Source\StatisticsFunctions/arm_var_q31.c ****  */
  28:Source\StatisticsFunctions/arm_var_q31.c **** 
  29:Source\StatisticsFunctions/arm_var_q31.c **** #include "arm_math.h"
  30:Source\StatisticsFunctions/arm_var_q31.c **** 
ARM GAS  C:\Users\fneves\AppData\Local\Temp\ccSjCG9Z.s 			page 2


  31:Source\StatisticsFunctions/arm_var_q31.c **** /**
  32:Source\StatisticsFunctions/arm_var_q31.c ****  * @ingroup groupStats
  33:Source\StatisticsFunctions/arm_var_q31.c ****  */
  34:Source\StatisticsFunctions/arm_var_q31.c **** 
  35:Source\StatisticsFunctions/arm_var_q31.c **** /**
  36:Source\StatisticsFunctions/arm_var_q31.c ****  * @addtogroup variance
  37:Source\StatisticsFunctions/arm_var_q31.c ****  * @{
  38:Source\StatisticsFunctions/arm_var_q31.c ****  */
  39:Source\StatisticsFunctions/arm_var_q31.c **** 
  40:Source\StatisticsFunctions/arm_var_q31.c **** /**
  41:Source\StatisticsFunctions/arm_var_q31.c ****  * @brief Variance of the elements of a Q31 vector.
  42:Source\StatisticsFunctions/arm_var_q31.c ****  * @param[in]       *pSrc points to the input vector
  43:Source\StatisticsFunctions/arm_var_q31.c ****  * @param[in]       blockSize length of the input vector
  44:Source\StatisticsFunctions/arm_var_q31.c ****  * @param[out]      *pResult variance value returned here
  45:Source\StatisticsFunctions/arm_var_q31.c ****  * @return none.
  46:Source\StatisticsFunctions/arm_var_q31.c ****  * @details
  47:Source\StatisticsFunctions/arm_var_q31.c ****  * <b>Scaling and Overflow Behavior:</b>
  48:Source\StatisticsFunctions/arm_var_q31.c ****  *
  49:Source\StatisticsFunctions/arm_var_q31.c ****  *\par
  50:Source\StatisticsFunctions/arm_var_q31.c ****  * The function is implemented using an internal 64-bit accumulator.
  51:Source\StatisticsFunctions/arm_var_q31.c ****  * The input is represented in 1.31 format, which is then downshifted by 8 bits
  52:Source\StatisticsFunctions/arm_var_q31.c ****  * which yields 1.23, and intermediate multiplication yields a 2.46 format.
  53:Source\StatisticsFunctions/arm_var_q31.c ****  * The accumulator maintains full precision of the intermediate multiplication results,
  54:Source\StatisticsFunctions/arm_var_q31.c ****  * but provides only a 16 guard bits.
  55:Source\StatisticsFunctions/arm_var_q31.c ****  * There is no saturation on intermediate additions.
  56:Source\StatisticsFunctions/arm_var_q31.c ****  * If the accumulator overflows it wraps around and distorts the result.
  57:Source\StatisticsFunctions/arm_var_q31.c ****  * In order to avoid overflows completely the input signal must be scaled down by
  58:Source\StatisticsFunctions/arm_var_q31.c ****  * log2(blockSize)-8 bits, as a total of blockSize additions are performed internally.
  59:Source\StatisticsFunctions/arm_var_q31.c ****  * After division, internal variables should be Q18.46
  60:Source\StatisticsFunctions/arm_var_q31.c ****  * Finally, the 18.46 accumulator is right shifted by 15 bits to yield a 1.31 format value.
  61:Source\StatisticsFunctions/arm_var_q31.c ****  *
  62:Source\StatisticsFunctions/arm_var_q31.c ****  */
  63:Source\StatisticsFunctions/arm_var_q31.c **** 
  64:Source\StatisticsFunctions/arm_var_q31.c **** void arm_var_q31(
  65:Source\StatisticsFunctions/arm_var_q31.c ****   q31_t * pSrc,
  66:Source\StatisticsFunctions/arm_var_q31.c ****   uint32_t blockSize,
  67:Source\StatisticsFunctions/arm_var_q31.c ****   q31_t * pResult)
  68:Source\StatisticsFunctions/arm_var_q31.c **** {
  28              		.loc 1 68 0
  29              		.cfi_startproc
  30 0000 F0B5     		push	{r4, r5, r6, r7, lr}
  31              		.cfi_def_cfa_offset 20
  32              		.cfi_offset 4, -20
  33              		.cfi_offset 5, -16
  34              		.cfi_offset 6, -12
  35              		.cfi_offset 7, -8
  36              		.cfi_offset 14, -4
  37 0002 9BB0     		sub	sp, sp, #108
  38              		.cfi_def_cfa_offset 128
  39 0004 00AF     		add	r7, sp, #0
  40              		.cfi_def_cfa_register 7
  41 0006 7863     		str	r0, [r7, #52]
  42 0008 3963     		str	r1, [r7, #48]
  43 000a FA62     		str	r2, [r7, #44]
  69:Source\StatisticsFunctions/arm_var_q31.c ****   q63_t sum = 0;                                 /* Accumulator */
  44              		.loc 1 69 0
  45 000c 0023     		mov	r3, #0
ARM GAS  C:\Users\fneves\AppData\Local\Temp\ccSjCG9Z.s 			page 3


  46 000e 0024     		mov	r4, #0
  47 0010 3B66     		str	r3, [r7, #96]
  48 0012 7C66     		str	r4, [r7, #100]
  70:Source\StatisticsFunctions/arm_var_q31.c ****   q63_t meanOfSquares, squareOfMean;             /* square of mean and mean of square */
  71:Source\StatisticsFunctions/arm_var_q31.c ****   q31_t in;                                      /* input value */
  72:Source\StatisticsFunctions/arm_var_q31.c ****   uint32_t blkCnt;                               /* loop counter */
  73:Source\StatisticsFunctions/arm_var_q31.c ****   q63_t sumOfSquares = 0;                        /* Accumulator */
  49              		.loc 1 73 0
  50 0014 0023     		mov	r3, #0
  51 0016 0024     		mov	r4, #0
  52 0018 3B65     		str	r3, [r7, #80]
  53 001a 7C65     		str	r4, [r7, #84]
  74:Source\StatisticsFunctions/arm_var_q31.c **** 
  75:Source\StatisticsFunctions/arm_var_q31.c ****   if (blockSize == 1u)
  54              		.loc 1 75 0
  55 001c 3B6B     		ldr	r3, [r7, #48]
  56 001e 012B     		cmp	r3, #1
  57 0020 03D1     		bne	.L2
  76:Source\StatisticsFunctions/arm_var_q31.c ****   {
  77:Source\StatisticsFunctions/arm_var_q31.c ****     *pResult = 0;
  58              		.loc 1 77 0
  59 0022 FB6A     		ldr	r3, [r7, #44]
  60 0024 0022     		mov	r2, #0
  61 0026 1A60     		str	r2, [r3]
  78:Source\StatisticsFunctions/arm_var_q31.c ****     return;
  62              		.loc 1 78 0
  63 0028 69E0     		b	.L1
  64              	.L2:
  79:Source\StatisticsFunctions/arm_var_q31.c ****   }
  80:Source\StatisticsFunctions/arm_var_q31.c **** 
  81:Source\StatisticsFunctions/arm_var_q31.c **** #if defined (ARM_MATH_DSP)
  82:Source\StatisticsFunctions/arm_var_q31.c ****   /* Run the below code for Cortex-M4 and Cortex-M3 */
  83:Source\StatisticsFunctions/arm_var_q31.c **** 
  84:Source\StatisticsFunctions/arm_var_q31.c ****   /*loop Unrolling */
  85:Source\StatisticsFunctions/arm_var_q31.c ****   blkCnt = blockSize >> 2u;
  86:Source\StatisticsFunctions/arm_var_q31.c **** 
  87:Source\StatisticsFunctions/arm_var_q31.c ****   /* First part of the processing with loop unrolling.  Compute 4 outputs at a time.
  88:Source\StatisticsFunctions/arm_var_q31.c ****    ** a second loop below computes the remaining 1 to 3 samples. */
  89:Source\StatisticsFunctions/arm_var_q31.c ****   while (blkCnt > 0u)
  90:Source\StatisticsFunctions/arm_var_q31.c ****   {
  91:Source\StatisticsFunctions/arm_var_q31.c ****     /* C = (A[0] * A[0] + A[1] * A[1] + ... + A[blockSize-1] * A[blockSize-1])  */
  92:Source\StatisticsFunctions/arm_var_q31.c ****     /* Compute Sum of squares of the input samples
  93:Source\StatisticsFunctions/arm_var_q31.c ****      * and then store the result in a temporary variable, sum. */
  94:Source\StatisticsFunctions/arm_var_q31.c ****     in = *pSrc++ >> 8u;
  95:Source\StatisticsFunctions/arm_var_q31.c ****     sum += in;
  96:Source\StatisticsFunctions/arm_var_q31.c ****     sumOfSquares += ((q63_t) (in) * (in));
  97:Source\StatisticsFunctions/arm_var_q31.c ****     in = *pSrc++ >> 8u;
  98:Source\StatisticsFunctions/arm_var_q31.c ****     sum += in;
  99:Source\StatisticsFunctions/arm_var_q31.c ****     sumOfSquares += ((q63_t) (in) * (in));
 100:Source\StatisticsFunctions/arm_var_q31.c ****     in = *pSrc++ >> 8u;
 101:Source\StatisticsFunctions/arm_var_q31.c ****     sum += in;
 102:Source\StatisticsFunctions/arm_var_q31.c ****     sumOfSquares += ((q63_t) (in) * (in));
 103:Source\StatisticsFunctions/arm_var_q31.c ****     in = *pSrc++ >> 8u;
 104:Source\StatisticsFunctions/arm_var_q31.c ****     sum += in;
 105:Source\StatisticsFunctions/arm_var_q31.c ****     sumOfSquares += ((q63_t) (in) * (in));
 106:Source\StatisticsFunctions/arm_var_q31.c **** 
 107:Source\StatisticsFunctions/arm_var_q31.c ****     /* Decrement the loop counter */
ARM GAS  C:\Users\fneves\AppData\Local\Temp\ccSjCG9Z.s 			page 4


 108:Source\StatisticsFunctions/arm_var_q31.c ****     blkCnt--;
 109:Source\StatisticsFunctions/arm_var_q31.c ****   }
 110:Source\StatisticsFunctions/arm_var_q31.c **** 
 111:Source\StatisticsFunctions/arm_var_q31.c ****   /* If the blockSize is not a multiple of 4, compute any remaining output samples here.
 112:Source\StatisticsFunctions/arm_var_q31.c ****    ** No loop unrolling is used. */
 113:Source\StatisticsFunctions/arm_var_q31.c ****   blkCnt = blockSize % 0x4u;
 114:Source\StatisticsFunctions/arm_var_q31.c **** 
 115:Source\StatisticsFunctions/arm_var_q31.c ****   while (blkCnt > 0u)
 116:Source\StatisticsFunctions/arm_var_q31.c ****   {
 117:Source\StatisticsFunctions/arm_var_q31.c ****     /* C = (A[0] * A[0] + A[1] * A[1] + ... + A[blockSize-1] * A[blockSize-1]) */
 118:Source\StatisticsFunctions/arm_var_q31.c ****     /* Compute Sum of squares of the input samples
 119:Source\StatisticsFunctions/arm_var_q31.c ****      * and then store the result in a temporary variable, sum. */
 120:Source\StatisticsFunctions/arm_var_q31.c ****     in = *pSrc++ >> 8u;
 121:Source\StatisticsFunctions/arm_var_q31.c ****     sum += in;
 122:Source\StatisticsFunctions/arm_var_q31.c ****     sumOfSquares += ((q63_t) (in) * (in));
 123:Source\StatisticsFunctions/arm_var_q31.c **** 
 124:Source\StatisticsFunctions/arm_var_q31.c ****     /* Decrement the loop counter */
 125:Source\StatisticsFunctions/arm_var_q31.c ****     blkCnt--;
 126:Source\StatisticsFunctions/arm_var_q31.c ****   }
 127:Source\StatisticsFunctions/arm_var_q31.c **** 
 128:Source\StatisticsFunctions/arm_var_q31.c ****   /* Compute Mean of squares of the input samples
 129:Source\StatisticsFunctions/arm_var_q31.c ****    * and then store the result in a temporary variable, meanOfSquares. */
 130:Source\StatisticsFunctions/arm_var_q31.c ****   meanOfSquares = sumOfSquares / (q63_t)(blockSize - 1u);
 131:Source\StatisticsFunctions/arm_var_q31.c **** 
 132:Source\StatisticsFunctions/arm_var_q31.c **** #else
 133:Source\StatisticsFunctions/arm_var_q31.c ****   /* Run the below code for Cortex-M0 */
 134:Source\StatisticsFunctions/arm_var_q31.c **** 
 135:Source\StatisticsFunctions/arm_var_q31.c ****   /* Loop over blockSize number of values */
 136:Source\StatisticsFunctions/arm_var_q31.c ****   blkCnt = blockSize;
  65              		.loc 1 136 0
  66 002a 3B6B     		ldr	r3, [r7, #48]
  67 002c FB65     		str	r3, [r7, #92]
 137:Source\StatisticsFunctions/arm_var_q31.c **** 
 138:Source\StatisticsFunctions/arm_var_q31.c ****   while (blkCnt > 0u)
  68              		.loc 1 138 0
  69 002e 2CE0     		b	.L4
  70              	.L5:
 139:Source\StatisticsFunctions/arm_var_q31.c ****   {
 140:Source\StatisticsFunctions/arm_var_q31.c ****     /* C = (A[0] * A[0] + A[1] * A[1] + ... + A[blockSize-1] * A[blockSize-1]) */
 141:Source\StatisticsFunctions/arm_var_q31.c ****     /* Compute Sum of squares of the input samples
 142:Source\StatisticsFunctions/arm_var_q31.c ****      * and then store the result in a temporary variable, sumOfSquares. */
 143:Source\StatisticsFunctions/arm_var_q31.c ****     in = *pSrc++ >> 8u;
  71              		.loc 1 143 0
  72 0030 7A6B     		ldr	r2, [r7, #52]
  73 0032 131D     		add	r3, r2, #4
  74 0034 7B63     		str	r3, [r7, #52]
  75 0036 1368     		ldr	r3, [r2]
  76 0038 1B12     		asr	r3, r3, #8
  77 003a FB64     		str	r3, [r7, #76]
 144:Source\StatisticsFunctions/arm_var_q31.c ****     sumOfSquares += ((q63_t) (in) * (in));
  78              		.loc 1 144 0
  79 003c FB6C     		ldr	r3, [r7, #76]
  80 003e 3B62     		str	r3, [r7, #32]
  81 0040 DB17     		asr	r3, r3, #31
  82 0042 7B62     		str	r3, [r7, #36]
  83 0044 FB6C     		ldr	r3, [r7, #76]
  84 0046 BB61     		str	r3, [r7, #24]
ARM GAS  C:\Users\fneves\AppData\Local\Temp\ccSjCG9Z.s 			page 5


  85 0048 DB17     		asr	r3, r3, #31
  86 004a FB61     		str	r3, [r7, #28]
  87 004c 386A     		ldr	r0, [r7, #32]
  88 004e 796A     		ldr	r1, [r7, #36]
  89 0050 BA69     		ldr	r2, [r7, #24]
  90 0052 FB69     		ldr	r3, [r7, #28]
  91 0054 FFF7FEFF 		bl	__aeabi_lmul
  92 0058 031C     		mov	r3, r0
  93 005a 0C1C     		mov	r4, r1
  94 005c 191C     		mov	r1, r3
  95 005e 221C     		mov	r2, r4
  96 0060 3B6D     		ldr	r3, [r7, #80]
  97 0062 7C6D     		ldr	r4, [r7, #84]
  98 0064 5B18     		add	r3, r3, r1
  99 0066 5441     		adc	r4, r4, r2
 100 0068 3B65     		str	r3, [r7, #80]
 101 006a 7C65     		str	r4, [r7, #84]
 145:Source\StatisticsFunctions/arm_var_q31.c **** 
 146:Source\StatisticsFunctions/arm_var_q31.c ****     /* C = (A[0] + A[1] + A[2] + ... + A[blockSize-1]) */
 147:Source\StatisticsFunctions/arm_var_q31.c ****     /* Compute sum of all input values and then store the result in a temporary variable, sum. */
 148:Source\StatisticsFunctions/arm_var_q31.c ****     sum += in;
 102              		.loc 1 148 0
 103 006c FB6C     		ldr	r3, [r7, #76]
 104 006e 3B61     		str	r3, [r7, #16]
 105 0070 DB17     		asr	r3, r3, #31
 106 0072 7B61     		str	r3, [r7, #20]
 107 0074 3B6E     		ldr	r3, [r7, #96]
 108 0076 7C6E     		ldr	r4, [r7, #100]
 109 0078 3969     		ldr	r1, [r7, #16]
 110 007a 7A69     		ldr	r2, [r7, #20]
 111 007c 5B18     		add	r3, r3, r1
 112 007e 5441     		adc	r4, r4, r2
 113 0080 3B66     		str	r3, [r7, #96]
 114 0082 7C66     		str	r4, [r7, #100]
 149:Source\StatisticsFunctions/arm_var_q31.c **** 
 150:Source\StatisticsFunctions/arm_var_q31.c ****     /* Decrement the loop counter */
 151:Source\StatisticsFunctions/arm_var_q31.c ****     blkCnt--;
 115              		.loc 1 151 0
 116 0084 FB6D     		ldr	r3, [r7, #92]
 117 0086 013B     		sub	r3, r3, #1
 118 0088 FB65     		str	r3, [r7, #92]
 119              	.L4:
 138:Source\StatisticsFunctions/arm_var_q31.c ****   {
 120              		.loc 1 138 0
 121 008a FB6D     		ldr	r3, [r7, #92]
 122 008c 002B     		cmp	r3, #0
 123 008e CFD1     		bne	.L5
 152:Source\StatisticsFunctions/arm_var_q31.c ****   }
 153:Source\StatisticsFunctions/arm_var_q31.c **** 
 154:Source\StatisticsFunctions/arm_var_q31.c ****   /* Compute Mean of squares of the input samples
 155:Source\StatisticsFunctions/arm_var_q31.c ****    * and then store the result in a temporary variable, meanOfSquares. */
 156:Source\StatisticsFunctions/arm_var_q31.c ****   meanOfSquares = sumOfSquares / (q63_t)(blockSize - 1u);
 124              		.loc 1 156 0
 125 0090 3B6B     		ldr	r3, [r7, #48]
 126 0092 013B     		sub	r3, r3, #1
 127 0094 BB60     		str	r3, [r7, #8]
 128 0096 0023     		mov	r3, #0
ARM GAS  C:\Users\fneves\AppData\Local\Temp\ccSjCG9Z.s 			page 6


 129 0098 FB60     		str	r3, [r7, #12]
 130 009a 386D     		ldr	r0, [r7, #80]
 131 009c 796D     		ldr	r1, [r7, #84]
 132 009e BA68     		ldr	r2, [r7, #8]
 133 00a0 FB68     		ldr	r3, [r7, #12]
 134 00a2 FFF7FEFF 		bl	__aeabi_ldivmod
 135 00a6 031C     		mov	r3, r0
 136 00a8 0C1C     		mov	r4, r1
 137 00aa 3B64     		str	r3, [r7, #64]
 138 00ac 7C64     		str	r4, [r7, #68]
 157:Source\StatisticsFunctions/arm_var_q31.c **** 
 158:Source\StatisticsFunctions/arm_var_q31.c **** #endif /* #if defined (ARM_MATH_DSP) */
 159:Source\StatisticsFunctions/arm_var_q31.c **** 
 160:Source\StatisticsFunctions/arm_var_q31.c ****   /* Compute square of mean */
 161:Source\StatisticsFunctions/arm_var_q31.c ****   squareOfMean = sum * sum / (q63_t)(blockSize * (blockSize - 1u));
 139              		.loc 1 161 0
 140 00ae 386E     		ldr	r0, [r7, #96]
 141 00b0 796E     		ldr	r1, [r7, #100]
 142 00b2 3A6E     		ldr	r2, [r7, #96]
 143 00b4 7B6E     		ldr	r3, [r7, #100]
 144 00b6 FFF7FEFF 		bl	__aeabi_lmul
 145 00ba 031C     		mov	r3, r0
 146 00bc 0C1C     		mov	r4, r1
 147 00be 181C     		mov	r0, r3
 148 00c0 211C     		mov	r1, r4
 149 00c2 3B6B     		ldr	r3, [r7, #48]
 150 00c4 013B     		sub	r3, r3, #1
 151 00c6 3A6B     		ldr	r2, [r7, #48]
 152 00c8 5343     		mul	r3, r2
 153 00ca 3B60     		str	r3, [r7]
 154 00cc 0023     		mov	r3, #0
 155 00ce 7B60     		str	r3, [r7, #4]
 156 00d0 3A68     		ldr	r2, [r7]
 157 00d2 7B68     		ldr	r3, [r7, #4]
 158 00d4 FFF7FEFF 		bl	__aeabi_ldivmod
 159 00d8 031C     		mov	r3, r0
 160 00da 0C1C     		mov	r4, r1
 161 00dc BB63     		str	r3, [r7, #56]
 162 00de FC63     		str	r4, [r7, #60]
 162:Source\StatisticsFunctions/arm_var_q31.c **** 
 163:Source\StatisticsFunctions/arm_var_q31.c ****   /* Compute standard deviation and then store the result to the destination */
 164:Source\StatisticsFunctions/arm_var_q31.c ****   *pResult = (meanOfSquares - squareOfMean) >> 15u;
 163              		.loc 1 164 0
 164 00e0 396C     		ldr	r1, [r7, #64]
 165 00e2 7A6C     		ldr	r2, [r7, #68]
 166 00e4 BB6B     		ldr	r3, [r7, #56]
 167 00e6 FC6B     		ldr	r4, [r7, #60]
 168 00e8 C91A     		sub	r1, r1, r3
 169 00ea A241     		sbc	r2, r2, r4
 170 00ec 0B1C     		mov	r3, r1
 171 00ee 141C     		mov	r4, r2
 172 00f0 6204     		lsl	r2, r4, #17
 173 00f2 DD0B     		lsr	r5, r3, #15
 174 00f4 1543     		orr	r5, r2
 175 00f6 E613     		asr	r6, r4, #15
 176 00f8 2A1C     		mov	r2, r5
 177 00fa FB6A     		ldr	r3, [r7, #44]
ARM GAS  C:\Users\fneves\AppData\Local\Temp\ccSjCG9Z.s 			page 7


 178 00fc 1A60     		str	r2, [r3]
 179              	.L1:
 165:Source\StatisticsFunctions/arm_var_q31.c **** }
 180              		.loc 1 165 0
 181 00fe BD46     		mov	sp, r7
 182 0100 1BB0     		add	sp, sp, #108
 183              		@ sp needed
 184 0102 F0BD     		pop	{r4, r5, r6, r7, pc}
 185              		.cfi_endproc
 186              	.LFE82:
 187              		.size	arm_var_q31, .-arm_var_q31
 188              		.text
 189              	.Letext0:
 190              		.file 2 "c:\\program files (x86)\\cypress\\psoc creator\\4.0\\psoc creator\\import\\gnu\\arm\\4.9.
 191              		.file 3 "c:\\program files (x86)\\cypress\\psoc creator\\4.0\\psoc creator\\import\\gnu\\arm\\4.9.
 192              		.file 4 ".\\Include/arm_math.h"
 193              		.section	.debug_info,"",%progbits
 194              	.Ldebug_info0:
 195 0000 7E010000 		.4byte	0x17e
 196 0004 0400     		.2byte	0x4
 197 0006 00000000 		.4byte	.Ldebug_abbrev0
 198 000a 04       		.byte	0x4
 199 000b 01       		.uleb128 0x1
 200 000c 0C010000 		.4byte	.LASF29
 201 0010 01       		.byte	0x1
 202 0011 19020000 		.4byte	.LASF30
 203 0015 12000000 		.4byte	.LASF31
 204 0019 00000000 		.4byte	.Ldebug_ranges0+0
 205 001d 00000000 		.4byte	0
 206 0021 00000000 		.4byte	.Ldebug_line0
 207 0025 02       		.uleb128 0x2
 208 0026 01       		.byte	0x1
 209 0027 06       		.byte	0x6
 210 0028 FA010000 		.4byte	.LASF0
 211 002c 02       		.uleb128 0x2
 212 002d 01       		.byte	0x1
 213 002e 08       		.byte	0x8
 214 002f 7D000000 		.4byte	.LASF1
 215 0033 02       		.uleb128 0x2
 216 0034 02       		.byte	0x2
 217 0035 05       		.byte	0x5
 218 0036 D2010000 		.4byte	.LASF2
 219 003a 02       		.uleb128 0x2
 220 003b 02       		.byte	0x2
 221 003c 07       		.byte	0x7
 222 003d A4000000 		.4byte	.LASF3
 223 0041 03       		.uleb128 0x3
 224 0042 08000000 		.4byte	.LASF5
 225 0046 02       		.byte	0x2
 226 0047 3F       		.byte	0x3f
 227 0048 4C000000 		.4byte	0x4c
 228 004c 02       		.uleb128 0x2
 229 004d 04       		.byte	0x4
 230 004e 05       		.byte	0x5
 231 004f E5010000 		.4byte	.LASF4
 232 0053 03       		.uleb128 0x3
 233 0054 DD000000 		.4byte	.LASF6
ARM GAS  C:\Users\fneves\AppData\Local\Temp\ccSjCG9Z.s 			page 8


 234 0058 02       		.byte	0x2
 235 0059 41       		.byte	0x41
 236 005a 5E000000 		.4byte	0x5e
 237 005e 02       		.uleb128 0x2
 238 005f 04       		.byte	0x4
 239 0060 07       		.byte	0x7
 240 0061 92000000 		.4byte	.LASF7
 241 0065 03       		.uleb128 0x3
 242 0066 C4000000 		.4byte	.LASF8
 243 006a 02       		.byte	0x2
 244 006b 59       		.byte	0x59
 245 006c 70000000 		.4byte	0x70
 246 0070 02       		.uleb128 0x2
 247 0071 08       		.byte	0x8
 248 0072 05       		.byte	0x5
 249 0073 B5010000 		.4byte	.LASF9
 250 0077 02       		.uleb128 0x2
 251 0078 08       		.byte	0x8
 252 0079 07       		.byte	0x7
 253 007a F5000000 		.4byte	.LASF10
 254 007e 04       		.uleb128 0x4
 255 007f 04       		.byte	0x4
 256 0080 05       		.byte	0x5
 257 0081 696E7400 		.ascii	"int\000"
 258 0085 02       		.uleb128 0x2
 259 0086 04       		.byte	0x4
 260 0087 07       		.byte	0x7
 261 0088 E8000000 		.4byte	.LASF11
 262 008c 03       		.uleb128 0x3
 263 008d A4010000 		.4byte	.LASF12
 264 0091 03       		.byte	0x3
 265 0092 2C       		.byte	0x2c
 266 0093 41000000 		.4byte	0x41
 267 0097 03       		.uleb128 0x3
 268 0098 DC010000 		.4byte	.LASF13
 269 009c 03       		.byte	0x3
 270 009d 2D       		.byte	0x2d
 271 009e 53000000 		.4byte	0x53
 272 00a2 03       		.uleb128 0x3
 273 00a3 00000000 		.4byte	.LASF14
 274 00a7 03       		.byte	0x3
 275 00a8 38       		.byte	0x38
 276 00a9 65000000 		.4byte	0x65
 277 00ad 02       		.uleb128 0x2
 278 00ae 04       		.byte	0x4
 279 00af 07       		.byte	0x7
 280 00b0 AC010000 		.4byte	.LASF15
 281 00b4 02       		.uleb128 0x2
 282 00b5 01       		.byte	0x1
 283 00b6 08       		.byte	0x8
 284 00b7 CD010000 		.4byte	.LASF16
 285 00bb 02       		.uleb128 0x2
 286 00bc 08       		.byte	0x8
 287 00bd 04       		.byte	0x4
 288 00be D6000000 		.4byte	.LASF17
 289 00c2 02       		.uleb128 0x2
 290 00c3 04       		.byte	0x4
ARM GAS  C:\Users\fneves\AppData\Local\Temp\ccSjCG9Z.s 			page 9


 291 00c4 04       		.byte	0x4
 292 00c5 71000000 		.4byte	.LASF18
 293 00c9 02       		.uleb128 0x2
 294 00ca 08       		.byte	0x8
 295 00cb 04       		.byte	0x4
 296 00cc EE010000 		.4byte	.LASF19
 297 00d0 05       		.uleb128 0x5
 298 00d1 77000000 		.4byte	.LASF20
 299 00d5 04       		.byte	0x4
 300 00d6 9B01     		.2byte	0x19b
 301 00d8 8C000000 		.4byte	0x8c
 302 00dc 05       		.uleb128 0x5
 303 00dd 9E010000 		.4byte	.LASF21
 304 00e1 04       		.byte	0x4
 305 00e2 A001     		.2byte	0x1a0
 306 00e4 A2000000 		.4byte	0xa2
 307 00e8 06       		.uleb128 0x6
 308 00e9 04       		.byte	0x4
 309 00ea D0000000 		.4byte	0xd0
 310 00ee 07       		.uleb128 0x7
 311 00ef 65000000 		.4byte	.LASF32
 312 00f3 01       		.byte	0x1
 313 00f4 40       		.byte	0x40
 314 00f5 00000000 		.4byte	.LFB82
 315 00f9 04010000 		.4byte	.LFE82-.LFB82
 316 00fd 01       		.uleb128 0x1
 317 00fe 9C       		.byte	0x9c
 318 00ff 08       		.uleb128 0x8
 319 0100 14020000 		.4byte	.LASF22
 320 0104 01       		.byte	0x1
 321 0105 41       		.byte	0x41
 322 0106 E8000000 		.4byte	0xe8
 323 010a 03       		.uleb128 0x3
 324 010b 91       		.byte	0x91
 325 010c B47F     		.sleb128 -76
 326 010e 08       		.uleb128 0x8
 327 010f C3010000 		.4byte	.LASF23
 328 0113 01       		.byte	0x1
 329 0114 42       		.byte	0x42
 330 0115 97000000 		.4byte	0x97
 331 0119 03       		.uleb128 0x3
 332 011a 91       		.byte	0x91
 333 011b B07F     		.sleb128 -80
 334 011d 08       		.uleb128 0x8
 335 011e CE000000 		.4byte	.LASF24
 336 0122 01       		.byte	0x1
 337 0123 43       		.byte	0x43
 338 0124 E8000000 		.4byte	0xe8
 339 0128 03       		.uleb128 0x3
 340 0129 91       		.byte	0x91
 341 012a AC7F     		.sleb128 -84
 342 012c 09       		.uleb128 0x9
 343 012d 73756D00 		.ascii	"sum\000"
 344 0131 01       		.byte	0x1
 345 0132 45       		.byte	0x45
 346 0133 DC000000 		.4byte	0xdc
 347 0137 02       		.uleb128 0x2
ARM GAS  C:\Users\fneves\AppData\Local\Temp\ccSjCG9Z.s 			page 10


 348 0138 91       		.byte	0x91
 349 0139 60       		.sleb128 -32
 350 013a 0A       		.uleb128 0xa
 351 013b 06020000 		.4byte	.LASF25
 352 013f 01       		.byte	0x1
 353 0140 46       		.byte	0x46
 354 0141 DC000000 		.4byte	0xdc
 355 0145 02       		.uleb128 0x2
 356 0146 91       		.byte	0x91
 357 0147 40       		.sleb128 -64
 358 0148 0A       		.uleb128 0xa
 359 0149 B7000000 		.4byte	.LASF26
 360 014d 01       		.byte	0x1
 361 014e 46       		.byte	0x46
 362 014f DC000000 		.4byte	0xdc
 363 0153 03       		.uleb128 0x3
 364 0154 91       		.byte	0x91
 365 0155 B87F     		.sleb128 -72
 366 0157 09       		.uleb128 0x9
 367 0158 696E00   		.ascii	"in\000"
 368 015b 01       		.byte	0x1
 369 015c 47       		.byte	0x47
 370 015d D0000000 		.4byte	0xd0
 371 0161 02       		.uleb128 0x2
 372 0162 91       		.byte	0x91
 373 0163 4C       		.sleb128 -52
 374 0164 0A       		.uleb128 0xa
 375 0165 8B000000 		.4byte	.LASF27
 376 0169 01       		.byte	0x1
 377 016a 48       		.byte	0x48
 378 016b 97000000 		.4byte	0x97
 379 016f 02       		.uleb128 0x2
 380 0170 91       		.byte	0x91
 381 0171 5C       		.sleb128 -36
 382 0172 0A       		.uleb128 0xa
 383 0173 58000000 		.4byte	.LASF28
 384 0177 01       		.byte	0x1
 385 0178 49       		.byte	0x49
 386 0179 DC000000 		.4byte	0xdc
 387 017d 02       		.uleb128 0x2
 388 017e 91       		.byte	0x91
 389 017f 50       		.sleb128 -48
 390 0180 00       		.byte	0
 391 0181 00       		.byte	0
 392              		.section	.debug_abbrev,"",%progbits
 393              	.Ldebug_abbrev0:
 394 0000 01       		.uleb128 0x1
 395 0001 11       		.uleb128 0x11
 396 0002 01       		.byte	0x1
 397 0003 25       		.uleb128 0x25
 398 0004 0E       		.uleb128 0xe
 399 0005 13       		.uleb128 0x13
 400 0006 0B       		.uleb128 0xb
 401 0007 03       		.uleb128 0x3
 402 0008 0E       		.uleb128 0xe
 403 0009 1B       		.uleb128 0x1b
 404 000a 0E       		.uleb128 0xe
ARM GAS  C:\Users\fneves\AppData\Local\Temp\ccSjCG9Z.s 			page 11


 405 000b 55       		.uleb128 0x55
 406 000c 17       		.uleb128 0x17
 407 000d 11       		.uleb128 0x11
 408 000e 01       		.uleb128 0x1
 409 000f 10       		.uleb128 0x10
 410 0010 17       		.uleb128 0x17
 411 0011 00       		.byte	0
 412 0012 00       		.byte	0
 413 0013 02       		.uleb128 0x2
 414 0014 24       		.uleb128 0x24
 415 0015 00       		.byte	0
 416 0016 0B       		.uleb128 0xb
 417 0017 0B       		.uleb128 0xb
 418 0018 3E       		.uleb128 0x3e
 419 0019 0B       		.uleb128 0xb
 420 001a 03       		.uleb128 0x3
 421 001b 0E       		.uleb128 0xe
 422 001c 00       		.byte	0
 423 001d 00       		.byte	0
 424 001e 03       		.uleb128 0x3
 425 001f 16       		.uleb128 0x16
 426 0020 00       		.byte	0
 427 0021 03       		.uleb128 0x3
 428 0022 0E       		.uleb128 0xe
 429 0023 3A       		.uleb128 0x3a
 430 0024 0B       		.uleb128 0xb
 431 0025 3B       		.uleb128 0x3b
 432 0026 0B       		.uleb128 0xb
 433 0027 49       		.uleb128 0x49
 434 0028 13       		.uleb128 0x13
 435 0029 00       		.byte	0
 436 002a 00       		.byte	0
 437 002b 04       		.uleb128 0x4
 438 002c 24       		.uleb128 0x24
 439 002d 00       		.byte	0
 440 002e 0B       		.uleb128 0xb
 441 002f 0B       		.uleb128 0xb
 442 0030 3E       		.uleb128 0x3e
 443 0031 0B       		.uleb128 0xb
 444 0032 03       		.uleb128 0x3
 445 0033 08       		.uleb128 0x8
 446 0034 00       		.byte	0
 447 0035 00       		.byte	0
 448 0036 05       		.uleb128 0x5
 449 0037 16       		.uleb128 0x16
 450 0038 00       		.byte	0
 451 0039 03       		.uleb128 0x3
 452 003a 0E       		.uleb128 0xe
 453 003b 3A       		.uleb128 0x3a
 454 003c 0B       		.uleb128 0xb
 455 003d 3B       		.uleb128 0x3b
 456 003e 05       		.uleb128 0x5
 457 003f 49       		.uleb128 0x49
 458 0040 13       		.uleb128 0x13
 459 0041 00       		.byte	0
 460 0042 00       		.byte	0
 461 0043 06       		.uleb128 0x6
ARM GAS  C:\Users\fneves\AppData\Local\Temp\ccSjCG9Z.s 			page 12


 462 0044 0F       		.uleb128 0xf
 463 0045 00       		.byte	0
 464 0046 0B       		.uleb128 0xb
 465 0047 0B       		.uleb128 0xb
 466 0048 49       		.uleb128 0x49
 467 0049 13       		.uleb128 0x13
 468 004a 00       		.byte	0
 469 004b 00       		.byte	0
 470 004c 07       		.uleb128 0x7
 471 004d 2E       		.uleb128 0x2e
 472 004e 01       		.byte	0x1
 473 004f 3F       		.uleb128 0x3f
 474 0050 19       		.uleb128 0x19
 475 0051 03       		.uleb128 0x3
 476 0052 0E       		.uleb128 0xe
 477 0053 3A       		.uleb128 0x3a
 478 0054 0B       		.uleb128 0xb
 479 0055 3B       		.uleb128 0x3b
 480 0056 0B       		.uleb128 0xb
 481 0057 27       		.uleb128 0x27
 482 0058 19       		.uleb128 0x19
 483 0059 11       		.uleb128 0x11
 484 005a 01       		.uleb128 0x1
 485 005b 12       		.uleb128 0x12
 486 005c 06       		.uleb128 0x6
 487 005d 40       		.uleb128 0x40
 488 005e 18       		.uleb128 0x18
 489 005f 9642     		.uleb128 0x2116
 490 0061 19       		.uleb128 0x19
 491 0062 00       		.byte	0
 492 0063 00       		.byte	0
 493 0064 08       		.uleb128 0x8
 494 0065 05       		.uleb128 0x5
 495 0066 00       		.byte	0
 496 0067 03       		.uleb128 0x3
 497 0068 0E       		.uleb128 0xe
 498 0069 3A       		.uleb128 0x3a
 499 006a 0B       		.uleb128 0xb
 500 006b 3B       		.uleb128 0x3b
 501 006c 0B       		.uleb128 0xb
 502 006d 49       		.uleb128 0x49
 503 006e 13       		.uleb128 0x13
 504 006f 02       		.uleb128 0x2
 505 0070 18       		.uleb128 0x18
 506 0071 00       		.byte	0
 507 0072 00       		.byte	0
 508 0073 09       		.uleb128 0x9
 509 0074 34       		.uleb128 0x34
 510 0075 00       		.byte	0
 511 0076 03       		.uleb128 0x3
 512 0077 08       		.uleb128 0x8
 513 0078 3A       		.uleb128 0x3a
 514 0079 0B       		.uleb128 0xb
 515 007a 3B       		.uleb128 0x3b
 516 007b 0B       		.uleb128 0xb
 517 007c 49       		.uleb128 0x49
 518 007d 13       		.uleb128 0x13
ARM GAS  C:\Users\fneves\AppData\Local\Temp\ccSjCG9Z.s 			page 13


 519 007e 02       		.uleb128 0x2
 520 007f 18       		.uleb128 0x18
 521 0080 00       		.byte	0
 522 0081 00       		.byte	0
 523 0082 0A       		.uleb128 0xa
 524 0083 34       		.uleb128 0x34
 525 0084 00       		.byte	0
 526 0085 03       		.uleb128 0x3
 527 0086 0E       		.uleb128 0xe
 528 0087 3A       		.uleb128 0x3a
 529 0088 0B       		.uleb128 0xb
 530 0089 3B       		.uleb128 0x3b
 531 008a 0B       		.uleb128 0xb
 532 008b 49       		.uleb128 0x49
 533 008c 13       		.uleb128 0x13
 534 008d 02       		.uleb128 0x2
 535 008e 18       		.uleb128 0x18
 536 008f 00       		.byte	0
 537 0090 00       		.byte	0
 538 0091 00       		.byte	0
 539              		.section	.debug_aranges,"",%progbits
 540 0000 1C000000 		.4byte	0x1c
 541 0004 0200     		.2byte	0x2
 542 0006 00000000 		.4byte	.Ldebug_info0
 543 000a 04       		.byte	0x4
 544 000b 00       		.byte	0
 545 000c 0000     		.2byte	0
 546 000e 0000     		.2byte	0
 547 0010 00000000 		.4byte	.LFB82
 548 0014 04010000 		.4byte	.LFE82-.LFB82
 549 0018 00000000 		.4byte	0
 550 001c 00000000 		.4byte	0
 551              		.section	.debug_ranges,"",%progbits
 552              	.Ldebug_ranges0:
 553 0000 00000000 		.4byte	.LFB82
 554 0004 04010000 		.4byte	.LFE82
 555 0008 00000000 		.4byte	0
 556 000c 00000000 		.4byte	0
 557              		.section	.debug_line,"",%progbits
 558              	.Ldebug_line0:
 559 0000 7D010000 		.section	.debug_str,"MS",%progbits,1
 559      02004F01 
 559      00000201 
 559      FB0E0D00 
 559      01010101 
 560              	.LASF14:
 561 0000 696E7436 		.ascii	"int64_t\000"
 561      345F7400 
 562              	.LASF5:
 563 0008 5F5F696E 		.ascii	"__int32_t\000"
 563      7433325F 
 563      7400
 564              	.LASF31:
 565 0012 433A5C55 		.ascii	"C:\\Users\\fneves\\Documents\\PSoC Creator\\wp_1\\e"
 565      73657273 
 565      5C666E65 
 565      7665735C 
ARM GAS  C:\Users\fneves\AppData\Local\Temp\ccSjCG9Z.s 			page 14


 565      446F6375 
 566 003f 6E67696E 		.ascii	"ngine_speed_sensor.cydsn\000"
 566      655F7370 
 566      6565645F 
 566      73656E73 
 566      6F722E63 
 567              	.LASF28:
 568 0058 73756D4F 		.ascii	"sumOfSquares\000"
 568      66537175 
 568      61726573 
 568      00
 569              	.LASF32:
 570 0065 61726D5F 		.ascii	"arm_var_q31\000"
 570      7661725F 
 570      71333100 
 571              	.LASF18:
 572 0071 666C6F61 		.ascii	"float\000"
 572      7400
 573              	.LASF20:
 574 0077 7133315F 		.ascii	"q31_t\000"
 574      7400
 575              	.LASF1:
 576 007d 756E7369 		.ascii	"unsigned char\000"
 576      676E6564 
 576      20636861 
 576      7200
 577              	.LASF27:
 578 008b 626C6B43 		.ascii	"blkCnt\000"
 578      6E7400
 579              	.LASF7:
 580 0092 6C6F6E67 		.ascii	"long unsigned int\000"
 580      20756E73 
 580      69676E65 
 580      6420696E 
 580      7400
 581              	.LASF3:
 582 00a4 73686F72 		.ascii	"short unsigned int\000"
 582      7420756E 
 582      7369676E 
 582      65642069 
 582      6E7400
 583              	.LASF26:
 584 00b7 73717561 		.ascii	"squareOfMean\000"
 584      72654F66 
 584      4D65616E 
 584      00
 585              	.LASF8:
 586 00c4 5F5F696E 		.ascii	"__int64_t\000"
 586      7436345F 
 586      7400
 587              	.LASF24:
 588 00ce 70526573 		.ascii	"pResult\000"
 588      756C7400 
 589              	.LASF17:
 590 00d6 646F7562 		.ascii	"double\000"
 590      6C6500
 591              	.LASF6:
ARM GAS  C:\Users\fneves\AppData\Local\Temp\ccSjCG9Z.s 			page 15


 592 00dd 5F5F7569 		.ascii	"__uint32_t\000"
 592      6E743332 
 592      5F7400
 593              	.LASF11:
 594 00e8 756E7369 		.ascii	"unsigned int\000"
 594      676E6564 
 594      20696E74 
 594      00
 595              	.LASF10:
 596 00f5 6C6F6E67 		.ascii	"long long unsigned int\000"
 596      206C6F6E 
 596      6720756E 
 596      7369676E 
 596      65642069 
 597              	.LASF29:
 598 010c 474E5520 		.ascii	"GNU C 4.9.3 20150303 (release) [ARM/embedded-4_9-br"
 598      4320342E 
 598      392E3320 
 598      32303135 
 598      30333033 
 599 013f 616E6368 		.ascii	"anch revision 221220] -mcpu=cortex-m0plus -mthumb -"
 599      20726576 
 599      6973696F 
 599      6E203232 
 599      31323230 
 600 0172 67202D4F 		.ascii	"g -O0 -ffunction-sections -ffat-lto-objects\000"
 600      30202D66 
 600      66756E63 
 600      74696F6E 
 600      2D736563 
 601              	.LASF21:
 602 019e 7136335F 		.ascii	"q63_t\000"
 602      7400
 603              	.LASF12:
 604 01a4 696E7433 		.ascii	"int32_t\000"
 604      325F7400 
 605              	.LASF15:
 606 01ac 73697A65 		.ascii	"sizetype\000"
 606      74797065 
 606      00
 607              	.LASF9:
 608 01b5 6C6F6E67 		.ascii	"long long int\000"
 608      206C6F6E 
 608      6720696E 
 608      7400
 609              	.LASF23:
 610 01c3 626C6F63 		.ascii	"blockSize\000"
 610      6B53697A 
 610      6500
 611              	.LASF16:
 612 01cd 63686172 		.ascii	"char\000"
 612      00
 613              	.LASF2:
 614 01d2 73686F72 		.ascii	"short int\000"
 614      7420696E 
 614      7400
 615              	.LASF13:
ARM GAS  C:\Users\fneves\AppData\Local\Temp\ccSjCG9Z.s 			page 16


 616 01dc 75696E74 		.ascii	"uint32_t\000"
 616      33325F74 
 616      00
 617              	.LASF4:
 618 01e5 6C6F6E67 		.ascii	"long int\000"
 618      20696E74 
 618      00
 619              	.LASF19:
 620 01ee 6C6F6E67 		.ascii	"long double\000"
 620      20646F75 
 620      626C6500 
 621              	.LASF0:
 622 01fa 7369676E 		.ascii	"signed char\000"
 622      65642063 
 622      68617200 
 623              	.LASF25:
 624 0206 6D65616E 		.ascii	"meanOfSquares\000"
 624      4F665371 
 624      75617265 
 624      7300
 625              	.LASF22:
 626 0214 70537263 		.ascii	"pSrc\000"
 626      00
 627              	.LASF30:
 628 0219 536F7572 		.ascii	"Source\\StatisticsFunctions\\arm_var_q31.c\000"
 628      63655C53 
 628      74617469 
 628      73746963 
 628      7346756E 
 629              		.ident	"GCC: (GNU Tools for ARM Embedded Processors) 4.9.3 20150303 (release) [ARM/embedded-4_9-br
