ARM GAS  C:\Users\fneves\AppData\Local\Temp\ccIH8KHk.s 			page 1


   1              		.cpu cortex-m0plus
   2              		.fpu softvfp
   3              		.eabi_attribute 20, 1
   4              		.eabi_attribute 21, 1
   5              		.eabi_attribute 23, 3
   6              		.eabi_attribute 24, 1
   7              		.eabi_attribute 25, 1
   8              		.eabi_attribute 26, 1
   9              		.eabi_attribute 30, 6
  10              		.eabi_attribute 34, 0
  11              		.eabi_attribute 18, 4
  12              		.code	16
  13              		.file	"arm_abs_q31.c"
  14              		.text
  15              	.Ltext0:
  16              		.cfi_sections	.debug_frame
  17              		.section	.text.arm_abs_q31,"ax",%progbits
  18              		.align	2
  19              		.global	arm_abs_q31
  20              		.code	16
  21              		.thumb_func
  22              		.type	arm_abs_q31, %function
  23              	arm_abs_q31:
  24              	.LFB82:
  25              		.file 1 "Source\\BasicMathFunctions\\arm_abs_q31.c"
   1:Source\BasicMathFunctions/arm_abs_q31.c **** /* ----------------------------------------------------------------------
   2:Source\BasicMathFunctions/arm_abs_q31.c ****  * Project:      CMSIS DSP Library
   3:Source\BasicMathFunctions/arm_abs_q31.c ****  * Title:        arm_abs_q31.c
   4:Source\BasicMathFunctions/arm_abs_q31.c ****  * Description:  Q31 vector absolute value
   5:Source\BasicMathFunctions/arm_abs_q31.c ****  *
   6:Source\BasicMathFunctions/arm_abs_q31.c ****  * $Date:        27. January 2017
   7:Source\BasicMathFunctions/arm_abs_q31.c ****  * $Revision:    V.1.5.1
   8:Source\BasicMathFunctions/arm_abs_q31.c ****  *
   9:Source\BasicMathFunctions/arm_abs_q31.c ****  * Target Processor: Cortex-M cores
  10:Source\BasicMathFunctions/arm_abs_q31.c ****  * -------------------------------------------------------------------- */
  11:Source\BasicMathFunctions/arm_abs_q31.c **** /*
  12:Source\BasicMathFunctions/arm_abs_q31.c ****  * Copyright (C) 2010-2017 ARM Limited or its affiliates. All rights reserved.
  13:Source\BasicMathFunctions/arm_abs_q31.c ****  *
  14:Source\BasicMathFunctions/arm_abs_q31.c ****  * SPDX-License-Identifier: Apache-2.0
  15:Source\BasicMathFunctions/arm_abs_q31.c ****  *
  16:Source\BasicMathFunctions/arm_abs_q31.c ****  * Licensed under the Apache License, Version 2.0 (the License); you may
  17:Source\BasicMathFunctions/arm_abs_q31.c ****  * not use this file except in compliance with the License.
  18:Source\BasicMathFunctions/arm_abs_q31.c ****  * You may obtain a copy of the License at
  19:Source\BasicMathFunctions/arm_abs_q31.c ****  *
  20:Source\BasicMathFunctions/arm_abs_q31.c ****  * www.apache.org/licenses/LICENSE-2.0
  21:Source\BasicMathFunctions/arm_abs_q31.c ****  *
  22:Source\BasicMathFunctions/arm_abs_q31.c ****  * Unless required by applicable law or agreed to in writing, software
  23:Source\BasicMathFunctions/arm_abs_q31.c ****  * distributed under the License is distributed on an AS IS BASIS, WITHOUT
  24:Source\BasicMathFunctions/arm_abs_q31.c ****  * WARRANTIES OR CONDITIONS OF ANY KIND, either express or implied.
  25:Source\BasicMathFunctions/arm_abs_q31.c ****  * See the License for the specific language governing permissions and
  26:Source\BasicMathFunctions/arm_abs_q31.c ****  * limitations under the License.
  27:Source\BasicMathFunctions/arm_abs_q31.c ****  */
  28:Source\BasicMathFunctions/arm_abs_q31.c **** 
  29:Source\BasicMathFunctions/arm_abs_q31.c **** #include "arm_math.h"
  30:Source\BasicMathFunctions/arm_abs_q31.c **** 
  31:Source\BasicMathFunctions/arm_abs_q31.c **** /**
  32:Source\BasicMathFunctions/arm_abs_q31.c ****  * @ingroup groupMath
ARM GAS  C:\Users\fneves\AppData\Local\Temp\ccIH8KHk.s 			page 2


  33:Source\BasicMathFunctions/arm_abs_q31.c ****  */
  34:Source\BasicMathFunctions/arm_abs_q31.c **** 
  35:Source\BasicMathFunctions/arm_abs_q31.c **** /**
  36:Source\BasicMathFunctions/arm_abs_q31.c ****  * @addtogroup BasicAbs
  37:Source\BasicMathFunctions/arm_abs_q31.c ****  * @{
  38:Source\BasicMathFunctions/arm_abs_q31.c ****  */
  39:Source\BasicMathFunctions/arm_abs_q31.c **** 
  40:Source\BasicMathFunctions/arm_abs_q31.c **** 
  41:Source\BasicMathFunctions/arm_abs_q31.c **** /**
  42:Source\BasicMathFunctions/arm_abs_q31.c ****  * @brief Q31 vector absolute value.
  43:Source\BasicMathFunctions/arm_abs_q31.c ****  * @param[in]       *pSrc points to the input buffer
  44:Source\BasicMathFunctions/arm_abs_q31.c ****  * @param[out]      *pDst points to the output buffer
  45:Source\BasicMathFunctions/arm_abs_q31.c ****  * @param[in]       blockSize number of samples in each vector
  46:Source\BasicMathFunctions/arm_abs_q31.c ****  * @return none.
  47:Source\BasicMathFunctions/arm_abs_q31.c ****  *
  48:Source\BasicMathFunctions/arm_abs_q31.c ****  * <b>Scaling and Overflow Behavior:</b>
  49:Source\BasicMathFunctions/arm_abs_q31.c ****  * \par
  50:Source\BasicMathFunctions/arm_abs_q31.c ****  * The function uses saturating arithmetic.
  51:Source\BasicMathFunctions/arm_abs_q31.c ****  * The Q31 value -1 (0x80000000) will be saturated to the maximum allowable positive value 0x7FFFFF
  52:Source\BasicMathFunctions/arm_abs_q31.c ****  */
  53:Source\BasicMathFunctions/arm_abs_q31.c **** 
  54:Source\BasicMathFunctions/arm_abs_q31.c **** void arm_abs_q31(
  55:Source\BasicMathFunctions/arm_abs_q31.c ****   q31_t * pSrc,
  56:Source\BasicMathFunctions/arm_abs_q31.c ****   q31_t * pDst,
  57:Source\BasicMathFunctions/arm_abs_q31.c ****   uint32_t blockSize)
  58:Source\BasicMathFunctions/arm_abs_q31.c **** {
  26              		.loc 1 58 0
  27              		.cfi_startproc
  28 0000 80B5     		push	{r7, lr}
  29              		.cfi_def_cfa_offset 8
  30              		.cfi_offset 7, -8
  31              		.cfi_offset 14, -4
  32 0002 86B0     		sub	sp, sp, #24
  33              		.cfi_def_cfa_offset 32
  34 0004 00AF     		add	r7, sp, #0
  35              		.cfi_def_cfa_register 7
  36 0006 F860     		str	r0, [r7, #12]
  37 0008 B960     		str	r1, [r7, #8]
  38 000a 7A60     		str	r2, [r7, #4]
  59:Source\BasicMathFunctions/arm_abs_q31.c ****   uint32_t blkCnt;                               /* loop counter */
  60:Source\BasicMathFunctions/arm_abs_q31.c ****   q31_t in;                                      /* Input value */
  61:Source\BasicMathFunctions/arm_abs_q31.c **** 
  62:Source\BasicMathFunctions/arm_abs_q31.c **** #if defined (ARM_MATH_DSP)
  63:Source\BasicMathFunctions/arm_abs_q31.c **** 
  64:Source\BasicMathFunctions/arm_abs_q31.c ****   /* Run the below code for Cortex-M4 and Cortex-M3 */
  65:Source\BasicMathFunctions/arm_abs_q31.c ****   q31_t in1, in2, in3, in4;
  66:Source\BasicMathFunctions/arm_abs_q31.c **** 
  67:Source\BasicMathFunctions/arm_abs_q31.c ****   /*loop Unrolling */
  68:Source\BasicMathFunctions/arm_abs_q31.c ****   blkCnt = blockSize >> 2u;
  69:Source\BasicMathFunctions/arm_abs_q31.c **** 
  70:Source\BasicMathFunctions/arm_abs_q31.c ****   /* First part of the processing with loop unrolling.  Compute 4 outputs at a time.
  71:Source\BasicMathFunctions/arm_abs_q31.c ****    ** a second loop below computes the remaining 1 to 3 samples. */
  72:Source\BasicMathFunctions/arm_abs_q31.c ****   while (blkCnt > 0u)
  73:Source\BasicMathFunctions/arm_abs_q31.c ****   {
  74:Source\BasicMathFunctions/arm_abs_q31.c ****     /* C = |A| */
  75:Source\BasicMathFunctions/arm_abs_q31.c ****     /* Calculate absolute of input (if -1 then saturated to 0x7fffffff) and then store the results 
  76:Source\BasicMathFunctions/arm_abs_q31.c ****     in1 = *pSrc++;
ARM GAS  C:\Users\fneves\AppData\Local\Temp\ccIH8KHk.s 			page 3


  77:Source\BasicMathFunctions/arm_abs_q31.c ****     in2 = *pSrc++;
  78:Source\BasicMathFunctions/arm_abs_q31.c ****     in3 = *pSrc++;
  79:Source\BasicMathFunctions/arm_abs_q31.c ****     in4 = *pSrc++;
  80:Source\BasicMathFunctions/arm_abs_q31.c **** 
  81:Source\BasicMathFunctions/arm_abs_q31.c ****     *pDst++ = (in1 > 0) ? in1 : (q31_t)__QSUB(0, in1);
  82:Source\BasicMathFunctions/arm_abs_q31.c ****     *pDst++ = (in2 > 0) ? in2 : (q31_t)__QSUB(0, in2);
  83:Source\BasicMathFunctions/arm_abs_q31.c ****     *pDst++ = (in3 > 0) ? in3 : (q31_t)__QSUB(0, in3);
  84:Source\BasicMathFunctions/arm_abs_q31.c ****     *pDst++ = (in4 > 0) ? in4 : (q31_t)__QSUB(0, in4);
  85:Source\BasicMathFunctions/arm_abs_q31.c **** 
  86:Source\BasicMathFunctions/arm_abs_q31.c ****     /* Decrement the loop counter */
  87:Source\BasicMathFunctions/arm_abs_q31.c ****     blkCnt--;
  88:Source\BasicMathFunctions/arm_abs_q31.c ****   }
  89:Source\BasicMathFunctions/arm_abs_q31.c **** 
  90:Source\BasicMathFunctions/arm_abs_q31.c ****   /* If the blockSize is not a multiple of 4, compute any remaining output samples here.
  91:Source\BasicMathFunctions/arm_abs_q31.c ****    ** No loop unrolling is used. */
  92:Source\BasicMathFunctions/arm_abs_q31.c ****   blkCnt = blockSize % 0x4u;
  93:Source\BasicMathFunctions/arm_abs_q31.c **** 
  94:Source\BasicMathFunctions/arm_abs_q31.c **** #else
  95:Source\BasicMathFunctions/arm_abs_q31.c **** 
  96:Source\BasicMathFunctions/arm_abs_q31.c ****   /* Run the below code for Cortex-M0 */
  97:Source\BasicMathFunctions/arm_abs_q31.c **** 
  98:Source\BasicMathFunctions/arm_abs_q31.c ****   /* Initialize blkCnt with number of samples */
  99:Source\BasicMathFunctions/arm_abs_q31.c ****   blkCnt = blockSize;
  39              		.loc 1 99 0
  40 000c 7B68     		ldr	r3, [r7, #4]
  41 000e 7B61     		str	r3, [r7, #20]
 100:Source\BasicMathFunctions/arm_abs_q31.c **** 
 101:Source\BasicMathFunctions/arm_abs_q31.c **** #endif /*   #if defined (ARM_MATH_DSP)   */
 102:Source\BasicMathFunctions/arm_abs_q31.c **** 
 103:Source\BasicMathFunctions/arm_abs_q31.c ****   while (blkCnt > 0u)
  42              		.loc 1 103 0
  43 0010 19E0     		b	.L2
  44              	.L7:
 104:Source\BasicMathFunctions/arm_abs_q31.c ****   {
 105:Source\BasicMathFunctions/arm_abs_q31.c ****     /* C = |A| */
 106:Source\BasicMathFunctions/arm_abs_q31.c ****     /* Calculate absolute value of the input (if -1 then saturated to 0x7fffffff) and then store th
 107:Source\BasicMathFunctions/arm_abs_q31.c ****     in = *pSrc++;
  45              		.loc 1 107 0
  46 0012 FB68     		ldr	r3, [r7, #12]
  47 0014 1A1D     		add	r2, r3, #4
  48 0016 FA60     		str	r2, [r7, #12]
  49 0018 1B68     		ldr	r3, [r3]
  50 001a 3B61     		str	r3, [r7, #16]
 108:Source\BasicMathFunctions/arm_abs_q31.c ****     *pDst++ = (in > 0) ? in : ((in == INT32_MIN) ? INT32_MAX : -in);
  51              		.loc 1 108 0
  52 001c BA68     		ldr	r2, [r7, #8]
  53 001e 131D     		add	r3, r2, #4
  54 0020 BB60     		str	r3, [r7, #8]
  55 0022 3B69     		ldr	r3, [r7, #16]
  56 0024 002B     		cmp	r3, #0
  57 0026 09DC     		bgt	.L3
  58              		.loc 1 108 0 is_stmt 0 discriminator 1
  59 0028 3969     		ldr	r1, [r7, #16]
  60 002a 8023     		mov	r3, #128
  61 002c 1B06     		lsl	r3, r3, #24
  62 002e 9942     		cmp	r1, r3
  63 0030 02D0     		beq	.L4
ARM GAS  C:\Users\fneves\AppData\Local\Temp\ccIH8KHk.s 			page 4


  64              		.loc 1 108 0 discriminator 3
  65 0032 3B69     		ldr	r3, [r7, #16]
  66 0034 5B42     		neg	r3, r3
  67 0036 02E0     		b	.L6
  68              	.L4:
  69              		.loc 1 108 0 discriminator 4
  70 0038 064B     		ldr	r3, .L8
  71 003a 00E0     		b	.L6
  72              	.L3:
  73              		.loc 1 108 0 discriminator 2
  74 003c 3B69     		ldr	r3, [r7, #16]
  75              	.L6:
  76              		.loc 1 108 0 discriminator 8
  77 003e 1360     		str	r3, [r2]
 109:Source\BasicMathFunctions/arm_abs_q31.c **** 
 110:Source\BasicMathFunctions/arm_abs_q31.c ****     /* Decrement the loop counter */
 111:Source\BasicMathFunctions/arm_abs_q31.c ****     blkCnt--;
  78              		.loc 1 111 0 is_stmt 1 discriminator 8
  79 0040 7B69     		ldr	r3, [r7, #20]
  80 0042 013B     		sub	r3, r3, #1
  81 0044 7B61     		str	r3, [r7, #20]
  82              	.L2:
 103:Source\BasicMathFunctions/arm_abs_q31.c ****   {
  83              		.loc 1 103 0
  84 0046 7B69     		ldr	r3, [r7, #20]
  85 0048 002B     		cmp	r3, #0
  86 004a E2D1     		bne	.L7
 112:Source\BasicMathFunctions/arm_abs_q31.c ****   }
 113:Source\BasicMathFunctions/arm_abs_q31.c **** 
 114:Source\BasicMathFunctions/arm_abs_q31.c **** }
  87              		.loc 1 114 0
  88 004c BD46     		mov	sp, r7
  89 004e 06B0     		add	sp, sp, #24
  90              		@ sp needed
  91 0050 80BD     		pop	{r7, pc}
  92              	.L9:
  93 0052 C046     		.align	2
  94              	.L8:
  95 0054 FFFFFF7F 		.word	2147483647
  96              		.cfi_endproc
  97              	.LFE82:
  98              		.size	arm_abs_q31, .-arm_abs_q31
  99              		.text
 100              	.Letext0:
 101              		.file 2 "c:\\program files (x86)\\cypress\\psoc creator\\4.0\\psoc creator\\import\\gnu\\arm\\4.9.
 102              		.file 3 "c:\\program files (x86)\\cypress\\psoc creator\\4.0\\psoc creator\\import\\gnu\\arm\\4.9.
 103              		.file 4 ".\\Include/arm_math.h"
 104              		.section	.debug_info,"",%progbits
 105              	.Ldebug_info0:
 106 0000 20010000 		.4byte	0x120
 107 0004 0400     		.2byte	0x4
 108 0006 00000000 		.4byte	.Ldebug_abbrev0
 109 000a 04       		.byte	0x4
 110 000b 01       		.uleb128 0x1
 111 000c 6C010000 		.4byte	.LASF23
 112 0010 01       		.byte	0x1
 113 0011 DD000000 		.4byte	.LASF24
ARM GAS  C:\Users\fneves\AppData\Local\Temp\ccIH8KHk.s 			page 5


 114 0015 05010000 		.4byte	.LASF25
 115 0019 00000000 		.4byte	.Ldebug_ranges0+0
 116 001d 00000000 		.4byte	0
 117 0021 00000000 		.4byte	.Ldebug_line0
 118 0025 02       		.uleb128 0x2
 119 0026 01       		.byte	0x1
 120 0027 06       		.byte	0x6
 121 0028 C5000000 		.4byte	.LASF0
 122 002c 02       		.uleb128 0x2
 123 002d 01       		.byte	0x1
 124 002e 08       		.byte	0x8
 125 002f 6E000000 		.4byte	.LASF1
 126 0033 02       		.uleb128 0x2
 127 0034 02       		.byte	0x2
 128 0035 05       		.byte	0x5
 129 0036 54010000 		.4byte	.LASF2
 130 003a 02       		.uleb128 0x2
 131 003b 02       		.byte	0x2
 132 003c 07       		.byte	0x7
 133 003d B2000000 		.4byte	.LASF3
 134 0041 03       		.uleb128 0x3
 135 0042 64000000 		.4byte	.LASF5
 136 0046 02       		.byte	0x2
 137 0047 3F       		.byte	0x3f
 138 0048 4C000000 		.4byte	0x4c
 139 004c 02       		.uleb128 0x2
 140 004d 04       		.byte	0x4
 141 004e 05       		.byte	0x5
 142 004f 8A000000 		.4byte	.LASF4
 143 0053 03       		.uleb128 0x3
 144 0054 20000000 		.4byte	.LASF6
 145 0058 02       		.byte	0x2
 146 0059 41       		.byte	0x41
 147 005a 5E000000 		.4byte	0x5e
 148 005e 02       		.uleb128 0x2
 149 005f 04       		.byte	0x4
 150 0060 07       		.byte	0x7
 151 0061 35000000 		.4byte	.LASF7
 152 0065 02       		.uleb128 0x2
 153 0066 08       		.byte	0x8
 154 0067 05       		.byte	0x5
 155 0068 00000000 		.4byte	.LASF8
 156 006c 02       		.uleb128 0x2
 157 006d 08       		.byte	0x8
 158 006e 07       		.byte	0x7
 159 006f 47000000 		.4byte	.LASF9
 160 0073 04       		.uleb128 0x4
 161 0074 04       		.byte	0x4
 162 0075 05       		.byte	0x5
 163 0076 696E7400 		.ascii	"int\000"
 164 007a 02       		.uleb128 0x2
 165 007b 04       		.byte	0x4
 166 007c 07       		.byte	0x7
 167 007d 0E000000 		.4byte	.LASF10
 168 0081 03       		.uleb128 0x3
 169 0082 5E010000 		.4byte	.LASF11
 170 0086 03       		.byte	0x3
ARM GAS  C:\Users\fneves\AppData\Local\Temp\ccIH8KHk.s 			page 6


 171 0087 2C       		.byte	0x2c
 172 0088 41000000 		.4byte	0x41
 173 008c 03       		.uleb128 0x3
 174 008d 81000000 		.4byte	.LASF12
 175 0091 03       		.byte	0x3
 176 0092 2D       		.byte	0x2d
 177 0093 53000000 		.4byte	0x53
 178 0097 02       		.uleb128 0x2
 179 0098 04       		.byte	0x4
 180 0099 07       		.byte	0x7
 181 009a 4B010000 		.4byte	.LASF13
 182 009e 02       		.uleb128 0x2
 183 009f 01       		.byte	0x1
 184 00a0 08       		.byte	0x8
 185 00a1 7C000000 		.4byte	.LASF14
 186 00a5 02       		.uleb128 0x2
 187 00a6 08       		.byte	0x8
 188 00a7 04       		.byte	0x4
 189 00a8 A4000000 		.4byte	.LASF15
 190 00ac 02       		.uleb128 0x2
 191 00ad 04       		.byte	0x4
 192 00ae 04       		.byte	0x4
 193 00af 5E000000 		.4byte	.LASF16
 194 00b3 02       		.uleb128 0x2
 195 00b4 08       		.byte	0x8
 196 00b5 04       		.byte	0x4
 197 00b6 D1000000 		.4byte	.LASF17
 198 00ba 05       		.uleb128 0x5
 199 00bb 66010000 		.4byte	.LASF18
 200 00bf 04       		.byte	0x4
 201 00c0 9B01     		.2byte	0x19b
 202 00c2 81000000 		.4byte	0x81
 203 00c6 06       		.uleb128 0x6
 204 00c7 04       		.byte	0x4
 205 00c8 BA000000 		.4byte	0xba
 206 00cc 07       		.uleb128 0x7
 207 00cd 98000000 		.4byte	.LASF26
 208 00d1 01       		.byte	0x1
 209 00d2 36       		.byte	0x36
 210 00d3 00000000 		.4byte	.LFB82
 211 00d7 58000000 		.4byte	.LFE82-.LFB82
 212 00db 01       		.uleb128 0x1
 213 00dc 9C       		.byte	0x9c
 214 00dd 08       		.uleb128 0x8
 215 00de 93000000 		.4byte	.LASF19
 216 00e2 01       		.byte	0x1
 217 00e3 37       		.byte	0x37
 218 00e4 C6000000 		.4byte	0xc6
 219 00e8 02       		.uleb128 0x2
 220 00e9 91       		.byte	0x91
 221 00ea 6C       		.sleb128 -20
 222 00eb 08       		.uleb128 0x8
 223 00ec 1B000000 		.4byte	.LASF20
 224 00f0 01       		.byte	0x1
 225 00f1 38       		.byte	0x38
 226 00f2 C6000000 		.4byte	0xc6
 227 00f6 02       		.uleb128 0x2
ARM GAS  C:\Users\fneves\AppData\Local\Temp\ccIH8KHk.s 			page 7


 228 00f7 91       		.byte	0x91
 229 00f8 68       		.sleb128 -24
 230 00f9 08       		.uleb128 0x8
 231 00fa 2B000000 		.4byte	.LASF21
 232 00fe 01       		.byte	0x1
 233 00ff 39       		.byte	0x39
 234 0100 8C000000 		.4byte	0x8c
 235 0104 02       		.uleb128 0x2
 236 0105 91       		.byte	0x91
 237 0106 64       		.sleb128 -28
 238 0107 09       		.uleb128 0x9
 239 0108 AB000000 		.4byte	.LASF22
 240 010c 01       		.byte	0x1
 241 010d 3B       		.byte	0x3b
 242 010e 8C000000 		.4byte	0x8c
 243 0112 02       		.uleb128 0x2
 244 0113 91       		.byte	0x91
 245 0114 74       		.sleb128 -12
 246 0115 0A       		.uleb128 0xa
 247 0116 696E00   		.ascii	"in\000"
 248 0119 01       		.byte	0x1
 249 011a 3C       		.byte	0x3c
 250 011b BA000000 		.4byte	0xba
 251 011f 02       		.uleb128 0x2
 252 0120 91       		.byte	0x91
 253 0121 70       		.sleb128 -16
 254 0122 00       		.byte	0
 255 0123 00       		.byte	0
 256              		.section	.debug_abbrev,"",%progbits
 257              	.Ldebug_abbrev0:
 258 0000 01       		.uleb128 0x1
 259 0001 11       		.uleb128 0x11
 260 0002 01       		.byte	0x1
 261 0003 25       		.uleb128 0x25
 262 0004 0E       		.uleb128 0xe
 263 0005 13       		.uleb128 0x13
 264 0006 0B       		.uleb128 0xb
 265 0007 03       		.uleb128 0x3
 266 0008 0E       		.uleb128 0xe
 267 0009 1B       		.uleb128 0x1b
 268 000a 0E       		.uleb128 0xe
 269 000b 55       		.uleb128 0x55
 270 000c 17       		.uleb128 0x17
 271 000d 11       		.uleb128 0x11
 272 000e 01       		.uleb128 0x1
 273 000f 10       		.uleb128 0x10
 274 0010 17       		.uleb128 0x17
 275 0011 00       		.byte	0
 276 0012 00       		.byte	0
 277 0013 02       		.uleb128 0x2
 278 0014 24       		.uleb128 0x24
 279 0015 00       		.byte	0
 280 0016 0B       		.uleb128 0xb
 281 0017 0B       		.uleb128 0xb
 282 0018 3E       		.uleb128 0x3e
 283 0019 0B       		.uleb128 0xb
 284 001a 03       		.uleb128 0x3
ARM GAS  C:\Users\fneves\AppData\Local\Temp\ccIH8KHk.s 			page 8


 285 001b 0E       		.uleb128 0xe
 286 001c 00       		.byte	0
 287 001d 00       		.byte	0
 288 001e 03       		.uleb128 0x3
 289 001f 16       		.uleb128 0x16
 290 0020 00       		.byte	0
 291 0021 03       		.uleb128 0x3
 292 0022 0E       		.uleb128 0xe
 293 0023 3A       		.uleb128 0x3a
 294 0024 0B       		.uleb128 0xb
 295 0025 3B       		.uleb128 0x3b
 296 0026 0B       		.uleb128 0xb
 297 0027 49       		.uleb128 0x49
 298 0028 13       		.uleb128 0x13
 299 0029 00       		.byte	0
 300 002a 00       		.byte	0
 301 002b 04       		.uleb128 0x4
 302 002c 24       		.uleb128 0x24
 303 002d 00       		.byte	0
 304 002e 0B       		.uleb128 0xb
 305 002f 0B       		.uleb128 0xb
 306 0030 3E       		.uleb128 0x3e
 307 0031 0B       		.uleb128 0xb
 308 0032 03       		.uleb128 0x3
 309 0033 08       		.uleb128 0x8
 310 0034 00       		.byte	0
 311 0035 00       		.byte	0
 312 0036 05       		.uleb128 0x5
 313 0037 16       		.uleb128 0x16
 314 0038 00       		.byte	0
 315 0039 03       		.uleb128 0x3
 316 003a 0E       		.uleb128 0xe
 317 003b 3A       		.uleb128 0x3a
 318 003c 0B       		.uleb128 0xb
 319 003d 3B       		.uleb128 0x3b
 320 003e 05       		.uleb128 0x5
 321 003f 49       		.uleb128 0x49
 322 0040 13       		.uleb128 0x13
 323 0041 00       		.byte	0
 324 0042 00       		.byte	0
 325 0043 06       		.uleb128 0x6
 326 0044 0F       		.uleb128 0xf
 327 0045 00       		.byte	0
 328 0046 0B       		.uleb128 0xb
 329 0047 0B       		.uleb128 0xb
 330 0048 49       		.uleb128 0x49
 331 0049 13       		.uleb128 0x13
 332 004a 00       		.byte	0
 333 004b 00       		.byte	0
 334 004c 07       		.uleb128 0x7
 335 004d 2E       		.uleb128 0x2e
 336 004e 01       		.byte	0x1
 337 004f 3F       		.uleb128 0x3f
 338 0050 19       		.uleb128 0x19
 339 0051 03       		.uleb128 0x3
 340 0052 0E       		.uleb128 0xe
 341 0053 3A       		.uleb128 0x3a
ARM GAS  C:\Users\fneves\AppData\Local\Temp\ccIH8KHk.s 			page 9


 342 0054 0B       		.uleb128 0xb
 343 0055 3B       		.uleb128 0x3b
 344 0056 0B       		.uleb128 0xb
 345 0057 27       		.uleb128 0x27
 346 0058 19       		.uleb128 0x19
 347 0059 11       		.uleb128 0x11
 348 005a 01       		.uleb128 0x1
 349 005b 12       		.uleb128 0x12
 350 005c 06       		.uleb128 0x6
 351 005d 40       		.uleb128 0x40
 352 005e 18       		.uleb128 0x18
 353 005f 9742     		.uleb128 0x2117
 354 0061 19       		.uleb128 0x19
 355 0062 00       		.byte	0
 356 0063 00       		.byte	0
 357 0064 08       		.uleb128 0x8
 358 0065 05       		.uleb128 0x5
 359 0066 00       		.byte	0
 360 0067 03       		.uleb128 0x3
 361 0068 0E       		.uleb128 0xe
 362 0069 3A       		.uleb128 0x3a
 363 006a 0B       		.uleb128 0xb
 364 006b 3B       		.uleb128 0x3b
 365 006c 0B       		.uleb128 0xb
 366 006d 49       		.uleb128 0x49
 367 006e 13       		.uleb128 0x13
 368 006f 02       		.uleb128 0x2
 369 0070 18       		.uleb128 0x18
 370 0071 00       		.byte	0
 371 0072 00       		.byte	0
 372 0073 09       		.uleb128 0x9
 373 0074 34       		.uleb128 0x34
 374 0075 00       		.byte	0
 375 0076 03       		.uleb128 0x3
 376 0077 0E       		.uleb128 0xe
 377 0078 3A       		.uleb128 0x3a
 378 0079 0B       		.uleb128 0xb
 379 007a 3B       		.uleb128 0x3b
 380 007b 0B       		.uleb128 0xb
 381 007c 49       		.uleb128 0x49
 382 007d 13       		.uleb128 0x13
 383 007e 02       		.uleb128 0x2
 384 007f 18       		.uleb128 0x18
 385 0080 00       		.byte	0
 386 0081 00       		.byte	0
 387 0082 0A       		.uleb128 0xa
 388 0083 34       		.uleb128 0x34
 389 0084 00       		.byte	0
 390 0085 03       		.uleb128 0x3
 391 0086 08       		.uleb128 0x8
 392 0087 3A       		.uleb128 0x3a
 393 0088 0B       		.uleb128 0xb
 394 0089 3B       		.uleb128 0x3b
 395 008a 0B       		.uleb128 0xb
 396 008b 49       		.uleb128 0x49
 397 008c 13       		.uleb128 0x13
 398 008d 02       		.uleb128 0x2
ARM GAS  C:\Users\fneves\AppData\Local\Temp\ccIH8KHk.s 			page 10


 399 008e 18       		.uleb128 0x18
 400 008f 00       		.byte	0
 401 0090 00       		.byte	0
 402 0091 00       		.byte	0
 403              		.section	.debug_aranges,"",%progbits
 404 0000 1C000000 		.4byte	0x1c
 405 0004 0200     		.2byte	0x2
 406 0006 00000000 		.4byte	.Ldebug_info0
 407 000a 04       		.byte	0x4
 408 000b 00       		.byte	0
 409 000c 0000     		.2byte	0
 410 000e 0000     		.2byte	0
 411 0010 00000000 		.4byte	.LFB82
 412 0014 58000000 		.4byte	.LFE82-.LFB82
 413 0018 00000000 		.4byte	0
 414 001c 00000000 		.4byte	0
 415              		.section	.debug_ranges,"",%progbits
 416              	.Ldebug_ranges0:
 417 0000 00000000 		.4byte	.LFB82
 418 0004 58000000 		.4byte	.LFE82
 419 0008 00000000 		.4byte	0
 420 000c 00000000 		.4byte	0
 421              		.section	.debug_line,"",%progbits
 422              	.Ldebug_line0:
 423 0000 8F010000 		.section	.debug_str,"MS",%progbits,1
 423      02004E01 
 423      00000201 
 423      FB0E0D00 
 423      01010101 
 424              	.LASF8:
 425 0000 6C6F6E67 		.ascii	"long long int\000"
 425      206C6F6E 
 425      6720696E 
 425      7400
 426              	.LASF10:
 427 000e 756E7369 		.ascii	"unsigned int\000"
 427      676E6564 
 427      20696E74 
 427      00
 428              	.LASF20:
 429 001b 70447374 		.ascii	"pDst\000"
 429      00
 430              	.LASF6:
 431 0020 5F5F7569 		.ascii	"__uint32_t\000"
 431      6E743332 
 431      5F7400
 432              	.LASF21:
 433 002b 626C6F63 		.ascii	"blockSize\000"
 433      6B53697A 
 433      6500
 434              	.LASF7:
 435 0035 6C6F6E67 		.ascii	"long unsigned int\000"
 435      20756E73 
 435      69676E65 
 435      6420696E 
 435      7400
 436              	.LASF9:
ARM GAS  C:\Users\fneves\AppData\Local\Temp\ccIH8KHk.s 			page 11


 437 0047 6C6F6E67 		.ascii	"long long unsigned int\000"
 437      206C6F6E 
 437      6720756E 
 437      7369676E 
 437      65642069 
 438              	.LASF16:
 439 005e 666C6F61 		.ascii	"float\000"
 439      7400
 440              	.LASF5:
 441 0064 5F5F696E 		.ascii	"__int32_t\000"
 441      7433325F 
 441      7400
 442              	.LASF1:
 443 006e 756E7369 		.ascii	"unsigned char\000"
 443      676E6564 
 443      20636861 
 443      7200
 444              	.LASF14:
 445 007c 63686172 		.ascii	"char\000"
 445      00
 446              	.LASF12:
 447 0081 75696E74 		.ascii	"uint32_t\000"
 447      33325F74 
 447      00
 448              	.LASF4:
 449 008a 6C6F6E67 		.ascii	"long int\000"
 449      20696E74 
 449      00
 450              	.LASF19:
 451 0093 70537263 		.ascii	"pSrc\000"
 451      00
 452              	.LASF26:
 453 0098 61726D5F 		.ascii	"arm_abs_q31\000"
 453      6162735F 
 453      71333100 
 454              	.LASF15:
 455 00a4 646F7562 		.ascii	"double\000"
 455      6C6500
 456              	.LASF22:
 457 00ab 626C6B43 		.ascii	"blkCnt\000"
 457      6E7400
 458              	.LASF3:
 459 00b2 73686F72 		.ascii	"short unsigned int\000"
 459      7420756E 
 459      7369676E 
 459      65642069 
 459      6E7400
 460              	.LASF0:
 461 00c5 7369676E 		.ascii	"signed char\000"
 461      65642063 
 461      68617200 
 462              	.LASF17:
 463 00d1 6C6F6E67 		.ascii	"long double\000"
 463      20646F75 
 463      626C6500 
 464              	.LASF24:
 465 00dd 536F7572 		.ascii	"Source\\BasicMathFunctions\\arm_abs_q31.c\000"
ARM GAS  C:\Users\fneves\AppData\Local\Temp\ccIH8KHk.s 			page 12


 465      63655C42 
 465      61736963 
 465      4D617468 
 465      46756E63 
 466              	.LASF25:
 467 0105 433A5C55 		.ascii	"C:\\Users\\fneves\\Documents\\PSoC Creator\\wp_1\\e"
 467      73657273 
 467      5C666E65 
 467      7665735C 
 467      446F6375 
 468 0132 6E67696E 		.ascii	"ngine_speed_sensor.cydsn\000"
 468      655F7370 
 468      6565645F 
 468      73656E73 
 468      6F722E63 
 469              	.LASF13:
 470 014b 73697A65 		.ascii	"sizetype\000"
 470      74797065 
 470      00
 471              	.LASF2:
 472 0154 73686F72 		.ascii	"short int\000"
 472      7420696E 
 472      7400
 473              	.LASF11:
 474 015e 696E7433 		.ascii	"int32_t\000"
 474      325F7400 
 475              	.LASF18:
 476 0166 7133315F 		.ascii	"q31_t\000"
 476      7400
 477              	.LASF23:
 478 016c 474E5520 		.ascii	"GNU C 4.9.3 20150303 (release) [ARM/embedded-4_9-br"
 478      4320342E 
 478      392E3320 
 478      32303135 
 478      30333033 
 479 019f 616E6368 		.ascii	"anch revision 221220] -mcpu=cortex-m0plus -mthumb -"
 479      20726576 
 479      6973696F 
 479      6E203232 
 479      31323230 
 480 01d2 67202D4F 		.ascii	"g -O0 -ffunction-sections -ffat-lto-objects\000"
 480      30202D66 
 480      66756E63 
 480      74696F6E 
 480      2D736563 
 481              		.ident	"GCC: (GNU Tools for ARM Embedded Processors) 4.9.3 20150303 (release) [ARM/embedded-4_9-br
