--------------- Build Started: 02/25/2017 19:06:45 Project: engine_speed_sensor, Configuration: ARM GCC 4.9-2015-q1-update Debug ---------------
The code generation step is up to date.
engine_afe.c:33:1: warning: missing braces around initializer [-Wmissing-braces]
 static int16_t engine_sample_buffer[ENGINE_SAMPLE_BUFFER_LINES][ENGINE_SAMPLE_BUFFER_SIZE]={0};
 ^
engine_afe.c:33:1: warning: (near initialization for 'engine_sample_buffer[0]') [-Wmissing-braces]
engine_afe.c: In function 'engine_afe_main':
engine_afe.c:121:5: warning: enumeration value 'KNO_EVENT' not handled in switch [-Wswitch]
     switch(ev) {
     ^
engine_afe.c:121:5: warning: enumeration value 'KSYS_INIT_EVENT' not handled in switch [-Wswitch]
engine_afe.c:121:5: warning: enumeration value 'KENGINE_COMM_BUSY' not handled in switch [-Wswitch]
engine_afe.c:121:5: warning: enumeration value 'KENGINE_PACKET_SENT' not handled in switch [-Wswitch]
arm-none-eabi-gcc.exe -mcpu=cortex-m0plus -mthumb -I.\Include -I. -IGenerated_Source\PSoC4 -Wa,-alh=.\CortexM0p\ARM_GCC_493\Debug/engine_afe.lst -g -D DEBUG -D ARM_MATH_CM0PLUS -Wall -ffunction-sections -O0 -ffat-lto-objects -c engine_afe.c -o .\CortexM0p\ARM_GCC_493\Debug\engine_afe.o
arm-none-eabi-ar.exe: creating .\CortexM0p\ARM_GCC_493\Debug\engine_speed_sensor.a
arm-none-eabi-ar.exe -rs .\CortexM0p\ARM_GCC_493\Debug\engine_speed_sensor.a .\CortexM0p\ARM_GCC_493\Debug\cyfitter_cfg.o .\CortexM0p\ARM_GCC_493\Debug\CyFlash.o .\CortexM0p\ARM_GCC_493\Debug\CyLib.o .\CortexM0p\ARM_GCC_493\Debug\cyPm.o .\CortexM0p\ARM_GCC_493\Debug\cyutils.o .\CortexM0p\ARM_GCC_493\Debug\CyDMA.o .\CortexM0p\ARM_GCC_493\Debug\CyLFClk.o .\CortexM0p\ARM_GCC_493\Debug\Pin_1.o .\CortexM0p\ARM_GCC_493\Debug\Pin_1_PM.o .\CortexM0p\ARM_GCC_493\Debug\engine_vref_buf.o .\CortexM0p\ARM_GCC_493\Debug\engine_vref_buf_PM.o .\CortexM0p\ARM_GCC_493\Debug\engine_sensor_adc.o .\CortexM0p\ARM_GCC_493\Debug\engine_sensor_adc_PM.o .\CortexM0p\ARM_GCC_493\Debug\engine_sensor_adc_INIT.o .\CortexM0p\ARM_GCC_493\Debug\engine_sensor_adc_INT.o .\CortexM0p\ARM_GCC_493\Debug\engine_sensor_ref.o .\CortexM0p\ARM_GCC_493\Debug\engine_sensor_ref_PM.o .\CortexM0p\ARM_GCC_493\Debug\signal_amp_in.o .\CortexM0p\ARM_GCC_493\Debug\signal_amp_in_PM.o .\CortexM0p\ARM_GCC_493\Debug\engine_sensor_pga.o .\CortexM0p\ARM_GCC_493\Debug\engine_sensor_pga_PM.o .\CortexM0p\ARM_GCC_493\Debug\engine_sensor_adc_intSarClock.o .\CortexM0p\ARM_GCC_493\Debug\engine_sensor_adc_IRQ.o .\CortexM0p\ARM_GCC_493\Debug\engine_sensor_adc_UABH_B.o .\CortexM0p\ARM_GCC_493\Debug\engine_sensor_adc_UABH_B_CyUAB.o .\CortexM0p\ARM_GCC_493\Debug\engine_sensor_adc_UABH_A.o .\CortexM0p\ARM_GCC_493\Debug\engine_sensor_adc_UABH_A_CyUAB.o .\CortexM0p\ARM_GCC_493\Debug\engine_sensor_adc_intUabClock.o .\CortexM0p\ARM_GCC_493\Debug\engine_sensor_adc_filterVinMux.o .\CortexM0p\ARM_GCC_493\Debug\engine_sensor_adc_FILTERAGND2SAR_BUFFER.o .\CortexM0p\ARM_GCC_493\Debug\engine_sensor_adc_FILTERAGND2SAR_BUFFER_PM.o .\CortexM0p\ARM_GCC_493\Debug\engine_sensor_transfer.o .\CortexM0p\ARM_GCC_493\Debug\engine_afe_bias.o .\CortexM0p\ARM_GCC_493\Debug\engine_afe_bias_PM.o .\CortexM0p\ARM_GCC_493\Debug\engine_sensor_uart.o .\CortexM0p\ARM_GCC_493\Debug\engine_sensor_uart_SPI_UART.o .\CortexM0p\ARM_GCC_493\Debug\engine_sensor_uart_SPI_UART_INT.o .\CortexM0p\ARM_GCC_493\Debug\engine_sensor_uart_PM.o .\CortexM0p\ARM_GCC_493\Debug\engine_sensor_uart_UART.o .\CortexM0p\ARM_GCC_493\Debug\engine_sensor_uart_BOOT.o .\CortexM0p\ARM_GCC_493\Debug\engine_sensor_uart_UART_BOOT.o .\CortexM0p\ARM_GCC_493\Debug\engine_sensor_uart_SCBCLK.o .\CortexM0p\ARM_GCC_493\Debug\engine_sensor_uart_tx.o .\CortexM0p\ARM_GCC_493\Debug\engine_sensor_uart_tx_PM.o .\CortexM0p\ARM_GCC_493\Debug\engine_sensor_uart_rx.o .\CortexM0p\ARM_GCC_493\Debug\engine_sensor_uart_rx_PM.o .\CortexM0p\ARM_GCC_493\Debug\CyBootAsmGnu.o
arm-none-eabi-gcc.exe -Wl,--start-group -o .\CortexM0p\ARM_GCC_493\Debug\engine_speed_sensor.elf .\CortexM0p\ARM_GCC_493\Debug\main.o .\CortexM0p\ARM_GCC_493\Debug\engine_afe.o .\CortexM0p\ARM_GCC_493\Debug\event_queue.o .\CortexM0p\ARM_GCC_493\Debug\fix_fft.o .\CortexM0p\ARM_GCC_493\Debug\ui.o .\CortexM0p\ARM_GCC_493\Debug\cymetadata.o .\CortexM0p\ARM_GCC_493\Debug\Cm0plusStart.o .\CortexM0p\ARM_GCC_493\Debug\engine_speed_sensor.a -mcpu=cortex-m0plus -mthumb -g -ffunction-sections -O0 -ffat-lto-objects -L Generated_Source\PSoC4 -Wl,-Map,.\CortexM0p\ARM_GCC_493\Debug/engine_speed_sensor.map -T "C:\Users\fneves\Documents\PSoC Creator\wp_1\engine_speed_sensor.cydsn\Generated_Source\PSoC4\cm0plusgcc.ld" -specs=nano.specs -Wl,--gc-sections -Wl,--end-group
cyelftool.exe -C "C:\Users\fneves\Documents\PSoC Creator\wp_1\engine_speed_sensor.cydsn\CortexM0p\ARM_GCC_493\Debug\engine_speed_sensor.elf" --flash_row_size 128 --flash_size 32768
cyelftool.exe -S "C:\Users\fneves\Documents\PSoC Creator\wp_1\engine_speed_sensor.cydsn\CortexM0p\ARM_GCC_493\Debug\engine_speed_sensor.elf"
Flash used: 16310 of 32768 bytes (49,8%).
SRAM used: 3384 of 4096 bytes (82,6%). Stack: 256 bytes. Heap: 0 bytes.
--------------- Build Succeeded: 02/25/2017 19:06:48 ---------------
