--------------- Clean Started: 02/12/2017 15:42:26 Project: engine_speed_sensor, Configuration: ARM GCC 4.9-2015-q1-update Debug ---------------
Deleting file ".\CortexM0p\ARM_GCC_493\Debug\main.o"
Deleting file ".\CortexM0p\ARM_GCC_493\Debug\engine_afe.o"
Deleting file ".\CortexM0p\ARM_GCC_493\Debug\event_queue.o"
Deleting file ".\CortexM0p\ARM_GCC_493\Debug\arm_bitreversal.o"
Deleting file ".\CortexM0p\ARM_GCC_493\Debug\arm_bitreversal2.o"
Deleting file ".\CortexM0p\ARM_GCC_493\Debug\arm_cfft_radix2_init_q15.o"
Deleting file ".\CortexM0p\ARM_GCC_493\Debug\arm_cfft_radix2_q15.o"
Deleting file ".\CortexM0p\ARM_GCC_493\Debug\arm_common_tables.o"
Deleting file ".\CortexM0p\ARM_GCC_493\Debug\arm_const_structs.o"
Deleting file ".\CortexM0p\ARM_GCC_493\Debug\cyfitter_cfg.o"
Deleting file ".\CortexM0p\ARM_GCC_493\Debug\cymetadata.o"
Deleting file ".\CortexM0p\ARM_GCC_493\Debug\Cm0plusStart.o"
Deleting file ".\CortexM0p\ARM_GCC_493\Debug\CyBootAsmGnu.o"
Deleting file ".\CortexM0p\ARM_GCC_493\Debug\CyFlash.o"
Deleting file ".\CortexM0p\ARM_GCC_493\Debug\CyLib.o"
Deleting file ".\CortexM0p\ARM_GCC_493\Debug\cyPm.o"
Deleting file ".\CortexM0p\ARM_GCC_493\Debug\cyutils.o"
Deleting file ".\CortexM0p\ARM_GCC_493\Debug\CyDMA.o"
Deleting file ".\CortexM0p\ARM_GCC_493\Debug\CyLFClk.o"
Deleting file ".\CortexM0p\ARM_GCC_493\Debug\Pin_1.o"
Deleting file ".\CortexM0p\ARM_GCC_493\Debug\Pin_1_PM.o"
Deleting file ".\CortexM0p\ARM_GCC_493\Debug\engine_vref_buf.o"
Deleting file ".\CortexM0p\ARM_GCC_493\Debug\engine_vref_buf_PM.o"
Deleting file ".\CortexM0p\ARM_GCC_493\Debug\engine_sensor_adc.o"
Deleting file ".\CortexM0p\ARM_GCC_493\Debug\engine_sensor_adc_PM.o"
Deleting file ".\CortexM0p\ARM_GCC_493\Debug\engine_sensor_adc_INIT.o"
Deleting file ".\CortexM0p\ARM_GCC_493\Debug\engine_sensor_adc_INT.o"
Deleting file ".\CortexM0p\ARM_GCC_493\Debug\engine_sensor_ref.o"
Deleting file ".\CortexM0p\ARM_GCC_493\Debug\engine_sensor_ref_PM.o"
Deleting file ".\CortexM0p\ARM_GCC_493\Debug\signal_amp_in.o"
Deleting file ".\CortexM0p\ARM_GCC_493\Debug\signal_amp_in_PM.o"
Deleting file ".\CortexM0p\ARM_GCC_493\Debug\engine_sensor_pga.o"
Deleting file ".\CortexM0p\ARM_GCC_493\Debug\engine_sensor_pga_PM.o"
Deleting file ".\CortexM0p\ARM_GCC_493\Debug\engine_sensor_adc_intSarClock.o"
Deleting file ".\CortexM0p\ARM_GCC_493\Debug\engine_sensor_adc_IRQ.o"
Deleting file ".\CortexM0p\ARM_GCC_493\Debug\engine_sensor_adc_UABH_B.o"
Deleting file ".\CortexM0p\ARM_GCC_493\Debug\engine_sensor_adc_UABH_B_CyUAB.o"
Deleting file ".\CortexM0p\ARM_GCC_493\Debug\engine_sensor_adc_UABH_A.o"
Deleting file ".\CortexM0p\ARM_GCC_493\Debug\engine_sensor_adc_UABH_A_CyUAB.o"
Deleting file ".\CortexM0p\ARM_GCC_493\Debug\engine_sensor_adc_intUabClock.o"
Deleting file ".\CortexM0p\ARM_GCC_493\Debug\engine_sensor_adc_filterVinMux.o"
Deleting file ".\CortexM0p\ARM_GCC_493\Debug\engine_sensor_adc_FILTERAGND2SAR_BUFFER.o"
Deleting file ".\CortexM0p\ARM_GCC_493\Debug\engine_sensor_adc_FILTERAGND2SAR_BUFFER_PM.o"
Deleting file ".\CortexM0p\ARM_GCC_493\Debug\engine_sensor_transfer.o"
Deleting file ".\CortexM0p\ARM_GCC_493\Debug\engine_afe_bias.o"
Deleting file ".\CortexM0p\ARM_GCC_493\Debug\engine_afe_bias_PM.o"
Deleting file ".\CortexM0p\ARM_GCC_493\Debug\EZI2C_1.o"
Deleting file ".\CortexM0p\ARM_GCC_493\Debug\EZI2C_1_PM.o"
Deleting file ".\CortexM0p\ARM_GCC_493\Debug\EZI2C_1_BOOT.o"
Deleting file ".\CortexM0p\ARM_GCC_493\Debug\EZI2C_1_EZI2C.o"
Deleting file ".\CortexM0p\ARM_GCC_493\Debug\EZI2C_1_EZI2C_INT.o"
Deleting file ".\CortexM0p\ARM_GCC_493\Debug\EZI2C_1_EZI2C_BOOT.o"
Deleting file ".\CortexM0p\ARM_GCC_493\Debug\EZI2C_1_SCBCLK.o"
Deleting file ".\CortexM0p\ARM_GCC_493\Debug\EZI2C_1_sda.o"
Deleting file ".\CortexM0p\ARM_GCC_493\Debug\EZI2C_1_sda_PM.o"
Deleting file ".\CortexM0p\ARM_GCC_493\Debug\EZI2C_1_scl.o"
Deleting file ".\CortexM0p\ARM_GCC_493\Debug\EZI2C_1_scl_PM.o"
Deleting file ".\CortexM0p\ARM_GCC_493\Debug\EZI2C_1_SCB_IRQ.o"
Deleting file ".\CortexM0p\ARM_GCC_493\Debug\engine_speed_sensor.hex"
Deleting file ".\CortexM0p\ARM_GCC_493\Debug\engine_speed_sensor.elf"
Deleting file ".\CortexM0p\ARM_GCC_493\Debug\engine_speed_sensor.map"
Deleting file ".\engine_speed_sensor.cycdx"
Deleting file ".\engine_speed_sensor.rpt"
Deleting file ".\CortexM0p\ARM_GCC_493\Debug\.deps\SOURCE_C__ARM_GCC_GENERIC.P"
Deleting file ".\CortexM0p\ARM_GCC_493\Debug\.deps\SOURCE_ASM__ARM_GCC_GENERIC.P"
--------------- Clean Succeeded: 02/12/2017 15:42:27 ---------------
