ARM GAS  C:\Users\fneves\AppData\Local\Temp\cckGeOpH.s 			page 1


   1              		.cpu cortex-m0plus
   2              		.fpu softvfp
   3              		.eabi_attribute 20, 1
   4              		.eabi_attribute 21, 1
   5              		.eabi_attribute 23, 3
   6              		.eabi_attribute 24, 1
   7              		.eabi_attribute 25, 1
   8              		.eabi_attribute 26, 1
   9              		.eabi_attribute 30, 6
  10              		.eabi_attribute 34, 0
  11              		.eabi_attribute 18, 4
  12              		.code	16
  13              		.file	"engine_sensor_adc_INT.c"
  14              		.text
  15              	.Ltext0:
  16              		.cfi_sections	.debug_frame
  17              		.section	.text.engine_sensor_adc_ISR,"ax",%progbits
  18              		.align	2
  19              		.global	engine_sensor_adc_ISR
  20              		.code	16
  21              		.thumb_func
  22              		.type	engine_sensor_adc_ISR, %function
  23              	engine_sensor_adc_ISR:
  24              	.LFB1:
  25              		.file 1 "Generated_Source\\PSoC4\\engine_sensor_adc_INT.c"
   1:Generated_Source\PSoC4/engine_sensor_adc_INT.c **** /*******************************************************************************
   2:Generated_Source\PSoC4/engine_sensor_adc_INT.c **** * File Name: engine_sensor_adc_INT.c
   3:Generated_Source\PSoC4/engine_sensor_adc_INT.c **** * Version 1.20
   4:Generated_Source\PSoC4/engine_sensor_adc_INT.c **** *
   5:Generated_Source\PSoC4/engine_sensor_adc_INT.c **** *  Description:
   6:Generated_Source\PSoC4/engine_sensor_adc_INT.c **** *    This file contains the code that operates during the ADC_SAR interrupt
   7:Generated_Source\PSoC4/engine_sensor_adc_INT.c **** *    service routine.
   8:Generated_Source\PSoC4/engine_sensor_adc_INT.c **** *
   9:Generated_Source\PSoC4/engine_sensor_adc_INT.c **** *   Note:
  10:Generated_Source\PSoC4/engine_sensor_adc_INT.c **** *
  11:Generated_Source\PSoC4/engine_sensor_adc_INT.c **** ********************************************************************************
  12:Generated_Source\PSoC4/engine_sensor_adc_INT.c **** * Copyright 2015-2016, Cypress Semiconductor Corporation.  All rights reserved.
  13:Generated_Source\PSoC4/engine_sensor_adc_INT.c **** * You may use this file only in accordance with the license, terms, conditions,
  14:Generated_Source\PSoC4/engine_sensor_adc_INT.c **** * disclaimers, and limitations in the end user license agreement accompanying
  15:Generated_Source\PSoC4/engine_sensor_adc_INT.c **** * the software package with which this file was provided.
  16:Generated_Source\PSoC4/engine_sensor_adc_INT.c **** *******************************************************************************/
  17:Generated_Source\PSoC4/engine_sensor_adc_INT.c **** 
  18:Generated_Source\PSoC4/engine_sensor_adc_INT.c **** #include "engine_sensor_adc.h"
  19:Generated_Source\PSoC4/engine_sensor_adc_INT.c **** 
  20:Generated_Source\PSoC4/engine_sensor_adc_INT.c **** 
  21:Generated_Source\PSoC4/engine_sensor_adc_INT.c **** /******************************************************************************
  22:Generated_Source\PSoC4/engine_sensor_adc_INT.c **** * Custom Declarations and Variables
  23:Generated_Source\PSoC4/engine_sensor_adc_INT.c **** * - add user inlcude files, prototypes and variables between the following
  24:Generated_Source\PSoC4/engine_sensor_adc_INT.c **** *   #START and #END tags
  25:Generated_Source\PSoC4/engine_sensor_adc_INT.c **** ******************************************************************************/
  26:Generated_Source\PSoC4/engine_sensor_adc_INT.c **** /* `#START engine_sensor_adc_SYS_VAR`  */
  27:Generated_Source\PSoC4/engine_sensor_adc_INT.c **** 
  28:Generated_Source\PSoC4/engine_sensor_adc_INT.c **** /* `#END`  */
  29:Generated_Source\PSoC4/engine_sensor_adc_INT.c **** 
  30:Generated_Source\PSoC4/engine_sensor_adc_INT.c **** #if(engine_sensor_adc_IRQ_REMOVE == 0u)
  31:Generated_Source\PSoC4/engine_sensor_adc_INT.c **** 
  32:Generated_Source\PSoC4/engine_sensor_adc_INT.c **** 
ARM GAS  C:\Users\fneves\AppData\Local\Temp\cckGeOpH.s 			page 2


  33:Generated_Source\PSoC4/engine_sensor_adc_INT.c ****     /******************************************************************************
  34:Generated_Source\PSoC4/engine_sensor_adc_INT.c ****     * Function Name: engine_sensor_adc_ISR
  35:Generated_Source\PSoC4/engine_sensor_adc_INT.c ****     *******************************************************************************
  36:Generated_Source\PSoC4/engine_sensor_adc_INT.c ****     *
  37:Generated_Source\PSoC4/engine_sensor_adc_INT.c ****     * \brief Handle Interrupt Service Routine.
  38:Generated_Source\PSoC4/engine_sensor_adc_INT.c ****     *
  39:Generated_Source\PSoC4/engine_sensor_adc_INT.c ****     * \param None
  40:Generated_Source\PSoC4/engine_sensor_adc_INT.c ****     *
  41:Generated_Source\PSoC4/engine_sensor_adc_INT.c ****     * \return None
  42:Generated_Source\PSoC4/engine_sensor_adc_INT.c ****     *
  43:Generated_Source\PSoC4/engine_sensor_adc_INT.c ****     * \sideeffect None
  44:Generated_Source\PSoC4/engine_sensor_adc_INT.c ****     *
  45:Generated_Source\PSoC4/engine_sensor_adc_INT.c ****     ******************************************************************************/
  46:Generated_Source\PSoC4/engine_sensor_adc_INT.c ****     CY_ISR( engine_sensor_adc_ISR )
  47:Generated_Source\PSoC4/engine_sensor_adc_INT.c ****     {
  26              		.loc 1 47 0
  27              		.cfi_startproc
  28 0000 80B5     		push	{r7, lr}
  29              		.cfi_def_cfa_offset 8
  30              		.cfi_offset 7, -8
  31              		.cfi_offset 14, -4
  32 0002 82B0     		sub	sp, sp, #8
  33              		.cfi_def_cfa_offset 16
  34 0004 00AF     		add	r7, sp, #0
  35              		.cfi_def_cfa_register 7
  48:Generated_Source\PSoC4/engine_sensor_adc_INT.c ****         uint32 intr_status;
  49:Generated_Source\PSoC4/engine_sensor_adc_INT.c **** 
  50:Generated_Source\PSoC4/engine_sensor_adc_INT.c ****         /* Read interrupt status register */
  51:Generated_Source\PSoC4/engine_sensor_adc_INT.c ****         intr_status = engine_sensor_adc_SAR_INTR_REG;
  36              		.loc 1 51 0
  37 0006 044B     		ldr	r3, .L2
  38 0008 1B68     		ldr	r3, [r3]
  39 000a 7B60     		str	r3, [r7, #4]
  52:Generated_Source\PSoC4/engine_sensor_adc_INT.c **** 
  53:Generated_Source\PSoC4/engine_sensor_adc_INT.c ****         /************************************************************************
  54:Generated_Source\PSoC4/engine_sensor_adc_INT.c ****         *  Custom Code
  55:Generated_Source\PSoC4/engine_sensor_adc_INT.c ****         *  - add user ISR code between the following #START and #END tags
  56:Generated_Source\PSoC4/engine_sensor_adc_INT.c ****         *************************************************************************/
  57:Generated_Source\PSoC4/engine_sensor_adc_INT.c ****         /* `#START MAIN_engine_sensor_adc_ISR`  */
  58:Generated_Source\PSoC4/engine_sensor_adc_INT.c **** 
  59:Generated_Source\PSoC4/engine_sensor_adc_INT.c ****         /* `#END`  */
  60:Generated_Source\PSoC4/engine_sensor_adc_INT.c **** 
  61:Generated_Source\PSoC4/engine_sensor_adc_INT.c ****         /* Clear handled interrupt */
  62:Generated_Source\PSoC4/engine_sensor_adc_INT.c ****         engine_sensor_adc_SAR_INTR_REG = intr_status;
  40              		.loc 1 62 0
  41 000c 024B     		ldr	r3, .L2
  42 000e 7A68     		ldr	r2, [r7, #4]
  43 0010 1A60     		str	r2, [r3]
  63:Generated_Source\PSoC4/engine_sensor_adc_INT.c ****     }
  44              		.loc 1 63 0
  45 0012 BD46     		mov	sp, r7
  46 0014 02B0     		add	sp, sp, #8
  47              		@ sp needed
  48 0016 80BD     		pop	{r7, pc}
  49              	.L3:
  50              		.align	2
  51              	.L2:
ARM GAS  C:\Users\fneves\AppData\Local\Temp\cckGeOpH.s 			page 3


  52 0018 10023A40 		.word	1077543440
  53              		.cfi_endproc
  54              	.LFE1:
  55              		.size	engine_sensor_adc_ISR, .-engine_sensor_adc_ISR
  56              		.text
  57              	.Letext0:
  58              		.file 2 "Generated_Source\\PSoC4\\cytypes.h"
  59              		.section	.debug_info,"",%progbits
  60              	.Ldebug_info0:
  61 0000 C1000000 		.4byte	0xc1
  62 0004 0400     		.2byte	0x4
  63 0006 00000000 		.4byte	.Ldebug_abbrev0
  64 000a 04       		.byte	0x4
  65 000b 01       		.uleb128 0x1
  66 000c 2A000000 		.4byte	.LASF15
  67 0010 01       		.byte	0x1
  68 0011 9D010000 		.4byte	.LASF16
  69 0015 47010000 		.4byte	.LASF17
  70 0019 00000000 		.4byte	.Ldebug_ranges0+0
  71 001d 00000000 		.4byte	0
  72 0021 00000000 		.4byte	.Ldebug_line0
  73 0025 02       		.uleb128 0x2
  74 0026 01       		.byte	0x1
  75 0027 06       		.byte	0x6
  76 0028 BC000000 		.4byte	.LASF0
  77 002c 02       		.uleb128 0x2
  78 002d 01       		.byte	0x1
  79 002e 08       		.byte	0x8
  80 002f FD000000 		.4byte	.LASF1
  81 0033 02       		.uleb128 0x2
  82 0034 02       		.byte	0x2
  83 0035 05       		.byte	0x5
  84 0036 93010000 		.4byte	.LASF2
  85 003a 02       		.uleb128 0x2
  86 003b 02       		.byte	0x2
  87 003c 07       		.byte	0x7
  88 003d 2E010000 		.4byte	.LASF3
  89 0041 02       		.uleb128 0x2
  90 0042 04       		.byte	0x4
  91 0043 05       		.byte	0x5
  92 0044 10010000 		.4byte	.LASF4
  93 0048 02       		.uleb128 0x2
  94 0049 04       		.byte	0x4
  95 004a 07       		.byte	0x7
  96 004b C8000000 		.4byte	.LASF5
  97 004f 02       		.uleb128 0x2
  98 0050 08       		.byte	0x8
  99 0051 05       		.byte	0x5
 100 0052 20010000 		.4byte	.LASF6
 101 0056 02       		.uleb128 0x2
 102 0057 08       		.byte	0x8
 103 0058 07       		.byte	0x7
 104 0059 DA000000 		.4byte	.LASF7
 105 005d 03       		.uleb128 0x3
 106 005e 04       		.byte	0x4
 107 005f 05       		.byte	0x5
 108 0060 696E7400 		.ascii	"int\000"
ARM GAS  C:\Users\fneves\AppData\Local\Temp\cckGeOpH.s 			page 4


 109 0064 02       		.uleb128 0x2
 110 0065 04       		.byte	0x4
 111 0066 07       		.byte	0x7
 112 0067 1D000000 		.4byte	.LASF8
 113 006b 04       		.uleb128 0x4
 114 006c 16000000 		.4byte	.LASF12
 115 0070 02       		.byte	0x2
 116 0071 BB01     		.2byte	0x1bb
 117 0073 48000000 		.4byte	0x48
 118 0077 02       		.uleb128 0x2
 119 0078 04       		.byte	0x4
 120 0079 04       		.byte	0x4
 121 007a 8D010000 		.4byte	.LASF9
 122 007e 02       		.uleb128 0x2
 123 007f 08       		.byte	0x8
 124 0080 04       		.byte	0x4
 125 0081 19010000 		.4byte	.LASF10
 126 0085 02       		.uleb128 0x2
 127 0086 01       		.byte	0x1
 128 0087 08       		.byte	0x8
 129 0088 0B010000 		.4byte	.LASF11
 130 008c 04       		.uleb128 0x4
 131 008d 41010000 		.4byte	.LASF13
 132 0091 02       		.byte	0x2
 133 0092 6502     		.2byte	0x265
 134 0094 98000000 		.4byte	0x98
 135 0098 05       		.uleb128 0x5
 136 0099 6B000000 		.4byte	0x6b
 137 009d 02       		.uleb128 0x2
 138 009e 04       		.byte	0x4
 139 009f 07       		.byte	0x7
 140 00a0 CC010000 		.4byte	.LASF14
 141 00a4 06       		.uleb128 0x6
 142 00a5 00000000 		.4byte	.LASF18
 143 00a9 01       		.byte	0x1
 144 00aa 2E       		.byte	0x2e
 145 00ab 00000000 		.4byte	.LFB1
 146 00af 1C000000 		.4byte	.LFE1-.LFB1
 147 00b3 01       		.uleb128 0x1
 148 00b4 9C       		.byte	0x9c
 149 00b5 07       		.uleb128 0x7
 150 00b6 F1000000 		.4byte	.LASF19
 151 00ba 01       		.byte	0x1
 152 00bb 30       		.byte	0x30
 153 00bc 6B000000 		.4byte	0x6b
 154 00c0 02       		.uleb128 0x2
 155 00c1 91       		.byte	0x91
 156 00c2 74       		.sleb128 -12
 157 00c3 00       		.byte	0
 158 00c4 00       		.byte	0
 159              		.section	.debug_abbrev,"",%progbits
 160              	.Ldebug_abbrev0:
 161 0000 01       		.uleb128 0x1
 162 0001 11       		.uleb128 0x11
 163 0002 01       		.byte	0x1
 164 0003 25       		.uleb128 0x25
 165 0004 0E       		.uleb128 0xe
ARM GAS  C:\Users\fneves\AppData\Local\Temp\cckGeOpH.s 			page 5


 166 0005 13       		.uleb128 0x13
 167 0006 0B       		.uleb128 0xb
 168 0007 03       		.uleb128 0x3
 169 0008 0E       		.uleb128 0xe
 170 0009 1B       		.uleb128 0x1b
 171 000a 0E       		.uleb128 0xe
 172 000b 55       		.uleb128 0x55
 173 000c 17       		.uleb128 0x17
 174 000d 11       		.uleb128 0x11
 175 000e 01       		.uleb128 0x1
 176 000f 10       		.uleb128 0x10
 177 0010 17       		.uleb128 0x17
 178 0011 00       		.byte	0
 179 0012 00       		.byte	0
 180 0013 02       		.uleb128 0x2
 181 0014 24       		.uleb128 0x24
 182 0015 00       		.byte	0
 183 0016 0B       		.uleb128 0xb
 184 0017 0B       		.uleb128 0xb
 185 0018 3E       		.uleb128 0x3e
 186 0019 0B       		.uleb128 0xb
 187 001a 03       		.uleb128 0x3
 188 001b 0E       		.uleb128 0xe
 189 001c 00       		.byte	0
 190 001d 00       		.byte	0
 191 001e 03       		.uleb128 0x3
 192 001f 24       		.uleb128 0x24
 193 0020 00       		.byte	0
 194 0021 0B       		.uleb128 0xb
 195 0022 0B       		.uleb128 0xb
 196 0023 3E       		.uleb128 0x3e
 197 0024 0B       		.uleb128 0xb
 198 0025 03       		.uleb128 0x3
 199 0026 08       		.uleb128 0x8
 200 0027 00       		.byte	0
 201 0028 00       		.byte	0
 202 0029 04       		.uleb128 0x4
 203 002a 16       		.uleb128 0x16
 204 002b 00       		.byte	0
 205 002c 03       		.uleb128 0x3
 206 002d 0E       		.uleb128 0xe
 207 002e 3A       		.uleb128 0x3a
 208 002f 0B       		.uleb128 0xb
 209 0030 3B       		.uleb128 0x3b
 210 0031 05       		.uleb128 0x5
 211 0032 49       		.uleb128 0x49
 212 0033 13       		.uleb128 0x13
 213 0034 00       		.byte	0
 214 0035 00       		.byte	0
 215 0036 05       		.uleb128 0x5
 216 0037 35       		.uleb128 0x35
 217 0038 00       		.byte	0
 218 0039 49       		.uleb128 0x49
 219 003a 13       		.uleb128 0x13
 220 003b 00       		.byte	0
 221 003c 00       		.byte	0
 222 003d 06       		.uleb128 0x6
ARM GAS  C:\Users\fneves\AppData\Local\Temp\cckGeOpH.s 			page 6


 223 003e 2E       		.uleb128 0x2e
 224 003f 01       		.byte	0x1
 225 0040 3F       		.uleb128 0x3f
 226 0041 19       		.uleb128 0x19
 227 0042 03       		.uleb128 0x3
 228 0043 0E       		.uleb128 0xe
 229 0044 3A       		.uleb128 0x3a
 230 0045 0B       		.uleb128 0xb
 231 0046 3B       		.uleb128 0x3b
 232 0047 0B       		.uleb128 0xb
 233 0048 27       		.uleb128 0x27
 234 0049 19       		.uleb128 0x19
 235 004a 11       		.uleb128 0x11
 236 004b 01       		.uleb128 0x1
 237 004c 12       		.uleb128 0x12
 238 004d 06       		.uleb128 0x6
 239 004e 40       		.uleb128 0x40
 240 004f 18       		.uleb128 0x18
 241 0050 9742     		.uleb128 0x2117
 242 0052 19       		.uleb128 0x19
 243 0053 00       		.byte	0
 244 0054 00       		.byte	0
 245 0055 07       		.uleb128 0x7
 246 0056 34       		.uleb128 0x34
 247 0057 00       		.byte	0
 248 0058 03       		.uleb128 0x3
 249 0059 0E       		.uleb128 0xe
 250 005a 3A       		.uleb128 0x3a
 251 005b 0B       		.uleb128 0xb
 252 005c 3B       		.uleb128 0x3b
 253 005d 0B       		.uleb128 0xb
 254 005e 49       		.uleb128 0x49
 255 005f 13       		.uleb128 0x13
 256 0060 02       		.uleb128 0x2
 257 0061 18       		.uleb128 0x18
 258 0062 00       		.byte	0
 259 0063 00       		.byte	0
 260 0064 00       		.byte	0
 261              		.section	.debug_aranges,"",%progbits
 262 0000 1C000000 		.4byte	0x1c
 263 0004 0200     		.2byte	0x2
 264 0006 00000000 		.4byte	.Ldebug_info0
 265 000a 04       		.byte	0x4
 266 000b 00       		.byte	0
 267 000c 0000     		.2byte	0
 268 000e 0000     		.2byte	0
 269 0010 00000000 		.4byte	.LFB1
 270 0014 1C000000 		.4byte	.LFE1-.LFB1
 271 0018 00000000 		.4byte	0
 272 001c 00000000 		.4byte	0
 273              		.section	.debug_ranges,"",%progbits
 274              	.Ldebug_ranges0:
 275 0000 00000000 		.4byte	.LFB1
 276 0004 1C000000 		.4byte	.LFE1
 277 0008 00000000 		.4byte	0
 278 000c 00000000 		.4byte	0
 279              		.section	.debug_line,"",%progbits
ARM GAS  C:\Users\fneves\AppData\Local\Temp\cckGeOpH.s 			page 7


 280              	.Ldebug_line0:
 281 0000 6C000000 		.section	.debug_str,"MS",%progbits,1
 281      02005200 
 281      00000201 
 281      FB0E0D00 
 281      01010101 
 282              	.LASF18:
 283 0000 656E6769 		.ascii	"engine_sensor_adc_ISR\000"
 283      6E655F73 
 283      656E736F 
 283      725F6164 
 283      635F4953 
 284              	.LASF12:
 285 0016 75696E74 		.ascii	"uint32\000"
 285      333200
 286              	.LASF8:
 287 001d 756E7369 		.ascii	"unsigned int\000"
 287      676E6564 
 287      20696E74 
 287      00
 288              	.LASF15:
 289 002a 474E5520 		.ascii	"GNU C 4.9.3 20150303 (release) [ARM/embedded-4_9-br"
 289      4320342E 
 289      392E3320 
 289      32303135 
 289      30333033 
 290 005d 616E6368 		.ascii	"anch revision 221220] -mcpu=cortex-m0plus -mthumb -"
 290      20726576 
 290      6973696F 
 290      6E203232 
 290      31323230 
 291 0090 67202D4F 		.ascii	"g -O0 -ffunction-sections -ffat-lto-objects\000"
 291      30202D66 
 291      66756E63 
 291      74696F6E 
 291      2D736563 
 292              	.LASF0:
 293 00bc 7369676E 		.ascii	"signed char\000"
 293      65642063 
 293      68617200 
 294              	.LASF5:
 295 00c8 6C6F6E67 		.ascii	"long unsigned int\000"
 295      20756E73 
 295      69676E65 
 295      6420696E 
 295      7400
 296              	.LASF7:
 297 00da 6C6F6E67 		.ascii	"long long unsigned int\000"
 297      206C6F6E 
 297      6720756E 
 297      7369676E 
 297      65642069 
 298              	.LASF19:
 299 00f1 696E7472 		.ascii	"intr_status\000"
 299      5F737461 
 299      74757300 
 300              	.LASF1:
ARM GAS  C:\Users\fneves\AppData\Local\Temp\cckGeOpH.s 			page 8


 301 00fd 756E7369 		.ascii	"unsigned char\000"
 301      676E6564 
 301      20636861 
 301      7200
 302              	.LASF11:
 303 010b 63686172 		.ascii	"char\000"
 303      00
 304              	.LASF4:
 305 0110 6C6F6E67 		.ascii	"long int\000"
 305      20696E74 
 305      00
 306              	.LASF10:
 307 0119 646F7562 		.ascii	"double\000"
 307      6C6500
 308              	.LASF6:
 309 0120 6C6F6E67 		.ascii	"long long int\000"
 309      206C6F6E 
 309      6720696E 
 309      7400
 310              	.LASF3:
 311 012e 73686F72 		.ascii	"short unsigned int\000"
 311      7420756E 
 311      7369676E 
 311      65642069 
 311      6E7400
 312              	.LASF13:
 313 0141 72656733 		.ascii	"reg32\000"
 313      3200
 314              	.LASF17:
 315 0147 433A5C55 		.ascii	"C:\\Users\\fneves\\Documents\\PSoC Creator\\wp_1\\e"
 315      73657273 
 315      5C666E65 
 315      7665735C 
 315      446F6375 
 316 0174 6E67696E 		.ascii	"ngine_speed_sensor.cydsn\000"
 316      655F7370 
 316      6565645F 
 316      73656E73 
 316      6F722E63 
 317              	.LASF9:
 318 018d 666C6F61 		.ascii	"float\000"
 318      7400
 319              	.LASF2:
 320 0193 73686F72 		.ascii	"short int\000"
 320      7420696E 
 320      7400
 321              	.LASF16:
 322 019d 47656E65 		.ascii	"Generated_Source\\PSoC4\\engine_sensor_adc_INT.c\000"
 322      72617465 
 322      645F536F 
 322      75726365 
 322      5C50536F 
 323              	.LASF14:
 324 01cc 73697A65 		.ascii	"sizetype\000"
 324      74797065 
 324      00
 325              		.ident	"GCC: (GNU Tools for ARM Embedded Processors) 4.9.3 20150303 (release) [ARM/embedded-4_9-br
ARM GAS  C:\Users\fneves\AppData\Local\Temp\cckGeOpH.s 			page 9


