ARM GAS  C:\Users\fneves\AppData\Local\Temp\cc2UnzEt.s 			page 1


   1              		.cpu cortex-m0plus
   2              		.fpu softvfp
   3              		.eabi_attribute 20, 1
   4              		.eabi_attribute 21, 1
   5              		.eabi_attribute 23, 3
   6              		.eabi_attribute 24, 1
   7              		.eabi_attribute 25, 1
   8              		.eabi_attribute 26, 1
   9              		.eabi_attribute 30, 6
  10              		.eabi_attribute 34, 0
  11              		.eabi_attribute 18, 4
  12              		.code	16
  13              		.file	"engine_sensor_adc_INIT.c"
  14              		.text
  15              	.Ltext0:
  16              		.cfi_sections	.debug_frame
  17              		.global	engine_sensor_adc_allConfigs
  18              		.section	.rodata
  19              		.align	2
  20              		.type	engine_sensor_adc_allConfigs, %object
  21              		.size	engine_sensor_adc_allConfigs, 56
  22              	engine_sensor_adc_allConfigs:
  23 0000 00000000 		.word	0
  24 0004 01000000 		.word	1
  25 0008 60002050 		.word	1344274528
  26 000c 8D0044D0 		.word	-800849779
  27 0010 56000200 		.word	131158
  28 0014 02000200 		.word	131074
  29 0018 00000004 		.word	67108864
  30 001c 00000000 		.word	0
  31 0020 01000000 		.word	1
  32 0024 00000000 		.word	0
  33 0028 00000000 		.word	0
  34 002c 72060000 		.word	1650
  35 0030 03000000 		.word	3
  36 0034 1D00     		.short	29
  37 0036 6300     		.short	99
  38              		.text
  39              	.Letext0:
  40              		.file 1 "Generated_Source\\PSoC4\\cytypes.h"
  41              		.file 2 "Generated_Source\\PSoC4\\engine_sensor_adc.h"
  42              		.file 3 "Generated_Source\\PSoC4\\engine_sensor_adc_INIT.c"
  43              		.section	.debug_info,"",%progbits
  44              	.Ldebug_info0:
  45 0000 9A010000 		.4byte	0x19a
  46 0004 0400     		.2byte	0x4
  47 0006 00000000 		.4byte	.Ldebug_abbrev0
  48 000a 04       		.byte	0x4
  49 000b 01       		.uleb128 0x1
  50 000c 3D010000 		.4byte	.LASF33
  51 0010 01       		.byte	0x1
  52 0011 18020000 		.4byte	.LASF34
  53 0015 27000000 		.4byte	.LASF35
  54 0019 00000000 		.4byte	.Ldebug_line0
  55 001d 02       		.uleb128 0x2
  56 001e 01       		.byte	0x1
  57 001f 06       		.byte	0x6
ARM GAS  C:\Users\fneves\AppData\Local\Temp\cc2UnzEt.s 			page 2


  58 0020 88020000 		.4byte	.LASF0
  59 0024 02       		.uleb128 0x2
  60 0025 01       		.byte	0x1
  61 0026 08       		.byte	0x8
  62 0027 AD000000 		.4byte	.LASF1
  63 002b 02       		.uleb128 0x2
  64 002c 02       		.byte	0x2
  65 002d 05       		.byte	0x5
  66 002e 6F020000 		.4byte	.LASF2
  67 0032 02       		.uleb128 0x2
  68 0033 02       		.byte	0x2
  69 0034 07       		.byte	0x7
  70 0035 94020000 		.4byte	.LASF3
  71 0039 02       		.uleb128 0x2
  72 003a 04       		.byte	0x4
  73 003b 05       		.byte	0x5
  74 003c 7F020000 		.4byte	.LASF4
  75 0040 02       		.uleb128 0x2
  76 0041 04       		.byte	0x4
  77 0042 07       		.byte	0x7
  78 0043 C8000000 		.4byte	.LASF5
  79 0047 02       		.uleb128 0x2
  80 0048 08       		.byte	0x8
  81 0049 05       		.byte	0x5
  82 004a 05020000 		.4byte	.LASF6
  83 004e 02       		.uleb128 0x2
  84 004f 08       		.byte	0x8
  85 0050 07       		.byte	0x7
  86 0051 96000000 		.4byte	.LASF7
  87 0055 03       		.uleb128 0x3
  88 0056 04       		.byte	0x4
  89 0057 05       		.byte	0x5
  90 0058 696E7400 		.ascii	"int\000"
  91 005c 02       		.uleb128 0x2
  92 005d 04       		.byte	0x4
  93 005e 07       		.byte	0x7
  94 005f 18010000 		.4byte	.LASF8
  95 0063 04       		.uleb128 0x4
  96 0064 79020000 		.4byte	.LASF9
  97 0068 01       		.byte	0x1
  98 0069 B901     		.2byte	0x1b9
  99 006b 24000000 		.4byte	0x24
 100 006f 04       		.uleb128 0x4
 101 0070 F2000000 		.4byte	.LASF10
 102 0074 01       		.byte	0x1
 103 0075 BA01     		.2byte	0x1ba
 104 0077 32000000 		.4byte	0x32
 105 007b 04       		.uleb128 0x4
 106 007c 06010000 		.4byte	.LASF11
 107 0080 01       		.byte	0x1
 108 0081 BB01     		.2byte	0x1bb
 109 0083 40000000 		.4byte	0x40
 110 0087 04       		.uleb128 0x4
 111 0088 DA000000 		.4byte	.LASF12
 112 008c 01       		.byte	0x1
 113 008d BE01     		.2byte	0x1be
 114 008f 39000000 		.4byte	0x39
ARM GAS  C:\Users\fneves\AppData\Local\Temp\cc2UnzEt.s 			page 3


 115 0093 02       		.uleb128 0x2
 116 0094 04       		.byte	0x4
 117 0095 04       		.byte	0x4
 118 0096 90000000 		.4byte	.LASF13
 119 009a 02       		.uleb128 0x2
 120 009b 08       		.byte	0x8
 121 009c 04       		.byte	0x4
 122 009d EB000000 		.4byte	.LASF14
 123 00a1 02       		.uleb128 0x2
 124 00a2 01       		.byte	0x1
 125 00a3 08       		.byte	0x8
 126 00a4 13020000 		.4byte	.LASF15
 127 00a8 02       		.uleb128 0x2
 128 00a9 04       		.byte	0x4
 129 00aa 07       		.byte	0x7
 130 00ab DF010000 		.4byte	.LASF16
 131 00af 05       		.uleb128 0x5
 132 00b0 38       		.byte	0x38
 133 00b1 02       		.byte	0x2
 134 00b2 5E       		.byte	0x5e
 135 00b3 6C010000 		.4byte	0x16c
 136 00b7 06       		.uleb128 0x6
 137 00b8 1B000000 		.4byte	.LASF17
 138 00bc 02       		.byte	0x2
 139 00bd 60       		.byte	0x60
 140 00be 7B000000 		.4byte	0x7b
 141 00c2 00       		.byte	0
 142 00c3 06       		.uleb128 0x6
 143 00c4 31010000 		.4byte	.LASF18
 144 00c8 02       		.byte	0x2
 145 00c9 61       		.byte	0x61
 146 00ca 7B000000 		.4byte	0x7b
 147 00ce 04       		.byte	0x4
 148 00cf 06       		.uleb128 0x6
 149 00d0 DA010000 		.4byte	.LASF19
 150 00d4 02       		.byte	0x2
 151 00d5 62       		.byte	0x62
 152 00d6 7B000000 		.4byte	0x7b
 153 00da 08       		.byte	0x8
 154 00db 06       		.uleb128 0x6
 155 00dc 0D010000 		.4byte	.LASF20
 156 00e0 02       		.byte	0x2
 157 00e1 65       		.byte	0x65
 158 00e2 7B000000 		.4byte	0x7b
 159 00e6 0C       		.byte	0xc
 160 00e7 06       		.uleb128 0x6
 161 00e8 F9000000 		.4byte	.LASF21
 162 00ec 02       		.byte	0x2
 163 00ed 66       		.byte	0x66
 164 00ee 7B000000 		.4byte	0x7b
 165 00f2 10       		.byte	0x10
 166 00f3 06       		.uleb128 0x6
 167 00f4 83000000 		.4byte	.LASF22
 168 00f8 02       		.byte	0x2
 169 00f9 67       		.byte	0x67
 170 00fa 7B000000 		.4byte	0x7b
 171 00fe 14       		.byte	0x14
ARM GAS  C:\Users\fneves\AppData\Local\Temp\cc2UnzEt.s 			page 4


 172 00ff 06       		.uleb128 0x6
 173 0100 CF010000 		.4byte	.LASF23
 174 0104 02       		.byte	0x2
 175 0105 68       		.byte	0x68
 176 0106 7B000000 		.4byte	0x7b
 177 010a 18       		.byte	0x18
 178 010b 06       		.uleb128 0x6
 179 010c 00000000 		.4byte	.LASF24
 180 0110 02       		.byte	0x2
 181 0111 69       		.byte	0x69
 182 0112 7B000000 		.4byte	0x7b
 183 0116 1C       		.byte	0x1c
 184 0117 06       		.uleb128 0x6
 185 0118 68020000 		.4byte	.LASF25
 186 011c 02       		.byte	0x2
 187 011d 6A       		.byte	0x6a
 188 011e 7B000000 		.4byte	0x7b
 189 0122 20       		.byte	0x20
 190 0123 06       		.uleb128 0x6
 191 0124 BB000000 		.4byte	.LASF26
 192 0128 02       		.byte	0x2
 193 0129 6B       		.byte	0x6b
 194 012a 7B000000 		.4byte	0x7b
 195 012e 24       		.byte	0x24
 196 012f 06       		.uleb128 0x6
 197 0130 78000000 		.4byte	.LASF27
 198 0134 02       		.byte	0x2
 199 0135 6C       		.byte	0x6c
 200 0136 7B000000 		.4byte	0x7b
 201 013a 28       		.byte	0x28
 202 013b 06       		.uleb128 0x6
 203 013c 25010000 		.4byte	.LASF28
 204 0140 02       		.byte	0x2
 205 0141 6D       		.byte	0x6d
 206 0142 87000000 		.4byte	0x87
 207 0146 2C       		.byte	0x2c
 208 0147 06       		.uleb128 0x6
 209 0148 6D000000 		.4byte	.LASF29
 210 014c 02       		.byte	0x2
 211 014d 6F       		.byte	0x6f
 212 014e 7B000000 		.4byte	0x7b
 213 0152 30       		.byte	0x30
 214 0153 06       		.uleb128 0x6
 215 0154 E0000000 		.4byte	.LASF30
 216 0158 02       		.byte	0x2
 217 0159 76       		.byte	0x76
 218 015a 6F000000 		.4byte	0x6f
 219 015e 34       		.byte	0x34
 220 015f 06       		.uleb128 0x6
 221 0160 0A000000 		.4byte	.LASF31
 222 0164 02       		.byte	0x2
 223 0165 7A       		.byte	0x7a
 224 0166 6F000000 		.4byte	0x6f
 225 016a 36       		.byte	0x36
 226 016b 00       		.byte	0
 227 016c 07       		.uleb128 0x7
 228 016d 48020000 		.4byte	.LASF32
ARM GAS  C:\Users\fneves\AppData\Local\Temp\cc2UnzEt.s 			page 5


 229 0171 02       		.byte	0x2
 230 0172 7C       		.byte	0x7c
 231 0173 AF000000 		.4byte	0xaf
 232 0177 08       		.uleb128 0x8
 233 0178 6C010000 		.4byte	0x16c
 234 017c 87010000 		.4byte	0x187
 235 0180 09       		.uleb128 0x9
 236 0181 A8000000 		.4byte	0xa8
 237 0185 00       		.byte	0
 238 0186 00       		.byte	0
 239 0187 0A       		.uleb128 0xa
 240 0188 E8010000 		.4byte	.LASF36
 241 018c 03       		.byte	0x3
 242 018d 2A       		.byte	0x2a
 243 018e 98010000 		.4byte	0x198
 244 0192 05       		.uleb128 0x5
 245 0193 03       		.byte	0x3
 246 0194 00000000 		.4byte	engine_sensor_adc_allConfigs
 247 0198 0B       		.uleb128 0xb
 248 0199 77010000 		.4byte	0x177
 249 019d 00       		.byte	0
 250              		.section	.debug_abbrev,"",%progbits
 251              	.Ldebug_abbrev0:
 252 0000 01       		.uleb128 0x1
 253 0001 11       		.uleb128 0x11
 254 0002 01       		.byte	0x1
 255 0003 25       		.uleb128 0x25
 256 0004 0E       		.uleb128 0xe
 257 0005 13       		.uleb128 0x13
 258 0006 0B       		.uleb128 0xb
 259 0007 03       		.uleb128 0x3
 260 0008 0E       		.uleb128 0xe
 261 0009 1B       		.uleb128 0x1b
 262 000a 0E       		.uleb128 0xe
 263 000b 10       		.uleb128 0x10
 264 000c 17       		.uleb128 0x17
 265 000d 00       		.byte	0
 266 000e 00       		.byte	0
 267 000f 02       		.uleb128 0x2
 268 0010 24       		.uleb128 0x24
 269 0011 00       		.byte	0
 270 0012 0B       		.uleb128 0xb
 271 0013 0B       		.uleb128 0xb
 272 0014 3E       		.uleb128 0x3e
 273 0015 0B       		.uleb128 0xb
 274 0016 03       		.uleb128 0x3
 275 0017 0E       		.uleb128 0xe
 276 0018 00       		.byte	0
 277 0019 00       		.byte	0
 278 001a 03       		.uleb128 0x3
 279 001b 24       		.uleb128 0x24
 280 001c 00       		.byte	0
 281 001d 0B       		.uleb128 0xb
 282 001e 0B       		.uleb128 0xb
 283 001f 3E       		.uleb128 0x3e
 284 0020 0B       		.uleb128 0xb
 285 0021 03       		.uleb128 0x3
ARM GAS  C:\Users\fneves\AppData\Local\Temp\cc2UnzEt.s 			page 6


 286 0022 08       		.uleb128 0x8
 287 0023 00       		.byte	0
 288 0024 00       		.byte	0
 289 0025 04       		.uleb128 0x4
 290 0026 16       		.uleb128 0x16
 291 0027 00       		.byte	0
 292 0028 03       		.uleb128 0x3
 293 0029 0E       		.uleb128 0xe
 294 002a 3A       		.uleb128 0x3a
 295 002b 0B       		.uleb128 0xb
 296 002c 3B       		.uleb128 0x3b
 297 002d 05       		.uleb128 0x5
 298 002e 49       		.uleb128 0x49
 299 002f 13       		.uleb128 0x13
 300 0030 00       		.byte	0
 301 0031 00       		.byte	0
 302 0032 05       		.uleb128 0x5
 303 0033 13       		.uleb128 0x13
 304 0034 01       		.byte	0x1
 305 0035 0B       		.uleb128 0xb
 306 0036 0B       		.uleb128 0xb
 307 0037 3A       		.uleb128 0x3a
 308 0038 0B       		.uleb128 0xb
 309 0039 3B       		.uleb128 0x3b
 310 003a 0B       		.uleb128 0xb
 311 003b 01       		.uleb128 0x1
 312 003c 13       		.uleb128 0x13
 313 003d 00       		.byte	0
 314 003e 00       		.byte	0
 315 003f 06       		.uleb128 0x6
 316 0040 0D       		.uleb128 0xd
 317 0041 00       		.byte	0
 318 0042 03       		.uleb128 0x3
 319 0043 0E       		.uleb128 0xe
 320 0044 3A       		.uleb128 0x3a
 321 0045 0B       		.uleb128 0xb
 322 0046 3B       		.uleb128 0x3b
 323 0047 0B       		.uleb128 0xb
 324 0048 49       		.uleb128 0x49
 325 0049 13       		.uleb128 0x13
 326 004a 38       		.uleb128 0x38
 327 004b 0B       		.uleb128 0xb
 328 004c 00       		.byte	0
 329 004d 00       		.byte	0
 330 004e 07       		.uleb128 0x7
 331 004f 16       		.uleb128 0x16
 332 0050 00       		.byte	0
 333 0051 03       		.uleb128 0x3
 334 0052 0E       		.uleb128 0xe
 335 0053 3A       		.uleb128 0x3a
 336 0054 0B       		.uleb128 0xb
 337 0055 3B       		.uleb128 0x3b
 338 0056 0B       		.uleb128 0xb
 339 0057 49       		.uleb128 0x49
 340 0058 13       		.uleb128 0x13
 341 0059 00       		.byte	0
 342 005a 00       		.byte	0
ARM GAS  C:\Users\fneves\AppData\Local\Temp\cc2UnzEt.s 			page 7


 343 005b 08       		.uleb128 0x8
 344 005c 01       		.uleb128 0x1
 345 005d 01       		.byte	0x1
 346 005e 49       		.uleb128 0x49
 347 005f 13       		.uleb128 0x13
 348 0060 01       		.uleb128 0x1
 349 0061 13       		.uleb128 0x13
 350 0062 00       		.byte	0
 351 0063 00       		.byte	0
 352 0064 09       		.uleb128 0x9
 353 0065 21       		.uleb128 0x21
 354 0066 00       		.byte	0
 355 0067 49       		.uleb128 0x49
 356 0068 13       		.uleb128 0x13
 357 0069 2F       		.uleb128 0x2f
 358 006a 0B       		.uleb128 0xb
 359 006b 00       		.byte	0
 360 006c 00       		.byte	0
 361 006d 0A       		.uleb128 0xa
 362 006e 34       		.uleb128 0x34
 363 006f 00       		.byte	0
 364 0070 03       		.uleb128 0x3
 365 0071 0E       		.uleb128 0xe
 366 0072 3A       		.uleb128 0x3a
 367 0073 0B       		.uleb128 0xb
 368 0074 3B       		.uleb128 0x3b
 369 0075 0B       		.uleb128 0xb
 370 0076 49       		.uleb128 0x49
 371 0077 13       		.uleb128 0x13
 372 0078 3F       		.uleb128 0x3f
 373 0079 19       		.uleb128 0x19
 374 007a 02       		.uleb128 0x2
 375 007b 18       		.uleb128 0x18
 376 007c 00       		.byte	0
 377 007d 00       		.byte	0
 378 007e 0B       		.uleb128 0xb
 379 007f 26       		.uleb128 0x26
 380 0080 00       		.byte	0
 381 0081 49       		.uleb128 0x49
 382 0082 13       		.uleb128 0x13
 383 0083 00       		.byte	0
 384 0084 00       		.byte	0
 385 0085 00       		.byte	0
 386              		.section	.debug_aranges,"",%progbits
 387 0000 14000000 		.4byte	0x14
 388 0004 0200     		.2byte	0x2
 389 0006 00000000 		.4byte	.Ldebug_info0
 390 000a 04       		.byte	0x4
 391 000b 00       		.byte	0
 392 000c 0000     		.2byte	0
 393 000e 0000     		.2byte	0
 394 0010 00000000 		.4byte	0
 395 0014 00000000 		.4byte	0
 396              		.section	.debug_line,"",%progbits
 397              	.Ldebug_line0:
 398 0000 70000000 		.section	.debug_str,"MS",%progbits,1
 398      02006A00 
ARM GAS  C:\Users\fneves\AppData\Local\Temp\cc2UnzEt.s 			page 8


 398      00000201 
 398      FB0E0D00 
 398      01010101 
 399              	.LASF24:
 400 0000 72616E67 		.ascii	"rangeCond\000"
 400      65436F6E 
 400      6400
 401              	.LASF31:
 402 000a 66696C74 		.ascii	"filterClkDivider\000"
 402      6572436C 
 402      6B446976 
 402      69646572 
 402      00
 403              	.LASF17:
 404 001b 6368616E 		.ascii	"channelBase\000"
 404      6E656C42 
 404      61736500 
 405              	.LASF35:
 406 0027 433A5C55 		.ascii	"C:\\Users\\fneves\\Documents\\PSoC Creator\\wp_1\\e"
 406      73657273 
 406      5C666E65 
 406      7665735C 
 406      446F6375 
 407 0054 6E67696E 		.ascii	"ngine_speed_sensor.cydsn\000"
 407      655F7370 
 407      6565645F 
 407      73656E73 
 407      6F722E63 
 408              	.LASF29:
 409 006d 6D697363 		.ascii	"miscConfig\000"
 409      436F6E66 
 409      696700
 410              	.LASF27:
 411 0078 73617449 		.ascii	"satIntMask\000"
 411      6E744D61 
 411      736B00
 412              	.LASF22:
 413 0083 73616D70 		.ascii	"sampleTime23\000"
 413      6C655469 
 413      6D653233 
 413      00
 414              	.LASF13:
 415 0090 666C6F61 		.ascii	"float\000"
 415      7400
 416              	.LASF7:
 417 0096 6C6F6E67 		.ascii	"long long unsigned int\000"
 417      206C6F6E 
 417      6720756E 
 417      7369676E 
 417      65642069 
 418              	.LASF1:
 419 00ad 756E7369 		.ascii	"unsigned char\000"
 419      676E6564 
 419      20636861 
 419      7200
 420              	.LASF26:
 421 00bb 72616E67 		.ascii	"rangeIntMask\000"
ARM GAS  C:\Users\fneves\AppData\Local\Temp\cc2UnzEt.s 			page 9


 421      65496E74 
 421      4D61736B 
 421      00
 422              	.LASF5:
 423 00c8 6C6F6E67 		.ascii	"long unsigned int\000"
 423      20756E73 
 423      69676E65 
 423      6420696E 
 423      7400
 424              	.LASF12:
 425 00da 696E7433 		.ascii	"int32\000"
 425      3200
 426              	.LASF30:
 427 00e0 636C6B44 		.ascii	"clkDivider\000"
 427      69766964 
 427      657200
 428              	.LASF14:
 429 00eb 646F7562 		.ascii	"double\000"
 429      6C6500
 430              	.LASF10:
 431 00f2 75696E74 		.ascii	"uint16\000"
 431      313600
 432              	.LASF21:
 433 00f9 73616D70 		.ascii	"sampleTime01\000"
 433      6C655469 
 433      6D653031 
 433      00
 434              	.LASF11:
 435 0106 75696E74 		.ascii	"uint32\000"
 435      333200
 436              	.LASF20:
 437 010d 73616D70 		.ascii	"sampleCtrl\000"
 437      6C654374 
 437      726C00
 438              	.LASF8:
 439 0118 756E7369 		.ascii	"unsigned int\000"
 439      676E6564 
 439      20696E74 
 439      00
 440              	.LASF28:
 441 0125 76726566 		.ascii	"vrefMvValue\000"
 441      4D765661 
 441      6C756500 
 442              	.LASF18:
 443 0131 6E756D43 		.ascii	"numChannels\000"
 443      68616E6E 
 443      656C7300 
 444              	.LASF33:
 445 013d 474E5520 		.ascii	"GNU C 4.9.3 20150303 (release) [ARM/embedded-4_9-br"
 445      4320342E 
 445      392E3320 
 445      32303135 
 445      30333033 
 446 0170 616E6368 		.ascii	"anch revision 221220] -mcpu=cortex-m0plus -mthumb -"
 446      20726576 
 446      6973696F 
 446      6E203232 
ARM GAS  C:\Users\fneves\AppData\Local\Temp\cc2UnzEt.s 			page 10


 446      31323230 
 447 01a3 67202D4F 		.ascii	"g -O0 -ffunction-sections -ffat-lto-objects\000"
 447      30202D66 
 447      66756E63 
 447      74696F6E 
 447      2D736563 
 448              	.LASF23:
 449 01cf 72616E67 		.ascii	"rangeThres\000"
 449      65546872 
 449      657300
 450              	.LASF19:
 451 01da 6374726C 		.ascii	"ctrl\000"
 451      00
 452              	.LASF16:
 453 01df 73697A65 		.ascii	"sizetype\000"
 453      74797065 
 453      00
 454              	.LASF36:
 455 01e8 656E6769 		.ascii	"engine_sensor_adc_allConfigs\000"
 455      6E655F73 
 455      656E736F 
 455      725F6164 
 455      635F616C 
 456              	.LASF6:
 457 0205 6C6F6E67 		.ascii	"long long int\000"
 457      206C6F6E 
 457      6720696E 
 457      7400
 458              	.LASF15:
 459 0213 63686172 		.ascii	"char\000"
 459      00
 460              	.LASF34:
 461 0218 47656E65 		.ascii	"Generated_Source\\PSoC4\\engine_sensor_adc_INIT.c\000"
 461      72617465 
 461      645F536F 
 461      75726365 
 461      5C50536F 
 462              	.LASF32:
 463 0248 656E6769 		.ascii	"engine_sensor_adc_CONFIG_STRUCT\000"
 463      6E655F73 
 463      656E736F 
 463      725F6164 
 463      635F434F 
 464              	.LASF25:
 465 0268 6368616E 		.ascii	"chanEn\000"
 465      456E00
 466              	.LASF2:
 467 026f 73686F72 		.ascii	"short int\000"
 467      7420696E 
 467      7400
 468              	.LASF9:
 469 0279 75696E74 		.ascii	"uint8\000"
 469      3800
 470              	.LASF4:
 471 027f 6C6F6E67 		.ascii	"long int\000"
 471      20696E74 
 471      00
ARM GAS  C:\Users\fneves\AppData\Local\Temp\cc2UnzEt.s 			page 11


 472              	.LASF0:
 473 0288 7369676E 		.ascii	"signed char\000"
 473      65642063 
 473      68617200 
 474              	.LASF3:
 475 0294 73686F72 		.ascii	"short unsigned int\000"
 475      7420756E 
 475      7369676E 
 475      65642069 
 475      6E7400
 476              		.ident	"GCC: (GNU Tools for ARM Embedded Processors) 4.9.3 20150303 (release) [ARM/embedded-4_9-br
