ARM GAS  C:\Users\fneves\AppData\Local\Temp\ccUasASo.s 			page 1


   1              		.cpu cortex-m0plus
   2              		.fpu softvfp
   3              		.eabi_attribute 20, 1
   4              		.eabi_attribute 21, 1
   5              		.eabi_attribute 23, 3
   6              		.eabi_attribute 24, 1
   7              		.eabi_attribute 25, 1
   8              		.eabi_attribute 26, 1
   9              		.eabi_attribute 30, 6
  10              		.eabi_attribute 34, 0
  11              		.eabi_attribute 18, 4
  12              		.code	16
  13              		.file	"event_queue.c"
  14              		.text
  15              	.Ltext0:
  16              		.cfi_sections	.debug_frame
  17              		.bss
  18              		.align	2
  19              	put_index:
  20 0000 00000000 		.space	4
  21              		.align	2
  22              	get_index:
  23 0004 00000000 		.space	4
  24              		.align	2
  25              	noof_elements:
  26 0008 00000000 		.space	4
  27              		.align	2
  28              	event_queue:
  29 000c 00000000 		.space	64
  29      00000000 
  29      00000000 
  29      00000000 
  29      00000000 
  30              		.section	.text.event_queue_init,"ax",%progbits
  31              		.align	2
  32              		.global	event_queue_init
  33              		.code	16
  34              		.thumb_func
  35              		.type	event_queue_init, %function
  36              	event_queue_init:
  37              	.LFB67:
  38              		.file 1 "event_queue.c"
   1:event_queue.c **** /**
   2:event_queue.c ****  * @brief event queue interface file
   3:event_queue.c ****  */
   4:event_queue.c **** #include <project.h>
   5:event_queue.c **** #include "event_queue.h"
   6:event_queue.c **** 
   7:event_queue.c **** /**
   8:event_queue.c ****  * private variables 
   9:event_queue.c ****  */
  10:event_queue.c **** static int put_index = 0;
  11:event_queue.c **** static int get_index = 0;
  12:event_queue.c **** static int noof_elements = 0;
  13:event_queue.c **** static system_event_t event_queue[EVENT_QUEUE_LEN] = {KNO_EVENT};
  14:event_queue.c **** 
  15:event_queue.c **** 
ARM GAS  C:\Users\fneves\AppData\Local\Temp\ccUasASo.s 			page 2


  16:event_queue.c **** /**
  17:event_queue.c ****  * public functions 
  18:event_queue.c ****  */
  19:event_queue.c **** int event_queue_init(void)
  20:event_queue.c **** {
  39              		.loc 1 20 0
  40              		.cfi_startproc
  41 0000 80B5     		push	{r7, lr}
  42              		.cfi_def_cfa_offset 8
  43              		.cfi_offset 7, -8
  44              		.cfi_offset 14, -4
  45 0002 00AF     		add	r7, sp, #0
  46              		.cfi_def_cfa_register 7
  21:event_queue.c ****    /* not needed */
  22:event_queue.c ****    return 0;
  47              		.loc 1 22 0
  48 0004 0023     		mov	r3, #0
  23:event_queue.c **** }
  49              		.loc 1 23 0
  50 0006 181C     		mov	r0, r3
  51 0008 BD46     		mov	sp, r7
  52              		@ sp needed
  53 000a 80BD     		pop	{r7, pc}
  54              		.cfi_endproc
  55              	.LFE67:
  56              		.size	event_queue_init, .-event_queue_init
  57              		.section	.text.event_queue_peek,"ax",%progbits
  58              		.align	2
  59              		.global	event_queue_peek
  60              		.code	16
  61              		.thumb_func
  62              		.type	event_queue_peek, %function
  63              	event_queue_peek:
  64              	.LFB68:
  24:event_queue.c **** system_event_t event_queue_peek(void)
  25:event_queue.c **** {
  65              		.loc 1 25 0
  66              		.cfi_startproc
  67 0000 90B5     		push	{r4, r7, lr}
  68              		.cfi_def_cfa_offset 12
  69              		.cfi_offset 4, -12
  70              		.cfi_offset 7, -8
  71              		.cfi_offset 14, -4
  72 0002 83B0     		sub	sp, sp, #12
  73              		.cfi_def_cfa_offset 24
  74 0004 00AF     		add	r7, sp, #0
  75              		.cfi_def_cfa_register 7
  26:event_queue.c ****     uint8_t isr_key = CyEnterCriticalSection();
  76              		.loc 1 26 0
  77 0006 FC1D     		add	r4, r7, #7
  78 0008 FFF7FEFF 		bl	CyEnterCriticalSection
  79 000c 031C     		mov	r3, r0
  80 000e 2370     		strb	r3, [r4]
  27:event_queue.c ****     system_event_t ret = (noof_elements == 0)? KNO_EVENT : event_queue[get_index];
  81              		.loc 1 27 0
  82 0010 0B4B     		ldr	r3, .L7
  83 0012 1B68     		ldr	r3, [r3]
ARM GAS  C:\Users\fneves\AppData\Local\Temp\ccUasASo.s 			page 3


  84 0014 002B     		cmp	r3, #0
  85 0016 04D0     		beq	.L4
  86              		.loc 1 27 0 is_stmt 0 discriminator 1
  87 0018 0A4B     		ldr	r3, .L7+4
  88 001a 1B68     		ldr	r3, [r3]
  89 001c 0A4A     		ldr	r2, .L7+8
  90 001e D25C     		ldrb	r2, [r2, r3]
  91 0020 00E0     		b	.L5
  92              	.L4:
  93              		.loc 1 27 0 discriminator 2
  94 0022 0022     		mov	r2, #0
  95              	.L5:
  96              		.loc 1 27 0 discriminator 4
  97 0024 BB1D     		add	r3, r7, #6
  98 0026 1A70     		strb	r2, [r3]
  28:event_queue.c ****     CyExitCriticalSection(isr_key);
  99              		.loc 1 28 0 is_stmt 1 discriminator 4
 100 0028 FB1D     		add	r3, r7, #7
 101 002a 1B78     		ldrb	r3, [r3]
 102 002c 181C     		mov	r0, r3
 103 002e FFF7FEFF 		bl	CyExitCriticalSection
  29:event_queue.c ****     return(ret);
 104              		.loc 1 29 0 discriminator 4
 105 0032 BB1D     		add	r3, r7, #6
 106 0034 1B78     		ldrb	r3, [r3]
  30:event_queue.c **** }
 107              		.loc 1 30 0 discriminator 4
 108 0036 181C     		mov	r0, r3
 109 0038 BD46     		mov	sp, r7
 110 003a 03B0     		add	sp, sp, #12
 111              		@ sp needed
 112 003c 90BD     		pop	{r4, r7, pc}
 113              	.L8:
 114 003e C046     		.align	2
 115              	.L7:
 116 0040 08000000 		.word	noof_elements
 117 0044 04000000 		.word	get_index
 118 0048 0C000000 		.word	event_queue
 119              		.cfi_endproc
 120              	.LFE68:
 121              		.size	event_queue_peek, .-event_queue_peek
 122              		.section	.text.event_queue_get,"ax",%progbits
 123              		.align	2
 124              		.global	event_queue_get
 125              		.code	16
 126              		.thumb_func
 127              		.type	event_queue_get, %function
 128              	event_queue_get:
 129              	.LFB69:
  31:event_queue.c **** system_event_t event_queue_get(void)
  32:event_queue.c **** {
 130              		.loc 1 32 0
 131              		.cfi_startproc
 132 0000 90B5     		push	{r4, r7, lr}
 133              		.cfi_def_cfa_offset 12
 134              		.cfi_offset 4, -12
 135              		.cfi_offset 7, -8
ARM GAS  C:\Users\fneves\AppData\Local\Temp\ccUasASo.s 			page 4


 136              		.cfi_offset 14, -4
 137 0002 83B0     		sub	sp, sp, #12
 138              		.cfi_def_cfa_offset 24
 139 0004 00AF     		add	r7, sp, #0
 140              		.cfi_def_cfa_register 7
  33:event_queue.c ****     system_event_t ret = (noof_elements == 0)? KNO_EVENT : event_queue[get_index];
 141              		.loc 1 33 0
 142 0006 194B     		ldr	r3, .L15
 143 0008 1B68     		ldr	r3, [r3]
 144 000a 002B     		cmp	r3, #0
 145 000c 04D0     		beq	.L10
 146              		.loc 1 33 0 is_stmt 0 discriminator 1
 147 000e 184B     		ldr	r3, .L15+4
 148 0010 1B68     		ldr	r3, [r3]
 149 0012 184A     		ldr	r2, .L15+8
 150 0014 D25C     		ldrb	r2, [r2, r3]
 151 0016 00E0     		b	.L11
 152              	.L10:
 153              		.loc 1 33 0 discriminator 2
 154 0018 0022     		mov	r2, #0
 155              	.L11:
 156              		.loc 1 33 0 discriminator 4
 157 001a FB1D     		add	r3, r7, #7
 158 001c 1A70     		strb	r2, [r3]
  34:event_queue.c ****     if(ret != KNO_EVENT) {
 159              		.loc 1 34 0 is_stmt 1 discriminator 4
 160 001e FB1D     		add	r3, r7, #7
 161 0020 1B78     		ldrb	r3, [r3]
 162 0022 002B     		cmp	r3, #0
 163 0024 1CD0     		beq	.L12
 164              	.LBB2:
  35:event_queue.c ****         uint8_t isr_key = CyEnterCriticalSection();
 165              		.loc 1 35 0
 166 0026 BC1D     		add	r4, r7, #6
 167 0028 FFF7FEFF 		bl	CyEnterCriticalSection
 168 002c 031C     		mov	r3, r0
 169 002e 2370     		strb	r3, [r4]
  36:event_queue.c ****         get_index = (get_index + 1) % EVENT_QUEUE_LEN;
 170              		.loc 1 36 0
 171 0030 0F4B     		ldr	r3, .L15+4
 172 0032 1B68     		ldr	r3, [r3]
 173 0034 0133     		add	r3, r3, #1
 174 0036 104A     		ldr	r2, .L15+12
 175 0038 1340     		and	r3, r2
 176 003a 04D5     		bpl	.L13
 177 003c 013B     		sub	r3, r3, #1
 178 003e 4022     		mov	r2, #64
 179 0040 5242     		neg	r2, r2
 180 0042 1343     		orr	r3, r2
 181 0044 0133     		add	r3, r3, #1
 182              	.L13:
 183 0046 1A1C     		mov	r2, r3
 184 0048 094B     		ldr	r3, .L15+4
 185 004a 1A60     		str	r2, [r3]
  37:event_queue.c ****         noof_elements--;
 186              		.loc 1 37 0
 187 004c 074B     		ldr	r3, .L15
ARM GAS  C:\Users\fneves\AppData\Local\Temp\ccUasASo.s 			page 5


 188 004e 1B68     		ldr	r3, [r3]
 189 0050 5A1E     		sub	r2, r3, #1
 190 0052 064B     		ldr	r3, .L15
 191 0054 1A60     		str	r2, [r3]
  38:event_queue.c ****         CyExitCriticalSection(isr_key);
 192              		.loc 1 38 0
 193 0056 BB1D     		add	r3, r7, #6
 194 0058 1B78     		ldrb	r3, [r3]
 195 005a 181C     		mov	r0, r3
 196 005c FFF7FEFF 		bl	CyExitCriticalSection
 197              	.L12:
 198              	.LBE2:
  39:event_queue.c ****     }
  40:event_queue.c ****     return(ret);
 199              		.loc 1 40 0
 200 0060 FB1D     		add	r3, r7, #7
 201 0062 1B78     		ldrb	r3, [r3]
  41:event_queue.c **** }
 202              		.loc 1 41 0
 203 0064 181C     		mov	r0, r3
 204 0066 BD46     		mov	sp, r7
 205 0068 03B0     		add	sp, sp, #12
 206              		@ sp needed
 207 006a 90BD     		pop	{r4, r7, pc}
 208              	.L16:
 209              		.align	2
 210              	.L15:
 211 006c 08000000 		.word	noof_elements
 212 0070 04000000 		.word	get_index
 213 0074 0C000000 		.word	event_queue
 214 0078 3F000080 		.word	-2147483585
 215              		.cfi_endproc
 216              	.LFE69:
 217              		.size	event_queue_get, .-event_queue_get
 218              		.section	.text.event_queue_put,"ax",%progbits
 219              		.align	2
 220              		.global	event_queue_put
 221              		.code	16
 222              		.thumb_func
 223              		.type	event_queue_put, %function
 224              	event_queue_put:
 225              	.LFB70:
  42:event_queue.c **** int event_queue_put(system_event_t ev)
  43:event_queue.c **** {
 226              		.loc 1 43 0
 227              		.cfi_startproc
 228 0000 90B5     		push	{r4, r7, lr}
 229              		.cfi_def_cfa_offset 12
 230              		.cfi_offset 4, -12
 231              		.cfi_offset 7, -8
 232              		.cfi_offset 14, -4
 233 0002 85B0     		sub	sp, sp, #20
 234              		.cfi_def_cfa_offset 32
 235 0004 00AF     		add	r7, sp, #0
 236              		.cfi_def_cfa_register 7
 237 0006 021C     		mov	r2, r0
 238 0008 FB1D     		add	r3, r7, #7
ARM GAS  C:\Users\fneves\AppData\Local\Temp\ccUasASo.s 			page 6


 239 000a 1A70     		strb	r2, [r3]
  44:event_queue.c ****     int ret = 0;
 240              		.loc 1 44 0
 241 000c 0023     		mov	r3, #0
 242 000e FB60     		str	r3, [r7, #12]
  45:event_queue.c ****     
  46:event_queue.c ****     if(noof_elements < EVENT_QUEUE_LEN) {
 243              		.loc 1 46 0
 244 0010 184B     		ldr	r3, .L22
 245 0012 1B68     		ldr	r3, [r3]
 246 0014 3F2B     		cmp	r3, #63
 247 0016 25DC     		bgt	.L18
 248              	.LBB3:
  47:event_queue.c ****         /* send event to the most back position of queue */
  48:event_queue.c ****         uint8_t isr_key = CyEnterCriticalSection();
 249              		.loc 1 48 0
 250 0018 0B23     		mov	r3, #11
 251 001a FC18     		add	r4, r7, r3
 252 001c FFF7FEFF 		bl	CyEnterCriticalSection
 253 0020 031C     		mov	r3, r0
 254 0022 2370     		strb	r3, [r4]
  49:event_queue.c ****         event_queue[put_index] = ev;
 255              		.loc 1 49 0
 256 0024 144B     		ldr	r3, .L22+4
 257 0026 1B68     		ldr	r3, [r3]
 258 0028 144A     		ldr	r2, .L22+8
 259 002a F91D     		add	r1, r7, #7
 260 002c 0978     		ldrb	r1, [r1]
 261 002e D154     		strb	r1, [r2, r3]
  50:event_queue.c ****         put_index = (put_index + 1) % EVENT_QUEUE_LEN;
 262              		.loc 1 50 0
 263 0030 114B     		ldr	r3, .L22+4
 264 0032 1B68     		ldr	r3, [r3]
 265 0034 0133     		add	r3, r3, #1
 266 0036 124A     		ldr	r2, .L22+12
 267 0038 1340     		and	r3, r2
 268 003a 04D5     		bpl	.L19
 269 003c 013B     		sub	r3, r3, #1
 270 003e 4022     		mov	r2, #64
 271 0040 5242     		neg	r2, r2
 272 0042 1343     		orr	r3, r2
 273 0044 0133     		add	r3, r3, #1
 274              	.L19:
 275 0046 1A1C     		mov	r2, r3
 276 0048 0B4B     		ldr	r3, .L22+4
 277 004a 1A60     		str	r2, [r3]
  51:event_queue.c ****         noof_elements++;
 278              		.loc 1 51 0
 279 004c 094B     		ldr	r3, .L22
 280 004e 1B68     		ldr	r3, [r3]
 281 0050 5A1C     		add	r2, r3, #1
 282 0052 084B     		ldr	r3, .L22
 283 0054 1A60     		str	r2, [r3]
  52:event_queue.c ****         CyExitCriticalSection(isr_key);
 284              		.loc 1 52 0
 285 0056 0B23     		mov	r3, #11
 286 0058 FB18     		add	r3, r7, r3
ARM GAS  C:\Users\fneves\AppData\Local\Temp\ccUasASo.s 			page 7


 287 005a 1B78     		ldrb	r3, [r3]
 288 005c 181C     		mov	r0, r3
 289 005e FFF7FEFF 		bl	CyExitCriticalSection
 290              	.LBE3:
 291 0062 02E0     		b	.L20
 292              	.L18:
  53:event_queue.c ****     } else {
  54:event_queue.c ****         /* event queue full */
  55:event_queue.c ****         ret = -1;
 293              		.loc 1 55 0
 294 0064 0123     		mov	r3, #1
 295 0066 5B42     		neg	r3, r3
 296 0068 FB60     		str	r3, [r7, #12]
 297              	.L20:
  56:event_queue.c ****     }
  57:event_queue.c ****     
  58:event_queue.c ****     return(ret);    
 298              		.loc 1 58 0
 299 006a FB68     		ldr	r3, [r7, #12]
  59:event_queue.c **** }...
 300              		.loc 1 59 0
 301 006c 181C     		mov	r0, r3
 302 006e BD46     		mov	sp, r7
 303 0070 05B0     		add	sp, sp, #20
 304              		@ sp needed
 305 0072 90BD     		pop	{r4, r7, pc}
 306              	.L23:
 307              		.align	2
 308              	.L22:
 309 0074 08000000 		.word	noof_elements
 310 0078 00000000 		.word	put_index
 311 007c 0C000000 		.word	event_queue
 312 0080 3F000080 		.word	-2147483585
 313              		.cfi_endproc
 314              	.LFE70:
 315              		.size	event_queue_put, .-event_queue_put
 316              		.text
 317              	.Letext0:
 318              		.file 2 "c:\\program files (x86)\\cypress\\psoc creator\\4.0\\psoc creator\\import\\gnu\\arm\\4.9.
 319              		.file 3 "c:\\program files (x86)\\cypress\\psoc creator\\4.0\\psoc creator\\import\\gnu\\arm\\4.9.
 320              		.file 4 "Generated_Source\\PSoC4/cytypes.h"
 321              		.file 5 "event_queue.h"
 322              		.section	.debug_info,"",%progbits
 323              	.Ldebug_info0:
 324 0000 28020000 		.4byte	0x228
 325 0004 0400     		.2byte	0x4
 326 0006 00000000 		.4byte	.Ldebug_abbrev0
 327 000a 04       		.byte	0x4
 328 000b 01       		.uleb128 0x1
 329 000c 97010000 		.4byte	.LASF34
 330 0010 01       		.byte	0x1
 331 0011 C2000000 		.4byte	.LASF35
 332 0015 20000000 		.4byte	.LASF36
 333 0019 00000000 		.4byte	.Ldebug_ranges0+0
 334 001d 00000000 		.4byte	0
 335 0021 00000000 		.4byte	.Ldebug_line0
 336 0025 02       		.uleb128 0x2
ARM GAS  C:\Users\fneves\AppData\Local\Temp\ccUasASo.s 			page 8


 337 0026 01       		.byte	0x1
 338 0027 06       		.byte	0x6
 339 0028 93020000 		.4byte	.LASF0
 340 002c 03       		.uleb128 0x3
 341 002d 16000000 		.4byte	.LASF9
 342 0031 02       		.byte	0x2
 343 0032 1D       		.byte	0x1d
 344 0033 37000000 		.4byte	0x37
 345 0037 02       		.uleb128 0x2
 346 0038 01       		.byte	0x1
 347 0039 08       		.byte	0x8
 348 003a B4000000 		.4byte	.LASF1
 349 003e 02       		.uleb128 0x2
 350 003f 02       		.byte	0x2
 351 0040 05       		.byte	0x5
 352 0041 69020000 		.4byte	.LASF2
 353 0045 02       		.uleb128 0x2
 354 0046 02       		.byte	0x2
 355 0047 07       		.byte	0x7
 356 0048 66000000 		.4byte	.LASF3
 357 004c 02       		.uleb128 0x2
 358 004d 04       		.byte	0x4
 359 004e 05       		.byte	0x5
 360 004f 79020000 		.4byte	.LASF4
 361 0053 02       		.uleb128 0x2
 362 0054 04       		.byte	0x4
 363 0055 07       		.byte	0x7
 364 0056 EA000000 		.4byte	.LASF5
 365 005a 02       		.uleb128 0x2
 366 005b 08       		.byte	0x8
 367 005c 05       		.byte	0x5
 368 005d 00000000 		.4byte	.LASF6
 369 0061 02       		.uleb128 0x2
 370 0062 08       		.byte	0x8
 371 0063 07       		.byte	0x7
 372 0064 9D000000 		.4byte	.LASF7
 373 0068 04       		.uleb128 0x4
 374 0069 04       		.byte	0x4
 375 006a 05       		.byte	0x5
 376 006b 696E7400 		.ascii	"int\000"
 377 006f 02       		.uleb128 0x2
 378 0070 04       		.byte	0x4
 379 0071 07       		.byte	0x7
 380 0072 58010000 		.4byte	.LASF8
 381 0076 03       		.uleb128 0x3
 382 0077 79000000 		.4byte	.LASF10
 383 007b 03       		.byte	0x3
 384 007c 15       		.byte	0x15
 385 007d 2C000000 		.4byte	0x2c
 386 0081 05       		.uleb128 0x5
 387 0082 73020000 		.4byte	.LASF11
 388 0086 04       		.byte	0x4
 389 0087 B901     		.2byte	0x1b9
 390 0089 37000000 		.4byte	0x37
 391 008d 05       		.uleb128 0x5
 392 008e 51010000 		.4byte	.LASF12
 393 0092 04       		.byte	0x4
ARM GAS  C:\Users\fneves\AppData\Local\Temp\ccUasASo.s 			page 9


 394 0093 BB01     		.2byte	0x1bb
 395 0095 53000000 		.4byte	0x53
 396 0099 05       		.uleb128 0x5
 397 009a 29020000 		.4byte	.LASF13
 398 009e 04       		.byte	0x4
 399 009f BE01     		.2byte	0x1be
 400 00a1 4C000000 		.4byte	0x4c
 401 00a5 02       		.uleb128 0x2
 402 00a6 04       		.byte	0x4
 403 00a7 04       		.byte	0x4
 404 00a8 97000000 		.4byte	.LASF14
 405 00ac 02       		.uleb128 0x2
 406 00ad 08       		.byte	0x8
 407 00ae 04       		.byte	0x4
 408 00af 2D010000 		.4byte	.LASF15
 409 00b3 02       		.uleb128 0x2
 410 00b4 01       		.byte	0x1
 411 00b5 08       		.byte	0x8
 412 00b6 79010000 		.4byte	.LASF16
 413 00ba 02       		.uleb128 0x2
 414 00bb 04       		.byte	0x4
 415 00bc 07       		.byte	0x7
 416 00bd 2F020000 		.4byte	.LASF17
 417 00c1 06       		.uleb128 0x6
 418 00c2 01       		.byte	0x1
 419 00c3 05       		.byte	0x5
 420 00c4 09       		.byte	0x9
 421 00c5 F4000000 		.4byte	0xf4
 422 00c9 07       		.uleb128 0x7
 423 00ca D0000000 		.4byte	.LASF18
 424 00ce 00       		.sleb128 0
 425 00cf 07       		.uleb128 0x7
 426 00d0 34010000 		.4byte	.LASF19
 427 00d4 01       		.sleb128 1
 428 00d5 07       		.uleb128 0x7
 429 00d6 1C010000 		.4byte	.LASF20
 430 00da 02       		.sleb128 2
 431 00db 07       		.uleb128 0x7
 432 00dc 49020000 		.4byte	.LASF21
 433 00e0 03       		.sleb128 3
 434 00e1 07       		.uleb128 0x7
 435 00e2 3F010000 		.4byte	.LASF22
 436 00e6 04       		.sleb128 4
 437 00e7 07       		.uleb128 0x7
 438 00e8 FC000000 		.4byte	.LASF23
 439 00ec 05       		.sleb128 5
 440 00ed 07       		.uleb128 0x7
 441 00ee 65010000 		.4byte	.LASF24
 442 00f2 06       		.sleb128 6
 443 00f3 00       		.byte	0
 444 00f4 03       		.uleb128 0x3
 445 00f5 7E010000 		.4byte	.LASF25
 446 00f9 05       		.byte	0x5
 447 00fa 11       		.byte	0x11
 448 00fb C1000000 		.4byte	0xc1
 449 00ff 08       		.uleb128 0x8
 450 0100 38020000 		.4byte	.LASF37
ARM GAS  C:\Users\fneves\AppData\Local\Temp\ccUasASo.s 			page 10


 451 0104 01       		.byte	0x1
 452 0105 13       		.byte	0x13
 453 0106 68000000 		.4byte	0x68
 454 010a 00000000 		.4byte	.LFB67
 455 010e 0C000000 		.4byte	.LFE67-.LFB67
 456 0112 01       		.uleb128 0x1
 457 0113 9C       		.byte	0x9c
 458 0114 09       		.uleb128 0x9
 459 0115 82020000 		.4byte	.LASF27
 460 0119 01       		.byte	0x1
 461 011a 18       		.byte	0x18
 462 011b F4000000 		.4byte	0xf4
 463 011f 00000000 		.4byte	.LFB68
 464 0123 4C000000 		.4byte	.LFE68-.LFB68
 465 0127 01       		.uleb128 0x1
 466 0128 9C       		.byte	0x9c
 467 0129 4A010000 		.4byte	0x14a
 468 012d 0A       		.uleb128 0xa
 469 012e 0E000000 		.4byte	.LASF26
 470 0132 01       		.byte	0x1
 471 0133 1A       		.byte	0x1a
 472 0134 76000000 		.4byte	0x76
 473 0138 02       		.uleb128 0x2
 474 0139 91       		.byte	0x91
 475 013a 6F       		.sleb128 -17
 476 013b 0B       		.uleb128 0xb
 477 013c 72657400 		.ascii	"ret\000"
 478 0140 01       		.byte	0x1
 479 0141 1B       		.byte	0x1b
 480 0142 F4000000 		.4byte	0xf4
 481 0146 02       		.uleb128 0x2
 482 0147 91       		.byte	0x91
 483 0148 6E       		.sleb128 -18
 484 0149 00       		.byte	0
 485 014a 09       		.uleb128 0x9
 486 014b 59020000 		.4byte	.LASF28
 487 014f 01       		.byte	0x1
 488 0150 1F       		.byte	0x1f
 489 0151 F4000000 		.4byte	0xf4
 490 0155 00000000 		.4byte	.LFB69
 491 0159 7C000000 		.4byte	.LFE69-.LFB69
 492 015d 01       		.uleb128 0x1
 493 015e 9C       		.byte	0x9c
 494 015f 8A010000 		.4byte	0x18a
 495 0163 0B       		.uleb128 0xb
 496 0164 72657400 		.ascii	"ret\000"
 497 0168 01       		.byte	0x1
 498 0169 21       		.byte	0x21
 499 016a F4000000 		.4byte	0xf4
 500 016e 02       		.uleb128 0x2
 501 016f 91       		.byte	0x91
 502 0170 6F       		.sleb128 -17
 503 0171 0C       		.uleb128 0xc
 504 0172 26000000 		.4byte	.LBB2
 505 0176 3A000000 		.4byte	.LBE2-.LBB2
 506 017a 0A       		.uleb128 0xa
 507 017b 0E000000 		.4byte	.LASF26
ARM GAS  C:\Users\fneves\AppData\Local\Temp\ccUasASo.s 			page 11


 508 017f 01       		.byte	0x1
 509 0180 23       		.byte	0x23
 510 0181 76000000 		.4byte	0x76
 511 0185 02       		.uleb128 0x2
 512 0186 91       		.byte	0x91
 513 0187 6E       		.sleb128 -18
 514 0188 00       		.byte	0
 515 0189 00       		.byte	0
 516 018a 09       		.uleb128 0x9
 517 018b DA000000 		.4byte	.LASF29
 518 018f 01       		.byte	0x1
 519 0190 2A       		.byte	0x2a
 520 0191 68000000 		.4byte	0x68
 521 0195 00000000 		.4byte	.LFB70
 522 0199 84000000 		.4byte	.LFE70-.LFB70
 523 019d 01       		.uleb128 0x1
 524 019e 9C       		.byte	0x9c
 525 019f D7010000 		.4byte	0x1d7
 526 01a3 0D       		.uleb128 0xd
 527 01a4 657600   		.ascii	"ev\000"
 528 01a7 01       		.byte	0x1
 529 01a8 2A       		.byte	0x2a
 530 01a9 F4000000 		.4byte	0xf4
 531 01ad 02       		.uleb128 0x2
 532 01ae 91       		.byte	0x91
 533 01af 67       		.sleb128 -25
 534 01b0 0B       		.uleb128 0xb
 535 01b1 72657400 		.ascii	"ret\000"
 536 01b5 01       		.byte	0x1
 537 01b6 2C       		.byte	0x2c
 538 01b7 68000000 		.4byte	0x68
 539 01bb 02       		.uleb128 0x2
 540 01bc 91       		.byte	0x91
 541 01bd 6C       		.sleb128 -20
 542 01be 0C       		.uleb128 0xc
 543 01bf 18000000 		.4byte	.LBB3
 544 01c3 4A000000 		.4byte	.LBE3-.LBB3
 545 01c7 0A       		.uleb128 0xa
 546 01c8 0E000000 		.4byte	.LASF26
 547 01cc 01       		.byte	0x1
 548 01cd 30       		.byte	0x30
 549 01ce 76000000 		.4byte	0x76
 550 01d2 02       		.uleb128 0x2
 551 01d3 91       		.byte	0x91
 552 01d4 6B       		.sleb128 -21
 553 01d5 00       		.byte	0
 554 01d6 00       		.byte	0
 555 01d7 0A       		.uleb128 0xa
 556 01d8 81000000 		.4byte	.LASF30
 557 01dc 01       		.byte	0x1
 558 01dd 0A       		.byte	0xa
 559 01de 68000000 		.4byte	0x68
 560 01e2 05       		.uleb128 0x5
 561 01e3 03       		.byte	0x3
 562 01e4 00000000 		.4byte	put_index
 563 01e8 0A       		.uleb128 0xa
 564 01e9 8D010000 		.4byte	.LASF31
ARM GAS  C:\Users\fneves\AppData\Local\Temp\ccUasASo.s 			page 12


 565 01ed 01       		.byte	0x1
 566 01ee 0B       		.byte	0xb
 567 01ef 68000000 		.4byte	0x68
 568 01f3 05       		.uleb128 0x5
 569 01f4 03       		.byte	0x3
 570 01f5 04000000 		.4byte	get_index
 571 01f9 0A       		.uleb128 0xa
 572 01fa 0E010000 		.4byte	.LASF32
 573 01fe 01       		.byte	0x1
 574 01ff 0C       		.byte	0xc
 575 0200 68000000 		.4byte	0x68
 576 0204 05       		.uleb128 0x5
 577 0205 03       		.byte	0x3
 578 0206 08000000 		.4byte	noof_elements
 579 020a 0E       		.uleb128 0xe
 580 020b F4000000 		.4byte	0xf4
 581 020f 1A020000 		.4byte	0x21a
 582 0213 0F       		.uleb128 0xf
 583 0214 BA000000 		.4byte	0xba
 584 0218 3F       		.byte	0x3f
 585 0219 00       		.byte	0
 586 021a 0A       		.uleb128 0xa
 587 021b 8B000000 		.4byte	.LASF33
 588 021f 01       		.byte	0x1
 589 0220 0D       		.byte	0xd
 590 0221 0A020000 		.4byte	0x20a
 591 0225 05       		.uleb128 0x5
 592 0226 03       		.byte	0x3
 593 0227 0C000000 		.4byte	event_queue
 594 022b 00       		.byte	0
 595              		.section	.debug_abbrev,"",%progbits
 596              	.Ldebug_abbrev0:
 597 0000 01       		.uleb128 0x1
 598 0001 11       		.uleb128 0x11
 599 0002 01       		.byte	0x1
 600 0003 25       		.uleb128 0x25
 601 0004 0E       		.uleb128 0xe
 602 0005 13       		.uleb128 0x13
 603 0006 0B       		.uleb128 0xb
 604 0007 03       		.uleb128 0x3
 605 0008 0E       		.uleb128 0xe
 606 0009 1B       		.uleb128 0x1b
 607 000a 0E       		.uleb128 0xe
 608 000b 55       		.uleb128 0x55
 609 000c 17       		.uleb128 0x17
 610 000d 11       		.uleb128 0x11
 611 000e 01       		.uleb128 0x1
 612 000f 10       		.uleb128 0x10
 613 0010 17       		.uleb128 0x17
 614 0011 00       		.byte	0
 615 0012 00       		.byte	0
 616 0013 02       		.uleb128 0x2
 617 0014 24       		.uleb128 0x24
 618 0015 00       		.byte	0
 619 0016 0B       		.uleb128 0xb
 620 0017 0B       		.uleb128 0xb
 621 0018 3E       		.uleb128 0x3e
ARM GAS  C:\Users\fneves\AppData\Local\Temp\ccUasASo.s 			page 13


 622 0019 0B       		.uleb128 0xb
 623 001a 03       		.uleb128 0x3
 624 001b 0E       		.uleb128 0xe
 625 001c 00       		.byte	0
 626 001d 00       		.byte	0
 627 001e 03       		.uleb128 0x3
 628 001f 16       		.uleb128 0x16
 629 0020 00       		.byte	0
 630 0021 03       		.uleb128 0x3
 631 0022 0E       		.uleb128 0xe
 632 0023 3A       		.uleb128 0x3a
 633 0024 0B       		.uleb128 0xb
 634 0025 3B       		.uleb128 0x3b
 635 0026 0B       		.uleb128 0xb
 636 0027 49       		.uleb128 0x49
 637 0028 13       		.uleb128 0x13
 638 0029 00       		.byte	0
 639 002a 00       		.byte	0
 640 002b 04       		.uleb128 0x4
 641 002c 24       		.uleb128 0x24
 642 002d 00       		.byte	0
 643 002e 0B       		.uleb128 0xb
 644 002f 0B       		.uleb128 0xb
 645 0030 3E       		.uleb128 0x3e
 646 0031 0B       		.uleb128 0xb
 647 0032 03       		.uleb128 0x3
 648 0033 08       		.uleb128 0x8
 649 0034 00       		.byte	0
 650 0035 00       		.byte	0
 651 0036 05       		.uleb128 0x5
 652 0037 16       		.uleb128 0x16
 653 0038 00       		.byte	0
 654 0039 03       		.uleb128 0x3
 655 003a 0E       		.uleb128 0xe
 656 003b 3A       		.uleb128 0x3a
 657 003c 0B       		.uleb128 0xb
 658 003d 3B       		.uleb128 0x3b
 659 003e 05       		.uleb128 0x5
 660 003f 49       		.uleb128 0x49
 661 0040 13       		.uleb128 0x13
 662 0041 00       		.byte	0
 663 0042 00       		.byte	0
 664 0043 06       		.uleb128 0x6
 665 0044 04       		.uleb128 0x4
 666 0045 01       		.byte	0x1
 667 0046 0B       		.uleb128 0xb
 668 0047 0B       		.uleb128 0xb
 669 0048 3A       		.uleb128 0x3a
 670 0049 0B       		.uleb128 0xb
 671 004a 3B       		.uleb128 0x3b
 672 004b 0B       		.uleb128 0xb
 673 004c 01       		.uleb128 0x1
 674 004d 13       		.uleb128 0x13
 675 004e 00       		.byte	0
 676 004f 00       		.byte	0
 677 0050 07       		.uleb128 0x7
 678 0051 28       		.uleb128 0x28
ARM GAS  C:\Users\fneves\AppData\Local\Temp\ccUasASo.s 			page 14


 679 0052 00       		.byte	0
 680 0053 03       		.uleb128 0x3
 681 0054 0E       		.uleb128 0xe
 682 0055 1C       		.uleb128 0x1c
 683 0056 0D       		.uleb128 0xd
 684 0057 00       		.byte	0
 685 0058 00       		.byte	0
 686 0059 08       		.uleb128 0x8
 687 005a 2E       		.uleb128 0x2e
 688 005b 00       		.byte	0
 689 005c 3F       		.uleb128 0x3f
 690 005d 19       		.uleb128 0x19
 691 005e 03       		.uleb128 0x3
 692 005f 0E       		.uleb128 0xe
 693 0060 3A       		.uleb128 0x3a
 694 0061 0B       		.uleb128 0xb
 695 0062 3B       		.uleb128 0x3b
 696 0063 0B       		.uleb128 0xb
 697 0064 27       		.uleb128 0x27
 698 0065 19       		.uleb128 0x19
 699 0066 49       		.uleb128 0x49
 700 0067 13       		.uleb128 0x13
 701 0068 11       		.uleb128 0x11
 702 0069 01       		.uleb128 0x1
 703 006a 12       		.uleb128 0x12
 704 006b 06       		.uleb128 0x6
 705 006c 40       		.uleb128 0x40
 706 006d 18       		.uleb128 0x18
 707 006e 9742     		.uleb128 0x2117
 708 0070 19       		.uleb128 0x19
 709 0071 00       		.byte	0
 710 0072 00       		.byte	0
 711 0073 09       		.uleb128 0x9
 712 0074 2E       		.uleb128 0x2e
 713 0075 01       		.byte	0x1
 714 0076 3F       		.uleb128 0x3f
 715 0077 19       		.uleb128 0x19
 716 0078 03       		.uleb128 0x3
 717 0079 0E       		.uleb128 0xe
 718 007a 3A       		.uleb128 0x3a
 719 007b 0B       		.uleb128 0xb
 720 007c 3B       		.uleb128 0x3b
 721 007d 0B       		.uleb128 0xb
 722 007e 27       		.uleb128 0x27
 723 007f 19       		.uleb128 0x19
 724 0080 49       		.uleb128 0x49
 725 0081 13       		.uleb128 0x13
 726 0082 11       		.uleb128 0x11
 727 0083 01       		.uleb128 0x1
 728 0084 12       		.uleb128 0x12
 729 0085 06       		.uleb128 0x6
 730 0086 40       		.uleb128 0x40
 731 0087 18       		.uleb128 0x18
 732 0088 9642     		.uleb128 0x2116
 733 008a 19       		.uleb128 0x19
 734 008b 01       		.uleb128 0x1
 735 008c 13       		.uleb128 0x13
ARM GAS  C:\Users\fneves\AppData\Local\Temp\ccUasASo.s 			page 15


 736 008d 00       		.byte	0
 737 008e 00       		.byte	0
 738 008f 0A       		.uleb128 0xa
 739 0090 34       		.uleb128 0x34
 740 0091 00       		.byte	0
 741 0092 03       		.uleb128 0x3
 742 0093 0E       		.uleb128 0xe
 743 0094 3A       		.uleb128 0x3a
 744 0095 0B       		.uleb128 0xb
 745 0096 3B       		.uleb128 0x3b
 746 0097 0B       		.uleb128 0xb
 747 0098 49       		.uleb128 0x49
 748 0099 13       		.uleb128 0x13
 749 009a 02       		.uleb128 0x2
 750 009b 18       		.uleb128 0x18
 751 009c 00       		.byte	0
 752 009d 00       		.byte	0
 753 009e 0B       		.uleb128 0xb
 754 009f 34       		.uleb128 0x34
 755 00a0 00       		.byte	0
 756 00a1 03       		.uleb128 0x3
 757 00a2 08       		.uleb128 0x8
 758 00a3 3A       		.uleb128 0x3a
 759 00a4 0B       		.uleb128 0xb
 760 00a5 3B       		.uleb128 0x3b
 761 00a6 0B       		.uleb128 0xb
 762 00a7 49       		.uleb128 0x49
 763 00a8 13       		.uleb128 0x13
 764 00a9 02       		.uleb128 0x2
 765 00aa 18       		.uleb128 0x18
 766 00ab 00       		.byte	0
 767 00ac 00       		.byte	0
 768 00ad 0C       		.uleb128 0xc
 769 00ae 0B       		.uleb128 0xb
 770 00af 01       		.byte	0x1
 771 00b0 11       		.uleb128 0x11
 772 00b1 01       		.uleb128 0x1
 773 00b2 12       		.uleb128 0x12
 774 00b3 06       		.uleb128 0x6
 775 00b4 00       		.byte	0
 776 00b5 00       		.byte	0
 777 00b6 0D       		.uleb128 0xd
 778 00b7 05       		.uleb128 0x5
 779 00b8 00       		.byte	0
 780 00b9 03       		.uleb128 0x3
 781 00ba 08       		.uleb128 0x8
 782 00bb 3A       		.uleb128 0x3a
 783 00bc 0B       		.uleb128 0xb
 784 00bd 3B       		.uleb128 0x3b
 785 00be 0B       		.uleb128 0xb
 786 00bf 49       		.uleb128 0x49
 787 00c0 13       		.uleb128 0x13
 788 00c1 02       		.uleb128 0x2
 789 00c2 18       		.uleb128 0x18
 790 00c3 00       		.byte	0
 791 00c4 00       		.byte	0
 792 00c5 0E       		.uleb128 0xe
ARM GAS  C:\Users\fneves\AppData\Local\Temp\ccUasASo.s 			page 16


 793 00c6 01       		.uleb128 0x1
 794 00c7 01       		.byte	0x1
 795 00c8 49       		.uleb128 0x49
 796 00c9 13       		.uleb128 0x13
 797 00ca 01       		.uleb128 0x1
 798 00cb 13       		.uleb128 0x13
 799 00cc 00       		.byte	0
 800 00cd 00       		.byte	0
 801 00ce 0F       		.uleb128 0xf
 802 00cf 21       		.uleb128 0x21
 803 00d0 00       		.byte	0
 804 00d1 49       		.uleb128 0x49
 805 00d2 13       		.uleb128 0x13
 806 00d3 2F       		.uleb128 0x2f
 807 00d4 0B       		.uleb128 0xb
 808 00d5 00       		.byte	0
 809 00d6 00       		.byte	0
 810 00d7 00       		.byte	0
 811              		.section	.debug_aranges,"",%progbits
 812 0000 34000000 		.4byte	0x34
 813 0004 0200     		.2byte	0x2
 814 0006 00000000 		.4byte	.Ldebug_info0
 815 000a 04       		.byte	0x4
 816 000b 00       		.byte	0
 817 000c 0000     		.2byte	0
 818 000e 0000     		.2byte	0
 819 0010 00000000 		.4byte	.LFB67
 820 0014 0C000000 		.4byte	.LFE67-.LFB67
 821 0018 00000000 		.4byte	.LFB68
 822 001c 4C000000 		.4byte	.LFE68-.LFB68
 823 0020 00000000 		.4byte	.LFB69
 824 0024 7C000000 		.4byte	.LFE69-.LFB69
 825 0028 00000000 		.4byte	.LFB70
 826 002c 84000000 		.4byte	.LFE70-.LFB70
 827 0030 00000000 		.4byte	0
 828 0034 00000000 		.4byte	0
 829              		.section	.debug_ranges,"",%progbits
 830              	.Ldebug_ranges0:
 831 0000 00000000 		.4byte	.LFB67
 832 0004 0C000000 		.4byte	.LFE67
 833 0008 00000000 		.4byte	.LFB68
 834 000c 4C000000 		.4byte	.LFE68
 835 0010 00000000 		.4byte	.LFB69
 836 0014 7C000000 		.4byte	.LFE69
 837 0018 00000000 		.4byte	.LFB70
 838 001c 84000000 		.4byte	.LFE70
 839 0020 00000000 		.4byte	0
 840 0024 00000000 		.4byte	0
 841              		.section	.debug_line,"",%progbits
 842              	.Ldebug_line0:
 843 0000 DE010000 		.section	.debug_str,"MS",%progbits,1
 843      02005101 
 843      00000201 
 843      FB0E0D00 
 843      01010101 
 844              	.LASF6:
 845 0000 6C6F6E67 		.ascii	"long long int\000"
ARM GAS  C:\Users\fneves\AppData\Local\Temp\ccUasASo.s 			page 17


 845      206C6F6E 
 845      6720696E 
 845      7400
 846              	.LASF26:
 847 000e 6973725F 		.ascii	"isr_key\000"
 847      6B657900 
 848              	.LASF9:
 849 0016 5F5F7569 		.ascii	"__uint8_t\000"
 849      6E74385F 
 849      7400
 850              	.LASF36:
 851 0020 433A5C55 		.ascii	"C:\\Users\\fneves\\Documents\\PSoC Creator\\wp_1\\e"
 851      73657273 
 851      5C666E65 
 851      7665735C 
 851      446F6375 
 852 004d 6E67696E 		.ascii	"ngine_speed_sensor.cydsn\000"
 852      655F7370 
 852      6565645F 
 852      73656E73 
 852      6F722E63 
 853              	.LASF3:
 854 0066 73686F72 		.ascii	"short unsigned int\000"
 854      7420756E 
 854      7369676E 
 854      65642069 
 854      6E7400
 855              	.LASF10:
 856 0079 75696E74 		.ascii	"uint8_t\000"
 856      385F7400 
 857              	.LASF30:
 858 0081 7075745F 		.ascii	"put_index\000"
 858      696E6465 
 858      7800
 859              	.LASF33:
 860 008b 6576656E 		.ascii	"event_queue\000"
 860      745F7175 
 860      65756500 
 861              	.LASF14:
 862 0097 666C6F61 		.ascii	"float\000"
 862      7400
 863              	.LASF7:
 864 009d 6C6F6E67 		.ascii	"long long unsigned int\000"
 864      206C6F6E 
 864      6720756E 
 864      7369676E 
 864      65642069 
 865              	.LASF1:
 866 00b4 756E7369 		.ascii	"unsigned char\000"
 866      676E6564 
 866      20636861 
 866      7200
 867              	.LASF35:
 868 00c2 6576656E 		.ascii	"event_queue.c\000"
 868      745F7175 
 868      6575652E 
 868      6300
ARM GAS  C:\Users\fneves\AppData\Local\Temp\ccUasASo.s 			page 18


 869              	.LASF18:
 870 00d0 4B4E4F5F 		.ascii	"KNO_EVENT\000"
 870      4556454E 
 870      5400
 871              	.LASF29:
 872 00da 6576656E 		.ascii	"event_queue_put\000"
 872      745F7175 
 872      6575655F 
 872      70757400 
 873              	.LASF5:
 874 00ea 6C6F6E67 		.ascii	"long unsigned int\000"
 874      20756E73 
 874      69676E65 
 874      6420696E 
 874      7400
 875              	.LASF23:
 876 00fc 4B454E47 		.ascii	"KENGINE_COMM_BUSY\000"
 876      494E455F 
 876      434F4D4D 
 876      5F425553 
 876      5900
 877              	.LASF32:
 878 010e 6E6F6F66 		.ascii	"noof_elements\000"
 878      5F656C65 
 878      6D656E74 
 878      7300
 879              	.LASF20:
 880 011c 4B52504D 		.ascii	"KRPM_READY_EVENT\000"
 880      5F524541 
 880      44595F45 
 880      56454E54 
 880      00
 881              	.LASF15:
 882 012d 646F7562 		.ascii	"double\000"
 882      6C6500
 883              	.LASF19:
 884 0134 4B444D41 		.ascii	"KDMA_EVENT\000"
 884      5F455645 
 884      4E5400
 885              	.LASF22:
 886 013f 4B454E47 		.ascii	"KENGINE_CALCULATE\000"
 886      494E455F 
 886      43414C43 
 886      554C4154 
 886      4500
 887              	.LASF12:
 888 0151 75696E74 		.ascii	"uint32\000"
 888      333200
 889              	.LASF8:
 890 0158 756E7369 		.ascii	"unsigned int\000"
 890      676E6564 
 890      20696E74 
 890      00
 891              	.LASF24:
 892 0165 4B454E47 		.ascii	"KENGINE_PACKET_SENT\000"
 892      494E455F 
 892      5041434B 
ARM GAS  C:\Users\fneves\AppData\Local\Temp\ccUasASo.s 			page 19


 892      45545F53 
 892      454E5400 
 893              	.LASF16:
 894 0179 63686172 		.ascii	"char\000"
 894      00
 895              	.LASF25:
 896 017e 73797374 		.ascii	"system_event_t\000"
 896      656D5F65 
 896      76656E74 
 896      5F7400
 897              	.LASF31:
 898 018d 6765745F 		.ascii	"get_index\000"
 898      696E6465 
 898      7800
 899              	.LASF34:
 900 0197 474E5520 		.ascii	"GNU C 4.9.3 20150303 (release) [ARM/embedded-4_9-br"
 900      4320342E 
 900      392E3320 
 900      32303135 
 900      30333033 
 901 01ca 616E6368 		.ascii	"anch revision 221220] -mcpu=cortex-m0plus -mthumb -"
 901      20726576 
 901      6973696F 
 901      6E203232 
 901      31323230 
 902 01fd 67202D4F 		.ascii	"g -O0 -ffunction-sections -ffat-lto-objects\000"
 902      30202D66 
 902      66756E63 
 902      74696F6E 
 902      2D736563 
 903              	.LASF13:
 904 0229 696E7433 		.ascii	"int32\000"
 904      3200
 905              	.LASF17:
 906 022f 73697A65 		.ascii	"sizetype\000"
 906      74797065 
 906      00
 907              	.LASF37:
 908 0238 6576656E 		.ascii	"event_queue_init\000"
 908      745F7175 
 908      6575655F 
 908      696E6974 
 908      00
 909              	.LASF21:
 910 0249 4B535953 		.ascii	"KSYS_INIT_EVENT\000"
 910      5F494E49 
 910      545F4556 
 910      454E5400 
 911              	.LASF28:
 912 0259 6576656E 		.ascii	"event_queue_get\000"
 912      745F7175 
 912      6575655F 
 912      67657400 
 913              	.LASF2:
 914 0269 73686F72 		.ascii	"short int\000"
 914      7420696E 
 914      7400
ARM GAS  C:\Users\fneves\AppData\Local\Temp\ccUasASo.s 			page 20


 915              	.LASF11:
 916 0273 75696E74 		.ascii	"uint8\000"
 916      3800
 917              	.LASF4:
 918 0279 6C6F6E67 		.ascii	"long int\000"
 918      20696E74 
 918      00
 919              	.LASF27:
 920 0282 6576656E 		.ascii	"event_queue_peek\000"
 920      745F7175 
 920      6575655F 
 920      7065656B 
 920      00
 921              	.LASF0:
 922 0293 7369676E 		.ascii	"signed char\000"
 922      65642063 
 922      68617200 
 923              		.ident	"GCC: (GNU Tools for ARM Embedded Processors) 4.9.3 20150303 (release) [ARM/embedded-4_9-br
