ARM GAS  C:\Users\fneves\AppData\Local\Temp\cclf4sHE.s 			page 1


   1              		.cpu cortex-m0plus
   2              		.fpu softvfp
   3              		.eabi_attribute 20, 1
   4              		.eabi_attribute 21, 1
   5              		.eabi_attribute 23, 3
   6              		.eabi_attribute 24, 1
   7              		.eabi_attribute 25, 1
   8              		.eabi_attribute 26, 1
   9              		.eabi_attribute 30, 6
  10              		.eabi_attribute 34, 0
  11              		.eabi_attribute 18, 4
  12              		.code	16
  13              		.file	"EZI2C_1_EZI2C.c"
  14              		.text
  15              	.Ltext0:
  16              		.cfi_sections	.debug_frame
  17              		.comm	EZI2C_1_curStatus,1,1
  18              		.comm	EZI2C_1_fsmState,1,1
  19              		.comm	EZI2C_1_dataBuffer1,4,4
  20              		.comm	EZI2C_1_bufSizeBuf1,2,2
  21              		.comm	EZI2C_1_protectBuf1,2,2
  22              		.comm	EZI2C_1_offsetBuf1,1,1
  23              		.comm	EZI2C_1_indexBuf1,2,2
  24              		.section	.text.EZI2C_1_EzI2CInit,"ax",%progbits
  25              		.align	2
  26              		.global	EZI2C_1_EzI2CInit
  27              		.code	16
  28              		.thumb_func
  29              		.type	EZI2C_1_EzI2CInit, %function
  30              	EZI2C_1_EzI2CInit:
  31              	.LFB1:
  32              		.file 1 "Generated_Source\\PSoC4\\EZI2C_1_EZI2C.c"
   1:Generated_Source\PSoC4/EZI2C_1_EZI2C.c **** /***************************************************************************//**
   2:Generated_Source\PSoC4/EZI2C_1_EZI2C.c **** * \file EZI2C_1_EZI2C.c
   3:Generated_Source\PSoC4/EZI2C_1_EZI2C.c **** * \version 3.20
   4:Generated_Source\PSoC4/EZI2C_1_EZI2C.c **** *
   5:Generated_Source\PSoC4/EZI2C_1_EZI2C.c **** * \brief
   6:Generated_Source\PSoC4/EZI2C_1_EZI2C.c **** *  This file provides the source code to the API for the SCB Component in
   7:Generated_Source\PSoC4/EZI2C_1_EZI2C.c **** *  EZI2C mode.
   8:Generated_Source\PSoC4/EZI2C_1_EZI2C.c **** *
   9:Generated_Source\PSoC4/EZI2C_1_EZI2C.c **** * Note:
  10:Generated_Source\PSoC4/EZI2C_1_EZI2C.c **** *
  11:Generated_Source\PSoC4/EZI2C_1_EZI2C.c **** *******************************************************************************
  12:Generated_Source\PSoC4/EZI2C_1_EZI2C.c **** * \copyright
  13:Generated_Source\PSoC4/EZI2C_1_EZI2C.c **** * Copyright 2013-2016, Cypress Semiconductor Corporation.  All rights reserved.
  14:Generated_Source\PSoC4/EZI2C_1_EZI2C.c **** * You may use this file only in accordance with the license, terms, conditions,
  15:Generated_Source\PSoC4/EZI2C_1_EZI2C.c **** * disclaimers, and limitations in the end user license agreement accompanying
  16:Generated_Source\PSoC4/EZI2C_1_EZI2C.c **** * the software package with which this file was provided.
  17:Generated_Source\PSoC4/EZI2C_1_EZI2C.c **** *******************************************************************************/
  18:Generated_Source\PSoC4/EZI2C_1_EZI2C.c **** 
  19:Generated_Source\PSoC4/EZI2C_1_EZI2C.c **** #include "EZI2C_1_PVT.h"
  20:Generated_Source\PSoC4/EZI2C_1_EZI2C.c **** #include "EZI2C_1_EZI2C_PVT.h"
  21:Generated_Source\PSoC4/EZI2C_1_EZI2C.c **** 
  22:Generated_Source\PSoC4/EZI2C_1_EZI2C.c **** 
  23:Generated_Source\PSoC4/EZI2C_1_EZI2C.c **** /***************************************
  24:Generated_Source\PSoC4/EZI2C_1_EZI2C.c **** *      EZI2C Private Vars
  25:Generated_Source\PSoC4/EZI2C_1_EZI2C.c **** ***************************************/
ARM GAS  C:\Users\fneves\AppData\Local\Temp\cclf4sHE.s 			page 2


  26:Generated_Source\PSoC4/EZI2C_1_EZI2C.c **** 
  27:Generated_Source\PSoC4/EZI2C_1_EZI2C.c **** volatile uint8 EZI2C_1_curStatus; /* Status byte */
  28:Generated_Source\PSoC4/EZI2C_1_EZI2C.c **** uint8 EZI2C_1_fsmState;           /* FSM state   */
  29:Generated_Source\PSoC4/EZI2C_1_EZI2C.c **** 
  30:Generated_Source\PSoC4/EZI2C_1_EZI2C.c **** /* Variables intended to be used with Buffer 1: Primary slave address */
  31:Generated_Source\PSoC4/EZI2C_1_EZI2C.c **** volatile uint8 * EZI2C_1_dataBuffer1; /* Pointer to data buffer 1 */
  32:Generated_Source\PSoC4/EZI2C_1_EZI2C.c **** uint16 EZI2C_1_bufSizeBuf1;           /* Size of buffer 1 in bytes      */
  33:Generated_Source\PSoC4/EZI2C_1_EZI2C.c **** uint16 EZI2C_1_protectBuf1;           /* Start index of write protected area buffer 1 */
  34:Generated_Source\PSoC4/EZI2C_1_EZI2C.c **** uint8 EZI2C_1_offsetBuf1; /* Current offset within buffer 1 */
  35:Generated_Source\PSoC4/EZI2C_1_EZI2C.c **** uint16 EZI2C_1_indexBuf1;             /* Current index within buffer 1  */
  36:Generated_Source\PSoC4/EZI2C_1_EZI2C.c **** 
  37:Generated_Source\PSoC4/EZI2C_1_EZI2C.c **** #if(EZI2C_1_SECONDARY_ADDRESS_ENABLE_CONST)
  38:Generated_Source\PSoC4/EZI2C_1_EZI2C.c ****     uint8 EZI2C_1_addrBuf1; /* Primary slave address. Used for software comparison   */
  39:Generated_Source\PSoC4/EZI2C_1_EZI2C.c ****     uint8 EZI2C_1_addrBuf2; /* Secondary slave address. Used for software comparison */
  40:Generated_Source\PSoC4/EZI2C_1_EZI2C.c **** 
  41:Generated_Source\PSoC4/EZI2C_1_EZI2C.c ****     /* Variables intended to be used with Buffer 2: Primary slave address */
  42:Generated_Source\PSoC4/EZI2C_1_EZI2C.c ****     volatile uint8 * EZI2C_1_dataBuffer2; /* Pointer to data buffer 2 */
  43:Generated_Source\PSoC4/EZI2C_1_EZI2C.c ****     uint16 EZI2C_1_bufSizeBuf2;           /* Size of buffer 2 in bytes */
  44:Generated_Source\PSoC4/EZI2C_1_EZI2C.c ****     uint16 EZI2C_1_protectBuf2;           /* Start index of write protected area buffer 2 */
  45:Generated_Source\PSoC4/EZI2C_1_EZI2C.c ****     uint8 EZI2C_1_offsetBuf2; /* Current offset within buffer 2 */
  46:Generated_Source\PSoC4/EZI2C_1_EZI2C.c ****     uint16 EZI2C_1_indexBuf2;             /* Current index within buffer 2 */
  47:Generated_Source\PSoC4/EZI2C_1_EZI2C.c **** #endif /* (EZI2C_1_SECONDARY_ADDRESS_ENABLE_CONST) */
  48:Generated_Source\PSoC4/EZI2C_1_EZI2C.c **** 
  49:Generated_Source\PSoC4/EZI2C_1_EZI2C.c **** 
  50:Generated_Source\PSoC4/EZI2C_1_EZI2C.c **** /***************************************
  51:Generated_Source\PSoC4/EZI2C_1_EZI2C.c **** *      EZI2C Private Functions
  52:Generated_Source\PSoC4/EZI2C_1_EZI2C.c **** ***************************************/
  53:Generated_Source\PSoC4/EZI2C_1_EZI2C.c **** 
  54:Generated_Source\PSoC4/EZI2C_1_EZI2C.c **** #if(EZI2C_1_SECONDARY_ADDRESS_ENABLE_CONST)
  55:Generated_Source\PSoC4/EZI2C_1_EZI2C.c ****     static uint32 EZI2C_1_EzI2CUpdateRxMatchReg(uint32 addr1, uint32 addr2);
  56:Generated_Source\PSoC4/EZI2C_1_EZI2C.c **** #endif /* (EZI2C_1_SECONDARY_ADDRESS_ENABLE_CONST) */
  57:Generated_Source\PSoC4/EZI2C_1_EZI2C.c **** 
  58:Generated_Source\PSoC4/EZI2C_1_EZI2C.c **** #if(EZI2C_1_SCB_MODE_UNCONFIG_CONST_CFG)
  59:Generated_Source\PSoC4/EZI2C_1_EZI2C.c **** 
  60:Generated_Source\PSoC4/EZI2C_1_EZI2C.c ****     /***************************************
  61:Generated_Source\PSoC4/EZI2C_1_EZI2C.c ****     *  Configuration Structure Initialization
  62:Generated_Source\PSoC4/EZI2C_1_EZI2C.c ****     ***************************************/
  63:Generated_Source\PSoC4/EZI2C_1_EZI2C.c **** 
  64:Generated_Source\PSoC4/EZI2C_1_EZI2C.c ****     /* Constant configuration of EZI2C */
  65:Generated_Source\PSoC4/EZI2C_1_EZI2C.c ****     const EZI2C_1_EZI2C_INIT_STRUCT EZI2C_1_configEzI2C =
  66:Generated_Source\PSoC4/EZI2C_1_EZI2C.c ****     {
  67:Generated_Source\PSoC4/EZI2C_1_EZI2C.c ****         EZI2C_1_EZI2C_CLOCK_STRETCHING,
  68:Generated_Source\PSoC4/EZI2C_1_EZI2C.c ****         EZI2C_1_EZI2C_MEDIAN_FILTER_ENABLE,
  69:Generated_Source\PSoC4/EZI2C_1_EZI2C.c ****         EZI2C_1_EZI2C_NUMBER_OF_ADDRESSES,
  70:Generated_Source\PSoC4/EZI2C_1_EZI2C.c ****         EZI2C_1_EZI2C_PRIMARY_SLAVE_ADDRESS,
  71:Generated_Source\PSoC4/EZI2C_1_EZI2C.c ****         EZI2C_1_EZI2C_SECONDARY_SLAVE_ADDRESS,
  72:Generated_Source\PSoC4/EZI2C_1_EZI2C.c ****         EZI2C_1_EZI2C_SUB_ADDRESS_SIZE,
  73:Generated_Source\PSoC4/EZI2C_1_EZI2C.c ****         EZI2C_1_EZI2C_WAKE_ENABLE,
  74:Generated_Source\PSoC4/EZI2C_1_EZI2C.c ****         EZI2C_1_EZI2C_BYTE_MODE_ENABLE
  75:Generated_Source\PSoC4/EZI2C_1_EZI2C.c ****     };
  76:Generated_Source\PSoC4/EZI2C_1_EZI2C.c **** 
  77:Generated_Source\PSoC4/EZI2C_1_EZI2C.c ****     /*******************************************************************************
  78:Generated_Source\PSoC4/EZI2C_1_EZI2C.c ****     * Function Name: EZI2C_1_EzI2CInit
  79:Generated_Source\PSoC4/EZI2C_1_EZI2C.c ****     ****************************************************************************//**
  80:Generated_Source\PSoC4/EZI2C_1_EZI2C.c ****     *
  81:Generated_Source\PSoC4/EZI2C_1_EZI2C.c ****     *  Configures the EZI2C_1 for EZI2C operation.
  82:Generated_Source\PSoC4/EZI2C_1_EZI2C.c ****     *
ARM GAS  C:\Users\fneves\AppData\Local\Temp\cclf4sHE.s 			page 3


  83:Generated_Source\PSoC4/EZI2C_1_EZI2C.c ****     *  This function is intended specifically to be used when the EZI2C_1 
  84:Generated_Source\PSoC4/EZI2C_1_EZI2C.c ****     *  configuration is set to “Unconfigured EZI2C_1” in the customizer. 
  85:Generated_Source\PSoC4/EZI2C_1_EZI2C.c ****     *  After initializing the EZI2C_1 in EZI2C mode using this function, 
  86:Generated_Source\PSoC4/EZI2C_1_EZI2C.c ****     *  the component can be enabled using the EZI2C_1_Start() or 
  87:Generated_Source\PSoC4/EZI2C_1_EZI2C.c ****     * EZI2C_1_Enable() function.
  88:Generated_Source\PSoC4/EZI2C_1_EZI2C.c ****     *  This function uses a pointer to a structure that provides the configuration 
  89:Generated_Source\PSoC4/EZI2C_1_EZI2C.c ****     *  settings. This structure contains the same information that would otherwise 
  90:Generated_Source\PSoC4/EZI2C_1_EZI2C.c ****     *  be provided by the customizer settings.
  91:Generated_Source\PSoC4/EZI2C_1_EZI2C.c ****     *
  92:Generated_Source\PSoC4/EZI2C_1_EZI2C.c ****     * \param config: pointer to a structure that contains the following list of 
  93:Generated_Source\PSoC4/EZI2C_1_EZI2C.c ****     *  fields. These fields match the selections available in the customizer. 
  94:Generated_Source\PSoC4/EZI2C_1_EZI2C.c ****     *  Refer to the customizer for further description of the settings.
  95:Generated_Source\PSoC4/EZI2C_1_EZI2C.c ****     *
  96:Generated_Source\PSoC4/EZI2C_1_EZI2C.c ****     *******************************************************************************/
  97:Generated_Source\PSoC4/EZI2C_1_EZI2C.c ****     void EZI2C_1_EzI2CInit(const EZI2C_1_EZI2C_INIT_STRUCT *config)
  98:Generated_Source\PSoC4/EZI2C_1_EZI2C.c ****     {
  99:Generated_Source\PSoC4/EZI2C_1_EZI2C.c ****         if(NULL == config)
 100:Generated_Source\PSoC4/EZI2C_1_EZI2C.c ****         {
 101:Generated_Source\PSoC4/EZI2C_1_EZI2C.c ****             CYASSERT(0u != 0u); /* Halt execution due to bad function parameter */
 102:Generated_Source\PSoC4/EZI2C_1_EZI2C.c ****         }
 103:Generated_Source\PSoC4/EZI2C_1_EZI2C.c ****         else
 104:Generated_Source\PSoC4/EZI2C_1_EZI2C.c ****         {
 105:Generated_Source\PSoC4/EZI2C_1_EZI2C.c ****             /* Configure pins */
 106:Generated_Source\PSoC4/EZI2C_1_EZI2C.c ****             EZI2C_1_SetPins(EZI2C_1_SCB_MODE_EZI2C, EZI2C_1_DUMMY_PARAM,
 107:Generated_Source\PSoC4/EZI2C_1_EZI2C.c ****                                                                       EZI2C_1_DUMMY_PARAM);
 108:Generated_Source\PSoC4/EZI2C_1_EZI2C.c **** 
 109:Generated_Source\PSoC4/EZI2C_1_EZI2C.c ****             /* Store internal configuration */
 110:Generated_Source\PSoC4/EZI2C_1_EZI2C.c ****             EZI2C_1_scbMode       = (uint8) EZI2C_1_SCB_MODE_EZI2C;
 111:Generated_Source\PSoC4/EZI2C_1_EZI2C.c ****             EZI2C_1_scbEnableWake = (uint8) config->enableWake;
 112:Generated_Source\PSoC4/EZI2C_1_EZI2C.c ****             EZI2C_1_scbEnableIntr = (uint8) EZI2C_1_SCB_IRQ_INTERNAL;
 113:Generated_Source\PSoC4/EZI2C_1_EZI2C.c **** 
 114:Generated_Source\PSoC4/EZI2C_1_EZI2C.c ****             EZI2C_1_numberOfAddr  = (uint8) config->numberOfAddresses;
 115:Generated_Source\PSoC4/EZI2C_1_EZI2C.c ****             EZI2C_1_subAddrSize   = (uint8) config->subAddrSize;
 116:Generated_Source\PSoC4/EZI2C_1_EZI2C.c **** 
 117:Generated_Source\PSoC4/EZI2C_1_EZI2C.c ****         #if (EZI2C_1_CY_SCBIP_V0)
 118:Generated_Source\PSoC4/EZI2C_1_EZI2C.c ****             /* Adjust SDA filter settings. Ticket ID#150521 */
 119:Generated_Source\PSoC4/EZI2C_1_EZI2C.c ****             EZI2C_1_SET_I2C_CFG_SDA_FILT_TRIM(EZI2C_1_EC_AM_I2C_CFG_SDA_FILT_TRIM);
 120:Generated_Source\PSoC4/EZI2C_1_EZI2C.c ****         #endif /* (EZI2C_1_CY_SCBIP_V0) */
 121:Generated_Source\PSoC4/EZI2C_1_EZI2C.c **** 
 122:Generated_Source\PSoC4/EZI2C_1_EZI2C.c ****             /* Adjust AF and DF filter settings, AF = 1, DF = 0. Ticket ID#176179 */
 123:Generated_Source\PSoC4/EZI2C_1_EZI2C.c ****             EZI2C_1_I2C_CFG_ANALOG_FITER_ENABLE;
 124:Generated_Source\PSoC4/EZI2C_1_EZI2C.c **** 
 125:Generated_Source\PSoC4/EZI2C_1_EZI2C.c ****             /* Configure I2C interface */
 126:Generated_Source\PSoC4/EZI2C_1_EZI2C.c ****             EZI2C_1_CTRL_REG     = EZI2C_1_GET_CTRL_BYTE_MODE  (config->enableByteMode)    |
 127:Generated_Source\PSoC4/EZI2C_1_EZI2C.c ****                                             EZI2C_1_GET_CTRL_ADDR_ACCEPT(config->numberOfAddresses)
 128:Generated_Source\PSoC4/EZI2C_1_EZI2C.c ****                                             EZI2C_1_GET_CTRL_EC_AM_MODE (config->enableWake);
 129:Generated_Source\PSoC4/EZI2C_1_EZI2C.c **** 
 130:Generated_Source\PSoC4/EZI2C_1_EZI2C.c ****             EZI2C_1_I2C_CTRL_REG = EZI2C_1_EZI2C_CTRL;
 131:Generated_Source\PSoC4/EZI2C_1_EZI2C.c **** 
 132:Generated_Source\PSoC4/EZI2C_1_EZI2C.c ****             /* Configure RX direction */
 133:Generated_Source\PSoC4/EZI2C_1_EZI2C.c ****             EZI2C_1_RX_CTRL_REG = EZI2C_1_EZI2C_RX_CTRL |
 134:Generated_Source\PSoC4/EZI2C_1_EZI2C.c ****                                         EZI2C_1_GET_RX_CTRL_MEDIAN(EZI2C_1_DIGITAL_FILTER_DISABLE);
 135:Generated_Source\PSoC4/EZI2C_1_EZI2C.c ****                                                 ;
 136:Generated_Source\PSoC4/EZI2C_1_EZI2C.c ****             EZI2C_1_RX_FIFO_CTRL_REG = EZI2C_1_CLEAR_REG;
 137:Generated_Source\PSoC4/EZI2C_1_EZI2C.c **** 
 138:Generated_Source\PSoC4/EZI2C_1_EZI2C.c ****             /* Set default address and mask */
 139:Generated_Source\PSoC4/EZI2C_1_EZI2C.c ****             if(EZI2C_1_EZI2C_PRIMARY_ADDRESS == config->numberOfAddresses)
ARM GAS  C:\Users\fneves\AppData\Local\Temp\cclf4sHE.s 			page 4


 140:Generated_Source\PSoC4/EZI2C_1_EZI2C.c ****             {
 141:Generated_Source\PSoC4/EZI2C_1_EZI2C.c ****                 EZI2C_1_RX_MATCH_REG = EZI2C_1_EzI2CUpdateRxMatchReg(config->primarySlaveAddr,
 142:Generated_Source\PSoC4/EZI2C_1_EZI2C.c ****                                                                                        config->prim
 143:Generated_Source\PSoC4/EZI2C_1_EZI2C.c ****             }
 144:Generated_Source\PSoC4/EZI2C_1_EZI2C.c ****             else
 145:Generated_Source\PSoC4/EZI2C_1_EZI2C.c ****             {
 146:Generated_Source\PSoC4/EZI2C_1_EZI2C.c ****                 EZI2C_1_RX_MATCH_REG = EZI2C_1_EzI2CUpdateRxMatchReg(config->primarySlaveAddr,
 147:Generated_Source\PSoC4/EZI2C_1_EZI2C.c ****                                                                                        config->seco
 148:Generated_Source\PSoC4/EZI2C_1_EZI2C.c ****             }
 149:Generated_Source\PSoC4/EZI2C_1_EZI2C.c **** 
 150:Generated_Source\PSoC4/EZI2C_1_EZI2C.c ****             /* Configure TX direction */
 151:Generated_Source\PSoC4/EZI2C_1_EZI2C.c ****             EZI2C_1_TX_CTRL_REG      = EZI2C_1_EZI2C_TX_CTRL;
 152:Generated_Source\PSoC4/EZI2C_1_EZI2C.c ****             EZI2C_1_TX_FIFO_CTRL_REG = ((0u != (config->enableClockStretch)) ?
 153:Generated_Source\PSoC4/EZI2C_1_EZI2C.c ****                                                  EZI2C_1_CLEAR_REG : EZI2C_1_EZI2C_TX_FIFO_CTRL);
 154:Generated_Source\PSoC4/EZI2C_1_EZI2C.c **** 
 155:Generated_Source\PSoC4/EZI2C_1_EZI2C.c ****             /* Configure interrupt sources */
 156:Generated_Source\PSoC4/EZI2C_1_EZI2C.c ****         #if (!EZI2C_1_CY_SCBIP_V1)
 157:Generated_Source\PSoC4/EZI2C_1_EZI2C.c ****            EZI2C_1_INTR_SPI_EC_MASK_REG = EZI2C_1_NO_INTR_SOURCES;
 158:Generated_Source\PSoC4/EZI2C_1_EZI2C.c ****         #endif /* (!EZI2C_1_CY_SCBIP_V1) */
 159:Generated_Source\PSoC4/EZI2C_1_EZI2C.c **** 
 160:Generated_Source\PSoC4/EZI2C_1_EZI2C.c ****             EZI2C_1_INTR_I2C_EC_MASK_REG = EZI2C_1_NO_INTR_SOURCES;
 161:Generated_Source\PSoC4/EZI2C_1_EZI2C.c ****             EZI2C_1_INTR_MASTER_MASK_REG = EZI2C_1_NO_INTR_SOURCES;
 162:Generated_Source\PSoC4/EZI2C_1_EZI2C.c ****             EZI2C_1_INTR_SLAVE_MASK_REG  = EZI2C_1_EZI2C_INTR_SLAVE_MASK;
 163:Generated_Source\PSoC4/EZI2C_1_EZI2C.c ****             EZI2C_1_INTR_TX_MASK_REG     = EZI2C_1_NO_INTR_SOURCES;
 164:Generated_Source\PSoC4/EZI2C_1_EZI2C.c **** 
 165:Generated_Source\PSoC4/EZI2C_1_EZI2C.c ****             /* Configure interrupt with EZI2C handler but do not enable it */
 166:Generated_Source\PSoC4/EZI2C_1_EZI2C.c ****             CyIntDisable    (EZI2C_1_ISR_NUMBER);
 167:Generated_Source\PSoC4/EZI2C_1_EZI2C.c ****             CyIntSetPriority(EZI2C_1_ISR_NUMBER, EZI2C_1_ISR_PRIORITY);
 168:Generated_Source\PSoC4/EZI2C_1_EZI2C.c ****             (void) CyIntSetVector(EZI2C_1_ISR_NUMBER, (0u != (config->enableClockStretch)) ?
 169:Generated_Source\PSoC4/EZI2C_1_EZI2C.c ****                                                                       (&EZI2C_1_EZI2C_STRETCH_ISR) 
 170:Generated_Source\PSoC4/EZI2C_1_EZI2C.c ****                                                                       (&EZI2C_1_EZI2C_NO_STRETCH_IS
 171:Generated_Source\PSoC4/EZI2C_1_EZI2C.c **** 
 172:Generated_Source\PSoC4/EZI2C_1_EZI2C.c ****             if(0u != (config->enableClockStretch))
 173:Generated_Source\PSoC4/EZI2C_1_EZI2C.c ****             {
 174:Generated_Source\PSoC4/EZI2C_1_EZI2C.c ****                 /* Configure interrupt sources */
 175:Generated_Source\PSoC4/EZI2C_1_EZI2C.c ****                 EZI2C_1_INTR_SLAVE_MASK_REG |= EZI2C_1_INTR_SLAVE_I2C_ADDR_MATCH;
 176:Generated_Source\PSoC4/EZI2C_1_EZI2C.c ****                 EZI2C_1_INTR_RX_MASK_REG     = EZI2C_1_NO_INTR_SOURCES;
 177:Generated_Source\PSoC4/EZI2C_1_EZI2C.c ****             }
 178:Generated_Source\PSoC4/EZI2C_1_EZI2C.c ****             else
 179:Generated_Source\PSoC4/EZI2C_1_EZI2C.c ****             {
 180:Generated_Source\PSoC4/EZI2C_1_EZI2C.c ****                 /* Enable Auto ACK/NACK features */
 181:Generated_Source\PSoC4/EZI2C_1_EZI2C.c ****                 EZI2C_1_I2C_CTRL_REG |= EZI2C_1_EZI2C_CTRL_AUTO;
 182:Generated_Source\PSoC4/EZI2C_1_EZI2C.c **** 
 183:Generated_Source\PSoC4/EZI2C_1_EZI2C.c ****                 /* Configure RX interrupt source */
 184:Generated_Source\PSoC4/EZI2C_1_EZI2C.c ****                 EZI2C_1_INTR_SLAVE_MASK_REG |= EZI2C_1_INTR_SLAVE_I2C_START;
 185:Generated_Source\PSoC4/EZI2C_1_EZI2C.c ****                 EZI2C_1_INTR_RX_MASK_REG     = EZI2C_1_INTR_RX_NOT_EMPTY;
 186:Generated_Source\PSoC4/EZI2C_1_EZI2C.c ****             }
 187:Generated_Source\PSoC4/EZI2C_1_EZI2C.c **** 
 188:Generated_Source\PSoC4/EZI2C_1_EZI2C.c ****             /* Configure global variables */
 189:Generated_Source\PSoC4/EZI2C_1_EZI2C.c ****             EZI2C_1_fsmState = EZI2C_1_EZI2C_FSM_IDLE;
 190:Generated_Source\PSoC4/EZI2C_1_EZI2C.c **** 
 191:Generated_Source\PSoC4/EZI2C_1_EZI2C.c ****             EZI2C_1_curStatus  = 0u;
 192:Generated_Source\PSoC4/EZI2C_1_EZI2C.c ****             EZI2C_1_indexBuf1  = 0u;
 193:Generated_Source\PSoC4/EZI2C_1_EZI2C.c ****             EZI2C_1_offsetBuf1 = 0u;
 194:Generated_Source\PSoC4/EZI2C_1_EZI2C.c ****             EZI2C_1_indexBuf2  = 0u;
 195:Generated_Source\PSoC4/EZI2C_1_EZI2C.c ****             EZI2C_1_offsetBuf2 = 0u;
 196:Generated_Source\PSoC4/EZI2C_1_EZI2C.c **** 
ARM GAS  C:\Users\fneves\AppData\Local\Temp\cclf4sHE.s 			page 5


 197:Generated_Source\PSoC4/EZI2C_1_EZI2C.c ****             EZI2C_1_addrBuf1 = (uint8) config->primarySlaveAddr;
 198:Generated_Source\PSoC4/EZI2C_1_EZI2C.c ****             EZI2C_1_addrBuf2 = (uint8) config->secondarySlaveAddr;
 199:Generated_Source\PSoC4/EZI2C_1_EZI2C.c ****         }
 200:Generated_Source\PSoC4/EZI2C_1_EZI2C.c ****     }
 201:Generated_Source\PSoC4/EZI2C_1_EZI2C.c **** 
 202:Generated_Source\PSoC4/EZI2C_1_EZI2C.c **** #else
 203:Generated_Source\PSoC4/EZI2C_1_EZI2C.c **** 
 204:Generated_Source\PSoC4/EZI2C_1_EZI2C.c ****     /*******************************************************************************
 205:Generated_Source\PSoC4/EZI2C_1_EZI2C.c ****     * Function Name: EZI2C_1_EzI2CInit
 206:Generated_Source\PSoC4/EZI2C_1_EZI2C.c ****     ****************************************************************************//**
 207:Generated_Source\PSoC4/EZI2C_1_EZI2C.c ****     *
 208:Generated_Source\PSoC4/EZI2C_1_EZI2C.c ****     *  Configures the SCB for the EZI2C operation.
 209:Generated_Source\PSoC4/EZI2C_1_EZI2C.c ****     *
 210:Generated_Source\PSoC4/EZI2C_1_EZI2C.c ****     *******************************************************************************/
 211:Generated_Source\PSoC4/EZI2C_1_EZI2C.c ****     void EZI2C_1_EzI2CInit(void)
 212:Generated_Source\PSoC4/EZI2C_1_EZI2C.c ****     {
  33              		.loc 1 212 0
  34              		.cfi_startproc
  35 0000 80B5     		push	{r7, lr}
  36              		.cfi_def_cfa_offset 8
  37              		.cfi_offset 7, -8
  38              		.cfi_offset 14, -4
  39 0002 00AF     		add	r7, sp, #0
  40              		.cfi_def_cfa_register 7
 213:Generated_Source\PSoC4/EZI2C_1_EZI2C.c ****         /* Configure I2C interface */
 214:Generated_Source\PSoC4/EZI2C_1_EZI2C.c ****         EZI2C_1_CTRL_REG     = EZI2C_1_EZI2C_DEFAULT_CTRL;
  41              		.loc 1 214 0
  42 0004 204B     		ldr	r3, .L2
  43 0006 0022     		mov	r2, #0
  44 0008 1A60     		str	r2, [r3]
 215:Generated_Source\PSoC4/EZI2C_1_EZI2C.c ****         EZI2C_1_I2C_CTRL_REG = EZI2C_1_EZI2C_DEFAULT_I2C_CTRL;
  45              		.loc 1 215 0
  46 000a 204B     		ldr	r3, .L2+4
  47 000c 204A     		ldr	r2, .L2+8
  48 000e 1A60     		str	r2, [r3]
 216:Generated_Source\PSoC4/EZI2C_1_EZI2C.c **** 
 217:Generated_Source\PSoC4/EZI2C_1_EZI2C.c ****     #if (EZI2C_1_CY_SCBIP_V0)
 218:Generated_Source\PSoC4/EZI2C_1_EZI2C.c ****         /* Adjust SDA filter settings. Ticket ID#150521 */
 219:Generated_Source\PSoC4/EZI2C_1_EZI2C.c ****         EZI2C_1_SET_I2C_CFG_SDA_FILT_TRIM(EZI2C_1_EC_AM_I2C_CFG_SDA_FILT_TRIM);
 220:Generated_Source\PSoC4/EZI2C_1_EZI2C.c ****     #endif /* (EZI2C_1_CY_SCBIP_V0) */
 221:Generated_Source\PSoC4/EZI2C_1_EZI2C.c **** 
 222:Generated_Source\PSoC4/EZI2C_1_EZI2C.c ****         /* Configure RX direction */
 223:Generated_Source\PSoC4/EZI2C_1_EZI2C.c ****         EZI2C_1_RX_CTRL_REG      = EZI2C_1_EZI2C_DEFAULT_RX_CTRL;
  49              		.loc 1 223 0
  50 0010 204B     		ldr	r3, .L2+12
  51 0012 214A     		ldr	r2, .L2+16
  52 0014 1A60     		str	r2, [r3]
 224:Generated_Source\PSoC4/EZI2C_1_EZI2C.c ****         EZI2C_1_RX_FIFO_CTRL_REG = EZI2C_1_EZI2C_DEFAULT_RX_FIFO_CTRL;
  53              		.loc 1 224 0
  54 0016 214B     		ldr	r3, .L2+20
  55 0018 0022     		mov	r2, #0
  56 001a 1A60     		str	r2, [r3]
 225:Generated_Source\PSoC4/EZI2C_1_EZI2C.c **** 
 226:Generated_Source\PSoC4/EZI2C_1_EZI2C.c ****         /* Set default address and mask */
 227:Generated_Source\PSoC4/EZI2C_1_EZI2C.c ****         EZI2C_1_RX_MATCH_REG     = EZI2C_1_EZI2C_DEFAULT_RX_MATCH;
  57              		.loc 1 227 0
  58 001c 204B     		ldr	r3, .L2+24
ARM GAS  C:\Users\fneves\AppData\Local\Temp\cclf4sHE.s 			page 6


  59 001e 214A     		ldr	r2, .L2+28
  60 0020 1A60     		str	r2, [r3]
 228:Generated_Source\PSoC4/EZI2C_1_EZI2C.c **** 
 229:Generated_Source\PSoC4/EZI2C_1_EZI2C.c ****         /* Configure TX direction */
 230:Generated_Source\PSoC4/EZI2C_1_EZI2C.c ****         EZI2C_1_TX_CTRL_REG      = EZI2C_1_EZI2C_DEFAULT_TX_CTRL;
  61              		.loc 1 230 0
  62 0022 214B     		ldr	r3, .L2+32
  63 0024 1C4A     		ldr	r2, .L2+16
  64 0026 1A60     		str	r2, [r3]
 231:Generated_Source\PSoC4/EZI2C_1_EZI2C.c ****         EZI2C_1_TX_FIFO_CTRL_REG = EZI2C_1_EZI2C_DEFAULT_TX_FIFO_CTRL;
  65              		.loc 1 231 0
  66 0028 204B     		ldr	r3, .L2+36
  67 002a 0022     		mov	r2, #0
  68 002c 1A60     		str	r2, [r3]
 232:Generated_Source\PSoC4/EZI2C_1_EZI2C.c **** 
 233:Generated_Source\PSoC4/EZI2C_1_EZI2C.c ****         /* Configure interrupt with EZI2C handler but do not enable it */
 234:Generated_Source\PSoC4/EZI2C_1_EZI2C.c ****     #if !defined (CY_EXTERNAL_INTERRUPT_CONFIG)
 235:Generated_Source\PSoC4/EZI2C_1_EZI2C.c ****         CyIntDisable    (EZI2C_1_ISR_NUMBER);
  69              		.loc 1 235 0
  70 002e 0820     		mov	r0, #8
  71 0030 FFF7FEFF 		bl	CyIntDisable
 236:Generated_Source\PSoC4/EZI2C_1_EZI2C.c ****         CyIntSetPriority(EZI2C_1_ISR_NUMBER, EZI2C_1_ISR_PRIORITY);
  72              		.loc 1 236 0
  73 0034 0820     		mov	r0, #8
  74 0036 0321     		mov	r1, #3
  75 0038 FFF7FEFF 		bl	CyIntSetPriority
 237:Generated_Source\PSoC4/EZI2C_1_EZI2C.c **** 
 238:Generated_Source\PSoC4/EZI2C_1_EZI2C.c ****     #if (EZI2C_1_EZI2C_SCL_STRETCH_ENABLE_CONST)
 239:Generated_Source\PSoC4/EZI2C_1_EZI2C.c ****         (void) CyIntSetVector(EZI2C_1_ISR_NUMBER, &EZI2C_1_EZI2C_STRETCH_ISR);
  76              		.loc 1 239 0
  77 003c 1C4B     		ldr	r3, .L2+40
  78 003e 0820     		mov	r0, #8
  79 0040 191C     		mov	r1, r3
  80 0042 FFF7FEFF 		bl	CyIntSetVector
 240:Generated_Source\PSoC4/EZI2C_1_EZI2C.c ****     #else
 241:Generated_Source\PSoC4/EZI2C_1_EZI2C.c ****         (void) CyIntSetVector(EZI2C_1_ISR_NUMBER, &EZI2C_1_EZI2C_NO_STRETCH_ISR);
 242:Generated_Source\PSoC4/EZI2C_1_EZI2C.c ****     #endif /* (EZI2C_1_EZI2C_SCL_STRETCH_ENABLE_CONST) */
 243:Generated_Source\PSoC4/EZI2C_1_EZI2C.c **** 
 244:Generated_Source\PSoC4/EZI2C_1_EZI2C.c ****     #endif /* !defined (CY_EXTERNAL_INTERRUPT_CONFIG) */
 245:Generated_Source\PSoC4/EZI2C_1_EZI2C.c **** 
 246:Generated_Source\PSoC4/EZI2C_1_EZI2C.c ****         /* Configure interrupt sources */
 247:Generated_Source\PSoC4/EZI2C_1_EZI2C.c ****     #if (!EZI2C_1_CY_SCBIP_V1)
 248:Generated_Source\PSoC4/EZI2C_1_EZI2C.c ****         EZI2C_1_INTR_SPI_EC_MASK_REG = EZI2C_1_EZI2C_DEFAULT_INTR_SPI_EC_MASK;
  81              		.loc 1 248 0
  82 0046 1B4B     		ldr	r3, .L2+44
  83 0048 0022     		mov	r2, #0
  84 004a 1A60     		str	r2, [r3]
 249:Generated_Source\PSoC4/EZI2C_1_EZI2C.c ****     #endif /* (!EZI2C_1_CY_SCBIP_V1) */
 250:Generated_Source\PSoC4/EZI2C_1_EZI2C.c **** 
 251:Generated_Source\PSoC4/EZI2C_1_EZI2C.c ****         EZI2C_1_INTR_I2C_EC_MASK_REG = EZI2C_1_EZI2C_DEFAULT_INTR_I2C_EC_MASK;
  85              		.loc 1 251 0
  86 004c 1A4B     		ldr	r3, .L2+48
  87 004e 0022     		mov	r2, #0
  88 0050 1A60     		str	r2, [r3]
 252:Generated_Source\PSoC4/EZI2C_1_EZI2C.c ****         EZI2C_1_INTR_SLAVE_MASK_REG  = EZI2C_1_EZI2C_DEFAULT_INTR_SLAVE_MASK;
  89              		.loc 1 252 0
  90 0052 1A4B     		ldr	r3, .L2+52
ARM GAS  C:\Users\fneves\AppData\Local\Temp\cclf4sHE.s 			page 7


  91 0054 5222     		mov	r2, #82
  92 0056 FF32     		add	r2, r2, #255
  93 0058 1A60     		str	r2, [r3]
 253:Generated_Source\PSoC4/EZI2C_1_EZI2C.c ****         EZI2C_1_INTR_MASTER_MASK_REG = EZI2C_1_EZI2C_DEFAULT_INTR_MASTER_MASK;
  94              		.loc 1 253 0
  95 005a 194B     		ldr	r3, .L2+56
  96 005c 0022     		mov	r2, #0
  97 005e 1A60     		str	r2, [r3]
 254:Generated_Source\PSoC4/EZI2C_1_EZI2C.c ****         EZI2C_1_INTR_RX_MASK_REG     = EZI2C_1_EZI2C_DEFAULT_INTR_RX_MASK;
  98              		.loc 1 254 0
  99 0060 184B     		ldr	r3, .L2+60
 100 0062 0022     		mov	r2, #0
 101 0064 1A60     		str	r2, [r3]
 255:Generated_Source\PSoC4/EZI2C_1_EZI2C.c ****         EZI2C_1_INTR_TX_MASK_REG     = EZI2C_1_EZI2C_DEFAULT_INTR_TX_MASK;
 102              		.loc 1 255 0
 103 0066 184B     		ldr	r3, .L2+64
 104 0068 0022     		mov	r2, #0
 105 006a 1A60     		str	r2, [r3]
 256:Generated_Source\PSoC4/EZI2C_1_EZI2C.c **** 
 257:Generated_Source\PSoC4/EZI2C_1_EZI2C.c ****         /* Configure global variables */
 258:Generated_Source\PSoC4/EZI2C_1_EZI2C.c ****         EZI2C_1_fsmState = EZI2C_1_EZI2C_FSM_IDLE;
 106              		.loc 1 258 0
 107 006c 174B     		ldr	r3, .L2+68
 108 006e 0022     		mov	r2, #0
 109 0070 1A70     		strb	r2, [r3]
 259:Generated_Source\PSoC4/EZI2C_1_EZI2C.c **** 
 260:Generated_Source\PSoC4/EZI2C_1_EZI2C.c ****         EZI2C_1_curStatus  = 0u;
 110              		.loc 1 260 0
 111 0072 174B     		ldr	r3, .L2+72
 112 0074 0022     		mov	r2, #0
 113 0076 1A70     		strb	r2, [r3]
 261:Generated_Source\PSoC4/EZI2C_1_EZI2C.c ****         EZI2C_1_indexBuf1  = 0u;
 114              		.loc 1 261 0
 115 0078 164B     		ldr	r3, .L2+76
 116 007a 0022     		mov	r2, #0
 117 007c 1A80     		strh	r2, [r3]
 262:Generated_Source\PSoC4/EZI2C_1_EZI2C.c ****         EZI2C_1_offsetBuf1 = 0u;
 118              		.loc 1 262 0
 119 007e 164B     		ldr	r3, .L2+80
 120 0080 0022     		mov	r2, #0
 121 0082 1A70     		strb	r2, [r3]
 263:Generated_Source\PSoC4/EZI2C_1_EZI2C.c **** 
 264:Generated_Source\PSoC4/EZI2C_1_EZI2C.c ****     #if(EZI2C_1_SECONDARY_ADDRESS_ENABLE_CONST)
 265:Generated_Source\PSoC4/EZI2C_1_EZI2C.c ****         EZI2C_1_indexBuf2  = 0u;
 266:Generated_Source\PSoC4/EZI2C_1_EZI2C.c ****         EZI2C_1_offsetBuf2 = 0u;
 267:Generated_Source\PSoC4/EZI2C_1_EZI2C.c **** 
 268:Generated_Source\PSoC4/EZI2C_1_EZI2C.c ****         EZI2C_1_addrBuf1 = EZI2C_1_EZI2C_PRIMARY_SLAVE_ADDRESS;
 269:Generated_Source\PSoC4/EZI2C_1_EZI2C.c ****         EZI2C_1_addrBuf2 = EZI2C_1_EZI2C_SECONDARY_SLAVE_ADDRESS;
 270:Generated_Source\PSoC4/EZI2C_1_EZI2C.c ****     #endif /* (EZI2C_1_SECONDARY_ADDRESS_ENABLE_CONST) */
 271:Generated_Source\PSoC4/EZI2C_1_EZI2C.c ****     }
 122              		.loc 1 271 0
 123 0084 BD46     		mov	sp, r7
 124              		@ sp needed
 125 0086 80BD     		pop	{r7, pc}
 126              	.L3:
 127              		.align	2
 128              	.L2:
ARM GAS  C:\Users\fneves\AppData\Local\Temp\cclf4sHE.s 			page 8


 129 0088 00000740 		.word	1074200576
 130 008c 60000740 		.word	1074200672
 131 0090 00080040 		.word	1073743872
 132 0094 00030740 		.word	1074201344
 133 0098 07010080 		.word	-2147483385
 134 009c 04030740 		.word	1074201348
 135 00a0 10030740 		.word	1074201360
 136 00a4 1000FE00 		.word	16646160
 137 00a8 00020740 		.word	1074201088
 138 00ac 04020740 		.word	1074201092
 139 00b0 00000000 		.word	EZI2C_1_EZI2C_STRETCH_ISR
 140 00b4 C80E0740 		.word	1074204360
 141 00b8 880E0740 		.word	1074204296
 142 00bc 480F0740 		.word	1074204488
 143 00c0 080F0740 		.word	1074204424
 144 00c4 C80F0740 		.word	1074204616
 145 00c8 880F0740 		.word	1074204552
 146 00cc 00000000 		.word	EZI2C_1_fsmState
 147 00d0 00000000 		.word	EZI2C_1_curStatus
 148 00d4 00000000 		.word	EZI2C_1_indexBuf1
 149 00d8 00000000 		.word	EZI2C_1_offsetBuf1
 150              		.cfi_endproc
 151              	.LFE1:
 152              		.size	EZI2C_1_EzI2CInit, .-EZI2C_1_EzI2CInit
 153              		.section	.text.EZI2C_1_EzI2CStop,"ax",%progbits
 154              		.align	2
 155              		.global	EZI2C_1_EzI2CStop
 156              		.code	16
 157              		.thumb_func
 158              		.type	EZI2C_1_EzI2CStop, %function
 159              	EZI2C_1_EzI2CStop:
 160              	.LFB2:
 272:Generated_Source\PSoC4/EZI2C_1_EZI2C.c **** #endif /* (EZI2C_1_SCB_MODE_UNCONFIG_CONST_CFG) */
 273:Generated_Source\PSoC4/EZI2C_1_EZI2C.c **** 
 274:Generated_Source\PSoC4/EZI2C_1_EZI2C.c **** 
 275:Generated_Source\PSoC4/EZI2C_1_EZI2C.c **** /*******************************************************************************
 276:Generated_Source\PSoC4/EZI2C_1_EZI2C.c **** * Function Name: EZI2C_1_EzI2CStop
 277:Generated_Source\PSoC4/EZI2C_1_EZI2C.c **** ****************************************************************************//**
 278:Generated_Source\PSoC4/EZI2C_1_EZI2C.c **** *
 279:Generated_Source\PSoC4/EZI2C_1_EZI2C.c **** *  Resets the EZI2C FSM into the default state.
 280:Generated_Source\PSoC4/EZI2C_1_EZI2C.c **** *
 281:Generated_Source\PSoC4/EZI2C_1_EZI2C.c **** *******************************************************************************/
 282:Generated_Source\PSoC4/EZI2C_1_EZI2C.c **** void EZI2C_1_EzI2CStop(void)
 283:Generated_Source\PSoC4/EZI2C_1_EZI2C.c **** {
 161              		.loc 1 283 0
 162              		.cfi_startproc
 163 0000 80B5     		push	{r7, lr}
 164              		.cfi_def_cfa_offset 8
 165              		.cfi_offset 7, -8
 166              		.cfi_offset 14, -4
 167 0002 00AF     		add	r7, sp, #0
 168              		.cfi_def_cfa_register 7
 284:Generated_Source\PSoC4/EZI2C_1_EZI2C.c ****     EZI2C_1_fsmState = EZI2C_1_EZI2C_FSM_IDLE;
 169              		.loc 1 284 0
 170 0004 024B     		ldr	r3, .L5
 171 0006 0022     		mov	r2, #0
 172 0008 1A70     		strb	r2, [r3]
ARM GAS  C:\Users\fneves\AppData\Local\Temp\cclf4sHE.s 			page 9


 285:Generated_Source\PSoC4/EZI2C_1_EZI2C.c **** }
 173              		.loc 1 285 0
 174 000a BD46     		mov	sp, r7
 175              		@ sp needed
 176 000c 80BD     		pop	{r7, pc}
 177              	.L6:
 178 000e C046     		.align	2
 179              	.L5:
 180 0010 00000000 		.word	EZI2C_1_fsmState
 181              		.cfi_endproc
 182              	.LFE2:
 183              		.size	EZI2C_1_EzI2CStop, .-EZI2C_1_EzI2CStop
 184              		.section	.text.EZI2C_1_EzI2CGetActivity,"ax",%progbits
 185              		.align	2
 186              		.global	EZI2C_1_EzI2CGetActivity
 187              		.code	16
 188              		.thumb_func
 189              		.type	EZI2C_1_EzI2CGetActivity, %function
 190              	EZI2C_1_EzI2CGetActivity:
 191              	.LFB3:
 286:Generated_Source\PSoC4/EZI2C_1_EZI2C.c **** 
 287:Generated_Source\PSoC4/EZI2C_1_EZI2C.c **** 
 288:Generated_Source\PSoC4/EZI2C_1_EZI2C.c **** /*******************************************************************************
 289:Generated_Source\PSoC4/EZI2C_1_EZI2C.c **** * Function Name: EZI2C_1_EzI2CGetActivity
 290:Generated_Source\PSoC4/EZI2C_1_EZI2C.c **** ****************************************************************************//**
 291:Generated_Source\PSoC4/EZI2C_1_EZI2C.c **** *
 292:Generated_Source\PSoC4/EZI2C_1_EZI2C.c **** *  Returns the EZI2C slave status.
 293:Generated_Source\PSoC4/EZI2C_1_EZI2C.c **** *  The read, write and error status flags reset to zero after this function
 294:Generated_Source\PSoC4/EZI2C_1_EZI2C.c **** *  call. The busy status flag is cleared when the transaction intended for
 295:Generated_Source\PSoC4/EZI2C_1_EZI2C.c **** *  the EZI2C slave completes.
 296:Generated_Source\PSoC4/EZI2C_1_EZI2C.c **** *
 297:Generated_Source\PSoC4/EZI2C_1_EZI2C.c **** * \return
 298:Generated_Source\PSoC4/EZI2C_1_EZI2C.c **** *  Returns the status of the EZI2C Slave activity.
 299:Generated_Source\PSoC4/EZI2C_1_EZI2C.c **** *  - EZI2C_1_EZI2C_STATUS_READ1 - Read transfer complete. The transfer 
 300:Generated_Source\PSoC4/EZI2C_1_EZI2C.c **** *    used the primary slave address. The error condition status bit must be 
 301:Generated_Source\PSoC4/EZI2C_1_EZI2C.c **** *    checked to ensure that read transfer was completed successfully.
 302:Generated_Source\PSoC4/EZI2C_1_EZI2C.c **** *  - EZI2C_1_EZI2C_STATUS_WRITE1 - Write transfer complete. The buffer 
 303:Generated_Source\PSoC4/EZI2C_1_EZI2C.c **** *    content was modified. The transfer used the primary slave address. 
 304:Generated_Source\PSoC4/EZI2C_1_EZI2C.c **** *    The error condition status bit must be checked to ensure that write 
 305:Generated_Source\PSoC4/EZI2C_1_EZI2C.c **** *    transfer was completed successfully.
 306:Generated_Source\PSoC4/EZI2C_1_EZI2C.c **** *  - EZI2C_1_EZI2C_STATUS_READ2 - Read transfer complete. The transfer
 307:Generated_Source\PSoC4/EZI2C_1_EZI2C.c **** *    used the secondary slave address. The error condition status bit must be 
 308:Generated_Source\PSoC4/EZI2C_1_EZI2C.c **** *    checked to ensure that read transfer was completed successfully.
 309:Generated_Source\PSoC4/EZI2C_1_EZI2C.c **** *  - EZI2C_1_EZI2C_STATUS_WRITE2 - Write transfer complete. The buffer
 310:Generated_Source\PSoC4/EZI2C_1_EZI2C.c **** *    content was modified. The transfer used the secondary slave address. 
 311:Generated_Source\PSoC4/EZI2C_1_EZI2C.c **** *    The error condition status bit must be checked to ensure that write 
 312:Generated_Source\PSoC4/EZI2C_1_EZI2C.c **** *    transfer was completed successfully.
 313:Generated_Source\PSoC4/EZI2C_1_EZI2C.c **** *  - EZI2C_1_EZI2C_STATUS_BUSY - A transfer intended for the primary 
 314:Generated_Source\PSoC4/EZI2C_1_EZI2C.c **** *    or secondary address is in progress. The status bit is set after an 
 315:Generated_Source\PSoC4/EZI2C_1_EZI2C.c **** *    address match and cleared on a Stop or ReStart condition.
 316:Generated_Source\PSoC4/EZI2C_1_EZI2C.c **** *  - EZI2C_1_EZI2C_STATUS_ERR - An error occurred during a transfer 
 317:Generated_Source\PSoC4/EZI2C_1_EZI2C.c **** *    intended for the primary or secondary slave address. The sources of error
 318:Generated_Source\PSoC4/EZI2C_1_EZI2C.c **** *    are: misplaced Start or Stop condition or lost arbitration while slave 
 319:Generated_Source\PSoC4/EZI2C_1_EZI2C.c **** *    drives SDA.
 320:Generated_Source\PSoC4/EZI2C_1_EZI2C.c **** *    The write buffer may contain invalid byte or part of the transaction when 
 321:Generated_Source\PSoC4/EZI2C_1_EZI2C.c **** *    EZI2C_1_EZI2C_STATUS_ERR and EZI2C_1_EZI2C_STATUS_WRITE1/2 
 322:Generated_Source\PSoC4/EZI2C_1_EZI2C.c **** *    is set. It is recommended to discard buffer content in this case.
ARM GAS  C:\Users\fneves\AppData\Local\Temp\cclf4sHE.s 			page 10


 323:Generated_Source\PSoC4/EZI2C_1_EZI2C.c **** *
 324:Generated_Source\PSoC4/EZI2C_1_EZI2C.c **** * \globalvars
 325:Generated_Source\PSoC4/EZI2C_1_EZI2C.c **** *  EZI2C_1_curStatus - used to store the current status of the EZI2C 
 326:Generated_Source\PSoC4/EZI2C_1_EZI2C.c **** *  slave.
 327:Generated_Source\PSoC4/EZI2C_1_EZI2C.c **** *
 328:Generated_Source\PSoC4/EZI2C_1_EZI2C.c **** *******************************************************************************/
 329:Generated_Source\PSoC4/EZI2C_1_EZI2C.c **** uint32 EZI2C_1_EzI2CGetActivity(void)
 330:Generated_Source\PSoC4/EZI2C_1_EZI2C.c **** {
 192              		.loc 1 330 0
 193              		.cfi_startproc
 194 0000 80B5     		push	{r7, lr}
 195              		.cfi_def_cfa_offset 8
 196              		.cfi_offset 7, -8
 197              		.cfi_offset 14, -4
 198 0002 82B0     		sub	sp, sp, #8
 199              		.cfi_def_cfa_offset 16
 200 0004 00AF     		add	r7, sp, #0
 201              		.cfi_def_cfa_register 7
 331:Generated_Source\PSoC4/EZI2C_1_EZI2C.c ****     uint32 status;
 332:Generated_Source\PSoC4/EZI2C_1_EZI2C.c **** 
 333:Generated_Source\PSoC4/EZI2C_1_EZI2C.c ****     EZI2C_1_DisableInt();  /* Lock from interruption */
 202              		.loc 1 333 0
 203 0006 0820     		mov	r0, #8
 204 0008 FFF7FEFF 		bl	CyIntDisable
 334:Generated_Source\PSoC4/EZI2C_1_EZI2C.c **** 
 335:Generated_Source\PSoC4/EZI2C_1_EZI2C.c ****     status = EZI2C_1_curStatus;
 205              		.loc 1 335 0
 206 000c 094B     		ldr	r3, .L9
 207 000e 1B78     		ldrb	r3, [r3]
 208 0010 DBB2     		uxtb	r3, r3
 209 0012 7B60     		str	r3, [r7, #4]
 336:Generated_Source\PSoC4/EZI2C_1_EZI2C.c **** 
 337:Generated_Source\PSoC4/EZI2C_1_EZI2C.c ****     /* Relay on address match event from HW as bus busy status */
 338:Generated_Source\PSoC4/EZI2C_1_EZI2C.c ****     #if(EZI2C_1_EZI2C_SCL_STRETCH_DISABLE)
 339:Generated_Source\PSoC4/EZI2C_1_EZI2C.c ****     {
 340:Generated_Source\PSoC4/EZI2C_1_EZI2C.c ****         /* For EZI2C_1_CY_SCBIP_V0 the wake is prohibited by customizer */
 341:Generated_Source\PSoC4/EZI2C_1_EZI2C.c ****         #if(EZI2C_1_EZI2C_EC_AM_ENABLE)
 342:Generated_Source\PSoC4/EZI2C_1_EZI2C.c ****         {
 343:Generated_Source\PSoC4/EZI2C_1_EZI2C.c ****             status |= EZI2C_1_CHECK_INTR_I2C_EC(EZI2C_1_INTR_I2C_EC_WAKE_UP) ?
 344:Generated_Source\PSoC4/EZI2C_1_EZI2C.c ****                         EZI2C_1_EZI2C_STATUS_BUSY : 0u;
 345:Generated_Source\PSoC4/EZI2C_1_EZI2C.c ****         }
 346:Generated_Source\PSoC4/EZI2C_1_EZI2C.c ****         #else
 347:Generated_Source\PSoC4/EZI2C_1_EZI2C.c ****         {
 348:Generated_Source\PSoC4/EZI2C_1_EZI2C.c ****             status |= EZI2C_1_CHECK_INTR_SLAVE(EZI2C_1_INTR_SLAVE_I2C_ADDR_MATCH) ?
 349:Generated_Source\PSoC4/EZI2C_1_EZI2C.c ****                         EZI2C_1_EZI2C_STATUS_BUSY : 0u;
 350:Generated_Source\PSoC4/EZI2C_1_EZI2C.c ****         }
 351:Generated_Source\PSoC4/EZI2C_1_EZI2C.c ****         #endif
 352:Generated_Source\PSoC4/EZI2C_1_EZI2C.c ****     }
 353:Generated_Source\PSoC4/EZI2C_1_EZI2C.c ****     #endif
 354:Generated_Source\PSoC4/EZI2C_1_EZI2C.c **** 
 355:Generated_Source\PSoC4/EZI2C_1_EZI2C.c ****     EZI2C_1_curStatus &= ((uint8) ~EZI2C_1_EZI2C_CLEAR_STATUS);
 210              		.loc 1 355 0
 211 0014 074B     		ldr	r3, .L9
 212 0016 1B78     		ldrb	r3, [r3]
 213 0018 DBB2     		uxtb	r3, r3
 214 001a 1F22     		mov	r2, #31
 215 001c 9343     		bic	r3, r2
ARM GAS  C:\Users\fneves\AppData\Local\Temp\cclf4sHE.s 			page 11


 216 001e DAB2     		uxtb	r2, r3
 217 0020 044B     		ldr	r3, .L9
 218 0022 1A70     		strb	r2, [r3]
 356:Generated_Source\PSoC4/EZI2C_1_EZI2C.c **** 
 357:Generated_Source\PSoC4/EZI2C_1_EZI2C.c ****     EZI2C_1_EnableInt();   /* Release lock */
 219              		.loc 1 357 0
 220 0024 0820     		mov	r0, #8
 221 0026 FFF7FEFF 		bl	CyIntEnable
 358:Generated_Source\PSoC4/EZI2C_1_EZI2C.c **** 
 359:Generated_Source\PSoC4/EZI2C_1_EZI2C.c ****     return(status);
 222              		.loc 1 359 0
 223 002a 7B68     		ldr	r3, [r7, #4]
 360:Generated_Source\PSoC4/EZI2C_1_EZI2C.c **** }
 224              		.loc 1 360 0
 225 002c 181C     		mov	r0, r3
 226 002e BD46     		mov	sp, r7
 227 0030 02B0     		add	sp, sp, #8
 228              		@ sp needed
 229 0032 80BD     		pop	{r7, pc}
 230              	.L10:
 231              		.align	2
 232              	.L9:
 233 0034 00000000 		.word	EZI2C_1_curStatus
 234              		.cfi_endproc
 235              	.LFE3:
 236              		.size	EZI2C_1_EzI2CGetActivity, .-EZI2C_1_EzI2CGetActivity
 237              		.section	.text.EZI2C_1_EzI2CSetAddress1,"ax",%progbits
 238              		.align	2
 239              		.global	EZI2C_1_EzI2CSetAddress1
 240              		.code	16
 241              		.thumb_func
 242              		.type	EZI2C_1_EzI2CSetAddress1, %function
 243              	EZI2C_1_EzI2CSetAddress1:
 244              	.LFB4:
 361:Generated_Source\PSoC4/EZI2C_1_EZI2C.c **** 
 362:Generated_Source\PSoC4/EZI2C_1_EZI2C.c **** 
 363:Generated_Source\PSoC4/EZI2C_1_EZI2C.c **** /*******************************************************************************
 364:Generated_Source\PSoC4/EZI2C_1_EZI2C.c **** * Function Name: EZI2C_1_EzI2CSetAddress1
 365:Generated_Source\PSoC4/EZI2C_1_EZI2C.c **** ****************************************************************************//**
 366:Generated_Source\PSoC4/EZI2C_1_EZI2C.c **** *
 367:Generated_Source\PSoC4/EZI2C_1_EZI2C.c **** *  Sets the primary EZI2C slave address.
 368:Generated_Source\PSoC4/EZI2C_1_EZI2C.c **** *
 369:Generated_Source\PSoC4/EZI2C_1_EZI2C.c **** * \param address: I2C slave address for the secondary device.
 370:Generated_Source\PSoC4/EZI2C_1_EZI2C.c **** *  This address is the 7-bit right-justified slave address and does not 
 371:Generated_Source\PSoC4/EZI2C_1_EZI2C.c **** *   include the R/W bit.
 372:Generated_Source\PSoC4/EZI2C_1_EZI2C.c **** *
 373:Generated_Source\PSoC4/EZI2C_1_EZI2C.c **** *  The address value is not checked to see if it violates the I2C spec. 
 374:Generated_Source\PSoC4/EZI2C_1_EZI2C.c **** *  The preferred addresses are in the range between 8 and 120 (0x08 to 0x78).
 375:Generated_Source\PSoC4/EZI2C_1_EZI2C.c **** *
 376:Generated_Source\PSoC4/EZI2C_1_EZI2C.c **** * \globalvars
 377:Generated_Source\PSoC4/EZI2C_1_EZI2C.c **** *  EZI2C_1_addrBuf1 - used to store the primary 7-bit slave address 
 378:Generated_Source\PSoC4/EZI2C_1_EZI2C.c **** *  value.
 379:Generated_Source\PSoC4/EZI2C_1_EZI2C.c **** *
 380:Generated_Source\PSoC4/EZI2C_1_EZI2C.c **** *******************************************************************************/
 381:Generated_Source\PSoC4/EZI2C_1_EZI2C.c **** void EZI2C_1_EzI2CSetAddress1(uint32 address)
 382:Generated_Source\PSoC4/EZI2C_1_EZI2C.c **** {
 245              		.loc 1 382 0
ARM GAS  C:\Users\fneves\AppData\Local\Temp\cclf4sHE.s 			page 12


 246              		.cfi_startproc
 247 0000 80B5     		push	{r7, lr}
 248              		.cfi_def_cfa_offset 8
 249              		.cfi_offset 7, -8
 250              		.cfi_offset 14, -4
 251 0002 84B0     		sub	sp, sp, #16
 252              		.cfi_def_cfa_offset 24
 253 0004 00AF     		add	r7, sp, #0
 254              		.cfi_def_cfa_register 7
 255 0006 7860     		str	r0, [r7, #4]
 256              	.LBB2:
 383:Generated_Source\PSoC4/EZI2C_1_EZI2C.c ****     #if(EZI2C_1_SECONDARY_ADDRESS_ENABLE)
 384:Generated_Source\PSoC4/EZI2C_1_EZI2C.c ****     {
 385:Generated_Source\PSoC4/EZI2C_1_EZI2C.c ****         EZI2C_1_addrBuf1 = (uint8) address;
 386:Generated_Source\PSoC4/EZI2C_1_EZI2C.c **** 
 387:Generated_Source\PSoC4/EZI2C_1_EZI2C.c ****         EZI2C_1_RX_MATCH_REG = 
 388:Generated_Source\PSoC4/EZI2C_1_EZI2C.c ****                         EZI2C_1_EzI2CUpdateRxMatchReg(address, (uint32) EZI2C_1_addrBuf2);
 389:Generated_Source\PSoC4/EZI2C_1_EZI2C.c ****     }
 390:Generated_Source\PSoC4/EZI2C_1_EZI2C.c ****     #else
 391:Generated_Source\PSoC4/EZI2C_1_EZI2C.c ****     {
 392:Generated_Source\PSoC4/EZI2C_1_EZI2C.c ****         uint32 matchReg;
 393:Generated_Source\PSoC4/EZI2C_1_EZI2C.c **** 
 394:Generated_Source\PSoC4/EZI2C_1_EZI2C.c ****         matchReg = EZI2C_1_RX_MATCH_REG;
 257              		.loc 1 394 0
 258 0008 094B     		ldr	r3, .L12
 259 000a 1B68     		ldr	r3, [r3]
 260 000c FB60     		str	r3, [r7, #12]
 395:Generated_Source\PSoC4/EZI2C_1_EZI2C.c **** 
 396:Generated_Source\PSoC4/EZI2C_1_EZI2C.c ****         /* Set address. */
 397:Generated_Source\PSoC4/EZI2C_1_EZI2C.c ****         matchReg &= (uint32) ~EZI2C_1_RX_MATCH_ADDR_MASK;
 261              		.loc 1 397 0
 262 000e FB68     		ldr	r3, [r7, #12]
 263 0010 FF22     		mov	r2, #255
 264 0012 9343     		bic	r3, r2
 265 0014 FB60     		str	r3, [r7, #12]
 398:Generated_Source\PSoC4/EZI2C_1_EZI2C.c ****         matchReg |= (uint32)  EZI2C_1_GET_I2C_8BIT_ADDRESS(address);
 266              		.loc 1 398 0
 267 0016 7B68     		ldr	r3, [r7, #4]
 268 0018 5B00     		lsl	r3, r3, #1
 269 001a FF22     		mov	r2, #255
 270 001c 1340     		and	r3, r2
 271 001e FA68     		ldr	r2, [r7, #12]
 272 0020 1343     		orr	r3, r2
 273 0022 FB60     		str	r3, [r7, #12]
 399:Generated_Source\PSoC4/EZI2C_1_EZI2C.c **** 
 400:Generated_Source\PSoC4/EZI2C_1_EZI2C.c ****         EZI2C_1_RX_MATCH_REG = matchReg;
 274              		.loc 1 400 0
 275 0024 024B     		ldr	r3, .L12
 276 0026 FA68     		ldr	r2, [r7, #12]
 277 0028 1A60     		str	r2, [r3]
 278              	.LBE2:
 401:Generated_Source\PSoC4/EZI2C_1_EZI2C.c ****     }
 402:Generated_Source\PSoC4/EZI2C_1_EZI2C.c ****     #endif
 403:Generated_Source\PSoC4/EZI2C_1_EZI2C.c **** }
 279              		.loc 1 403 0
 280 002a BD46     		mov	sp, r7
 281 002c 04B0     		add	sp, sp, #16
ARM GAS  C:\Users\fneves\AppData\Local\Temp\cclf4sHE.s 			page 13


 282              		@ sp needed
 283 002e 80BD     		pop	{r7, pc}
 284              	.L13:
 285              		.align	2
 286              	.L12:
 287 0030 10030740 		.word	1074201360
 288              		.cfi_endproc
 289              	.LFE4:
 290              		.size	EZI2C_1_EzI2CSetAddress1, .-EZI2C_1_EzI2CSetAddress1
 291              		.section	.text.EZI2C_1_EzI2CGetAddress1,"ax",%progbits
 292              		.align	2
 293              		.global	EZI2C_1_EzI2CGetAddress1
 294              		.code	16
 295              		.thumb_func
 296              		.type	EZI2C_1_EzI2CGetAddress1, %function
 297              	EZI2C_1_EzI2CGetAddress1:
 298              	.LFB5:
 404:Generated_Source\PSoC4/EZI2C_1_EZI2C.c **** 
 405:Generated_Source\PSoC4/EZI2C_1_EZI2C.c **** 
 406:Generated_Source\PSoC4/EZI2C_1_EZI2C.c **** /*******************************************************************************
 407:Generated_Source\PSoC4/EZI2C_1_EZI2C.c **** * Function Name: EZI2C_1_EzI2CGetAddress1
 408:Generated_Source\PSoC4/EZI2C_1_EZI2C.c **** ****************************************************************************//**
 409:Generated_Source\PSoC4/EZI2C_1_EZI2C.c **** *
 410:Generated_Source\PSoC4/EZI2C_1_EZI2C.c **** *  Returns primary the EZ I2C slave address.
 411:Generated_Source\PSoC4/EZI2C_1_EZI2C.c **** *  This address is the 7-bit right-justified slave address and does not include 
 412:Generated_Source\PSoC4/EZI2C_1_EZI2C.c **** *  the R/W bit.
 413:Generated_Source\PSoC4/EZI2C_1_EZI2C.c **** *
 414:Generated_Source\PSoC4/EZI2C_1_EZI2C.c **** * \return
 415:Generated_Source\PSoC4/EZI2C_1_EZI2C.c **** *  Primary EZI2C slave address.
 416:Generated_Source\PSoC4/EZI2C_1_EZI2C.c **** *
 417:Generated_Source\PSoC4/EZI2C_1_EZI2C.c **** * \globalvars
 418:Generated_Source\PSoC4/EZI2C_1_EZI2C.c **** *  EZI2C_1_addrBuf1 - used to store the primary 7-bit slave address 
 419:Generated_Source\PSoC4/EZI2C_1_EZI2C.c **** *  value.
 420:Generated_Source\PSoC4/EZI2C_1_EZI2C.c **** *
 421:Generated_Source\PSoC4/EZI2C_1_EZI2C.c **** *******************************************************************************/
 422:Generated_Source\PSoC4/EZI2C_1_EZI2C.c **** uint32 EZI2C_1_EzI2CGetAddress1(void)
 423:Generated_Source\PSoC4/EZI2C_1_EZI2C.c **** {
 299              		.loc 1 423 0
 300              		.cfi_startproc
 301 0000 80B5     		push	{r7, lr}
 302              		.cfi_def_cfa_offset 8
 303              		.cfi_offset 7, -8
 304              		.cfi_offset 14, -4
 305 0002 82B0     		sub	sp, sp, #8
 306              		.cfi_def_cfa_offset 16
 307 0004 00AF     		add	r7, sp, #0
 308              		.cfi_def_cfa_register 7
 424:Generated_Source\PSoC4/EZI2C_1_EZI2C.c ****     uint32 address;
 425:Generated_Source\PSoC4/EZI2C_1_EZI2C.c **** 
 426:Generated_Source\PSoC4/EZI2C_1_EZI2C.c ****     #if(EZI2C_1_SECONDARY_ADDRESS_ENABLE)
 427:Generated_Source\PSoC4/EZI2C_1_EZI2C.c ****     {
 428:Generated_Source\PSoC4/EZI2C_1_EZI2C.c ****         address = (uint32) EZI2C_1_addrBuf1;
 429:Generated_Source\PSoC4/EZI2C_1_EZI2C.c ****     }
 430:Generated_Source\PSoC4/EZI2C_1_EZI2C.c ****     #else
 431:Generated_Source\PSoC4/EZI2C_1_EZI2C.c ****     {
 432:Generated_Source\PSoC4/EZI2C_1_EZI2C.c ****         address = (EZI2C_1_GET_RX_MATCH_ADDR(EZI2C_1_RX_MATCH_REG) >>
 309              		.loc 1 432 0
ARM GAS  C:\Users\fneves\AppData\Local\Temp\cclf4sHE.s 			page 14


 310 0006 054B     		ldr	r3, .L16
 311 0008 1B68     		ldr	r3, [r3]
 312 000a FF22     		mov	r2, #255
 313 000c 1340     		and	r3, r2
 314 000e 5B08     		lsr	r3, r3, #1
 315 0010 7B60     		str	r3, [r7, #4]
 433:Generated_Source\PSoC4/EZI2C_1_EZI2C.c ****                    EZI2C_1_I2C_SLAVE_ADDR_POS);
 434:Generated_Source\PSoC4/EZI2C_1_EZI2C.c ****     }
 435:Generated_Source\PSoC4/EZI2C_1_EZI2C.c ****     #endif
 436:Generated_Source\PSoC4/EZI2C_1_EZI2C.c **** 
 437:Generated_Source\PSoC4/EZI2C_1_EZI2C.c ****     return(address);
 316              		.loc 1 437 0
 317 0012 7B68     		ldr	r3, [r7, #4]
 438:Generated_Source\PSoC4/EZI2C_1_EZI2C.c **** }
 318              		.loc 1 438 0
 319 0014 181C     		mov	r0, r3
 320 0016 BD46     		mov	sp, r7
 321 0018 02B0     		add	sp, sp, #8
 322              		@ sp needed
 323 001a 80BD     		pop	{r7, pc}
 324              	.L17:
 325              		.align	2
 326              	.L16:
 327 001c 10030740 		.word	1074201360
 328              		.cfi_endproc
 329              	.LFE5:
 330              		.size	EZI2C_1_EzI2CGetAddress1, .-EZI2C_1_EzI2CGetAddress1
 331              		.section	.text.EZI2C_1_EzI2CSetBuffer1,"ax",%progbits
 332              		.align	2
 333              		.global	EZI2C_1_EzI2CSetBuffer1
 334              		.code	16
 335              		.thumb_func
 336              		.type	EZI2C_1_EzI2CSetBuffer1, %function
 337              	EZI2C_1_EzI2CSetBuffer1:
 338              	.LFB6:
 439:Generated_Source\PSoC4/EZI2C_1_EZI2C.c **** 
 440:Generated_Source\PSoC4/EZI2C_1_EZI2C.c **** 
 441:Generated_Source\PSoC4/EZI2C_1_EZI2C.c **** /*******************************************************************************
 442:Generated_Source\PSoC4/EZI2C_1_EZI2C.c **** * Function Name: EZI2C_1_EzI2CSetBuffer1
 443:Generated_Source\PSoC4/EZI2C_1_EZI2C.c **** ****************************************************************************//**
 444:Generated_Source\PSoC4/EZI2C_1_EZI2C.c **** *
 445:Generated_Source\PSoC4/EZI2C_1_EZI2C.c **** *  Sets up the data buffer to be exposed to the I2C master on a primary slave
 446:Generated_Source\PSoC4/EZI2C_1_EZI2C.c **** *  address request.
 447:Generated_Source\PSoC4/EZI2C_1_EZI2C.c **** *
 448:Generated_Source\PSoC4/EZI2C_1_EZI2C.c **** * \param bufSize: Size of the buffer in bytes.
 449:Generated_Source\PSoC4/EZI2C_1_EZI2C.c **** * \param rwBoundary: Number of data bytes starting from the beginning of the 
 450:Generated_Source\PSoC4/EZI2C_1_EZI2C.c **** *  buffer with read and write access. Data bytes located at offset rwBoundary 
 451:Generated_Source\PSoC4/EZI2C_1_EZI2C.c **** *  or greater are read only.
 452:Generated_Source\PSoC4/EZI2C_1_EZI2C.c **** *  This value must be less than or equal to the buffer size.
 453:Generated_Source\PSoC4/EZI2C_1_EZI2C.c **** * \param buffer: Pointer to the data buffer.
 454:Generated_Source\PSoC4/EZI2C_1_EZI2C.c **** *
 455:Generated_Source\PSoC4/EZI2C_1_EZI2C.c **** * \sideeffect
 456:Generated_Source\PSoC4/EZI2C_1_EZI2C.c **** *  Calling this function in the middle of a transaction intended for the 
 457:Generated_Source\PSoC4/EZI2C_1_EZI2C.c **** *  primary slave address leads to unexpected behavior.
 458:Generated_Source\PSoC4/EZI2C_1_EZI2C.c **** *
 459:Generated_Source\PSoC4/EZI2C_1_EZI2C.c **** * \globalvars
 460:Generated_Source\PSoC4/EZI2C_1_EZI2C.c **** *  EZI2C_1_dataBuffer1 – the pointer to the buffer to be exposed to the
ARM GAS  C:\Users\fneves\AppData\Local\Temp\cclf4sHE.s 			page 15


 461:Generated_Source\PSoC4/EZI2C_1_EZI2C.c **** *  master on a primary address.
 462:Generated_Source\PSoC4/EZI2C_1_EZI2C.c **** *  EZI2C_1_bufSizeBuf1 - the size of the buffer to be exposed to the 
 463:Generated_Source\PSoC4/EZI2C_1_EZI2C.c **** *  master on a primary address.
 464:Generated_Source\PSoC4/EZI2C_1_EZI2C.c **** *  EZI2C_1_protectBuf1 - the start index of the read-only region in the
 465:Generated_Source\PSoC4/EZI2C_1_EZI2C.c **** *  buffer to be exposed to the master on a primary address. The read-only region
 466:Generated_Source\PSoC4/EZI2C_1_EZI2C.c **** *  continues up to the end the buffer.
 467:Generated_Source\PSoC4/EZI2C_1_EZI2C.c **** *
 468:Generated_Source\PSoC4/EZI2C_1_EZI2C.c **** *******************************************************************************/
 469:Generated_Source\PSoC4/EZI2C_1_EZI2C.c **** void EZI2C_1_EzI2CSetBuffer1(uint32 bufSize, uint32 rwBoundary, volatile uint8 * buffer)
 470:Generated_Source\PSoC4/EZI2C_1_EZI2C.c **** {
 339              		.loc 1 470 0
 340              		.cfi_startproc
 341 0000 80B5     		push	{r7, lr}
 342              		.cfi_def_cfa_offset 8
 343              		.cfi_offset 7, -8
 344              		.cfi_offset 14, -4
 345 0002 84B0     		sub	sp, sp, #16
 346              		.cfi_def_cfa_offset 24
 347 0004 00AF     		add	r7, sp, #0
 348              		.cfi_def_cfa_register 7
 349 0006 F860     		str	r0, [r7, #12]
 350 0008 B960     		str	r1, [r7, #8]
 351 000a 7A60     		str	r2, [r7, #4]
 471:Generated_Source\PSoC4/EZI2C_1_EZI2C.c ****     if (NULL != buffer)
 352              		.loc 1 471 0
 353 000c 7B68     		ldr	r3, [r7, #4]
 354 000e 002B     		cmp	r3, #0
 355 0010 10D0     		beq	.L18
 472:Generated_Source\PSoC4/EZI2C_1_EZI2C.c ****     {
 473:Generated_Source\PSoC4/EZI2C_1_EZI2C.c ****         EZI2C_1_DisableInt();  /* Lock from interruption */
 356              		.loc 1 473 0
 357 0012 0820     		mov	r0, #8
 358 0014 FFF7FEFF 		bl	CyIntDisable
 474:Generated_Source\PSoC4/EZI2C_1_EZI2C.c **** 
 475:Generated_Source\PSoC4/EZI2C_1_EZI2C.c ****         EZI2C_1_dataBuffer1 =  buffer;
 359              		.loc 1 475 0
 360 0018 084B     		ldr	r3, .L20
 361 001a 7A68     		ldr	r2, [r7, #4]
 362 001c 1A60     		str	r2, [r3]
 476:Generated_Source\PSoC4/EZI2C_1_EZI2C.c ****         EZI2C_1_bufSizeBuf1 = (uint16) bufSize;
 363              		.loc 1 476 0
 364 001e FB68     		ldr	r3, [r7, #12]
 365 0020 9AB2     		uxth	r2, r3
 366 0022 074B     		ldr	r3, .L20+4
 367 0024 1A80     		strh	r2, [r3]
 477:Generated_Source\PSoC4/EZI2C_1_EZI2C.c ****         EZI2C_1_protectBuf1 = (uint16) rwBoundary;
 368              		.loc 1 477 0
 369 0026 BB68     		ldr	r3, [r7, #8]
 370 0028 9AB2     		uxth	r2, r3
 371 002a 064B     		ldr	r3, .L20+8
 372 002c 1A80     		strh	r2, [r3]
 478:Generated_Source\PSoC4/EZI2C_1_EZI2C.c **** 
 479:Generated_Source\PSoC4/EZI2C_1_EZI2C.c ****         EZI2C_1_EnableInt();   /* Release lock */
 373              		.loc 1 479 0
 374 002e 0820     		mov	r0, #8
 375 0030 FFF7FEFF 		bl	CyIntEnable
 376              	.L18:
ARM GAS  C:\Users\fneves\AppData\Local\Temp\cclf4sHE.s 			page 16


 480:Generated_Source\PSoC4/EZI2C_1_EZI2C.c ****     }
 481:Generated_Source\PSoC4/EZI2C_1_EZI2C.c **** }
 377              		.loc 1 481 0
 378 0034 BD46     		mov	sp, r7
 379 0036 04B0     		add	sp, sp, #16
 380              		@ sp needed
 381 0038 80BD     		pop	{r7, pc}
 382              	.L21:
 383 003a C046     		.align	2
 384              	.L20:
 385 003c 00000000 		.word	EZI2C_1_dataBuffer1
 386 0040 00000000 		.word	EZI2C_1_bufSizeBuf1
 387 0044 00000000 		.word	EZI2C_1_protectBuf1
 388              		.cfi_endproc
 389              	.LFE6:
 390              		.size	EZI2C_1_EzI2CSetBuffer1, .-EZI2C_1_EzI2CSetBuffer1
 391              		.section	.text.EZI2C_1_EzI2CSetReadBoundaryBuffer1,"ax",%progbits
 392              		.align	2
 393              		.global	EZI2C_1_EzI2CSetReadBoundaryBuffer1
 394              		.code	16
 395              		.thumb_func
 396              		.type	EZI2C_1_EzI2CSetReadBoundaryBuffer1, %function
 397              	EZI2C_1_EzI2CSetReadBoundaryBuffer1:
 398              	.LFB7:
 482:Generated_Source\PSoC4/EZI2C_1_EZI2C.c **** 
 483:Generated_Source\PSoC4/EZI2C_1_EZI2C.c **** 
 484:Generated_Source\PSoC4/EZI2C_1_EZI2C.c **** /*******************************************************************************
 485:Generated_Source\PSoC4/EZI2C_1_EZI2C.c **** * Function Name: EZI2C_1_EzI2CSetReadBoundaryBuffer1
 486:Generated_Source\PSoC4/EZI2C_1_EZI2C.c **** ****************************************************************************//**
 487:Generated_Source\PSoC4/EZI2C_1_EZI2C.c **** *
 488:Generated_Source\PSoC4/EZI2C_1_EZI2C.c **** *  Sets the read only boundary in the data buffer to be exposed to the I2C
 489:Generated_Source\PSoC4/EZI2C_1_EZI2C.c **** *  master on a primary slave address request.
 490:Generated_Source\PSoC4/EZI2C_1_EZI2C.c **** *
 491:Generated_Source\PSoC4/EZI2C_1_EZI2C.c **** * \param rwBoundry: Number of data bytes starting from the beginning of the 
 492:Generated_Source\PSoC4/EZI2C_1_EZI2C.c **** *  buffer with read and write access. Data bytes located at offset rwBoundary 
 493:Generated_Source\PSoC4/EZI2C_1_EZI2C.c **** *  or greater are read only.
 494:Generated_Source\PSoC4/EZI2C_1_EZI2C.c **** *  This value must be less than or equal to the buffer size.
 495:Generated_Source\PSoC4/EZI2C_1_EZI2C.c **** *
 496:Generated_Source\PSoC4/EZI2C_1_EZI2C.c **** * \sideeffect
 497:Generated_Source\PSoC4/EZI2C_1_EZI2C.c **** *  Calling this function in the middle of a transaction intended for the 
 498:Generated_Source\PSoC4/EZI2C_1_EZI2C.c **** *  primary slave address leads to unexpected behavior.
 499:Generated_Source\PSoC4/EZI2C_1_EZI2C.c **** *
 500:Generated_Source\PSoC4/EZI2C_1_EZI2C.c **** * \globalvars
 501:Generated_Source\PSoC4/EZI2C_1_EZI2C.c **** *  EZI2C_1_protectBuf1 - the start index of the read-only region in the
 502:Generated_Source\PSoC4/EZI2C_1_EZI2C.c **** *  buffer to be exposed to the master on a primary address. The read-only region
 503:Generated_Source\PSoC4/EZI2C_1_EZI2C.c **** *  continues up to the end the buffer.
 504:Generated_Source\PSoC4/EZI2C_1_EZI2C.c **** *
 505:Generated_Source\PSoC4/EZI2C_1_EZI2C.c **** *******************************************************************************/
 506:Generated_Source\PSoC4/EZI2C_1_EZI2C.c **** void EZI2C_1_EzI2CSetReadBoundaryBuffer1(uint32 rwBoundary)
 507:Generated_Source\PSoC4/EZI2C_1_EZI2C.c **** {
 399              		.loc 1 507 0
 400              		.cfi_startproc
 401 0000 80B5     		push	{r7, lr}
 402              		.cfi_def_cfa_offset 8
 403              		.cfi_offset 7, -8
 404              		.cfi_offset 14, -4
 405 0002 82B0     		sub	sp, sp, #8
ARM GAS  C:\Users\fneves\AppData\Local\Temp\cclf4sHE.s 			page 17


 406              		.cfi_def_cfa_offset 16
 407 0004 00AF     		add	r7, sp, #0
 408              		.cfi_def_cfa_register 7
 409 0006 7860     		str	r0, [r7, #4]
 508:Generated_Source\PSoC4/EZI2C_1_EZI2C.c ****     EZI2C_1_protectBuf1 = (uint16) rwBoundary;
 410              		.loc 1 508 0
 411 0008 7B68     		ldr	r3, [r7, #4]
 412 000a 9AB2     		uxth	r2, r3
 413 000c 024B     		ldr	r3, .L23
 414 000e 1A80     		strh	r2, [r3]
 509:Generated_Source\PSoC4/EZI2C_1_EZI2C.c **** }
 415              		.loc 1 509 0
 416 0010 BD46     		mov	sp, r7
 417 0012 02B0     		add	sp, sp, #8
 418              		@ sp needed
 419 0014 80BD     		pop	{r7, pc}
 420              	.L24:
 421 0016 C046     		.align	2
 422              	.L23:
 423 0018 00000000 		.word	EZI2C_1_protectBuf1
 424              		.cfi_endproc
 425              	.LFE7:
 426              		.size	EZI2C_1_EzI2CSetReadBoundaryBuffer1, .-EZI2C_1_EzI2CSetReadBoundaryBuffer1
 427              		.text
 428              	.Letext0:
 429              		.file 2 "Generated_Source\\PSoC4/cytypes.h"
 430              		.section	.debug_info,"",%progbits
 431              	.Ldebug_info0:
 432 0000 5B020000 		.4byte	0x25b
 433 0004 0400     		.2byte	0x4
 434 0006 00000000 		.4byte	.Ldebug_abbrev0
 435 000a 04       		.byte	0x4
 436 000b 01       		.uleb128 0x1
 437 000c 57010000 		.4byte	.LASF37
 438 0010 01       		.byte	0x1
 439 0011 C9000000 		.4byte	.LASF38
 440 0015 06000000 		.4byte	.LASF39
 441 0019 00000000 		.4byte	.Ldebug_ranges0+0
 442 001d 00000000 		.4byte	0
 443 0021 00000000 		.4byte	.Ldebug_line0
 444 0025 02       		.uleb128 0x2
 445 0026 01       		.byte	0x1
 446 0027 06       		.byte	0x6
 447 0028 C4020000 		.4byte	.LASF0
 448 002c 02       		.uleb128 0x2
 449 002d 01       		.byte	0x1
 450 002e 08       		.byte	0x8
 451 002f 8B000000 		.4byte	.LASF1
 452 0033 02       		.uleb128 0x2
 453 0034 02       		.byte	0x2
 454 0035 05       		.byte	0x5
 455 0036 70020000 		.4byte	.LASF2
 456 003a 02       		.uleb128 0x2
 457 003b 02       		.byte	0x2
 458 003c 07       		.byte	0x7
 459 003d 60000000 		.4byte	.LASF3
 460 0041 02       		.uleb128 0x2
ARM GAS  C:\Users\fneves\AppData\Local\Temp\cclf4sHE.s 			page 18


 461 0042 04       		.byte	0x4
 462 0043 05       		.byte	0x5
 463 0044 AD020000 		.4byte	.LASF4
 464 0048 02       		.uleb128 0x2
 465 0049 04       		.byte	0x4
 466 004a 07       		.byte	0x7
 467 004b B1000000 		.4byte	.LASF5
 468 004f 02       		.uleb128 0x2
 469 0050 08       		.byte	0x8
 470 0051 05       		.byte	0x5
 471 0052 2B020000 		.4byte	.LASF6
 472 0056 02       		.uleb128 0x2
 473 0057 08       		.byte	0x8
 474 0058 07       		.byte	0x7
 475 0059 40010000 		.4byte	.LASF7
 476 005d 03       		.uleb128 0x3
 477 005e 04       		.byte	0x4
 478 005f 05       		.byte	0x5
 479 0060 696E7400 		.ascii	"int\000"
 480 0064 02       		.uleb128 0x2
 481 0065 04       		.byte	0x4
 482 0066 07       		.byte	0x7
 483 0067 17010000 		.4byte	.LASF8
 484 006b 04       		.uleb128 0x4
 485 006c C3000000 		.4byte	.LASF9
 486 0070 02       		.byte	0x2
 487 0071 B901     		.2byte	0x1b9
 488 0073 2C000000 		.4byte	0x2c
 489 0077 04       		.uleb128 0x4
 490 0078 09010000 		.4byte	.LASF10
 491 007c 02       		.byte	0x2
 492 007d BA01     		.2byte	0x1ba
 493 007f 3A000000 		.4byte	0x3a
 494 0083 04       		.uleb128 0x4
 495 0084 10010000 		.4byte	.LASF11
 496 0088 02       		.byte	0x2
 497 0089 BB01     		.2byte	0x1bb
 498 008b 48000000 		.4byte	0x48
 499 008f 02       		.uleb128 0x2
 500 0090 04       		.byte	0x4
 501 0091 04       		.byte	0x4
 502 0092 85000000 		.4byte	.LASF12
 503 0096 02       		.uleb128 0x2
 504 0097 08       		.byte	0x8
 505 0098 04       		.byte	0x4
 506 0099 F0000000 		.4byte	.LASF13
 507 009d 02       		.uleb128 0x2
 508 009e 01       		.byte	0x1
 509 009f 08       		.byte	0x8
 510 00a0 B6020000 		.4byte	.LASF14
 511 00a4 05       		.uleb128 0x5
 512 00a5 6B000000 		.4byte	0x6b
 513 00a9 04       		.uleb128 0x4
 514 00aa 00000000 		.4byte	.LASF15
 515 00ae 02       		.byte	0x2
 516 00af 6502     		.2byte	0x265
 517 00b1 B5000000 		.4byte	0xb5
ARM GAS  C:\Users\fneves\AppData\Local\Temp\cclf4sHE.s 			page 19


 518 00b5 05       		.uleb128 0x5
 519 00b6 83000000 		.4byte	0x83
 520 00ba 02       		.uleb128 0x2
 521 00bb 04       		.byte	0x4
 522 00bc 07       		.byte	0x7
 523 00bd 22020000 		.4byte	.LASF16
 524 00c1 06       		.uleb128 0x6
 525 00c2 D0020000 		.4byte	.LASF17
 526 00c6 01       		.byte	0x1
 527 00c7 D3       		.byte	0xd3
 528 00c8 00000000 		.4byte	.LFB1
 529 00cc DC000000 		.4byte	.LFE1-.LFB1
 530 00d0 01       		.uleb128 0x1
 531 00d1 9C       		.byte	0x9c
 532 00d2 07       		.uleb128 0x7
 533 00d3 39020000 		.4byte	.LASF18
 534 00d7 01       		.byte	0x1
 535 00d8 1A01     		.2byte	0x11a
 536 00da 00000000 		.4byte	.LFB2
 537 00de 14000000 		.4byte	.LFE2-.LFB2
 538 00e2 01       		.uleb128 0x1
 539 00e3 9C       		.byte	0x9c
 540 00e4 08       		.uleb128 0x8
 541 00e5 E9010000 		.4byte	.LASF21
 542 00e9 01       		.byte	0x1
 543 00ea 4901     		.2byte	0x149
 544 00ec 83000000 		.4byte	0x83
 545 00f0 00000000 		.4byte	.LFB3
 546 00f4 38000000 		.4byte	.LFE3-.LFB3
 547 00f8 01       		.uleb128 0x1
 548 00f9 9C       		.byte	0x9c
 549 00fa 0E010000 		.4byte	0x10e
 550 00fe 09       		.uleb128 0x9
 551 00ff 7E000000 		.4byte	.LASF19
 552 0103 01       		.byte	0x1
 553 0104 4B01     		.2byte	0x14b
 554 0106 83000000 		.4byte	0x83
 555 010a 02       		.uleb128 0x2
 556 010b 91       		.byte	0x91
 557 010c 74       		.sleb128 -12
 558 010d 00       		.byte	0
 559 010e 0A       		.uleb128 0xa
 560 010f 94020000 		.4byte	.LASF24
 561 0113 01       		.byte	0x1
 562 0114 7D01     		.2byte	0x17d
 563 0116 00000000 		.4byte	.LFB4
 564 011a 34000000 		.4byte	.LFE4-.LFB4
 565 011e 01       		.uleb128 0x1
 566 011f 9C       		.byte	0x9c
 567 0120 4D010000 		.4byte	0x14d
 568 0124 0B       		.uleb128 0xb
 569 0125 38010000 		.4byte	.LASF23
 570 0129 01       		.byte	0x1
 571 012a 7D01     		.2byte	0x17d
 572 012c 83000000 		.4byte	0x83
 573 0130 02       		.uleb128 0x2
 574 0131 91       		.byte	0x91
ARM GAS  C:\Users\fneves\AppData\Local\Temp\cclf4sHE.s 			page 20


 575 0132 6C       		.sleb128 -20
 576 0133 0C       		.uleb128 0xc
 577 0134 08000000 		.4byte	.LBB2
 578 0138 22000000 		.4byte	.LBE2-.LBB2
 579 013c 09       		.uleb128 0x9
 580 013d BB020000 		.4byte	.LASF20
 581 0141 01       		.byte	0x1
 582 0142 8801     		.2byte	0x188
 583 0144 83000000 		.4byte	0x83
 584 0148 02       		.uleb128 0x2
 585 0149 91       		.byte	0x91
 586 014a 74       		.sleb128 -12
 587 014b 00       		.byte	0
 588 014c 00       		.byte	0
 589 014d 0D       		.uleb128 0xd
 590 014e 02020000 		.4byte	.LASF22
 591 0152 01       		.byte	0x1
 592 0153 A601     		.2byte	0x1a6
 593 0155 83000000 		.4byte	0x83
 594 0159 00000000 		.4byte	.LFB5
 595 015d 20000000 		.4byte	.LFE5-.LFB5
 596 0161 01       		.uleb128 0x1
 597 0162 9C       		.byte	0x9c
 598 0163 77010000 		.4byte	0x177
 599 0167 09       		.uleb128 0x9
 600 0168 38010000 		.4byte	.LASF23
 601 016c 01       		.byte	0x1
 602 016d A801     		.2byte	0x1a8
 603 016f 83000000 		.4byte	0x83
 604 0173 02       		.uleb128 0x2
 605 0174 91       		.byte	0x91
 606 0175 74       		.sleb128 -12
 607 0176 00       		.byte	0
 608 0177 0E       		.uleb128 0xe
 609 0178 99000000 		.4byte	.LASF25
 610 017c 01       		.byte	0x1
 611 017d D501     		.2byte	0x1d5
 612 017f 00000000 		.4byte	.LFB6
 613 0183 48000000 		.4byte	.LFE6-.LFB6
 614 0187 01       		.uleb128 0x1
 615 0188 9C       		.byte	0x9c
 616 0189 BB010000 		.4byte	0x1bb
 617 018d 0B       		.uleb128 0xb
 618 018e 7A020000 		.4byte	.LASF26
 619 0192 01       		.byte	0x1
 620 0193 D501     		.2byte	0x1d5
 621 0195 83000000 		.4byte	0x83
 622 0199 02       		.uleb128 0x2
 623 019a 91       		.byte	0x91
 624 019b 74       		.sleb128 -12
 625 019c 0B       		.uleb128 0xb
 626 019d 73000000 		.4byte	.LASF27
 627 01a1 01       		.byte	0x1
 628 01a2 D501     		.2byte	0x1d5
 629 01a4 83000000 		.4byte	0x83
 630 01a8 02       		.uleb128 0x2
 631 01a9 91       		.byte	0x91
ARM GAS  C:\Users\fneves\AppData\Local\Temp\cclf4sHE.s 			page 21


 632 01aa 70       		.sleb128 -16
 633 01ab 0B       		.uleb128 0xb
 634 01ac 1B020000 		.4byte	.LASF28
 635 01b0 01       		.byte	0x1
 636 01b1 D501     		.2byte	0x1d5
 637 01b3 BB010000 		.4byte	0x1bb
 638 01b7 02       		.uleb128 0x2
 639 01b8 91       		.byte	0x91
 640 01b9 6C       		.sleb128 -20
 641 01ba 00       		.byte	0
 642 01bb 0F       		.uleb128 0xf
 643 01bc 04       		.byte	0x4
 644 01bd A4000000 		.4byte	0xa4
 645 01c1 0A       		.uleb128 0xa
 646 01c2 E2020000 		.4byte	.LASF29
 647 01c6 01       		.byte	0x1
 648 01c7 FA01     		.2byte	0x1fa
 649 01c9 00000000 		.4byte	.LFB7
 650 01cd 1C000000 		.4byte	.LFE7-.LFB7
 651 01d1 01       		.uleb128 0x1
 652 01d2 9C       		.byte	0x9c
 653 01d3 E7010000 		.4byte	0x1e7
 654 01d7 0B       		.uleb128 0xb
 655 01d8 73000000 		.4byte	.LASF27
 656 01dc 01       		.byte	0x1
 657 01dd FA01     		.2byte	0x1fa
 658 01df 83000000 		.4byte	0x83
 659 01e3 02       		.uleb128 0x2
 660 01e4 91       		.byte	0x91
 661 01e5 74       		.sleb128 -12
 662 01e6 00       		.byte	0
 663 01e7 10       		.uleb128 0x10
 664 01e8 F7000000 		.4byte	.LASF30
 665 01ec 01       		.byte	0x1
 666 01ed 1B       		.byte	0x1b
 667 01ee A4000000 		.4byte	0xa4
 668 01f2 05       		.uleb128 0x5
 669 01f3 03       		.byte	0x3
 670 01f4 00000000 		.4byte	EZI2C_1_curStatus
 671 01f8 10       		.uleb128 0x10
 672 01f9 5F020000 		.4byte	.LASF31
 673 01fd 01       		.byte	0x1
 674 01fe 1C       		.byte	0x1c
 675 01ff 6B000000 		.4byte	0x6b
 676 0203 05       		.uleb128 0x5
 677 0204 03       		.byte	0x3
 678 0205 00000000 		.4byte	EZI2C_1_fsmState
 679 0209 10       		.uleb128 0x10
 680 020a 4B020000 		.4byte	.LASF32
 681 020e 01       		.byte	0x1
 682 020f 1F       		.byte	0x1f
 683 0210 BB010000 		.4byte	0x1bb
 684 0214 05       		.uleb128 0x5
 685 0215 03       		.byte	0x3
 686 0216 00000000 		.4byte	EZI2C_1_dataBuffer1
 687 021a 10       		.uleb128 0x10
 688 021b 4C000000 		.4byte	.LASF33
ARM GAS  C:\Users\fneves\AppData\Local\Temp\cclf4sHE.s 			page 22


 689 021f 01       		.byte	0x1
 690 0220 20       		.byte	0x20
 691 0221 77000000 		.4byte	0x77
 692 0225 05       		.uleb128 0x5
 693 0226 03       		.byte	0x3
 694 0227 00000000 		.4byte	EZI2C_1_bufSizeBuf1
 695 022b 10       		.uleb128 0x10
 696 022c 24010000 		.4byte	.LASF34
 697 0230 01       		.byte	0x1
 698 0231 21       		.byte	0x21
 699 0232 77000000 		.4byte	0x77
 700 0236 05       		.uleb128 0x5
 701 0237 03       		.byte	0x3
 702 0238 00000000 		.4byte	EZI2C_1_protectBuf1
 703 023c 10       		.uleb128 0x10
 704 023d 06030000 		.4byte	.LASF35
 705 0241 01       		.byte	0x1
 706 0242 22       		.byte	0x22
 707 0243 6B000000 		.4byte	0x6b
 708 0247 05       		.uleb128 0x5
 709 0248 03       		.byte	0x3
 710 0249 00000000 		.4byte	EZI2C_1_offsetBuf1
 711 024d 10       		.uleb128 0x10
 712 024e 82020000 		.4byte	.LASF36
 713 0252 01       		.byte	0x1
 714 0253 23       		.byte	0x23
 715 0254 77000000 		.4byte	0x77
 716 0258 05       		.uleb128 0x5
 717 0259 03       		.byte	0x3
 718 025a 00000000 		.4byte	EZI2C_1_indexBuf1
 719 025e 00       		.byte	0
 720              		.section	.debug_abbrev,"",%progbits
 721              	.Ldebug_abbrev0:
 722 0000 01       		.uleb128 0x1
 723 0001 11       		.uleb128 0x11
 724 0002 01       		.byte	0x1
 725 0003 25       		.uleb128 0x25
 726 0004 0E       		.uleb128 0xe
 727 0005 13       		.uleb128 0x13
 728 0006 0B       		.uleb128 0xb
 729 0007 03       		.uleb128 0x3
 730 0008 0E       		.uleb128 0xe
 731 0009 1B       		.uleb128 0x1b
 732 000a 0E       		.uleb128 0xe
 733 000b 55       		.uleb128 0x55
 734 000c 17       		.uleb128 0x17
 735 000d 11       		.uleb128 0x11
 736 000e 01       		.uleb128 0x1
 737 000f 10       		.uleb128 0x10
 738 0010 17       		.uleb128 0x17
 739 0011 00       		.byte	0
 740 0012 00       		.byte	0
 741 0013 02       		.uleb128 0x2
 742 0014 24       		.uleb128 0x24
 743 0015 00       		.byte	0
 744 0016 0B       		.uleb128 0xb
 745 0017 0B       		.uleb128 0xb
ARM GAS  C:\Users\fneves\AppData\Local\Temp\cclf4sHE.s 			page 23


 746 0018 3E       		.uleb128 0x3e
 747 0019 0B       		.uleb128 0xb
 748 001a 03       		.uleb128 0x3
 749 001b 0E       		.uleb128 0xe
 750 001c 00       		.byte	0
 751 001d 00       		.byte	0
 752 001e 03       		.uleb128 0x3
 753 001f 24       		.uleb128 0x24
 754 0020 00       		.byte	0
 755 0021 0B       		.uleb128 0xb
 756 0022 0B       		.uleb128 0xb
 757 0023 3E       		.uleb128 0x3e
 758 0024 0B       		.uleb128 0xb
 759 0025 03       		.uleb128 0x3
 760 0026 08       		.uleb128 0x8
 761 0027 00       		.byte	0
 762 0028 00       		.byte	0
 763 0029 04       		.uleb128 0x4
 764 002a 16       		.uleb128 0x16
 765 002b 00       		.byte	0
 766 002c 03       		.uleb128 0x3
 767 002d 0E       		.uleb128 0xe
 768 002e 3A       		.uleb128 0x3a
 769 002f 0B       		.uleb128 0xb
 770 0030 3B       		.uleb128 0x3b
 771 0031 05       		.uleb128 0x5
 772 0032 49       		.uleb128 0x49
 773 0033 13       		.uleb128 0x13
 774 0034 00       		.byte	0
 775 0035 00       		.byte	0
 776 0036 05       		.uleb128 0x5
 777 0037 35       		.uleb128 0x35
 778 0038 00       		.byte	0
 779 0039 49       		.uleb128 0x49
 780 003a 13       		.uleb128 0x13
 781 003b 00       		.byte	0
 782 003c 00       		.byte	0
 783 003d 06       		.uleb128 0x6
 784 003e 2E       		.uleb128 0x2e
 785 003f 00       		.byte	0
 786 0040 3F       		.uleb128 0x3f
 787 0041 19       		.uleb128 0x19
 788 0042 03       		.uleb128 0x3
 789 0043 0E       		.uleb128 0xe
 790 0044 3A       		.uleb128 0x3a
 791 0045 0B       		.uleb128 0xb
 792 0046 3B       		.uleb128 0x3b
 793 0047 0B       		.uleb128 0xb
 794 0048 27       		.uleb128 0x27
 795 0049 19       		.uleb128 0x19
 796 004a 11       		.uleb128 0x11
 797 004b 01       		.uleb128 0x1
 798 004c 12       		.uleb128 0x12
 799 004d 06       		.uleb128 0x6
 800 004e 40       		.uleb128 0x40
 801 004f 18       		.uleb128 0x18
 802 0050 9642     		.uleb128 0x2116
ARM GAS  C:\Users\fneves\AppData\Local\Temp\cclf4sHE.s 			page 24


 803 0052 19       		.uleb128 0x19
 804 0053 00       		.byte	0
 805 0054 00       		.byte	0
 806 0055 07       		.uleb128 0x7
 807 0056 2E       		.uleb128 0x2e
 808 0057 00       		.byte	0
 809 0058 3F       		.uleb128 0x3f
 810 0059 19       		.uleb128 0x19
 811 005a 03       		.uleb128 0x3
 812 005b 0E       		.uleb128 0xe
 813 005c 3A       		.uleb128 0x3a
 814 005d 0B       		.uleb128 0xb
 815 005e 3B       		.uleb128 0x3b
 816 005f 05       		.uleb128 0x5
 817 0060 27       		.uleb128 0x27
 818 0061 19       		.uleb128 0x19
 819 0062 11       		.uleb128 0x11
 820 0063 01       		.uleb128 0x1
 821 0064 12       		.uleb128 0x12
 822 0065 06       		.uleb128 0x6
 823 0066 40       		.uleb128 0x40
 824 0067 18       		.uleb128 0x18
 825 0068 9742     		.uleb128 0x2117
 826 006a 19       		.uleb128 0x19
 827 006b 00       		.byte	0
 828 006c 00       		.byte	0
 829 006d 08       		.uleb128 0x8
 830 006e 2E       		.uleb128 0x2e
 831 006f 01       		.byte	0x1
 832 0070 3F       		.uleb128 0x3f
 833 0071 19       		.uleb128 0x19
 834 0072 03       		.uleb128 0x3
 835 0073 0E       		.uleb128 0xe
 836 0074 3A       		.uleb128 0x3a
 837 0075 0B       		.uleb128 0xb
 838 0076 3B       		.uleb128 0x3b
 839 0077 05       		.uleb128 0x5
 840 0078 27       		.uleb128 0x27
 841 0079 19       		.uleb128 0x19
 842 007a 49       		.uleb128 0x49
 843 007b 13       		.uleb128 0x13
 844 007c 11       		.uleb128 0x11
 845 007d 01       		.uleb128 0x1
 846 007e 12       		.uleb128 0x12
 847 007f 06       		.uleb128 0x6
 848 0080 40       		.uleb128 0x40
 849 0081 18       		.uleb128 0x18
 850 0082 9642     		.uleb128 0x2116
 851 0084 19       		.uleb128 0x19
 852 0085 01       		.uleb128 0x1
 853 0086 13       		.uleb128 0x13
 854 0087 00       		.byte	0
 855 0088 00       		.byte	0
 856 0089 09       		.uleb128 0x9
 857 008a 34       		.uleb128 0x34
 858 008b 00       		.byte	0
 859 008c 03       		.uleb128 0x3
ARM GAS  C:\Users\fneves\AppData\Local\Temp\cclf4sHE.s 			page 25


 860 008d 0E       		.uleb128 0xe
 861 008e 3A       		.uleb128 0x3a
 862 008f 0B       		.uleb128 0xb
 863 0090 3B       		.uleb128 0x3b
 864 0091 05       		.uleb128 0x5
 865 0092 49       		.uleb128 0x49
 866 0093 13       		.uleb128 0x13
 867 0094 02       		.uleb128 0x2
 868 0095 18       		.uleb128 0x18
 869 0096 00       		.byte	0
 870 0097 00       		.byte	0
 871 0098 0A       		.uleb128 0xa
 872 0099 2E       		.uleb128 0x2e
 873 009a 01       		.byte	0x1
 874 009b 3F       		.uleb128 0x3f
 875 009c 19       		.uleb128 0x19
 876 009d 03       		.uleb128 0x3
 877 009e 0E       		.uleb128 0xe
 878 009f 3A       		.uleb128 0x3a
 879 00a0 0B       		.uleb128 0xb
 880 00a1 3B       		.uleb128 0x3b
 881 00a2 05       		.uleb128 0x5
 882 00a3 27       		.uleb128 0x27
 883 00a4 19       		.uleb128 0x19
 884 00a5 11       		.uleb128 0x11
 885 00a6 01       		.uleb128 0x1
 886 00a7 12       		.uleb128 0x12
 887 00a8 06       		.uleb128 0x6
 888 00a9 40       		.uleb128 0x40
 889 00aa 18       		.uleb128 0x18
 890 00ab 9742     		.uleb128 0x2117
 891 00ad 19       		.uleb128 0x19
 892 00ae 01       		.uleb128 0x1
 893 00af 13       		.uleb128 0x13
 894 00b0 00       		.byte	0
 895 00b1 00       		.byte	0
 896 00b2 0B       		.uleb128 0xb
 897 00b3 05       		.uleb128 0x5
 898 00b4 00       		.byte	0
 899 00b5 03       		.uleb128 0x3
 900 00b6 0E       		.uleb128 0xe
 901 00b7 3A       		.uleb128 0x3a
 902 00b8 0B       		.uleb128 0xb
 903 00b9 3B       		.uleb128 0x3b
 904 00ba 05       		.uleb128 0x5
 905 00bb 49       		.uleb128 0x49
 906 00bc 13       		.uleb128 0x13
 907 00bd 02       		.uleb128 0x2
 908 00be 18       		.uleb128 0x18
 909 00bf 00       		.byte	0
 910 00c0 00       		.byte	0
 911 00c1 0C       		.uleb128 0xc
 912 00c2 0B       		.uleb128 0xb
 913 00c3 01       		.byte	0x1
 914 00c4 11       		.uleb128 0x11
 915 00c5 01       		.uleb128 0x1
 916 00c6 12       		.uleb128 0x12
ARM GAS  C:\Users\fneves\AppData\Local\Temp\cclf4sHE.s 			page 26


 917 00c7 06       		.uleb128 0x6
 918 00c8 00       		.byte	0
 919 00c9 00       		.byte	0
 920 00ca 0D       		.uleb128 0xd
 921 00cb 2E       		.uleb128 0x2e
 922 00cc 01       		.byte	0x1
 923 00cd 3F       		.uleb128 0x3f
 924 00ce 19       		.uleb128 0x19
 925 00cf 03       		.uleb128 0x3
 926 00d0 0E       		.uleb128 0xe
 927 00d1 3A       		.uleb128 0x3a
 928 00d2 0B       		.uleb128 0xb
 929 00d3 3B       		.uleb128 0x3b
 930 00d4 05       		.uleb128 0x5
 931 00d5 27       		.uleb128 0x27
 932 00d6 19       		.uleb128 0x19
 933 00d7 49       		.uleb128 0x49
 934 00d8 13       		.uleb128 0x13
 935 00d9 11       		.uleb128 0x11
 936 00da 01       		.uleb128 0x1
 937 00db 12       		.uleb128 0x12
 938 00dc 06       		.uleb128 0x6
 939 00dd 40       		.uleb128 0x40
 940 00de 18       		.uleb128 0x18
 941 00df 9742     		.uleb128 0x2117
 942 00e1 19       		.uleb128 0x19
 943 00e2 01       		.uleb128 0x1
 944 00e3 13       		.uleb128 0x13
 945 00e4 00       		.byte	0
 946 00e5 00       		.byte	0
 947 00e6 0E       		.uleb128 0xe
 948 00e7 2E       		.uleb128 0x2e
 949 00e8 01       		.byte	0x1
 950 00e9 3F       		.uleb128 0x3f
 951 00ea 19       		.uleb128 0x19
 952 00eb 03       		.uleb128 0x3
 953 00ec 0E       		.uleb128 0xe
 954 00ed 3A       		.uleb128 0x3a
 955 00ee 0B       		.uleb128 0xb
 956 00ef 3B       		.uleb128 0x3b
 957 00f0 05       		.uleb128 0x5
 958 00f1 27       		.uleb128 0x27
 959 00f2 19       		.uleb128 0x19
 960 00f3 11       		.uleb128 0x11
 961 00f4 01       		.uleb128 0x1
 962 00f5 12       		.uleb128 0x12
 963 00f6 06       		.uleb128 0x6
 964 00f7 40       		.uleb128 0x40
 965 00f8 18       		.uleb128 0x18
 966 00f9 9642     		.uleb128 0x2116
 967 00fb 19       		.uleb128 0x19
 968 00fc 01       		.uleb128 0x1
 969 00fd 13       		.uleb128 0x13
 970 00fe 00       		.byte	0
 971 00ff 00       		.byte	0
 972 0100 0F       		.uleb128 0xf
 973 0101 0F       		.uleb128 0xf
ARM GAS  C:\Users\fneves\AppData\Local\Temp\cclf4sHE.s 			page 27


 974 0102 00       		.byte	0
 975 0103 0B       		.uleb128 0xb
 976 0104 0B       		.uleb128 0xb
 977 0105 49       		.uleb128 0x49
 978 0106 13       		.uleb128 0x13
 979 0107 00       		.byte	0
 980 0108 00       		.byte	0
 981 0109 10       		.uleb128 0x10
 982 010a 34       		.uleb128 0x34
 983 010b 00       		.byte	0
 984 010c 03       		.uleb128 0x3
 985 010d 0E       		.uleb128 0xe
 986 010e 3A       		.uleb128 0x3a
 987 010f 0B       		.uleb128 0xb
 988 0110 3B       		.uleb128 0x3b
 989 0111 0B       		.uleb128 0xb
 990 0112 49       		.uleb128 0x49
 991 0113 13       		.uleb128 0x13
 992 0114 3F       		.uleb128 0x3f
 993 0115 19       		.uleb128 0x19
 994 0116 02       		.uleb128 0x2
 995 0117 18       		.uleb128 0x18
 996 0118 00       		.byte	0
 997 0119 00       		.byte	0
 998 011a 00       		.byte	0
 999              		.section	.debug_aranges,"",%progbits
 1000 0000 4C000000 		.4byte	0x4c
 1001 0004 0200     		.2byte	0x2
 1002 0006 00000000 		.4byte	.Ldebug_info0
 1003 000a 04       		.byte	0x4
 1004 000b 00       		.byte	0
 1005 000c 0000     		.2byte	0
 1006 000e 0000     		.2byte	0
 1007 0010 00000000 		.4byte	.LFB1
 1008 0014 DC000000 		.4byte	.LFE1-.LFB1
 1009 0018 00000000 		.4byte	.LFB2
 1010 001c 14000000 		.4byte	.LFE2-.LFB2
 1011 0020 00000000 		.4byte	.LFB3
 1012 0024 38000000 		.4byte	.LFE3-.LFB3
 1013 0028 00000000 		.4byte	.LFB4
 1014 002c 34000000 		.4byte	.LFE4-.LFB4
 1015 0030 00000000 		.4byte	.LFB5
 1016 0034 20000000 		.4byte	.LFE5-.LFB5
 1017 0038 00000000 		.4byte	.LFB6
 1018 003c 48000000 		.4byte	.LFE6-.LFB6
 1019 0040 00000000 		.4byte	.LFB7
 1020 0044 1C000000 		.4byte	.LFE7-.LFB7
 1021 0048 00000000 		.4byte	0
 1022 004c 00000000 		.4byte	0
 1023              		.section	.debug_ranges,"",%progbits
 1024              	.Ldebug_ranges0:
 1025 0000 00000000 		.4byte	.LFB1
 1026 0004 DC000000 		.4byte	.LFE1
 1027 0008 00000000 		.4byte	.LFB2
 1028 000c 14000000 		.4byte	.LFE2
 1029 0010 00000000 		.4byte	.LFB3
 1030 0014 38000000 		.4byte	.LFE3
ARM GAS  C:\Users\fneves\AppData\Local\Temp\cclf4sHE.s 			page 28


 1031 0018 00000000 		.4byte	.LFB4
 1032 001c 34000000 		.4byte	.LFE4
 1033 0020 00000000 		.4byte	.LFB5
 1034 0024 20000000 		.4byte	.LFE5
 1035 0028 00000000 		.4byte	.LFB6
 1036 002c 48000000 		.4byte	.LFE6
 1037 0030 00000000 		.4byte	.LFB7
 1038 0034 1C000000 		.4byte	.LFE7
 1039 0038 00000000 		.4byte	0
 1040 003c 00000000 		.4byte	0
 1041              		.section	.debug_line,"",%progbits
 1042              	.Ldebug_line0:
 1043 0000 F8000000 		.section	.debug_str,"MS",%progbits,1
 1043      02004A00 
 1043      00000201 
 1043      FB0E0D00 
 1043      01010101 
 1044              	.LASF15:
 1045 0000 72656733 		.ascii	"reg32\000"
 1045      3200
 1046              	.LASF39:
 1047 0006 433A5C55 		.ascii	"C:\\Users\\fneves\\Documents\\PSoC Creator\\wp_1\\e"
 1047      73657273 
 1047      5C666E65 
 1047      7665735C 
 1047      446F6375 
 1048 0033 6E67696E 		.ascii	"ngine_speed_sensor.cydsn\000"
 1048      655F7370 
 1048      6565645F 
 1048      73656E73 
 1048      6F722E63 
 1049              	.LASF33:
 1050 004c 455A4932 		.ascii	"EZI2C_1_bufSizeBuf1\000"
 1050      435F315F 
 1050      62756653 
 1050      697A6542 
 1050      75663100 
 1051              	.LASF3:
 1052 0060 73686F72 		.ascii	"short unsigned int\000"
 1052      7420756E 
 1052      7369676E 
 1052      65642069 
 1052      6E7400
 1053              	.LASF27:
 1054 0073 7277426F 		.ascii	"rwBoundary\000"
 1054      756E6461 
 1054      727900
 1055              	.LASF19:
 1056 007e 73746174 		.ascii	"status\000"
 1056      757300
 1057              	.LASF12:
 1058 0085 666C6F61 		.ascii	"float\000"
 1058      7400
 1059              	.LASF1:
 1060 008b 756E7369 		.ascii	"unsigned char\000"
 1060      676E6564 
 1060      20636861 
ARM GAS  C:\Users\fneves\AppData\Local\Temp\cclf4sHE.s 			page 29


 1060      7200
 1061              	.LASF25:
 1062 0099 455A4932 		.ascii	"EZI2C_1_EzI2CSetBuffer1\000"
 1062      435F315F 
 1062      457A4932 
 1062      43536574 
 1062      42756666 
 1063              	.LASF5:
 1064 00b1 6C6F6E67 		.ascii	"long unsigned int\000"
 1064      20756E73 
 1064      69676E65 
 1064      6420696E 
 1064      7400
 1065              	.LASF9:
 1066 00c3 75696E74 		.ascii	"uint8\000"
 1066      3800
 1067              	.LASF38:
 1068 00c9 47656E65 		.ascii	"Generated_Source\\PSoC4\\EZI2C_1_EZI2C.c\000"
 1068      72617465 
 1068      645F536F 
 1068      75726365 
 1068      5C50536F 
 1069              	.LASF13:
 1070 00f0 646F7562 		.ascii	"double\000"
 1070      6C6500
 1071              	.LASF30:
 1072 00f7 455A4932 		.ascii	"EZI2C_1_curStatus\000"
 1072      435F315F 
 1072      63757253 
 1072      74617475 
 1072      7300
 1073              	.LASF10:
 1074 0109 75696E74 		.ascii	"uint16\000"
 1074      313600
 1075              	.LASF11:
 1076 0110 75696E74 		.ascii	"uint32\000"
 1076      333200
 1077              	.LASF8:
 1078 0117 756E7369 		.ascii	"unsigned int\000"
 1078      676E6564 
 1078      20696E74 
 1078      00
 1079              	.LASF34:
 1080 0124 455A4932 		.ascii	"EZI2C_1_protectBuf1\000"
 1080      435F315F 
 1080      70726F74 
 1080      65637442 
 1080      75663100 
 1081              	.LASF23:
 1082 0138 61646472 		.ascii	"address\000"
 1082      65737300 
 1083              	.LASF7:
 1084 0140 6C6F6E67 		.ascii	"long long unsigned int\000"
 1084      206C6F6E 
 1084      6720756E 
 1084      7369676E 
 1084      65642069 
ARM GAS  C:\Users\fneves\AppData\Local\Temp\cclf4sHE.s 			page 30


 1085              	.LASF37:
 1086 0157 474E5520 		.ascii	"GNU C 4.9.3 20150303 (release) [ARM/embedded-4_9-br"
 1086      4320342E 
 1086      392E3320 
 1086      32303135 
 1086      30333033 
 1087 018a 616E6368 		.ascii	"anch revision 221220] -mcpu=cortex-m0plus -mthumb -"
 1087      20726576 
 1087      6973696F 
 1087      6E203232 
 1087      31323230 
 1088 01bd 67202D4F 		.ascii	"g -O0 -ffunction-sections -ffat-lto-objects\000"
 1088      30202D66 
 1088      66756E63 
 1088      74696F6E 
 1088      2D736563 
 1089              	.LASF21:
 1090 01e9 455A4932 		.ascii	"EZI2C_1_EzI2CGetActivity\000"
 1090      435F315F 
 1090      457A4932 
 1090      43476574 
 1090      41637469 
 1091              	.LASF22:
 1092 0202 455A4932 		.ascii	"EZI2C_1_EzI2CGetAddress1\000"
 1092      435F315F 
 1092      457A4932 
 1092      43476574 
 1092      41646472 
 1093              	.LASF28:
 1094 021b 62756666 		.ascii	"buffer\000"
 1094      657200
 1095              	.LASF16:
 1096 0222 73697A65 		.ascii	"sizetype\000"
 1096      74797065 
 1096      00
 1097              	.LASF6:
 1098 022b 6C6F6E67 		.ascii	"long long int\000"
 1098      206C6F6E 
 1098      6720696E 
 1098      7400
 1099              	.LASF18:
 1100 0239 455A4932 		.ascii	"EZI2C_1_EzI2CStop\000"
 1100      435F315F 
 1100      457A4932 
 1100      4353746F 
 1100      7000
 1101              	.LASF32:
 1102 024b 455A4932 		.ascii	"EZI2C_1_dataBuffer1\000"
 1102      435F315F 
 1102      64617461 
 1102      42756666 
 1102      65723100 
 1103              	.LASF31:
 1104 025f 455A4932 		.ascii	"EZI2C_1_fsmState\000"
 1104      435F315F 
 1104      66736D53 
 1104      74617465 
ARM GAS  C:\Users\fneves\AppData\Local\Temp\cclf4sHE.s 			page 31


 1104      00
 1105              	.LASF2:
 1106 0270 73686F72 		.ascii	"short int\000"
 1106      7420696E 
 1106      7400
 1107              	.LASF26:
 1108 027a 62756653 		.ascii	"bufSize\000"
 1108      697A6500 
 1109              	.LASF36:
 1110 0282 455A4932 		.ascii	"EZI2C_1_indexBuf1\000"
 1110      435F315F 
 1110      696E6465 
 1110      78427566 
 1110      3100
 1111              	.LASF24:
 1112 0294 455A4932 		.ascii	"EZI2C_1_EzI2CSetAddress1\000"
 1112      435F315F 
 1112      457A4932 
 1112      43536574 
 1112      41646472 
 1113              	.LASF4:
 1114 02ad 6C6F6E67 		.ascii	"long int\000"
 1114      20696E74 
 1114      00
 1115              	.LASF14:
 1116 02b6 63686172 		.ascii	"char\000"
 1116      00
 1117              	.LASF20:
 1118 02bb 6D617463 		.ascii	"matchReg\000"
 1118      68526567 
 1118      00
 1119              	.LASF0:
 1120 02c4 7369676E 		.ascii	"signed char\000"
 1120      65642063 
 1120      68617200 
 1121              	.LASF17:
 1122 02d0 455A4932 		.ascii	"EZI2C_1_EzI2CInit\000"
 1122      435F315F 
 1122      457A4932 
 1122      43496E69 
 1122      7400
 1123              	.LASF29:
 1124 02e2 455A4932 		.ascii	"EZI2C_1_EzI2CSetReadBoundaryBuffer1\000"
 1124      435F315F 
 1124      457A4932 
 1124      43536574 
 1124      52656164 
 1125              	.LASF35:
 1126 0306 455A4932 		.ascii	"EZI2C_1_offsetBuf1\000"
 1126      435F315F 
 1126      6F666673 
 1126      65744275 
 1126      663100
 1127              		.ident	"GCC: (GNU Tools for ARM Embedded Processors) 4.9.3 20150303 (release) [ARM/embedded-4_9-br
